# To display the perf.data header info, please use --header/--header-only options.
#
#
# Total Lost Samples: 0
#
# Samples: 339  of event 'cycles'
# Event count (approx.): 235432362
#
# Children      Self  Command  Shared Object         Symbol                                
# ........  ........  .......  ....................  ......................................
#
    93.61%     0.00%  c2d      libc.so.6             [.] 0x00007fe03204624a
91.22% 0x7fe03204624a;main;cnf2ddnnf_cmd_line;free_cache_manager
0.31% 0x7fe03204624a;main;cnf2ddnnf_cmd_line;free_cache_manager;asm_exc_page_fault;exc_page_fault;do_user_addr_fault;handle_mm_fault;__handle_mm_fault;do_huge_pmd_anonymous_page;pte_alloc_one;alloc_pages;policy_node;_find_first_bit
0.31% 0x7fe03204624a;main;cnf2ddnnf_cmd_line;free_cache_manager;asm_exc_page_fault;exc_page_fault;do_user_addr_fault;handle_mm_fault;__handle_mm_fault;do_huge_pmd_anonymous_page;pte_alloc_one;mod_lruvec_page_state.constprop.0;__mod_lruvec_page_state
0.31% 0x7fe03204624a;main;cnf2ddnnf_cmd_line;free_cache_manager;asm_exc_page_fault;exc_page_fault;do_user_addr_fault;handle_mm_fault;__handle_mm_fault;do_huge_pmd_anonymous_page;pte_alloc_one;alloc_pages;policy_node
0.30% 0x7fe03204624a;main;cnf2ddnnf_cmd_line;compile_cnf;compile_dt;compile_decomposed;lookup_or_compile_dt;compile_dt;compile_dt;compile_decomposed;lookup_or_compile_dt;compile_dt;compile_dt;compile_decomposed;lookup_or_compile_dt;compile_dt;compile_dt;compile_decomposed;lookup_or_compile_dt;compile_decomposed;lookup_or_compile_dt;compile_decomposed;lookup_or_compile_dt;compile_decomposed;lookup_or_compile_dt;compile_decomposed;lookup_or_compile_dt;compile_dt;compile_dt;compile_decomposed;lookup_or_compile_dt;compile_decomposed;lookup_or_compile_dt;compile_decomposed;lookup_or_compile_dt;compile_decomposed;lookup_or_compile_dt;compile_dt;select_separator;update_separator_score
0.30% 0x7fe03204624a;main;cnf2ddnnf_cmd_line;compile_cnf;compile_dt;compile_decomposed;lookup_or_compile_dt;compile_dt;compile_dt;compile_decomposed;lookup_or_compile_dt;compile_dt;compile_dt;compile_decomposed;conjoin_nnfs_lits;conjoin_relevant_lits;get_and_node;asm_exc_page_fault;exc_page_fault;do_user_addr_fault;handle_mm_fault;__handle_mm_fault;wp_page_copy;vma_alloc_folio;__folio_alloc;__alloc_pages;get_page_from_freelist;rmqueue_bulk;__list_del_entry_valid
0.30% 0x7fe03204624a;main;cnf2ddnnf_cmd_line;compile_cnf;compile_dt;compile_decomposed;lookup_or_compile_dt;compile_dt;compile_dt;compile_decomposed;lookup_or_compile_dt;compile_dt;compile_dt;compile_decomposed;conjoin_nnfs_lits;conjoin_relevant_lits;get_and_node;asm_exc_page_fault;exc_page_fault;do_user_addr_fault;handle_mm_fault;__handle_mm_fault;do_huge_pmd_wp_page;__split_huge_pmd
0.29% 0x7fe03204624a;main;cnf2ddnnf_cmd_line;compile_cnf;compile_dt;compile_decomposed;lookup_or_compile_dt;compile_dt;select_separator;update_separator_score;log2;asm_exc_page_fault;exc_page_fault;do_user_addr_fault;handle_mm_fault;__handle_mm_fault;do_fault;filemap_map_pages
0.28% 0x7fe03204624a;main;get_cnf_from_file
    93.61%     0.00%  c2d      c2d                   [.] main
91.22% main;cnf2ddnnf_cmd_line;free_cache_manager
0.31% main;cnf2ddnnf_cmd_line;free_cache_manager;asm_exc_page_fault;exc_page_fault;do_user_addr_fault;handle_mm_fault;__handle_mm_fault;do_huge_pmd_anonymous_page;pte_alloc_one;alloc_pages;policy_node;_find_first_bit
0.31% main;cnf2ddnnf_cmd_line;free_cache_manager;asm_exc_page_fault;exc_page_fault;do_user_addr_fault;handle_mm_fault;__handle_mm_fault;do_huge_pmd_anonymous_page;pte_alloc_one;mod_lruvec_page_state.constprop.0;__mod_lruvec_page_state
0.31% main;cnf2ddnnf_cmd_line;free_cache_manager;asm_exc_page_fault;exc_page_fault;do_user_addr_fault;handle_mm_fault;__handle_mm_fault;do_huge_pmd_anonymous_page;pte_alloc_one;alloc_pages;policy_node
0.30% main;cnf2ddnnf_cmd_line;compile_cnf;compile_dt;compile_decomposed;lookup_or_compile_dt;compile_dt;compile_dt;compile_decomposed;lookup_or_compile_dt;compile_dt;compile_dt;compile_decomposed;lookup_or_compile_dt;compile_dt;compile_dt;compile_decomposed;lookup_or_compile_dt;compile_decomposed;lookup_or_compile_dt;compile_decomposed;lookup_or_compile_dt;compile_decomposed;lookup_or_compile_dt;compile_decomposed;lookup_or_compile_dt;compile_dt;compile_dt;compile_decomposed;lookup_or_compile_dt;compile_decomposed;lookup_or_compile_dt;compile_decomposed;lookup_or_compile_dt;compile_decomposed;lookup_or_compile_dt;compile_dt;select_separator;update_separator_score
0.30% main;cnf2ddnnf_cmd_line;compile_cnf;compile_dt;compile_decomposed;lookup_or_compile_dt;compile_dt;compile_dt;compile_decomposed;lookup_or_compile_dt;compile_dt;compile_dt;compile_decomposed;conjoin_nnfs_lits;conjoin_relevant_lits;get_and_node;asm_exc_page_fault;exc_page_fault;do_user_addr_fault;handle_mm_fault;__handle_mm_fault;wp_page_copy;vma_alloc_folio;__folio_alloc;__alloc_pages;get_page_from_freelist;rmqueue_bulk;__list_del_entry_valid
0.30% main;cnf2ddnnf_cmd_line;compile_cnf;compile_dt;compile_decomposed;lookup_or_compile_dt;compile_dt;compile_dt;compile_decomposed;lookup_or_compile_dt;compile_dt;compile_dt;compile_decomposed;conjoin_nnfs_lits;conjoin_relevant_lits;get_and_node;asm_exc_page_fault;exc_page_fault;do_user_addr_fault;handle_mm_fault;__handle_mm_fault;do_huge_pmd_wp_page;__split_huge_pmd
0.29% main;cnf2ddnnf_cmd_line;compile_cnf;compile_dt;compile_decomposed;lookup_or_compile_dt;compile_dt;select_separator;update_separator_score;log2;asm_exc_page_fault;exc_page_fault;do_user_addr_fault;handle_mm_fault;__handle_mm_fault;do_fault;filemap_map_pages
0.28% main;get_cnf_from_file
    93.33%     0.00%  c2d      c2d                   [.] cnf2ddnnf_cmd_line
91.22% cnf2ddnnf_cmd_line;free_cache_manager
0.31% cnf2ddnnf_cmd_line;free_cache_manager;asm_exc_page_fault;exc_page_fault;do_user_addr_fault;handle_mm_fault;__handle_mm_fault;do_huge_pmd_anonymous_page;pte_alloc_one;alloc_pages;policy_node;_find_first_bit
0.31% cnf2ddnnf_cmd_line;free_cache_manager;asm_exc_page_fault;exc_page_fault;do_user_addr_fault;handle_mm_fault;__handle_mm_fault;do_huge_pmd_anonymous_page;pte_alloc_one;mod_lruvec_page_state.constprop.0;__mod_lruvec_page_state
0.31% cnf2ddnnf_cmd_line;free_cache_manager;asm_exc_page_fault;exc_page_fault;do_user_addr_fault;handle_mm_fault;__handle_mm_fault;do_huge_pmd_anonymous_page;pte_alloc_one;alloc_pages;policy_node
0.30% cnf2ddnnf_cmd_line;compile_cnf;compile_dt;compile_decomposed;lookup_or_compile_dt;compile_dt;compile_dt;compile_decomposed;lookup_or_compile_dt;compile_dt;compile_dt;compile_decomposed;lookup_or_compile_dt;compile_dt;compile_dt;compile_decomposed;lookup_or_compile_dt;compile_decomposed;lookup_or_compile_dt;compile_decomposed;lookup_or_compile_dt;compile_decomposed;lookup_or_compile_dt;compile_decomposed;lookup_or_compile_dt;compile_dt;compile_dt;compile_decomposed;lookup_or_compile_dt;compile_decomposed;lookup_or_compile_dt;compile_decomposed;lookup_or_compile_dt;compile_decomposed;lookup_or_compile_dt;compile_dt;select_separator;update_separator_score
0.30% cnf2ddnnf_cmd_line;compile_cnf;compile_dt;compile_decomposed;lookup_or_compile_dt;compile_dt;compile_dt;compile_decomposed;lookup_or_compile_dt;compile_dt;compile_dt;compile_decomposed;conjoin_nnfs_lits;conjoin_relevant_lits;get_and_node;asm_exc_page_fault;exc_page_fault;do_user_addr_fault;handle_mm_fault;__handle_mm_fault;wp_page_copy;vma_alloc_folio;__folio_alloc;__alloc_pages;get_page_from_freelist;rmqueue_bulk;__list_del_entry_valid
0.30% cnf2ddnnf_cmd_line;compile_cnf;compile_dt;compile_decomposed;lookup_or_compile_dt;compile_dt;compile_dt;compile_decomposed;lookup_or_compile_dt;compile_dt;compile_dt;compile_decomposed;conjoin_nnfs_lits;conjoin_relevant_lits;get_and_node;asm_exc_page_fault;exc_page_fault;do_user_addr_fault;handle_mm_fault;__handle_mm_fault;do_huge_pmd_wp_page;__split_huge_pmd
0.29% cnf2ddnnf_cmd_line;compile_cnf;compile_dt;compile_decomposed;lookup_or_compile_dt;compile_dt;select_separator;update_separator_score;log2;asm_exc_page_fault;exc_page_fault;do_user_addr_fault;handle_mm_fault;__handle_mm_fault;do_fault;filemap_map_pages
    92.14%    91.22%  c2d      c2d                   [.] free_cache_manager
91.22% 0x7fe03204624a;main;cnf2ddnnf_cmd_line;free_cache_manager
0.31% free_cache_manager;asm_exc_page_fault;exc_page_fault;do_user_addr_fault;handle_mm_fault;__handle_mm_fault;do_huge_pmd_anonymous_page;pte_alloc_one;alloc_pages;policy_node;_find_first_bit
0.31% free_cache_manager;asm_exc_page_fault;exc_page_fault;do_user_addr_fault;handle_mm_fault;__handle_mm_fault;do_huge_pmd_anonymous_page;pte_alloc_one;mod_lruvec_page_state.constprop.0;__mod_lruvec_page_state
0.31% free_cache_manager;asm_exc_page_fault;exc_page_fault;do_user_addr_fault;handle_mm_fault;__handle_mm_fault;do_huge_pmd_anonymous_page;pte_alloc_one;alloc_pages;policy_node
     2.94%     0.00%  c2d      [kernel.kallsyms]     [k] asm_exc_page_fault
0.31% asm_exc_page_fault;exc_page_fault;do_user_addr_fault;handle_mm_fault;__handle_mm_fault;do_huge_pmd_anonymous_page;pte_alloc_one;alloc_pages;policy_node;_find_first_bit
0.31% asm_exc_page_fault;exc_page_fault;do_user_addr_fault;handle_mm_fault;__handle_mm_fault;do_huge_pmd_anonymous_page;pte_alloc_one;mod_lruvec_page_state.constprop.0;__mod_lruvec_page_state
0.31% asm_exc_page_fault;exc_page_fault;do_user_addr_fault;handle_mm_fault;__handle_mm_fault;do_huge_pmd_anonymous_page;pte_alloc_one;alloc_pages;policy_node
0.30% asm_exc_page_fault;exc_page_fault;do_user_addr_fault;handle_mm_fault;__handle_mm_fault;wp_page_copy;vma_alloc_folio;__folio_alloc;__alloc_pages;get_page_from_freelist;rmqueue_bulk;__list_del_entry_valid
0.30% asm_exc_page_fault;exc_page_fault;do_user_addr_fault;handle_mm_fault;__handle_mm_fault;do_huge_pmd_wp_page;__split_huge_pmd
0.29% asm_exc_page_fault;exc_page_fault;do_user_addr_fault;handle_mm_fault;__handle_mm_fault;do_fault;filemap_map_pages
0.29% asm_exc_page_fault;exc_page_fault;do_user_addr_fault;handle_mm_fault;__handle_mm_fault;vma_alloc_folio;__folio_alloc;__alloc_pages;get_page_from_freelist;clear_page_rep
0.29% asm_exc_page_fault;exc_page_fault;do_user_addr_fault;handle_mm_fault;__handle_mm_fault;__mem_cgroup_charge;__rcu_read_lock
0.28% asm_exc_page_fault;exc_page_fault;do_user_addr_fault;handle_mm_fault;__handle_mm_fault;vma_alloc_folio
0.27% asm_exc_page_fault;exc_page_fault;do_user_addr_fault;handle_mm_fault;__handle_mm_fault;do_fault;xfs_filemap_map_pages;filemap_map_pages;do_set_pte;page_add_file_rmap;__mod_lruvec_page_state
     2.94%     0.00%  c2d      [kernel.kallsyms]     [k] exc_page_fault
0.31% exc_page_fault;do_user_addr_fault;handle_mm_fault;__handle_mm_fault;do_huge_pmd_anonymous_page;pte_alloc_one;alloc_pages;policy_node;_find_first_bit
0.31% exc_page_fault;do_user_addr_fault;handle_mm_fault;__handle_mm_fault;do_huge_pmd_anonymous_page;pte_alloc_one;mod_lruvec_page_state.constprop.0;__mod_lruvec_page_state
0.31% exc_page_fault;do_user_addr_fault;handle_mm_fault;__handle_mm_fault;do_huge_pmd_anonymous_page;pte_alloc_one;alloc_pages;policy_node
0.30% exc_page_fault;do_user_addr_fault;handle_mm_fault;__handle_mm_fault;wp_page_copy;vma_alloc_folio;__folio_alloc;__alloc_pages;get_page_from_freelist;rmqueue_bulk;__list_del_entry_valid
0.30% exc_page_fault;do_user_addr_fault;handle_mm_fault;__handle_mm_fault;do_huge_pmd_wp_page;__split_huge_pmd
0.29% exc_page_fault;do_user_addr_fault;handle_mm_fault;__handle_mm_fault;do_fault;filemap_map_pages
0.29% exc_page_fault;do_user_addr_fault;handle_mm_fault;__handle_mm_fault;vma_alloc_folio;__folio_alloc;__alloc_pages;get_page_from_freelist;clear_page_rep
0.29% exc_page_fault;do_user_addr_fault;handle_mm_fault;__handle_mm_fault;__mem_cgroup_charge;__rcu_read_lock
0.28% exc_page_fault;do_user_addr_fault;handle_mm_fault;__handle_mm_fault;vma_alloc_folio
0.27% exc_page_fault;do_user_addr_fault;handle_mm_fault;__handle_mm_fault;do_fault;xfs_filemap_map_pages;filemap_map_pages;do_set_pte;page_add_file_rmap;__mod_lruvec_page_state
     2.94%     0.00%  c2d      [kernel.kallsyms]     [k] do_user_addr_fault
0.31% do_user_addr_fault;handle_mm_fault;__handle_mm_fault;do_huge_pmd_anonymous_page;pte_alloc_one;alloc_pages;policy_node;_find_first_bit
0.31% do_user_addr_fault;handle_mm_fault;__handle_mm_fault;do_huge_pmd_anonymous_page;pte_alloc_one;mod_lruvec_page_state.constprop.0;__mod_lruvec_page_state
0.31% do_user_addr_fault;handle_mm_fault;__handle_mm_fault;do_huge_pmd_anonymous_page;pte_alloc_one;alloc_pages;policy_node
0.30% do_user_addr_fault;handle_mm_fault;__handle_mm_fault;wp_page_copy;vma_alloc_folio;__folio_alloc;__alloc_pages;get_page_from_freelist;rmqueue_bulk;__list_del_entry_valid
0.30% do_user_addr_fault;handle_mm_fault;__handle_mm_fault;do_huge_pmd_wp_page;__split_huge_pmd
0.29% do_user_addr_fault;handle_mm_fault;__handle_mm_fault;do_fault;filemap_map_pages
0.29% do_user_addr_fault;handle_mm_fault;__handle_mm_fault;vma_alloc_folio;__folio_alloc;__alloc_pages;get_page_from_freelist;clear_page_rep
0.29% do_user_addr_fault;handle_mm_fault;__handle_mm_fault;__mem_cgroup_charge;__rcu_read_lock
0.28% do_user_addr_fault;handle_mm_fault;__handle_mm_fault;vma_alloc_folio
0.27% do_user_addr_fault;handle_mm_fault;__handle_mm_fault;do_fault;xfs_filemap_map_pages;filemap_map_pages;do_set_pte;page_add_file_rmap;__mod_lruvec_page_state
     2.94%     0.00%  c2d      [kernel.kallsyms]     [k] handle_mm_fault
0.31% handle_mm_fault;__handle_mm_fault;do_huge_pmd_anonymous_page;pte_alloc_one;alloc_pages;policy_node;_find_first_bit
0.31% handle_mm_fault;__handle_mm_fault;do_huge_pmd_anonymous_page;pte_alloc_one;mod_lruvec_page_state.constprop.0;__mod_lruvec_page_state
0.31% handle_mm_fault;__handle_mm_fault;do_huge_pmd_anonymous_page;pte_alloc_one;alloc_pages;policy_node
0.30% handle_mm_fault;__handle_mm_fault;wp_page_copy;vma_alloc_folio;__folio_alloc;__alloc_pages;get_page_from_freelist;rmqueue_bulk;__list_del_entry_valid
0.30% handle_mm_fault;__handle_mm_fault;do_huge_pmd_wp_page;__split_huge_pmd
0.29% handle_mm_fault;__handle_mm_fault;do_fault;filemap_map_pages
0.29% handle_mm_fault;__handle_mm_fault;vma_alloc_folio;__folio_alloc;__alloc_pages;get_page_from_freelist;clear_page_rep
0.29% handle_mm_fault;__handle_mm_fault;__mem_cgroup_charge;__rcu_read_lock
0.28% handle_mm_fault;__handle_mm_fault;vma_alloc_folio
0.27% handle_mm_fault;__handle_mm_fault;do_fault;xfs_filemap_map_pages;filemap_map_pages;do_set_pte;page_add_file_rmap;__mod_lruvec_page_state
     2.94%     0.00%  c2d      [kernel.kallsyms]     [k] __handle_mm_fault
0.31% __handle_mm_fault;do_huge_pmd_anonymous_page;pte_alloc_one;alloc_pages;policy_node;_find_first_bit
0.31% __handle_mm_fault;do_huge_pmd_anonymous_page;pte_alloc_one;mod_lruvec_page_state.constprop.0;__mod_lruvec_page_state
0.31% __handle_mm_fault;do_huge_pmd_anonymous_page;pte_alloc_one;alloc_pages;policy_node
0.30% __handle_mm_fault;wp_page_copy;vma_alloc_folio;__folio_alloc;__alloc_pages;get_page_from_freelist;rmqueue_bulk;__list_del_entry_valid
0.30% __handle_mm_fault;do_huge_pmd_wp_page;__split_huge_pmd
0.29% __handle_mm_fault;do_fault;filemap_map_pages
0.29% __handle_mm_fault;vma_alloc_folio;__folio_alloc;__alloc_pages;get_page_from_freelist;clear_page_rep
0.29% __handle_mm_fault;__mem_cgroup_charge;__rcu_read_lock
0.28% __handle_mm_fault;vma_alloc_folio
0.27% __handle_mm_fault;do_fault;xfs_filemap_map_pages;filemap_map_pages;do_set_pte;page_add_file_rmap;__mod_lruvec_page_state
     2.42%     0.00%  c2d      [kernel.kallsyms]     [k] entry_SYSCALL_64_after_hwframe
0.31% entry_SYSCALL_64_after_hwframe;do_syscall_64;__x64_sys_munmap;__vm_munmap;do_mas_munmap;do_mas_align_munmap;__split_vma;__vma_adjust;mas_store_prealloc;mas_destroy
0.30% entry_SYSCALL_64_after_hwframe;do_syscall_64;__x64_sys_exit_group;do_group_exit;do_exit;__mmput;exit_mmap;unmap_vmas;unmap_page_range
0.30% entry_SYSCALL_64_after_hwframe;do_syscall_64;__x64_sys_exit_group;do_group_exit;do_exit;__mmput;exit_mmap;tlb_finish_mmu;tlb_batch_pages_flush;release_pages;__mem_cgroup_uncharge_list;uncharge_folio
0.28% entry_SYSCALL_64_after_hwframe;do_syscall_64;__do_sys_newfstatat;vfs_fstatat;vfs_statx;filename_lookup;path_lookupat;path_init;__fget_light
0.26% entry_SYSCALL_64_after_hwframe;do_syscall_64;ksys_mmap_pgoff;vm_mmap_pgoff;do_mmap;mmap_region;vma_interval_tree_insert
0.26% entry_SYSCALL_64_after_hwframe;do_syscall_64;ksys_mmap_pgoff;vm_mmap_pgoff;security_mmap_file;apparmor_mmap_file
0.24% entry_SYSCALL_64_after_hwframe;do_syscall_64;ksys_mmap_pgoff;fget;__rcu_read_unlock
0.22% entry_SYSCALL_64_after_hwframe;do_syscall_64;syscall_exit_to_user_mode;exit_to_user_mode_prepare;task_work_run;__fput;pipe_release;free_pipe_info;__kmem_cache_free
0.17% entry_SYSCALL_64_after_hwframe;do_syscall_64;__x64_sys_execve;do_execveat_common.isra.0;bprm_execve;load_elf_binary;elf_map;vm_mmap_pgoff;ima_file_mmap;security_current_getsecid_subj
0.08% entry_SYSCALL_64_after_hwframe;do_syscall_64;__x64_sys_execve;do_execveat_common.isra.0;bprm_execve;load_elf_binary;setup_new_exec;arch_pick_mmap_layout;get_random_u64
     2.42%     0.00%  c2d      [kernel.kallsyms]     [k] do_syscall_64
0.31% do_syscall_64;__x64_sys_munmap;__vm_munmap;do_mas_munmap;do_mas_align_munmap;__split_vma;__vma_adjust;mas_store_prealloc;mas_destroy
0.30% do_syscall_64;__x64_sys_exit_group;do_group_exit;do_exit;__mmput;exit_mmap;unmap_vmas;unmap_page_range
0.30% do_syscall_64;__x64_sys_exit_group;do_group_exit;do_exit;__mmput;exit_mmap;tlb_finish_mmu;tlb_batch_pages_flush;release_pages;__mem_cgroup_uncharge_list;uncharge_folio
0.28% do_syscall_64;__do_sys_newfstatat;vfs_fstatat;vfs_statx;filename_lookup;path_lookupat;path_init;__fget_light
0.26% do_syscall_64;ksys_mmap_pgoff;vm_mmap_pgoff;do_mmap;mmap_region;vma_interval_tree_insert
0.26% do_syscall_64;ksys_mmap_pgoff;vm_mmap_pgoff;security_mmap_file;apparmor_mmap_file
0.24% do_syscall_64;ksys_mmap_pgoff;fget;__rcu_read_unlock
0.22% do_syscall_64;syscall_exit_to_user_mode;exit_to_user_mode_prepare;task_work_run;__fput;pipe_release;free_pipe_info;__kmem_cache_free
0.17% do_syscall_64;__x64_sys_execve;do_execveat_common.isra.0;bprm_execve;load_elf_binary;elf_map;vm_mmap_pgoff;ima_file_mmap;security_current_getsecid_subj
0.08% do_syscall_64;__x64_sys_execve;do_execveat_common.isra.0;bprm_execve;load_elf_binary;setup_new_exec;arch_pick_mmap_layout;get_random_u64
     1.96%     0.00%  c2d      [unknown]             [k] 0000000000000000
0.30% 0;0x7fe0325420e0;0x7fe03254413d
0.29% 0;0x7fe0320b6587
0.29% 0;0x7fe0320b70d9;asm_exc_page_fault;exc_page_fault;do_user_addr_fault;handle_mm_fault;__handle_mm_fault;vma_alloc_folio;__folio_alloc;__alloc_pages;get_page_from_freelist;clear_page_rep
0.28% 0;0x7fe0320b70d9;asm_exc_page_fault;exc_page_fault;do_user_addr_fault;handle_mm_fault;__handle_mm_fault;vma_alloc_folio
0.28% 0;fstatat64;entry_SYSCALL_64_after_hwframe;do_syscall_64;__do_sys_newfstatat;vfs_fstatat;vfs_statx;filename_lookup;path_lookupat;path_init;__fget_light
0.27% 0;_dl_allocate_tls_init
0.24% 0;0x7fe032563ae3;entry_SYSCALL_64_after_hwframe;do_syscall_64;ksys_mmap_pgoff;fget;__rcu_read_unlock
     1.18%     0.00%  c2d      c2d                   [.] compile_cnf
0.30% compile_cnf;compile_dt;compile_decomposed;lookup_or_compile_dt;compile_dt;compile_dt;compile_decomposed;lookup_or_compile_dt;compile_dt;compile_dt;compile_decomposed;lookup_or_compile_dt;compile_dt;compile_dt;compile_decomposed;lookup_or_compile_dt;compile_decomposed;lookup_or_compile_dt;compile_decomposed;lookup_or_compile_dt;compile_decomposed;lookup_or_compile_dt;compile_decomposed;lookup_or_compile_dt;compile_dt;compile_dt;compile_decomposed;lookup_or_compile_dt;compile_decomposed;lookup_or_compile_dt;compile_decomposed;lookup_or_compile_dt;compile_decomposed;lookup_or_compile_dt;compile_dt;select_separator;update_separator_score
0.30% compile_cnf;compile_dt;compile_decomposed;lookup_or_compile_dt;compile_dt;compile_dt;compile_decomposed;lookup_or_compile_dt;compile_dt;compile_dt;compile_decomposed;conjoin_nnfs_lits;conjoin_relevant_lits;get_and_node;asm_exc_page_fault;exc_page_fault;do_user_addr_fault;handle_mm_fault;__handle_mm_fault;wp_page_copy;vma_alloc_folio;__folio_alloc;__alloc_pages;get_page_from_freelist;rmqueue_bulk;__list_del_entry_valid
0.30% compile_cnf;compile_dt;compile_decomposed;lookup_or_compile_dt;compile_dt;compile_dt;compile_decomposed;lookup_or_compile_dt;compile_dt;compile_dt;compile_decomposed;conjoin_nnfs_lits;conjoin_relevant_lits;get_and_node;asm_exc_page_fault;exc_page_fault;do_user_addr_fault;handle_mm_fault;__handle_mm_fault;do_huge_pmd_wp_page;__split_huge_pmd
0.29% compile_cnf;compile_dt;compile_decomposed;lookup_or_compile_dt;compile_dt;select_separator;update_separator_score;log2;asm_exc_page_fault;exc_page_fault;do_user_addr_fault;handle_mm_fault;__handle_mm_fault;do_fault;filemap_map_pages
     1.18%     0.00%  c2d      c2d                   [.] compile_dt
0.30% compile_dt;compile_decomposed;lookup_or_compile_dt;compile_dt;compile_dt;compile_decomposed;lookup_or_compile_dt;compile_dt;compile_dt;compile_decomposed;lookup_or_compile_dt;compile_dt;compile_dt;compile_decomposed;lookup_or_compile_dt;compile_decomposed;lookup_or_compile_dt;compile_decomposed;lookup_or_compile_dt;compile_decomposed;lookup_or_compile_dt;compile_decomposed;lookup_or_compile_dt;compile_dt;compile_dt;compile_decomposed;lookup_or_compile_dt;compile_decomposed;lookup_or_compile_dt;compile_decomposed;lookup_or_compile_dt;compile_decomposed;lookup_or_compile_dt;compile_dt;select_separator;update_separator_score
0.30% compile_dt;compile_decomposed;lookup_or_compile_dt;compile_dt;compile_dt;compile_decomposed;lookup_or_compile_dt;compile_dt;compile_dt;compile_decomposed;conjoin_nnfs_lits;conjoin_relevant_lits;get_and_node;asm_exc_page_fault;exc_page_fault;do_user_addr_fault;handle_mm_fault;__handle_mm_fault;wp_page_copy;vma_alloc_folio;__folio_alloc;__alloc_pages;get_page_from_freelist;rmqueue_bulk;__list_del_entry_valid
0.30% compile_dt;compile_decomposed;lookup_or_compile_dt;compile_dt;compile_dt;compile_decomposed;lookup_or_compile_dt;compile_dt;compile_dt;compile_decomposed;conjoin_nnfs_lits;conjoin_relevant_lits;get_and_node;asm_exc_page_fault;exc_page_fault;do_user_addr_fault;handle_mm_fault;__handle_mm_fault;do_huge_pmd_wp_page;__split_huge_pmd
0.29% compile_dt;compile_decomposed;lookup_or_compile_dt;compile_dt;select_separator;update_separator_score;log2;asm_exc_page_fault;exc_page_fault;do_user_addr_fault;handle_mm_fault;__handle_mm_fault;do_fault;filemap_map_pages
     1.18%     0.00%  c2d      c2d                   [.] compile_decomposed
0.30% compile_decomposed;lookup_or_compile_dt;compile_dt;compile_dt;compile_decomposed;lookup_or_compile_dt;compile_dt;compile_dt;compile_decomposed;lookup_or_compile_dt;compile_dt;compile_dt;compile_decomposed;lookup_or_compile_dt;compile_decomposed;lookup_or_compile_dt;compile_decomposed;lookup_or_compile_dt;compile_decomposed;lookup_or_compile_dt;compile_decomposed;lookup_or_compile_dt;compile_dt;compile_dt;compile_decomposed;lookup_or_compile_dt;compile_decomposed;lookup_or_compile_dt;compile_decomposed;lookup_or_compile_dt;compile_decomposed;lookup_or_compile_dt;compile_dt;select_separator;update_separator_score
0.30% compile_decomposed;lookup_or_compile_dt;compile_dt;compile_dt;compile_decomposed;lookup_or_compile_dt;compile_dt;compile_dt;compile_decomposed;conjoin_nnfs_lits;conjoin_relevant_lits;get_and_node;asm_exc_page_fault;exc_page_fault;do_user_addr_fault;handle_mm_fault;__handle_mm_fault;wp_page_copy;vma_alloc_folio;__folio_alloc;__alloc_pages;get_page_from_freelist;rmqueue_bulk;__list_del_entry_valid
0.30% compile_decomposed;lookup_or_compile_dt;compile_dt;compile_dt;compile_decomposed;lookup_or_compile_dt;compile_dt;compile_dt;compile_decomposed;conjoin_nnfs_lits;conjoin_relevant_lits;get_and_node;asm_exc_page_fault;exc_page_fault;do_user_addr_fault;handle_mm_fault;__handle_mm_fault;do_huge_pmd_wp_page;__split_huge_pmd
0.29% compile_decomposed;lookup_or_compile_dt;compile_dt;select_separator;update_separator_score;log2;asm_exc_page_fault;exc_page_fault;do_user_addr_fault;handle_mm_fault;__handle_mm_fault;do_fault;filemap_map_pages
     1.18%     0.00%  c2d      c2d                   [.] lookup_or_compile_dt
0.30% lookup_or_compile_dt;compile_dt;compile_dt;compile_decomposed;lookup_or_compile_dt;compile_dt;compile_dt;compile_decomposed;lookup_or_compile_dt;compile_dt;compile_dt;compile_decomposed;lookup_or_compile_dt;compile_decomposed;lookup_or_compile_dt;compile_decomposed;lookup_or_compile_dt;compile_decomposed;lookup_or_compile_dt;compile_decomposed;lookup_or_compile_dt;compile_dt;compile_dt;compile_decomposed;lookup_or_compile_dt;compile_decomposed;lookup_or_compile_dt;compile_decomposed;lookup_or_compile_dt;compile_decomposed;lookup_or_compile_dt;compile_dt;select_separator;update_separator_score
0.30% lookup_or_compile_dt;compile_dt;compile_dt;compile_decomposed;lookup_or_compile_dt;compile_dt;compile_dt;compile_decomposed;conjoin_nnfs_lits;conjoin_relevant_lits;get_and_node;asm_exc_page_fault;exc_page_fault;do_user_addr_fault;handle_mm_fault;__handle_mm_fault;wp_page_copy;vma_alloc_folio;__folio_alloc;__alloc_pages;get_page_from_freelist;rmqueue_bulk;__list_del_entry_valid
0.30% lookup_or_compile_dt;compile_dt;compile_dt;compile_decomposed;lookup_or_compile_dt;compile_dt;compile_dt;compile_decomposed;conjoin_nnfs_lits;conjoin_relevant_lits;get_and_node;asm_exc_page_fault;exc_page_fault;do_user_addr_fault;handle_mm_fault;__handle_mm_fault;do_huge_pmd_wp_page;__split_huge_pmd
0.29% lookup_or_compile_dt;compile_dt;select_separator;update_separator_score;log2;asm_exc_page_fault;exc_page_fault;do_user_addr_fault;handle_mm_fault;__handle_mm_fault;do_fault;filemap_map_pages
     1.08%     0.00%  c2d      ld-linux-x86-64.so.2  [.] 0x00007fe03255da58
0.28% 0x7fe03255da58;0x7fe03255d22f;0x7fe032560c99;0x7fe032551443
0.27% 0x7fe03255da58;0x7fe03255d22f;0x7fe032560c99;0x7fe032551316
0.27% 0x7fe03255da58;0x7fe03255d22f;0x7fe032560c99;0x7fe032551354;__irqentry_text_end
0.27% 0x7fe03255da58;0x7fe03255d22f;0x7fe032560c99;0x7fe0325514b8
     1.08%     0.00%  c2d      ld-linux-x86-64.so.2  [.] 0x00007fe03255d22f
0.28% 0x7fe03255d22f;0x7fe032560c99;0x7fe032551443
0.27% 0x7fe03255d22f;0x7fe032560c99;0x7fe032551316
0.27% 0x7fe03255d22f;0x7fe032560c99;0x7fe032551354;__irqentry_text_end
0.27% 0x7fe03255d22f;0x7fe032560c99;0x7fe0325514b8
     1.08%     0.00%  c2d      ld-linux-x86-64.so.2  [.] 0x00007fe032560c99
0.28% 0x7fe032560c99;0x7fe032551443
0.27% 0x7fe032560c99;0x7fe032551316
0.27% 0x7fe032560c99;0x7fe032551354;__irqentry_text_end
0.27% 0x7fe032560c99;0x7fe0325514b8
     0.92%     0.00%  c2d      [kernel.kallsyms]     [k] do_huge_pmd_anonymous_page
0.31% do_huge_pmd_anonymous_page;pte_alloc_one;alloc_pages;policy_node;_find_first_bit
0.31% do_huge_pmd_anonymous_page;pte_alloc_one;mod_lruvec_page_state.constprop.0;__mod_lruvec_page_state
0.31% do_huge_pmd_anonymous_page;pte_alloc_one;alloc_pages;policy_node
     0.92%     0.00%  c2d      [kernel.kallsyms]     [k] pte_alloc_one
0.31% pte_alloc_one;alloc_pages;policy_node;_find_first_bit
0.31% pte_alloc_one;mod_lruvec_page_state.constprop.0;__mod_lruvec_page_state
0.31% pte_alloc_one;alloc_pages;policy_node
     0.87%     0.28%  c2d      [kernel.kallsyms]     [k] vma_alloc_folio
0.30% vma_alloc_folio;__folio_alloc;__alloc_pages;get_page_from_freelist;rmqueue_bulk;__list_del_entry_valid
0.29% vma_alloc_folio;__folio_alloc;__alloc_pages;get_page_from_freelist;clear_page_rep
0.28% 0;0x7fe0320b70d9;asm_exc_page_fault;exc_page_fault;do_user_addr_fault;handle_mm_fault;__handle_mm_fault;vma_alloc_folio
     0.76%     0.00%  c2d      ld-linux-x86-64.so.2  [.] 0x00007fe032563ae3
0.26% 0x7fe032563ae3;entry_SYSCALL_64_after_hwframe;do_syscall_64;ksys_mmap_pgoff;vm_mmap_pgoff;do_mmap;mmap_region;vma_interval_tree_insert
0.26% 0x7fe032563ae3;entry_SYSCALL_64_after_hwframe;do_syscall_64;ksys_mmap_pgoff;vm_mmap_pgoff;security_mmap_file;apparmor_mmap_file
0.24% 0x7fe032563ae3;entry_SYSCALL_64_after_hwframe;do_syscall_64;ksys_mmap_pgoff;fget;__rcu_read_unlock
     0.76%     0.00%  c2d      [kernel.kallsyms]     [k] ksys_mmap_pgoff
0.26% ksys_mmap_pgoff;vm_mmap_pgoff;do_mmap;mmap_region;vma_interval_tree_insert
0.26% ksys_mmap_pgoff;vm_mmap_pgoff;security_mmap_file;apparmor_mmap_file
0.24% ksys_mmap_pgoff;fget;__rcu_read_unlock
     0.69%     0.00%  c2d      [kernel.kallsyms]     [k] vm_mmap_pgoff
0.26% vm_mmap_pgoff;do_mmap;mmap_region;vma_interval_tree_insert
0.26% vm_mmap_pgoff;security_mmap_file;apparmor_mmap_file
0.17% vm_mmap_pgoff;ima_file_mmap;security_current_getsecid_subj
     0.61%     0.61%  c2d      [kernel.kallsyms]     [k] policy_node
0.31% 0x7fe03204624a;main;cnf2ddnnf_cmd_line;free_cache_manager;asm_exc_page_fault;exc_page_fault;do_user_addr_fault;handle_mm_fault;__handle_mm_fault;do_huge_pmd_anonymous_page;pte_alloc_one;alloc_pages;policy_node;_find_first_bit
0.31% 0x7fe03204624a;main;cnf2ddnnf_cmd_line;free_cache_manager;asm_exc_page_fault;exc_page_fault;do_user_addr_fault;handle_mm_fault;__handle_mm_fault;do_huge_pmd_anonymous_page;pte_alloc_one;alloc_pages;policy_node
     0.61%     0.00%  c2d      [kernel.kallsyms]     [k] alloc_pages
0.31% alloc_pages;policy_node;_find_first_bit
0.31% alloc_pages;policy_node
     0.61%     0.00%  c2d      [kernel.kallsyms]     [k] __x64_sys_exit_group
0.30% __x64_sys_exit_group;do_group_exit;do_exit;__mmput;exit_mmap;unmap_vmas;unmap_page_range
0.30% __x64_sys_exit_group;do_group_exit;do_exit;__mmput;exit_mmap;tlb_finish_mmu;tlb_batch_pages_flush;release_pages;__mem_cgroup_uncharge_list;uncharge_folio
     0.61%     0.00%  c2d      [kernel.kallsyms]     [k] do_group_exit
0.30% do_group_exit;do_exit;__mmput;exit_mmap;unmap_vmas;unmap_page_range
0.30% do_group_exit;do_exit;__mmput;exit_mmap;tlb_finish_mmu;tlb_batch_pages_flush;release_pages;__mem_cgroup_uncharge_list;uncharge_folio
     0.61%     0.00%  c2d      [kernel.kallsyms]     [k] do_exit
0.30% do_exit;__mmput;exit_mmap;unmap_vmas;unmap_page_range
0.30% do_exit;__mmput;exit_mmap;tlb_finish_mmu;tlb_batch_pages_flush;release_pages;__mem_cgroup_uncharge_list;uncharge_folio
     0.61%     0.00%  c2d      [kernel.kallsyms]     [k] __mmput
0.30% __mmput;exit_mmap;unmap_vmas;unmap_page_range
0.30% __mmput;exit_mmap;tlb_finish_mmu;tlb_batch_pages_flush;release_pages;__mem_cgroup_uncharge_list;uncharge_folio
     0.61%     0.00%  c2d      [kernel.kallsyms]     [k] exit_mmap
0.30% exit_mmap;unmap_vmas;unmap_page_range
0.30% exit_mmap;tlb_finish_mmu;tlb_batch_pages_flush;release_pages;__mem_cgroup_uncharge_list;uncharge_folio
     0.59%     0.00%  c2d      c2d                   [.] conjoin_nnfs_lits
0.30% conjoin_nnfs_lits;conjoin_relevant_lits;get_and_node;asm_exc_page_fault;exc_page_fault;do_user_addr_fault;handle_mm_fault;__handle_mm_fault;wp_page_copy;vma_alloc_folio;__folio_alloc;__alloc_pages;get_page_from_freelist;rmqueue_bulk;__list_del_entry_valid
0.30% conjoin_nnfs_lits;conjoin_relevant_lits;get_and_node;asm_exc_page_fault;exc_page_fault;do_user_addr_fault;handle_mm_fault;__handle_mm_fault;do_huge_pmd_wp_page;__split_huge_pmd
     0.59%     0.00%  c2d      c2d                   [.] conjoin_relevant_lits
0.30% conjoin_relevant_lits;get_and_node;asm_exc_page_fault;exc_page_fault;do_user_addr_fault;handle_mm_fault;__handle_mm_fault;wp_page_copy;vma_alloc_folio;__folio_alloc;__alloc_pages;get_page_from_freelist;rmqueue_bulk;__list_del_entry_valid
0.30% conjoin_relevant_lits;get_and_node;asm_exc_page_fault;exc_page_fault;do_user_addr_fault;handle_mm_fault;__handle_mm_fault;do_huge_pmd_wp_page;__split_huge_pmd
     0.59%     0.00%  c2d      c2d                   [.] get_and_node
0.30% get_and_node;asm_exc_page_fault;exc_page_fault;do_user_addr_fault;handle_mm_fault;__handle_mm_fault;wp_page_copy;vma_alloc_folio;__folio_alloc;__alloc_pages;get_page_from_freelist;rmqueue_bulk;__list_del_entry_valid
0.30% get_and_node;asm_exc_page_fault;exc_page_fault;do_user_addr_fault;handle_mm_fault;__handle_mm_fault;do_huge_pmd_wp_page;__split_huge_pmd
     0.59%     0.30%  c2d      c2d                   [.] update_separator_score
0.30% 0x7fe03204624a;main;cnf2ddnnf_cmd_line;compile_cnf;compile_dt;compile_decomposed;lookup_or_compile_dt;compile_dt;compile_dt;compile_decomposed;lookup_or_compile_dt;compile_dt;compile_dt;compile_decomposed;lookup_or_compile_dt;compile_dt;compile_dt;compile_decomposed;lookup_or_compile_dt;compile_decomposed;lookup_or_compile_dt;compile_decomposed;lookup_or_compile_dt;compile_decomposed;lookup_or_compile_dt;compile_decomposed;lookup_or_compile_dt;compile_dt;compile_dt;compile_decomposed;lookup_or_compile_dt;compile_decomposed;lookup_or_compile_dt;compile_decomposed;lookup_or_compile_dt;compile_decomposed;lookup_or_compile_dt;compile_dt;select_separator;update_separator_score
0.29% update_separator_score;log2;asm_exc_page_fault;exc_page_fault;do_user_addr_fault;handle_mm_fault;__handle_mm_fault;do_fault;filemap_map_pages
     0.59%     0.00%  c2d      c2d                   [.] select_separator
0.30% select_separator;update_separator_score
0.29% select_separator;update_separator_score;log2;asm_exc_page_fault;exc_page_fault;do_user_addr_fault;handle_mm_fault;__handle_mm_fault;do_fault;filemap_map_pages
     0.59%     0.00%  c2d      [kernel.kallsyms]     [k] __folio_alloc
0.30% __folio_alloc;__alloc_pages;get_page_from_freelist;rmqueue_bulk;__list_del_entry_valid
0.29% __folio_alloc;__alloc_pages;get_page_from_freelist;clear_page_rep
     0.59%     0.00%  c2d      [kernel.kallsyms]     [k] __alloc_pages
0.30% __alloc_pages;get_page_from_freelist;rmqueue_bulk;__list_del_entry_valid
0.29% __alloc_pages;get_page_from_freelist;clear_page_rep
     0.59%     0.00%  c2d      [kernel.kallsyms]     [k] get_page_from_freelist
0.30% get_page_from_freelist;rmqueue_bulk;__list_del_entry_valid
0.29% get_page_from_freelist;clear_page_rep
     0.58%     0.58%  c2d      [kernel.kallsyms]     [k] __mod_lruvec_page_state
0.31% 0x7fe03204624a;main;cnf2ddnnf_cmd_line;free_cache_manager;asm_exc_page_fault;exc_page_fault;do_user_addr_fault;handle_mm_fault;__handle_mm_fault;do_huge_pmd_anonymous_page;pte_alloc_one;mod_lruvec_page_state.constprop.0;__mod_lruvec_page_state
0.27% _start;asm_exc_page_fault;exc_page_fault;do_user_addr_fault;handle_mm_fault;__handle_mm_fault;do_fault;xfs_filemap_map_pages;filemap_map_pages;do_set_pte;page_add_file_rmap;__mod_lruvec_page_state
     0.57%     0.00%  c2d      libc.so.6             [.] 0x00007fe0320b70d9
0.29% 0x7fe0320b70d9;asm_exc_page_fault;exc_page_fault;do_user_addr_fault;handle_mm_fault;__handle_mm_fault;vma_alloc_folio;__folio_alloc;__alloc_pages;get_page_from_freelist;clear_page_rep
0.28% 0x7fe0320b70d9;asm_exc_page_fault;exc_page_fault;do_user_addr_fault;handle_mm_fault;__handle_mm_fault;vma_alloc_folio
     0.57%     0.29%  c2d      [kernel.kallsyms]     [k] filemap_map_pages
0.29% 0x7fe03204624a;main;cnf2ddnnf_cmd_line;compile_cnf;compile_dt;compile_decomposed;lookup_or_compile_dt;compile_dt;select_separator;update_separator_score;log2;asm_exc_page_fault;exc_page_fault;do_user_addr_fault;handle_mm_fault;__handle_mm_fault;do_fault;filemap_map_pages
0.27% filemap_map_pages;do_set_pte;page_add_file_rmap;__mod_lruvec_page_state
     0.57%     0.00%  c2d      [kernel.kallsyms]     [k] do_fault
0.29% do_fault;filemap_map_pages
0.27% do_fault;xfs_filemap_map_pages;filemap_map_pages;do_set_pte;page_add_file_rmap;__mod_lruvec_page_state
     0.52%     0.00%  c2d      [unknown]             [k] 0x00007fe0325768a8
0.26% 0x7fe0325768a8;0x7fe03254b075;0x7fe032563ae3;entry_SYSCALL_64_after_hwframe;do_syscall_64;ksys_mmap_pgoff;vm_mmap_pgoff;do_mmap;mmap_region;vma_interval_tree_insert
0.26% 0x7fe0325768a8;0x7fe03254b075;0x7fe032563ae3;entry_SYSCALL_64_after_hwframe;do_syscall_64;ksys_mmap_pgoff;vm_mmap_pgoff;security_mmap_file;apparmor_mmap_file
     0.52%     0.00%  c2d      ld-linux-x86-64.so.2  [.] 0x00007fe03254b075
0.26% 0x7fe03254b075;0x7fe032563ae3;entry_SYSCALL_64_after_hwframe;do_syscall_64;ksys_mmap_pgoff;vm_mmap_pgoff;do_mmap;mmap_region;vma_interval_tree_insert
0.26% 0x7fe03254b075;0x7fe032563ae3;entry_SYSCALL_64_after_hwframe;do_syscall_64;ksys_mmap_pgoff;vm_mmap_pgoff;security_mmap_file;apparmor_mmap_file
     0.31%     0.00%  c2d      [kernel.kallsyms]     [k] _find_first_bit
0.31% _find_first_bit
     0.31%     0.00%  c2d      [kernel.kallsyms]     [k] mod_lruvec_page_state.constprop.0
0.31% mod_lruvec_page_state.constprop.0;__mod_lruvec_page_state
     0.31%     0.31%  c2d      [kernel.kallsyms]     [k] mas_destroy
0.31% __munmap;entry_SYSCALL_64_after_hwframe;do_syscall_64;__x64_sys_munmap;__vm_munmap;do_mas_munmap;do_mas_align_munmap;__split_vma;__vma_adjust;mas_store_prealloc;mas_destroy
     0.31%     0.00%  c2d      libc.so.6             [.] __munmap
0.31% __munmap;entry_SYSCALL_64_after_hwframe;do_syscall_64;__x64_sys_munmap;__vm_munmap;do_mas_munmap;do_mas_align_munmap;__split_vma;__vma_adjust;mas_store_prealloc;mas_destroy
     0.31%     0.00%  c2d      [kernel.kallsyms]     [k] __x64_sys_munmap
0.31% __x64_sys_munmap;__vm_munmap;do_mas_munmap;do_mas_align_munmap;__split_vma;__vma_adjust;mas_store_prealloc;mas_destroy
     0.31%     0.00%  c2d      [kernel.kallsyms]     [k] __vm_munmap
0.31% __vm_munmap;do_mas_munmap;do_mas_align_munmap;__split_vma;__vma_adjust;mas_store_prealloc;mas_destroy
     0.31%     0.00%  c2d      [kernel.kallsyms]     [k] do_mas_munmap
0.31% do_mas_munmap;do_mas_align_munmap;__split_vma;__vma_adjust;mas_store_prealloc;mas_destroy
     0.31%     0.00%  c2d      [kernel.kallsyms]     [k] do_mas_align_munmap
0.31% do_mas_align_munmap;__split_vma;__vma_adjust;mas_store_prealloc;mas_destroy
     0.31%     0.00%  c2d      [kernel.kallsyms]     [k] __split_vma
0.31% __split_vma;__vma_adjust;mas_store_prealloc;mas_destroy
     0.31%     0.00%  c2d      [kernel.kallsyms]     [k] __vma_adjust
0.31% __vma_adjust;mas_store_prealloc;mas_destroy
     0.31%     0.00%  c2d      [kernel.kallsyms]     [k] mas_store_prealloc
0.31% mas_store_prealloc;mas_destroy
     0.31%     0.31%  c2d      libc.so.6             [.] 0x000000000009618f
0.31% 0x1;0x7fe0320b5193
     0.31%     0.00%  c2d      [unknown]             [.] 0x0000000000000001
0.31% 0x1;0x7fe0320b5193
     0.31%     0.00%  c2d      libc.so.6             [.] 0x00007fe0320b5193
0.31% 0x7fe0320b5193
     0.30%     0.30%  c2d      [kernel.kallsyms]     [k] unmap_page_range
0.30% entry_SYSCALL_64_after_hwframe;do_syscall_64;__x64_sys_exit_group;do_group_exit;do_exit;__mmput;exit_mmap;unmap_vmas;unmap_page_range
     0.30%     0.00%  c2d      [kernel.kallsyms]     [k] unmap_vmas
0.30% unmap_vmas;unmap_page_range
     0.30%     0.30%  c2d      ld-linux-x86-64.so.2  [.] 0x0000000000001136
0.30% 0;0x7fe0325420e0;0x7fe03254413d
     0.30%     0.00%  c2d      [unknown]             [.] 0x00007fe0325420e0
0.30% 0x7fe0325420e0;0x7fe03254413d
     0.30%     0.00%  c2d      ld-linux-x86-64.so.2  [.] 0x00007fe03254413d
0.30% 0x7fe03254413d
     0.30%     0.30%  c2d      [kernel.kallsyms]     [k] uncharge_folio
0.30% entry_SYSCALL_64_after_hwframe;do_syscall_64;__x64_sys_exit_group;do_group_exit;do_exit;__mmput;exit_mmap;tlb_finish_mmu;tlb_batch_pages_flush;release_pages;__mem_cgroup_uncharge_list;uncharge_folio
     0.30%     0.00%  c2d      [kernel.kallsyms]     [k] tlb_finish_mmu
0.30% tlb_finish_mmu;tlb_batch_pages_flush;release_pages;__mem_cgroup_uncharge_list;uncharge_folio
     0.30%     0.00%  c2d      [kernel.kallsyms]     [k] tlb_batch_pages_flush
0.30% tlb_batch_pages_flush;release_pages;__mem_cgroup_uncharge_list;uncharge_folio
     0.30%     0.00%  c2d      [kernel.kallsyms]     [k] release_pages
0.30% release_pages;__mem_cgroup_uncharge_list;uncharge_folio
     0.30%     0.00%  c2d      [kernel.kallsyms]     [k] __mem_cgroup_uncharge_list
0.30% __mem_cgroup_uncharge_list;uncharge_folio
     0.30%     0.30%  c2d      [kernel.kallsyms]     [k] __list_del_entry_valid
0.30% 0x7fe03204624a;main;cnf2ddnnf_cmd_line;compile_cnf;compile_dt;compile_decomposed;lookup_or_compile_dt;compile_dt;compile_dt;compile_decomposed;lookup_or_compile_dt;compile_dt;compile_dt;compile_decomposed;conjoin_nnfs_lits;conjoin_relevant_lits;get_and_node;asm_exc_page_fault;exc_page_fault;do_user_addr_fault;handle_mm_fault;__handle_mm_fault;wp_page_copy;vma_alloc_folio;__folio_alloc;__alloc_pages;get_page_from_freelist;rmqueue_bulk;__list_del_entry_valid
     0.30%     0.00%  c2d      [kernel.kallsyms]     [k] wp_page_copy
0.30% wp_page_copy;vma_alloc_folio;__folio_alloc;__alloc_pages;get_page_from_freelist;rmqueue_bulk;__list_del_entry_valid
     0.30%     0.00%  c2d      [kernel.kallsyms]     [k] rmqueue_bulk
0.30% rmqueue_bulk;__list_del_entry_valid
     0.30%     0.30%  c2d      [kernel.kallsyms]     [k] __split_huge_pmd
0.30% 0x7fe03204624a;main;cnf2ddnnf_cmd_line;compile_cnf;compile_dt;compile_decomposed;lookup_or_compile_dt;compile_dt;compile_dt;compile_decomposed;lookup_or_compile_dt;compile_dt;compile_dt;compile_decomposed;conjoin_nnfs_lits;conjoin_relevant_lits;get_and_node;asm_exc_page_fault;exc_page_fault;do_user_addr_fault;handle_mm_fault;__handle_mm_fault;do_huge_pmd_wp_page;__split_huge_pmd
     0.30%     0.00%  c2d      [kernel.kallsyms]     [k] do_huge_pmd_wp_page
0.30% do_huge_pmd_wp_page;__split_huge_pmd
     0.29%     0.00%  c2d      libm.so.6             [.] log2
0.29% log2;asm_exc_page_fault;exc_page_fault;do_user_addr_fault;handle_mm_fault;__handle_mm_fault;do_fault;filemap_map_pages
     0.29%     0.29%  c2d      libc.so.6             [.] 0x0000000000097582
0.29% 0;0x7fe0320b6587
     0.29%     0.00%  c2d      libc.so.6             [.] 0x00007fe0320b6587
0.29% 0x7fe0320b6587
     0.29%     0.29%  c2d      [kernel.kallsyms]     [k] clear_page_rep
0.29% 0;0x7fe0320b70d9;asm_exc_page_fault;exc_page_fault;do_user_addr_fault;handle_mm_fault;__handle_mm_fault;vma_alloc_folio;__folio_alloc;__alloc_pages;get_page_from_freelist;clear_page_rep
     0.29%     0.29%  c2d      libc.so.6             [.] cfree
0.29% cfree
     0.29%     0.29%  c2d      [kernel.kallsyms]     [k] __rcu_read_lock
0.29% 0x7fe0320b5c68;asm_exc_page_fault;exc_page_fault;do_user_addr_fault;handle_mm_fault;__handle_mm_fault;__mem_cgroup_charge;__rcu_read_lock
     0.29%     0.00%  c2d      libc.so.6             [.] 0x00007fe0320b5c68
0.29% 0x7fe0320b5c68;asm_exc_page_fault;exc_page_fault;do_user_addr_fault;handle_mm_fault;__handle_mm_fault;__mem_cgroup_charge;__rcu_read_lock
     0.29%     0.00%  c2d      [kernel.kallsyms]     [k] __mem_cgroup_charge
0.29% __mem_cgroup_charge;__rcu_read_lock
     0.28%     0.28%  c2d      ld-linux-x86-64.so.2  [.] 0x0000000000009981
0.28% 0xf9010;0x7fe03227a758;0x7fe03254c984
     0.28%     0.00%  c2d      [unknown]             [.] 0x00000000000f9010
0.28% 0xf9010;0x7fe03227a758;0x7fe03254c984
     0.28%     0.00%  c2d      [unknown]             [.] 0x00007fe03227a758
0.28% 0x7fe03227a758;0x7fe03254c984
     0.28%     0.00%  c2d      ld-linux-x86-64.so.2  [.] 0x00007fe03254c984
0.28% 0x7fe03254c984
     0.28%     0.28%  c2d      c2d                   [.] get_cnf_from_file
0.28% 0x7fe03204624a;main;get_cnf_from_file
     0.28%     0.28%  c2d      ld-linux-x86-64.so.2  [.] 0x000000000000e43f
0.28% 0x7fe03255da58;0x7fe03255d22f;0x7fe032560c99;0x7fe032551443
     0.28%     0.00%  c2d      ld-linux-x86-64.so.2  [.] 0x00007fe032551443
0.28% 0x7fe032551443
     0.28%     0.28%  c2d      [kernel.kallsyms]     [k] __fget_light
0.28% 0;fstatat64;entry_SYSCALL_64_after_hwframe;do_syscall_64;__do_sys_newfstatat;vfs_fstatat;vfs_statx;filename_lookup;path_lookupat;path_init;__fget_light
     0.28%     0.00%  c2d      libc.so.6             [.] fstatat64
0.28% fstatat64;entry_SYSCALL_64_after_hwframe;do_syscall_64;__do_sys_newfstatat;vfs_fstatat;vfs_statx;filename_lookup;path_lookupat;path_init;__fget_light
     0.28%     0.00%  c2d      [kernel.kallsyms]     [k] __do_sys_newfstatat
0.28% __do_sys_newfstatat;vfs_fstatat;vfs_statx;filename_lookup;path_lookupat;path_init;__fget_light
     0.28%     0.00%  c2d      [kernel.kallsyms]     [k] vfs_fstatat
0.28% vfs_fstatat;vfs_statx;filename_lookup;path_lookupat;path_init;__fget_light
     0.28%     0.00%  c2d      [kernel.kallsyms]     [k] vfs_statx
0.28% vfs_statx;filename_lookup;path_lookupat;path_init;__fget_light
     0.28%     0.00%  c2d      [kernel.kallsyms]     [k] filename_lookup
0.28% filename_lookup;path_lookupat;path_init;__fget_light
     0.28%     0.00%  c2d      [kernel.kallsyms]     [k] path_lookupat
0.28% path_lookupat;path_init;__fget_light
     0.28%     0.00%  c2d      [kernel.kallsyms]     [k] path_init
0.28% path_init;__fget_light
     0.27%     0.00%  c2d      c2d                   [.] _start
0.27% _start;asm_exc_page_fault;exc_page_fault;do_user_addr_fault;handle_mm_fault;__handle_mm_fault;do_fault;xfs_filemap_map_pages;filemap_map_pages;do_set_pte;page_add_file_rmap;__mod_lruvec_page_state
     0.27%     0.00%  c2d      [xfs]                 [k] xfs_filemap_map_pages
0.27% xfs_filemap_map_pages;filemap_map_pages;do_set_pte;page_add_file_rmap;__mod_lruvec_page_state
     0.27%     0.00%  c2d      [kernel.kallsyms]     [k] do_set_pte
0.27% do_set_pte;page_add_file_rmap;__mod_lruvec_page_state
     0.27%     0.00%  c2d      [kernel.kallsyms]     [k] page_add_file_rmap
0.27% page_add_file_rmap;__mod_lruvec_page_state
     0.27%     0.27%  c2d      ld-linux-x86-64.so.2  [.] 0x000000000000e311
0.27% 0x7fe03255da58;0x7fe03255d22f;0x7fe032560c99;0x7fe032551316
     0.27%     0.00%  c2d      ld-linux-x86-64.so.2  [.] 0x00007fe032551316
0.27% 0x7fe032551316
     0.27%     0.27%  c2d      ld-linux-x86-64.so.2  [.] _dl_allocate_tls_init
0.27% 0;_dl_allocate_tls_init
     0.27%     0.27%  c2d      [kernel.kallsyms]     [k] __irqentry_text_end
0.27% 0x7fe03255da58;0x7fe03255d22f;0x7fe032560c99;0x7fe032551354;__irqentry_text_end
     0.27%     0.00%  c2d      ld-linux-x86-64.so.2  [.] 0x00007fe032551354
0.27% 0x7fe032551354;__irqentry_text_end
     0.27%     0.27%  c2d      ld-linux-x86-64.so.2  [.] 0x000000000000e4b4
0.27% 0x7fe03255da58;0x7fe03255d22f;0x7fe032560c99;0x7fe0325514b8
     0.27%     0.00%  c2d      ld-linux-x86-64.so.2  [.] 0x00007fe0325514b8
0.27% 0x7fe0325514b8
     0.26%     0.26%  c2d      [kernel.kallsyms]     [k] vma_interval_tree_insert
0.26% 0x7fe0325768a8;0x7fe03254b075;0x7fe032563ae3;entry_SYSCALL_64_after_hwframe;do_syscall_64;ksys_mmap_pgoff;vm_mmap_pgoff;do_mmap;mmap_region;vma_interval_tree_insert
     0.26%     0.00%  c2d      [kernel.kallsyms]     [k] do_mmap
0.26% do_mmap;mmap_region;vma_interval_tree_insert
     0.26%     0.00%  c2d      [kernel.kallsyms]     [k] mmap_region
0.26% mmap_region;vma_interval_tree_insert
     0.26%     0.26%  c2d      [kernel.kallsyms]     [k] apparmor_mmap_file
0.26% 0x7fe0325768a8;0x7fe03254b075;0x7fe032563ae3;entry_SYSCALL_64_after_hwframe;do_syscall_64;ksys_mmap_pgoff;vm_mmap_pgoff;security_mmap_file;apparmor_mmap_file
     0.26%     0.00%  c2d      [kernel.kallsyms]     [k] security_mmap_file
0.26% security_mmap_file;apparmor_mmap_file
     0.25%     0.00%  c2d      [unknown]             [k] 0x00007f46810f3a97
0.17% 0x7f46810f3a97;entry_SYSCALL_64_after_hwframe;do_syscall_64;__x64_sys_execve;do_execveat_common.isra.0;bprm_execve;load_elf_binary;elf_map;vm_mmap_pgoff;ima_file_mmap;security_current_getsecid_subj
0.08% 0x7f46810f3a97;entry_SYSCALL_64_after_hwframe;do_syscall_64;__x64_sys_execve;do_execveat_common.isra.0;bprm_execve;load_elf_binary;setup_new_exec;arch_pick_mmap_layout;get_random_u64
     0.25%     0.00%  c2d      [kernel.kallsyms]     [k] __x64_sys_execve
0.17% __x64_sys_execve;do_execveat_common.isra.0;bprm_execve;load_elf_binary;elf_map;vm_mmap_pgoff;ima_file_mmap;security_current_getsecid_subj
0.08% __x64_sys_execve;do_execveat_common.isra.0;bprm_execve;load_elf_binary;setup_new_exec;arch_pick_mmap_layout;get_random_u64
     0.25%     0.00%  c2d      [kernel.kallsyms]     [k] do_execveat_common.isra.0
0.17% do_execveat_common.isra.0;bprm_execve;load_elf_binary;elf_map;vm_mmap_pgoff;ima_file_mmap;security_current_getsecid_subj
0.08% do_execveat_common.isra.0;bprm_execve;load_elf_binary;setup_new_exec;arch_pick_mmap_layout;get_random_u64
     0.25%     0.00%  c2d      [kernel.kallsyms]     [k] bprm_execve
0.17% bprm_execve;load_elf_binary;elf_map;vm_mmap_pgoff;ima_file_mmap;security_current_getsecid_subj
0.08% bprm_execve;load_elf_binary;setup_new_exec;arch_pick_mmap_layout;get_random_u64
     0.25%     0.00%  c2d      [kernel.kallsyms]     [k] load_elf_binary
0.17% load_elf_binary;elf_map;vm_mmap_pgoff;ima_file_mmap;security_current_getsecid_subj
0.08% load_elf_binary;setup_new_exec;arch_pick_mmap_layout;get_random_u64
     0.24%     0.24%  c2d      [kernel.kallsyms]     [k] __rcu_read_unlock
0.24% 0;0x7fe032563ae3;entry_SYSCALL_64_after_hwframe;do_syscall_64;ksys_mmap_pgoff;fget;__rcu_read_unlock
     0.24%     0.00%  c2d      [kernel.kallsyms]     [k] fget
0.24% fget;__rcu_read_unlock
     0.22%     0.22%  c2d      [kernel.kallsyms]     [k] __kmem_cache_free
0.22% 0x7fe03255da50;entry_SYSCALL_64_after_hwframe;do_syscall_64;syscall_exit_to_user_mode;exit_to_user_mode_prepare;task_work_run;__fput;pipe_release;free_pipe_info;__kmem_cache_free
     0.22%     0.00%  c2d      ld-linux-x86-64.so.2  [.] 0x00007fe03255da50
0.22% 0x7fe03255da50;entry_SYSCALL_64_after_hwframe;do_syscall_64;syscall_exit_to_user_mode;exit_to_user_mode_prepare;task_work_run;__fput;pipe_release;free_pipe_info;__kmem_cache_free
     0.22%     0.00%  c2d      [kernel.kallsyms]     [k] syscall_exit_to_user_mode
0.22% syscall_exit_to_user_mode;exit_to_user_mode_prepare;task_work_run;__fput;pipe_release;free_pipe_info;__kmem_cache_free
     0.22%     0.00%  c2d      [kernel.kallsyms]     [k] exit_to_user_mode_prepare
0.22% exit_to_user_mode_prepare;task_work_run;__fput;pipe_release;free_pipe_info;__kmem_cache_free
     0.22%     0.00%  c2d      [kernel.kallsyms]     [k] task_work_run
0.22% task_work_run;__fput;pipe_release;free_pipe_info;__kmem_cache_free
     0.22%     0.00%  c2d      [kernel.kallsyms]     [k] __fput
0.22% __fput;pipe_release;free_pipe_info;__kmem_cache_free
     0.22%     0.00%  c2d      [kernel.kallsyms]     [k] pipe_release
0.22% pipe_release;free_pipe_info;__kmem_cache_free
     0.22%     0.00%  c2d      [kernel.kallsyms]     [k] free_pipe_info
0.22% free_pipe_info;__kmem_cache_free
     0.17%     0.17%  c2d      [kernel.kallsyms]     [k] security_current_getsecid_subj
0.17% 0x7f46810f3a97;entry_SYSCALL_64_after_hwframe;do_syscall_64;__x64_sys_execve;do_execveat_common.isra.0;bprm_execve;load_elf_binary;elf_map;vm_mmap_pgoff;ima_file_mmap;security_current_getsecid_subj
     0.17%     0.00%  c2d      [kernel.kallsyms]     [k] elf_map
0.17% elf_map;vm_mmap_pgoff;ima_file_mmap;security_current_getsecid_subj
     0.17%     0.00%  c2d      [kernel.kallsyms]     [k] ima_file_mmap
0.17% ima_file_mmap;security_current_getsecid_subj
     0.08%     0.08%  c2d      [kernel.kallsyms]     [k] get_random_u64
0.08% 0x7f46810f3a97;entry_SYSCALL_64_after_hwframe;do_syscall_64;__x64_sys_execve;do_execveat_common.isra.0;bprm_execve;load_elf_binary;setup_new_exec;arch_pick_mmap_layout;get_random_u64
     0.08%     0.00%  c2d      [kernel.kallsyms]     [k] setup_new_exec
0.08% setup_new_exec;arch_pick_mmap_layout;get_random_u64
     0.08%     0.00%  c2d      [kernel.kallsyms]     [k] arch_pick_mmap_layout
0.08% arch_pick_mmap_layout;get_random_u64
     0.02%     0.00%  perf-ex  [unknown]             [k] 0x00007f46810f3a97
0.02% 0x7f46810f3a97;entry_SYSCALL_64_after_hwframe;do_syscall_64;__x64_sys_execve;do_execveat_common.isra.0;bprm_execve;load_elf_binary;begin_new_exec;perf_event_exec;perf_lock_task_context;__rcu_read_lock
     0.02%     0.00%  perf-ex  [kernel.kallsyms]     [k] entry_SYSCALL_64_after_hwframe
0.02% entry_SYSCALL_64_after_hwframe;do_syscall_64;__x64_sys_execve;do_execveat_common.isra.0;bprm_execve;load_elf_binary;begin_new_exec;perf_event_exec;perf_lock_task_context;__rcu_read_lock
     0.02%     0.00%  perf-ex  [kernel.kallsyms]     [k] do_syscall_64
0.02% do_syscall_64;__x64_sys_execve;do_execveat_common.isra.0;bprm_execve;load_elf_binary;begin_new_exec;perf_event_exec;perf_lock_task_context;__rcu_read_lock
     0.02%     0.00%  perf-ex  [kernel.kallsyms]     [k] __x64_sys_execve
0.02% __x64_sys_execve;do_execveat_common.isra.0;bprm_execve;load_elf_binary;begin_new_exec;perf_event_exec;perf_lock_task_context;__rcu_read_lock
     0.02%     0.00%  perf-ex  [kernel.kallsyms]     [k] do_execveat_common.isra.0
0.02% do_execveat_common.isra.0;bprm_execve;load_elf_binary;begin_new_exec;perf_event_exec;perf_lock_task_context;__rcu_read_lock
     0.02%     0.00%  perf-ex  [kernel.kallsyms]     [k] bprm_execve
0.02% bprm_execve;load_elf_binary;begin_new_exec;perf_event_exec;perf_lock_task_context;__rcu_read_lock
     0.02%     0.00%  perf-ex  [kernel.kallsyms]     [k] load_elf_binary
0.02% load_elf_binary;begin_new_exec;perf_event_exec;perf_lock_task_context;__rcu_read_lock
     0.02%     0.00%  perf-ex  [kernel.kallsyms]     [k] begin_new_exec
0.02% begin_new_exec;perf_event_exec;perf_lock_task_context;__rcu_read_lock
     0.02%     0.00%  perf-ex  [kernel.kallsyms]     [k] perf_event_exec
0.02% perf_event_exec;perf_lock_task_context;__rcu_read_lock
     0.02%     0.02%  perf-ex  [kernel.kallsyms]     [k] perf_lock_task_context
0.02% 0x7f46810f3a97;entry_SYSCALL_64_after_hwframe;do_syscall_64;__x64_sys_execve;do_execveat_common.isra.0;bprm_execve;load_elf_binary;begin_new_exec;perf_event_exec;perf_lock_task_context;__rcu_read_lock
     0.02%     0.00%  perf-ex  [kernel.kallsyms]     [k] __rcu_read_lock
0.02% __rcu_read_lock
     0.00%     0.00%  perf-ex  [kernel.kallsyms]     [k] native_write_msr
     0.00%     0.00%  perf-ex  [kernel.kallsyms]     [k] __intel_pmu_enable_all.constprop.0
     0.00%     0.00%  perf-ex  [kernel.kallsyms]     [k] native_set_fixmap
     0.00%     0.00%  perf-ex  [kernel.kallsyms]     [k] nmi_cpu_backtrace_handler


#
# (Tip: Boolean options have negative forms, e.g.: perf report --no-children)
#
