# To display the perf.data header info, please use --header/--header-only options.
#
#
# Total Lost Samples: 0
#
# Samples: 343  of event 'cycles'
# Event count (approx.): 238251269
#
# Children      Self  Command  Shared Object         Symbol                                        
# ........  ........  .......  ....................  ..............................................
#
    93.57%     0.00%  c2d      libc.so.6             [.] 0x00007fd402d6724a
87.63% 0x7fd402d6724a;main;cnf2ddnnf_cmd_line;free_cache_manager
0.30% 0x7fd402d6724a;main;cnf2ddnnf_cmd_line;free_cache_manager;__irqentry_text_end
0.30% 0x7fd402d6724a;main;cnf2ddnnf_cmd_line;free_cache_manager;asm_exc_page_fault;exc_page_fault;do_user_addr_fault;handle_mm_fault;__handle_mm_fault;do_huge_pmd_anonymous_page;pte_alloc_one;__alloc_pages;get_page_from_freelist
0.30% 0x7fd402d6724a;main;cnf2ddnnf_cmd_line;free_cache_manager;asm_exc_page_fault;exc_page_fault;do_user_addr_fault;handle_mm_fault;__handle_mm_fault
0.30% 0x7fd402d6724a;main;cnf2ddnnf_cmd_line;free_cache_manager;asm_exc_page_fault;exc_page_fault;do_user_addr_fault;handle_mm_fault;__handle_mm_fault;do_huge_pmd_anonymous_page;pte_alloc_one;__alloc_pages;should_fail_alloc_page
0.30% 0x7fd402d6724a;main;cnf2ddnnf_cmd_line;free_cache_manager;asm_exc_page_fault;exc_page_fault;do_user_addr_fault;lock_mm_and_find_vma;find_vma;mt_find;mtree_range_walk
0.30% 0x7fd402d6724a;main;cnf2ddnnf_cmd_line;free_cache_manager;asm_exc_page_fault
0.30% 0x7fd402d6724a;main;cnf2ddnnf_cmd_line;free_cache_manager;error_entry
0.30% 0x7fd402d6724a;main;cnf2ddnnf_cmd_line;free_cache_manager;asm_exc_page_fault;exc_page_fault;do_user_addr_fault;up_read
0.30% 0x7fd402d6724a;main;cnf2ddnnf_cmd_line;compile_cnf;compile_dt;compile_decomposed;lookup_or_compile_dt;compile_dt;compile_dt;compile_decomposed;lookup_or_compile_dt;compile_decomposed;lookup_or_compile_dt;compile_decomposed;lookup_or_compile_dt;compile_decomposed;lookup_or_compile_dt;compile_dt;compile_dt;compile_decomposed;lookup_or_compile_dt;compile_decomposed;lookup_or_compile_dt;compile_dt;compile_dt;compile_decomposed;lookup_or_compile_dt;compile_decomposed;lookup_or_compile_dt;compile_decomposed;lookup_or_compile_dt;compile_decomposed;lookup_or_compile_dt;compile_decomposed;lookup_or_compile_dt;compile_decomposed;lookup_or_compile_dt;compile_decomposed;lookup_or_compile_dt;compile_dt;compile_dt;compile_decomposed;lookup_or_compile_dt;compile_dt;compile_dt;compile_decomposed;conjoin_relevant_lits;get_and_node;asm_exc_page_fault;exc_page_fault;do_user_addr_fault;handle_mm_fault;__handle_mm_fault;do_huge_pmd_wp_page;__split_huge_pmd
0.30% 0x7fd402d6724a;main;cnf2ddnnf_cmd_line;compile_cnf;compile_dt;compile_decomposed;lookup_or_compile_dt;compile_dt;compile_dt;compile_decomposed;lookup_or_compile_dt;compile_dt;compile_dt;compile_decomposed;lookup_or_compile_dt;compile_dt;compile_dt;compile_decomposed;lookup_or_compile_dt;compile_decomposed;lookup_or_compile_dt;compile_dt;compile_dt;compile_decomposed;conjoin_nnfs_lits;conjoin_relevant_lits;get_and_node;asm_exc_page_fault;exc_page_fault;do_user_addr_fault;handle_mm_fault;__handle_mm_fault;do_huge_pmd_wp_page;__split_huge_pmd
0.30% 0x7fd402d6724a;main;cnf2ddnnf_cmd_line;compile_cnf;compile_dt;compile_decomposed;lookup_or_compile_dt;insert_cnf_cache;hash_code;java_hash_code
0.30% 0x7fd402d6724a;main;cnf2ddnnf_cmd_line;compile_cnf;compile_dt;compile_decomposed;lookup_or_compile_dt;compile_dt;compile_dt;compile_decomposed;lookup_or_compile_dt;compile_dt;compile_dt;compile_decomposed;lookup_or_compile_dt;compile_decomposed;lookup_or_compile_dt;compile_decomposed;lookup_or_compile_dt;compile_decomposed;lookup_or_compile_dt;compile_decomposed;lookup_or_compile_dt
0.30% 0x7fd402d6724a;main;cnf2ddnnf_cmd_line;compile_cnf;compile_dt;compile_decomposed;lookup_or_compile_dt;compile_dt;compile_dt;compile_decomposed;lookup_or_compile_dt;compile_decomposed;lookup_or_compile_dt;compile_decomposed;lookup_or_compile_dt;compile_decomposed;lookup_or_compile_dt;compile_dt;compile_dt;compile_decomposed;conjoin_nnfs_lits;conjoin_relevant_lits;get_and_node;asm_exc_page_fault;exc_page_fault;do_user_addr_fault;handle_mm_fault;__handle_mm_fault;do_huge_pmd_anonymous_page;pte_alloc_one;__alloc_pages;get_page_from_freelist;clear_page_rep
0.30% 0x7fd402d6724a;main;cnf2ddnnf_cmd_line;compile_cnf;compile_dt;compile_decomposed;lookup_or_compile_dt;compile_dt;compile_dt;compile_decomposed;lookup_or_compile_dt;compile_decomposed;lookup_or_compile_dt;compile_decomposed;lookup_or_compile_dt;compile_decomposed;lookup_or_compile_dt;compile_dt;compile_dt;compile_decomposed;lookup_or_compile_dt;compile_decomposed;lookup_or_compile_dt;compile_dt;compile_dt;compile_decomposed;conjoin_nnfs_lits;get_and_node;__irqentry_text_end
0.30% 0x7fd402d6724a;main;cnf2ddnnf_cmd_line;free_hdtree;free_hdtree;free_hdtree;free_hdtree;free_hdtree;free_hdtree;free_hdtree;free_hdtree;free_hdtree;free_hdtree;free_hdtree;free_hdtree;cfree
0.29% 0x7fd402d6724a;main;cnf2ddnnf_cmd_line;construct_dtree_manager;hdtree2dtree;hdtree2dtree;hdtree2dtree;hdtree2dtree;hdtree2dtree;hdtree2dtree;hdtree2dtree;hdtree2dtree;hdtree2dtree;hdtree2dtree;hdtree2dtree;hdtree2dtree;hdtree2dtree;hdtree2dtree;edges_subset
0.29% 0x7fd402d6724a;main;cnf2ddnnf_cmd_line;load_hdtree_from_file;dtree_skeleton2hdtree;initialize_hdtree;initialize_hdtree;initialize_hdtree;initialize_hdtree;initialize_hdtree;initialize_hdtree;initialize_hdtree;initialize_hdtree;initialize_hdtree;initialize_hdtree;initialize_hdtree;initialize_hdtree;initialize_hdtree;initialize_hdtree;initialize_hdtree;initialize_hdtree;initialize_hdtree;initialize_hdtree;initialize_hdtree;initialize_hdtree;edges_concat;new_hgr_edges
0.29% 0x7fd402d6724a;main;cnf2ddnnf_cmd_line;load_hdtree_from_file;dtree_skeleton2hdtree;initialize_hdtree;initialize_hdtree;initialize_hdtree;initialize_hdtree;initialize_hdtree;initialize_hdtree;initialize_hdtree;initialize_hdtree;initialize_hdtree;initialize_hdtree;initialize_hdtree;initialize_hdtree;initialize_hdtree;initialize_hdtree;initialize_hdtree;initialize_hdtree;initialize_hdtree;initialize_hdtree;initialize_hdtree;initialize_hdtree;initialize_hdtree;initialize_hdtree;initialize_hdtree;initialize_hdtree;edges_minus
0.29% 0x7fd402d6724a;main;cnf2ddnnf_cmd_line;load_hdtree_from_file;dtree_skeleton2hdtree
0.28% 0x7fd402d6724a;main;__isoc99_fscanf;0x7fd402d9f060
    93.57%     0.00%  c2d      c2d                   [.] main
87.63% main;cnf2ddnnf_cmd_line;free_cache_manager
0.30% main;cnf2ddnnf_cmd_line;free_cache_manager;__irqentry_text_end
0.30% main;cnf2ddnnf_cmd_line;free_cache_manager;asm_exc_page_fault;exc_page_fault;do_user_addr_fault;handle_mm_fault;__handle_mm_fault;do_huge_pmd_anonymous_page;pte_alloc_one;__alloc_pages;get_page_from_freelist
0.30% main;cnf2ddnnf_cmd_line;free_cache_manager;asm_exc_page_fault;exc_page_fault;do_user_addr_fault;handle_mm_fault;__handle_mm_fault
0.30% main;cnf2ddnnf_cmd_line;free_cache_manager;asm_exc_page_fault;exc_page_fault;do_user_addr_fault;handle_mm_fault;__handle_mm_fault;do_huge_pmd_anonymous_page;pte_alloc_one;__alloc_pages;should_fail_alloc_page
0.30% main;cnf2ddnnf_cmd_line;free_cache_manager;asm_exc_page_fault;exc_page_fault;do_user_addr_fault;lock_mm_and_find_vma;find_vma;mt_find;mtree_range_walk
0.30% main;cnf2ddnnf_cmd_line;free_cache_manager;asm_exc_page_fault
0.30% main;cnf2ddnnf_cmd_line;free_cache_manager;error_entry
0.30% main;cnf2ddnnf_cmd_line;free_cache_manager;asm_exc_page_fault;exc_page_fault;do_user_addr_fault;up_read
0.30% main;cnf2ddnnf_cmd_line;compile_cnf;compile_dt;compile_decomposed;lookup_or_compile_dt;compile_dt;compile_dt;compile_decomposed;lookup_or_compile_dt;compile_decomposed;lookup_or_compile_dt;compile_decomposed;lookup_or_compile_dt;compile_decomposed;lookup_or_compile_dt;compile_dt;compile_dt;compile_decomposed;lookup_or_compile_dt;compile_decomposed;lookup_or_compile_dt;compile_dt;compile_dt;compile_decomposed;lookup_or_compile_dt;compile_decomposed;lookup_or_compile_dt;compile_decomposed;lookup_or_compile_dt;compile_decomposed;lookup_or_compile_dt;compile_decomposed;lookup_or_compile_dt;compile_decomposed;lookup_or_compile_dt;compile_decomposed;lookup_or_compile_dt;compile_dt;compile_dt;compile_decomposed;lookup_or_compile_dt;compile_dt;compile_dt;compile_decomposed;conjoin_relevant_lits;get_and_node;asm_exc_page_fault;exc_page_fault;do_user_addr_fault;handle_mm_fault;__handle_mm_fault;do_huge_pmd_wp_page;__split_huge_pmd
0.30% main;cnf2ddnnf_cmd_line;compile_cnf;compile_dt;compile_decomposed;lookup_or_compile_dt;compile_dt;compile_dt;compile_decomposed;lookup_or_compile_dt;compile_dt;compile_dt;compile_decomposed;lookup_or_compile_dt;compile_dt;compile_dt;compile_decomposed;lookup_or_compile_dt;compile_decomposed;lookup_or_compile_dt;compile_dt;compile_dt;compile_decomposed;conjoin_nnfs_lits;conjoin_relevant_lits;get_and_node;asm_exc_page_fault;exc_page_fault;do_user_addr_fault;handle_mm_fault;__handle_mm_fault;do_huge_pmd_wp_page;__split_huge_pmd
0.30% main;cnf2ddnnf_cmd_line;compile_cnf;compile_dt;compile_decomposed;lookup_or_compile_dt;insert_cnf_cache;hash_code;java_hash_code
0.30% main;cnf2ddnnf_cmd_line;compile_cnf;compile_dt;compile_decomposed;lookup_or_compile_dt;compile_dt;compile_dt;compile_decomposed;lookup_or_compile_dt;compile_dt;compile_dt;compile_decomposed;lookup_or_compile_dt;compile_decomposed;lookup_or_compile_dt;compile_decomposed;lookup_or_compile_dt;compile_decomposed;lookup_or_compile_dt;compile_decomposed;lookup_or_compile_dt
0.30% main;cnf2ddnnf_cmd_line;compile_cnf;compile_dt;compile_decomposed;lookup_or_compile_dt;compile_dt;compile_dt;compile_decomposed;lookup_or_compile_dt;compile_decomposed;lookup_or_compile_dt;compile_decomposed;lookup_or_compile_dt;compile_decomposed;lookup_or_compile_dt;compile_dt;compile_dt;compile_decomposed;conjoin_nnfs_lits;conjoin_relevant_lits;get_and_node;asm_exc_page_fault;exc_page_fault;do_user_addr_fault;handle_mm_fault;__handle_mm_fault;do_huge_pmd_anonymous_page;pte_alloc_one;__alloc_pages;get_page_from_freelist;clear_page_rep
0.30% main;cnf2ddnnf_cmd_line;compile_cnf;compile_dt;compile_decomposed;lookup_or_compile_dt;compile_dt;compile_dt;compile_decomposed;lookup_or_compile_dt;compile_decomposed;lookup_or_compile_dt;compile_decomposed;lookup_or_compile_dt;compile_decomposed;lookup_or_compile_dt;compile_dt;compile_dt;compile_decomposed;lookup_or_compile_dt;compile_decomposed;lookup_or_compile_dt;compile_dt;compile_dt;compile_decomposed;conjoin_nnfs_lits;get_and_node;__irqentry_text_end
0.30% main;cnf2ddnnf_cmd_line;free_hdtree;free_hdtree;free_hdtree;free_hdtree;free_hdtree;free_hdtree;free_hdtree;free_hdtree;free_hdtree;free_hdtree;free_hdtree;free_hdtree;cfree
0.29% main;cnf2ddnnf_cmd_line;construct_dtree_manager;hdtree2dtree;hdtree2dtree;hdtree2dtree;hdtree2dtree;hdtree2dtree;hdtree2dtree;hdtree2dtree;hdtree2dtree;hdtree2dtree;hdtree2dtree;hdtree2dtree;hdtree2dtree;hdtree2dtree;hdtree2dtree;edges_subset
0.29% main;cnf2ddnnf_cmd_line;load_hdtree_from_file;dtree_skeleton2hdtree;initialize_hdtree;initialize_hdtree;initialize_hdtree;initialize_hdtree;initialize_hdtree;initialize_hdtree;initialize_hdtree;initialize_hdtree;initialize_hdtree;initialize_hdtree;initialize_hdtree;initialize_hdtree;initialize_hdtree;initialize_hdtree;initialize_hdtree;initialize_hdtree;initialize_hdtree;initialize_hdtree;initialize_hdtree;initialize_hdtree;edges_concat;new_hgr_edges
0.29% main;cnf2ddnnf_cmd_line;load_hdtree_from_file;dtree_skeleton2hdtree;initialize_hdtree;initialize_hdtree;initialize_hdtree;initialize_hdtree;initialize_hdtree;initialize_hdtree;initialize_hdtree;initialize_hdtree;initialize_hdtree;initialize_hdtree;initialize_hdtree;initialize_hdtree;initialize_hdtree;initialize_hdtree;initialize_hdtree;initialize_hdtree;initialize_hdtree;initialize_hdtree;initialize_hdtree;initialize_hdtree;initialize_hdtree;initialize_hdtree;initialize_hdtree;initialize_hdtree;edges_minus
0.29% main;cnf2ddnnf_cmd_line;load_hdtree_from_file;dtree_skeleton2hdtree
0.28% main;__isoc99_fscanf;0x7fd402d9f060
    93.28%     0.00%  c2d      c2d                   [.] cnf2ddnnf_cmd_line
87.63% cnf2ddnnf_cmd_line;free_cache_manager
0.30% cnf2ddnnf_cmd_line;free_cache_manager;__irqentry_text_end
0.30% cnf2ddnnf_cmd_line;free_cache_manager;asm_exc_page_fault;exc_page_fault;do_user_addr_fault;handle_mm_fault;__handle_mm_fault;do_huge_pmd_anonymous_page;pte_alloc_one;__alloc_pages;get_page_from_freelist
0.30% cnf2ddnnf_cmd_line;free_cache_manager;asm_exc_page_fault;exc_page_fault;do_user_addr_fault;handle_mm_fault;__handle_mm_fault
0.30% cnf2ddnnf_cmd_line;free_cache_manager;asm_exc_page_fault;exc_page_fault;do_user_addr_fault;handle_mm_fault;__handle_mm_fault;do_huge_pmd_anonymous_page;pte_alloc_one;__alloc_pages;should_fail_alloc_page
0.30% cnf2ddnnf_cmd_line;free_cache_manager;asm_exc_page_fault;exc_page_fault;do_user_addr_fault;lock_mm_and_find_vma;find_vma;mt_find;mtree_range_walk
0.30% cnf2ddnnf_cmd_line;free_cache_manager;asm_exc_page_fault
0.30% cnf2ddnnf_cmd_line;free_cache_manager;error_entry
0.30% cnf2ddnnf_cmd_line;free_cache_manager;asm_exc_page_fault;exc_page_fault;do_user_addr_fault;up_read
0.30% cnf2ddnnf_cmd_line;compile_cnf;compile_dt;compile_decomposed;lookup_or_compile_dt;compile_dt;compile_dt;compile_decomposed;lookup_or_compile_dt;compile_decomposed;lookup_or_compile_dt;compile_decomposed;lookup_or_compile_dt;compile_decomposed;lookup_or_compile_dt;compile_dt;compile_dt;compile_decomposed;lookup_or_compile_dt;compile_decomposed;lookup_or_compile_dt;compile_dt;compile_dt;compile_decomposed;lookup_or_compile_dt;compile_decomposed;lookup_or_compile_dt;compile_decomposed;lookup_or_compile_dt;compile_decomposed;lookup_or_compile_dt;compile_decomposed;lookup_or_compile_dt;compile_decomposed;lookup_or_compile_dt;compile_decomposed;lookup_or_compile_dt;compile_dt;compile_dt;compile_decomposed;lookup_or_compile_dt;compile_dt;compile_dt;compile_decomposed;conjoin_relevant_lits;get_and_node;asm_exc_page_fault;exc_page_fault;do_user_addr_fault;handle_mm_fault;__handle_mm_fault;do_huge_pmd_wp_page;__split_huge_pmd
0.30% cnf2ddnnf_cmd_line;compile_cnf;compile_dt;compile_decomposed;lookup_or_compile_dt;compile_dt;compile_dt;compile_decomposed;lookup_or_compile_dt;compile_dt;compile_dt;compile_decomposed;lookup_or_compile_dt;compile_dt;compile_dt;compile_decomposed;lookup_or_compile_dt;compile_decomposed;lookup_or_compile_dt;compile_dt;compile_dt;compile_decomposed;conjoin_nnfs_lits;conjoin_relevant_lits;get_and_node;asm_exc_page_fault;exc_page_fault;do_user_addr_fault;handle_mm_fault;__handle_mm_fault;do_huge_pmd_wp_page;__split_huge_pmd
0.30% cnf2ddnnf_cmd_line;compile_cnf;compile_dt;compile_decomposed;lookup_or_compile_dt;insert_cnf_cache;hash_code;java_hash_code
0.30% cnf2ddnnf_cmd_line;compile_cnf;compile_dt;compile_decomposed;lookup_or_compile_dt;compile_dt;compile_dt;compile_decomposed;lookup_or_compile_dt;compile_dt;compile_dt;compile_decomposed;lookup_or_compile_dt;compile_decomposed;lookup_or_compile_dt;compile_decomposed;lookup_or_compile_dt;compile_decomposed;lookup_or_compile_dt;compile_decomposed;lookup_or_compile_dt
0.30% cnf2ddnnf_cmd_line;compile_cnf;compile_dt;compile_decomposed;lookup_or_compile_dt;compile_dt;compile_dt;compile_decomposed;lookup_or_compile_dt;compile_decomposed;lookup_or_compile_dt;compile_decomposed;lookup_or_compile_dt;compile_decomposed;lookup_or_compile_dt;compile_dt;compile_dt;compile_decomposed;conjoin_nnfs_lits;conjoin_relevant_lits;get_and_node;asm_exc_page_fault;exc_page_fault;do_user_addr_fault;handle_mm_fault;__handle_mm_fault;do_huge_pmd_anonymous_page;pte_alloc_one;__alloc_pages;get_page_from_freelist;clear_page_rep
0.30% cnf2ddnnf_cmd_line;compile_cnf;compile_dt;compile_decomposed;lookup_or_compile_dt;compile_dt;compile_dt;compile_decomposed;lookup_or_compile_dt;compile_decomposed;lookup_or_compile_dt;compile_decomposed;lookup_or_compile_dt;compile_decomposed;lookup_or_compile_dt;compile_dt;compile_dt;compile_decomposed;lookup_or_compile_dt;compile_decomposed;lookup_or_compile_dt;compile_dt;compile_dt;compile_decomposed;conjoin_nnfs_lits;get_and_node;__irqentry_text_end
0.30% cnf2ddnnf_cmd_line;free_hdtree;free_hdtree;free_hdtree;free_hdtree;free_hdtree;free_hdtree;free_hdtree;free_hdtree;free_hdtree;free_hdtree;free_hdtree;free_hdtree;cfree
0.29% cnf2ddnnf_cmd_line;construct_dtree_manager;hdtree2dtree;hdtree2dtree;hdtree2dtree;hdtree2dtree;hdtree2dtree;hdtree2dtree;hdtree2dtree;hdtree2dtree;hdtree2dtree;hdtree2dtree;hdtree2dtree;hdtree2dtree;hdtree2dtree;hdtree2dtree;edges_subset
0.29% cnf2ddnnf_cmd_line;load_hdtree_from_file;dtree_skeleton2hdtree;initialize_hdtree;initialize_hdtree;initialize_hdtree;initialize_hdtree;initialize_hdtree;initialize_hdtree;initialize_hdtree;initialize_hdtree;initialize_hdtree;initialize_hdtree;initialize_hdtree;initialize_hdtree;initialize_hdtree;initialize_hdtree;initialize_hdtree;initialize_hdtree;initialize_hdtree;initialize_hdtree;initialize_hdtree;initialize_hdtree;edges_concat;new_hgr_edges
0.29% cnf2ddnnf_cmd_line;load_hdtree_from_file;dtree_skeleton2hdtree;initialize_hdtree;initialize_hdtree;initialize_hdtree;initialize_hdtree;initialize_hdtree;initialize_hdtree;initialize_hdtree;initialize_hdtree;initialize_hdtree;initialize_hdtree;initialize_hdtree;initialize_hdtree;initialize_hdtree;initialize_hdtree;initialize_hdtree;initialize_hdtree;initialize_hdtree;initialize_hdtree;initialize_hdtree;initialize_hdtree;initialize_hdtree;initialize_hdtree;initialize_hdtree;initialize_hdtree;edges_minus
0.29% cnf2ddnnf_cmd_line;load_hdtree_from_file;dtree_skeleton2hdtree
    90.04%    87.93%  c2d      c2d                   [.] free_cache_manager
87.63% 0x7fd402d6724a;main;cnf2ddnnf_cmd_line;free_cache_manager
0.30% free_cache_manager;__irqentry_text_end
0.30% free_cache_manager;asm_exc_page_fault;exc_page_fault;do_user_addr_fault;handle_mm_fault;__handle_mm_fault;do_huge_pmd_anonymous_page;pte_alloc_one;__alloc_pages;get_page_from_freelist
0.30% free_cache_manager;asm_exc_page_fault;exc_page_fault;do_user_addr_fault;handle_mm_fault;__handle_mm_fault
0.30% free_cache_manager;asm_exc_page_fault;exc_page_fault;do_user_addr_fault;handle_mm_fault;__handle_mm_fault;do_huge_pmd_anonymous_page;pte_alloc_one;__alloc_pages;should_fail_alloc_page
0.30% free_cache_manager;asm_exc_page_fault;exc_page_fault;do_user_addr_fault;lock_mm_and_find_vma;find_vma;mt_find;mtree_range_walk
0.30% 0x7fd402d6724a;main;cnf2ddnnf_cmd_line;free_cache_manager;asm_exc_page_fault
0.30% free_cache_manager;error_entry
0.30% free_cache_manager;asm_exc_page_fault;exc_page_fault;do_user_addr_fault;up_read
     3.53%     0.00%  c2d      [kernel.kallsyms]     [k] asm_exc_page_fault
0.60% asm_exc_page_fault;exc_page_fault;do_user_addr_fault;handle_mm_fault;__handle_mm_fault;do_huge_pmd_wp_page;__split_huge_pmd
0.59% asm_exc_page_fault
0.58% asm_exc_page_fault;exc_page_fault;do_user_addr_fault;handle_mm_fault;__handle_mm_fault
0.30% asm_exc_page_fault;exc_page_fault;do_user_addr_fault;handle_mm_fault;__handle_mm_fault;do_huge_pmd_anonymous_page;pte_alloc_one;__alloc_pages;get_page_from_freelist
0.30% asm_exc_page_fault;exc_page_fault;do_user_addr_fault;handle_mm_fault;__handle_mm_fault;do_huge_pmd_anonymous_page;pte_alloc_one;__alloc_pages;should_fail_alloc_page
0.30% asm_exc_page_fault;exc_page_fault;do_user_addr_fault;lock_mm_and_find_vma;find_vma;mt_find;mtree_range_walk
0.30% asm_exc_page_fault;exc_page_fault;do_user_addr_fault;up_read
0.30% asm_exc_page_fault;exc_page_fault;do_user_addr_fault;handle_mm_fault;__handle_mm_fault;do_huge_pmd_anonymous_page;pte_alloc_one;__alloc_pages;get_page_from_freelist;clear_page_rep
0.26% asm_exc_page_fault;exc_page_fault;do_user_addr_fault;handle_mm_fault;__handle_mm_fault;do_fault;filemap_map_pages;next_uptodate_page
     3.37%     0.00%  c2d      [kernel.kallsyms]     [k] entry_SYSCALL_64_after_hwframe
0.30% entry_SYSCALL_64_after_hwframe;do_syscall_64;__x64_sys_munmap;__vm_munmap;do_mas_munmap;do_mas_align_munmap;unmap_region;unmap_vmas;unmap_page_range
0.30% entry_SYSCALL_64_after_hwframe;do_syscall_64;__x64_sys_exit_group;do_group_exit;do_exit;__mmput;exit_mmap;unmap_vmas;unmap_page_range;_compound_head
0.30% entry_SYSCALL_64_after_hwframe;do_syscall_64;__x64_sys_exit_group;do_group_exit;do_exit;__mmput;exit_mmap;unmap_vmas;unmap_page_range;page_remove_rmap
0.30% entry_SYSCALL_64_after_hwframe;do_syscall_64;__x64_sys_exit_group;do_group_exit;do_exit;__mmput;exit_mmap;unmap_vmas;unmap_page_range
0.30% entry_SYSCALL_64_after_hwframe;do_syscall_64;ksys_write;vfs_write
0.29% entry_SYSCALL_64_after_hwframe;do_syscall_64;ksys_read;vfs_read;xfs_file_read_iter;xfs_file_buffered_read;filemap_read;touch_atime;atime_needs_update
0.29% entry_SYSCALL_64_after_hwframe;do_syscall_64;ksys_write;vfs_write;xfs_file_buffered_write;iomap_file_buffered_write;iomap_iter;xfs_buffered_write_iomap_begin;xfs_bmapi_reserve_delalloc;xfs_bmap_add_extent_hole_delay.constprop.0;xfs_iext_insert;kmem_alloc;__kmalloc
0.27% entry_SYSCALL_64_after_hwframe;do_syscall_64;__x64_sys_mprotect;do_mprotect_pkey;mprotect_fixup;vma_merge
0.27% entry_SYSCALL_64_after_hwframe;do_syscall_64;ksys_mmap_pgoff;vm_mmap_pgoff;do_mmap;mmap_region;do_mas_munmap;do_mas_align_munmap;mas_store_prealloc
0.26% entry_SYSCALL_64_after_hwframe;do_syscall_64;syscall_enter_from_user_mode
0.24% entry_SYSCALL_64_after_hwframe;do_syscall_64;syscall_exit_to_user_mode;exit_to_user_mode_prepare;task_work_run;__fput;__dentry_kill;destroy_inode;__destroy_inode;security_inode_free;hook_inode_free_security
0.18% entry_SYSCALL_64_after_hwframe;do_syscall_64;__x64_sys_execve;do_execveat_common.isra.0;bprm_execve;load_elf_binary;elf_map;vm_mmap_pgoff;do_mmap;mmap_region;perf_event_mmap;d_path;prepend_path
0.07% entry_SYSCALL_64_after_hwframe;do_syscall_64;__x64_sys_execve;do_execveat_common.isra.0;bprm_execve;load_elf_binary;begin_new_exec;security_bprm_committed_creds;tomoyo_bprm_committed_creds
     3.37%     0.00%  c2d      [kernel.kallsyms]     [k] do_syscall_64
0.30% do_syscall_64;__x64_sys_munmap;__vm_munmap;do_mas_munmap;do_mas_align_munmap;unmap_region;unmap_vmas;unmap_page_range
0.30% do_syscall_64;__x64_sys_exit_group;do_group_exit;do_exit;__mmput;exit_mmap;unmap_vmas;unmap_page_range;_compound_head
0.30% do_syscall_64;__x64_sys_exit_group;do_group_exit;do_exit;__mmput;exit_mmap;unmap_vmas;unmap_page_range;page_remove_rmap
0.30% do_syscall_64;__x64_sys_exit_group;do_group_exit;do_exit;__mmput;exit_mmap;unmap_vmas;unmap_page_range
0.30% do_syscall_64;ksys_write;vfs_write
0.29% do_syscall_64;ksys_read;vfs_read;xfs_file_read_iter;xfs_file_buffered_read;filemap_read;touch_atime;atime_needs_update
0.29% do_syscall_64;ksys_write;vfs_write;xfs_file_buffered_write;iomap_file_buffered_write;iomap_iter;xfs_buffered_write_iomap_begin;xfs_bmapi_reserve_delalloc;xfs_bmap_add_extent_hole_delay.constprop.0;xfs_iext_insert;kmem_alloc;__kmalloc
0.27% do_syscall_64;__x64_sys_mprotect;do_mprotect_pkey;mprotect_fixup;vma_merge
0.27% do_syscall_64;ksys_mmap_pgoff;vm_mmap_pgoff;do_mmap;mmap_region;do_mas_munmap;do_mas_align_munmap;mas_store_prealloc
0.26% do_syscall_64;syscall_enter_from_user_mode
0.24% do_syscall_64;syscall_exit_to_user_mode;exit_to_user_mode_prepare;task_work_run;__fput;__dentry_kill;destroy_inode;__destroy_inode;security_inode_free;hook_inode_free_security
0.18% do_syscall_64;__x64_sys_execve;do_execveat_common.isra.0;bprm_execve;load_elf_binary;elf_map;vm_mmap_pgoff;do_mmap;mmap_region;perf_event_mmap;d_path;prepend_path
0.07% do_syscall_64;__x64_sys_execve;do_execveat_common.isra.0;bprm_execve;load_elf_binary;begin_new_exec;security_bprm_committed_creds;tomoyo_bprm_committed_creds
     2.94%     0.00%  c2d      [kernel.kallsyms]     [k] exc_page_fault
0.60% exc_page_fault;do_user_addr_fault;handle_mm_fault;__handle_mm_fault;do_huge_pmd_wp_page;__split_huge_pmd
0.58% exc_page_fault;do_user_addr_fault;handle_mm_fault;__handle_mm_fault
0.30% exc_page_fault;do_user_addr_fault;handle_mm_fault;__handle_mm_fault;do_huge_pmd_anonymous_page;pte_alloc_one;__alloc_pages;get_page_from_freelist
0.30% exc_page_fault;do_user_addr_fault;handle_mm_fault;__handle_mm_fault;do_huge_pmd_anonymous_page;pte_alloc_one;__alloc_pages;should_fail_alloc_page
0.30% exc_page_fault;do_user_addr_fault;lock_mm_and_find_vma;find_vma;mt_find;mtree_range_walk
0.30% exc_page_fault;do_user_addr_fault;up_read
0.30% exc_page_fault;do_user_addr_fault;handle_mm_fault;__handle_mm_fault;do_huge_pmd_anonymous_page;pte_alloc_one;__alloc_pages;get_page_from_freelist;clear_page_rep
0.26% exc_page_fault;do_user_addr_fault;handle_mm_fault;__handle_mm_fault;do_fault;filemap_map_pages;next_uptodate_page
     2.94%     0.00%  c2d      [kernel.kallsyms]     [k] do_user_addr_fault
0.60% do_user_addr_fault;handle_mm_fault;__handle_mm_fault;do_huge_pmd_wp_page;__split_huge_pmd
0.58% do_user_addr_fault;handle_mm_fault;__handle_mm_fault
0.30% do_user_addr_fault;handle_mm_fault;__handle_mm_fault;do_huge_pmd_anonymous_page;pte_alloc_one;__alloc_pages;get_page_from_freelist
0.30% do_user_addr_fault;handle_mm_fault;__handle_mm_fault;do_huge_pmd_anonymous_page;pte_alloc_one;__alloc_pages;should_fail_alloc_page
0.30% do_user_addr_fault;lock_mm_and_find_vma;find_vma;mt_find;mtree_range_walk
0.30% do_user_addr_fault;up_read
0.30% do_user_addr_fault;handle_mm_fault;__handle_mm_fault;do_huge_pmd_anonymous_page;pte_alloc_one;__alloc_pages;get_page_from_freelist;clear_page_rep
0.26% do_user_addr_fault;handle_mm_fault;__handle_mm_fault;do_fault;filemap_map_pages;next_uptodate_page
     2.34%     0.58%  c2d      [kernel.kallsyms]     [k] __handle_mm_fault
0.60% __handle_mm_fault;do_huge_pmd_wp_page;__split_huge_pmd
0.30% __handle_mm_fault;do_huge_pmd_anonymous_page;pte_alloc_one;__alloc_pages;get_page_from_freelist
0.30% 0x7fd402d6724a;main;cnf2ddnnf_cmd_line;free_cache_manager;asm_exc_page_fault;exc_page_fault;do_user_addr_fault;handle_mm_fault;__handle_mm_fault
0.30% __handle_mm_fault;do_huge_pmd_anonymous_page;pte_alloc_one;__alloc_pages;should_fail_alloc_page
0.30% __handle_mm_fault;do_huge_pmd_anonymous_page;pte_alloc_one;__alloc_pages;get_page_from_freelist;clear_page_rep
0.28% 0;0x7fd402dd80d9;asm_exc_page_fault;exc_page_fault;do_user_addr_fault;handle_mm_fault;__handle_mm_fault
0.26% __handle_mm_fault;do_fault;filemap_map_pages;next_uptodate_page
     2.34%     0.00%  c2d      [kernel.kallsyms]     [k] handle_mm_fault
0.60% handle_mm_fault;__handle_mm_fault;do_huge_pmd_wp_page;__split_huge_pmd
0.58% handle_mm_fault;__handle_mm_fault
0.30% handle_mm_fault;__handle_mm_fault;do_huge_pmd_anonymous_page;pte_alloc_one;__alloc_pages;get_page_from_freelist
0.30% handle_mm_fault;__handle_mm_fault;do_huge_pmd_anonymous_page;pte_alloc_one;__alloc_pages;should_fail_alloc_page
0.30% handle_mm_fault;__handle_mm_fault;do_huge_pmd_anonymous_page;pte_alloc_one;__alloc_pages;get_page_from_freelist;clear_page_rep
0.26% handle_mm_fault;__handle_mm_fault;do_fault;filemap_map_pages;next_uptodate_page
     1.79%     0.00%  c2d      c2d                   [.] compile_cnf
0.30% compile_cnf;compile_dt;compile_decomposed;lookup_or_compile_dt;compile_dt;compile_dt;compile_decomposed;lookup_or_compile_dt;compile_decomposed;lookup_or_compile_dt;compile_decomposed;lookup_or_compile_dt;compile_decomposed;lookup_or_compile_dt;compile_dt;compile_dt;compile_decomposed;lookup_or_compile_dt;compile_decomposed;lookup_or_compile_dt;compile_dt;compile_dt;compile_decomposed;lookup_or_compile_dt;compile_decomposed;lookup_or_compile_dt;compile_decomposed;lookup_or_compile_dt;compile_decomposed;lookup_or_compile_dt;compile_decomposed;lookup_or_compile_dt;compile_decomposed;lookup_or_compile_dt;compile_decomposed;lookup_or_compile_dt;compile_dt;compile_dt;compile_decomposed;lookup_or_compile_dt;compile_dt;compile_dt;compile_decomposed;conjoin_relevant_lits;get_and_node;asm_exc_page_fault;exc_page_fault;do_user_addr_fault;handle_mm_fault;__handle_mm_fault;do_huge_pmd_wp_page;__split_huge_pmd
0.30% compile_cnf;compile_dt;compile_decomposed;lookup_or_compile_dt;compile_dt;compile_dt;compile_decomposed;lookup_or_compile_dt;compile_dt;compile_dt;compile_decomposed;lookup_or_compile_dt;compile_dt;compile_dt;compile_decomposed;lookup_or_compile_dt;compile_decomposed;lookup_or_compile_dt;compile_dt;compile_dt;compile_decomposed;conjoin_nnfs_lits;conjoin_relevant_lits;get_and_node;asm_exc_page_fault;exc_page_fault;do_user_addr_fault;handle_mm_fault;__handle_mm_fault;do_huge_pmd_wp_page;__split_huge_pmd
0.30% compile_cnf;compile_dt;compile_decomposed;lookup_or_compile_dt;insert_cnf_cache;hash_code;java_hash_code
0.30% compile_cnf;compile_dt;compile_decomposed;lookup_or_compile_dt;compile_dt;compile_dt;compile_decomposed;lookup_or_compile_dt;compile_dt;compile_dt;compile_decomposed;lookup_or_compile_dt;compile_decomposed;lookup_or_compile_dt;compile_decomposed;lookup_or_compile_dt;compile_decomposed;lookup_or_compile_dt;compile_decomposed;lookup_or_compile_dt
0.30% compile_cnf;compile_dt;compile_decomposed;lookup_or_compile_dt;compile_dt;compile_dt;compile_decomposed;lookup_or_compile_dt;compile_decomposed;lookup_or_compile_dt;compile_decomposed;lookup_or_compile_dt;compile_decomposed;lookup_or_compile_dt;compile_dt;compile_dt;compile_decomposed;conjoin_nnfs_lits;conjoin_relevant_lits;get_and_node;asm_exc_page_fault;exc_page_fault;do_user_addr_fault;handle_mm_fault;__handle_mm_fault;do_huge_pmd_anonymous_page;pte_alloc_one;__alloc_pages;get_page_from_freelist;clear_page_rep
0.30% compile_cnf;compile_dt;compile_decomposed;lookup_or_compile_dt;compile_dt;compile_dt;compile_decomposed;lookup_or_compile_dt;compile_decomposed;lookup_or_compile_dt;compile_decomposed;lookup_or_compile_dt;compile_decomposed;lookup_or_compile_dt;compile_dt;compile_dt;compile_decomposed;lookup_or_compile_dt;compile_decomposed;lookup_or_compile_dt;compile_dt;compile_dt;compile_decomposed;conjoin_nnfs_lits;get_and_node;__irqentry_text_end
     1.79%     0.00%  c2d      c2d                   [.] compile_dt
0.30% compile_dt;compile_decomposed;lookup_or_compile_dt;compile_dt;compile_dt;compile_decomposed;lookup_or_compile_dt;compile_decomposed;lookup_or_compile_dt;compile_decomposed;lookup_or_compile_dt;compile_decomposed;lookup_or_compile_dt;compile_dt;compile_dt;compile_decomposed;lookup_or_compile_dt;compile_decomposed;lookup_or_compile_dt;compile_dt;compile_dt;compile_decomposed;lookup_or_compile_dt;compile_decomposed;lookup_or_compile_dt;compile_decomposed;lookup_or_compile_dt;compile_decomposed;lookup_or_compile_dt;compile_decomposed;lookup_or_compile_dt;compile_decomposed;lookup_or_compile_dt;compile_decomposed;lookup_or_compile_dt;compile_dt;compile_dt;compile_decomposed;lookup_or_compile_dt;compile_dt;compile_dt;compile_decomposed;conjoin_relevant_lits;get_and_node;asm_exc_page_fault;exc_page_fault;do_user_addr_fault;handle_mm_fault;__handle_mm_fault;do_huge_pmd_wp_page;__split_huge_pmd
0.30% compile_dt;compile_decomposed;lookup_or_compile_dt;compile_dt;compile_dt;compile_decomposed;lookup_or_compile_dt;compile_dt;compile_dt;compile_decomposed;lookup_or_compile_dt;compile_dt;compile_dt;compile_decomposed;lookup_or_compile_dt;compile_decomposed;lookup_or_compile_dt;compile_dt;compile_dt;compile_decomposed;conjoin_nnfs_lits;conjoin_relevant_lits;get_and_node;asm_exc_page_fault;exc_page_fault;do_user_addr_fault;handle_mm_fault;__handle_mm_fault;do_huge_pmd_wp_page;__split_huge_pmd
0.30% compile_dt;compile_decomposed;lookup_or_compile_dt;insert_cnf_cache;hash_code;java_hash_code
0.30% compile_dt;compile_decomposed;lookup_or_compile_dt;compile_dt;compile_dt;compile_decomposed;lookup_or_compile_dt;compile_dt;compile_dt;compile_decomposed;lookup_or_compile_dt;compile_decomposed;lookup_or_compile_dt;compile_decomposed;lookup_or_compile_dt;compile_decomposed;lookup_or_compile_dt;compile_decomposed;lookup_or_compile_dt
0.30% compile_dt;compile_decomposed;lookup_or_compile_dt;compile_dt;compile_dt;compile_decomposed;lookup_or_compile_dt;compile_decomposed;lookup_or_compile_dt;compile_decomposed;lookup_or_compile_dt;compile_decomposed;lookup_or_compile_dt;compile_dt;compile_dt;compile_decomposed;conjoin_nnfs_lits;conjoin_relevant_lits;get_and_node;asm_exc_page_fault;exc_page_fault;do_user_addr_fault;handle_mm_fault;__handle_mm_fault;do_huge_pmd_anonymous_page;pte_alloc_one;__alloc_pages;get_page_from_freelist;clear_page_rep
0.30% compile_dt;compile_decomposed;lookup_or_compile_dt;compile_dt;compile_dt;compile_decomposed;lookup_or_compile_dt;compile_decomposed;lookup_or_compile_dt;compile_decomposed;lookup_or_compile_dt;compile_decomposed;lookup_or_compile_dt;compile_dt;compile_dt;compile_decomposed;lookup_or_compile_dt;compile_decomposed;lookup_or_compile_dt;compile_dt;compile_dt;compile_decomposed;conjoin_nnfs_lits;get_and_node;__irqentry_text_end
     1.79%     0.00%  c2d      c2d                   [.] compile_decomposed
0.30% compile_decomposed;lookup_or_compile_dt;compile_dt;compile_dt;compile_decomposed;lookup_or_compile_dt;compile_decomposed;lookup_or_compile_dt;compile_decomposed;lookup_or_compile_dt;compile_decomposed;lookup_or_compile_dt;compile_dt;compile_dt;compile_decomposed;lookup_or_compile_dt;compile_decomposed;lookup_or_compile_dt;compile_dt;compile_dt;compile_decomposed;lookup_or_compile_dt;compile_decomposed;lookup_or_compile_dt;compile_decomposed;lookup_or_compile_dt;compile_decomposed;lookup_or_compile_dt;compile_decomposed;lookup_or_compile_dt;compile_decomposed;lookup_or_compile_dt;compile_decomposed;lookup_or_compile_dt;compile_dt;compile_dt;compile_decomposed;lookup_or_compile_dt;compile_dt;compile_dt;compile_decomposed;conjoin_relevant_lits;get_and_node;asm_exc_page_fault;exc_page_fault;do_user_addr_fault;handle_mm_fault;__handle_mm_fault;do_huge_pmd_wp_page;__split_huge_pmd
0.30% compile_decomposed;lookup_or_compile_dt;compile_dt;compile_dt;compile_decomposed;lookup_or_compile_dt;compile_dt;compile_dt;compile_decomposed;lookup_or_compile_dt;compile_dt;compile_dt;compile_decomposed;lookup_or_compile_dt;compile_decomposed;lookup_or_compile_dt;compile_dt;compile_dt;compile_decomposed;conjoin_nnfs_lits;conjoin_relevant_lits;get_and_node;asm_exc_page_fault;exc_page_fault;do_user_addr_fault;handle_mm_fault;__handle_mm_fault;do_huge_pmd_wp_page;__split_huge_pmd
0.30% compile_decomposed;lookup_or_compile_dt;insert_cnf_cache;hash_code;java_hash_code
0.30% compile_decomposed;lookup_or_compile_dt;compile_dt;compile_dt;compile_decomposed;lookup_or_compile_dt;compile_dt;compile_dt;compile_decomposed;lookup_or_compile_dt;compile_decomposed;lookup_or_compile_dt;compile_decomposed;lookup_or_compile_dt;compile_decomposed;lookup_or_compile_dt;compile_decomposed;lookup_or_compile_dt
0.30% compile_decomposed;lookup_or_compile_dt;compile_dt;compile_dt;compile_decomposed;lookup_or_compile_dt;compile_decomposed;lookup_or_compile_dt;compile_decomposed;lookup_or_compile_dt;compile_decomposed;lookup_or_compile_dt;compile_dt;compile_dt;compile_decomposed;conjoin_nnfs_lits;conjoin_relevant_lits;get_and_node;asm_exc_page_fault;exc_page_fault;do_user_addr_fault;handle_mm_fault;__handle_mm_fault;do_huge_pmd_anonymous_page;pte_alloc_one;__alloc_pages;get_page_from_freelist;clear_page_rep
0.30% compile_decomposed;lookup_or_compile_dt;compile_dt;compile_dt;compile_decomposed;lookup_or_compile_dt;compile_decomposed;lookup_or_compile_dt;compile_decomposed;lookup_or_compile_dt;compile_decomposed;lookup_or_compile_dt;compile_dt;compile_dt;compile_decomposed;lookup_or_compile_dt;compile_decomposed;lookup_or_compile_dt;compile_dt;compile_dt;compile_decomposed;conjoin_nnfs_lits;get_and_node;__irqentry_text_end
     1.79%     0.30%  c2d      c2d                   [.] lookup_or_compile_dt
0.30% lookup_or_compile_dt;compile_dt;compile_dt;compile_decomposed;lookup_or_compile_dt;compile_decomposed;lookup_or_compile_dt;compile_decomposed;lookup_or_compile_dt;compile_decomposed;lookup_or_compile_dt;compile_dt;compile_dt;compile_decomposed;lookup_or_compile_dt;compile_decomposed;lookup_or_compile_dt;compile_dt;compile_dt;compile_decomposed;lookup_or_compile_dt;compile_decomposed;lookup_or_compile_dt;compile_decomposed;lookup_or_compile_dt;compile_decomposed;lookup_or_compile_dt;compile_decomposed;lookup_or_compile_dt;compile_decomposed;lookup_or_compile_dt;compile_decomposed;lookup_or_compile_dt;compile_dt;compile_dt;compile_decomposed;lookup_or_compile_dt;compile_dt;compile_dt;compile_decomposed;conjoin_relevant_lits;get_and_node;asm_exc_page_fault;exc_page_fault;do_user_addr_fault;handle_mm_fault;__handle_mm_fault;do_huge_pmd_wp_page;__split_huge_pmd
0.30% lookup_or_compile_dt;compile_dt;compile_dt;compile_decomposed;lookup_or_compile_dt;compile_dt;compile_dt;compile_decomposed;lookup_or_compile_dt;compile_dt;compile_dt;compile_decomposed;lookup_or_compile_dt;compile_decomposed;lookup_or_compile_dt;compile_dt;compile_dt;compile_decomposed;conjoin_nnfs_lits;conjoin_relevant_lits;get_and_node;asm_exc_page_fault;exc_page_fault;do_user_addr_fault;handle_mm_fault;__handle_mm_fault;do_huge_pmd_wp_page;__split_huge_pmd
0.30% lookup_or_compile_dt;insert_cnf_cache;hash_code;java_hash_code
0.30% 0x7fd402d6724a;main;cnf2ddnnf_cmd_line;compile_cnf;compile_dt;compile_decomposed;lookup_or_compile_dt;compile_dt;compile_dt;compile_decomposed;lookup_or_compile_dt;compile_dt;compile_dt;compile_decomposed;lookup_or_compile_dt;compile_decomposed;lookup_or_compile_dt;compile_decomposed;lookup_or_compile_dt;compile_decomposed;lookup_or_compile_dt;compile_decomposed;lookup_or_compile_dt
0.30% lookup_or_compile_dt;compile_dt;compile_dt;compile_decomposed;lookup_or_compile_dt;compile_decomposed;lookup_or_compile_dt;compile_decomposed;lookup_or_compile_dt;compile_decomposed;lookup_or_compile_dt;compile_dt;compile_dt;compile_decomposed;conjoin_nnfs_lits;conjoin_relevant_lits;get_and_node;asm_exc_page_fault;exc_page_fault;do_user_addr_fault;handle_mm_fault;__handle_mm_fault;do_huge_pmd_anonymous_page;pte_alloc_one;__alloc_pages;get_page_from_freelist;clear_page_rep
0.30% lookup_or_compile_dt;compile_dt;compile_dt;compile_decomposed;lookup_or_compile_dt;compile_decomposed;lookup_or_compile_dt;compile_decomposed;lookup_or_compile_dt;compile_decomposed;lookup_or_compile_dt;compile_dt;compile_dt;compile_decomposed;lookup_or_compile_dt;compile_decomposed;lookup_or_compile_dt;compile_dt;compile_dt;compile_decomposed;conjoin_nnfs_lits;get_and_node;__irqentry_text_end
     1.21%     0.60%  c2d      [kernel.kallsyms]     [k] unmap_page_range
0.30% __munmap;entry_SYSCALL_64_after_hwframe;do_syscall_64;__x64_sys_munmap;__vm_munmap;do_mas_munmap;do_mas_align_munmap;unmap_region;unmap_vmas;unmap_page_range
0.30% unmap_page_range;_compound_head
0.30% unmap_page_range;page_remove_rmap
0.30% entry_SYSCALL_64_after_hwframe;do_syscall_64;__x64_sys_exit_group;do_group_exit;do_exit;__mmput;exit_mmap;unmap_vmas;unmap_page_range
     1.21%     0.00%  c2d      [kernel.kallsyms]     [k] unmap_vmas
0.60% unmap_vmas;unmap_page_range
0.30% unmap_vmas;unmap_page_range;_compound_head
0.30% unmap_vmas;unmap_page_range;page_remove_rmap
     1.19%     0.00%  c2d      c2d                   [.] get_and_node
0.60% get_and_node;asm_exc_page_fault;exc_page_fault;do_user_addr_fault;handle_mm_fault;__handle_mm_fault;do_huge_pmd_wp_page;__split_huge_pmd
0.30% get_and_node;asm_exc_page_fault;exc_page_fault;do_user_addr_fault;handle_mm_fault;__handle_mm_fault;do_huge_pmd_anonymous_page;pte_alloc_one;__alloc_pages;get_page_from_freelist;clear_page_rep
0.30% get_and_node;__irqentry_text_end
     0.90%     0.00%  c2d      [kernel.kallsyms]     [k] __x64_sys_exit_group
0.30% __x64_sys_exit_group;do_group_exit;do_exit;__mmput;exit_mmap;unmap_vmas;unmap_page_range;_compound_head
0.30% __x64_sys_exit_group;do_group_exit;do_exit;__mmput;exit_mmap;unmap_vmas;unmap_page_range;page_remove_rmap
0.30% __x64_sys_exit_group;do_group_exit;do_exit;__mmput;exit_mmap;unmap_vmas;unmap_page_range
     0.90%     0.00%  c2d      [kernel.kallsyms]     [k] do_group_exit
0.30% do_group_exit;do_exit;__mmput;exit_mmap;unmap_vmas;unmap_page_range;_compound_head
0.30% do_group_exit;do_exit;__mmput;exit_mmap;unmap_vmas;unmap_page_range;page_remove_rmap
0.30% do_group_exit;do_exit;__mmput;exit_mmap;unmap_vmas;unmap_page_range
     0.90%     0.00%  c2d      [kernel.kallsyms]     [k] do_exit
0.30% do_exit;__mmput;exit_mmap;unmap_vmas;unmap_page_range;_compound_head
0.30% do_exit;__mmput;exit_mmap;unmap_vmas;unmap_page_range;page_remove_rmap
0.30% do_exit;__mmput;exit_mmap;unmap_vmas;unmap_page_range
     0.90%     0.00%  c2d      [kernel.kallsyms]     [k] __mmput
0.30% __mmput;exit_mmap;unmap_vmas;unmap_page_range;_compound_head
0.30% __mmput;exit_mmap;unmap_vmas;unmap_page_range;page_remove_rmap
0.30% __mmput;exit_mmap;unmap_vmas;unmap_page_range
     0.90%     0.00%  c2d      [kernel.kallsyms]     [k] exit_mmap
0.30% exit_mmap;unmap_vmas;unmap_page_range;_compound_head
0.30% exit_mmap;unmap_vmas;unmap_page_range;page_remove_rmap
0.30% exit_mmap;unmap_vmas;unmap_page_range
     0.90%     0.00%  c2d      [kernel.kallsyms]     [k] do_huge_pmd_anonymous_page
0.30% do_huge_pmd_anonymous_page;pte_alloc_one;__alloc_pages;get_page_from_freelist
0.30% do_huge_pmd_anonymous_page;pte_alloc_one;__alloc_pages;should_fail_alloc_page
0.30% do_huge_pmd_anonymous_page;pte_alloc_one;__alloc_pages;get_page_from_freelist;clear_page_rep
     0.90%     0.00%  c2d      [kernel.kallsyms]     [k] pte_alloc_one
0.30% pte_alloc_one;__alloc_pages;get_page_from_freelist
0.30% pte_alloc_one;__alloc_pages;should_fail_alloc_page
0.30% pte_alloc_one;__alloc_pages;get_page_from_freelist;clear_page_rep
     0.90%     0.00%  c2d      [kernel.kallsyms]     [k] __alloc_pages
0.30% __alloc_pages;get_page_from_freelist
0.30% __alloc_pages;should_fail_alloc_page
0.30% __alloc_pages;get_page_from_freelist;clear_page_rep
     0.89%     0.00%  c2d      c2d                   [.] conjoin_relevant_lits
0.60% conjoin_relevant_lits;get_and_node;asm_exc_page_fault;exc_page_fault;do_user_addr_fault;handle_mm_fault;__handle_mm_fault;do_huge_pmd_wp_page;__split_huge_pmd
0.30% conjoin_relevant_lits;get_and_node;asm_exc_page_fault;exc_page_fault;do_user_addr_fault;handle_mm_fault;__handle_mm_fault;do_huge_pmd_anonymous_page;pte_alloc_one;__alloc_pages;get_page_from_freelist;clear_page_rep
     0.89%     0.00%  c2d      c2d                   [.] conjoin_nnfs_lits
0.30% conjoin_nnfs_lits;conjoin_relevant_lits;get_and_node;asm_exc_page_fault;exc_page_fault;do_user_addr_fault;handle_mm_fault;__handle_mm_fault;do_huge_pmd_wp_page;__split_huge_pmd
0.30% conjoin_nnfs_lits;conjoin_relevant_lits;get_and_node;asm_exc_page_fault;exc_page_fault;do_user_addr_fault;handle_mm_fault;__handle_mm_fault;do_huge_pmd_anonymous_page;pte_alloc_one;__alloc_pages;get_page_from_freelist;clear_page_rep
0.30% conjoin_nnfs_lits;get_and_node;__irqentry_text_end
     0.86%     0.00%  c2d      c2d                   [.] load_hdtree_from_file
0.29% load_hdtree_from_file;dtree_skeleton2hdtree;initialize_hdtree;initialize_hdtree;initialize_hdtree;initialize_hdtree;initialize_hdtree;initialize_hdtree;initialize_hdtree;initialize_hdtree;initialize_hdtree;initialize_hdtree;initialize_hdtree;initialize_hdtree;initialize_hdtree;initialize_hdtree;initialize_hdtree;initialize_hdtree;initialize_hdtree;initialize_hdtree;initialize_hdtree;initialize_hdtree;edges_concat;new_hgr_edges
0.29% load_hdtree_from_file;dtree_skeleton2hdtree;initialize_hdtree;initialize_hdtree;initialize_hdtree;initialize_hdtree;initialize_hdtree;initialize_hdtree;initialize_hdtree;initialize_hdtree;initialize_hdtree;initialize_hdtree;initialize_hdtree;initialize_hdtree;initialize_hdtree;initialize_hdtree;initialize_hdtree;initialize_hdtree;initialize_hdtree;initialize_hdtree;initialize_hdtree;initialize_hdtree;initialize_hdtree;initialize_hdtree;initialize_hdtree;initialize_hdtree;edges_minus
0.29% load_hdtree_from_file;dtree_skeleton2hdtree
     0.86%     0.29%  c2d      c2d                   [.] dtree_skeleton2hdtree
0.29% dtree_skeleton2hdtree;initialize_hdtree;initialize_hdtree;initialize_hdtree;initialize_hdtree;initialize_hdtree;initialize_hdtree;initialize_hdtree;initialize_hdtree;initialize_hdtree;initialize_hdtree;initialize_hdtree;initialize_hdtree;initialize_hdtree;initialize_hdtree;initialize_hdtree;initialize_hdtree;initialize_hdtree;initialize_hdtree;initialize_hdtree;initialize_hdtree;edges_concat;new_hgr_edges
0.29% dtree_skeleton2hdtree;initialize_hdtree;initialize_hdtree;initialize_hdtree;initialize_hdtree;initialize_hdtree;initialize_hdtree;initialize_hdtree;initialize_hdtree;initialize_hdtree;initialize_hdtree;initialize_hdtree;initialize_hdtree;initialize_hdtree;initialize_hdtree;initialize_hdtree;initialize_hdtree;initialize_hdtree;initialize_hdtree;initialize_hdtree;initialize_hdtree;initialize_hdtree;initialize_hdtree;initialize_hdtree;initialize_hdtree;edges_minus
0.29% 0x7fd402d6724a;main;cnf2ddnnf_cmd_line;load_hdtree_from_file;dtree_skeleton2hdtree
     0.86%     0.00%  c2d      [unknown]             [k] 0000000000000000
0.29% 0;0x7fd402dd80d9;asm_exc_page_fault
0.29% 0;read;entry_SYSCALL_64_after_hwframe;do_syscall_64;ksys_read;vfs_read;xfs_file_read_iter;xfs_file_buffered_read;filemap_read;touch_atime;atime_needs_update
0.28% 0;0x7fd402dd80d9;asm_exc_page_fault;exc_page_fault;do_user_addr_fault;handle_mm_fault;__handle_mm_fault
     0.80%     0.00%  c2d      ld-linux-x86-64.so.2  [.] 0x00007fd4032b1a58
0.27% 0x7fd4032b1a58;0x7fd4032b122f;0x7fd4032b4c99;0x7fd4032b7b47;entry_SYSCALL_64_after_hwframe;do_syscall_64;__x64_sys_mprotect;do_mprotect_pkey;mprotect_fixup;vma_merge
0.27% 0x7fd4032b1a58;0x7fd4032b122f;0x7fd4032b4c99;0x7fd4032a5395
0.26% 0x7fd4032b1a58;0x7fd4032b122f;0x7fd4032b4c99;0x7fd4032a5309
     0.80%     0.00%  c2d      ld-linux-x86-64.so.2  [.] 0x00007fd4032b122f
0.27% 0x7fd4032b122f;0x7fd4032b4c99;0x7fd4032b7b47;entry_SYSCALL_64_after_hwframe;do_syscall_64;__x64_sys_mprotect;do_mprotect_pkey;mprotect_fixup;vma_merge
0.27% 0x7fd4032b122f;0x7fd4032b4c99;0x7fd4032a5395
0.26% 0x7fd4032b122f;0x7fd4032b4c99;0x7fd4032a5309
     0.80%     0.00%  c2d      ld-linux-x86-64.so.2  [.] 0x00007fd4032b4c99
0.27% 0x7fd4032b4c99;0x7fd4032b7b47;entry_SYSCALL_64_after_hwframe;do_syscall_64;__x64_sys_mprotect;do_mprotect_pkey;mprotect_fixup;vma_merge
0.27% 0x7fd4032b4c99;0x7fd4032a5395
0.26% 0x7fd4032b4c99;0x7fd4032a5309
     0.79%     0.00%  c2d      [unknown]             [k] 0x00007fd4032ca8a8
0.27% 0x7fd4032ca8a8;0x7fd40329f075;0x7fd4032b7ae3;entry_SYSCALL_64_after_hwframe;do_syscall_64;ksys_mmap_pgoff;vm_mmap_pgoff;do_mmap;mmap_region;do_mas_munmap;do_mas_align_munmap;mas_store_prealloc
0.26% 0x7fd4032ca8a8;0x7fd40329f075;0x7fd4032b7ae3;entry_SYSCALL_64_after_hwframe;do_syscall_64;syscall_enter_from_user_mode
0.26% 0x7fd4032ca8a8;0x7fd40329f193;0x7fd4032aa4b8;asm_exc_page_fault;exc_page_fault;do_user_addr_fault;handle_mm_fault;__handle_mm_fault;do_fault;filemap_map_pages;next_uptodate_page
     0.60%     0.60%  c2d      [kernel.kallsyms]     [k] __irqentry_text_end
0.30% 0x7fd402d6724a;main;cnf2ddnnf_cmd_line;free_cache_manager;__irqentry_text_end
0.30% 0x7fd402d6724a;main;cnf2ddnnf_cmd_line;compile_cnf;compile_dt;compile_decomposed;lookup_or_compile_dt;compile_dt;compile_dt;compile_decomposed;lookup_or_compile_dt;compile_decomposed;lookup_or_compile_dt;compile_decomposed;lookup_or_compile_dt;compile_decomposed;lookup_or_compile_dt;compile_dt;compile_dt;compile_decomposed;lookup_or_compile_dt;compile_decomposed;lookup_or_compile_dt;compile_dt;compile_dt;compile_decomposed;conjoin_nnfs_lits;get_and_node;__irqentry_text_end
     0.60%     0.30%  c2d      [kernel.kallsyms]     [k] get_page_from_freelist
0.30% 0x7fd402d6724a;main;cnf2ddnnf_cmd_line;free_cache_manager;asm_exc_page_fault;exc_page_fault;do_user_addr_fault;handle_mm_fault;__handle_mm_fault;do_huge_pmd_anonymous_page;pte_alloc_one;__alloc_pages;get_page_from_freelist
0.30% get_page_from_freelist;clear_page_rep
     0.60%     0.60%  c2d      [kernel.kallsyms]     [k] __split_huge_pmd
0.30% 0x7fd402d6724a;main;cnf2ddnnf_cmd_line;compile_cnf;compile_dt;compile_decomposed;lookup_or_compile_dt;compile_dt;compile_dt;compile_decomposed;lookup_or_compile_dt;compile_decomposed;lookup_or_compile_dt;compile_decomposed;lookup_or_compile_dt;compile_decomposed;lookup_or_compile_dt;compile_dt;compile_dt;compile_decomposed;lookup_or_compile_dt;compile_decomposed;lookup_or_compile_dt;compile_dt;compile_dt;compile_decomposed;lookup_or_compile_dt;compile_decomposed;lookup_or_compile_dt;compile_decomposed;lookup_or_compile_dt;compile_decomposed;lookup_or_compile_dt;compile_decomposed;lookup_or_compile_dt;compile_decomposed;lookup_or_compile_dt;compile_decomposed;lookup_or_compile_dt;compile_dt;compile_dt;compile_decomposed;lookup_or_compile_dt;compile_dt;compile_dt;compile_decomposed;conjoin_relevant_lits;get_and_node;asm_exc_page_fault;exc_page_fault;do_user_addr_fault;handle_mm_fault;__handle_mm_fault;do_huge_pmd_wp_page;__split_huge_pmd
0.30% 0x7fd402d6724a;main;cnf2ddnnf_cmd_line;compile_cnf;compile_dt;compile_decomposed;lookup_or_compile_dt;compile_dt;compile_dt;compile_decomposed;lookup_or_compile_dt;compile_dt;compile_dt;compile_decomposed;lookup_or_compile_dt;compile_dt;compile_dt;compile_decomposed;lookup_or_compile_dt;compile_decomposed;lookup_or_compile_dt;compile_dt;compile_dt;compile_decomposed;conjoin_nnfs_lits;conjoin_relevant_lits;get_and_node;asm_exc_page_fault;exc_page_fault;do_user_addr_fault;handle_mm_fault;__handle_mm_fault;do_huge_pmd_wp_page;__split_huge_pmd
     0.60%     0.00%  c2d      [kernel.kallsyms]     [k] do_huge_pmd_wp_page
0.60% do_huge_pmd_wp_page;__split_huge_pmd
     0.58%     0.00%  c2d      libc.so.6             [.] write
0.30% write;entry_SYSCALL_64_after_hwframe;do_syscall_64;ksys_write;vfs_write
0.29% write;entry_SYSCALL_64_after_hwframe;do_syscall_64;ksys_write;vfs_write;xfs_file_buffered_write;iomap_file_buffered_write;iomap_iter;xfs_buffered_write_iomap_begin;xfs_bmapi_reserve_delalloc;xfs_bmap_add_extent_hole_delay.constprop.0;xfs_iext_insert;kmem_alloc;__kmalloc
     0.58%     0.00%  c2d      [kernel.kallsyms]     [k] ksys_write
0.30% ksys_write;vfs_write
0.29% ksys_write;vfs_write;xfs_file_buffered_write;iomap_file_buffered_write;iomap_iter;xfs_buffered_write_iomap_begin;xfs_bmapi_reserve_delalloc;xfs_bmap_add_extent_hole_delay.constprop.0;xfs_iext_insert;kmem_alloc;__kmalloc
     0.58%     0.30%  c2d      [kernel.kallsyms]     [k] vfs_write
0.30% 0x656572746420676e;write;entry_SYSCALL_64_after_hwframe;do_syscall_64;ksys_write;vfs_write
0.29% vfs_write;xfs_file_buffered_write;iomap_file_buffered_write;iomap_iter;xfs_buffered_write_iomap_begin;xfs_bmapi_reserve_delalloc;xfs_bmap_add_extent_hole_delay.constprop.0;xfs_iext_insert;kmem_alloc;__kmalloc
     0.58%     0.00%  c2d      c2d                   [.] initialize_hdtree
0.29% initialize_hdtree;initialize_hdtree;initialize_hdtree;initialize_hdtree;initialize_hdtree;initialize_hdtree;initialize_hdtree;initialize_hdtree;initialize_hdtree;initialize_hdtree;initialize_hdtree;initialize_hdtree;initialize_hdtree;initialize_hdtree;initialize_hdtree;initialize_hdtree;initialize_hdtree;initialize_hdtree;initialize_hdtree;initialize_hdtree;edges_concat;new_hgr_edges
0.29% initialize_hdtree;initialize_hdtree;initialize_hdtree;initialize_hdtree;initialize_hdtree;initialize_hdtree;initialize_hdtree;initialize_hdtree;initialize_hdtree;initialize_hdtree;initialize_hdtree;initialize_hdtree;initialize_hdtree;initialize_hdtree;initialize_hdtree;initialize_hdtree;initialize_hdtree;initialize_hdtree;initialize_hdtree;initialize_hdtree;initialize_hdtree;initialize_hdtree;initialize_hdtree;initialize_hdtree;edges_minus
     0.57%     0.00%  c2d      libc.so.6             [.] 0x00007fd402dd80d9
0.29% 0x7fd402dd80d9;asm_exc_page_fault
0.28% 0x7fd402dd80d9;asm_exc_page_fault;exc_page_fault;do_user_addr_fault;handle_mm_fault;__handle_mm_fault
     0.57%     0.00%  c2d      [kernel.kallsyms]     [k] do_mas_munmap
0.30% do_mas_munmap;do_mas_align_munmap;unmap_region;unmap_vmas;unmap_page_range
0.27% do_mas_munmap;do_mas_align_munmap;mas_store_prealloc
     0.57%     0.00%  c2d      [kernel.kallsyms]     [k] do_mas_align_munmap
0.30% do_mas_align_munmap;unmap_region;unmap_vmas;unmap_page_range
0.27% do_mas_align_munmap;mas_store_prealloc
     0.53%     0.00%  c2d      ld-linux-x86-64.so.2  [.] 0x00007fd40329f075
0.27% 0x7fd40329f075;0x7fd4032b7ae3;entry_SYSCALL_64_after_hwframe;do_syscall_64;ksys_mmap_pgoff;vm_mmap_pgoff;do_mmap;mmap_region;do_mas_munmap;do_mas_align_munmap;mas_store_prealloc
0.26% 0x7fd40329f075;0x7fd4032b7ae3;entry_SYSCALL_64_after_hwframe;do_syscall_64;syscall_enter_from_user_mode
     0.53%     0.00%  c2d      ld-linux-x86-64.so.2  [.] 0x00007fd4032b7ae3
0.27% 0x7fd4032b7ae3;entry_SYSCALL_64_after_hwframe;do_syscall_64;ksys_mmap_pgoff;vm_mmap_pgoff;do_mmap;mmap_region;do_mas_munmap;do_mas_align_munmap;mas_store_prealloc
0.26% 0x7fd4032b7ae3;entry_SYSCALL_64_after_hwframe;do_syscall_64;syscall_enter_from_user_mode
     0.44%     0.00%  c2d      [kernel.kallsyms]     [k] vm_mmap_pgoff
0.27% vm_mmap_pgoff;do_mmap;mmap_region;do_mas_munmap;do_mas_align_munmap;mas_store_prealloc
0.18% vm_mmap_pgoff;do_mmap;mmap_region;perf_event_mmap;d_path;prepend_path
     0.44%     0.00%  c2d      [kernel.kallsyms]     [k] do_mmap
0.27% do_mmap;mmap_region;do_mas_munmap;do_mas_align_munmap;mas_store_prealloc
0.18% do_mmap;mmap_region;perf_event_mmap;d_path;prepend_path
     0.44%     0.00%  c2d      [kernel.kallsyms]     [k] mmap_region
0.27% mmap_region;do_mas_munmap;do_mas_align_munmap;mas_store_prealloc
0.18% mmap_region;perf_event_mmap;d_path;prepend_path
     0.30%     0.00%  c2d      libc.so.6             [.] __munmap
0.30% __munmap;entry_SYSCALL_64_after_hwframe;do_syscall_64;__x64_sys_munmap;__vm_munmap;do_mas_munmap;do_mas_align_munmap;unmap_region;unmap_vmas;unmap_page_range
     0.30%     0.00%  c2d      [kernel.kallsyms]     [k] __x64_sys_munmap
0.30% __x64_sys_munmap;__vm_munmap;do_mas_munmap;do_mas_align_munmap;unmap_region;unmap_vmas;unmap_page_range
     0.30%     0.00%  c2d      [kernel.kallsyms]     [k] __vm_munmap
0.30% __vm_munmap;do_mas_munmap;do_mas_align_munmap;unmap_region;unmap_vmas;unmap_page_range
     0.30%     0.00%  c2d      [kernel.kallsyms]     [k] unmap_region
0.30% unmap_region;unmap_vmas;unmap_page_range
     0.30%     0.30%  c2d      [kernel.kallsyms]     [k] should_fail_alloc_page
0.30% 0x7fd402d6724a;main;cnf2ddnnf_cmd_line;free_cache_manager;asm_exc_page_fault;exc_page_fault;do_user_addr_fault;handle_mm_fault;__handle_mm_fault;do_huge_pmd_anonymous_page;pte_alloc_one;__alloc_pages;should_fail_alloc_page
     0.30%     0.30%  c2d      [kernel.kallsyms]     [k] _compound_head
0.30% entry_SYSCALL_64_after_hwframe;do_syscall_64;__x64_sys_exit_group;do_group_exit;do_exit;__mmput;exit_mmap;unmap_vmas;unmap_page_range;_compound_head
     0.30%     0.30%  c2d      [kernel.kallsyms]     [k] page_remove_rmap
0.30% entry_SYSCALL_64_after_hwframe;do_syscall_64;__x64_sys_exit_group;do_group_exit;do_exit;__mmput;exit_mmap;unmap_vmas;unmap_page_range;page_remove_rmap
     0.30%     0.30%  c2d      libc.so.6             [.] 0x00000000000960f0
0.30% 0x7fd402dd60f2
     0.30%     0.00%  c2d      libc.so.6             [.] 0x00007fd402dd60f2
0.30% 0x7fd402dd60f2
     0.30%     0.30%  c2d      [kernel.kallsyms]     [k] mtree_range_walk
0.30% 0x7fd402d6724a;main;cnf2ddnnf_cmd_line;free_cache_manager;asm_exc_page_fault;exc_page_fault;do_user_addr_fault;lock_mm_and_find_vma;find_vma;mt_find;mtree_range_walk
     0.30%     0.00%  c2d      [kernel.kallsyms]     [k] lock_mm_and_find_vma
0.30% lock_mm_and_find_vma;find_vma;mt_find;mtree_range_walk
     0.30%     0.00%  c2d      [kernel.kallsyms]     [k] find_vma
0.30% find_vma;mt_find;mtree_range_walk
     0.30%     0.00%  c2d      [kernel.kallsyms]     [k] mt_find
0.30% mt_find;mtree_range_walk
     0.30%     0.30%  c2d      [kernel.kallsyms]     [k] error_entry
0.30% 0x7fd402d6724a;main;cnf2ddnnf_cmd_line;free_cache_manager;error_entry
     0.30%     0.30%  c2d      [kernel.kallsyms]     [k] up_read
0.30% 0x7fd402d6724a;main;cnf2ddnnf_cmd_line;free_cache_manager;asm_exc_page_fault;exc_page_fault;do_user_addr_fault;up_read
     0.30%     0.30%  c2d      c2d                   [.] java_hash_code
0.30% 0x7fd402d6724a;main;cnf2ddnnf_cmd_line;compile_cnf;compile_dt;compile_decomposed;lookup_or_compile_dt;insert_cnf_cache;hash_code;java_hash_code
     0.30%     0.00%  c2d      c2d                   [.] insert_cnf_cache
0.30% insert_cnf_cache;hash_code;java_hash_code
     0.30%     0.00%  c2d      c2d                   [.] hash_code
0.30% hash_code;java_hash_code
     0.30%     0.00%  c2d      [unknown]             [k] 0x656572746420676e
0.30% 0x656572746420676e;write;entry_SYSCALL_64_after_hwframe;do_syscall_64;ksys_write;vfs_write
     0.30%     0.30%  c2d      [kernel.kallsyms]     [k] clear_page_rep
0.30% 0x7fd402d6724a;main;cnf2ddnnf_cmd_line;compile_cnf;compile_dt;compile_decomposed;lookup_or_compile_dt;compile_dt;compile_dt;compile_decomposed;lookup_or_compile_dt;compile_decomposed;lookup_or_compile_dt;compile_decomposed;lookup_or_compile_dt;compile_decomposed;lookup_or_compile_dt;compile_dt;compile_dt;compile_decomposed;conjoin_nnfs_lits;conjoin_relevant_lits;get_and_node;asm_exc_page_fault;exc_page_fault;do_user_addr_fault;handle_mm_fault;__handle_mm_fault;do_huge_pmd_anonymous_page;pte_alloc_one;__alloc_pages;get_page_from_freelist;clear_page_rep
     0.30%     0.30%  c2d      c2d                   [.] free@plt
0.30% 0x7fd402d6724a;main;cnf2ddnnf_cmd_line;free_hdtree;free_hdtree;free_hdtree;free_hdtree;free_hdtree;free_hdtree;free_hdtree;free_hdtree;free_hdtree;free_hdtree;free_hdtree;free_hdtree;cfree
     0.30%     0.00%  c2d      c2d                   [.] free_hdtree
0.30% free_hdtree;free_hdtree;free_hdtree;free_hdtree;free_hdtree;free_hdtree;free_hdtree;free_hdtree;free_hdtree;free_hdtree;free_hdtree;free_hdtree;cfree
     0.30%     0.00%  c2d      libc.so.6             [.] cfree
0.30% cfree
     0.29%     0.29%  c2d      c2d                   [.] edges_subset
0.29% 0x7fd402d6724a;main;cnf2ddnnf_cmd_line;construct_dtree_manager;hdtree2dtree;hdtree2dtree;hdtree2dtree;hdtree2dtree;hdtree2dtree;hdtree2dtree;hdtree2dtree;hdtree2dtree;hdtree2dtree;hdtree2dtree;hdtree2dtree;hdtree2dtree;hdtree2dtree;hdtree2dtree;edges_subset
     0.29%     0.00%  c2d      c2d                   [.] construct_dtree_manager
0.29% construct_dtree_manager;hdtree2dtree;hdtree2dtree;hdtree2dtree;hdtree2dtree;hdtree2dtree;hdtree2dtree;hdtree2dtree;hdtree2dtree;hdtree2dtree;hdtree2dtree;hdtree2dtree;hdtree2dtree;hdtree2dtree;hdtree2dtree;edges_subset
     0.29%     0.00%  c2d      c2d                   [.] hdtree2dtree
0.29% hdtree2dtree;hdtree2dtree;hdtree2dtree;hdtree2dtree;hdtree2dtree;hdtree2dtree;hdtree2dtree;hdtree2dtree;hdtree2dtree;hdtree2dtree;hdtree2dtree;hdtree2dtree;hdtree2dtree;hdtree2dtree;edges_subset
     0.29%     0.29%  c2d      libc.so.6             [.] 0x000000000003fb9f
0.29% 0x7fd402d7fb70
     0.29%     0.00%  c2d      libc.so.6             [.] 0x00007fd402d7fb70
0.29% 0x7fd402d7fb70
     0.29%     0.29%  c2d      libc.so.6             [.] 0x00000000000980d9
0.29% 0;0x7fd402dd80d9;asm_exc_page_fault
     0.29%     0.29%  c2d      c2d                   [.] new_hgr_edges
0.29% 0x7fd402d6724a;main;cnf2ddnnf_cmd_line;load_hdtree_from_file;dtree_skeleton2hdtree;initialize_hdtree;initialize_hdtree;initialize_hdtree;initialize_hdtree;initialize_hdtree;initialize_hdtree;initialize_hdtree;initialize_hdtree;initialize_hdtree;initialize_hdtree;initialize_hdtree;initialize_hdtree;initialize_hdtree;initialize_hdtree;initialize_hdtree;initialize_hdtree;initialize_hdtree;initialize_hdtree;initialize_hdtree;initialize_hdtree;edges_concat;new_hgr_edges
     0.29%     0.00%  c2d      c2d                   [.] edges_concat
0.29% edges_concat;new_hgr_edges
     0.29%     0.29%  c2d      [kernel.kallsyms]     [k] atime_needs_update
0.29% 0;read;entry_SYSCALL_64_after_hwframe;do_syscall_64;ksys_read;vfs_read;xfs_file_read_iter;xfs_file_buffered_read;filemap_read;touch_atime;atime_needs_update
     0.29%     0.00%  c2d      libc.so.6             [.] read
0.29% read;entry_SYSCALL_64_after_hwframe;do_syscall_64;ksys_read;vfs_read;xfs_file_read_iter;xfs_file_buffered_read;filemap_read;touch_atime;atime_needs_update
     0.29%     0.00%  c2d      [kernel.kallsyms]     [k] ksys_read
0.29% ksys_read;vfs_read;xfs_file_read_iter;xfs_file_buffered_read;filemap_read;touch_atime;atime_needs_update
     0.29%     0.00%  c2d      [kernel.kallsyms]     [k] vfs_read
0.29% vfs_read;xfs_file_read_iter;xfs_file_buffered_read;filemap_read;touch_atime;atime_needs_update
     0.29%     0.00%  c2d      [xfs]                 [k] xfs_file_read_iter
0.29% xfs_file_read_iter;xfs_file_buffered_read;filemap_read;touch_atime;atime_needs_update
     0.29%     0.00%  c2d      [xfs]                 [k] xfs_file_buffered_read
0.29% xfs_file_buffered_read;filemap_read;touch_atime;atime_needs_update
     0.29%     0.00%  c2d      [kernel.kallsyms]     [k] filemap_read
0.29% filemap_read;touch_atime;atime_needs_update
     0.29%     0.00%  c2d      [kernel.kallsyms]     [k] touch_atime
0.29% touch_atime;atime_needs_update
     0.29%     0.29%  c2d      c2d                   [.] edges_minus
0.29% 0x7fd402d6724a;main;cnf2ddnnf_cmd_line;load_hdtree_from_file;dtree_skeleton2hdtree;initialize_hdtree;initialize_hdtree;initialize_hdtree;initialize_hdtree;initialize_hdtree;initialize_hdtree;initialize_hdtree;initialize_hdtree;initialize_hdtree;initialize_hdtree;initialize_hdtree;initialize_hdtree;initialize_hdtree;initialize_hdtree;initialize_hdtree;initialize_hdtree;initialize_hdtree;initialize_hdtree;initialize_hdtree;initialize_hdtree;initialize_hdtree;initialize_hdtree;initialize_hdtree;initialize_hdtree;edges_minus
     0.29%     0.29%  c2d      [kernel.kallsyms]     [k] __kmalloc
0.29% 0x72656c69706d6f63;write;entry_SYSCALL_64_after_hwframe;do_syscall_64;ksys_write;vfs_write;xfs_file_buffered_write;iomap_file_buffered_write;iomap_iter;xfs_buffered_write_iomap_begin;xfs_bmapi_reserve_delalloc;xfs_bmap_add_extent_hole_delay.constprop.0;xfs_iext_insert;kmem_alloc;__kmalloc
     0.29%     0.00%  c2d      [unknown]             [k] 0x72656c69706d6f63
0.29% 0x72656c69706d6f63;write;entry_SYSCALL_64_after_hwframe;do_syscall_64;ksys_write;vfs_write;xfs_file_buffered_write;iomap_file_buffered_write;iomap_iter;xfs_buffered_write_iomap_begin;xfs_bmapi_reserve_delalloc;xfs_bmap_add_extent_hole_delay.constprop.0;xfs_iext_insert;kmem_alloc;__kmalloc
     0.29%     0.00%  c2d      [xfs]                 [k] xfs_file_buffered_write
0.29% xfs_file_buffered_write;iomap_file_buffered_write;iomap_iter;xfs_buffered_write_iomap_begin;xfs_bmapi_reserve_delalloc;xfs_bmap_add_extent_hole_delay.constprop.0;xfs_iext_insert;kmem_alloc;__kmalloc
     0.29%     0.00%  c2d      [kernel.kallsyms]     [k] iomap_file_buffered_write
0.29% iomap_file_buffered_write;iomap_iter;xfs_buffered_write_iomap_begin;xfs_bmapi_reserve_delalloc;xfs_bmap_add_extent_hole_delay.constprop.0;xfs_iext_insert;kmem_alloc;__kmalloc
     0.29%     0.00%  c2d      [kernel.kallsyms]     [k] iomap_iter
0.29% iomap_iter;xfs_buffered_write_iomap_begin;xfs_bmapi_reserve_delalloc;xfs_bmap_add_extent_hole_delay.constprop.0;xfs_iext_insert;kmem_alloc;__kmalloc
     0.29%     0.00%  c2d      [xfs]                 [k] xfs_buffered_write_iomap_begin
0.29% xfs_buffered_write_iomap_begin;xfs_bmapi_reserve_delalloc;xfs_bmap_add_extent_hole_delay.constprop.0;xfs_iext_insert;kmem_alloc;__kmalloc
     0.29%     0.00%  c2d      [xfs]                 [k] xfs_bmapi_reserve_delalloc
0.29% xfs_bmapi_reserve_delalloc;xfs_bmap_add_extent_hole_delay.constprop.0;xfs_iext_insert;kmem_alloc;__kmalloc
     0.29%     0.00%  c2d      [xfs]                 [k] xfs_bmap_add_extent_hole_delay.constprop.0
0.29% xfs_bmap_add_extent_hole_delay.constprop.0;xfs_iext_insert;kmem_alloc;__kmalloc
     0.29%     0.00%  c2d      [xfs]                 [k] xfs_iext_insert
0.29% xfs_iext_insert;kmem_alloc;__kmalloc
     0.29%     0.00%  c2d      [xfs]                 [k] kmem_alloc
0.29% kmem_alloc;__kmalloc
     0.28%     0.28%  c2d      libc.so.6             [.] 0x000000000005f085
0.28% 0x7fd402d6724a;main;__isoc99_fscanf;0x7fd402d9f060
     0.28%     0.00%  c2d      libc.so.6             [.] __isoc99_fscanf
0.28% __isoc99_fscanf;0x7fd402d9f060
     0.28%     0.00%  c2d      libc.so.6             [.] 0x00007fd402d9f060
0.28% 0x7fd402d9f060
     0.28%     0.28%  c2d      c2d                   [.] std::ios_base::Init::Init@plt
0.28% __libc_start_main;_GLOBAL__sub_I__ZN5GraphC2EP3cnf;std::ios_base::Init::Init@plt
     0.28%     0.00%  c2d      libc.so.6             [.] __libc_start_main
0.28% __libc_start_main;_GLOBAL__sub_I__ZN5GraphC2EP3cnf;std::ios_base::Init::Init@plt
     0.28%     0.00%  c2d      c2d                   [.] _GLOBAL__sub_I__ZN5GraphC2EP3cnf
0.28% _GLOBAL__sub_I__ZN5GraphC2EP3cnf;std::ios_base::Init::Init@plt
     0.28%     0.28%  c2d      ld-linux-x86-64.so.2  [.] 0x0000000000009016
0.28% 0x7fd4032a0019
     0.28%     0.00%  c2d      ld-linux-x86-64.so.2  [.] 0x00007fd4032a0019
0.28% 0x7fd4032a0019
     0.27%     0.27%  c2d      ld-linux-x86-64.so.2  [.] 0x0000000000008bf9
0.27% 0x7fd40329fbfe
     0.27%     0.00%  c2d      ld-linux-x86-64.so.2  [.] 0x00007fd40329fbfe
0.27% 0x7fd40329fbfe
     0.27%     0.27%  c2d      [kernel.kallsyms]     [k] vma_merge
0.27% 0x7fd4032b1a58;0x7fd4032b122f;0x7fd4032b4c99;0x7fd4032b7b47;entry_SYSCALL_64_after_hwframe;do_syscall_64;__x64_sys_mprotect;do_mprotect_pkey;mprotect_fixup;vma_merge
     0.27%     0.00%  c2d      ld-linux-x86-64.so.2  [.] 0x00007fd4032b7b47
0.27% 0x7fd4032b7b47;entry_SYSCALL_64_after_hwframe;do_syscall_64;__x64_sys_mprotect;do_mprotect_pkey;mprotect_fixup;vma_merge
     0.27%     0.00%  c2d      [kernel.kallsyms]     [k] __x64_sys_mprotect
0.27% __x64_sys_mprotect;do_mprotect_pkey;mprotect_fixup;vma_merge
     0.27%     0.00%  c2d      [kernel.kallsyms]     [k] do_mprotect_pkey
0.27% do_mprotect_pkey;mprotect_fixup;vma_merge
     0.27%     0.00%  c2d      [kernel.kallsyms]     [k] mprotect_fixup
0.27% mprotect_fixup;vma_merge
     0.27%     0.27%  c2d      ld-linux-x86-64.so.2  [.] 0x000000000000e393
0.27% 0x7fd4032b1a58;0x7fd4032b122f;0x7fd4032b4c99;0x7fd4032a5395
     0.27%     0.00%  c2d      ld-linux-x86-64.so.2  [.] 0x00007fd4032a5395
0.27% 0x7fd4032a5395
     0.27%     0.27%  c2d      [kernel.kallsyms]     [k] mas_store_prealloc
0.27% 0x7fd4032ca8a8;0x7fd40329f075;0x7fd4032b7ae3;entry_SYSCALL_64_after_hwframe;do_syscall_64;ksys_mmap_pgoff;vm_mmap_pgoff;do_mmap;mmap_region;do_mas_munmap;do_mas_align_munmap;mas_store_prealloc
     0.27%     0.00%  c2d      [kernel.kallsyms]     [k] ksys_mmap_pgoff
0.27% ksys_mmap_pgoff;vm_mmap_pgoff;do_mmap;mmap_region;do_mas_munmap;do_mas_align_munmap;mas_store_prealloc
     0.26%     0.26%  c2d      ld-linux-x86-64.so.2  [.] 0x0000000000008bdf
0.26% 0x7fd40329fbe7
     0.26%     0.00%  c2d      ld-linux-x86-64.so.2  [.] 0x00007fd40329fbe7
0.26% 0x7fd40329fbe7
     0.26%     0.26%  c2d      [kernel.kallsyms]     [k] syscall_enter_from_user_mode
0.26% 0x7fd4032ca8a8;0x7fd40329f075;0x7fd4032b7ae3;entry_SYSCALL_64_after_hwframe;do_syscall_64;syscall_enter_from_user_mode
     0.26%     0.26%  c2d      ld-linux-x86-64.so.2  [.] 0x000000000000e305
0.26% 0x7fd4032b1a58;0x7fd4032b122f;0x7fd4032b4c99;0x7fd4032a5309
     0.26%     0.00%  c2d      ld-linux-x86-64.so.2  [.] 0x00007fd4032a5309
0.26% 0x7fd4032a5309
     0.26%     0.26%  c2d      [kernel.kallsyms]     [k] next_uptodate_page
0.26% 0x7fd4032ca8a8;0x7fd40329f193;0x7fd4032aa4b8;asm_exc_page_fault;exc_page_fault;do_user_addr_fault;handle_mm_fault;__handle_mm_fault;do_fault;filemap_map_pages;next_uptodate_page
     0.26%     0.00%  c2d      ld-linux-x86-64.so.2  [.] 0x00007fd40329f193
0.26% 0x7fd40329f193;0x7fd4032aa4b8;asm_exc_page_fault;exc_page_fault;do_user_addr_fault;handle_mm_fault;__handle_mm_fault;do_fault;filemap_map_pages;next_uptodate_page
     0.26%     0.00%  c2d      ld-linux-x86-64.so.2  [.] 0x00007fd4032aa4b8
0.26% 0x7fd4032aa4b8;asm_exc_page_fault;exc_page_fault;do_user_addr_fault;handle_mm_fault;__handle_mm_fault;do_fault;filemap_map_pages;next_uptodate_page
     0.26%     0.00%  c2d      [kernel.kallsyms]     [k] do_fault
0.26% do_fault;filemap_map_pages;next_uptodate_page
     0.26%     0.00%  c2d      [kernel.kallsyms]     [k] filemap_map_pages
0.26% filemap_map_pages;next_uptodate_page
     0.24%     0.00%  c2d      [unknown]             [k] 0x00007fbfcaaf3a97
0.18% 0x7fbfcaaf3a97;entry_SYSCALL_64_after_hwframe;do_syscall_64;__x64_sys_execve;do_execveat_common.isra.0;bprm_execve;load_elf_binary;elf_map;vm_mmap_pgoff;do_mmap;mmap_region;perf_event_mmap;d_path;prepend_path
0.07% 0x7fbfcaaf3a97;entry_SYSCALL_64_after_hwframe;do_syscall_64;__x64_sys_execve;do_execveat_common.isra.0;bprm_execve;load_elf_binary;begin_new_exec;security_bprm_committed_creds;tomoyo_bprm_committed_creds
     0.24%     0.00%  c2d      [kernel.kallsyms]     [k] __x64_sys_execve
0.18% __x64_sys_execve;do_execveat_common.isra.0;bprm_execve;load_elf_binary;elf_map;vm_mmap_pgoff;do_mmap;mmap_region;perf_event_mmap;d_path;prepend_path
0.07% __x64_sys_execve;do_execveat_common.isra.0;bprm_execve;load_elf_binary;begin_new_exec;security_bprm_committed_creds;tomoyo_bprm_committed_creds
     0.24%     0.00%  c2d      [kernel.kallsyms]     [k] do_execveat_common.isra.0
0.18% do_execveat_common.isra.0;bprm_execve;load_elf_binary;elf_map;vm_mmap_pgoff;do_mmap;mmap_region;perf_event_mmap;d_path;prepend_path
0.07% do_execveat_common.isra.0;bprm_execve;load_elf_binary;begin_new_exec;security_bprm_committed_creds;tomoyo_bprm_committed_creds
     0.24%     0.00%  c2d      [kernel.kallsyms]     [k] bprm_execve
0.18% bprm_execve;load_elf_binary;elf_map;vm_mmap_pgoff;do_mmap;mmap_region;perf_event_mmap;d_path;prepend_path
0.07% bprm_execve;load_elf_binary;begin_new_exec;security_bprm_committed_creds;tomoyo_bprm_committed_creds
     0.24%     0.00%  c2d      [kernel.kallsyms]     [k] load_elf_binary
0.18% load_elf_binary;elf_map;vm_mmap_pgoff;do_mmap;mmap_region;perf_event_mmap;d_path;prepend_path
0.07% load_elf_binary;begin_new_exec;security_bprm_committed_creds;tomoyo_bprm_committed_creds
     0.24%     0.24%  c2d      [kernel.kallsyms]     [k] hook_inode_free_security
0.24% 0x7fd4032b1a50;entry_SYSCALL_64_after_hwframe;do_syscall_64;syscall_exit_to_user_mode;exit_to_user_mode_prepare;task_work_run;__fput;__dentry_kill;destroy_inode;__destroy_inode;security_inode_free;hook_inode_free_security
     0.24%     0.00%  c2d      ld-linux-x86-64.so.2  [.] 0x00007fd4032b1a50
0.24% 0x7fd4032b1a50;entry_SYSCALL_64_after_hwframe;do_syscall_64;syscall_exit_to_user_mode;exit_to_user_mode_prepare;task_work_run;__fput;__dentry_kill;destroy_inode;__destroy_inode;security_inode_free;hook_inode_free_security
     0.24%     0.00%  c2d      [kernel.kallsyms]     [k] syscall_exit_to_user_mode
0.24% syscall_exit_to_user_mode;exit_to_user_mode_prepare;task_work_run;__fput;__dentry_kill;destroy_inode;__destroy_inode;security_inode_free;hook_inode_free_security
     0.24%     0.00%  c2d      [kernel.kallsyms]     [k] exit_to_user_mode_prepare
0.24% exit_to_user_mode_prepare;task_work_run;__fput;__dentry_kill;destroy_inode;__destroy_inode;security_inode_free;hook_inode_free_security
     0.24%     0.00%  c2d      [kernel.kallsyms]     [k] task_work_run
0.24% task_work_run;__fput;__dentry_kill;destroy_inode;__destroy_inode;security_inode_free;hook_inode_free_security
     0.24%     0.00%  c2d      [kernel.kallsyms]     [k] __fput
0.24% __fput;__dentry_kill;destroy_inode;__destroy_inode;security_inode_free;hook_inode_free_security
     0.24%     0.00%  c2d      [kernel.kallsyms]     [k] __dentry_kill
0.24% __dentry_kill;destroy_inode;__destroy_inode;security_inode_free;hook_inode_free_security
     0.24%     0.00%  c2d      [kernel.kallsyms]     [k] destroy_inode
0.24% destroy_inode;__destroy_inode;security_inode_free;hook_inode_free_security
     0.24%     0.00%  c2d      [kernel.kallsyms]     [k] __destroy_inode
0.24% __destroy_inode;security_inode_free;hook_inode_free_security
     0.24%     0.00%  c2d      [kernel.kallsyms]     [k] security_inode_free
0.24% security_inode_free;hook_inode_free_security
     0.18%     0.18%  c2d      [kernel.kallsyms]     [k] prepend_path
0.18% 0x7fbfcaaf3a97;entry_SYSCALL_64_after_hwframe;do_syscall_64;__x64_sys_execve;do_execveat_common.isra.0;bprm_execve;load_elf_binary;elf_map;vm_mmap_pgoff;do_mmap;mmap_region;perf_event_mmap;d_path;prepend_path
     0.18%     0.00%  c2d      [kernel.kallsyms]     [k] elf_map
0.18% elf_map;vm_mmap_pgoff;do_mmap;mmap_region;perf_event_mmap;d_path;prepend_path
     0.18%     0.00%  c2d      [kernel.kallsyms]     [k] perf_event_mmap
0.18% perf_event_mmap;d_path;prepend_path
     0.18%     0.00%  c2d      [kernel.kallsyms]     [k] d_path
0.18% d_path;prepend_path
     0.07%     0.07%  c2d      [kernel.kallsyms]     [k] tomoyo_bprm_committed_creds
0.07% 0x7fbfcaaf3a97;entry_SYSCALL_64_after_hwframe;do_syscall_64;__x64_sys_execve;do_execveat_common.isra.0;bprm_execve;load_elf_binary;begin_new_exec;security_bprm_committed_creds;tomoyo_bprm_committed_creds
     0.07%     0.00%  c2d      [kernel.kallsyms]     [k] begin_new_exec
0.07% begin_new_exec;security_bprm_committed_creds;tomoyo_bprm_committed_creds
     0.07%     0.00%  c2d      [kernel.kallsyms]     [k] security_bprm_committed_creds
0.07% security_bprm_committed_creds;tomoyo_bprm_committed_creds
     0.02%     0.00%  perf-ex  [unknown]             [k] 0x00007fbfcaaf3a97
0.02% 0x7fbfcaaf3a97;entry_SYSCALL_64_after_hwframe;do_syscall_64;__x64_sys_execve;do_execveat_common.isra.0;bprm_execve;load_elf_binary;begin_new_exec;perf_event_exec;perf_lock_task_context
     0.02%     0.00%  perf-ex  [kernel.kallsyms]     [k] entry_SYSCALL_64_after_hwframe
0.02% entry_SYSCALL_64_after_hwframe;do_syscall_64;__x64_sys_execve;do_execveat_common.isra.0;bprm_execve;load_elf_binary;begin_new_exec;perf_event_exec;perf_lock_task_context
     0.02%     0.00%  perf-ex  [kernel.kallsyms]     [k] do_syscall_64
0.02% do_syscall_64;__x64_sys_execve;do_execveat_common.isra.0;bprm_execve;load_elf_binary;begin_new_exec;perf_event_exec;perf_lock_task_context
     0.02%     0.00%  perf-ex  [kernel.kallsyms]     [k] __x64_sys_execve
0.02% __x64_sys_execve;do_execveat_common.isra.0;bprm_execve;load_elf_binary;begin_new_exec;perf_event_exec;perf_lock_task_context
     0.02%     0.00%  perf-ex  [kernel.kallsyms]     [k] do_execveat_common.isra.0
0.02% do_execveat_common.isra.0;bprm_execve;load_elf_binary;begin_new_exec;perf_event_exec;perf_lock_task_context
     0.02%     0.00%  perf-ex  [kernel.kallsyms]     [k] bprm_execve
0.02% bprm_execve;load_elf_binary;begin_new_exec;perf_event_exec;perf_lock_task_context
     0.02%     0.00%  perf-ex  [kernel.kallsyms]     [k] load_elf_binary
0.02% load_elf_binary;begin_new_exec;perf_event_exec;perf_lock_task_context
     0.02%     0.00%  perf-ex  [kernel.kallsyms]     [k] begin_new_exec
0.02% begin_new_exec;perf_event_exec;perf_lock_task_context
     0.02%     0.00%  perf-ex  [kernel.kallsyms]     [k] perf_event_exec
0.02% perf_event_exec;perf_lock_task_context
     0.02%     0.02%  perf-ex  [kernel.kallsyms]     [k] perf_lock_task_context
0.02% 0x7fbfcaaf3a97;entry_SYSCALL_64_after_hwframe;do_syscall_64;__x64_sys_execve;do_execveat_common.isra.0;bprm_execve;load_elf_binary;begin_new_exec;perf_event_exec;perf_lock_task_context
     0.00%     0.00%  perf-ex  [kernel.kallsyms]     [k] native_write_msr
     0.00%     0.00%  perf-ex  [kernel.kallsyms]     [k] __intel_pmu_enable_all.constprop.0
     0.00%     0.00%  perf-ex  [kernel.kallsyms]     [k] native_flush_tlb_one_user
     0.00%     0.00%  perf-ex  [kernel.kallsyms]     [k] nmi_cpu_backtrace_handler


#
# (Tip: System-wide collection from all CPUs: perf record -a)
#
