# To display the perf.data header info, please use --header/--header-only options.
#
#
# Total Lost Samples: 0
#
# Samples: 333  of event 'cycles'
# Event count (approx.): 231086014
#
# Children      Self  Command  Shared Object         Symbol                                
# ........  ........  .......  ....................  ......................................
#
    93.09%     0.00%  c2d      libc.so.6             [.] 0x00007f025cb6724a
88.50% 0x7f025cb6724a;main;cnf2ddnnf_cmd_line;free_cache_manager
0.31% 0x7f025cb6724a;main;cnf2ddnnf_cmd_line;free_cache_manager;asm_sysvec_apic_timer_interrupt;sysvec_apic_timer_interrupt;__sysvec_apic_timer_interrupt;hrtimer_interrupt;__hrtimer_run_queues;hrtimer_wakeup;try_to_wake_up;select_task_rq_fair
0.31% 0x7f025cb6724a;main;cnf2ddnnf_cmd_line;free_cache_manager;error_entry
0.31% 0x7f025cb6724a;main;cnf2ddnnf_cmd_line;free_cache_manager;asm_exc_page_fault;exc_page_fault;do_user_addr_fault;handle_mm_fault;__handle_mm_fault;do_huge_pmd_anonymous_page;pte_alloc_one;__alloc_pages
0.31% 0x7f025cb6724a;main;cnf2ddnnf_cmd_line;free_cache_manager;asm_exc_page_fault;exc_page_fault;do_user_addr_fault;lock_mm_and_find_vma;find_vma;mt_find
0.31% 0x7f025cb6724a;main;cnf2ddnnf_cmd_line;free_cache_manager;asm_exc_page_fault;exc_page_fault;do_user_addr_fault;handle_mm_fault;__handle_mm_fault;do_huge_pmd_anonymous_page;pgtable_trans_huge_deposit
0.31% 0x7f025cb6724a;main;cnf2ddnnf_cmd_line;free_cache_manager;asm_exc_page_fault;exc_page_fault
0.31% 0x7f025cb6724a;main;cnf2ddnnf_cmd_line;free_cache_manager;error_entry;sync_regs
0.31% 0x7f025cb6724a;main;cnf2ddnnf_cmd_line;compile_cnf;compile_dt;compile_dt;compile_decomposed;lookup_or_compile_dt;compile_decomposed;lookup_or_compile_dt;compile_dt;compile_dt;compile_decomposed;lookup_or_compile_dt;compile_decomposed;lookup_or_compile_dt;compile_decomposed;lookup_or_compile_dt;compile_decomposed;lookup_or_compile_dt;compile_dt;compile_dt;compile_decomposed;lookup_or_compile_dt;compile_decomposed;lookup_or_compile_dt;compile_decomposed;lookup_or_compile_dt;compile_decomposed;lookup_or_compile_dt;compile_dt;compile_dt;compile_decomposed;lookup_or_compile_dt;compile_decomposed;lookup_or_compile_dt;compile_decomposed;lookup_or_compile_dt;compile_decomposed;lookup_or_compile_dt;compile_dt;compile_dt;compile_decomposed;lookup_or_compile_dt;compile_decomposed;lookup_or_compile_dt;compile_decomposed;lookup_or_compile_dt;compile_decomposed;lookup_or_compile_dt;compile_dt;compile_dt;compile_decomposed;lookup_or_compile_dt;compile_decomposed;lookup_or_compile_dt;compile_decomposed;lookup_or_compile_dt;compile_decomposed;lookup_or_compile_dt;compile_dt;compile_dt;compile_decomposed;lookup_or_compile_dt;compile_decomposed;lookup_or_compile_dt;compile_decomposed;lookup_or_compile_dt;compile_decomposed;lookup_or_compile_dt;compile_dt;compile_dt;compile_decomposed;lookup_or_compile_dt;compile_decomposed;lookup_or_compile_dt;compile_decomposed;lookup_or_compile_dt;compile_decomposed;lookup_or_compile_dt;compile_dt;compile_dt;compile_decomposed;lookup_or_compile_dt;compile_decomposed;lookup_or_compile_dt;compile_decomposed;lookup_or_compile_dt;compile_decomposed;lookup_or_compile_dt;compile_dt;compile_dt;compile_decomposed;conjoin_nnfs_lits;conjoin_relevant_lits;get_and_node;asm_exc_page_fault;exc_page_fault;do_user_addr_fault;handle_mm_fault;__handle_mm_fault;do_huge_pmd_wp_page;__split_huge_pmd;asm_sysvec_apic_timer_interrupt;sysvec_apic_timer_interrupt;__irq_exit_rcu;handle_softirqs;rcu_core
0.31% 0x7f025cb6724a;main;cnf2ddnnf_cmd_line;compile_cnf;compile_dt;compile_dt;compile_decomposed;lookup_or_compile_dt;compile_decomposed;subsumed_dtree
0.31% 0x7f025cb6724a;main;cnf2ddnnf_cmd_line;compile_cnf;compile_dt;compile_dt;compile_decomposed;lookup_or_compile_dt;compile_decomposed;lookup_or_compile_dt;compile_dt;compile_dt;compile_decomposed;lookup_or_compile_dt;compile_decomposed;lookup_or_compile_dt;compile_decomposed;lookup_or_compile_dt;compile_decomposed;lookup_or_compile_dt;compile_dt;compile_dt;compile_decomposed;conjoin_nnfs_lits;conjoin_relevant_lits;get_and_node;asm_exc_page_fault;exc_page_fault;do_user_addr_fault;handle_mm_fault;__handle_mm_fault;do_huge_pmd_anonymous_page;pte_alloc_one;__alloc_pages;get_page_from_freelist;__list_del_entry_valid
0.30% 0x7f025cb6724a;main;cnf2ddnnf_cmd_line;compile_cnf;compile_dt;compile_dt;compile_decomposed;lookup_or_compile_dt;compile_decomposed;lookup_or_compile_dt;compile_dt;active_separator_count;push_items_to_end;eliminated
0.30% 0x7f025cb6724a;main;cnf2ddnnf_cmd_line;compile_cnf;compile_dt;compile_dt;compile_decomposed;lookup_or_compile_dt;compile_decomposed;lookup_or_compile_dt;compile_dt;compile_dt;compile_decomposed;lookup_or_compile_dt;compile_decomposed;lookup_or_compile_dt;compile_decomposed;lookup_or_compile_dt;compile_decomposed;lookup_or_compile_dt;compile_dt;compile_dt;compile_decomposed;lookup_or_compile_dt;compile_decomposed;lookup_or_compile_dt;compile_decomposed;lookup_or_compile_dt;compile_decomposed;lookup_or_compile_dt;compile_dt;compile_dt;compile_decomposed;lookup_or_compile_dt;compile_decomposed;lookup_or_compile_dt;compile_decomposed;lookup_or_compile_dt;compile_decomposed;lookup_or_compile_dt;compile_dt;compile_dt;compile_decomposed;conjoin_nnfs_lits;conjoin_relevant_lits;get_and_node;asm_exc_page_fault;exc_page_fault;do_user_addr_fault;handle_mm_fault;__handle_mm_fault;do_huge_pmd_wp_page;__split_huge_pmd
0.30% 0x7f025cb6724a;main;cnf2ddnnf_cmd_line;compile_cnf;compile_dt;compile_dt;compile_decomposed;lookup_or_compile_dt;compile_decomposed;lookup_or_compile_dt;compile_dt;compile_dt;compile_decomposed;lookup_or_compile_dt;compile_decomposed;lookup_or_compile_dt;compile_decomposed;lookup_or_compile_dt;compile_decomposed;lookup_or_compile_dt;compile_dt;compile_dt;compile_decomposed;lookup_or_compile_dt;compile_decomposed;lookup_or_compile_dt;compile_decomposed;lookup_or_compile_dt;compile_decomposed;lookup_or_compile_dt;compile_dt;compile_dt;compile_decomposed;lookup_or_compile_dt;compile_decomposed;lookup_or_compile_dt;compile_decomposed;lookup_or_compile_dt;compile_decomposed;lookup_or_compile_dt;compile_dt;compile_dt;compile_decomposed;lookup_or_compile_dt;compile_decomposed;lookup_or_compile_dt;compile_decomposed;lookup_or_compile_dt;compile_decomposed;lookup_or_compile_dt;compile_dt;compile_dt;compile_decomposed;lookup_or_compile_dt;compile_decomposed;lookup_or_compile_dt;compile_decomposed;lookup_or_compile_dt;compile_decomposed;lookup_or_compile_dt;compile_dt;compile_dt;compile_decomposed;lookup_or_compile_dt;compile_decomposed;lookup_or_compile_dt;compile_decomposed;lookup_or_compile_dt;compile_decomposed;lookup_or_compile_dt;compile_dt;compile_dt;compile_decomposed;conjoin_nnfs_lits;conjoin_relevant_lits;get_and_node;asm_exc_page_fault;exc_page_fault;do_user_addr_fault;handle_mm_fault;__handle_mm_fault;do_huge_pmd_wp_page;__split_huge_pmd
0.30% 0x7f025cb6724a;main;cnf2ddnnf_cmd_line;0x7f025cbe36c0;asm_exc_page_fault;exc_page_fault;do_user_addr_fault;handle_mm_fault;__handle_mm_fault;__mem_cgroup_charge;get_mem_cgroup_from_mm
0.29% 0x7f025cb6724a;main;get_cnf_from_file;asm_exc_page_fault;exc_page_fault;do_user_addr_fault;lock_mm_and_find_vma;expand_downwards;perf_event_mmap
    93.09%     0.00%  c2d      c2d                   [.] main
88.50% main;cnf2ddnnf_cmd_line;free_cache_manager
0.31% main;cnf2ddnnf_cmd_line;free_cache_manager;asm_sysvec_apic_timer_interrupt;sysvec_apic_timer_interrupt;__sysvec_apic_timer_interrupt;hrtimer_interrupt;__hrtimer_run_queues;hrtimer_wakeup;try_to_wake_up;select_task_rq_fair
0.31% main;cnf2ddnnf_cmd_line;free_cache_manager;error_entry
0.31% main;cnf2ddnnf_cmd_line;free_cache_manager;asm_exc_page_fault;exc_page_fault;do_user_addr_fault;handle_mm_fault;__handle_mm_fault;do_huge_pmd_anonymous_page;pte_alloc_one;__alloc_pages
0.31% main;cnf2ddnnf_cmd_line;free_cache_manager;asm_exc_page_fault;exc_page_fault;do_user_addr_fault;lock_mm_and_find_vma;find_vma;mt_find
0.31% main;cnf2ddnnf_cmd_line;free_cache_manager;asm_exc_page_fault;exc_page_fault;do_user_addr_fault;handle_mm_fault;__handle_mm_fault;do_huge_pmd_anonymous_page;pgtable_trans_huge_deposit
0.31% main;cnf2ddnnf_cmd_line;free_cache_manager;asm_exc_page_fault;exc_page_fault
0.31% main;cnf2ddnnf_cmd_line;free_cache_manager;error_entry;sync_regs
0.31% main;cnf2ddnnf_cmd_line;compile_cnf;compile_dt;compile_dt;compile_decomposed;lookup_or_compile_dt;compile_decomposed;lookup_or_compile_dt;compile_dt;compile_dt;compile_decomposed;lookup_or_compile_dt;compile_decomposed;lookup_or_compile_dt;compile_decomposed;lookup_or_compile_dt;compile_decomposed;lookup_or_compile_dt;compile_dt;compile_dt;compile_decomposed;lookup_or_compile_dt;compile_decomposed;lookup_or_compile_dt;compile_decomposed;lookup_or_compile_dt;compile_decomposed;lookup_or_compile_dt;compile_dt;compile_dt;compile_decomposed;lookup_or_compile_dt;compile_decomposed;lookup_or_compile_dt;compile_decomposed;lookup_or_compile_dt;compile_decomposed;lookup_or_compile_dt;compile_dt;compile_dt;compile_decomposed;lookup_or_compile_dt;compile_decomposed;lookup_or_compile_dt;compile_decomposed;lookup_or_compile_dt;compile_decomposed;lookup_or_compile_dt;compile_dt;compile_dt;compile_decomposed;lookup_or_compile_dt;compile_decomposed;lookup_or_compile_dt;compile_decomposed;lookup_or_compile_dt;compile_decomposed;lookup_or_compile_dt;compile_dt;compile_dt;compile_decomposed;lookup_or_compile_dt;compile_decomposed;lookup_or_compile_dt;compile_decomposed;lookup_or_compile_dt;compile_decomposed;lookup_or_compile_dt;compile_dt;compile_dt;compile_decomposed;lookup_or_compile_dt;compile_decomposed;lookup_or_compile_dt;compile_decomposed;lookup_or_compile_dt;compile_decomposed;lookup_or_compile_dt;compile_dt;compile_dt;compile_decomposed;lookup_or_compile_dt;compile_decomposed;lookup_or_compile_dt;compile_decomposed;lookup_or_compile_dt;compile_decomposed;lookup_or_compile_dt;compile_dt;compile_dt;compile_decomposed;conjoin_nnfs_lits;conjoin_relevant_lits;get_and_node;asm_exc_page_fault;exc_page_fault;do_user_addr_fault;handle_mm_fault;__handle_mm_fault;do_huge_pmd_wp_page;__split_huge_pmd;asm_sysvec_apic_timer_interrupt;sysvec_apic_timer_interrupt;__irq_exit_rcu;handle_softirqs;rcu_core
0.31% main;cnf2ddnnf_cmd_line;compile_cnf;compile_dt;compile_dt;compile_decomposed;lookup_or_compile_dt;compile_decomposed;subsumed_dtree
0.31% main;cnf2ddnnf_cmd_line;compile_cnf;compile_dt;compile_dt;compile_decomposed;lookup_or_compile_dt;compile_decomposed;lookup_or_compile_dt;compile_dt;compile_dt;compile_decomposed;lookup_or_compile_dt;compile_decomposed;lookup_or_compile_dt;compile_decomposed;lookup_or_compile_dt;compile_decomposed;lookup_or_compile_dt;compile_dt;compile_dt;compile_decomposed;conjoin_nnfs_lits;conjoin_relevant_lits;get_and_node;asm_exc_page_fault;exc_page_fault;do_user_addr_fault;handle_mm_fault;__handle_mm_fault;do_huge_pmd_anonymous_page;pte_alloc_one;__alloc_pages;get_page_from_freelist;__list_del_entry_valid
0.30% main;cnf2ddnnf_cmd_line;compile_cnf;compile_dt;compile_dt;compile_decomposed;lookup_or_compile_dt;compile_decomposed;lookup_or_compile_dt;compile_dt;active_separator_count;push_items_to_end;eliminated
0.30% main;cnf2ddnnf_cmd_line;compile_cnf;compile_dt;compile_dt;compile_decomposed;lookup_or_compile_dt;compile_decomposed;lookup_or_compile_dt;compile_dt;compile_dt;compile_decomposed;lookup_or_compile_dt;compile_decomposed;lookup_or_compile_dt;compile_decomposed;lookup_or_compile_dt;compile_decomposed;lookup_or_compile_dt;compile_dt;compile_dt;compile_decomposed;lookup_or_compile_dt;compile_decomposed;lookup_or_compile_dt;compile_decomposed;lookup_or_compile_dt;compile_decomposed;lookup_or_compile_dt;compile_dt;compile_dt;compile_decomposed;lookup_or_compile_dt;compile_decomposed;lookup_or_compile_dt;compile_decomposed;lookup_or_compile_dt;compile_decomposed;lookup_or_compile_dt;compile_dt;compile_dt;compile_decomposed;conjoin_nnfs_lits;conjoin_relevant_lits;get_and_node;asm_exc_page_fault;exc_page_fault;do_user_addr_fault;handle_mm_fault;__handle_mm_fault;do_huge_pmd_wp_page;__split_huge_pmd
0.30% main;cnf2ddnnf_cmd_line;compile_cnf;compile_dt;compile_dt;compile_decomposed;lookup_or_compile_dt;compile_decomposed;lookup_or_compile_dt;compile_dt;compile_dt;compile_decomposed;lookup_or_compile_dt;compile_decomposed;lookup_or_compile_dt;compile_decomposed;lookup_or_compile_dt;compile_decomposed;lookup_or_compile_dt;compile_dt;compile_dt;compile_decomposed;lookup_or_compile_dt;compile_decomposed;lookup_or_compile_dt;compile_decomposed;lookup_or_compile_dt;compile_decomposed;lookup_or_compile_dt;compile_dt;compile_dt;compile_decomposed;lookup_or_compile_dt;compile_decomposed;lookup_or_compile_dt;compile_decomposed;lookup_or_compile_dt;compile_decomposed;lookup_or_compile_dt;compile_dt;compile_dt;compile_decomposed;lookup_or_compile_dt;compile_decomposed;lookup_or_compile_dt;compile_decomposed;lookup_or_compile_dt;compile_decomposed;lookup_or_compile_dt;compile_dt;compile_dt;compile_decomposed;lookup_or_compile_dt;compile_decomposed;lookup_or_compile_dt;compile_decomposed;lookup_or_compile_dt;compile_decomposed;lookup_or_compile_dt;compile_dt;compile_dt;compile_decomposed;lookup_or_compile_dt;compile_decomposed;lookup_or_compile_dt;compile_decomposed;lookup_or_compile_dt;compile_decomposed;lookup_or_compile_dt;compile_dt;compile_dt;compile_decomposed;conjoin_nnfs_lits;conjoin_relevant_lits;get_and_node;asm_exc_page_fault;exc_page_fault;do_user_addr_fault;handle_mm_fault;__handle_mm_fault;do_huge_pmd_wp_page;__split_huge_pmd
0.30% main;cnf2ddnnf_cmd_line;0x7f025cbe36c0;asm_exc_page_fault;exc_page_fault;do_user_addr_fault;handle_mm_fault;__handle_mm_fault;__mem_cgroup_charge;get_mem_cgroup_from_mm
0.29% main;get_cnf_from_file;asm_exc_page_fault;exc_page_fault;do_user_addr_fault;lock_mm_and_find_vma;expand_downwards;perf_event_mmap
    92.80%     0.00%  c2d      c2d                   [.] cnf2ddnnf_cmd_line
88.50% cnf2ddnnf_cmd_line;free_cache_manager
0.31% cnf2ddnnf_cmd_line;free_cache_manager;asm_sysvec_apic_timer_interrupt;sysvec_apic_timer_interrupt;__sysvec_apic_timer_interrupt;hrtimer_interrupt;__hrtimer_run_queues;hrtimer_wakeup;try_to_wake_up;select_task_rq_fair
0.31% cnf2ddnnf_cmd_line;free_cache_manager;error_entry
0.31% cnf2ddnnf_cmd_line;free_cache_manager;asm_exc_page_fault;exc_page_fault;do_user_addr_fault;handle_mm_fault;__handle_mm_fault;do_huge_pmd_anonymous_page;pte_alloc_one;__alloc_pages
0.31% cnf2ddnnf_cmd_line;free_cache_manager;asm_exc_page_fault;exc_page_fault;do_user_addr_fault;lock_mm_and_find_vma;find_vma;mt_find
0.31% cnf2ddnnf_cmd_line;free_cache_manager;asm_exc_page_fault;exc_page_fault;do_user_addr_fault;handle_mm_fault;__handle_mm_fault;do_huge_pmd_anonymous_page;pgtable_trans_huge_deposit
0.31% cnf2ddnnf_cmd_line;free_cache_manager;asm_exc_page_fault;exc_page_fault
0.31% cnf2ddnnf_cmd_line;free_cache_manager;error_entry;sync_regs
0.31% cnf2ddnnf_cmd_line;compile_cnf;compile_dt;compile_dt;compile_decomposed;lookup_or_compile_dt;compile_decomposed;lookup_or_compile_dt;compile_dt;compile_dt;compile_decomposed;lookup_or_compile_dt;compile_decomposed;lookup_or_compile_dt;compile_decomposed;lookup_or_compile_dt;compile_decomposed;lookup_or_compile_dt;compile_dt;compile_dt;compile_decomposed;lookup_or_compile_dt;compile_decomposed;lookup_or_compile_dt;compile_decomposed;lookup_or_compile_dt;compile_decomposed;lookup_or_compile_dt;compile_dt;compile_dt;compile_decomposed;lookup_or_compile_dt;compile_decomposed;lookup_or_compile_dt;compile_decomposed;lookup_or_compile_dt;compile_decomposed;lookup_or_compile_dt;compile_dt;compile_dt;compile_decomposed;lookup_or_compile_dt;compile_decomposed;lookup_or_compile_dt;compile_decomposed;lookup_or_compile_dt;compile_decomposed;lookup_or_compile_dt;compile_dt;compile_dt;compile_decomposed;lookup_or_compile_dt;compile_decomposed;lookup_or_compile_dt;compile_decomposed;lookup_or_compile_dt;compile_decomposed;lookup_or_compile_dt;compile_dt;compile_dt;compile_decomposed;lookup_or_compile_dt;compile_decomposed;lookup_or_compile_dt;compile_decomposed;lookup_or_compile_dt;compile_decomposed;lookup_or_compile_dt;compile_dt;compile_dt;compile_decomposed;lookup_or_compile_dt;compile_decomposed;lookup_or_compile_dt;compile_decomposed;lookup_or_compile_dt;compile_decomposed;lookup_or_compile_dt;compile_dt;compile_dt;compile_decomposed;lookup_or_compile_dt;compile_decomposed;lookup_or_compile_dt;compile_decomposed;lookup_or_compile_dt;compile_decomposed;lookup_or_compile_dt;compile_dt;compile_dt;compile_decomposed;conjoin_nnfs_lits;conjoin_relevant_lits;get_and_node;asm_exc_page_fault;exc_page_fault;do_user_addr_fault;handle_mm_fault;__handle_mm_fault;do_huge_pmd_wp_page;__split_huge_pmd;asm_sysvec_apic_timer_interrupt;sysvec_apic_timer_interrupt;__irq_exit_rcu;handle_softirqs;rcu_core
0.31% cnf2ddnnf_cmd_line;compile_cnf;compile_dt;compile_dt;compile_decomposed;lookup_or_compile_dt;compile_decomposed;subsumed_dtree
0.31% cnf2ddnnf_cmd_line;compile_cnf;compile_dt;compile_dt;compile_decomposed;lookup_or_compile_dt;compile_decomposed;lookup_or_compile_dt;compile_dt;compile_dt;compile_decomposed;lookup_or_compile_dt;compile_decomposed;lookup_or_compile_dt;compile_decomposed;lookup_or_compile_dt;compile_decomposed;lookup_or_compile_dt;compile_dt;compile_dt;compile_decomposed;conjoin_nnfs_lits;conjoin_relevant_lits;get_and_node;asm_exc_page_fault;exc_page_fault;do_user_addr_fault;handle_mm_fault;__handle_mm_fault;do_huge_pmd_anonymous_page;pte_alloc_one;__alloc_pages;get_page_from_freelist;__list_del_entry_valid
0.30% cnf2ddnnf_cmd_line;compile_cnf;compile_dt;compile_dt;compile_decomposed;lookup_or_compile_dt;compile_decomposed;lookup_or_compile_dt;compile_dt;active_separator_count;push_items_to_end;eliminated
0.30% cnf2ddnnf_cmd_line;compile_cnf;compile_dt;compile_dt;compile_decomposed;lookup_or_compile_dt;compile_decomposed;lookup_or_compile_dt;compile_dt;compile_dt;compile_decomposed;lookup_or_compile_dt;compile_decomposed;lookup_or_compile_dt;compile_decomposed;lookup_or_compile_dt;compile_decomposed;lookup_or_compile_dt;compile_dt;compile_dt;compile_decomposed;lookup_or_compile_dt;compile_decomposed;lookup_or_compile_dt;compile_decomposed;lookup_or_compile_dt;compile_decomposed;lookup_or_compile_dt;compile_dt;compile_dt;compile_decomposed;lookup_or_compile_dt;compile_decomposed;lookup_or_compile_dt;compile_decomposed;lookup_or_compile_dt;compile_decomposed;lookup_or_compile_dt;compile_dt;compile_dt;compile_decomposed;conjoin_nnfs_lits;conjoin_relevant_lits;get_and_node;asm_exc_page_fault;exc_page_fault;do_user_addr_fault;handle_mm_fault;__handle_mm_fault;do_huge_pmd_wp_page;__split_huge_pmd
0.30% cnf2ddnnf_cmd_line;compile_cnf;compile_dt;compile_dt;compile_decomposed;lookup_or_compile_dt;compile_decomposed;lookup_or_compile_dt;compile_dt;compile_dt;compile_decomposed;lookup_or_compile_dt;compile_decomposed;lookup_or_compile_dt;compile_decomposed;lookup_or_compile_dt;compile_decomposed;lookup_or_compile_dt;compile_dt;compile_dt;compile_decomposed;lookup_or_compile_dt;compile_decomposed;lookup_or_compile_dt;compile_decomposed;lookup_or_compile_dt;compile_decomposed;lookup_or_compile_dt;compile_dt;compile_dt;compile_decomposed;lookup_or_compile_dt;compile_decomposed;lookup_or_compile_dt;compile_decomposed;lookup_or_compile_dt;compile_decomposed;lookup_or_compile_dt;compile_dt;compile_dt;compile_decomposed;lookup_or_compile_dt;compile_decomposed;lookup_or_compile_dt;compile_decomposed;lookup_or_compile_dt;compile_decomposed;lookup_or_compile_dt;compile_dt;compile_dt;compile_decomposed;lookup_or_compile_dt;compile_decomposed;lookup_or_compile_dt;compile_decomposed;lookup_or_compile_dt;compile_decomposed;lookup_or_compile_dt;compile_dt;compile_dt;compile_decomposed;lookup_or_compile_dt;compile_decomposed;lookup_or_compile_dt;compile_decomposed;lookup_or_compile_dt;compile_decomposed;lookup_or_compile_dt;compile_dt;compile_dt;compile_decomposed;conjoin_nnfs_lits;conjoin_relevant_lits;get_and_node;asm_exc_page_fault;exc_page_fault;do_user_addr_fault;handle_mm_fault;__handle_mm_fault;do_huge_pmd_wp_page;__split_huge_pmd
0.30% cnf2ddnnf_cmd_line;0x7f025cbe36c0;asm_exc_page_fault;exc_page_fault;do_user_addr_fault;handle_mm_fault;__handle_mm_fault;__mem_cgroup_charge;get_mem_cgroup_from_mm
    90.68%    88.19%  c2d      c2d                   [.] free_cache_manager
88.19% 0x7f025cb6724a;main;cnf2ddnnf_cmd_line;free_cache_manager
0.31% free_cache_manager;asm_sysvec_apic_timer_interrupt;sysvec_apic_timer_interrupt;__sysvec_apic_timer_interrupt;hrtimer_interrupt;__hrtimer_run_queues;hrtimer_wakeup;try_to_wake_up;select_task_rq_fair
0.31% free_cache_manager;error_entry
0.31% free_cache_manager
0.31% free_cache_manager;asm_exc_page_fault;exc_page_fault;do_user_addr_fault;handle_mm_fault;__handle_mm_fault;do_huge_pmd_anonymous_page;pte_alloc_one;__alloc_pages
0.31% free_cache_manager;asm_exc_page_fault;exc_page_fault;do_user_addr_fault;lock_mm_and_find_vma;find_vma;mt_find
0.31% free_cache_manager;asm_exc_page_fault;exc_page_fault;do_user_addr_fault;handle_mm_fault;__handle_mm_fault;do_huge_pmd_anonymous_page;pgtable_trans_huge_deposit
0.31% free_cache_manager;asm_exc_page_fault;exc_page_fault
0.31% free_cache_manager;error_entry;sync_regs
     4.21%     0.00%  c2d      [kernel.kallsyms]     [k] asm_exc_page_fault
0.61% asm_exc_page_fault;exc_page_fault;do_user_addr_fault;handle_mm_fault;__handle_mm_fault;do_huge_pmd_wp_page;__split_huge_pmd
0.31% asm_exc_page_fault;exc_page_fault;do_user_addr_fault;handle_mm_fault;__handle_mm_fault;do_huge_pmd_anonymous_page;pte_alloc_one;__alloc_pages
0.31% asm_exc_page_fault;exc_page_fault;do_user_addr_fault;lock_mm_and_find_vma;find_vma;mt_find
0.31% asm_exc_page_fault;exc_page_fault;do_user_addr_fault;handle_mm_fault;__handle_mm_fault;do_huge_pmd_anonymous_page;pgtable_trans_huge_deposit
0.31% asm_exc_page_fault;exc_page_fault
0.31% asm_exc_page_fault;exc_page_fault;do_user_addr_fault;handle_mm_fault;__handle_mm_fault;do_huge_pmd_wp_page;__split_huge_pmd;asm_sysvec_apic_timer_interrupt;sysvec_apic_timer_interrupt;__irq_exit_rcu;handle_softirqs;rcu_core
0.31% asm_exc_page_fault;exc_page_fault;do_user_addr_fault;handle_mm_fault;__handle_mm_fault;do_huge_pmd_anonymous_page;pte_alloc_one;__alloc_pages;get_page_from_freelist;__list_del_entry_valid
0.30% asm_exc_page_fault;exc_page_fault;do_user_addr_fault;handle_mm_fault;__handle_mm_fault;folio_add_lru;folio_batch_move_lru
0.30% asm_exc_page_fault;exc_page_fault;do_user_addr_fault;handle_mm_fault;__handle_mm_fault;folio_add_lru;folio_batch_move_lru;lru_add_fn
0.30% asm_exc_page_fault;exc_page_fault;do_user_addr_fault;handle_mm_fault;__handle_mm_fault;__mem_cgroup_charge;get_mem_cgroup_from_mm
0.29% asm_exc_page_fault;exc_page_fault;do_user_addr_fault;lock_mm_and_find_vma;expand_downwards;perf_event_mmap
0.29% asm_exc_page_fault;exc_page_fault;do_user_addr_fault;handle_mm_fault;__handle_mm_fault;do_fault;filemap_map_pages;next_uptodate_page
0.28% asm_exc_page_fault;exc_page_fault;do_user_addr_fault;handle_mm_fault;count_memcg_events.constprop.0;__count_memcg_events
     4.21%     0.31%  c2d      [kernel.kallsyms]     [k] exc_page_fault
0.61% exc_page_fault;do_user_addr_fault;handle_mm_fault;__handle_mm_fault;do_huge_pmd_wp_page;__split_huge_pmd
0.31% exc_page_fault;do_user_addr_fault;handle_mm_fault;__handle_mm_fault;do_huge_pmd_anonymous_page;pte_alloc_one;__alloc_pages
0.31% exc_page_fault;do_user_addr_fault;lock_mm_and_find_vma;find_vma;mt_find
0.31% exc_page_fault;do_user_addr_fault;handle_mm_fault;__handle_mm_fault;do_huge_pmd_anonymous_page;pgtable_trans_huge_deposit
0.31% 0x7f025cb6724a;main;cnf2ddnnf_cmd_line;free_cache_manager;asm_exc_page_fault;exc_page_fault
0.31% exc_page_fault;do_user_addr_fault;handle_mm_fault;__handle_mm_fault;do_huge_pmd_wp_page;__split_huge_pmd;asm_sysvec_apic_timer_interrupt;sysvec_apic_timer_interrupt;__irq_exit_rcu;handle_softirqs;rcu_core
0.31% exc_page_fault;do_user_addr_fault;handle_mm_fault;__handle_mm_fault;do_huge_pmd_anonymous_page;pte_alloc_one;__alloc_pages;get_page_from_freelist;__list_del_entry_valid
0.30% exc_page_fault;do_user_addr_fault;handle_mm_fault;__handle_mm_fault;folio_add_lru;folio_batch_move_lru
0.30% exc_page_fault;do_user_addr_fault;handle_mm_fault;__handle_mm_fault;folio_add_lru;folio_batch_move_lru;lru_add_fn
0.30% exc_page_fault;do_user_addr_fault;handle_mm_fault;__handle_mm_fault;__mem_cgroup_charge;get_mem_cgroup_from_mm
0.29% exc_page_fault;do_user_addr_fault;lock_mm_and_find_vma;expand_downwards;perf_event_mmap
0.29% exc_page_fault;do_user_addr_fault;handle_mm_fault;__handle_mm_fault;do_fault;filemap_map_pages;next_uptodate_page
0.28% exc_page_fault;do_user_addr_fault;handle_mm_fault;count_memcg_events.constprop.0;__count_memcg_events
     3.90%     0.00%  c2d      [kernel.kallsyms]     [k] do_user_addr_fault
0.61% do_user_addr_fault;handle_mm_fault;__handle_mm_fault;do_huge_pmd_wp_page;__split_huge_pmd
0.31% do_user_addr_fault;handle_mm_fault;__handle_mm_fault;do_huge_pmd_anonymous_page;pte_alloc_one;__alloc_pages
0.31% do_user_addr_fault;lock_mm_and_find_vma;find_vma;mt_find
0.31% do_user_addr_fault;handle_mm_fault;__handle_mm_fault;do_huge_pmd_anonymous_page;pgtable_trans_huge_deposit
0.31% do_user_addr_fault;handle_mm_fault;__handle_mm_fault;do_huge_pmd_wp_page;__split_huge_pmd;asm_sysvec_apic_timer_interrupt;sysvec_apic_timer_interrupt;__irq_exit_rcu;handle_softirqs;rcu_core
0.31% do_user_addr_fault;handle_mm_fault;__handle_mm_fault;do_huge_pmd_anonymous_page;pte_alloc_one;__alloc_pages;get_page_from_freelist;__list_del_entry_valid
0.30% do_user_addr_fault;handle_mm_fault;__handle_mm_fault;folio_add_lru;folio_batch_move_lru
0.30% do_user_addr_fault;handle_mm_fault;__handle_mm_fault;folio_add_lru;folio_batch_move_lru;lru_add_fn
0.30% do_user_addr_fault;handle_mm_fault;__handle_mm_fault;__mem_cgroup_charge;get_mem_cgroup_from_mm
0.29% do_user_addr_fault;lock_mm_and_find_vma;expand_downwards;perf_event_mmap
0.29% do_user_addr_fault;handle_mm_fault;__handle_mm_fault;do_fault;filemap_map_pages;next_uptodate_page
0.28% do_user_addr_fault;handle_mm_fault;count_memcg_events.constprop.0;__count_memcg_events
     3.30%     0.00%  c2d      [kernel.kallsyms]     [k] handle_mm_fault
0.61% handle_mm_fault;__handle_mm_fault;do_huge_pmd_wp_page;__split_huge_pmd
0.31% handle_mm_fault;__handle_mm_fault;do_huge_pmd_anonymous_page;pte_alloc_one;__alloc_pages
0.31% handle_mm_fault;__handle_mm_fault;do_huge_pmd_anonymous_page;pgtable_trans_huge_deposit
0.31% handle_mm_fault;__handle_mm_fault;do_huge_pmd_wp_page;__split_huge_pmd;asm_sysvec_apic_timer_interrupt;sysvec_apic_timer_interrupt;__irq_exit_rcu;handle_softirqs;rcu_core
0.31% handle_mm_fault;__handle_mm_fault;do_huge_pmd_anonymous_page;pte_alloc_one;__alloc_pages;get_page_from_freelist;__list_del_entry_valid
0.30% handle_mm_fault;__handle_mm_fault;folio_add_lru;folio_batch_move_lru
0.30% handle_mm_fault;__handle_mm_fault;folio_add_lru;folio_batch_move_lru;lru_add_fn
0.30% handle_mm_fault;__handle_mm_fault;__mem_cgroup_charge;get_mem_cgroup_from_mm
0.29% handle_mm_fault;__handle_mm_fault;do_fault;filemap_map_pages;next_uptodate_page
0.28% handle_mm_fault;count_memcg_events.constprop.0;__count_memcg_events
     3.02%     0.00%  c2d      [kernel.kallsyms]     [k] __handle_mm_fault
0.61% __handle_mm_fault;do_huge_pmd_wp_page;__split_huge_pmd
0.31% __handle_mm_fault;do_huge_pmd_anonymous_page;pte_alloc_one;__alloc_pages
0.31% __handle_mm_fault;do_huge_pmd_anonymous_page;pgtable_trans_huge_deposit
0.31% __handle_mm_fault;do_huge_pmd_wp_page;__split_huge_pmd;asm_sysvec_apic_timer_interrupt;sysvec_apic_timer_interrupt;__irq_exit_rcu;handle_softirqs;rcu_core
0.31% __handle_mm_fault;do_huge_pmd_anonymous_page;pte_alloc_one;__alloc_pages;get_page_from_freelist;__list_del_entry_valid
0.30% __handle_mm_fault;folio_add_lru;folio_batch_move_lru
0.30% __handle_mm_fault;folio_add_lru;folio_batch_move_lru;lru_add_fn
0.30% __handle_mm_fault;__mem_cgroup_charge;get_mem_cgroup_from_mm
0.29% __handle_mm_fault;do_fault;filemap_map_pages;next_uptodate_page
     2.32%     0.00%  c2d      [kernel.kallsyms]     [k] entry_SYSCALL_64_after_hwframe
0.31% entry_SYSCALL_64_after_hwframe;do_syscall_64;x64_sys_call
0.31% entry_SYSCALL_64_after_hwframe;do_syscall_64;__x64_sys_exit_group;do_group_exit;do_exit;put_files_struct;filp_close;dnotify_flush
0.31% entry_SYSCALL_64_after_hwframe;do_syscall_64;__x64_sys_munmap;__vm_munmap;do_mas_munmap;do_mas_align_munmap;unmap_region;unmap_vmas;unmap_page_range
0.31% entry_SYSCALL_64_after_hwframe;do_syscall_64;__x64_sys_exit_group;do_group_exit;do_exit;__mmput;exit_mmap;unmap_vmas;unmap_page_range;vm_normal_page
0.31% entry_SYSCALL_64_after_hwframe;do_syscall_64;__x64_sys_exit_group;do_group_exit;do_exit;__mmput;exit_mmap;unmap_vmas;unmap_page_range;_compound_head
0.27% entry_SYSCALL_64_after_hwframe;do_syscall_64;ksys_read;__fdget_pos;__fget_light
0.25% entry_SYSCALL_64_after_hwframe;do_syscall_64;syscall_exit_to_user_mode;exit_to_user_mode_prepare;task_work_run;__fput;__dentry_kill;destroy_inode;__destroy_inode;fsnotify_destroy_marks
0.18% entry_SYSCALL_64_after_hwframe;do_syscall_64;__x64_sys_execve;do_execveat_common.isra.0;bprm_execve;load_elf_binary;elf_map;vm_mmap_pgoff;do_mmap;mmap_region;perf_event_mmap;d_path;prepend_path
0.07% entry_SYSCALL_64_after_hwframe;do_syscall_64;__x64_sys_execve;do_execveat_common.isra.0;bprm_execve;load_elf_binary;begin_new_exec;security_bprm_committed_creds;apparmor_bprm_committed_creds
     2.32%     0.00%  c2d      [kernel.kallsyms]     [k] do_syscall_64
0.31% do_syscall_64;x64_sys_call
0.31% do_syscall_64;__x64_sys_exit_group;do_group_exit;do_exit;put_files_struct;filp_close;dnotify_flush
0.31% do_syscall_64;__x64_sys_munmap;__vm_munmap;do_mas_munmap;do_mas_align_munmap;unmap_region;unmap_vmas;unmap_page_range
0.31% do_syscall_64;__x64_sys_exit_group;do_group_exit;do_exit;__mmput;exit_mmap;unmap_vmas;unmap_page_range;vm_normal_page
0.31% do_syscall_64;__x64_sys_exit_group;do_group_exit;do_exit;__mmput;exit_mmap;unmap_vmas;unmap_page_range;_compound_head
0.27% do_syscall_64;ksys_read;__fdget_pos;__fget_light
0.25% do_syscall_64;syscall_exit_to_user_mode;exit_to_user_mode_prepare;task_work_run;__fput;__dentry_kill;destroy_inode;__destroy_inode;fsnotify_destroy_marks
0.18% do_syscall_64;__x64_sys_execve;do_execveat_common.isra.0;bprm_execve;load_elf_binary;elf_map;vm_mmap_pgoff;do_mmap;mmap_region;perf_event_mmap;d_path;prepend_path
0.07% do_syscall_64;__x64_sys_execve;do_execveat_common.isra.0;bprm_execve;load_elf_binary;begin_new_exec;security_bprm_committed_creds;apparmor_bprm_committed_creds
     1.83%     0.00%  c2d      c2d                   [.] compile_cnf
0.31% compile_cnf;compile_dt;compile_dt;compile_decomposed;lookup_or_compile_dt;compile_decomposed;lookup_or_compile_dt;compile_dt;compile_dt;compile_decomposed;lookup_or_compile_dt;compile_decomposed;lookup_or_compile_dt;compile_decomposed;lookup_or_compile_dt;compile_decomposed;lookup_or_compile_dt;compile_dt;compile_dt;compile_decomposed;lookup_or_compile_dt;compile_decomposed;lookup_or_compile_dt;compile_decomposed;lookup_or_compile_dt;compile_decomposed;lookup_or_compile_dt;compile_dt;compile_dt;compile_decomposed;lookup_or_compile_dt;compile_decomposed;lookup_or_compile_dt;compile_decomposed;lookup_or_compile_dt;compile_decomposed;lookup_or_compile_dt;compile_dt;compile_dt;compile_decomposed;lookup_or_compile_dt;compile_decomposed;lookup_or_compile_dt;compile_decomposed;lookup_or_compile_dt;compile_decomposed;lookup_or_compile_dt;compile_dt;compile_dt;compile_decomposed;lookup_or_compile_dt;compile_decomposed;lookup_or_compile_dt;compile_decomposed;lookup_or_compile_dt;compile_decomposed;lookup_or_compile_dt;compile_dt;compile_dt;compile_decomposed;lookup_or_compile_dt;compile_decomposed;lookup_or_compile_dt;compile_decomposed;lookup_or_compile_dt;compile_decomposed;lookup_or_compile_dt;compile_dt;compile_dt;compile_decomposed;lookup_or_compile_dt;compile_decomposed;lookup_or_compile_dt;compile_decomposed;lookup_or_compile_dt;compile_decomposed;lookup_or_compile_dt;compile_dt;compile_dt;compile_decomposed;lookup_or_compile_dt;compile_decomposed;lookup_or_compile_dt;compile_decomposed;lookup_or_compile_dt;compile_decomposed;lookup_or_compile_dt;compile_dt;compile_dt;compile_decomposed;conjoin_nnfs_lits;conjoin_relevant_lits;get_and_node;asm_exc_page_fault;exc_page_fault;do_user_addr_fault;handle_mm_fault;__handle_mm_fault;do_huge_pmd_wp_page;__split_huge_pmd;asm_sysvec_apic_timer_interrupt;sysvec_apic_timer_interrupt;__irq_exit_rcu;handle_softirqs;rcu_core
0.31% compile_cnf;compile_dt;compile_dt;compile_decomposed;lookup_or_compile_dt;compile_decomposed;subsumed_dtree
0.31% compile_cnf;compile_dt;compile_dt;compile_decomposed;lookup_or_compile_dt;compile_decomposed;lookup_or_compile_dt;compile_dt;compile_dt;compile_decomposed;lookup_or_compile_dt;compile_decomposed;lookup_or_compile_dt;compile_decomposed;lookup_or_compile_dt;compile_decomposed;lookup_or_compile_dt;compile_dt;compile_dt;compile_decomposed;conjoin_nnfs_lits;conjoin_relevant_lits;get_and_node;asm_exc_page_fault;exc_page_fault;do_user_addr_fault;handle_mm_fault;__handle_mm_fault;do_huge_pmd_anonymous_page;pte_alloc_one;__alloc_pages;get_page_from_freelist;__list_del_entry_valid
0.30% compile_cnf;compile_dt;compile_dt;compile_decomposed;lookup_or_compile_dt;compile_decomposed;lookup_or_compile_dt;compile_dt;active_separator_count;push_items_to_end;eliminated
0.30% compile_cnf;compile_dt;compile_dt;compile_decomposed;lookup_or_compile_dt;compile_decomposed;lookup_or_compile_dt;compile_dt;compile_dt;compile_decomposed;lookup_or_compile_dt;compile_decomposed;lookup_or_compile_dt;compile_decomposed;lookup_or_compile_dt;compile_decomposed;lookup_or_compile_dt;compile_dt;compile_dt;compile_decomposed;lookup_or_compile_dt;compile_decomposed;lookup_or_compile_dt;compile_decomposed;lookup_or_compile_dt;compile_decomposed;lookup_or_compile_dt;compile_dt;compile_dt;compile_decomposed;lookup_or_compile_dt;compile_decomposed;lookup_or_compile_dt;compile_decomposed;lookup_or_compile_dt;compile_decomposed;lookup_or_compile_dt;compile_dt;compile_dt;compile_decomposed;conjoin_nnfs_lits;conjoin_relevant_lits;get_and_node;asm_exc_page_fault;exc_page_fault;do_user_addr_fault;handle_mm_fault;__handle_mm_fault;do_huge_pmd_wp_page;__split_huge_pmd
0.30% compile_cnf;compile_dt;compile_dt;compile_decomposed;lookup_or_compile_dt;compile_decomposed;lookup_or_compile_dt;compile_dt;compile_dt;compile_decomposed;lookup_or_compile_dt;compile_decomposed;lookup_or_compile_dt;compile_decomposed;lookup_or_compile_dt;compile_decomposed;lookup_or_compile_dt;compile_dt;compile_dt;compile_decomposed;lookup_or_compile_dt;compile_decomposed;lookup_or_compile_dt;compile_decomposed;lookup_or_compile_dt;compile_decomposed;lookup_or_compile_dt;compile_dt;compile_dt;compile_decomposed;lookup_or_compile_dt;compile_decomposed;lookup_or_compile_dt;compile_decomposed;lookup_or_compile_dt;compile_decomposed;lookup_or_compile_dt;compile_dt;compile_dt;compile_decomposed;lookup_or_compile_dt;compile_decomposed;lookup_or_compile_dt;compile_decomposed;lookup_or_compile_dt;compile_decomposed;lookup_or_compile_dt;compile_dt;compile_dt;compile_decomposed;lookup_or_compile_dt;compile_decomposed;lookup_or_compile_dt;compile_decomposed;lookup_or_compile_dt;compile_decomposed;lookup_or_compile_dt;compile_dt;compile_dt;compile_decomposed;lookup_or_compile_dt;compile_decomposed;lookup_or_compile_dt;compile_decomposed;lookup_or_compile_dt;compile_decomposed;lookup_or_compile_dt;compile_dt;compile_dt;compile_decomposed;conjoin_nnfs_lits;conjoin_relevant_lits;get_and_node;asm_exc_page_fault;exc_page_fault;do_user_addr_fault;handle_mm_fault;__handle_mm_fault;do_huge_pmd_wp_page;__split_huge_pmd
     1.83%     0.00%  c2d      c2d                   [.] compile_dt
0.31% compile_dt;compile_dt;compile_decomposed;lookup_or_compile_dt;compile_decomposed;lookup_or_compile_dt;compile_dt;compile_dt;compile_decomposed;lookup_or_compile_dt;compile_decomposed;lookup_or_compile_dt;compile_decomposed;lookup_or_compile_dt;compile_decomposed;lookup_or_compile_dt;compile_dt;compile_dt;compile_decomposed;lookup_or_compile_dt;compile_decomposed;lookup_or_compile_dt;compile_decomposed;lookup_or_compile_dt;compile_decomposed;lookup_or_compile_dt;compile_dt;compile_dt;compile_decomposed;lookup_or_compile_dt;compile_decomposed;lookup_or_compile_dt;compile_decomposed;lookup_or_compile_dt;compile_decomposed;lookup_or_compile_dt;compile_dt;compile_dt;compile_decomposed;lookup_or_compile_dt;compile_decomposed;lookup_or_compile_dt;compile_decomposed;lookup_or_compile_dt;compile_decomposed;lookup_or_compile_dt;compile_dt;compile_dt;compile_decomposed;lookup_or_compile_dt;compile_decomposed;lookup_or_compile_dt;compile_decomposed;lookup_or_compile_dt;compile_decomposed;lookup_or_compile_dt;compile_dt;compile_dt;compile_decomposed;lookup_or_compile_dt;compile_decomposed;lookup_or_compile_dt;compile_decomposed;lookup_or_compile_dt;compile_decomposed;lookup_or_compile_dt;compile_dt;compile_dt;compile_decomposed;lookup_or_compile_dt;compile_decomposed;lookup_or_compile_dt;compile_decomposed;lookup_or_compile_dt;compile_decomposed;lookup_or_compile_dt;compile_dt;compile_dt;compile_decomposed;lookup_or_compile_dt;compile_decomposed;lookup_or_compile_dt;compile_decomposed;lookup_or_compile_dt;compile_decomposed;lookup_or_compile_dt;compile_dt;compile_dt;compile_decomposed;conjoin_nnfs_lits;conjoin_relevant_lits;get_and_node;asm_exc_page_fault;exc_page_fault;do_user_addr_fault;handle_mm_fault;__handle_mm_fault;do_huge_pmd_wp_page;__split_huge_pmd;asm_sysvec_apic_timer_interrupt;sysvec_apic_timer_interrupt;__irq_exit_rcu;handle_softirqs;rcu_core
0.31% compile_dt;compile_dt;compile_decomposed;lookup_or_compile_dt;compile_decomposed;subsumed_dtree
0.31% compile_dt;compile_dt;compile_decomposed;lookup_or_compile_dt;compile_decomposed;lookup_or_compile_dt;compile_dt;compile_dt;compile_decomposed;lookup_or_compile_dt;compile_decomposed;lookup_or_compile_dt;compile_decomposed;lookup_or_compile_dt;compile_decomposed;lookup_or_compile_dt;compile_dt;compile_dt;compile_decomposed;conjoin_nnfs_lits;conjoin_relevant_lits;get_and_node;asm_exc_page_fault;exc_page_fault;do_user_addr_fault;handle_mm_fault;__handle_mm_fault;do_huge_pmd_anonymous_page;pte_alloc_one;__alloc_pages;get_page_from_freelist;__list_del_entry_valid
0.30% compile_dt;compile_dt;compile_decomposed;lookup_or_compile_dt;compile_decomposed;lookup_or_compile_dt;compile_dt;active_separator_count;push_items_to_end;eliminated
0.30% compile_dt;compile_dt;compile_decomposed;lookup_or_compile_dt;compile_decomposed;lookup_or_compile_dt;compile_dt;compile_dt;compile_decomposed;lookup_or_compile_dt;compile_decomposed;lookup_or_compile_dt;compile_decomposed;lookup_or_compile_dt;compile_decomposed;lookup_or_compile_dt;compile_dt;compile_dt;compile_decomposed;lookup_or_compile_dt;compile_decomposed;lookup_or_compile_dt;compile_decomposed;lookup_or_compile_dt;compile_decomposed;lookup_or_compile_dt;compile_dt;compile_dt;compile_decomposed;lookup_or_compile_dt;compile_decomposed;lookup_or_compile_dt;compile_decomposed;lookup_or_compile_dt;compile_decomposed;lookup_or_compile_dt;compile_dt;compile_dt;compile_decomposed;conjoin_nnfs_lits;conjoin_relevant_lits;get_and_node;asm_exc_page_fault;exc_page_fault;do_user_addr_fault;handle_mm_fault;__handle_mm_fault;do_huge_pmd_wp_page;__split_huge_pmd
0.30% compile_dt;compile_dt;compile_decomposed;lookup_or_compile_dt;compile_decomposed;lookup_or_compile_dt;compile_dt;compile_dt;compile_decomposed;lookup_or_compile_dt;compile_decomposed;lookup_or_compile_dt;compile_decomposed;lookup_or_compile_dt;compile_decomposed;lookup_or_compile_dt;compile_dt;compile_dt;compile_decomposed;lookup_or_compile_dt;compile_decomposed;lookup_or_compile_dt;compile_decomposed;lookup_or_compile_dt;compile_decomposed;lookup_or_compile_dt;compile_dt;compile_dt;compile_decomposed;lookup_or_compile_dt;compile_decomposed;lookup_or_compile_dt;compile_decomposed;lookup_or_compile_dt;compile_decomposed;lookup_or_compile_dt;compile_dt;compile_dt;compile_decomposed;lookup_or_compile_dt;compile_decomposed;lookup_or_compile_dt;compile_decomposed;lookup_or_compile_dt;compile_decomposed;lookup_or_compile_dt;compile_dt;compile_dt;compile_decomposed;lookup_or_compile_dt;compile_decomposed;lookup_or_compile_dt;compile_decomposed;lookup_or_compile_dt;compile_decomposed;lookup_or_compile_dt;compile_dt;compile_dt;compile_decomposed;lookup_or_compile_dt;compile_decomposed;lookup_or_compile_dt;compile_decomposed;lookup_or_compile_dt;compile_decomposed;lookup_or_compile_dt;compile_dt;compile_dt;compile_decomposed;conjoin_nnfs_lits;conjoin_relevant_lits;get_and_node;asm_exc_page_fault;exc_page_fault;do_user_addr_fault;handle_mm_fault;__handle_mm_fault;do_huge_pmd_wp_page;__split_huge_pmd
     1.83%     0.00%  c2d      c2d                   [.] compile_decomposed
0.31% compile_decomposed;lookup_or_compile_dt;compile_decomposed;lookup_or_compile_dt;compile_dt;compile_dt;compile_decomposed;lookup_or_compile_dt;compile_decomposed;lookup_or_compile_dt;compile_decomposed;lookup_or_compile_dt;compile_decomposed;lookup_or_compile_dt;compile_dt;compile_dt;compile_decomposed;lookup_or_compile_dt;compile_decomposed;lookup_or_compile_dt;compile_decomposed;lookup_or_compile_dt;compile_decomposed;lookup_or_compile_dt;compile_dt;compile_dt;compile_decomposed;lookup_or_compile_dt;compile_decomposed;lookup_or_compile_dt;compile_decomposed;lookup_or_compile_dt;compile_decomposed;lookup_or_compile_dt;compile_dt;compile_dt;compile_decomposed;lookup_or_compile_dt;compile_decomposed;lookup_or_compile_dt;compile_decomposed;lookup_or_compile_dt;compile_decomposed;lookup_or_compile_dt;compile_dt;compile_dt;compile_decomposed;lookup_or_compile_dt;compile_decomposed;lookup_or_compile_dt;compile_decomposed;lookup_or_compile_dt;compile_decomposed;lookup_or_compile_dt;compile_dt;compile_dt;compile_decomposed;lookup_or_compile_dt;compile_decomposed;lookup_or_compile_dt;compile_decomposed;lookup_or_compile_dt;compile_decomposed;lookup_or_compile_dt;compile_dt;compile_dt;compile_decomposed;lookup_or_compile_dt;compile_decomposed;lookup_or_compile_dt;compile_decomposed;lookup_or_compile_dt;compile_decomposed;lookup_or_compile_dt;compile_dt;compile_dt;compile_decomposed;lookup_or_compile_dt;compile_decomposed;lookup_or_compile_dt;compile_decomposed;lookup_or_compile_dt;compile_decomposed;lookup_or_compile_dt;compile_dt;compile_dt;compile_decomposed;conjoin_nnfs_lits;conjoin_relevant_lits;get_and_node;asm_exc_page_fault;exc_page_fault;do_user_addr_fault;handle_mm_fault;__handle_mm_fault;do_huge_pmd_wp_page;__split_huge_pmd;asm_sysvec_apic_timer_interrupt;sysvec_apic_timer_interrupt;__irq_exit_rcu;handle_softirqs;rcu_core
0.31% compile_decomposed;lookup_or_compile_dt;compile_decomposed;subsumed_dtree
0.31% compile_decomposed;lookup_or_compile_dt;compile_decomposed;lookup_or_compile_dt;compile_dt;compile_dt;compile_decomposed;lookup_or_compile_dt;compile_decomposed;lookup_or_compile_dt;compile_decomposed;lookup_or_compile_dt;compile_decomposed;lookup_or_compile_dt;compile_dt;compile_dt;compile_decomposed;conjoin_nnfs_lits;conjoin_relevant_lits;get_and_node;asm_exc_page_fault;exc_page_fault;do_user_addr_fault;handle_mm_fault;__handle_mm_fault;do_huge_pmd_anonymous_page;pte_alloc_one;__alloc_pages;get_page_from_freelist;__list_del_entry_valid
0.30% compile_decomposed;lookup_or_compile_dt;compile_decomposed;lookup_or_compile_dt;compile_dt;active_separator_count;push_items_to_end;eliminated
0.30% compile_decomposed;lookup_or_compile_dt;compile_decomposed;lookup_or_compile_dt;compile_dt;compile_dt;compile_decomposed;lookup_or_compile_dt;compile_decomposed;lookup_or_compile_dt;compile_decomposed;lookup_or_compile_dt;compile_decomposed;lookup_or_compile_dt;compile_dt;compile_dt;compile_decomposed;lookup_or_compile_dt;compile_decomposed;lookup_or_compile_dt;compile_decomposed;lookup_or_compile_dt;compile_decomposed;lookup_or_compile_dt;compile_dt;compile_dt;compile_decomposed;lookup_or_compile_dt;compile_decomposed;lookup_or_compile_dt;compile_decomposed;lookup_or_compile_dt;compile_decomposed;lookup_or_compile_dt;compile_dt;compile_dt;compile_decomposed;conjoin_nnfs_lits;conjoin_relevant_lits;get_and_node;asm_exc_page_fault;exc_page_fault;do_user_addr_fault;handle_mm_fault;__handle_mm_fault;do_huge_pmd_wp_page;__split_huge_pmd
0.30% compile_decomposed;lookup_or_compile_dt;compile_decomposed;lookup_or_compile_dt;compile_dt;compile_dt;compile_decomposed;lookup_or_compile_dt;compile_decomposed;lookup_or_compile_dt;compile_decomposed;lookup_or_compile_dt;compile_decomposed;lookup_or_compile_dt;compile_dt;compile_dt;compile_decomposed;lookup_or_compile_dt;compile_decomposed;lookup_or_compile_dt;compile_decomposed;lookup_or_compile_dt;compile_decomposed;lookup_or_compile_dt;compile_dt;compile_dt;compile_decomposed;lookup_or_compile_dt;compile_decomposed;lookup_or_compile_dt;compile_decomposed;lookup_or_compile_dt;compile_decomposed;lookup_or_compile_dt;compile_dt;compile_dt;compile_decomposed;lookup_or_compile_dt;compile_decomposed;lookup_or_compile_dt;compile_decomposed;lookup_or_compile_dt;compile_decomposed;lookup_or_compile_dt;compile_dt;compile_dt;compile_decomposed;lookup_or_compile_dt;compile_decomposed;lookup_or_compile_dt;compile_decomposed;lookup_or_compile_dt;compile_decomposed;lookup_or_compile_dt;compile_dt;compile_dt;compile_decomposed;lookup_or_compile_dt;compile_decomposed;lookup_or_compile_dt;compile_decomposed;lookup_or_compile_dt;compile_decomposed;lookup_or_compile_dt;compile_dt;compile_dt;compile_decomposed;conjoin_nnfs_lits;conjoin_relevant_lits;get_and_node;asm_exc_page_fault;exc_page_fault;do_user_addr_fault;handle_mm_fault;__handle_mm_fault;do_huge_pmd_wp_page;__split_huge_pmd
     1.83%     0.00%  c2d      c2d                   [.] lookup_or_compile_dt
0.31% lookup_or_compile_dt;compile_decomposed;lookup_or_compile_dt;compile_dt;compile_dt;compile_decomposed;lookup_or_compile_dt;compile_decomposed;lookup_or_compile_dt;compile_decomposed;lookup_or_compile_dt;compile_decomposed;lookup_or_compile_dt;compile_dt;compile_dt;compile_decomposed;lookup_or_compile_dt;compile_decomposed;lookup_or_compile_dt;compile_decomposed;lookup_or_compile_dt;compile_decomposed;lookup_or_compile_dt;compile_dt;compile_dt;compile_decomposed;lookup_or_compile_dt;compile_decomposed;lookup_or_compile_dt;compile_decomposed;lookup_or_compile_dt;compile_decomposed;lookup_or_compile_dt;compile_dt;compile_dt;compile_decomposed;lookup_or_compile_dt;compile_decomposed;lookup_or_compile_dt;compile_decomposed;lookup_or_compile_dt;compile_decomposed;lookup_or_compile_dt;compile_dt;compile_dt;compile_decomposed;lookup_or_compile_dt;compile_decomposed;lookup_or_compile_dt;compile_decomposed;lookup_or_compile_dt;compile_decomposed;lookup_or_compile_dt;compile_dt;compile_dt;compile_decomposed;lookup_or_compile_dt;compile_decomposed;lookup_or_compile_dt;compile_decomposed;lookup_or_compile_dt;compile_decomposed;lookup_or_compile_dt;compile_dt;compile_dt;compile_decomposed;lookup_or_compile_dt;compile_decomposed;lookup_or_compile_dt;compile_decomposed;lookup_or_compile_dt;compile_decomposed;lookup_or_compile_dt;compile_dt;compile_dt;compile_decomposed;lookup_or_compile_dt;compile_decomposed;lookup_or_compile_dt;compile_decomposed;lookup_or_compile_dt;compile_decomposed;lookup_or_compile_dt;compile_dt;compile_dt;compile_decomposed;conjoin_nnfs_lits;conjoin_relevant_lits;get_and_node;asm_exc_page_fault;exc_page_fault;do_user_addr_fault;handle_mm_fault;__handle_mm_fault;do_huge_pmd_wp_page;__split_huge_pmd;asm_sysvec_apic_timer_interrupt;sysvec_apic_timer_interrupt;__irq_exit_rcu;handle_softirqs;rcu_core
0.31% lookup_or_compile_dt;compile_decomposed;subsumed_dtree
0.31% lookup_or_compile_dt;compile_decomposed;lookup_or_compile_dt;compile_dt;compile_dt;compile_decomposed;lookup_or_compile_dt;compile_decomposed;lookup_or_compile_dt;compile_decomposed;lookup_or_compile_dt;compile_decomposed;lookup_or_compile_dt;compile_dt;compile_dt;compile_decomposed;conjoin_nnfs_lits;conjoin_relevant_lits;get_and_node;asm_exc_page_fault;exc_page_fault;do_user_addr_fault;handle_mm_fault;__handle_mm_fault;do_huge_pmd_anonymous_page;pte_alloc_one;__alloc_pages;get_page_from_freelist;__list_del_entry_valid
0.30% lookup_or_compile_dt;compile_decomposed;lookup_or_compile_dt;compile_dt;active_separator_count;push_items_to_end;eliminated
0.30% lookup_or_compile_dt;compile_decomposed;lookup_or_compile_dt;compile_dt;compile_dt;compile_decomposed;lookup_or_compile_dt;compile_decomposed;lookup_or_compile_dt;compile_decomposed;lookup_or_compile_dt;compile_decomposed;lookup_or_compile_dt;compile_dt;compile_dt;compile_decomposed;lookup_or_compile_dt;compile_decomposed;lookup_or_compile_dt;compile_decomposed;lookup_or_compile_dt;compile_decomposed;lookup_or_compile_dt;compile_dt;compile_dt;compile_decomposed;lookup_or_compile_dt;compile_decomposed;lookup_or_compile_dt;compile_decomposed;lookup_or_compile_dt;compile_decomposed;lookup_or_compile_dt;compile_dt;compile_dt;compile_decomposed;conjoin_nnfs_lits;conjoin_relevant_lits;get_and_node;asm_exc_page_fault;exc_page_fault;do_user_addr_fault;handle_mm_fault;__handle_mm_fault;do_huge_pmd_wp_page;__split_huge_pmd
0.30% lookup_or_compile_dt;compile_decomposed;lookup_or_compile_dt;compile_dt;compile_dt;compile_decomposed;lookup_or_compile_dt;compile_decomposed;lookup_or_compile_dt;compile_decomposed;lookup_or_compile_dt;compile_decomposed;lookup_or_compile_dt;compile_dt;compile_dt;compile_decomposed;lookup_or_compile_dt;compile_decomposed;lookup_or_compile_dt;compile_decomposed;lookup_or_compile_dt;compile_decomposed;lookup_or_compile_dt;compile_dt;compile_dt;compile_decomposed;lookup_or_compile_dt;compile_decomposed;lookup_or_compile_dt;compile_decomposed;lookup_or_compile_dt;compile_decomposed;lookup_or_compile_dt;compile_dt;compile_dt;compile_decomposed;lookup_or_compile_dt;compile_decomposed;lookup_or_compile_dt;compile_decomposed;lookup_or_compile_dt;compile_decomposed;lookup_or_compile_dt;compile_dt;compile_dt;compile_decomposed;lookup_or_compile_dt;compile_decomposed;lookup_or_compile_dt;compile_decomposed;lookup_or_compile_dt;compile_decomposed;lookup_or_compile_dt;compile_dt;compile_dt;compile_decomposed;lookup_or_compile_dt;compile_decomposed;lookup_or_compile_dt;compile_decomposed;lookup_or_compile_dt;compile_decomposed;lookup_or_compile_dt;compile_dt;compile_dt;compile_decomposed;conjoin_nnfs_lits;conjoin_relevant_lits;get_and_node;asm_exc_page_fault;exc_page_fault;do_user_addr_fault;handle_mm_fault;__handle_mm_fault;do_huge_pmd_wp_page;__split_huge_pmd
     1.48%     0.00%  c2d      [unknown]             [.] 0000000000000000
0.30% 0;0x7f025cbd80b9
0.30% 0;0x7f025cbd7390
0.30% 0;0x7f025cbd80d9;asm_exc_page_fault;exc_page_fault;do_user_addr_fault;handle_mm_fault;__handle_mm_fault;folio_add_lru;folio_batch_move_lru;lru_add_fn
0.29% 0;0x7f025cbd756b
0.29% 0;std::locale::_Impl::_Impl
     1.22%     0.00%  c2d      c2d                   [.] conjoin_nnfs_lits
0.61% conjoin_nnfs_lits;conjoin_relevant_lits;get_and_node;asm_exc_page_fault;exc_page_fault;do_user_addr_fault;handle_mm_fault;__handle_mm_fault;do_huge_pmd_wp_page;__split_huge_pmd
0.31% conjoin_nnfs_lits;conjoin_relevant_lits;get_and_node;asm_exc_page_fault;exc_page_fault;do_user_addr_fault;handle_mm_fault;__handle_mm_fault;do_huge_pmd_wp_page;__split_huge_pmd;asm_sysvec_apic_timer_interrupt;sysvec_apic_timer_interrupt;__irq_exit_rcu;handle_softirqs;rcu_core
0.31% conjoin_nnfs_lits;conjoin_relevant_lits;get_and_node;asm_exc_page_fault;exc_page_fault;do_user_addr_fault;handle_mm_fault;__handle_mm_fault;do_huge_pmd_anonymous_page;pte_alloc_one;__alloc_pages;get_page_from_freelist;__list_del_entry_valid
     1.22%     0.00%  c2d      c2d                   [.] conjoin_relevant_lits
0.61% conjoin_relevant_lits;get_and_node;asm_exc_page_fault;exc_page_fault;do_user_addr_fault;handle_mm_fault;__handle_mm_fault;do_huge_pmd_wp_page;__split_huge_pmd
0.31% conjoin_relevant_lits;get_and_node;asm_exc_page_fault;exc_page_fault;do_user_addr_fault;handle_mm_fault;__handle_mm_fault;do_huge_pmd_wp_page;__split_huge_pmd;asm_sysvec_apic_timer_interrupt;sysvec_apic_timer_interrupt;__irq_exit_rcu;handle_softirqs;rcu_core
0.31% conjoin_relevant_lits;get_and_node;asm_exc_page_fault;exc_page_fault;do_user_addr_fault;handle_mm_fault;__handle_mm_fault;do_huge_pmd_anonymous_page;pte_alloc_one;__alloc_pages;get_page_from_freelist;__list_del_entry_valid
     1.22%     0.00%  c2d      c2d                   [.] get_and_node
0.61% get_and_node;asm_exc_page_fault;exc_page_fault;do_user_addr_fault;handle_mm_fault;__handle_mm_fault;do_huge_pmd_wp_page;__split_huge_pmd
0.31% get_and_node;asm_exc_page_fault;exc_page_fault;do_user_addr_fault;handle_mm_fault;__handle_mm_fault;do_huge_pmd_wp_page;__split_huge_pmd;asm_sysvec_apic_timer_interrupt;sysvec_apic_timer_interrupt;__irq_exit_rcu;handle_softirqs;rcu_core
0.31% get_and_node;asm_exc_page_fault;exc_page_fault;do_user_addr_fault;handle_mm_fault;__handle_mm_fault;do_huge_pmd_anonymous_page;pte_alloc_one;__alloc_pages;get_page_from_freelist;__list_del_entry_valid
     0.93%     0.00%  c2d      [kernel.kallsyms]     [k] __x64_sys_exit_group
0.31% __x64_sys_exit_group;do_group_exit;do_exit;put_files_struct;filp_close;dnotify_flush
0.31% __x64_sys_exit_group;do_group_exit;do_exit;__mmput;exit_mmap;unmap_vmas;unmap_page_range;vm_normal_page
0.31% __x64_sys_exit_group;do_group_exit;do_exit;__mmput;exit_mmap;unmap_vmas;unmap_page_range;_compound_head
     0.93%     0.00%  c2d      [kernel.kallsyms]     [k] do_group_exit
0.31% do_group_exit;do_exit;put_files_struct;filp_close;dnotify_flush
0.31% do_group_exit;do_exit;__mmput;exit_mmap;unmap_vmas;unmap_page_range;vm_normal_page
0.31% do_group_exit;do_exit;__mmput;exit_mmap;unmap_vmas;unmap_page_range;_compound_head
     0.93%     0.00%  c2d      [kernel.kallsyms]     [k] do_exit
0.31% do_exit;put_files_struct;filp_close;dnotify_flush
0.31% do_exit;__mmput;exit_mmap;unmap_vmas;unmap_page_range;vm_normal_page
0.31% do_exit;__mmput;exit_mmap;unmap_vmas;unmap_page_range;_compound_head
     0.93%     0.93%  c2d      [kernel.kallsyms]     [k] unmap_page_range
0.31% __munmap;entry_SYSCALL_64_after_hwframe;do_syscall_64;__x64_sys_munmap;__vm_munmap;do_mas_munmap;do_mas_align_munmap;unmap_region;unmap_vmas;unmap_page_range
0.31% entry_SYSCALL_64_after_hwframe;do_syscall_64;__x64_sys_exit_group;do_group_exit;do_exit;__mmput;exit_mmap;unmap_vmas;unmap_page_range;vm_normal_page
0.31% entry_SYSCALL_64_after_hwframe;do_syscall_64;__x64_sys_exit_group;do_group_exit;do_exit;__mmput;exit_mmap;unmap_vmas;unmap_page_range;_compound_head
     0.93%     0.00%  c2d      [kernel.kallsyms]     [k] unmap_vmas
0.31% unmap_vmas;unmap_page_range
0.31% unmap_vmas;unmap_page_range;vm_normal_page
0.31% unmap_vmas;unmap_page_range;_compound_head
     0.93%     0.00%  c2d      [kernel.kallsyms]     [k] do_huge_pmd_anonymous_page
0.31% do_huge_pmd_anonymous_page;pte_alloc_one;__alloc_pages
0.31% do_huge_pmd_anonymous_page;pgtable_trans_huge_deposit
0.31% do_huge_pmd_anonymous_page;pte_alloc_one;__alloc_pages;get_page_from_freelist;__list_del_entry_valid
     0.92%     0.30%  c2d      [kernel.kallsyms]     [k] __split_huge_pmd
0.31% __split_huge_pmd;asm_sysvec_apic_timer_interrupt;sysvec_apic_timer_interrupt;__irq_exit_rcu;handle_softirqs;rcu_core
0.30% 0x7f025cb6724a;main;cnf2ddnnf_cmd_line;compile_cnf;compile_dt;compile_dt;compile_decomposed;lookup_or_compile_dt;compile_decomposed;lookup_or_compile_dt;compile_dt;compile_dt;compile_decomposed;lookup_or_compile_dt;compile_decomposed;lookup_or_compile_dt;compile_decomposed;lookup_or_compile_dt;compile_decomposed;lookup_or_compile_dt;compile_dt;compile_dt;compile_decomposed;lookup_or_compile_dt;compile_decomposed;lookup_or_compile_dt;compile_decomposed;lookup_or_compile_dt;compile_decomposed;lookup_or_compile_dt;compile_dt;compile_dt;compile_decomposed;lookup_or_compile_dt;compile_decomposed;lookup_or_compile_dt;compile_decomposed;lookup_or_compile_dt;compile_decomposed;lookup_or_compile_dt;compile_dt;compile_dt;compile_decomposed;conjoin_nnfs_lits;conjoin_relevant_lits;get_and_node;asm_exc_page_fault;exc_page_fault;do_user_addr_fault;handle_mm_fault;__handle_mm_fault;do_huge_pmd_wp_page;__split_huge_pmd
0.30% __split_huge_pmd
     0.92%     0.00%  c2d      [kernel.kallsyms]     [k] do_huge_pmd_wp_page
0.61% do_huge_pmd_wp_page;__split_huge_pmd
0.31% do_huge_pmd_wp_page;__split_huge_pmd;asm_sysvec_apic_timer_interrupt;sysvec_apic_timer_interrupt;__irq_exit_rcu;handle_softirqs;rcu_core
     0.83%     0.00%  c2d      ld-linux-x86-64.so.2  [.] 0x00007f025d0c7a58
0.55% 0x7f025d0c7a58;0x7f025d0c722f;0x7f025d0cac99;0x7f025d0bb35a
0.29% 0x7f025d0c7a58;0x7f025d0c722f;__ctype_init;asm_exc_page_fault;exc_page_fault;do_user_addr_fault;handle_mm_fault;__handle_mm_fault;do_fault;filemap_map_pages;next_uptodate_page
     0.83%     0.00%  c2d      ld-linux-x86-64.so.2  [.] 0x00007f025d0c722f
0.55% 0x7f025d0c722f;0x7f025d0cac99;0x7f025d0bb35a
0.29% 0x7f025d0c722f;__ctype_init;asm_exc_page_fault;exc_page_fault;do_user_addr_fault;handle_mm_fault;__handle_mm_fault;do_fault;filemap_map_pages;next_uptodate_page
     0.80%     0.00%  c2d      [unknown]             [k] 0x00007f025d0e08a8
0.28% 0x7f025d0e08a8;0x7f025d0b5075;0x7f025d0b4028;asm_exc_page_fault;exc_page_fault;do_user_addr_fault;handle_mm_fault;count_memcg_events.constprop.0;__count_memcg_events
0.27% 0x7f025d0e08a8;0x7f025d0b51da;0x7f025d0cd9b4;entry_SYSCALL_64_after_hwframe;do_syscall_64;ksys_read;__fdget_pos;__fget_light
0.25% 0x7f025d0e08a8;0x7f025d0b5075;0x7f025d0cdae3;__static_call_text_end
     0.62%     0.00%  c2d      libc.so.6             [.] __munmap
0.31% __munmap;entry_SYSCALL_64_after_hwframe;do_syscall_64;x64_sys_call
0.31% __munmap;entry_SYSCALL_64_after_hwframe;do_syscall_64;__x64_sys_munmap;__vm_munmap;do_mas_munmap;do_mas_align_munmap;unmap_region;unmap_vmas;unmap_page_range
     0.62%     0.00%  c2d      [kernel.kallsyms]     [k] __mmput
0.31% __mmput;exit_mmap;unmap_vmas;unmap_page_range;vm_normal_page
0.31% __mmput;exit_mmap;unmap_vmas;unmap_page_range;_compound_head
     0.62%     0.00%  c2d      [kernel.kallsyms]     [k] exit_mmap
0.31% exit_mmap;unmap_vmas;unmap_page_range;vm_normal_page
0.31% exit_mmap;unmap_vmas;unmap_page_range;_compound_head
     0.62%     0.00%  c2d      [kernel.kallsyms]     [k] asm_sysvec_apic_timer_interrupt
0.31% asm_sysvec_apic_timer_interrupt;sysvec_apic_timer_interrupt;__sysvec_apic_timer_interrupt;hrtimer_interrupt;__hrtimer_run_queues;hrtimer_wakeup;try_to_wake_up;select_task_rq_fair
0.31% asm_sysvec_apic_timer_interrupt;sysvec_apic_timer_interrupt;__irq_exit_rcu;handle_softirqs;rcu_core
     0.62%     0.00%  c2d      [kernel.kallsyms]     [k] sysvec_apic_timer_interrupt
0.31% sysvec_apic_timer_interrupt;__sysvec_apic_timer_interrupt;hrtimer_interrupt;__hrtimer_run_queues;hrtimer_wakeup;try_to_wake_up;select_task_rq_fair
0.31% sysvec_apic_timer_interrupt;__irq_exit_rcu;handle_softirqs;rcu_core
     0.62%     0.31%  c2d      [kernel.kallsyms]     [k] error_entry
0.31% 0x7f025cb6724a;main;cnf2ddnnf_cmd_line;free_cache_manager;error_entry
0.31% error_entry;sync_regs
     0.62%     0.31%  c2d      [kernel.kallsyms]     [k] __alloc_pages
0.31% 0x7f025cb6724a;main;cnf2ddnnf_cmd_line;free_cache_manager;asm_exc_page_fault;exc_page_fault;do_user_addr_fault;handle_mm_fault;__handle_mm_fault;do_huge_pmd_anonymous_page;pte_alloc_one;__alloc_pages
0.31% __alloc_pages;get_page_from_freelist;__list_del_entry_valid
     0.62%     0.00%  c2d      [kernel.kallsyms]     [k] pte_alloc_one
0.31% pte_alloc_one;__alloc_pages
0.31% pte_alloc_one;__alloc_pages;get_page_from_freelist;__list_del_entry_valid
     0.60%     0.00%  c2d      [unknown]             [k] 0x0000000000000001
0.30% 0x1;0x7f025cbd61dd
0.30% 0x1;0x7f025cbd80d9;asm_exc_page_fault;exc_page_fault;do_user_addr_fault;handle_mm_fault;__handle_mm_fault;folio_add_lru;folio_batch_move_lru
     0.60%     0.00%  c2d      [kernel.kallsyms]     [k] lock_mm_and_find_vma
0.31% lock_mm_and_find_vma;find_vma;mt_find
0.29% lock_mm_and_find_vma;expand_downwards;perf_event_mmap
     0.60%     0.30%  c2d      [kernel.kallsyms]     [k] folio_batch_move_lru
0.30% 0x1;0x7f025cbd80d9;asm_exc_page_fault;exc_page_fault;do_user_addr_fault;handle_mm_fault;__handle_mm_fault;folio_add_lru;folio_batch_move_lru
0.30% folio_batch_move_lru;lru_add_fn
     0.60%     0.00%  c2d      libc.so.6             [.] 0x00007f025cbd80d9
0.30% 0x7f025cbd80d9;asm_exc_page_fault;exc_page_fault;do_user_addr_fault;handle_mm_fault;__handle_mm_fault;folio_add_lru;folio_batch_move_lru
0.30% 0x7f025cbd80d9;asm_exc_page_fault;exc_page_fault;do_user_addr_fault;handle_mm_fault;__handle_mm_fault;folio_add_lru;folio_batch_move_lru;lru_add_fn
     0.60%     0.00%  c2d      [kernel.kallsyms]     [k] folio_add_lru
0.30% folio_add_lru;folio_batch_move_lru
0.30% folio_add_lru;folio_batch_move_lru;lru_add_fn
     0.55%     0.55%  c2d      ld-linux-x86-64.so.2  [.] 0x000000000000e354
0.55% 0x7f025d0c7a58;0x7f025d0c722f;0x7f025d0cac99;0x7f025d0bb35a
     0.55%     0.00%  c2d      ld-linux-x86-64.so.2  [.] 0x00007f025d0cac99
0.55% 0x7f025d0cac99;0x7f025d0bb35a
     0.55%     0.00%  c2d      ld-linux-x86-64.so.2  [.] 0x00007f025d0bb35a
0.55% 0x7f025d0bb35a
     0.53%     0.00%  c2d      ld-linux-x86-64.so.2  [.] 0x00007f025d0b5075
0.28% 0x7f025d0b5075;0x7f025d0b4028;asm_exc_page_fault;exc_page_fault;do_user_addr_fault;handle_mm_fault;count_memcg_events.constprop.0;__count_memcg_events
0.25% 0x7f025d0b5075;0x7f025d0cdae3;__static_call_text_end
     0.47%     0.29%  c2d      [kernel.kallsyms]     [k] perf_event_mmap
0.29% 0x7f025cb6724a;main;get_cnf_from_file;asm_exc_page_fault;exc_page_fault;do_user_addr_fault;lock_mm_and_find_vma;expand_downwards;perf_event_mmap
0.18% perf_event_mmap;d_path;prepend_path
     0.31%     0.31%  c2d      [kernel.kallsyms]     [k] select_task_rq_fair
0.31% 0x7f025cb6724a;main;cnf2ddnnf_cmd_line;free_cache_manager;asm_sysvec_apic_timer_interrupt;sysvec_apic_timer_interrupt;__sysvec_apic_timer_interrupt;hrtimer_interrupt;__hrtimer_run_queues;hrtimer_wakeup;try_to_wake_up;select_task_rq_fair
     0.31%     0.00%  c2d      [kernel.kallsyms]     [k] __sysvec_apic_timer_interrupt
0.31% __sysvec_apic_timer_interrupt;hrtimer_interrupt;__hrtimer_run_queues;hrtimer_wakeup;try_to_wake_up;select_task_rq_fair
     0.31%     0.00%  c2d      [kernel.kallsyms]     [k] hrtimer_interrupt
0.31% hrtimer_interrupt;__hrtimer_run_queues;hrtimer_wakeup;try_to_wake_up;select_task_rq_fair
     0.31%     0.00%  c2d      [kernel.kallsyms]     [k] __hrtimer_run_queues
0.31% __hrtimer_run_queues;hrtimer_wakeup;try_to_wake_up;select_task_rq_fair
     0.31%     0.00%  c2d      [kernel.kallsyms]     [k] hrtimer_wakeup
0.31% hrtimer_wakeup;try_to_wake_up;select_task_rq_fair
     0.31%     0.00%  c2d      [kernel.kallsyms]     [k] try_to_wake_up
0.31% try_to_wake_up;select_task_rq_fair
     0.31%     0.31%  c2d      [kernel.kallsyms]     [k] native_irq_return_iret
0.31% 0x7f025cb6724a;main;cnf2ddnnf_cmd_line;free_cache_manager
     0.31%     0.31%  c2d      [kernel.kallsyms]     [k] x64_sys_call
0.31% __munmap;entry_SYSCALL_64_after_hwframe;do_syscall_64;x64_sys_call
     0.31%     0.31%  c2d      [kernel.kallsyms]     [k] dnotify_flush
0.31% entry_SYSCALL_64_after_hwframe;do_syscall_64;__x64_sys_exit_group;do_group_exit;do_exit;put_files_struct;filp_close;dnotify_flush
     0.31%     0.00%  c2d      [kernel.kallsyms]     [k] put_files_struct
0.31% put_files_struct;filp_close;dnotify_flush
     0.31%     0.00%  c2d      [kernel.kallsyms]     [k] filp_close
0.31% filp_close;dnotify_flush
     0.31%     0.00%  c2d      [kernel.kallsyms]     [k] __x64_sys_munmap
0.31% __x64_sys_munmap;__vm_munmap;do_mas_munmap;do_mas_align_munmap;unmap_region;unmap_vmas;unmap_page_range
     0.31%     0.00%  c2d      [kernel.kallsyms]     [k] __vm_munmap
0.31% __vm_munmap;do_mas_munmap;do_mas_align_munmap;unmap_region;unmap_vmas;unmap_page_range
     0.31%     0.00%  c2d      [kernel.kallsyms]     [k] do_mas_munmap
0.31% do_mas_munmap;do_mas_align_munmap;unmap_region;unmap_vmas;unmap_page_range
     0.31%     0.00%  c2d      [kernel.kallsyms]     [k] do_mas_align_munmap
0.31% do_mas_align_munmap;unmap_region;unmap_vmas;unmap_page_range
     0.31%     0.00%  c2d      [kernel.kallsyms]     [k] unmap_region
0.31% unmap_region;unmap_vmas;unmap_page_range
     0.31%     0.00%  c2d      [kernel.kallsyms]     [k] vm_normal_page
0.31% vm_normal_page
     0.31%     0.31%  c2d      [kernel.kallsyms]     [k] mt_find
0.31% 0x7f025cb6724a;main;cnf2ddnnf_cmd_line;free_cache_manager;asm_exc_page_fault;exc_page_fault;do_user_addr_fault;lock_mm_and_find_vma;find_vma;mt_find
     0.31%     0.00%  c2d      [kernel.kallsyms]     [k] find_vma
0.31% find_vma;mt_find
     0.31%     0.00%  c2d      [kernel.kallsyms]     [k] _compound_head
0.31% _compound_head
     0.31%     0.31%  c2d      ld-linux-x86-64.so.2  [.] 0x000000000000906c
0.31% 0x7f025d0b6070
     0.31%     0.00%  c2d      ld-linux-x86-64.so.2  [.] 0x00007f025d0b6070
0.31% 0x7f025d0b6070
     0.31%     0.31%  c2d      [kernel.kallsyms]     [k] pgtable_trans_huge_deposit
0.31% 0x7f025cb6724a;main;cnf2ddnnf_cmd_line;free_cache_manager;asm_exc_page_fault;exc_page_fault;do_user_addr_fault;handle_mm_fault;__handle_mm_fault;do_huge_pmd_anonymous_page;pgtable_trans_huge_deposit
     0.31%     0.31%  c2d      [kernel.kallsyms]     [k] sync_regs
0.31% 0x7f025cb6724a;main;cnf2ddnnf_cmd_line;free_cache_manager;error_entry;sync_regs
     0.31%     0.31%  c2d      [kernel.kallsyms]     [k] rcu_core
0.31% 0x7f025cb6724a;main;cnf2ddnnf_cmd_line;compile_cnf;compile_dt;compile_dt;compile_decomposed;lookup_or_compile_dt;compile_decomposed;lookup_or_compile_dt;compile_dt;compile_dt;compile_decomposed;lookup_or_compile_dt;compile_decomposed;lookup_or_compile_dt;compile_decomposed;lookup_or_compile_dt;compile_decomposed;lookup_or_compile_dt;compile_dt;compile_dt;compile_decomposed;lookup_or_compile_dt;compile_decomposed;lookup_or_compile_dt;compile_decomposed;lookup_or_compile_dt;compile_decomposed;lookup_or_compile_dt;compile_dt;compile_dt;compile_decomposed;lookup_or_compile_dt;compile_decomposed;lookup_or_compile_dt;compile_decomposed;lookup_or_compile_dt;compile_decomposed;lookup_or_compile_dt;compile_dt;compile_dt;compile_decomposed;lookup_or_compile_dt;compile_decomposed;lookup_or_compile_dt;compile_decomposed;lookup_or_compile_dt;compile_decomposed;lookup_or_compile_dt;compile_dt;compile_dt;compile_decomposed;lookup_or_compile_dt;compile_decomposed;lookup_or_compile_dt;compile_decomposed;lookup_or_compile_dt;compile_decomposed;lookup_or_compile_dt;compile_dt;compile_dt;compile_decomposed;lookup_or_compile_dt;compile_decomposed;lookup_or_compile_dt;compile_decomposed;lookup_or_compile_dt;compile_decomposed;lookup_or_compile_dt;compile_dt;compile_dt;compile_decomposed;lookup_or_compile_dt;compile_decomposed;lookup_or_compile_dt;compile_decomposed;lookup_or_compile_dt;compile_decomposed;lookup_or_compile_dt;compile_dt;compile_dt;compile_decomposed;lookup_or_compile_dt;compile_decomposed;lookup_or_compile_dt;compile_decomposed;lookup_or_compile_dt;compile_decomposed;lookup_or_compile_dt;compile_dt;compile_dt;compile_decomposed;conjoin_nnfs_lits;conjoin_relevant_lits;get_and_node;asm_exc_page_fault;exc_page_fault;do_user_addr_fault;handle_mm_fault;__handle_mm_fault;do_huge_pmd_wp_page;__split_huge_pmd;asm_sysvec_apic_timer_interrupt;sysvec_apic_timer_interrupt;__irq_exit_rcu;handle_softirqs;rcu_core
     0.31%     0.00%  c2d      [kernel.kallsyms]     [k] __irq_exit_rcu
0.31% __irq_exit_rcu;handle_softirqs;rcu_core
     0.31%     0.00%  c2d      [kernel.kallsyms]     [k] handle_softirqs
0.31% handle_softirqs;rcu_core
     0.31%     0.31%  c2d      c2d                   [.] subsumed_dtree
0.31% 0x7f025cb6724a;main;cnf2ddnnf_cmd_line;compile_cnf;compile_dt;compile_dt;compile_decomposed;lookup_or_compile_dt;compile_decomposed;subsumed_dtree
     0.31%     0.31%  c2d      [kernel.kallsyms]     [k] __list_del_entry_valid
0.31% 0x7f025cb6724a;main;cnf2ddnnf_cmd_line;compile_cnf;compile_dt;compile_dt;compile_decomposed;lookup_or_compile_dt;compile_decomposed;lookup_or_compile_dt;compile_dt;compile_dt;compile_decomposed;lookup_or_compile_dt;compile_decomposed;lookup_or_compile_dt;compile_decomposed;lookup_or_compile_dt;compile_decomposed;lookup_or_compile_dt;compile_dt;compile_dt;compile_decomposed;conjoin_nnfs_lits;conjoin_relevant_lits;get_and_node;asm_exc_page_fault;exc_page_fault;do_user_addr_fault;handle_mm_fault;__handle_mm_fault;do_huge_pmd_anonymous_page;pte_alloc_one;__alloc_pages;get_page_from_freelist;__list_del_entry_valid
     0.31%     0.00%  c2d      [kernel.kallsyms]     [k] get_page_from_freelist
0.31% get_page_from_freelist;__list_del_entry_valid
     0.30%     0.30%  c2d      c2d                   [.] eliminated
0.30% 0x7f025cb6724a;main;cnf2ddnnf_cmd_line;compile_cnf;compile_dt;compile_dt;compile_decomposed;lookup_or_compile_dt;compile_decomposed;lookup_or_compile_dt;compile_dt;active_separator_count;push_items_to_end;eliminated
     0.30%     0.00%  c2d      c2d                   [.] active_separator_count
0.30% active_separator_count;push_items_to_end;eliminated
     0.30%     0.00%  c2d      c2d                   [.] push_items_to_end
0.30% push_items_to_end;eliminated
     0.30%     0.30%  c2d      libc.so.6             [.] 0x00000000000961d7
0.30% 0x1;0x7f025cbd61dd
     0.30%     0.00%  c2d      libc.so.6             [.] 0x00007f025cbd61dd
0.30% 0x7f025cbd61dd
     0.30%     0.30%  c2d      [kernel.kallsyms]     [k] native_set_pte
0.30% 0x7f025cb6724a;main;cnf2ddnnf_cmd_line;compile_cnf;compile_dt;compile_dt;compile_decomposed;lookup_or_compile_dt;compile_decomposed;lookup_or_compile_dt;compile_dt;compile_dt;compile_decomposed;lookup_or_compile_dt;compile_decomposed;lookup_or_compile_dt;compile_decomposed;lookup_or_compile_dt;compile_decomposed;lookup_or_compile_dt;compile_dt;compile_dt;compile_decomposed;lookup_or_compile_dt;compile_decomposed;lookup_or_compile_dt;compile_decomposed;lookup_or_compile_dt;compile_decomposed;lookup_or_compile_dt;compile_dt;compile_dt;compile_decomposed;lookup_or_compile_dt;compile_decomposed;lookup_or_compile_dt;compile_decomposed;lookup_or_compile_dt;compile_decomposed;lookup_or_compile_dt;compile_dt;compile_dt;compile_decomposed;lookup_or_compile_dt;compile_decomposed;lookup_or_compile_dt;compile_decomposed;lookup_or_compile_dt;compile_decomposed;lookup_or_compile_dt;compile_dt;compile_dt;compile_decomposed;lookup_or_compile_dt;compile_decomposed;lookup_or_compile_dt;compile_decomposed;lookup_or_compile_dt;compile_decomposed;lookup_or_compile_dt;compile_dt;compile_dt;compile_decomposed;lookup_or_compile_dt;compile_decomposed;lookup_or_compile_dt;compile_decomposed;lookup_or_compile_dt;compile_decomposed;lookup_or_compile_dt;compile_dt;compile_dt;compile_decomposed;conjoin_nnfs_lits;conjoin_relevant_lits;get_and_node;asm_exc_page_fault;exc_page_fault;do_user_addr_fault;handle_mm_fault;__handle_mm_fault;do_huge_pmd_wp_page;__split_huge_pmd
     0.30%     0.30%  c2d      libc.so.6             [.] 0x00000000000980b5
0.30% 0;0x7f025cbd80b9
     0.30%     0.00%  c2d      libc.so.6             [.] 0x00007f025cbd80b9
0.30% 0x7f025cbd80b9
     0.30%     0.30%  c2d      libc.so.6             [.] 0x000000000009738c
0.30% 0;0x7f025cbd7390
     0.30%     0.00%  c2d      libc.so.6             [.] 0x00007f025cbd7390
0.30% 0x7f025cbd7390
     0.30%     0.30%  c2d      [kernel.kallsyms]     [k] lru_add_fn
0.30% 0;0x7f025cbd80d9;asm_exc_page_fault;exc_page_fault;do_user_addr_fault;handle_mm_fault;__handle_mm_fault;folio_add_lru;folio_batch_move_lru;lru_add_fn
     0.30%     0.30%  c2d      [kernel.kallsyms]     [k] __rcu_read_unlock
0.30% 0x7f025cb6724a;main;cnf2ddnnf_cmd_line;0x7f025cbe36c0;asm_exc_page_fault;exc_page_fault;do_user_addr_fault;handle_mm_fault;__handle_mm_fault;__mem_cgroup_charge;get_mem_cgroup_from_mm
     0.30%     0.00%  c2d      libc.so.6             [.] 0x00007f025cbe36c0
0.30% 0x7f025cbe36c0;asm_exc_page_fault;exc_page_fault;do_user_addr_fault;handle_mm_fault;__handle_mm_fault;__mem_cgroup_charge;get_mem_cgroup_from_mm
     0.30%     0.00%  c2d      [kernel.kallsyms]     [k] __mem_cgroup_charge
0.30% __mem_cgroup_charge;get_mem_cgroup_from_mm
     0.30%     0.00%  c2d      [kernel.kallsyms]     [k] get_mem_cgroup_from_mm
0.30% get_mem_cgroup_from_mm
     0.29%     0.29%  c2d      libc.so.6             [.] 0x0000000000097755
0.29% 0;0x7f025cbd756b
     0.29%     0.00%  c2d      libc.so.6             [.] 0x00007f025cbd756b
0.29% 0x7f025cbd756b
     0.29%     0.00%  c2d      c2d                   [.] get_cnf_from_file
0.29% get_cnf_from_file;asm_exc_page_fault;exc_page_fault;do_user_addr_fault;lock_mm_and_find_vma;expand_downwards;perf_event_mmap
     0.29%     0.00%  c2d      [kernel.kallsyms]     [k] expand_downwards
0.29% expand_downwards;perf_event_mmap
     0.29%     0.29%  c2d      libstdc++.so.6.0.30   [.] std::locale::_Impl::_Impl
0.29% 0;std::locale::_Impl::_Impl
     0.29%     0.29%  c2d      [kernel.kallsyms]     [k] next_uptodate_page
0.29% 0x7f025d0c7a58;0x7f025d0c722f;__ctype_init;asm_exc_page_fault;exc_page_fault;do_user_addr_fault;handle_mm_fault;__handle_mm_fault;do_fault;filemap_map_pages;next_uptodate_page
     0.29%     0.00%  c2d      libc.so.6             [.] __ctype_init
0.29% __ctype_init;asm_exc_page_fault;exc_page_fault;do_user_addr_fault;handle_mm_fault;__handle_mm_fault;do_fault;filemap_map_pages;next_uptodate_page
     0.29%     0.00%  c2d      [kernel.kallsyms]     [k] do_fault
0.29% do_fault;filemap_map_pages;next_uptodate_page
     0.29%     0.00%  c2d      [kernel.kallsyms]     [k] filemap_map_pages
0.29% filemap_map_pages;next_uptodate_page
     0.28%     0.28%  c2d      ld-linux-x86-64.so.2  [.] 0x0000000000008dd6
0.28% 0x7f025d0b5dda
     0.28%     0.00%  c2d      ld-linux-x86-64.so.2  [.] 0x00007f025d0b5dda
0.28% 0x7f025d0b5dda
     0.28%     0.28%  c2d      [kernel.kallsyms]     [k] __count_memcg_events
0.28% 0x7f025d0e08a8;0x7f025d0b5075;0x7f025d0b4028;asm_exc_page_fault;exc_page_fault;do_user_addr_fault;handle_mm_fault;count_memcg_events.constprop.0;__count_memcg_events
     0.28%     0.00%  c2d      ld-linux-x86-64.so.2  [.] 0x00007f025d0b4028
0.28% 0x7f025d0b4028;asm_exc_page_fault;exc_page_fault;do_user_addr_fault;handle_mm_fault;count_memcg_events.constprop.0;__count_memcg_events
     0.28%     0.00%  c2d      [kernel.kallsyms]     [k] count_memcg_events.constprop.0
0.28% count_memcg_events.constprop.0;__count_memcg_events
     0.27%     0.27%  c2d      [kernel.kallsyms]     [k] __fget_light
0.27% 0x7f025d0e08a8;0x7f025d0b51da;0x7f025d0cd9b4;entry_SYSCALL_64_after_hwframe;do_syscall_64;ksys_read;__fdget_pos;__fget_light
     0.27%     0.00%  c2d      ld-linux-x86-64.so.2  [.] 0x00007f025d0b51da
0.27% 0x7f025d0b51da;0x7f025d0cd9b4;entry_SYSCALL_64_after_hwframe;do_syscall_64;ksys_read;__fdget_pos;__fget_light
     0.27%     0.00%  c2d      ld-linux-x86-64.so.2  [.] 0x00007f025d0cd9b4
0.27% 0x7f025d0cd9b4;entry_SYSCALL_64_after_hwframe;do_syscall_64;ksys_read;__fdget_pos;__fget_light
     0.27%     0.00%  c2d      [kernel.kallsyms]     [k] ksys_read
0.27% ksys_read;__fdget_pos;__fget_light
     0.27%     0.00%  c2d      [kernel.kallsyms]     [k] __fdget_pos
0.27% __fdget_pos;__fget_light
     0.26%     0.26%  c2d      ld-linux-x86-64.so.2  [.] 0x0000000000009991
0.26% 0x19a1e0;0x7f025ce7a758;0x7f025d0b6999
     0.26%     0.00%  c2d      [unknown]             [.] 0x000000000019a1e0
0.26% 0x19a1e0;0x7f025ce7a758;0x7f025d0b6999
     0.26%     0.00%  c2d      [unknown]             [.] 0x00007f025ce7a758
0.26% 0x7f025ce7a758;0x7f025d0b6999
     0.26%     0.00%  c2d      ld-linux-x86-64.so.2  [.] 0x00007f025d0b6999
0.26% 0x7f025d0b6999
     0.26%     0.26%  c2d      ld-linux-x86-64.so.2  [.] 0x0000000000009947
0.26% 0x1d1260;0x7f025cb64538;0x7f025d0b694a
     0.26%     0.00%  c2d      [unknown]             [.] 0x00000000001d1260
0.26% 0x1d1260;0x7f025cb64538;0x7f025d0b694a
     0.26%     0.00%  c2d      [unknown]             [.] 0x00007f025cb64538
0.26% 0x7f025cb64538;0x7f025d0b694a
     0.26%     0.00%  c2d      ld-linux-x86-64.so.2  [.] 0x00007f025d0b694a
0.26% 0x7f025d0b694a
     0.25%     0.25%  c2d      [kernel.kallsyms]     [k] __static_call_text_end
0.25% 0x7f025d0e08a8;0x7f025d0b5075;0x7f025d0cdae3;__static_call_text_end
     0.25%     0.00%  c2d      ld-linux-x86-64.so.2  [.] 0x00007f025d0cdae3
0.25% 0x7f025d0cdae3;__static_call_text_end
     0.25%     0.00%  c2d      [unknown]             [k] 0x00007f16f30f3a97
0.18% 0x7f16f30f3a97;entry_SYSCALL_64_after_hwframe;do_syscall_64;__x64_sys_execve;do_execveat_common.isra.0;bprm_execve;load_elf_binary;elf_map;vm_mmap_pgoff;do_mmap;mmap_region;perf_event_mmap;d_path;prepend_path
0.07% 0x7f16f30f3a97;entry_SYSCALL_64_after_hwframe;do_syscall_64;__x64_sys_execve;do_execveat_common.isra.0;bprm_execve;load_elf_binary;begin_new_exec;security_bprm_committed_creds;apparmor_bprm_committed_creds
     0.25%     0.00%  c2d      [kernel.kallsyms]     [k] __x64_sys_execve
0.18% __x64_sys_execve;do_execveat_common.isra.0;bprm_execve;load_elf_binary;elf_map;vm_mmap_pgoff;do_mmap;mmap_region;perf_event_mmap;d_path;prepend_path
0.07% __x64_sys_execve;do_execveat_common.isra.0;bprm_execve;load_elf_binary;begin_new_exec;security_bprm_committed_creds;apparmor_bprm_committed_creds
     0.25%     0.00%  c2d      [kernel.kallsyms]     [k] do_execveat_common.isra.0
0.18% do_execveat_common.isra.0;bprm_execve;load_elf_binary;elf_map;vm_mmap_pgoff;do_mmap;mmap_region;perf_event_mmap;d_path;prepend_path
0.07% do_execveat_common.isra.0;bprm_execve;load_elf_binary;begin_new_exec;security_bprm_committed_creds;apparmor_bprm_committed_creds
     0.25%     0.00%  c2d      [kernel.kallsyms]     [k] bprm_execve
0.18% bprm_execve;load_elf_binary;elf_map;vm_mmap_pgoff;do_mmap;mmap_region;perf_event_mmap;d_path;prepend_path
0.07% bprm_execve;load_elf_binary;begin_new_exec;security_bprm_committed_creds;apparmor_bprm_committed_creds
     0.25%     0.00%  c2d      [kernel.kallsyms]     [k] load_elf_binary
0.18% load_elf_binary;elf_map;vm_mmap_pgoff;do_mmap;mmap_region;perf_event_mmap;d_path;prepend_path
0.07% load_elf_binary;begin_new_exec;security_bprm_committed_creds;apparmor_bprm_committed_creds
     0.25%     0.25%  c2d      [kernel.kallsyms]     [k] fsnotify_destroy_marks
0.25% 0x7f025d0c7a50;entry_SYSCALL_64_after_hwframe;do_syscall_64;syscall_exit_to_user_mode;exit_to_user_mode_prepare;task_work_run;__fput;__dentry_kill;destroy_inode;__destroy_inode;fsnotify_destroy_marks
     0.25%     0.00%  c2d      ld-linux-x86-64.so.2  [.] 0x00007f025d0c7a50
0.25% 0x7f025d0c7a50;entry_SYSCALL_64_after_hwframe;do_syscall_64;syscall_exit_to_user_mode;exit_to_user_mode_prepare;task_work_run;__fput;__dentry_kill;destroy_inode;__destroy_inode;fsnotify_destroy_marks
     0.25%     0.00%  c2d      [kernel.kallsyms]     [k] syscall_exit_to_user_mode
0.25% syscall_exit_to_user_mode;exit_to_user_mode_prepare;task_work_run;__fput;__dentry_kill;destroy_inode;__destroy_inode;fsnotify_destroy_marks
     0.25%     0.00%  c2d      [kernel.kallsyms]     [k] exit_to_user_mode_prepare
0.25% exit_to_user_mode_prepare;task_work_run;__fput;__dentry_kill;destroy_inode;__destroy_inode;fsnotify_destroy_marks
     0.25%     0.00%  c2d      [kernel.kallsyms]     [k] task_work_run
0.25% task_work_run;__fput;__dentry_kill;destroy_inode;__destroy_inode;fsnotify_destroy_marks
     0.25%     0.00%  c2d      [kernel.kallsyms]     [k] __fput
0.25% __fput;__dentry_kill;destroy_inode;__destroy_inode;fsnotify_destroy_marks
     0.25%     0.00%  c2d      [kernel.kallsyms]     [k] __dentry_kill
0.25% __dentry_kill;destroy_inode;__destroy_inode;fsnotify_destroy_marks
     0.25%     0.00%  c2d      [kernel.kallsyms]     [k] destroy_inode
0.25% destroy_inode;__destroy_inode;fsnotify_destroy_marks
     0.25%     0.00%  c2d      [kernel.kallsyms]     [k] __destroy_inode
0.25% __destroy_inode;fsnotify_destroy_marks
     0.18%     0.18%  c2d      [kernel.kallsyms]     [k] prepend_path
0.18% 0x7f16f30f3a97;entry_SYSCALL_64_after_hwframe;do_syscall_64;__x64_sys_execve;do_execveat_common.isra.0;bprm_execve;load_elf_binary;elf_map;vm_mmap_pgoff;do_mmap;mmap_region;perf_event_mmap;d_path;prepend_path
     0.18%     0.00%  c2d      [kernel.kallsyms]     [k] elf_map
0.18% elf_map;vm_mmap_pgoff;do_mmap;mmap_region;perf_event_mmap;d_path;prepend_path
     0.18%     0.00%  c2d      [kernel.kallsyms]     [k] vm_mmap_pgoff
0.18% vm_mmap_pgoff;do_mmap;mmap_region;perf_event_mmap;d_path;prepend_path
     0.18%     0.00%  c2d      [kernel.kallsyms]     [k] do_mmap
0.18% do_mmap;mmap_region;perf_event_mmap;d_path;prepend_path
     0.18%     0.00%  c2d      [kernel.kallsyms]     [k] mmap_region
0.18% mmap_region;perf_event_mmap;d_path;prepend_path
     0.18%     0.00%  c2d      [kernel.kallsyms]     [k] d_path
0.18% d_path;prepend_path
     0.07%     0.07%  c2d      [kernel.kallsyms]     [k] apparmor_bprm_committed_creds
0.07% 0x7f16f30f3a97;entry_SYSCALL_64_after_hwframe;do_syscall_64;__x64_sys_execve;do_execveat_common.isra.0;bprm_execve;load_elf_binary;begin_new_exec;security_bprm_committed_creds;apparmor_bprm_committed_creds
     0.07%     0.00%  c2d      [kernel.kallsyms]     [k] begin_new_exec
0.07% begin_new_exec;security_bprm_committed_creds;apparmor_bprm_committed_creds
     0.07%     0.00%  c2d      [kernel.kallsyms]     [k] security_bprm_committed_creds
0.07% security_bprm_committed_creds;apparmor_bprm_committed_creds
     0.02%     0.00%  perf-ex  [unknown]             [k] 0x00007f16f30f3a97
0.01% 0x7f16f30f3a97;entry_SYSCALL_64_after_hwframe;do_syscall_64;__x64_sys_execve;do_execveat_common.isra.0;bprm_execve;load_elf_binary;begin_new_exec;perf_event_exec
     0.02%     0.00%  perf-ex  [kernel.kallsyms]     [k] entry_SYSCALL_64_after_hwframe
0.01% entry_SYSCALL_64_after_hwframe;do_syscall_64;__x64_sys_execve;do_execveat_common.isra.0;bprm_execve;load_elf_binary;begin_new_exec;perf_event_exec
     0.02%     0.01%  perf-ex  [kernel.kallsyms]     [k] perf_event_exec
0.01% 0x7f16f30f3a97;entry_SYSCALL_64_after_hwframe;do_syscall_64;__x64_sys_execve;do_execveat_common.isra.0;bprm_execve;load_elf_binary;begin_new_exec;perf_event_exec
     0.02%     0.00%  perf-ex  [kernel.kallsyms]     [k] do_syscall_64
0.01% do_syscall_64;__x64_sys_execve;do_execveat_common.isra.0;bprm_execve;load_elf_binary;begin_new_exec;perf_event_exec
     0.02%     0.00%  perf-ex  [kernel.kallsyms]     [k] __x64_sys_execve
0.01% __x64_sys_execve;do_execveat_common.isra.0;bprm_execve;load_elf_binary;begin_new_exec;perf_event_exec
     0.02%     0.00%  perf-ex  [kernel.kallsyms]     [k] do_execveat_common.isra.0
0.01% do_execveat_common.isra.0;bprm_execve;load_elf_binary;begin_new_exec;perf_event_exec
     0.02%     0.00%  perf-ex  [kernel.kallsyms]     [k] bprm_execve
0.01% bprm_execve;load_elf_binary;begin_new_exec;perf_event_exec
     0.02%     0.00%  perf-ex  [kernel.kallsyms]     [k] load_elf_binary
0.01% load_elf_binary;begin_new_exec;perf_event_exec
     0.02%     0.00%  perf-ex  [kernel.kallsyms]     [k] begin_new_exec
0.01% begin_new_exec;perf_event_exec
     0.00%     0.00%  perf-ex  [kernel.kallsyms]     [k] native_write_msr
     0.00%     0.00%  perf-ex  [kernel.kallsyms]     [k] __intel_pmu_enable_all.constprop.0
     0.00%     0.00%  perf-ex  [kernel.kallsyms]     [k] memcpy_fromio
     0.00%     0.00%  perf-ex  [kernel.kallsyms]     [k] native_sched_clock


#
# (Tip: For memory address profiling, try: perf mem record / perf mem report)
#
