# To display the perf.data header info, please use --header/--header-only options.
#
#
# Total Lost Samples: 0
#
# Samples: 331  of event 'cycles'
# Event count (approx.): 230598809
#
# Children      Self  Command  Shared Object         Symbol                                   
# ........  ........  .......  ....................  .........................................
#
    95.00%     0.00%  c2d      libc.so.6             [.] 0x00007f6138b6724a
92.52% 0x7f6138b6724a;main;cnf2ddnnf_cmd_line;free_cache_manager
0.31% 0x7f6138b6724a;main;cnf2ddnnf_cmd_line;free_cache_manager;asm_exc_page_fault;exc_page_fault;do_user_addr_fault;handle_mm_fault;mem_cgroup_from_task
0.31% 0x7f6138b6724a;main;cnf2ddnnf_cmd_line;free_cache_manager;asm_exc_page_fault;exc_page_fault;do_user_addr_fault;handle_mm_fault;__handle_mm_fault;do_huge_pmd_anonymous_page;pte_alloc_one;__alloc_pages;__memcg_kmem_charge_page;__get_obj_cgroup_from_memcg
0.31% 0x7f6138b6724a;main;cnf2ddnnf_cmd_line;free_cache_manager;__irqentry_text_end
0.31% 0x7f6138b6724a;main;cnf2ddnnf_cmd_line;free_cache_manager;asm_exc_page_fault;exc_page_fault;do_user_addr_fault;handle_mm_fault;__handle_mm_fault;do_huge_pmd_anonymous_page;pte_alloc_one;mod_lruvec_page_state.constprop.0;__mod_lruvec_page_state;__mod_lruvec_state;__mod_node_page_state
0.31% 0x7f6138b6724a;main;cnf2ddnnf_cmd_line;free_cache_manager;asm_exc_page_fault;exc_page_fault;do_user_addr_fault;lock_mm_and_find_vma;find_vma;mt_find
0.31% 0x7f6138b6724a;main;cnf2ddnnf_cmd_line;free_cache_manager;asm_exc_page_fault;exc_page_fault;do_user_addr_fault;handle_mm_fault;__handle_mm_fault;do_huge_pmd_anonymous_page;pte_alloc_one;__alloc_pages;__memcg_kmem_charge_page;memcg_account_kmem;mod_memcg_state
0.31% 0x7f6138b6724a;main;cnf2ddnnf_cmd_line;free_cache_manager;error_entry
0.29% 0x7f6138b6724a;main;cnf2ddnnf_cmd_line;free_hdtree;free_hdtree;free_hdtree;free_hdtree;free_hdtree;free_hdtree;cfree
    95.00%     0.00%  c2d      c2d                   [.] main
92.52% main;cnf2ddnnf_cmd_line;free_cache_manager
0.31% main;cnf2ddnnf_cmd_line;free_cache_manager;asm_exc_page_fault;exc_page_fault;do_user_addr_fault;handle_mm_fault;mem_cgroup_from_task
0.31% main;cnf2ddnnf_cmd_line;free_cache_manager;asm_exc_page_fault;exc_page_fault;do_user_addr_fault;handle_mm_fault;__handle_mm_fault;do_huge_pmd_anonymous_page;pte_alloc_one;__alloc_pages;__memcg_kmem_charge_page;__get_obj_cgroup_from_memcg
0.31% main;cnf2ddnnf_cmd_line;free_cache_manager;__irqentry_text_end
0.31% main;cnf2ddnnf_cmd_line;free_cache_manager;asm_exc_page_fault;exc_page_fault;do_user_addr_fault;handle_mm_fault;__handle_mm_fault;do_huge_pmd_anonymous_page;pte_alloc_one;mod_lruvec_page_state.constprop.0;__mod_lruvec_page_state;__mod_lruvec_state;__mod_node_page_state
0.31% main;cnf2ddnnf_cmd_line;free_cache_manager;asm_exc_page_fault;exc_page_fault;do_user_addr_fault;lock_mm_and_find_vma;find_vma;mt_find
0.31% main;cnf2ddnnf_cmd_line;free_cache_manager;asm_exc_page_fault;exc_page_fault;do_user_addr_fault;handle_mm_fault;__handle_mm_fault;do_huge_pmd_anonymous_page;pte_alloc_one;__alloc_pages;__memcg_kmem_charge_page;memcg_account_kmem;mod_memcg_state
0.31% main;cnf2ddnnf_cmd_line;free_cache_manager;error_entry
0.29% main;cnf2ddnnf_cmd_line;free_hdtree;free_hdtree;free_hdtree;free_hdtree;free_hdtree;free_hdtree;cfree
    95.00%     0.00%  c2d      c2d                   [.] cnf2ddnnf_cmd_line
92.52% cnf2ddnnf_cmd_line;free_cache_manager
0.31% cnf2ddnnf_cmd_line;free_cache_manager;asm_exc_page_fault;exc_page_fault;do_user_addr_fault;handle_mm_fault;mem_cgroup_from_task
0.31% cnf2ddnnf_cmd_line;free_cache_manager;asm_exc_page_fault;exc_page_fault;do_user_addr_fault;handle_mm_fault;__handle_mm_fault;do_huge_pmd_anonymous_page;pte_alloc_one;__alloc_pages;__memcg_kmem_charge_page;__get_obj_cgroup_from_memcg
0.31% cnf2ddnnf_cmd_line;free_cache_manager;__irqentry_text_end
0.31% cnf2ddnnf_cmd_line;free_cache_manager;asm_exc_page_fault;exc_page_fault;do_user_addr_fault;handle_mm_fault;__handle_mm_fault;do_huge_pmd_anonymous_page;pte_alloc_one;mod_lruvec_page_state.constprop.0;__mod_lruvec_page_state;__mod_lruvec_state;__mod_node_page_state
0.31% cnf2ddnnf_cmd_line;free_cache_manager;asm_exc_page_fault;exc_page_fault;do_user_addr_fault;lock_mm_and_find_vma;find_vma;mt_find
0.31% cnf2ddnnf_cmd_line;free_cache_manager;asm_exc_page_fault;exc_page_fault;do_user_addr_fault;handle_mm_fault;__handle_mm_fault;do_huge_pmd_anonymous_page;pte_alloc_one;__alloc_pages;__memcg_kmem_charge_page;memcg_account_kmem;mod_memcg_state
0.31% cnf2ddnnf_cmd_line;free_cache_manager;error_entry
0.29% cnf2ddnnf_cmd_line;free_hdtree;free_hdtree;free_hdtree;free_hdtree;free_hdtree;free_hdtree;cfree
    94.71%    92.52%  c2d      c2d                   [.] free_cache_manager
92.52% 0x7f6138b6724a;main;cnf2ddnnf_cmd_line;free_cache_manager
0.31% free_cache_manager;asm_exc_page_fault;exc_page_fault;do_user_addr_fault;handle_mm_fault;mem_cgroup_from_task
0.31% free_cache_manager;asm_exc_page_fault;exc_page_fault;do_user_addr_fault;handle_mm_fault;__handle_mm_fault;do_huge_pmd_anonymous_page;pte_alloc_one;__alloc_pages;__memcg_kmem_charge_page;__get_obj_cgroup_from_memcg
0.31% free_cache_manager;__irqentry_text_end
0.31% free_cache_manager;asm_exc_page_fault;exc_page_fault;do_user_addr_fault;handle_mm_fault;__handle_mm_fault;do_huge_pmd_anonymous_page;pte_alloc_one;mod_lruvec_page_state.constprop.0;__mod_lruvec_page_state;__mod_lruvec_state;__mod_node_page_state
0.31% free_cache_manager;asm_exc_page_fault;exc_page_fault;do_user_addr_fault;lock_mm_and_find_vma;find_vma;mt_find
0.31% free_cache_manager;asm_exc_page_fault;exc_page_fault;do_user_addr_fault;handle_mm_fault;__handle_mm_fault;do_huge_pmd_anonymous_page;pte_alloc_one;__alloc_pages;__memcg_kmem_charge_page;memcg_account_kmem;mod_memcg_state
0.31% free_cache_manager;error_entry
     2.40%     0.00%  c2d      [kernel.kallsyms]     [k] asm_exc_page_fault
0.31% asm_exc_page_fault;exc_page_fault;do_user_addr_fault;handle_mm_fault;mem_cgroup_from_task
0.31% asm_exc_page_fault;exc_page_fault;do_user_addr_fault;handle_mm_fault;__handle_mm_fault;do_huge_pmd_anonymous_page;pte_alloc_one;__alloc_pages;__memcg_kmem_charge_page;__get_obj_cgroup_from_memcg
0.31% asm_exc_page_fault;exc_page_fault;do_user_addr_fault;handle_mm_fault;__handle_mm_fault;do_huge_pmd_anonymous_page;pte_alloc_one;mod_lruvec_page_state.constprop.0;__mod_lruvec_page_state;__mod_lruvec_state;__mod_node_page_state
0.31% asm_exc_page_fault;exc_page_fault;do_user_addr_fault;lock_mm_and_find_vma;find_vma;mt_find
0.31% asm_exc_page_fault;exc_page_fault;do_user_addr_fault;handle_mm_fault;__handle_mm_fault;do_huge_pmd_anonymous_page;pte_alloc_one;__alloc_pages;__memcg_kmem_charge_page;memcg_account_kmem;mod_memcg_state
0.31% asm_exc_page_fault;exc_page_fault;do_user_addr_fault;handle_mm_fault;__handle_mm_fault
0.27% asm_exc_page_fault;exc_page_fault;do_user_addr_fault;handle_mm_fault;__handle_mm_fault;__cgroup_throttle_swaprate;blk_cgroup_congested
0.26% asm_exc_page_fault;exc_page_fault;do_user_addr_fault;handle_mm_fault;__handle_mm_fault;do_fault;finish_fault
     2.40%     0.00%  c2d      [kernel.kallsyms]     [k] exc_page_fault
0.31% exc_page_fault;do_user_addr_fault;handle_mm_fault;mem_cgroup_from_task
0.31% exc_page_fault;do_user_addr_fault;handle_mm_fault;__handle_mm_fault;do_huge_pmd_anonymous_page;pte_alloc_one;__alloc_pages;__memcg_kmem_charge_page;__get_obj_cgroup_from_memcg
0.31% exc_page_fault;do_user_addr_fault;handle_mm_fault;__handle_mm_fault;do_huge_pmd_anonymous_page;pte_alloc_one;mod_lruvec_page_state.constprop.0;__mod_lruvec_page_state;__mod_lruvec_state;__mod_node_page_state
0.31% exc_page_fault;do_user_addr_fault;lock_mm_and_find_vma;find_vma;mt_find
0.31% exc_page_fault;do_user_addr_fault;handle_mm_fault;__handle_mm_fault;do_huge_pmd_anonymous_page;pte_alloc_one;__alloc_pages;__memcg_kmem_charge_page;memcg_account_kmem;mod_memcg_state
0.31% exc_page_fault;do_user_addr_fault;handle_mm_fault;__handle_mm_fault
0.27% exc_page_fault;do_user_addr_fault;handle_mm_fault;__handle_mm_fault;__cgroup_throttle_swaprate;blk_cgroup_congested
0.26% exc_page_fault;do_user_addr_fault;handle_mm_fault;__handle_mm_fault;do_fault;finish_fault
     2.40%     0.00%  c2d      [kernel.kallsyms]     [k] do_user_addr_fault
0.31% do_user_addr_fault;handle_mm_fault;mem_cgroup_from_task
0.31% do_user_addr_fault;handle_mm_fault;__handle_mm_fault;do_huge_pmd_anonymous_page;pte_alloc_one;__alloc_pages;__memcg_kmem_charge_page;__get_obj_cgroup_from_memcg
0.31% do_user_addr_fault;handle_mm_fault;__handle_mm_fault;do_huge_pmd_anonymous_page;pte_alloc_one;mod_lruvec_page_state.constprop.0;__mod_lruvec_page_state;__mod_lruvec_state;__mod_node_page_state
0.31% do_user_addr_fault;lock_mm_and_find_vma;find_vma;mt_find
0.31% do_user_addr_fault;handle_mm_fault;__handle_mm_fault;do_huge_pmd_anonymous_page;pte_alloc_one;__alloc_pages;__memcg_kmem_charge_page;memcg_account_kmem;mod_memcg_state
0.31% do_user_addr_fault;handle_mm_fault;__handle_mm_fault
0.27% do_user_addr_fault;handle_mm_fault;__handle_mm_fault;__cgroup_throttle_swaprate;blk_cgroup_congested
0.26% do_user_addr_fault;handle_mm_fault;__handle_mm_fault;do_fault;finish_fault
     2.09%     0.00%  c2d      [kernel.kallsyms]     [k] handle_mm_fault
0.31% handle_mm_fault;mem_cgroup_from_task
0.31% handle_mm_fault;__handle_mm_fault;do_huge_pmd_anonymous_page;pte_alloc_one;__alloc_pages;__memcg_kmem_charge_page;__get_obj_cgroup_from_memcg
0.31% handle_mm_fault;__handle_mm_fault;do_huge_pmd_anonymous_page;pte_alloc_one;mod_lruvec_page_state.constprop.0;__mod_lruvec_page_state;__mod_lruvec_state;__mod_node_page_state
0.31% handle_mm_fault;__handle_mm_fault;do_huge_pmd_anonymous_page;pte_alloc_one;__alloc_pages;__memcg_kmem_charge_page;memcg_account_kmem;mod_memcg_state
0.31% handle_mm_fault;__handle_mm_fault
0.27% handle_mm_fault;__handle_mm_fault;__cgroup_throttle_swaprate;blk_cgroup_congested
0.26% handle_mm_fault;__handle_mm_fault;do_fault;finish_fault
     1.78%     0.31%  c2d      [kernel.kallsyms]     [k] __handle_mm_fault
0.31% __handle_mm_fault;do_huge_pmd_anonymous_page;pte_alloc_one;__alloc_pages;__memcg_kmem_charge_page;__get_obj_cgroup_from_memcg
0.31% __handle_mm_fault;do_huge_pmd_anonymous_page;pte_alloc_one;mod_lruvec_page_state.constprop.0;__mod_lruvec_page_state;__mod_lruvec_state;__mod_node_page_state
0.31% __handle_mm_fault;do_huge_pmd_anonymous_page;pte_alloc_one;__alloc_pages;__memcg_kmem_charge_page;memcg_account_kmem;mod_memcg_state
0.31% 0x7f6138b7e55d;0x7f6138da3a28;asm_exc_page_fault;exc_page_fault;do_user_addr_fault;handle_mm_fault;__handle_mm_fault
0.27% __handle_mm_fault;__cgroup_throttle_swaprate;blk_cgroup_congested
0.26% __handle_mm_fault;do_fault;finish_fault
     1.49%     0.00%  c2d      [kernel.kallsyms]     [k] entry_SYSCALL_64_after_hwframe
0.31% entry_SYSCALL_64_after_hwframe;do_syscall_64;__x64_sys_munmap;__vm_munmap;do_mas_munmap;do_mas_align_munmap;unmap_region;unmap_vmas;unmap_page_range;vm_normal_page
0.31% entry_SYSCALL_64_after_hwframe;do_syscall_64;__x64_sys_exit_group;do_group_exit;do_exit;__mmput;exit_mmap;free_pgtables;unlink_file_vma;vma_interval_tree_remove
0.29% entry_SYSCALL_64_after_hwframe;do_syscall_64;ksys_write;vfs_write;xfs_file_buffered_write;iomap_file_buffered_write;balance_dirty_pages_ratelimited_flags
0.28% entry_SYSCALL_64_after_hwframe;do_syscall_64;__x64_sys_openat;do_sys_openat2;getname_flags.part.0;strncpy_from_user;__check_object_size
0.20% entry_SYSCALL_64_after_hwframe;do_syscall_64;__x64_sys_execve;do_execveat_common.isra.0;bprm_execve;load_elf_binary;elf_map;vm_mmap_pgoff;do_mmap;get_unmapped_area;thp_get_unmapped_area
0.09% entry_SYSCALL_64_after_hwframe;do_syscall_64;__x64_sys_execve;do_execveat_common.isra.0;bprm_execve;load_elf_binary;setup_new_exec;up_write
     1.49%     0.00%  c2d      [kernel.kallsyms]     [k] do_syscall_64
0.31% do_syscall_64;__x64_sys_munmap;__vm_munmap;do_mas_munmap;do_mas_align_munmap;unmap_region;unmap_vmas;unmap_page_range;vm_normal_page
0.31% do_syscall_64;__x64_sys_exit_group;do_group_exit;do_exit;__mmput;exit_mmap;free_pgtables;unlink_file_vma;vma_interval_tree_remove
0.29% do_syscall_64;ksys_write;vfs_write;xfs_file_buffered_write;iomap_file_buffered_write;balance_dirty_pages_ratelimited_flags
0.28% do_syscall_64;__x64_sys_openat;do_sys_openat2;getname_flags.part.0;strncpy_from_user;__check_object_size
0.20% do_syscall_64;__x64_sys_execve;do_execveat_common.isra.0;bprm_execve;load_elf_binary;elf_map;vm_mmap_pgoff;do_mmap;get_unmapped_area;thp_get_unmapped_area
0.09% do_syscall_64;__x64_sys_execve;do_execveat_common.isra.0;bprm_execve;load_elf_binary;setup_new_exec;up_write
     1.13%     0.00%  c2d      ld-linux-x86-64.so.2  [.] 0x00007f613909da58
0.30% 0x7f613909da58;0x7f613909d22f;0x7f61390a0c99;0x7f613909135c
0.29% 0x7f613909da58;0x7f613909d22f;0x7f61390a0c99;0x7f6139091309
0.29% 0x7f613909da58;0x7f613909d22f;0x7f61390a0c99;__pow_finite
0.26% 0x7f613909da58;0x7f613909e68d;asm_exc_page_fault;exc_page_fault;do_user_addr_fault;handle_mm_fault;__handle_mm_fault;do_fault;finish_fault
     0.94%     0.00%  c2d      [kernel.kallsyms]     [k] do_huge_pmd_anonymous_page
0.31% do_huge_pmd_anonymous_page;pte_alloc_one;__alloc_pages;__memcg_kmem_charge_page;__get_obj_cgroup_from_memcg
0.31% do_huge_pmd_anonymous_page;pte_alloc_one;mod_lruvec_page_state.constprop.0;__mod_lruvec_page_state;__mod_lruvec_state;__mod_node_page_state
0.31% do_huge_pmd_anonymous_page;pte_alloc_one;__alloc_pages;__memcg_kmem_charge_page;memcg_account_kmem;mod_memcg_state
     0.94%     0.00%  c2d      [kernel.kallsyms]     [k] pte_alloc_one
0.31% pte_alloc_one;__alloc_pages;__memcg_kmem_charge_page;__get_obj_cgroup_from_memcg
0.31% pte_alloc_one;mod_lruvec_page_state.constprop.0;__mod_lruvec_page_state;__mod_lruvec_state;__mod_node_page_state
0.31% pte_alloc_one;__alloc_pages;__memcg_kmem_charge_page;memcg_account_kmem;mod_memcg_state
     0.88%     0.00%  c2d      ld-linux-x86-64.so.2  [.] 0x00007f613909d22f
0.30% 0x7f613909d22f;0x7f61390a0c99;0x7f613909135c
0.29% 0x7f613909d22f;0x7f61390a0c99;0x7f6139091309
0.29% 0x7f613909d22f;0x7f61390a0c99;__pow_finite
     0.88%     0.00%  c2d      ld-linux-x86-64.so.2  [.] 0x00007f61390a0c99
0.30% 0x7f61390a0c99;0x7f613909135c
0.29% 0x7f61390a0c99;0x7f6139091309
0.29% 0x7f61390a0c99;__pow_finite
     0.63%     0.00%  c2d      [kernel.kallsyms]     [k] __alloc_pages
0.31% __alloc_pages;__memcg_kmem_charge_page;__get_obj_cgroup_from_memcg
0.31% __alloc_pages;__memcg_kmem_charge_page;memcg_account_kmem;mod_memcg_state
     0.63%     0.00%  c2d      [kernel.kallsyms]     [k] __memcg_kmem_charge_page
0.31% __memcg_kmem_charge_page;__get_obj_cgroup_from_memcg
0.31% __memcg_kmem_charge_page;memcg_account_kmem;mod_memcg_state
     0.55%     0.00%  c2d      [unknown]             [k] 0x00007f61390b68a8
0.28% 0x7f61390b68a8;0x7f613908b1da;0x7f61390a395d;entry_SYSCALL_64_after_hwframe;do_syscall_64;__x64_sys_openat;do_sys_openat2;getname_flags.part.0;strncpy_from_user;__check_object_size
0.27% 0x7f61390b68a8;0x7f613908b075;0x7f6139089a9e;asm_exc_page_fault;exc_page_fault;do_user_addr_fault;handle_mm_fault;__handle_mm_fault;__cgroup_throttle_swaprate;blk_cgroup_congested
     0.31%     0.31%  c2d      [kernel.kallsyms]     [k] mem_cgroup_from_task
0.31% 0x7f6138b6724a;main;cnf2ddnnf_cmd_line;free_cache_manager;asm_exc_page_fault;exc_page_fault;do_user_addr_fault;handle_mm_fault;mem_cgroup_from_task
     0.31%     0.31%  c2d      [kernel.kallsyms]     [k] __get_obj_cgroup_from_memcg
0.31% 0x7f6138b6724a;main;cnf2ddnnf_cmd_line;free_cache_manager;asm_exc_page_fault;exc_page_fault;do_user_addr_fault;handle_mm_fault;__handle_mm_fault;do_huge_pmd_anonymous_page;pte_alloc_one;__alloc_pages;__memcg_kmem_charge_page;__get_obj_cgroup_from_memcg
     0.31%     0.31%  c2d      [kernel.kallsyms]     [k] __irqentry_text_end
0.31% 0x7f6138b6724a;main;cnf2ddnnf_cmd_line;free_cache_manager;__irqentry_text_end
     0.31%     0.31%  c2d      [kernel.kallsyms]     [k] __mod_node_page_state
0.31% 0x7f6138b6724a;main;cnf2ddnnf_cmd_line;free_cache_manager;asm_exc_page_fault;exc_page_fault;do_user_addr_fault;handle_mm_fault;__handle_mm_fault;do_huge_pmd_anonymous_page;pte_alloc_one;mod_lruvec_page_state.constprop.0;__mod_lruvec_page_state;__mod_lruvec_state;__mod_node_page_state
     0.31%     0.00%  c2d      [kernel.kallsyms]     [k] mod_lruvec_page_state.constprop.0
0.31% mod_lruvec_page_state.constprop.0;__mod_lruvec_page_state;__mod_lruvec_state;__mod_node_page_state
     0.31%     0.00%  c2d      [kernel.kallsyms]     [k] __mod_lruvec_page_state
0.31% __mod_lruvec_page_state;__mod_lruvec_state;__mod_node_page_state
     0.31%     0.00%  c2d      [kernel.kallsyms]     [k] __mod_lruvec_state
0.31% __mod_lruvec_state;__mod_node_page_state
     0.31%     0.31%  c2d      [kernel.kallsyms]     [k] mt_find
0.31% 0x7f6138b6724a;main;cnf2ddnnf_cmd_line;free_cache_manager;asm_exc_page_fault;exc_page_fault;do_user_addr_fault;lock_mm_and_find_vma;find_vma;mt_find
     0.31%     0.00%  c2d      [kernel.kallsyms]     [k] lock_mm_and_find_vma
0.31% lock_mm_and_find_vma;find_vma;mt_find
     0.31%     0.00%  c2d      [kernel.kallsyms]     [k] find_vma
0.31% find_vma;mt_find
     0.31%     0.31%  c2d      [kernel.kallsyms]     [k] mod_memcg_state
0.31% 0x7f6138b6724a;main;cnf2ddnnf_cmd_line;free_cache_manager;asm_exc_page_fault;exc_page_fault;do_user_addr_fault;handle_mm_fault;__handle_mm_fault;do_huge_pmd_anonymous_page;pte_alloc_one;__alloc_pages;__memcg_kmem_charge_page;memcg_account_kmem;mod_memcg_state
     0.31%     0.00%  c2d      [kernel.kallsyms]     [k] memcg_account_kmem
0.31% memcg_account_kmem;mod_memcg_state
     0.31%     0.31%  c2d      [kernel.kallsyms]     [k] error_entry
0.31% 0x7f6138b6724a;main;cnf2ddnnf_cmd_line;free_cache_manager;error_entry
     0.31%     0.31%  c2d      [kernel.kallsyms]     [k] vm_normal_page
0.31% __munmap;entry_SYSCALL_64_after_hwframe;do_syscall_64;__x64_sys_munmap;__vm_munmap;do_mas_munmap;do_mas_align_munmap;unmap_region;unmap_vmas;unmap_page_range;vm_normal_page
     0.31%     0.00%  c2d      libc.so.6             [.] __munmap
0.31% __munmap;entry_SYSCALL_64_after_hwframe;do_syscall_64;__x64_sys_munmap;__vm_munmap;do_mas_munmap;do_mas_align_munmap;unmap_region;unmap_vmas;unmap_page_range;vm_normal_page
     0.31%     0.00%  c2d      [kernel.kallsyms]     [k] __x64_sys_munmap
0.31% __x64_sys_munmap;__vm_munmap;do_mas_munmap;do_mas_align_munmap;unmap_region;unmap_vmas;unmap_page_range;vm_normal_page
     0.31%     0.00%  c2d      [kernel.kallsyms]     [k] __vm_munmap
0.31% __vm_munmap;do_mas_munmap;do_mas_align_munmap;unmap_region;unmap_vmas;unmap_page_range;vm_normal_page
     0.31%     0.00%  c2d      [kernel.kallsyms]     [k] do_mas_munmap
0.31% do_mas_munmap;do_mas_align_munmap;unmap_region;unmap_vmas;unmap_page_range;vm_normal_page
     0.31%     0.00%  c2d      [kernel.kallsyms]     [k] do_mas_align_munmap
0.31% do_mas_align_munmap;unmap_region;unmap_vmas;unmap_page_range;vm_normal_page
     0.31%     0.00%  c2d      [kernel.kallsyms]     [k] unmap_region
0.31% unmap_region;unmap_vmas;unmap_page_range;vm_normal_page
     0.31%     0.00%  c2d      [kernel.kallsyms]     [k] unmap_vmas
0.31% unmap_vmas;unmap_page_range;vm_normal_page
     0.31%     0.00%  c2d      [kernel.kallsyms]     [k] unmap_page_range
0.31% unmap_page_range;vm_normal_page
     0.31%     0.00%  c2d      libc.so.6             [.] 0x00007f6138b7e55d
0.31% 0x7f6138b7e55d;0x7f6138da3a28;asm_exc_page_fault;exc_page_fault;do_user_addr_fault;handle_mm_fault;__handle_mm_fault
     0.31%     0.00%  c2d      libm.so.6             [.] 0x00007f6138da3a28
0.31% 0x7f6138da3a28;asm_exc_page_fault;exc_page_fault;do_user_addr_fault;handle_mm_fault;__handle_mm_fault
     0.31%     0.31%  c2d      [kernel.kallsyms]     [k] vma_interval_tree_remove
0.31% entry_SYSCALL_64_after_hwframe;do_syscall_64;__x64_sys_exit_group;do_group_exit;do_exit;__mmput;exit_mmap;free_pgtables;unlink_file_vma;vma_interval_tree_remove
     0.31%     0.00%  c2d      [kernel.kallsyms]     [k] __x64_sys_exit_group
0.31% __x64_sys_exit_group;do_group_exit;do_exit;__mmput;exit_mmap;free_pgtables;unlink_file_vma;vma_interval_tree_remove
     0.31%     0.00%  c2d      [kernel.kallsyms]     [k] do_group_exit
0.31% do_group_exit;do_exit;__mmput;exit_mmap;free_pgtables;unlink_file_vma;vma_interval_tree_remove
     0.31%     0.00%  c2d      [kernel.kallsyms]     [k] do_exit
0.31% do_exit;__mmput;exit_mmap;free_pgtables;unlink_file_vma;vma_interval_tree_remove
     0.31%     0.00%  c2d      [kernel.kallsyms]     [k] __mmput
0.31% __mmput;exit_mmap;free_pgtables;unlink_file_vma;vma_interval_tree_remove
     0.31%     0.00%  c2d      [kernel.kallsyms]     [k] exit_mmap
0.31% exit_mmap;free_pgtables;unlink_file_vma;vma_interval_tree_remove
     0.31%     0.00%  c2d      [kernel.kallsyms]     [k] free_pgtables
0.31% free_pgtables;unlink_file_vma;vma_interval_tree_remove
     0.31%     0.00%  c2d      [kernel.kallsyms]     [k] unlink_file_vma
0.31% unlink_file_vma;vma_interval_tree_remove
     0.30%     0.30%  c2d      libc.so.6             [.] 0x000000000004cec4
0.30% 0x7f6138b9e04d;0x7f6138b8cec7
     0.30%     0.00%  c2d      libc.so.6             [.] 0x00007f6138b9e04d
0.30% 0x7f6138b9e04d;0x7f6138b8cec7
     0.30%     0.00%  c2d      libc.so.6             [.] 0x00007f6138b8cec7
0.30% 0x7f6138b8cec7
     0.30%     0.30%  c2d      ld-linux-x86-64.so.2  [.] 0x000000000000fe38
0.30% 0x7f6139092e3c
     0.30%     0.00%  c2d      ld-linux-x86-64.so.2  [.] 0x00007f6139092e3c
0.30% 0x7f6139092e3c
     0.30%     0.30%  c2d      ld-linux-x86-64.so.2  [.] 0x0000000000009016
0.30% 0x7f613908c019
     0.30%     0.00%  c2d      ld-linux-x86-64.so.2  [.] 0x00007f613908c019
0.30% 0x7f613908c019
     0.30%     0.30%  c2d      ld-linux-x86-64.so.2  [.] 0x000000000000e35a
0.30% 0x7f613909da58;0x7f613909d22f;0x7f61390a0c99;0x7f613909135c
     0.30%     0.00%  c2d      ld-linux-x86-64.so.2  [.] 0x00007f613909135c
0.30% 0x7f613909135c
     0.29%     0.29%  c2d      ld-linux-x86-64.so.2  [.] 0x000000000000997c
0.29% 0x20ef08;0x7f6138e7a758;0x7f613908c97e
     0.29%     0.00%  c2d      [unknown]             [.] 0x000000000020ef08
0.29% 0x20ef08;0x7f6138e7a758;0x7f613908c97e
     0.29%     0.00%  c2d      [unknown]             [.] 0x00007f6138e7a758
0.29% 0x7f6138e7a758;0x7f613908c97e
     0.29%     0.00%  c2d      ld-linux-x86-64.so.2  [.] 0x00007f613908c97e
0.29% 0x7f613908c97e
     0.29%     0.00%  c2d      [unknown]             [k] 0x00007f046f0f3a97
0.20% 0x7f046f0f3a97;entry_SYSCALL_64_after_hwframe;do_syscall_64;__x64_sys_execve;do_execveat_common.isra.0;bprm_execve;load_elf_binary;elf_map;vm_mmap_pgoff;do_mmap;get_unmapped_area;thp_get_unmapped_area
0.09% 0x7f046f0f3a97;entry_SYSCALL_64_after_hwframe;do_syscall_64;__x64_sys_execve;do_execveat_common.isra.0;bprm_execve;load_elf_binary;setup_new_exec;up_write
     0.29%     0.00%  c2d      [kernel.kallsyms]     [k] __x64_sys_execve
0.20% __x64_sys_execve;do_execveat_common.isra.0;bprm_execve;load_elf_binary;elf_map;vm_mmap_pgoff;do_mmap;get_unmapped_area;thp_get_unmapped_area
0.09% __x64_sys_execve;do_execveat_common.isra.0;bprm_execve;load_elf_binary;setup_new_exec;up_write
     0.29%     0.00%  c2d      [kernel.kallsyms]     [k] do_execveat_common.isra.0
0.20% do_execveat_common.isra.0;bprm_execve;load_elf_binary;elf_map;vm_mmap_pgoff;do_mmap;get_unmapped_area;thp_get_unmapped_area
0.09% do_execveat_common.isra.0;bprm_execve;load_elf_binary;setup_new_exec;up_write
     0.29%     0.00%  c2d      [kernel.kallsyms]     [k] bprm_execve
0.20% bprm_execve;load_elf_binary;elf_map;vm_mmap_pgoff;do_mmap;get_unmapped_area;thp_get_unmapped_area
0.09% bprm_execve;load_elf_binary;setup_new_exec;up_write
     0.29%     0.00%  c2d      [kernel.kallsyms]     [k] load_elf_binary
0.20% load_elf_binary;elf_map;vm_mmap_pgoff;do_mmap;get_unmapped_area;thp_get_unmapped_area
0.09% load_elf_binary;setup_new_exec;up_write
     0.29%     0.29%  c2d      ld-linux-x86-64.so.2  [.] 0x000000000000fe0e
0.29% 0x7f6139092e12
     0.29%     0.00%  c2d      ld-linux-x86-64.so.2  [.] 0x00007f6139092e12
0.29% 0x7f6139092e12
     0.29%     0.29%  c2d      [kernel.kallsyms]     [k] balance_dirty_pages_ratelimited_flags
0.29% 0x72656c69706d6f63;write;entry_SYSCALL_64_after_hwframe;do_syscall_64;ksys_write;vfs_write;xfs_file_buffered_write;iomap_file_buffered_write;balance_dirty_pages_ratelimited_flags
     0.29%     0.00%  c2d      [unknown]             [k] 0x72656c69706d6f63
0.29% 0x72656c69706d6f63;write;entry_SYSCALL_64_after_hwframe;do_syscall_64;ksys_write;vfs_write;xfs_file_buffered_write;iomap_file_buffered_write;balance_dirty_pages_ratelimited_flags
     0.29%     0.00%  c2d      libc.so.6             [.] write
0.29% write;entry_SYSCALL_64_after_hwframe;do_syscall_64;ksys_write;vfs_write;xfs_file_buffered_write;iomap_file_buffered_write;balance_dirty_pages_ratelimited_flags
     0.29%     0.00%  c2d      [kernel.kallsyms]     [k] ksys_write
0.29% ksys_write;vfs_write;xfs_file_buffered_write;iomap_file_buffered_write;balance_dirty_pages_ratelimited_flags
     0.29%     0.00%  c2d      [kernel.kallsyms]     [k] vfs_write
0.29% vfs_write;xfs_file_buffered_write;iomap_file_buffered_write;balance_dirty_pages_ratelimited_flags
     0.29%     0.00%  c2d      [xfs]                 [k] xfs_file_buffered_write
0.29% xfs_file_buffered_write;iomap_file_buffered_write;balance_dirty_pages_ratelimited_flags
     0.29%     0.00%  c2d      [kernel.kallsyms]     [k] iomap_file_buffered_write
0.29% iomap_file_buffered_write;balance_dirty_pages_ratelimited_flags
     0.29%     0.29%  c2d      libc.so.6             [.] cfree
0.29% 0x7f6138b6724a;main;cnf2ddnnf_cmd_line;free_hdtree;free_hdtree;free_hdtree;free_hdtree;free_hdtree;free_hdtree;cfree
     0.29%     0.00%  c2d      c2d                   [.] free_hdtree
0.29% free_hdtree;free_hdtree;free_hdtree;free_hdtree;free_hdtree;free_hdtree;cfree
     0.29%     0.29%  c2d      ld-linux-x86-64.so.2  [.] 0x000000000000e305
0.29% 0x7f613909da58;0x7f613909d22f;0x7f61390a0c99;0x7f6139091309
     0.29%     0.00%  c2d      ld-linux-x86-64.so.2  [.] 0x00007f6139091309
0.29% 0x7f6139091309
     0.29%     0.29%  c2d      libm.so.6             [.] __pow_finite
0.29% 0x7f613909da58;0x7f613909d22f;0x7f61390a0c99;__pow_finite
     0.28%     0.28%  c2d      ld-linux-x86-64.so.2  [.] 0x00000000000236fc
0.28% 0x2e34362d3638782d;0x7f61390a66fe
     0.28%     0.00%  c2d      [unknown]             [.] 0x2e34362d3638782d
0.28% 0x2e34362d3638782d;0x7f61390a66fe
     0.28%     0.00%  c2d      ld-linux-x86-64.so.2  [.] 0x00007f61390a66fe
0.28% 0x7f61390a66fe
     0.28%     0.28%  c2d      [kernel.kallsyms]     [k] __check_object_size
0.28% 0x7f61390b68a8;0x7f613908b1da;0x7f61390a395d;entry_SYSCALL_64_after_hwframe;do_syscall_64;__x64_sys_openat;do_sys_openat2;getname_flags.part.0;strncpy_from_user;__check_object_size
     0.28%     0.00%  c2d      ld-linux-x86-64.so.2  [.] 0x00007f613908b1da
0.28% 0x7f613908b1da;0x7f61390a395d;entry_SYSCALL_64_after_hwframe;do_syscall_64;__x64_sys_openat;do_sys_openat2;getname_flags.part.0;strncpy_from_user;__check_object_size
     0.28%     0.00%  c2d      ld-linux-x86-64.so.2  [.] 0x00007f61390a395d
0.28% 0x7f61390a395d;entry_SYSCALL_64_after_hwframe;do_syscall_64;__x64_sys_openat;do_sys_openat2;getname_flags.part.0;strncpy_from_user;__check_object_size
     0.28%     0.00%  c2d      [kernel.kallsyms]     [k] __x64_sys_openat
0.28% __x64_sys_openat;do_sys_openat2;getname_flags.part.0;strncpy_from_user;__check_object_size
     0.28%     0.00%  c2d      [kernel.kallsyms]     [k] do_sys_openat2
0.28% do_sys_openat2;getname_flags.part.0;strncpy_from_user;__check_object_size
     0.28%     0.00%  c2d      [kernel.kallsyms]     [k] getname_flags.part.0
0.28% getname_flags.part.0;strncpy_from_user;__check_object_size
     0.28%     0.00%  c2d      [kernel.kallsyms]     [k] strncpy_from_user
0.28% strncpy_from_user;__check_object_size
     0.27%     0.27%  c2d      [kernel.kallsyms]     [k] __cgroup_throttle_swaprate
0.27% 0x7f61390b68a8;0x7f613908b075;0x7f6139089a9e;asm_exc_page_fault;exc_page_fault;do_user_addr_fault;handle_mm_fault;__handle_mm_fault;__cgroup_throttle_swaprate;blk_cgroup_congested
     0.27%     0.00%  c2d      ld-linux-x86-64.so.2  [.] 0x00007f613908b075
0.27% 0x7f613908b075;0x7f6139089a9e;asm_exc_page_fault;exc_page_fault;do_user_addr_fault;handle_mm_fault;__handle_mm_fault;__cgroup_throttle_swaprate;blk_cgroup_congested
     0.27%     0.00%  c2d      ld-linux-x86-64.so.2  [.] 0x00007f6139089a9e
0.27% 0x7f6139089a9e;asm_exc_page_fault;exc_page_fault;do_user_addr_fault;handle_mm_fault;__handle_mm_fault;__cgroup_throttle_swaprate;blk_cgroup_congested
     0.27%     0.00%  c2d      [kernel.kallsyms]     [k] blk_cgroup_congested
0.27% blk_cgroup_congested
     0.26%     0.26%  c2d      [kernel.kallsyms]     [k] finish_fault
0.26% 0x7f613909da58;0x7f613909e68d;asm_exc_page_fault;exc_page_fault;do_user_addr_fault;handle_mm_fault;__handle_mm_fault;do_fault;finish_fault
     0.26%     0.00%  c2d      ld-linux-x86-64.so.2  [.] 0x00007f613909e68d
0.26% 0x7f613909e68d;asm_exc_page_fault;exc_page_fault;do_user_addr_fault;handle_mm_fault;__handle_mm_fault;do_fault;finish_fault
     0.26%     0.00%  c2d      [kernel.kallsyms]     [k] do_fault
0.26% do_fault;finish_fault
     0.20%     0.20%  c2d      [kernel.kallsyms]     [k] thp_get_unmapped_area
0.20% 0x7f046f0f3a97;entry_SYSCALL_64_after_hwframe;do_syscall_64;__x64_sys_execve;do_execveat_common.isra.0;bprm_execve;load_elf_binary;elf_map;vm_mmap_pgoff;do_mmap;get_unmapped_area;thp_get_unmapped_area
     0.20%     0.00%  c2d      [kernel.kallsyms]     [k] elf_map
0.20% elf_map;vm_mmap_pgoff;do_mmap;get_unmapped_area;thp_get_unmapped_area
     0.20%     0.00%  c2d      [kernel.kallsyms]     [k] vm_mmap_pgoff
0.20% vm_mmap_pgoff;do_mmap;get_unmapped_area;thp_get_unmapped_area
     0.20%     0.00%  c2d      [kernel.kallsyms]     [k] do_mmap
0.20% do_mmap;get_unmapped_area;thp_get_unmapped_area
     0.20%     0.00%  c2d      [kernel.kallsyms]     [k] get_unmapped_area
0.20% get_unmapped_area;thp_get_unmapped_area
     0.09%     0.09%  c2d      [kernel.kallsyms]     [k] up_write
0.09% 0x7f046f0f3a97;entry_SYSCALL_64_after_hwframe;do_syscall_64;__x64_sys_execve;do_execveat_common.isra.0;bprm_execve;load_elf_binary;setup_new_exec;up_write
     0.09%     0.00%  c2d      [kernel.kallsyms]     [k] setup_new_exec
0.09% setup_new_exec;up_write
     0.02%     0.00%  perf-ex  [unknown]             [k] 0x00007f046f0f3a97
0.02% 0x7f046f0f3a97;entry_SYSCALL_64_after_hwframe;do_syscall_64;__x64_sys_execve;do_execveat_common.isra.0;bprm_execve;load_elf_binary;begin_new_exec;perf_event_exec
     0.02%     0.00%  perf-ex  [kernel.kallsyms]     [k] entry_SYSCALL_64_after_hwframe
0.02% entry_SYSCALL_64_after_hwframe;do_syscall_64;__x64_sys_execve;do_execveat_common.isra.0;bprm_execve;load_elf_binary;begin_new_exec;perf_event_exec
     0.02%     0.00%  perf-ex  [kernel.kallsyms]     [k] do_syscall_64
0.02% do_syscall_64;__x64_sys_execve;do_execveat_common.isra.0;bprm_execve;load_elf_binary;begin_new_exec;perf_event_exec
     0.02%     0.00%  perf-ex  [kernel.kallsyms]     [k] __x64_sys_execve
0.02% __x64_sys_execve;do_execveat_common.isra.0;bprm_execve;load_elf_binary;begin_new_exec;perf_event_exec
     0.02%     0.00%  perf-ex  [kernel.kallsyms]     [k] do_execveat_common.isra.0
0.02% do_execveat_common.isra.0;bprm_execve;load_elf_binary;begin_new_exec;perf_event_exec
     0.02%     0.00%  perf-ex  [kernel.kallsyms]     [k] bprm_execve
0.02% bprm_execve;load_elf_binary;begin_new_exec;perf_event_exec
     0.02%     0.00%  perf-ex  [kernel.kallsyms]     [k] load_elf_binary
0.02% load_elf_binary;begin_new_exec;perf_event_exec
     0.02%     0.00%  perf-ex  [kernel.kallsyms]     [k] begin_new_exec
0.02% begin_new_exec;perf_event_exec
     0.02%     0.00%  perf-ex  [kernel.kallsyms]     [k] perf_event_exec
0.02% perf_event_exec
     0.02%     0.02%  perf-ex  [kernel.kallsyms]     [k] _raw_spin_unlock_irqrestore
0.02% 0x7f046f0f3a97;entry_SYSCALL_64_after_hwframe;do_syscall_64;__x64_sys_execve;do_execveat_common.isra.0;bprm_execve;load_elf_binary;begin_new_exec;perf_event_exec
     0.00%     0.00%  perf-ex  [kernel.kallsyms]     [k] native_write_msr
     0.00%     0.00%  perf-ex  [kernel.kallsyms]     [k] __intel_pmu_enable_all.constprop.0
     0.00%     0.00%  perf-ex  [kernel.kallsyms]     [k] __static_call_text_end
     0.00%     0.00%  perf-ex  [kernel.kallsyms]     [k] native_sched_clock


#
# (Tip: Create an archive with symtabs to analyse on other machine: perf archive)
#
