# To display the perf.data header info, please use --header/--header-only options.
#
#
# Total Lost Samples: 0
#
# Samples: 331  of event 'cycles'
# Event count (approx.): 229715651
#
# Children      Self  Command  Shared Object         Symbol                                
# ........  ........  .......  ....................  ......................................
#
    94.99%     0.00%  c2d      libc.so.6             [.] 0x00007f636cd6724a
90.72% 0x7f636cd6724a;main;cnf2ddnnf_cmd_line;free_cache_manager
0.93% 0x7f636cd6724a;main;cnf2ddnnf_cmd_line;free_cache_manager;__irqentry_text_end
0.62% 0x7f636cd6724a;main;cnf2ddnnf_cmd_line;free_cache_manager;asm_exc_page_fault;exc_page_fault;do_user_addr_fault;handle_mm_fault;__handle_mm_fault;do_huge_pmd_anonymous_page;pte_alloc_one;__alloc_pages;get_page_from_freelist;clear_page_rep
0.31% 0x7f636cd6724a;main;cnf2ddnnf_cmd_line;free_cache_manager;asm_exc_page_fault;exc_page_fault;do_user_addr_fault;lock_mm_and_find_vma;find_vma;mt_find
0.30% 0x7f636cd6724a;main;cnf2ddnnf_cmd_line;compile_cnf;compile_dt;compile_dt;compile_decomposed;lookup_or_compile_dt;compile_decomposed;lookup_or_compile_dt;compile_dt;compile_dt;compile_decomposed;lookup_or_compile_dt;compile_decomposed;lookup_or_compile_dt;compile_decomposed;lookup_or_compile_dt;compile_decomposed;lookup_or_compile_dt;compile_dt;compile_dt;compile_decomposed;conjoin_nnfs_lits;conjoin_relevant_lits;get_and_node;asm_exc_page_fault;exc_page_fault;do_user_addr_fault;handle_mm_fault;__handle_mm_fault;wp_page_copy;vma_alloc_folio;__folio_alloc;__alloc_pages;get_page_from_freelist;clear_page_rep
0.30% 0x7f636cd6724a;main;cnf2ddnnf_cmd_line;compile_cnf;compile_dt;compile_dt;compile_decomposed;lookup_or_compile_dt;compile_decomposed;lookup_or_compile_dt;compile_dt;compile_dt;compile_decomposed;lookup_or_compile_dt;compile_decomposed;lookup_or_compile_dt;compile_decomposed;lookup_or_compile_dt;compile_decomposed;lookup_or_compile_dt;compile_dt;compile_dt;compile_decomposed;lookup_or_compile_dt;compile_decomposed;lookup_or_compile_dt;compile_decomposed;lookup_or_compile_dt;compile_decomposed;lookup_or_compile_dt;compile_dt;compile_dt;compile_decomposed;lookup_or_compile_dt;compile_decomposed;lookup_or_compile_dt;compile_decomposed;lookup_or_compile_dt;compile_decomposed;lookup_or_compile_dt;compile_dt;compile_dt;compile_decomposed;conjoin_nnfs_lits;conjoin_relevant_lits;get_and_node;asm_exc_page_fault;exc_page_fault;do_user_addr_fault;handle_mm_fault;__handle_mm_fault;do_huge_pmd_anonymous_page;pte_alloc_one;__alloc_pages;get_page_from_freelist;__list_del_entry_valid
0.30% 0x7f636cd6724a;main;cnf2ddnnf_cmd_line;compile_cnf;compile_dt;compile_dt;compile_decomposed;lookup_or_compile_dt;compile_decomposed;lookup_or_compile_dt;compile_dt;compile_dt;compile_decomposed;lookup_or_compile_dt;compile_decomposed;lookup_or_compile_dt;compile_decomposed;lookup_or_compile_dt;compile_decomposed;lookup_or_compile_dt;compile_dt;compile_dt;compile_decomposed;lookup_or_compile_dt;compile_decomposed;lookup_or_compile_dt;compile_decomposed;lookup_or_compile_dt;compile_decomposed;lookup_or_compile_dt;compile_dt;compile_dt;compile_decomposed;lookup_or_compile_dt;compile_decomposed;lookup_or_compile_dt;compile_decomposed;lookup_or_compile_dt;compile_decomposed;lookup_or_compile_dt;compile_dt;compile_dt;compile_decomposed;lookup_or_compile_dt;compile_decomposed;lookup_or_compile_dt;compile_decomposed;lookup_or_compile_dt;compile_decomposed;lookup_or_compile_dt;compile_dt;compile_dt;compile_decomposed;lookup_or_compile_dt;compile_decomposed;lookup_or_compile_dt;compile_decomposed;lookup_or_compile_dt;compile_decomposed;lookup_or_compile_dt;compile_decomposed;lookup_or_compile_dt;compile_dt;decide_literal;set_literal;update_subsumption
0.30% 0x7f636cd6724a;main;cnf2ddnnf_cmd_line;compile_cnf;compile_dt;select_separator;update_separator_score;log2;asm_exc_page_fault;exc_page_fault;do_user_addr_fault;handle_mm_fault;__handle_mm_fault;do_fault;filemap_map_pages
0.30% 0x7f636cd6724a;main;cnf2ddnnf_cmd_line;construct_dtree_manager;initialize_dtree_separators;fill_separators;fill_separators;fill_separators;fill_separators;fill_separators;fill_separators;fill_separators;fill_separators;fill_separators;fill_separators;fill_separators;fill_separators;fill_separators;fill_separators;fill_separators;fill_separators;fill_separators;fill_separators;fill_separators
0.30% 0x7f636cd6724a;main;cnf2ddnnf_cmd_line;construct_cnf_manager;initialize_cnf_manager;initialize_watched_literals
0.29% 0x7f636cd6724a;main;cnf2ddnnf_cmd_line;load_hdtree_from_file;__isoc99_fscanf;0x7f636cd9fdbc
0.29% 0x7f636cd6724a;main;get_cnf_from_file
    94.99%     0.00%  c2d      c2d                   [.] main
90.72% main;cnf2ddnnf_cmd_line;free_cache_manager
0.93% main;cnf2ddnnf_cmd_line;free_cache_manager;__irqentry_text_end
0.62% main;cnf2ddnnf_cmd_line;free_cache_manager;asm_exc_page_fault;exc_page_fault;do_user_addr_fault;handle_mm_fault;__handle_mm_fault;do_huge_pmd_anonymous_page;pte_alloc_one;__alloc_pages;get_page_from_freelist;clear_page_rep
0.31% main;cnf2ddnnf_cmd_line;free_cache_manager;asm_exc_page_fault;exc_page_fault;do_user_addr_fault;lock_mm_and_find_vma;find_vma;mt_find
0.30% main;cnf2ddnnf_cmd_line;compile_cnf;compile_dt;compile_dt;compile_decomposed;lookup_or_compile_dt;compile_decomposed;lookup_or_compile_dt;compile_dt;compile_dt;compile_decomposed;lookup_or_compile_dt;compile_decomposed;lookup_or_compile_dt;compile_decomposed;lookup_or_compile_dt;compile_decomposed;lookup_or_compile_dt;compile_dt;compile_dt;compile_decomposed;conjoin_nnfs_lits;conjoin_relevant_lits;get_and_node;asm_exc_page_fault;exc_page_fault;do_user_addr_fault;handle_mm_fault;__handle_mm_fault;wp_page_copy;vma_alloc_folio;__folio_alloc;__alloc_pages;get_page_from_freelist;clear_page_rep
0.30% main;cnf2ddnnf_cmd_line;compile_cnf;compile_dt;compile_dt;compile_decomposed;lookup_or_compile_dt;compile_decomposed;lookup_or_compile_dt;compile_dt;compile_dt;compile_decomposed;lookup_or_compile_dt;compile_decomposed;lookup_or_compile_dt;compile_decomposed;lookup_or_compile_dt;compile_decomposed;lookup_or_compile_dt;compile_dt;compile_dt;compile_decomposed;lookup_or_compile_dt;compile_decomposed;lookup_or_compile_dt;compile_decomposed;lookup_or_compile_dt;compile_decomposed;lookup_or_compile_dt;compile_dt;compile_dt;compile_decomposed;lookup_or_compile_dt;compile_decomposed;lookup_or_compile_dt;compile_decomposed;lookup_or_compile_dt;compile_decomposed;lookup_or_compile_dt;compile_dt;compile_dt;compile_decomposed;conjoin_nnfs_lits;conjoin_relevant_lits;get_and_node;asm_exc_page_fault;exc_page_fault;do_user_addr_fault;handle_mm_fault;__handle_mm_fault;do_huge_pmd_anonymous_page;pte_alloc_one;__alloc_pages;get_page_from_freelist;__list_del_entry_valid
0.30% main;cnf2ddnnf_cmd_line;compile_cnf;compile_dt;compile_dt;compile_decomposed;lookup_or_compile_dt;compile_decomposed;lookup_or_compile_dt;compile_dt;compile_dt;compile_decomposed;lookup_or_compile_dt;compile_decomposed;lookup_or_compile_dt;compile_decomposed;lookup_or_compile_dt;compile_decomposed;lookup_or_compile_dt;compile_dt;compile_dt;compile_decomposed;lookup_or_compile_dt;compile_decomposed;lookup_or_compile_dt;compile_decomposed;lookup_or_compile_dt;compile_decomposed;lookup_or_compile_dt;compile_dt;compile_dt;compile_decomposed;lookup_or_compile_dt;compile_decomposed;lookup_or_compile_dt;compile_decomposed;lookup_or_compile_dt;compile_decomposed;lookup_or_compile_dt;compile_dt;compile_dt;compile_decomposed;lookup_or_compile_dt;compile_decomposed;lookup_or_compile_dt;compile_decomposed;lookup_or_compile_dt;compile_decomposed;lookup_or_compile_dt;compile_dt;compile_dt;compile_decomposed;lookup_or_compile_dt;compile_decomposed;lookup_or_compile_dt;compile_decomposed;lookup_or_compile_dt;compile_decomposed;lookup_or_compile_dt;compile_decomposed;lookup_or_compile_dt;compile_dt;decide_literal;set_literal;update_subsumption
0.30% main;cnf2ddnnf_cmd_line;compile_cnf;compile_dt;select_separator;update_separator_score;log2;asm_exc_page_fault;exc_page_fault;do_user_addr_fault;handle_mm_fault;__handle_mm_fault;do_fault;filemap_map_pages
0.30% main;cnf2ddnnf_cmd_line;construct_dtree_manager;initialize_dtree_separators;fill_separators;fill_separators;fill_separators;fill_separators;fill_separators;fill_separators;fill_separators;fill_separators;fill_separators;fill_separators;fill_separators;fill_separators;fill_separators;fill_separators;fill_separators;fill_separators;fill_separators;fill_separators;fill_separators
0.30% main;cnf2ddnnf_cmd_line;construct_cnf_manager;initialize_cnf_manager;initialize_watched_literals
0.29% main;cnf2ddnnf_cmd_line;load_hdtree_from_file;__isoc99_fscanf;0x7f636cd9fdbc
0.29% main;get_cnf_from_file
    94.70%     0.00%  c2d      c2d                   [.] cnf2ddnnf_cmd_line
90.72% cnf2ddnnf_cmd_line;free_cache_manager
0.93% cnf2ddnnf_cmd_line;free_cache_manager;__irqentry_text_end
0.62% cnf2ddnnf_cmd_line;free_cache_manager;asm_exc_page_fault;exc_page_fault;do_user_addr_fault;handle_mm_fault;__handle_mm_fault;do_huge_pmd_anonymous_page;pte_alloc_one;__alloc_pages;get_page_from_freelist;clear_page_rep
0.31% cnf2ddnnf_cmd_line;free_cache_manager;asm_exc_page_fault;exc_page_fault;do_user_addr_fault;lock_mm_and_find_vma;find_vma;mt_find
0.30% cnf2ddnnf_cmd_line;compile_cnf;compile_dt;compile_dt;compile_decomposed;lookup_or_compile_dt;compile_decomposed;lookup_or_compile_dt;compile_dt;compile_dt;compile_decomposed;lookup_or_compile_dt;compile_decomposed;lookup_or_compile_dt;compile_decomposed;lookup_or_compile_dt;compile_decomposed;lookup_or_compile_dt;compile_dt;compile_dt;compile_decomposed;conjoin_nnfs_lits;conjoin_relevant_lits;get_and_node;asm_exc_page_fault;exc_page_fault;do_user_addr_fault;handle_mm_fault;__handle_mm_fault;wp_page_copy;vma_alloc_folio;__folio_alloc;__alloc_pages;get_page_from_freelist;clear_page_rep
0.30% cnf2ddnnf_cmd_line;compile_cnf;compile_dt;compile_dt;compile_decomposed;lookup_or_compile_dt;compile_decomposed;lookup_or_compile_dt;compile_dt;compile_dt;compile_decomposed;lookup_or_compile_dt;compile_decomposed;lookup_or_compile_dt;compile_decomposed;lookup_or_compile_dt;compile_decomposed;lookup_or_compile_dt;compile_dt;compile_dt;compile_decomposed;lookup_or_compile_dt;compile_decomposed;lookup_or_compile_dt;compile_decomposed;lookup_or_compile_dt;compile_decomposed;lookup_or_compile_dt;compile_dt;compile_dt;compile_decomposed;lookup_or_compile_dt;compile_decomposed;lookup_or_compile_dt;compile_decomposed;lookup_or_compile_dt;compile_decomposed;lookup_or_compile_dt;compile_dt;compile_dt;compile_decomposed;conjoin_nnfs_lits;conjoin_relevant_lits;get_and_node;asm_exc_page_fault;exc_page_fault;do_user_addr_fault;handle_mm_fault;__handle_mm_fault;do_huge_pmd_anonymous_page;pte_alloc_one;__alloc_pages;get_page_from_freelist;__list_del_entry_valid
0.30% cnf2ddnnf_cmd_line;compile_cnf;compile_dt;compile_dt;compile_decomposed;lookup_or_compile_dt;compile_decomposed;lookup_or_compile_dt;compile_dt;compile_dt;compile_decomposed;lookup_or_compile_dt;compile_decomposed;lookup_or_compile_dt;compile_decomposed;lookup_or_compile_dt;compile_decomposed;lookup_or_compile_dt;compile_dt;compile_dt;compile_decomposed;lookup_or_compile_dt;compile_decomposed;lookup_or_compile_dt;compile_decomposed;lookup_or_compile_dt;compile_decomposed;lookup_or_compile_dt;compile_dt;compile_dt;compile_decomposed;lookup_or_compile_dt;compile_decomposed;lookup_or_compile_dt;compile_decomposed;lookup_or_compile_dt;compile_decomposed;lookup_or_compile_dt;compile_dt;compile_dt;compile_decomposed;lookup_or_compile_dt;compile_decomposed;lookup_or_compile_dt;compile_decomposed;lookup_or_compile_dt;compile_decomposed;lookup_or_compile_dt;compile_dt;compile_dt;compile_decomposed;lookup_or_compile_dt;compile_decomposed;lookup_or_compile_dt;compile_decomposed;lookup_or_compile_dt;compile_decomposed;lookup_or_compile_dt;compile_decomposed;lookup_or_compile_dt;compile_dt;decide_literal;set_literal;update_subsumption
0.30% cnf2ddnnf_cmd_line;compile_cnf;compile_dt;select_separator;update_separator_score;log2;asm_exc_page_fault;exc_page_fault;do_user_addr_fault;handle_mm_fault;__handle_mm_fault;do_fault;filemap_map_pages
0.30% cnf2ddnnf_cmd_line;construct_dtree_manager;initialize_dtree_separators;fill_separators;fill_separators;fill_separators;fill_separators;fill_separators;fill_separators;fill_separators;fill_separators;fill_separators;fill_separators;fill_separators;fill_separators;fill_separators;fill_separators;fill_separators;fill_separators;fill_separators;fill_separators;fill_separators
0.30% cnf2ddnnf_cmd_line;construct_cnf_manager;initialize_cnf_manager;initialize_watched_literals
0.29% cnf2ddnnf_cmd_line;load_hdtree_from_file;__isoc99_fscanf;0x7f636cd9fdbc
    92.59%    90.72%  c2d      c2d                   [.] free_cache_manager
90.72% 0x7f636cd6724a;main;cnf2ddnnf_cmd_line;free_cache_manager
0.93% free_cache_manager;__irqentry_text_end
0.62% free_cache_manager;asm_exc_page_fault;exc_page_fault;do_user_addr_fault;handle_mm_fault;__handle_mm_fault;do_huge_pmd_anonymous_page;pte_alloc_one;__alloc_pages;get_page_from_freelist;clear_page_rep
0.31% free_cache_manager;asm_exc_page_fault;exc_page_fault;do_user_addr_fault;lock_mm_and_find_vma;find_vma;mt_find
     2.71%     0.00%  c2d      [kernel.kallsyms]     [k] asm_exc_page_fault
0.62% asm_exc_page_fault;exc_page_fault;do_user_addr_fault;handle_mm_fault;__handle_mm_fault;do_huge_pmd_anonymous_page;pte_alloc_one;__alloc_pages;get_page_from_freelist;clear_page_rep
0.58% asm_exc_page_fault;exc_page_fault;do_user_addr_fault;handle_mm_fault;__handle_mm_fault;do_fault;filemap_map_pages
0.31% asm_exc_page_fault;exc_page_fault;do_user_addr_fault;lock_mm_and_find_vma;find_vma;mt_find
0.30% asm_exc_page_fault;exc_page_fault;do_user_addr_fault;handle_mm_fault;__handle_mm_fault;wp_page_copy;vma_alloc_folio;__folio_alloc;__alloc_pages;get_page_from_freelist;clear_page_rep
0.30% asm_exc_page_fault;exc_page_fault;do_user_addr_fault;handle_mm_fault;__handle_mm_fault;do_huge_pmd_anonymous_page;pte_alloc_one;__alloc_pages;get_page_from_freelist;__list_del_entry_valid
0.30% asm_exc_page_fault;exc_page_fault;do_user_addr_fault;handle_mm_fault;__handle_mm_fault;__mem_cgroup_charge;charge_memcg;try_charge_memcg;page_counter_try_charge
0.29% asm_exc_page_fault;exc_page_fault;do_user_addr_fault;handle_mm_fault;__handle_mm_fault;do_fault;filemap_map_pages;next_uptodate_page
     2.71%     0.00%  c2d      [kernel.kallsyms]     [k] exc_page_fault
0.62% exc_page_fault;do_user_addr_fault;handle_mm_fault;__handle_mm_fault;do_huge_pmd_anonymous_page;pte_alloc_one;__alloc_pages;get_page_from_freelist;clear_page_rep
0.58% exc_page_fault;do_user_addr_fault;handle_mm_fault;__handle_mm_fault;do_fault;filemap_map_pages
0.31% exc_page_fault;do_user_addr_fault;lock_mm_and_find_vma;find_vma;mt_find
0.30% exc_page_fault;do_user_addr_fault;handle_mm_fault;__handle_mm_fault;wp_page_copy;vma_alloc_folio;__folio_alloc;__alloc_pages;get_page_from_freelist;clear_page_rep
0.30% exc_page_fault;do_user_addr_fault;handle_mm_fault;__handle_mm_fault;do_huge_pmd_anonymous_page;pte_alloc_one;__alloc_pages;get_page_from_freelist;__list_del_entry_valid
0.30% exc_page_fault;do_user_addr_fault;handle_mm_fault;__handle_mm_fault;__mem_cgroup_charge;charge_memcg;try_charge_memcg;page_counter_try_charge
0.29% exc_page_fault;do_user_addr_fault;handle_mm_fault;__handle_mm_fault;do_fault;filemap_map_pages;next_uptodate_page
     2.71%     0.00%  c2d      [kernel.kallsyms]     [k] do_user_addr_fault
0.62% do_user_addr_fault;handle_mm_fault;__handle_mm_fault;do_huge_pmd_anonymous_page;pte_alloc_one;__alloc_pages;get_page_from_freelist;clear_page_rep
0.58% do_user_addr_fault;handle_mm_fault;__handle_mm_fault;do_fault;filemap_map_pages
0.31% do_user_addr_fault;lock_mm_and_find_vma;find_vma;mt_find
0.30% do_user_addr_fault;handle_mm_fault;__handle_mm_fault;wp_page_copy;vma_alloc_folio;__folio_alloc;__alloc_pages;get_page_from_freelist;clear_page_rep
0.30% do_user_addr_fault;handle_mm_fault;__handle_mm_fault;do_huge_pmd_anonymous_page;pte_alloc_one;__alloc_pages;get_page_from_freelist;__list_del_entry_valid
0.30% do_user_addr_fault;handle_mm_fault;__handle_mm_fault;__mem_cgroup_charge;charge_memcg;try_charge_memcg;page_counter_try_charge
0.29% do_user_addr_fault;handle_mm_fault;__handle_mm_fault;do_fault;filemap_map_pages;next_uptodate_page
     2.39%     0.00%  c2d      [kernel.kallsyms]     [k] handle_mm_fault
0.62% handle_mm_fault;__handle_mm_fault;do_huge_pmd_anonymous_page;pte_alloc_one;__alloc_pages;get_page_from_freelist;clear_page_rep
0.58% handle_mm_fault;__handle_mm_fault;do_fault;filemap_map_pages
0.30% handle_mm_fault;__handle_mm_fault;wp_page_copy;vma_alloc_folio;__folio_alloc;__alloc_pages;get_page_from_freelist;clear_page_rep
0.30% handle_mm_fault;__handle_mm_fault;do_huge_pmd_anonymous_page;pte_alloc_one;__alloc_pages;get_page_from_freelist;__list_del_entry_valid
0.30% handle_mm_fault;__handle_mm_fault;__mem_cgroup_charge;charge_memcg;try_charge_memcg;page_counter_try_charge
0.29% handle_mm_fault;__handle_mm_fault;do_fault;filemap_map_pages;next_uptodate_page
     2.39%     0.00%  c2d      [kernel.kallsyms]     [k] __handle_mm_fault
0.62% __handle_mm_fault;do_huge_pmd_anonymous_page;pte_alloc_one;__alloc_pages;get_page_from_freelist;clear_page_rep
0.58% __handle_mm_fault;do_fault;filemap_map_pages
0.30% __handle_mm_fault;wp_page_copy;vma_alloc_folio;__folio_alloc;__alloc_pages;get_page_from_freelist;clear_page_rep
0.30% __handle_mm_fault;do_huge_pmd_anonymous_page;pte_alloc_one;__alloc_pages;get_page_from_freelist;__list_del_entry_valid
0.30% __handle_mm_fault;__mem_cgroup_charge;charge_memcg;try_charge_memcg;page_counter_try_charge
0.29% __handle_mm_fault;do_fault;filemap_map_pages;next_uptodate_page
     2.25%     0.00%  c2d      [kernel.kallsyms]     [k] entry_SYSCALL_64_after_hwframe
0.31% entry_SYSCALL_64_after_hwframe;do_syscall_64;__x64_sys_munmap;__vm_munmap;do_mas_munmap;do_mas_align_munmap;unmap_region;unmap_vmas;unmap_page_range
0.31% entry_SYSCALL_64_after_hwframe;do_syscall_64;ksys_write;vfs_write;xfs_file_buffered_write;iomap_file_buffered_write;iomap_write_end;filemap_dirty_folio
0.31% entry_SYSCALL_64_after_hwframe;do_syscall_64;__x64_sys_exit_group;do_group_exit;do_exit;__mmput;exit_mmap;free_pgtables;unlink_file_vma;vma_interval_tree_remove
0.31% entry_SYSCALL_64_after_hwframe;do_syscall_64;__x64_sys_exit_group;do_group_exit;do_exit;__mmput;exit_mmap;unmap_vmas;unmap_page_range;vm_normal_page
0.27% entry_SYSCALL_64_after_hwframe;do_syscall_64;ksys_mmap_pgoff;vm_mmap_pgoff;do_mmap;mmap_region;do_mas_munmap;do_mas_align_munmap;mas_store_gfp;mas_wr_store_entry.isra.0
0.26% entry_SYSCALL_64_after_hwframe;do_syscall_64;ksys_mmap_pgoff;vm_mmap_pgoff;do_mmap;mmap_region;do_mas_munmap;do_mas_align_munmap;unmap_region;lru_add_drain;lru_add_drain_cpu;folio_batch_move_lru;lru_add_fn;__list_add_valid
0.23% entry_SYSCALL_64_after_hwframe;do_syscall_64;syscall_exit_to_user_mode;exit_to_user_mode_prepare;task_work_run;__fput;__dentry_kill;dentry_unlink_inode;_raw_spin_unlock
0.17% entry_SYSCALL_64_after_hwframe;do_syscall_64;__x64_sys_execve;do_execveat_common.isra.0;bprm_execve;load_elf_binary;elf_map;vm_mmap_pgoff;do_mmap;mmap_region;perf_event_mmap;d_path
0.07% entry_SYSCALL_64_after_hwframe;do_syscall_64;__x64_sys_execve;do_execveat_common.isra.0;bprm_execve;load_elf_binary;setup_new_exec;up_write
     2.25%     0.00%  c2d      [kernel.kallsyms]     [k] do_syscall_64
0.31% do_syscall_64;__x64_sys_munmap;__vm_munmap;do_mas_munmap;do_mas_align_munmap;unmap_region;unmap_vmas;unmap_page_range
0.31% do_syscall_64;ksys_write;vfs_write;xfs_file_buffered_write;iomap_file_buffered_write;iomap_write_end;filemap_dirty_folio
0.31% do_syscall_64;__x64_sys_exit_group;do_group_exit;do_exit;__mmput;exit_mmap;free_pgtables;unlink_file_vma;vma_interval_tree_remove
0.31% do_syscall_64;__x64_sys_exit_group;do_group_exit;do_exit;__mmput;exit_mmap;unmap_vmas;unmap_page_range;vm_normal_page
0.27% do_syscall_64;ksys_mmap_pgoff;vm_mmap_pgoff;do_mmap;mmap_region;do_mas_munmap;do_mas_align_munmap;mas_store_gfp;mas_wr_store_entry.isra.0
0.26% do_syscall_64;ksys_mmap_pgoff;vm_mmap_pgoff;do_mmap;mmap_region;do_mas_munmap;do_mas_align_munmap;unmap_region;lru_add_drain;lru_add_drain_cpu;folio_batch_move_lru;lru_add_fn;__list_add_valid
0.23% do_syscall_64;syscall_exit_to_user_mode;exit_to_user_mode_prepare;task_work_run;__fput;__dentry_kill;dentry_unlink_inode;_raw_spin_unlock
0.17% do_syscall_64;__x64_sys_execve;do_execveat_common.isra.0;bprm_execve;load_elf_binary;elf_map;vm_mmap_pgoff;do_mmap;mmap_region;perf_event_mmap;d_path
0.07% do_syscall_64;__x64_sys_execve;do_execveat_common.isra.0;bprm_execve;load_elf_binary;setup_new_exec;up_write
     1.23%     0.00%  c2d      [kernel.kallsyms]     [k] __alloc_pages
0.93% __alloc_pages;get_page_from_freelist;clear_page_rep
0.30% __alloc_pages;get_page_from_freelist;__list_del_entry_valid
     1.23%     0.00%  c2d      [kernel.kallsyms]     [k] get_page_from_freelist
0.93% get_page_from_freelist;clear_page_rep
0.30% get_page_from_freelist;__list_del_entry_valid
     1.21%     0.00%  c2d      c2d                   [.] compile_cnf
0.30% compile_cnf;compile_dt;compile_dt;compile_decomposed;lookup_or_compile_dt;compile_decomposed;lookup_or_compile_dt;compile_dt;compile_dt;compile_decomposed;lookup_or_compile_dt;compile_decomposed;lookup_or_compile_dt;compile_decomposed;lookup_or_compile_dt;compile_decomposed;lookup_or_compile_dt;compile_dt;compile_dt;compile_decomposed;conjoin_nnfs_lits;conjoin_relevant_lits;get_and_node;asm_exc_page_fault;exc_page_fault;do_user_addr_fault;handle_mm_fault;__handle_mm_fault;wp_page_copy;vma_alloc_folio;__folio_alloc;__alloc_pages;get_page_from_freelist;clear_page_rep
0.30% compile_cnf;compile_dt;compile_dt;compile_decomposed;lookup_or_compile_dt;compile_decomposed;lookup_or_compile_dt;compile_dt;compile_dt;compile_decomposed;lookup_or_compile_dt;compile_decomposed;lookup_or_compile_dt;compile_decomposed;lookup_or_compile_dt;compile_decomposed;lookup_or_compile_dt;compile_dt;compile_dt;compile_decomposed;lookup_or_compile_dt;compile_decomposed;lookup_or_compile_dt;compile_decomposed;lookup_or_compile_dt;compile_decomposed;lookup_or_compile_dt;compile_dt;compile_dt;compile_decomposed;lookup_or_compile_dt;compile_decomposed;lookup_or_compile_dt;compile_decomposed;lookup_or_compile_dt;compile_decomposed;lookup_or_compile_dt;compile_dt;compile_dt;compile_decomposed;conjoin_nnfs_lits;conjoin_relevant_lits;get_and_node;asm_exc_page_fault;exc_page_fault;do_user_addr_fault;handle_mm_fault;__handle_mm_fault;do_huge_pmd_anonymous_page;pte_alloc_one;__alloc_pages;get_page_from_freelist;__list_del_entry_valid
0.30% compile_cnf;compile_dt;compile_dt;compile_decomposed;lookup_or_compile_dt;compile_decomposed;lookup_or_compile_dt;compile_dt;compile_dt;compile_decomposed;lookup_or_compile_dt;compile_decomposed;lookup_or_compile_dt;compile_decomposed;lookup_or_compile_dt;compile_decomposed;lookup_or_compile_dt;compile_dt;compile_dt;compile_decomposed;lookup_or_compile_dt;compile_decomposed;lookup_or_compile_dt;compile_decomposed;lookup_or_compile_dt;compile_decomposed;lookup_or_compile_dt;compile_dt;compile_dt;compile_decomposed;lookup_or_compile_dt;compile_decomposed;lookup_or_compile_dt;compile_decomposed;lookup_or_compile_dt;compile_decomposed;lookup_or_compile_dt;compile_dt;compile_dt;compile_decomposed;lookup_or_compile_dt;compile_decomposed;lookup_or_compile_dt;compile_decomposed;lookup_or_compile_dt;compile_decomposed;lookup_or_compile_dt;compile_dt;compile_dt;compile_decomposed;lookup_or_compile_dt;compile_decomposed;lookup_or_compile_dt;compile_decomposed;lookup_or_compile_dt;compile_decomposed;lookup_or_compile_dt;compile_decomposed;lookup_or_compile_dt;compile_dt;decide_literal;set_literal;update_subsumption
0.30% compile_cnf;compile_dt;select_separator;update_separator_score;log2;asm_exc_page_fault;exc_page_fault;do_user_addr_fault;handle_mm_fault;__handle_mm_fault;do_fault;filemap_map_pages
     1.21%     0.00%  c2d      c2d                   [.] compile_dt
0.30% compile_dt;compile_dt;compile_decomposed;lookup_or_compile_dt;compile_decomposed;lookup_or_compile_dt;compile_dt;compile_dt;compile_decomposed;lookup_or_compile_dt;compile_decomposed;lookup_or_compile_dt;compile_decomposed;lookup_or_compile_dt;compile_decomposed;lookup_or_compile_dt;compile_dt;compile_dt;compile_decomposed;conjoin_nnfs_lits;conjoin_relevant_lits;get_and_node;asm_exc_page_fault;exc_page_fault;do_user_addr_fault;handle_mm_fault;__handle_mm_fault;wp_page_copy;vma_alloc_folio;__folio_alloc;__alloc_pages;get_page_from_freelist;clear_page_rep
0.30% compile_dt;compile_dt;compile_decomposed;lookup_or_compile_dt;compile_decomposed;lookup_or_compile_dt;compile_dt;compile_dt;compile_decomposed;lookup_or_compile_dt;compile_decomposed;lookup_or_compile_dt;compile_decomposed;lookup_or_compile_dt;compile_decomposed;lookup_or_compile_dt;compile_dt;compile_dt;compile_decomposed;lookup_or_compile_dt;compile_decomposed;lookup_or_compile_dt;compile_decomposed;lookup_or_compile_dt;compile_decomposed;lookup_or_compile_dt;compile_dt;compile_dt;compile_decomposed;lookup_or_compile_dt;compile_decomposed;lookup_or_compile_dt;compile_decomposed;lookup_or_compile_dt;compile_decomposed;lookup_or_compile_dt;compile_dt;compile_dt;compile_decomposed;conjoin_nnfs_lits;conjoin_relevant_lits;get_and_node;asm_exc_page_fault;exc_page_fault;do_user_addr_fault;handle_mm_fault;__handle_mm_fault;do_huge_pmd_anonymous_page;pte_alloc_one;__alloc_pages;get_page_from_freelist;__list_del_entry_valid
0.30% compile_dt;compile_dt;compile_decomposed;lookup_or_compile_dt;compile_decomposed;lookup_or_compile_dt;compile_dt;compile_dt;compile_decomposed;lookup_or_compile_dt;compile_decomposed;lookup_or_compile_dt;compile_decomposed;lookup_or_compile_dt;compile_decomposed;lookup_or_compile_dt;compile_dt;compile_dt;compile_decomposed;lookup_or_compile_dt;compile_decomposed;lookup_or_compile_dt;compile_decomposed;lookup_or_compile_dt;compile_decomposed;lookup_or_compile_dt;compile_dt;compile_dt;compile_decomposed;lookup_or_compile_dt;compile_decomposed;lookup_or_compile_dt;compile_decomposed;lookup_or_compile_dt;compile_decomposed;lookup_or_compile_dt;compile_dt;compile_dt;compile_decomposed;lookup_or_compile_dt;compile_decomposed;lookup_or_compile_dt;compile_decomposed;lookup_or_compile_dt;compile_decomposed;lookup_or_compile_dt;compile_dt;compile_dt;compile_decomposed;lookup_or_compile_dt;compile_decomposed;lookup_or_compile_dt;compile_decomposed;lookup_or_compile_dt;compile_decomposed;lookup_or_compile_dt;compile_decomposed;lookup_or_compile_dt;compile_dt;decide_literal;set_literal;update_subsumption
0.30% compile_dt;select_separator;update_separator_score;log2;asm_exc_page_fault;exc_page_fault;do_user_addr_fault;handle_mm_fault;__handle_mm_fault;do_fault;filemap_map_pages
     0.93%     0.93%  c2d      [kernel.kallsyms]     [k] __irqentry_text_end
0.93% 0x7f636cd6724a;main;cnf2ddnnf_cmd_line;free_cache_manager;__irqentry_text_end
     0.93%     0.93%  c2d      [kernel.kallsyms]     [k] clear_page_rep
0.62% 0x7f636cd6724a;main;cnf2ddnnf_cmd_line;free_cache_manager;asm_exc_page_fault;exc_page_fault;do_user_addr_fault;handle_mm_fault;__handle_mm_fault;do_huge_pmd_anonymous_page;pte_alloc_one;__alloc_pages;get_page_from_freelist;clear_page_rep
0.30% 0x7f636cd6724a;main;cnf2ddnnf_cmd_line;compile_cnf;compile_dt;compile_dt;compile_decomposed;lookup_or_compile_dt;compile_decomposed;lookup_or_compile_dt;compile_dt;compile_dt;compile_decomposed;lookup_or_compile_dt;compile_decomposed;lookup_or_compile_dt;compile_decomposed;lookup_or_compile_dt;compile_decomposed;lookup_or_compile_dt;compile_dt;compile_dt;compile_decomposed;conjoin_nnfs_lits;conjoin_relevant_lits;get_and_node;asm_exc_page_fault;exc_page_fault;do_user_addr_fault;handle_mm_fault;__handle_mm_fault;wp_page_copy;vma_alloc_folio;__folio_alloc;__alloc_pages;get_page_from_freelist;clear_page_rep
     0.93%     0.00%  c2d      [kernel.kallsyms]     [k] do_huge_pmd_anonymous_page
0.62% do_huge_pmd_anonymous_page;pte_alloc_one;__alloc_pages;get_page_from_freelist;clear_page_rep
0.30% do_huge_pmd_anonymous_page;pte_alloc_one;__alloc_pages;get_page_from_freelist;__list_del_entry_valid
     0.93%     0.00%  c2d      [kernel.kallsyms]     [k] pte_alloc_one
0.62% pte_alloc_one;__alloc_pages;get_page_from_freelist;clear_page_rep
0.30% pte_alloc_one;__alloc_pages;get_page_from_freelist;__list_del_entry_valid
     0.91%     0.00%  c2d      c2d                   [.] compile_decomposed
0.30% compile_decomposed;lookup_or_compile_dt;compile_decomposed;lookup_or_compile_dt;compile_dt;compile_dt;compile_decomposed;lookup_or_compile_dt;compile_decomposed;lookup_or_compile_dt;compile_decomposed;lookup_or_compile_dt;compile_decomposed;lookup_or_compile_dt;compile_dt;compile_dt;compile_decomposed;conjoin_nnfs_lits;conjoin_relevant_lits;get_and_node;asm_exc_page_fault;exc_page_fault;do_user_addr_fault;handle_mm_fault;__handle_mm_fault;wp_page_copy;vma_alloc_folio;__folio_alloc;__alloc_pages;get_page_from_freelist;clear_page_rep
0.30% compile_decomposed;lookup_or_compile_dt;compile_decomposed;lookup_or_compile_dt;compile_dt;compile_dt;compile_decomposed;lookup_or_compile_dt;compile_decomposed;lookup_or_compile_dt;compile_decomposed;lookup_or_compile_dt;compile_decomposed;lookup_or_compile_dt;compile_dt;compile_dt;compile_decomposed;lookup_or_compile_dt;compile_decomposed;lookup_or_compile_dt;compile_decomposed;lookup_or_compile_dt;compile_decomposed;lookup_or_compile_dt;compile_dt;compile_dt;compile_decomposed;lookup_or_compile_dt;compile_decomposed;lookup_or_compile_dt;compile_decomposed;lookup_or_compile_dt;compile_decomposed;lookup_or_compile_dt;compile_dt;compile_dt;compile_decomposed;conjoin_nnfs_lits;conjoin_relevant_lits;get_and_node;asm_exc_page_fault;exc_page_fault;do_user_addr_fault;handle_mm_fault;__handle_mm_fault;do_huge_pmd_anonymous_page;pte_alloc_one;__alloc_pages;get_page_from_freelist;__list_del_entry_valid
0.30% compile_decomposed;lookup_or_compile_dt;compile_decomposed;lookup_or_compile_dt;compile_dt;compile_dt;compile_decomposed;lookup_or_compile_dt;compile_decomposed;lookup_or_compile_dt;compile_decomposed;lookup_or_compile_dt;compile_decomposed;lookup_or_compile_dt;compile_dt;compile_dt;compile_decomposed;lookup_or_compile_dt;compile_decomposed;lookup_or_compile_dt;compile_decomposed;lookup_or_compile_dt;compile_decomposed;lookup_or_compile_dt;compile_dt;compile_dt;compile_decomposed;lookup_or_compile_dt;compile_decomposed;lookup_or_compile_dt;compile_decomposed;lookup_or_compile_dt;compile_decomposed;lookup_or_compile_dt;compile_dt;compile_dt;compile_decomposed;lookup_or_compile_dt;compile_decomposed;lookup_or_compile_dt;compile_decomposed;lookup_or_compile_dt;compile_decomposed;lookup_or_compile_dt;compile_dt;compile_dt;compile_decomposed;lookup_or_compile_dt;compile_decomposed;lookup_or_compile_dt;compile_decomposed;lookup_or_compile_dt;compile_decomposed;lookup_or_compile_dt;compile_decomposed;lookup_or_compile_dt;compile_dt;decide_literal;set_literal;update_subsumption
     0.91%     0.00%  c2d      c2d                   [.] lookup_or_compile_dt
0.30% lookup_or_compile_dt;compile_decomposed;lookup_or_compile_dt;compile_dt;compile_dt;compile_decomposed;lookup_or_compile_dt;compile_decomposed;lookup_or_compile_dt;compile_decomposed;lookup_or_compile_dt;compile_decomposed;lookup_or_compile_dt;compile_dt;compile_dt;compile_decomposed;conjoin_nnfs_lits;conjoin_relevant_lits;get_and_node;asm_exc_page_fault;exc_page_fault;do_user_addr_fault;handle_mm_fault;__handle_mm_fault;wp_page_copy;vma_alloc_folio;__folio_alloc;__alloc_pages;get_page_from_freelist;clear_page_rep
0.30% lookup_or_compile_dt;compile_decomposed;lookup_or_compile_dt;compile_dt;compile_dt;compile_decomposed;lookup_or_compile_dt;compile_decomposed;lookup_or_compile_dt;compile_decomposed;lookup_or_compile_dt;compile_decomposed;lookup_or_compile_dt;compile_dt;compile_dt;compile_decomposed;lookup_or_compile_dt;compile_decomposed;lookup_or_compile_dt;compile_decomposed;lookup_or_compile_dt;compile_decomposed;lookup_or_compile_dt;compile_dt;compile_dt;compile_decomposed;lookup_or_compile_dt;compile_decomposed;lookup_or_compile_dt;compile_decomposed;lookup_or_compile_dt;compile_decomposed;lookup_or_compile_dt;compile_dt;compile_dt;compile_decomposed;conjoin_nnfs_lits;conjoin_relevant_lits;get_and_node;asm_exc_page_fault;exc_page_fault;do_user_addr_fault;handle_mm_fault;__handle_mm_fault;do_huge_pmd_anonymous_page;pte_alloc_one;__alloc_pages;get_page_from_freelist;__list_del_entry_valid
0.30% lookup_or_compile_dt;compile_decomposed;lookup_or_compile_dt;compile_dt;compile_dt;compile_decomposed;lookup_or_compile_dt;compile_decomposed;lookup_or_compile_dt;compile_decomposed;lookup_or_compile_dt;compile_decomposed;lookup_or_compile_dt;compile_dt;compile_dt;compile_decomposed;lookup_or_compile_dt;compile_decomposed;lookup_or_compile_dt;compile_decomposed;lookup_or_compile_dt;compile_decomposed;lookup_or_compile_dt;compile_dt;compile_dt;compile_decomposed;lookup_or_compile_dt;compile_decomposed;lookup_or_compile_dt;compile_decomposed;lookup_or_compile_dt;compile_decomposed;lookup_or_compile_dt;compile_dt;compile_dt;compile_decomposed;lookup_or_compile_dt;compile_decomposed;lookup_or_compile_dt;compile_decomposed;lookup_or_compile_dt;compile_decomposed;lookup_or_compile_dt;compile_dt;compile_dt;compile_decomposed;lookup_or_compile_dt;compile_decomposed;lookup_or_compile_dt;compile_decomposed;lookup_or_compile_dt;compile_decomposed;lookup_or_compile_dt;compile_decomposed;lookup_or_compile_dt;compile_dt;decide_literal;set_literal;update_subsumption
     0.86%     0.58%  c2d      [kernel.kallsyms]     [k] filemap_map_pages
0.30% 0x7f636cd6724a;main;cnf2ddnnf_cmd_line;compile_cnf;compile_dt;select_separator;update_separator_score;log2;asm_exc_page_fault;exc_page_fault;do_user_addr_fault;handle_mm_fault;__handle_mm_fault;do_fault;filemap_map_pages
0.29% filemap_map_pages;next_uptodate_page
0.27% 0x7f636d2b1a58;0x7f636d2b122f;0x7f636d2b4c99;0x7f636cdf0a20;asm_exc_page_fault;exc_page_fault;do_user_addr_fault;handle_mm_fault;__handle_mm_fault;do_fault;filemap_map_pages
     0.86%     0.00%  c2d      [kernel.kallsyms]     [k] do_fault
0.58% do_fault;filemap_map_pages
0.29% do_fault;filemap_map_pages;next_uptodate_page
     0.84%     0.00%  c2d      [kernel.kallsyms]     [k] do_mas_munmap
0.31% do_mas_munmap;do_mas_align_munmap;unmap_region;unmap_vmas;unmap_page_range
0.27% do_mas_munmap;do_mas_align_munmap;mas_store_gfp;mas_wr_store_entry.isra.0
0.26% do_mas_munmap;do_mas_align_munmap;unmap_region;lru_add_drain;lru_add_drain_cpu;folio_batch_move_lru;lru_add_fn;__list_add_valid
     0.84%     0.00%  c2d      [kernel.kallsyms]     [k] do_mas_align_munmap
0.31% do_mas_align_munmap;unmap_region;unmap_vmas;unmap_page_range
0.27% do_mas_align_munmap;mas_store_gfp;mas_wr_store_entry.isra.0
0.26% do_mas_align_munmap;unmap_region;lru_add_drain;lru_add_drain_cpu;folio_batch_move_lru;lru_add_fn;__list_add_valid
     0.80%     0.00%  c2d      [unknown]             [k] 0000000000000000
0.28% 0;std::locale::_Impl::_Impl
0.26% 0;0x7f636d29fd12
0.25% 0;0x7f636d2b776a;entry_SYSRETQ_unsafe_stack
     0.79%     0.00%  c2d      [unknown]             [k] 0x00007f636d2ca8a8
0.27% 0x7f636d2ca8a8;0x7f636d29f075;0x7f636d2b7ae3;entry_SYSCALL_64_after_hwframe;do_syscall_64;ksys_mmap_pgoff;vm_mmap_pgoff;do_mmap;mmap_region;do_mas_munmap;do_mas_align_munmap;mas_store_gfp;mas_wr_store_entry.isra.0
0.26% 0x7f636d2ca8a8;0x7f636d295170;0x6;0;0x7f636d29fd12
0.26% 0x7f636d2ca8a8;0x7f636d29f075;0x7f636d2b7ae3;entry_SYSCALL_64_after_hwframe;do_syscall_64;ksys_mmap_pgoff;vm_mmap_pgoff;do_mmap;mmap_region;do_mas_munmap;do_mas_align_munmap;unmap_region;lru_add_drain;lru_add_drain_cpu;folio_batch_move_lru;lru_add_fn;__list_add_valid
     0.70%     0.00%  c2d      [kernel.kallsyms]     [k] vm_mmap_pgoff
0.27% vm_mmap_pgoff;do_mmap;mmap_region;do_mas_munmap;do_mas_align_munmap;mas_store_gfp;mas_wr_store_entry.isra.0
0.26% vm_mmap_pgoff;do_mmap;mmap_region;do_mas_munmap;do_mas_align_munmap;unmap_region;lru_add_drain;lru_add_drain_cpu;folio_batch_move_lru;lru_add_fn;__list_add_valid
0.17% vm_mmap_pgoff;do_mmap;mmap_region;perf_event_mmap;d_path
     0.70%     0.00%  c2d      [kernel.kallsyms]     [k] do_mmap
0.27% do_mmap;mmap_region;do_mas_munmap;do_mas_align_munmap;mas_store_gfp;mas_wr_store_entry.isra.0
0.26% do_mmap;mmap_region;do_mas_munmap;do_mas_align_munmap;unmap_region;lru_add_drain;lru_add_drain_cpu;folio_batch_move_lru;lru_add_fn;__list_add_valid
0.17% do_mmap;mmap_region;perf_event_mmap;d_path
     0.70%     0.00%  c2d      [kernel.kallsyms]     [k] mmap_region
0.27% mmap_region;do_mas_munmap;do_mas_align_munmap;mas_store_gfp;mas_wr_store_entry.isra.0
0.26% mmap_region;do_mas_munmap;do_mas_align_munmap;unmap_region;lru_add_drain;lru_add_drain_cpu;folio_batch_move_lru;lru_add_fn;__list_add_valid
0.17% mmap_region;perf_event_mmap;d_path
     0.62%     0.31%  c2d      [kernel.kallsyms]     [k] unmap_page_range
0.31% __munmap;entry_SYSCALL_64_after_hwframe;do_syscall_64;__x64_sys_munmap;__vm_munmap;do_mas_munmap;do_mas_align_munmap;unmap_region;unmap_vmas;unmap_page_range
0.31% unmap_page_range;vm_normal_page
     0.62%     0.00%  c2d      [kernel.kallsyms]     [k] unmap_vmas
0.31% unmap_vmas;unmap_page_range
0.31% unmap_vmas;unmap_page_range;vm_normal_page
     0.62%     0.00%  c2d      [kernel.kallsyms]     [k] __x64_sys_exit_group
0.31% __x64_sys_exit_group;do_group_exit;do_exit;__mmput;exit_mmap;free_pgtables;unlink_file_vma;vma_interval_tree_remove
0.31% __x64_sys_exit_group;do_group_exit;do_exit;__mmput;exit_mmap;unmap_vmas;unmap_page_range;vm_normal_page
     0.62%     0.00%  c2d      [kernel.kallsyms]     [k] do_group_exit
0.31% do_group_exit;do_exit;__mmput;exit_mmap;free_pgtables;unlink_file_vma;vma_interval_tree_remove
0.31% do_group_exit;do_exit;__mmput;exit_mmap;unmap_vmas;unmap_page_range;vm_normal_page
     0.62%     0.00%  c2d      [kernel.kallsyms]     [k] do_exit
0.31% do_exit;__mmput;exit_mmap;free_pgtables;unlink_file_vma;vma_interval_tree_remove
0.31% do_exit;__mmput;exit_mmap;unmap_vmas;unmap_page_range;vm_normal_page
     0.62%     0.00%  c2d      [kernel.kallsyms]     [k] __mmput
0.31% __mmput;exit_mmap;free_pgtables;unlink_file_vma;vma_interval_tree_remove
0.31% __mmput;exit_mmap;unmap_vmas;unmap_page_range;vm_normal_page
     0.62%     0.00%  c2d      [kernel.kallsyms]     [k] exit_mmap
0.31% exit_mmap;free_pgtables;unlink_file_vma;vma_interval_tree_remove
0.31% exit_mmap;unmap_vmas;unmap_page_range;vm_normal_page
     0.61%     0.00%  c2d      c2d                   [.] conjoin_nnfs_lits
0.30% conjoin_nnfs_lits;conjoin_relevant_lits;get_and_node;asm_exc_page_fault;exc_page_fault;do_user_addr_fault;handle_mm_fault;__handle_mm_fault;wp_page_copy;vma_alloc_folio;__folio_alloc;__alloc_pages;get_page_from_freelist;clear_page_rep
0.30% conjoin_nnfs_lits;conjoin_relevant_lits;get_and_node;asm_exc_page_fault;exc_page_fault;do_user_addr_fault;handle_mm_fault;__handle_mm_fault;do_huge_pmd_anonymous_page;pte_alloc_one;__alloc_pages;get_page_from_freelist;__list_del_entry_valid
     0.61%     0.00%  c2d      c2d                   [.] conjoin_relevant_lits
0.30% conjoin_relevant_lits;get_and_node;asm_exc_page_fault;exc_page_fault;do_user_addr_fault;handle_mm_fault;__handle_mm_fault;wp_page_copy;vma_alloc_folio;__folio_alloc;__alloc_pages;get_page_from_freelist;clear_page_rep
0.30% conjoin_relevant_lits;get_and_node;asm_exc_page_fault;exc_page_fault;do_user_addr_fault;handle_mm_fault;__handle_mm_fault;do_huge_pmd_anonymous_page;pte_alloc_one;__alloc_pages;get_page_from_freelist;__list_del_entry_valid
     0.61%     0.00%  c2d      c2d                   [.] get_and_node
0.30% get_and_node;asm_exc_page_fault;exc_page_fault;do_user_addr_fault;handle_mm_fault;__handle_mm_fault;wp_page_copy;vma_alloc_folio;__folio_alloc;__alloc_pages;get_page_from_freelist;clear_page_rep
0.30% get_and_node;asm_exc_page_fault;exc_page_fault;do_user_addr_fault;handle_mm_fault;__handle_mm_fault;do_huge_pmd_anonymous_page;pte_alloc_one;__alloc_pages;get_page_from_freelist;__list_del_entry_valid
     0.57%     0.00%  c2d      [kernel.kallsyms]     [k] unmap_region
0.31% unmap_region;unmap_vmas;unmap_page_range
0.26% unmap_region;lru_add_drain;lru_add_drain_cpu;folio_batch_move_lru;lru_add_fn;__list_add_valid
     0.54%     0.00%  c2d      ld-linux-x86-64.so.2  [.] 0x00007f636d2b1a58
0.27% 0x7f636d2b1a58;0x7f636d2b122f;0x7f636d2b4c99;0x7f636cdf0a20;asm_exc_page_fault;exc_page_fault;do_user_addr_fault;handle_mm_fault;__handle_mm_fault;do_fault;filemap_map_pages
0.26% 0x7f636d2b1a58;0x7f636d2b122f;0x7f636d2b4c99;0x7f636d2a535a
     0.54%     0.00%  c2d      ld-linux-x86-64.so.2  [.] 0x00007f636d2b122f
0.27% 0x7f636d2b122f;0x7f636d2b4c99;0x7f636cdf0a20;asm_exc_page_fault;exc_page_fault;do_user_addr_fault;handle_mm_fault;__handle_mm_fault;do_fault;filemap_map_pages
0.26% 0x7f636d2b122f;0x7f636d2b4c99;0x7f636d2a535a
     0.54%     0.00%  c2d      ld-linux-x86-64.so.2  [.] 0x00007f636d2b4c99
0.27% 0x7f636d2b4c99;0x7f636cdf0a20;asm_exc_page_fault;exc_page_fault;do_user_addr_fault;handle_mm_fault;__handle_mm_fault;do_fault;filemap_map_pages
0.26% 0x7f636d2b4c99;0x7f636d2a535a
     0.53%     0.00%  c2d      ld-linux-x86-64.so.2  [.] 0x00007f636d29f075
0.27% 0x7f636d29f075;0x7f636d2b7ae3;entry_SYSCALL_64_after_hwframe;do_syscall_64;ksys_mmap_pgoff;vm_mmap_pgoff;do_mmap;mmap_region;do_mas_munmap;do_mas_align_munmap;mas_store_gfp;mas_wr_store_entry.isra.0
0.26% 0x7f636d29f075;0x7f636d2b7ae3;entry_SYSCALL_64_after_hwframe;do_syscall_64;ksys_mmap_pgoff;vm_mmap_pgoff;do_mmap;mmap_region;do_mas_munmap;do_mas_align_munmap;unmap_region;lru_add_drain;lru_add_drain_cpu;folio_batch_move_lru;lru_add_fn;__list_add_valid
     0.53%     0.00%  c2d      ld-linux-x86-64.so.2  [.] 0x00007f636d2b7ae3
0.27% 0x7f636d2b7ae3;entry_SYSCALL_64_after_hwframe;do_syscall_64;ksys_mmap_pgoff;vm_mmap_pgoff;do_mmap;mmap_region;do_mas_munmap;do_mas_align_munmap;mas_store_gfp;mas_wr_store_entry.isra.0
0.26% 0x7f636d2b7ae3;entry_SYSCALL_64_after_hwframe;do_syscall_64;ksys_mmap_pgoff;vm_mmap_pgoff;do_mmap;mmap_region;do_mas_munmap;do_mas_align_munmap;unmap_region;lru_add_drain;lru_add_drain_cpu;folio_batch_move_lru;lru_add_fn;__list_add_valid
     0.53%     0.00%  c2d      [kernel.kallsyms]     [k] ksys_mmap_pgoff
0.27% ksys_mmap_pgoff;vm_mmap_pgoff;do_mmap;mmap_region;do_mas_munmap;do_mas_align_munmap;mas_store_gfp;mas_wr_store_entry.isra.0
0.26% ksys_mmap_pgoff;vm_mmap_pgoff;do_mmap;mmap_region;do_mas_munmap;do_mas_align_munmap;unmap_region;lru_add_drain;lru_add_drain_cpu;folio_batch_move_lru;lru_add_fn;__list_add_valid
     0.31%     0.31%  c2d      [kernel.kallsyms]     [k] mtree_range_walk
0.31% 0x7f636cd6724a;main;cnf2ddnnf_cmd_line;free_cache_manager;asm_exc_page_fault;exc_page_fault;do_user_addr_fault;lock_mm_and_find_vma;find_vma;mt_find
     0.31%     0.00%  c2d      [kernel.kallsyms]     [k] lock_mm_and_find_vma
0.31% lock_mm_and_find_vma;find_vma;mt_find
     0.31%     0.00%  c2d      [kernel.kallsyms]     [k] find_vma
0.31% find_vma;mt_find
     0.31%     0.00%  c2d      [kernel.kallsyms]     [k] mt_find
0.31% mt_find
     0.31%     0.00%  c2d      libc.so.6             [.] __munmap
0.31% __munmap;entry_SYSCALL_64_after_hwframe;do_syscall_64;__x64_sys_munmap;__vm_munmap;do_mas_munmap;do_mas_align_munmap;unmap_region;unmap_vmas;unmap_page_range
     0.31%     0.00%  c2d      [kernel.kallsyms]     [k] __x64_sys_munmap
0.31% __x64_sys_munmap;__vm_munmap;do_mas_munmap;do_mas_align_munmap;unmap_region;unmap_vmas;unmap_page_range
     0.31%     0.00%  c2d      [kernel.kallsyms]     [k] __vm_munmap
0.31% __vm_munmap;do_mas_munmap;do_mas_align_munmap;unmap_region;unmap_vmas;unmap_page_range
     0.31%     0.31%  c2d      [kernel.kallsyms]     [k] filemap_dirty_folio
0.31% 0x67616e616d20464e;write;entry_SYSCALL_64_after_hwframe;do_syscall_64;ksys_write;vfs_write;xfs_file_buffered_write;iomap_file_buffered_write;iomap_write_end;filemap_dirty_folio
     0.31%     0.00%  c2d      [unknown]             [k] 0x67616e616d20464e
0.31% 0x67616e616d20464e;write;entry_SYSCALL_64_after_hwframe;do_syscall_64;ksys_write;vfs_write;xfs_file_buffered_write;iomap_file_buffered_write;iomap_write_end;filemap_dirty_folio
     0.31%     0.00%  c2d      libc.so.6             [.] write
0.31% write;entry_SYSCALL_64_after_hwframe;do_syscall_64;ksys_write;vfs_write;xfs_file_buffered_write;iomap_file_buffered_write;iomap_write_end;filemap_dirty_folio
     0.31%     0.00%  c2d      [kernel.kallsyms]     [k] ksys_write
0.31% ksys_write;vfs_write;xfs_file_buffered_write;iomap_file_buffered_write;iomap_write_end;filemap_dirty_folio
     0.31%     0.00%  c2d      [kernel.kallsyms]     [k] vfs_write
0.31% vfs_write;xfs_file_buffered_write;iomap_file_buffered_write;iomap_write_end;filemap_dirty_folio
     0.31%     0.00%  c2d      [xfs]                 [k] xfs_file_buffered_write
0.31% xfs_file_buffered_write;iomap_file_buffered_write;iomap_write_end;filemap_dirty_folio
     0.31%     0.00%  c2d      [kernel.kallsyms]     [k] iomap_file_buffered_write
0.31% iomap_file_buffered_write;iomap_write_end;filemap_dirty_folio
     0.31%     0.00%  c2d      [kernel.kallsyms]     [k] iomap_write_end
0.31% iomap_write_end;filemap_dirty_folio
     0.31%     0.31%  c2d      [kernel.kallsyms]     [k] vma_interval_tree_remove
0.31% entry_SYSCALL_64_after_hwframe;do_syscall_64;__x64_sys_exit_group;do_group_exit;do_exit;__mmput;exit_mmap;free_pgtables;unlink_file_vma;vma_interval_tree_remove
     0.31%     0.00%  c2d      [kernel.kallsyms]     [k] free_pgtables
0.31% free_pgtables;unlink_file_vma;vma_interval_tree_remove
     0.31%     0.00%  c2d      [kernel.kallsyms]     [k] unlink_file_vma
0.31% unlink_file_vma;vma_interval_tree_remove
     0.31%     0.31%  c2d      [kernel.kallsyms]     [k] vm_normal_page
0.31% entry_SYSCALL_64_after_hwframe;do_syscall_64;__x64_sys_exit_group;do_group_exit;do_exit;__mmput;exit_mmap;unmap_vmas;unmap_page_range;vm_normal_page
     0.30%     0.00%  c2d      [kernel.kallsyms]     [k] wp_page_copy
0.30% wp_page_copy;vma_alloc_folio;__folio_alloc;__alloc_pages;get_page_from_freelist;clear_page_rep
     0.30%     0.00%  c2d      [kernel.kallsyms]     [k] vma_alloc_folio
0.30% vma_alloc_folio;__folio_alloc;__alloc_pages;get_page_from_freelist;clear_page_rep
     0.30%     0.00%  c2d      [kernel.kallsyms]     [k] __folio_alloc
0.30% __folio_alloc;__alloc_pages;get_page_from_freelist;clear_page_rep
     0.30%     0.30%  c2d      [kernel.kallsyms]     [k] __list_del_entry_valid
0.30% 0x7f636cd6724a;main;cnf2ddnnf_cmd_line;compile_cnf;compile_dt;compile_dt;compile_decomposed;lookup_or_compile_dt;compile_decomposed;lookup_or_compile_dt;compile_dt;compile_dt;compile_decomposed;lookup_or_compile_dt;compile_decomposed;lookup_or_compile_dt;compile_decomposed;lookup_or_compile_dt;compile_decomposed;lookup_or_compile_dt;compile_dt;compile_dt;compile_decomposed;lookup_or_compile_dt;compile_decomposed;lookup_or_compile_dt;compile_decomposed;lookup_or_compile_dt;compile_decomposed;lookup_or_compile_dt;compile_dt;compile_dt;compile_decomposed;lookup_or_compile_dt;compile_decomposed;lookup_or_compile_dt;compile_decomposed;lookup_or_compile_dt;compile_decomposed;lookup_or_compile_dt;compile_dt;compile_dt;compile_decomposed;conjoin_nnfs_lits;conjoin_relevant_lits;get_and_node;asm_exc_page_fault;exc_page_fault;do_user_addr_fault;handle_mm_fault;__handle_mm_fault;do_huge_pmd_anonymous_page;pte_alloc_one;__alloc_pages;get_page_from_freelist;__list_del_entry_valid
     0.30%     0.30%  c2d      c2d                   [.] update_subsumption
0.30% 0x7f636cd6724a;main;cnf2ddnnf_cmd_line;compile_cnf;compile_dt;compile_dt;compile_decomposed;lookup_or_compile_dt;compile_decomposed;lookup_or_compile_dt;compile_dt;compile_dt;compile_decomposed;lookup_or_compile_dt;compile_decomposed;lookup_or_compile_dt;compile_decomposed;lookup_or_compile_dt;compile_decomposed;lookup_or_compile_dt;compile_dt;compile_dt;compile_decomposed;lookup_or_compile_dt;compile_decomposed;lookup_or_compile_dt;compile_decomposed;lookup_or_compile_dt;compile_decomposed;lookup_or_compile_dt;compile_dt;compile_dt;compile_decomposed;lookup_or_compile_dt;compile_decomposed;lookup_or_compile_dt;compile_decomposed;lookup_or_compile_dt;compile_decomposed;lookup_or_compile_dt;compile_dt;compile_dt;compile_decomposed;lookup_or_compile_dt;compile_decomposed;lookup_or_compile_dt;compile_decomposed;lookup_or_compile_dt;compile_decomposed;lookup_or_compile_dt;compile_dt;compile_dt;compile_decomposed;lookup_or_compile_dt;compile_decomposed;lookup_or_compile_dt;compile_decomposed;lookup_or_compile_dt;compile_decomposed;lookup_or_compile_dt;compile_decomposed;lookup_or_compile_dt;compile_dt;decide_literal;set_literal;update_subsumption
     0.30%     0.00%  c2d      c2d                   [.] decide_literal
0.30% decide_literal;set_literal;update_subsumption
     0.30%     0.00%  c2d      c2d                   [.] set_literal
0.30% set_literal;update_subsumption
     0.30%     0.00%  c2d      c2d                   [.] select_separator
0.30% select_separator;update_separator_score;log2;asm_exc_page_fault;exc_page_fault;do_user_addr_fault;handle_mm_fault;__handle_mm_fault;do_fault;filemap_map_pages
     0.30%     0.00%  c2d      c2d                   [.] update_separator_score
0.30% update_separator_score;log2;asm_exc_page_fault;exc_page_fault;do_user_addr_fault;handle_mm_fault;__handle_mm_fault;do_fault;filemap_map_pages
     0.30%     0.00%  c2d      libm.so.6             [.] log2
0.30% log2;asm_exc_page_fault;exc_page_fault;do_user_addr_fault;handle_mm_fault;__handle_mm_fault;do_fault;filemap_map_pages
     0.30%     0.30%  c2d      c2d                   [.] fill_separators
0.30% 0x7f636cd6724a;main;cnf2ddnnf_cmd_line;construct_dtree_manager;initialize_dtree_separators;fill_separators;fill_separators;fill_separators;fill_separators;fill_separators;fill_separators;fill_separators;fill_separators;fill_separators;fill_separators;fill_separators;fill_separators;fill_separators;fill_separators;fill_separators;fill_separators;fill_separators;fill_separators;fill_separators
     0.30%     0.00%  c2d      c2d                   [.] construct_dtree_manager
0.30% construct_dtree_manager;initialize_dtree_separators;fill_separators;fill_separators;fill_separators;fill_separators;fill_separators;fill_separators;fill_separators;fill_separators;fill_separators;fill_separators;fill_separators;fill_separators;fill_separators;fill_separators;fill_separators;fill_separators;fill_separators;fill_separators;fill_separators
     0.30%     0.00%  c2d      c2d                   [.] initialize_dtree_separators
0.30% initialize_dtree_separators;fill_separators;fill_separators;fill_separators;fill_separators;fill_separators;fill_separators;fill_separators;fill_separators;fill_separators;fill_separators;fill_separators;fill_separators;fill_separators;fill_separators;fill_separators;fill_separators;fill_separators;fill_separators;fill_separators
     0.30%     0.30%  c2d      c2d                   [.] initialize_watched_literals
0.30% 0x7f636cd6724a;main;cnf2ddnnf_cmd_line;construct_cnf_manager;initialize_cnf_manager;initialize_watched_literals
     0.30%     0.00%  c2d      c2d                   [.] construct_cnf_manager
0.30% construct_cnf_manager;initialize_cnf_manager;initialize_watched_literals
     0.30%     0.00%  c2d      c2d                   [.] initialize_cnf_manager
0.30% initialize_cnf_manager;initialize_watched_literals
     0.30%     0.30%  c2d      [kernel.kallsyms]     [k] page_counter_try_charge
0.30% 0x1;0x7f636cdd80d9;asm_exc_page_fault;exc_page_fault;do_user_addr_fault;handle_mm_fault;__handle_mm_fault;__mem_cgroup_charge;charge_memcg;try_charge_memcg;page_counter_try_charge
     0.30%     0.00%  c2d      [unknown]             [k] 0x0000000000000001
0.30% 0x1;0x7f636cdd80d9;asm_exc_page_fault;exc_page_fault;do_user_addr_fault;handle_mm_fault;__handle_mm_fault;__mem_cgroup_charge;charge_memcg;try_charge_memcg;page_counter_try_charge
     0.30%     0.00%  c2d      libc.so.6             [.] 0x00007f636cdd80d9
0.30% 0x7f636cdd80d9;asm_exc_page_fault;exc_page_fault;do_user_addr_fault;handle_mm_fault;__handle_mm_fault;__mem_cgroup_charge;charge_memcg;try_charge_memcg;page_counter_try_charge
     0.30%     0.00%  c2d      [kernel.kallsyms]     [k] __mem_cgroup_charge
0.30% __mem_cgroup_charge;charge_memcg;try_charge_memcg;page_counter_try_charge
     0.30%     0.00%  c2d      [kernel.kallsyms]     [k] charge_memcg
0.30% charge_memcg;try_charge_memcg;page_counter_try_charge
     0.30%     0.00%  c2d      [kernel.kallsyms]     [k] try_charge_memcg
0.30% try_charge_memcg;page_counter_try_charge
     0.29%     0.29%  c2d      libc.so.6             [.] 0x000000000005fdb6
0.29% 0x7f636cd6724a;main;cnf2ddnnf_cmd_line;load_hdtree_from_file;__isoc99_fscanf;0x7f636cd9fdbc
     0.29%     0.00%  c2d      c2d                   [.] load_hdtree_from_file
0.29% load_hdtree_from_file;__isoc99_fscanf;0x7f636cd9fdbc
     0.29%     0.00%  c2d      libc.so.6             [.] __isoc99_fscanf
0.29% __isoc99_fscanf;0x7f636cd9fdbc
     0.29%     0.00%  c2d      libc.so.6             [.] 0x00007f636cd9fdbc
0.29% 0x7f636cd9fdbc
     0.29%     0.29%  c2d      c2d                   [.] get_cnf_from_file
0.29% 0x7f636cd6724a;main;get_cnf_from_file
     0.29%     0.29%  c2d      [kernel.kallsyms]     [k] next_uptodate_page
0.29% 0x7f636cd9e04d;0x7f636cd8e230;asm_exc_page_fault;exc_page_fault;do_user_addr_fault;handle_mm_fault;__handle_mm_fault;do_fault;filemap_map_pages;next_uptodate_page
     0.29%     0.00%  c2d      libc.so.6             [.] 0x00007f636cd9e04d
0.29% 0x7f636cd9e04d;0x7f636cd8e230;asm_exc_page_fault;exc_page_fault;do_user_addr_fault;handle_mm_fault;__handle_mm_fault;do_fault;filemap_map_pages;next_uptodate_page
     0.29%     0.00%  c2d      libc.so.6             [.] 0x00007f636cd8e230
0.29% 0x7f636cd8e230;asm_exc_page_fault;exc_page_fault;do_user_addr_fault;handle_mm_fault;__handle_mm_fault;do_fault;filemap_map_pages;next_uptodate_page
     0.28%     0.28%  c2d      libstdc++.so.6.0.30   [.] std::locale::_Impl::_Impl
0.28% 0;std::locale::_Impl::_Impl
     0.28%     0.28%  c2d      ld-linux-x86-64.so.2  [.] 0x0000000000008e22
0.28% 0x7f636d29fe29
     0.28%     0.00%  c2d      ld-linux-x86-64.so.2  [.] 0x00007f636d29fe29
0.28% 0x7f636d29fe29
     0.28%     0.28%  c2d      ld-linux-x86-64.so.2  [.] 0x0000000000008b72
0.28% 0x7f636d29fb77
     0.28%     0.00%  c2d      ld-linux-x86-64.so.2  [.] 0x00007f636d29fb77
0.28% 0x7f636d29fb77
     0.27%     0.00%  c2d      libc.so.6             [.] 0x00007f636cdf0a20
0.27% 0x7f636cdf0a20;asm_exc_page_fault;exc_page_fault;do_user_addr_fault;handle_mm_fault;__handle_mm_fault;do_fault;filemap_map_pages
     0.27%     0.27%  c2d      ld-linux-x86-64.so.2  [.] 0x0000000000009991
0.27% 0x150c60;0x7f636d07a758;0x7f636d2a0999
     0.27%     0.00%  c2d      [unknown]             [.] 0x0000000000150c60
0.27% 0x150c60;0x7f636d07a758;0x7f636d2a0999
     0.27%     0.00%  c2d      [unknown]             [.] 0x00007f636d07a758
0.27% 0x7f636d07a758;0x7f636d2a0999
     0.27%     0.00%  c2d      ld-linux-x86-64.so.2  [.] 0x00007f636d2a0999
0.27% 0x7f636d2a0999
     0.27%     0.27%  c2d      [kernel.kallsyms]     [k] mas_wr_store_entry.isra.0
0.27% 0x7f636d2ca8a8;0x7f636d29f075;0x7f636d2b7ae3;entry_SYSCALL_64_after_hwframe;do_syscall_64;ksys_mmap_pgoff;vm_mmap_pgoff;do_mmap;mmap_region;do_mas_munmap;do_mas_align_munmap;mas_store_gfp;mas_wr_store_entry.isra.0
     0.27%     0.00%  c2d      [kernel.kallsyms]     [k] mas_store_gfp
0.27% mas_store_gfp;mas_wr_store_entry.isra.0
     0.26%     0.26%  c2d      ld-linux-x86-64.so.2  [.] 0x0000000000008d10
0.26% 0x7f636d2ca8a8;0x7f636d295170;0x6;0;0x7f636d29fd12
     0.26%     0.00%  c2d      [unknown]             [.] 0x00007f636d295170
0.26% 0x7f636d295170;0x6;0;0x7f636d29fd12
     0.26%     0.00%  c2d      [unknown]             [.] 0x0000000000000006
0.26% 0x6;0;0x7f636d29fd12
     0.26%     0.00%  c2d      ld-linux-x86-64.so.2  [.] 0x00007f636d29fd12
0.26% 0x7f636d29fd12
     0.26%     0.26%  c2d      ld-linux-x86-64.so.2  [.] 0x000000000000e354
0.26% 0x7f636d2b1a58;0x7f636d2b122f;0x7f636d2b4c99;0x7f636d2a535a
     0.26%     0.00%  c2d      ld-linux-x86-64.so.2  [.] 0x00007f636d2a535a
0.26% 0x7f636d2a535a
     0.26%     0.26%  c2d      [kernel.kallsyms]     [k] __list_add_valid
0.26% 0x7f636d2ca8a8;0x7f636d29f075;0x7f636d2b7ae3;entry_SYSCALL_64_after_hwframe;do_syscall_64;ksys_mmap_pgoff;vm_mmap_pgoff;do_mmap;mmap_region;do_mas_munmap;do_mas_align_munmap;unmap_region;lru_add_drain;lru_add_drain_cpu;folio_batch_move_lru;lru_add_fn;__list_add_valid
     0.26%     0.00%  c2d      [kernel.kallsyms]     [k] lru_add_drain
0.26% lru_add_drain;lru_add_drain_cpu;folio_batch_move_lru;lru_add_fn;__list_add_valid
     0.26%     0.00%  c2d      [kernel.kallsyms]     [k] lru_add_drain_cpu
0.26% lru_add_drain_cpu;folio_batch_move_lru;lru_add_fn;__list_add_valid
     0.26%     0.00%  c2d      [kernel.kallsyms]     [k] folio_batch_move_lru
0.26% folio_batch_move_lru;lru_add_fn;__list_add_valid
     0.26%     0.00%  c2d      [kernel.kallsyms]     [k] lru_add_fn
0.26% lru_add_fn;__list_add_valid
     0.25%     0.25%  c2d      [kernel.kallsyms]     [k] entry_SYSRETQ_unsafe_stack
0.25% 0;0x7f636d2b776a;entry_SYSRETQ_unsafe_stack
     0.25%     0.00%  c2d      ld-linux-x86-64.so.2  [.] 0x00007f636d2b776a
0.25% 0x7f636d2b776a;entry_SYSRETQ_unsafe_stack
     0.25%     0.00%  c2d      [unknown]             [k] 0x00007f0d888f3a97
0.17% 0x7f0d888f3a97;entry_SYSCALL_64_after_hwframe;do_syscall_64;__x64_sys_execve;do_execveat_common.isra.0;bprm_execve;load_elf_binary;elf_map;vm_mmap_pgoff;do_mmap;mmap_region;perf_event_mmap;d_path
0.07% 0x7f0d888f3a97;entry_SYSCALL_64_after_hwframe;do_syscall_64;__x64_sys_execve;do_execveat_common.isra.0;bprm_execve;load_elf_binary;setup_new_exec;up_write
     0.25%     0.00%  c2d      [kernel.kallsyms]     [k] __x64_sys_execve
0.17% __x64_sys_execve;do_execveat_common.isra.0;bprm_execve;load_elf_binary;elf_map;vm_mmap_pgoff;do_mmap;mmap_region;perf_event_mmap;d_path
0.07% __x64_sys_execve;do_execveat_common.isra.0;bprm_execve;load_elf_binary;setup_new_exec;up_write
     0.25%     0.00%  c2d      [kernel.kallsyms]     [k] do_execveat_common.isra.0
0.17% do_execveat_common.isra.0;bprm_execve;load_elf_binary;elf_map;vm_mmap_pgoff;do_mmap;mmap_region;perf_event_mmap;d_path
0.07% do_execveat_common.isra.0;bprm_execve;load_elf_binary;setup_new_exec;up_write
     0.25%     0.00%  c2d      [kernel.kallsyms]     [k] bprm_execve
0.17% bprm_execve;load_elf_binary;elf_map;vm_mmap_pgoff;do_mmap;mmap_region;perf_event_mmap;d_path
0.07% bprm_execve;load_elf_binary;setup_new_exec;up_write
     0.25%     0.00%  c2d      [kernel.kallsyms]     [k] load_elf_binary
0.17% load_elf_binary;elf_map;vm_mmap_pgoff;do_mmap;mmap_region;perf_event_mmap;d_path
0.07% load_elf_binary;setup_new_exec;up_write
     0.23%     0.23%  c2d      [kernel.kallsyms]     [k] _raw_spin_unlock
0.23% 0x7f636d2b1a50;entry_SYSCALL_64_after_hwframe;do_syscall_64;syscall_exit_to_user_mode;exit_to_user_mode_prepare;task_work_run;__fput;__dentry_kill;dentry_unlink_inode;_raw_spin_unlock
     0.23%     0.00%  c2d      ld-linux-x86-64.so.2  [.] 0x00007f636d2b1a50
0.23% 0x7f636d2b1a50;entry_SYSCALL_64_after_hwframe;do_syscall_64;syscall_exit_to_user_mode;exit_to_user_mode_prepare;task_work_run;__fput;__dentry_kill;dentry_unlink_inode;_raw_spin_unlock
     0.23%     0.00%  c2d      [kernel.kallsyms]     [k] syscall_exit_to_user_mode
0.23% syscall_exit_to_user_mode;exit_to_user_mode_prepare;task_work_run;__fput;__dentry_kill;dentry_unlink_inode;_raw_spin_unlock
     0.23%     0.00%  c2d      [kernel.kallsyms]     [k] exit_to_user_mode_prepare
0.23% exit_to_user_mode_prepare;task_work_run;__fput;__dentry_kill;dentry_unlink_inode;_raw_spin_unlock
     0.23%     0.00%  c2d      [kernel.kallsyms]     [k] task_work_run
0.23% task_work_run;__fput;__dentry_kill;dentry_unlink_inode;_raw_spin_unlock
     0.23%     0.00%  c2d      [kernel.kallsyms]     [k] __fput
0.23% __fput;__dentry_kill;dentry_unlink_inode;_raw_spin_unlock
     0.23%     0.00%  c2d      [kernel.kallsyms]     [k] __dentry_kill
0.23% __dentry_kill;dentry_unlink_inode;_raw_spin_unlock
     0.23%     0.00%  c2d      [kernel.kallsyms]     [k] dentry_unlink_inode
0.23% dentry_unlink_inode;_raw_spin_unlock
     0.17%     0.17%  c2d      [kernel.kallsyms]     [k] d_path
0.17% 0x7f0d888f3a97;entry_SYSCALL_64_after_hwframe;do_syscall_64;__x64_sys_execve;do_execveat_common.isra.0;bprm_execve;load_elf_binary;elf_map;vm_mmap_pgoff;do_mmap;mmap_region;perf_event_mmap;d_path
     0.17%     0.00%  c2d      [kernel.kallsyms]     [k] elf_map
0.17% elf_map;vm_mmap_pgoff;do_mmap;mmap_region;perf_event_mmap;d_path
     0.17%     0.00%  c2d      [kernel.kallsyms]     [k] perf_event_mmap
0.17% perf_event_mmap;d_path
     0.07%     0.07%  c2d      [kernel.kallsyms]     [k] up_write
0.07% 0x7f0d888f3a97;entry_SYSCALL_64_after_hwframe;do_syscall_64;__x64_sys_execve;do_execveat_common.isra.0;bprm_execve;load_elf_binary;setup_new_exec;up_write
     0.07%     0.00%  c2d      [kernel.kallsyms]     [k] setup_new_exec
0.07% setup_new_exec;up_write
     0.02%     0.00%  perf-ex  [unknown]             [k] 0x00007f0d888f3a97
0.02% 0x7f0d888f3a97;entry_SYSCALL_64_after_hwframe;do_syscall_64;__x64_sys_execve;do_execveat_common.isra.0;bprm_execve;load_elf_binary;begin_new_exec;perf_event_exec;perf_lock_task_context
     0.02%     0.00%  perf-ex  [kernel.kallsyms]     [k] entry_SYSCALL_64_after_hwframe
0.02% entry_SYSCALL_64_after_hwframe;do_syscall_64;__x64_sys_execve;do_execveat_common.isra.0;bprm_execve;load_elf_binary;begin_new_exec;perf_event_exec;perf_lock_task_context
     0.02%     0.00%  perf-ex  [kernel.kallsyms]     [k] do_syscall_64
0.02% do_syscall_64;__x64_sys_execve;do_execveat_common.isra.0;bprm_execve;load_elf_binary;begin_new_exec;perf_event_exec;perf_lock_task_context
     0.02%     0.00%  perf-ex  [kernel.kallsyms]     [k] __x64_sys_execve
0.02% __x64_sys_execve;do_execveat_common.isra.0;bprm_execve;load_elf_binary;begin_new_exec;perf_event_exec;perf_lock_task_context
     0.02%     0.00%  perf-ex  [kernel.kallsyms]     [k] do_execveat_common.isra.0
0.02% do_execveat_common.isra.0;bprm_execve;load_elf_binary;begin_new_exec;perf_event_exec;perf_lock_task_context
     0.02%     0.00%  perf-ex  [kernel.kallsyms]     [k] bprm_execve
0.02% bprm_execve;load_elf_binary;begin_new_exec;perf_event_exec;perf_lock_task_context
     0.02%     0.00%  perf-ex  [kernel.kallsyms]     [k] load_elf_binary
0.02% load_elf_binary;begin_new_exec;perf_event_exec;perf_lock_task_context
     0.02%     0.00%  perf-ex  [kernel.kallsyms]     [k] begin_new_exec
0.02% begin_new_exec;perf_event_exec;perf_lock_task_context
     0.02%     0.00%  perf-ex  [kernel.kallsyms]     [k] perf_event_exec
0.02% perf_event_exec;perf_lock_task_context
     0.02%     0.02%  perf-ex  [kernel.kallsyms]     [k] perf_lock_task_context
0.02% 0x7f0d888f3a97;entry_SYSCALL_64_after_hwframe;do_syscall_64;__x64_sys_execve;do_execveat_common.isra.0;bprm_execve;load_elf_binary;begin_new_exec;perf_event_exec;perf_lock_task_context
     0.00%     0.00%  perf-ex  [kernel.kallsyms]     [k] native_write_msr
     0.00%     0.00%  perf-ex  [kernel.kallsyms]     [k] __intel_pmu_enable_all.constprop.0
     0.00%     0.00%  perf-ex  [kernel.kallsyms]     [k] fill_pte
     0.00%     0.00%  perf-ex  [kernel.kallsyms]     [k] nmi_cpu_backtrace_handler


#
# (Tip: Boolean options have negative forms, e.g.: perf report --no-children)
#
