# To display the perf.data header info, please use --header/--header-only options.
#
#
# Total Lost Samples: 0
#
# Samples: 332  of event 'cycles'
# Event count (approx.): 231038434
#
# Children      Self  Command  Shared Object         Symbol                                                          
# ........  ........  .......  ....................  ................................................................
#
    94.56%     0.00%  c2d      libc.so.6             [.] 0x00007f18e2d4724a
93.04% 0x7f18e2d4724a;main;cnf2ddnnf_cmd_line;free_cache_manager
0.31% 0x7f18e2d4724a;main;cnf2ddnnf_cmd_line;free_cache_manager;asm_exc_page_fault;exc_page_fault;do_user_addr_fault;handle_mm_fault
0.31% 0x7f18e2d4724a;main;cnf2ddnnf_cmd_line;free_cache_manager;asm_exc_page_fault;exc_page_fault;do_user_addr_fault;handle_mm_fault;__handle_mm_fault;do_huge_pmd_anonymous_page;pte_alloc_one;__alloc_pages;__memcg_kmem_charge_page;memcg_account_kmem;mod_memcg_state;__mod_memcg_state
0.30% 0x7f18e2d4724a;main;cnf2ddnnf_cmd_line;compile_cnf;compile_dt;compile_dt;compile_decomposed;lookup_or_compile_dt;compile_dt;compile_dt;compile_decomposed;lookup_or_compile_dt;compile_decomposed;lookup_or_compile_dt;compile_decomposed;lookup_or_compile_dt;compile_dt;compile_dt;compile_decomposed;lookup_or_compile_dt;compile_decomposed;lookup_or_compile_dt;compile_decomposed;lookup_or_compile_dt;compile_dt;compile_dt;compile_decomposed;lookup_or_compile_dt;compile_decomposed;lookup_or_compile_dt;compile_decomposed;lookup_or_compile_dt;insert_cnf_cache;add_cache_entry;asm_exc_page_fault;exc_page_fault;do_user_addr_fault;handle_mm_fault;__handle_mm_fault;do_huge_pmd_wp_page;__split_huge_pmd;pmdp_huge_clear_flush;flush_tlb_mm_range;flush_tlb_func;native_flush_tlb_local
0.30% 0x7f18e2d4724a;main;cnf2ddnnf_cmd_line;compile_cnf;compile_dt;compile_dt;compile_decomposed;lookup_or_compile_dt;compile_dt;compile_dt;compile_decomposed;lookup_or_compile_dt;compile_decomposed;lookup_or_compile_dt;compile_decomposed;lookup_or_compile_dt;compile_dt;compile_dt;compile_decomposed;lookup_or_compile_dt;compile_decomposed;lookup_or_compile_dt;compile_decomposed;lookup_or_compile_dt;compile_dt;compile_dt;compile_decomposed;lookup_or_compile_dt;compile_decomposed;lookup_or_compile_dt;compile_decomposed;lookup_or_compile_dt;compile_dt;compile_dt;compile_decomposed;lookup_or_compile_dt;compile_decomposed;lookup_or_compile_dt;compile_decomposed;lookup_or_compile_dt;compile_dt;compile_dt;compile_decomposed;lookup_or_compile_dt;compile_decomposed;lookup_or_compile_dt;compile_decomposed;lookup_or_compile_dt;compile_dt;compile_dt;compile_decomposed;lookup_or_compile_dt;compile_decomposed;lookup_or_compile_dt;compile_decomposed;lookup_or_compile_dt;compile_dt;compile_dt;compile_decomposed;lookup_or_compile_dt;compile_decomposed;lookup_or_compile_dt;compile_decomposed;lookup_or_compile_dt;compile_decomposed;lookup_or_compile_dt;0x7f18e324e07f
0.30% 0x7f18e2d4724a;main;cnf2ddnnf_cmd_line;construct_nnf_manager;new_literal_node;allocate_nnf_node
    94.56%     0.00%  c2d      c2d                   [.] main
93.04% main;cnf2ddnnf_cmd_line;free_cache_manager
0.31% main;cnf2ddnnf_cmd_line;free_cache_manager;asm_exc_page_fault;exc_page_fault;do_user_addr_fault;handle_mm_fault
0.31% main;cnf2ddnnf_cmd_line;free_cache_manager;asm_exc_page_fault;exc_page_fault;do_user_addr_fault;handle_mm_fault;__handle_mm_fault;do_huge_pmd_anonymous_page;pte_alloc_one;__alloc_pages;__memcg_kmem_charge_page;memcg_account_kmem;mod_memcg_state;__mod_memcg_state
0.30% main;cnf2ddnnf_cmd_line;compile_cnf;compile_dt;compile_dt;compile_decomposed;lookup_or_compile_dt;compile_dt;compile_dt;compile_decomposed;lookup_or_compile_dt;compile_decomposed;lookup_or_compile_dt;compile_decomposed;lookup_or_compile_dt;compile_dt;compile_dt;compile_decomposed;lookup_or_compile_dt;compile_decomposed;lookup_or_compile_dt;compile_decomposed;lookup_or_compile_dt;compile_dt;compile_dt;compile_decomposed;lookup_or_compile_dt;compile_decomposed;lookup_or_compile_dt;compile_decomposed;lookup_or_compile_dt;insert_cnf_cache;add_cache_entry;asm_exc_page_fault;exc_page_fault;do_user_addr_fault;handle_mm_fault;__handle_mm_fault;do_huge_pmd_wp_page;__split_huge_pmd;pmdp_huge_clear_flush;flush_tlb_mm_range;flush_tlb_func;native_flush_tlb_local
0.30% main;cnf2ddnnf_cmd_line;compile_cnf;compile_dt;compile_dt;compile_decomposed;lookup_or_compile_dt;compile_dt;compile_dt;compile_decomposed;lookup_or_compile_dt;compile_decomposed;lookup_or_compile_dt;compile_decomposed;lookup_or_compile_dt;compile_dt;compile_dt;compile_decomposed;lookup_or_compile_dt;compile_decomposed;lookup_or_compile_dt;compile_decomposed;lookup_or_compile_dt;compile_dt;compile_dt;compile_decomposed;lookup_or_compile_dt;compile_decomposed;lookup_or_compile_dt;compile_decomposed;lookup_or_compile_dt;compile_dt;compile_dt;compile_decomposed;lookup_or_compile_dt;compile_decomposed;lookup_or_compile_dt;compile_decomposed;lookup_or_compile_dt;compile_dt;compile_dt;compile_decomposed;lookup_or_compile_dt;compile_decomposed;lookup_or_compile_dt;compile_decomposed;lookup_or_compile_dt;compile_dt;compile_dt;compile_decomposed;lookup_or_compile_dt;compile_decomposed;lookup_or_compile_dt;compile_decomposed;lookup_or_compile_dt;compile_dt;compile_dt;compile_decomposed;lookup_or_compile_dt;compile_decomposed;lookup_or_compile_dt;compile_decomposed;lookup_or_compile_dt;compile_decomposed;lookup_or_compile_dt;0x7f18e324e07f
0.30% main;cnf2ddnnf_cmd_line;construct_nnf_manager;new_literal_node;allocate_nnf_node
    94.56%     0.00%  c2d      c2d                   [.] cnf2ddnnf_cmd_line
93.04% cnf2ddnnf_cmd_line;free_cache_manager
0.31% cnf2ddnnf_cmd_line;free_cache_manager;asm_exc_page_fault;exc_page_fault;do_user_addr_fault;handle_mm_fault
0.31% cnf2ddnnf_cmd_line;free_cache_manager;asm_exc_page_fault;exc_page_fault;do_user_addr_fault;handle_mm_fault;__handle_mm_fault;do_huge_pmd_anonymous_page;pte_alloc_one;__alloc_pages;__memcg_kmem_charge_page;memcg_account_kmem;mod_memcg_state;__mod_memcg_state
0.30% cnf2ddnnf_cmd_line;compile_cnf;compile_dt;compile_dt;compile_decomposed;lookup_or_compile_dt;compile_dt;compile_dt;compile_decomposed;lookup_or_compile_dt;compile_decomposed;lookup_or_compile_dt;compile_decomposed;lookup_or_compile_dt;compile_dt;compile_dt;compile_decomposed;lookup_or_compile_dt;compile_decomposed;lookup_or_compile_dt;compile_decomposed;lookup_or_compile_dt;compile_dt;compile_dt;compile_decomposed;lookup_or_compile_dt;compile_decomposed;lookup_or_compile_dt;compile_decomposed;lookup_or_compile_dt;insert_cnf_cache;add_cache_entry;asm_exc_page_fault;exc_page_fault;do_user_addr_fault;handle_mm_fault;__handle_mm_fault;do_huge_pmd_wp_page;__split_huge_pmd;pmdp_huge_clear_flush;flush_tlb_mm_range;flush_tlb_func;native_flush_tlb_local
0.30% cnf2ddnnf_cmd_line;compile_cnf;compile_dt;compile_dt;compile_decomposed;lookup_or_compile_dt;compile_dt;compile_dt;compile_decomposed;lookup_or_compile_dt;compile_decomposed;lookup_or_compile_dt;compile_decomposed;lookup_or_compile_dt;compile_dt;compile_dt;compile_decomposed;lookup_or_compile_dt;compile_decomposed;lookup_or_compile_dt;compile_decomposed;lookup_or_compile_dt;compile_dt;compile_dt;compile_decomposed;lookup_or_compile_dt;compile_decomposed;lookup_or_compile_dt;compile_decomposed;lookup_or_compile_dt;compile_dt;compile_dt;compile_decomposed;lookup_or_compile_dt;compile_decomposed;lookup_or_compile_dt;compile_decomposed;lookup_or_compile_dt;compile_dt;compile_dt;compile_decomposed;lookup_or_compile_dt;compile_decomposed;lookup_or_compile_dt;compile_decomposed;lookup_or_compile_dt;compile_dt;compile_dt;compile_decomposed;lookup_or_compile_dt;compile_decomposed;lookup_or_compile_dt;compile_decomposed;lookup_or_compile_dt;compile_dt;compile_dt;compile_decomposed;lookup_or_compile_dt;compile_decomposed;lookup_or_compile_dt;compile_decomposed;lookup_or_compile_dt;compile_decomposed;lookup_or_compile_dt;0x7f18e324e07f
0.30% cnf2ddnnf_cmd_line;construct_nnf_manager;new_literal_node;allocate_nnf_node
    93.66%    92.73%  c2d      c2d                   [.] free_cache_manager
92.73% 0x7f18e2d4724a;main;cnf2ddnnf_cmd_line;free_cache_manager
0.31% free_cache_manager;asm_exc_page_fault;exc_page_fault;do_user_addr_fault;handle_mm_fault
0.31% free_cache_manager;asm_exc_page_fault;exc_page_fault;do_user_addr_fault;handle_mm_fault;__handle_mm_fault;do_huge_pmd_anonymous_page;pte_alloc_one;__alloc_pages;__memcg_kmem_charge_page;memcg_account_kmem;mod_memcg_state;__mod_memcg_state
0.31% free_cache_manager
     2.88%     0.00%  c2d      [kernel.kallsyms]     [k] asm_exc_page_fault
0.58% asm_exc_page_fault
0.51% asm_exc_page_fault;exc_page_fault;do_user_addr_fault;handle_mm_fault;__handle_mm_fault;do_fault;filemap_map_pages;next_uptodate_page
0.31% asm_exc_page_fault;exc_page_fault;do_user_addr_fault;handle_mm_fault
0.31% asm_exc_page_fault;exc_page_fault;do_user_addr_fault;handle_mm_fault;__handle_mm_fault;do_huge_pmd_anonymous_page;pte_alloc_one;__alloc_pages;__memcg_kmem_charge_page;memcg_account_kmem;mod_memcg_state;__mod_memcg_state
0.30% asm_exc_page_fault;exc_page_fault;do_user_addr_fault;handle_mm_fault;__handle_mm_fault;do_huge_pmd_wp_page;__split_huge_pmd;pmdp_huge_clear_flush;flush_tlb_mm_range;flush_tlb_func;native_flush_tlb_local
0.29% asm_exc_page_fault;exc_page_fault;do_user_addr_fault;handle_mm_fault;__handle_mm_fault;vma_alloc_folio;__folio_alloc;__alloc_pages;get_page_from_freelist;rmqueue_bulk
0.29% asm_exc_page_fault;exc_page_fault;do_user_addr_fault;handle_mm_fault;__handle_mm_fault;folio_add_lru;folio_batch_move_lru;lru_add_fn;__list_add_valid
0.28% asm_exc_page_fault;exc_page_fault;do_user_addr_fault;handle_mm_fault;__handle_mm_fault;do_fault;__cgroup_throttle_swaprate;blk_cgroup_congested
     2.29%     0.00%  c2d      [kernel.kallsyms]     [k] exc_page_fault
0.51% exc_page_fault;do_user_addr_fault;handle_mm_fault;__handle_mm_fault;do_fault;filemap_map_pages;next_uptodate_page
0.31% exc_page_fault;do_user_addr_fault;handle_mm_fault
0.31% exc_page_fault;do_user_addr_fault;handle_mm_fault;__handle_mm_fault;do_huge_pmd_anonymous_page;pte_alloc_one;__alloc_pages;__memcg_kmem_charge_page;memcg_account_kmem;mod_memcg_state;__mod_memcg_state
0.30% exc_page_fault;do_user_addr_fault;handle_mm_fault;__handle_mm_fault;do_huge_pmd_wp_page;__split_huge_pmd;pmdp_huge_clear_flush;flush_tlb_mm_range;flush_tlb_func;native_flush_tlb_local
0.29% exc_page_fault;do_user_addr_fault;handle_mm_fault;__handle_mm_fault;vma_alloc_folio;__folio_alloc;__alloc_pages;get_page_from_freelist;rmqueue_bulk
0.29% exc_page_fault;do_user_addr_fault;handle_mm_fault;__handle_mm_fault;folio_add_lru;folio_batch_move_lru;lru_add_fn;__list_add_valid
0.28% exc_page_fault;do_user_addr_fault;handle_mm_fault;__handle_mm_fault;do_fault;__cgroup_throttle_swaprate;blk_cgroup_congested
     2.29%     0.00%  c2d      [kernel.kallsyms]     [k] do_user_addr_fault
0.51% do_user_addr_fault;handle_mm_fault;__handle_mm_fault;do_fault;filemap_map_pages;next_uptodate_page
0.31% do_user_addr_fault;handle_mm_fault
0.31% do_user_addr_fault;handle_mm_fault;__handle_mm_fault;do_huge_pmd_anonymous_page;pte_alloc_one;__alloc_pages;__memcg_kmem_charge_page;memcg_account_kmem;mod_memcg_state;__mod_memcg_state
0.30% do_user_addr_fault;handle_mm_fault;__handle_mm_fault;do_huge_pmd_wp_page;__split_huge_pmd;pmdp_huge_clear_flush;flush_tlb_mm_range;flush_tlb_func;native_flush_tlb_local
0.29% do_user_addr_fault;handle_mm_fault;__handle_mm_fault;vma_alloc_folio;__folio_alloc;__alloc_pages;get_page_from_freelist;rmqueue_bulk
0.29% do_user_addr_fault;handle_mm_fault;__handle_mm_fault;folio_add_lru;folio_batch_move_lru;lru_add_fn;__list_add_valid
0.28% do_user_addr_fault;handle_mm_fault;__handle_mm_fault;do_fault;__cgroup_throttle_swaprate;blk_cgroup_congested
     2.29%     0.31%  c2d      [kernel.kallsyms]     [k] handle_mm_fault
0.51% handle_mm_fault;__handle_mm_fault;do_fault;filemap_map_pages;next_uptodate_page
0.31% 0x7f18e2d4724a;main;cnf2ddnnf_cmd_line;free_cache_manager;asm_exc_page_fault;exc_page_fault;do_user_addr_fault;handle_mm_fault
0.31% handle_mm_fault;__handle_mm_fault;do_huge_pmd_anonymous_page;pte_alloc_one;__alloc_pages;__memcg_kmem_charge_page;memcg_account_kmem;mod_memcg_state;__mod_memcg_state
0.30% handle_mm_fault;__handle_mm_fault;do_huge_pmd_wp_page;__split_huge_pmd;pmdp_huge_clear_flush;flush_tlb_mm_range;flush_tlb_func;native_flush_tlb_local
0.29% handle_mm_fault;__handle_mm_fault;vma_alloc_folio;__folio_alloc;__alloc_pages;get_page_from_freelist;rmqueue_bulk
0.29% handle_mm_fault;__handle_mm_fault;folio_add_lru;folio_batch_move_lru;lru_add_fn;__list_add_valid
0.28% handle_mm_fault;__handle_mm_fault;do_fault;__cgroup_throttle_swaprate;blk_cgroup_congested
     1.98%     0.00%  c2d      [kernel.kallsyms]     [k] __handle_mm_fault
0.51% __handle_mm_fault;do_fault;filemap_map_pages;next_uptodate_page
0.31% __handle_mm_fault;do_huge_pmd_anonymous_page;pte_alloc_one;__alloc_pages;__memcg_kmem_charge_page;memcg_account_kmem;mod_memcg_state;__mod_memcg_state
0.30% __handle_mm_fault;do_huge_pmd_wp_page;__split_huge_pmd;pmdp_huge_clear_flush;flush_tlb_mm_range;flush_tlb_func;native_flush_tlb_local
0.29% __handle_mm_fault;vma_alloc_folio;__folio_alloc;__alloc_pages;get_page_from_freelist;rmqueue_bulk
0.29% __handle_mm_fault;folio_add_lru;folio_batch_move_lru;lru_add_fn;__list_add_valid
0.28% __handle_mm_fault;do_fault;__cgroup_throttle_swaprate;blk_cgroup_congested
     1.10%     0.00%  c2d      [unknown]             [.] 0x00007f18e326f8a8
0.29% 0x7f18e326f8a8;0x7f18e323a170;0x6;0;0x7f18e3245a17
0.28% 0x7f18e326f8a8;0x7f18e3244075;0x7f18e325d772;asm_exc_page_fault;exc_page_fault;do_user_addr_fault;handle_mm_fault;__handle_mm_fault;do_fault;__cgroup_throttle_swaprate;blk_cgroup_congested
0.27% 0x7f18e326f8a8;0x7f18e3244075;0x7f18e3243262;asm_exc_page_fault;exc_page_fault;do_user_addr_fault;handle_mm_fault;__handle_mm_fault;do_fault;filemap_map_pages;next_uptodate_page
0.26% 0x7f18e326f8a8;0x7f18e32441da;0x7f18e3241042
     0.88%     0.00%  c2d      [kernel.kallsyms]     [k] entry_SYSCALL_64_after_hwframe
0.31% entry_SYSCALL_64_after_hwframe;do_syscall_64;__x64_sys_munmap;__vm_munmap;do_mas_munmap;do_mas_align_munmap;unmap_region;tlb_finish_mmu;tlb_batch_pages_flush;release_pages;free_unref_page_list
0.31% entry_SYSCALL_64_after_hwframe;do_syscall_64;__x64_sys_exit_group;do_group_exit;do_exit;__mmput;exit_mmap;unmap_vmas;unmap_page_range;page_remove_rmap;__mod_lruvec_page_state;__mod_lruvec_state;__mod_node_page_state
0.18% entry_SYSCALL_64_after_hwframe;do_syscall_64;__x64_sys_execve;do_execveat_common.isra.0;bprm_execve;load_elf_binary;elf_map;vm_mmap_pgoff;do_mmap;mmap_region
0.08% entry_SYSCALL_64_after_hwframe;do_syscall_64;__x64_sys_execve;do_execveat_common.isra.0;bprm_execve;load_elf_binary;setup_new_exec;arch_pick_mmap_layout;get_random_u64
     0.88%     0.00%  c2d      [kernel.kallsyms]     [k] do_syscall_64
0.31% do_syscall_64;__x64_sys_munmap;__vm_munmap;do_mas_munmap;do_mas_align_munmap;unmap_region;tlb_finish_mmu;tlb_batch_pages_flush;release_pages;free_unref_page_list
0.31% do_syscall_64;__x64_sys_exit_group;do_group_exit;do_exit;__mmput;exit_mmap;unmap_vmas;unmap_page_range;page_remove_rmap;__mod_lruvec_page_state;__mod_lruvec_state;__mod_node_page_state
0.18% do_syscall_64;__x64_sys_execve;do_execveat_common.isra.0;bprm_execve;load_elf_binary;elf_map;vm_mmap_pgoff;do_mmap;mmap_region
0.08% do_syscall_64;__x64_sys_execve;do_execveat_common.isra.0;bprm_execve;load_elf_binary;setup_new_exec;arch_pick_mmap_layout;get_random_u64
     0.87%     0.00%  c2d      [unknown]             [.] 0000000000000000
0.29% 0;0x7f18e3245a17
0.29% 0;0x7f18e2db80d9;asm_exc_page_fault;exc_page_fault;do_user_addr_fault;handle_mm_fault;__handle_mm_fault;folio_add_lru;folio_batch_move_lru;lru_add_fn;__list_add_valid
0.29% 0;read;asm_exc_page_fault
     0.86%     0.86%  c2d      ld-linux-x86-64.so.2  [.] 0x000000000000e354
0.86% 0x7f18e3256a58;0x7f18e325622f;0x7f18e3259c99;0x7f18e324a35a
     0.86%     0.00%  c2d      ld-linux-x86-64.so.2  [.] 0x00007f18e3256a58
0.86% 0x7f18e3256a58;0x7f18e325622f;0x7f18e3259c99;0x7f18e324a35a
     0.86%     0.00%  c2d      ld-linux-x86-64.so.2  [.] 0x00007f18e325622f
0.86% 0x7f18e325622f;0x7f18e3259c99;0x7f18e324a35a
     0.86%     0.00%  c2d      ld-linux-x86-64.so.2  [.] 0x00007f18e3259c99
0.86% 0x7f18e3259c99;0x7f18e324a35a
     0.86%     0.00%  c2d      ld-linux-x86-64.so.2  [.] 0x00007f18e324a35a
0.86% 0x7f18e324a35a
     0.79%     0.00%  c2d      [kernel.kallsyms]     [k] do_fault
0.51% do_fault;filemap_map_pages;next_uptodate_page
0.28% do_fault;__cgroup_throttle_swaprate;blk_cgroup_congested
     0.60%     0.00%  c2d      [kernel.kallsyms]     [k] __alloc_pages
0.31% __alloc_pages;__memcg_kmem_charge_page;memcg_account_kmem;mod_memcg_state;__mod_memcg_state
0.29% __alloc_pages;get_page_from_freelist;rmqueue_bulk
     0.60%     0.00%  c2d      c2d                   [.] compile_cnf
0.30% compile_cnf;compile_dt;compile_dt;compile_decomposed;lookup_or_compile_dt;compile_dt;compile_dt;compile_decomposed;lookup_or_compile_dt;compile_decomposed;lookup_or_compile_dt;compile_decomposed;lookup_or_compile_dt;compile_dt;compile_dt;compile_decomposed;lookup_or_compile_dt;compile_decomposed;lookup_or_compile_dt;compile_decomposed;lookup_or_compile_dt;compile_dt;compile_dt;compile_decomposed;lookup_or_compile_dt;compile_decomposed;lookup_or_compile_dt;compile_decomposed;lookup_or_compile_dt;insert_cnf_cache;add_cache_entry;asm_exc_page_fault;exc_page_fault;do_user_addr_fault;handle_mm_fault;__handle_mm_fault;do_huge_pmd_wp_page;__split_huge_pmd;pmdp_huge_clear_flush;flush_tlb_mm_range;flush_tlb_func;native_flush_tlb_local
0.30% compile_cnf;compile_dt;compile_dt;compile_decomposed;lookup_or_compile_dt;compile_dt;compile_dt;compile_decomposed;lookup_or_compile_dt;compile_decomposed;lookup_or_compile_dt;compile_decomposed;lookup_or_compile_dt;compile_dt;compile_dt;compile_decomposed;lookup_or_compile_dt;compile_decomposed;lookup_or_compile_dt;compile_decomposed;lookup_or_compile_dt;compile_dt;compile_dt;compile_decomposed;lookup_or_compile_dt;compile_decomposed;lookup_or_compile_dt;compile_decomposed;lookup_or_compile_dt;compile_dt;compile_dt;compile_decomposed;lookup_or_compile_dt;compile_decomposed;lookup_or_compile_dt;compile_decomposed;lookup_or_compile_dt;compile_dt;compile_dt;compile_decomposed;lookup_or_compile_dt;compile_decomposed;lookup_or_compile_dt;compile_decomposed;lookup_or_compile_dt;compile_dt;compile_dt;compile_decomposed;lookup_or_compile_dt;compile_decomposed;lookup_or_compile_dt;compile_decomposed;lookup_or_compile_dt;compile_dt;compile_dt;compile_decomposed;lookup_or_compile_dt;compile_decomposed;lookup_or_compile_dt;compile_decomposed;lookup_or_compile_dt;compile_decomposed;lookup_or_compile_dt;0x7f18e324e07f
     0.60%     0.00%  c2d      c2d                   [.] compile_dt
0.30% compile_dt;compile_dt;compile_decomposed;lookup_or_compile_dt;compile_dt;compile_dt;compile_decomposed;lookup_or_compile_dt;compile_decomposed;lookup_or_compile_dt;compile_decomposed;lookup_or_compile_dt;compile_dt;compile_dt;compile_decomposed;lookup_or_compile_dt;compile_decomposed;lookup_or_compile_dt;compile_decomposed;lookup_or_compile_dt;compile_dt;compile_dt;compile_decomposed;lookup_or_compile_dt;compile_decomposed;lookup_or_compile_dt;compile_decomposed;lookup_or_compile_dt;insert_cnf_cache;add_cache_entry;asm_exc_page_fault;exc_page_fault;do_user_addr_fault;handle_mm_fault;__handle_mm_fault;do_huge_pmd_wp_page;__split_huge_pmd;pmdp_huge_clear_flush;flush_tlb_mm_range;flush_tlb_func;native_flush_tlb_local
0.30% compile_dt;compile_dt;compile_decomposed;lookup_or_compile_dt;compile_dt;compile_dt;compile_decomposed;lookup_or_compile_dt;compile_decomposed;lookup_or_compile_dt;compile_decomposed;lookup_or_compile_dt;compile_dt;compile_dt;compile_decomposed;lookup_or_compile_dt;compile_decomposed;lookup_or_compile_dt;compile_decomposed;lookup_or_compile_dt;compile_dt;compile_dt;compile_decomposed;lookup_or_compile_dt;compile_decomposed;lookup_or_compile_dt;compile_decomposed;lookup_or_compile_dt;compile_dt;compile_dt;compile_decomposed;lookup_or_compile_dt;compile_decomposed;lookup_or_compile_dt;compile_decomposed;lookup_or_compile_dt;compile_dt;compile_dt;compile_decomposed;lookup_or_compile_dt;compile_decomposed;lookup_or_compile_dt;compile_decomposed;lookup_or_compile_dt;compile_dt;compile_dt;compile_decomposed;lookup_or_compile_dt;compile_decomposed;lookup_or_compile_dt;compile_decomposed;lookup_or_compile_dt;compile_dt;compile_dt;compile_decomposed;lookup_or_compile_dt;compile_decomposed;lookup_or_compile_dt;compile_decomposed;lookup_or_compile_dt;compile_decomposed;lookup_or_compile_dt;0x7f18e324e07f
     0.60%     0.00%  c2d      c2d                   [.] compile_decomposed
0.30% compile_decomposed;lookup_or_compile_dt;compile_dt;compile_dt;compile_decomposed;lookup_or_compile_dt;compile_decomposed;lookup_or_compile_dt;compile_decomposed;lookup_or_compile_dt;compile_dt;compile_dt;compile_decomposed;lookup_or_compile_dt;compile_decomposed;lookup_or_compile_dt;compile_decomposed;lookup_or_compile_dt;compile_dt;compile_dt;compile_decomposed;lookup_or_compile_dt;compile_decomposed;lookup_or_compile_dt;compile_decomposed;lookup_or_compile_dt;insert_cnf_cache;add_cache_entry;asm_exc_page_fault;exc_page_fault;do_user_addr_fault;handle_mm_fault;__handle_mm_fault;do_huge_pmd_wp_page;__split_huge_pmd;pmdp_huge_clear_flush;flush_tlb_mm_range;flush_tlb_func;native_flush_tlb_local
0.30% compile_decomposed;lookup_or_compile_dt;compile_dt;compile_dt;compile_decomposed;lookup_or_compile_dt;compile_decomposed;lookup_or_compile_dt;compile_decomposed;lookup_or_compile_dt;compile_dt;compile_dt;compile_decomposed;lookup_or_compile_dt;compile_decomposed;lookup_or_compile_dt;compile_decomposed;lookup_or_compile_dt;compile_dt;compile_dt;compile_decomposed;lookup_or_compile_dt;compile_decomposed;lookup_or_compile_dt;compile_decomposed;lookup_or_compile_dt;compile_dt;compile_dt;compile_decomposed;lookup_or_compile_dt;compile_decomposed;lookup_or_compile_dt;compile_decomposed;lookup_or_compile_dt;compile_dt;compile_dt;compile_decomposed;lookup_or_compile_dt;compile_decomposed;lookup_or_compile_dt;compile_decomposed;lookup_or_compile_dt;compile_dt;compile_dt;compile_decomposed;lookup_or_compile_dt;compile_decomposed;lookup_or_compile_dt;compile_decomposed;lookup_or_compile_dt;compile_dt;compile_dt;compile_decomposed;lookup_or_compile_dt;compile_decomposed;lookup_or_compile_dt;compile_decomposed;lookup_or_compile_dt;compile_decomposed;lookup_or_compile_dt;0x7f18e324e07f
     0.60%     0.00%  c2d      c2d                   [.] lookup_or_compile_dt
0.30% lookup_or_compile_dt;compile_dt;compile_dt;compile_decomposed;lookup_or_compile_dt;compile_decomposed;lookup_or_compile_dt;compile_decomposed;lookup_or_compile_dt;compile_dt;compile_dt;compile_decomposed;lookup_or_compile_dt;compile_decomposed;lookup_or_compile_dt;compile_decomposed;lookup_or_compile_dt;compile_dt;compile_dt;compile_decomposed;lookup_or_compile_dt;compile_decomposed;lookup_or_compile_dt;compile_decomposed;lookup_or_compile_dt;insert_cnf_cache;add_cache_entry;asm_exc_page_fault;exc_page_fault;do_user_addr_fault;handle_mm_fault;__handle_mm_fault;do_huge_pmd_wp_page;__split_huge_pmd;pmdp_huge_clear_flush;flush_tlb_mm_range;flush_tlb_func;native_flush_tlb_local
0.30% lookup_or_compile_dt;compile_dt;compile_dt;compile_decomposed;lookup_or_compile_dt;compile_decomposed;lookup_or_compile_dt;compile_decomposed;lookup_or_compile_dt;compile_dt;compile_dt;compile_decomposed;lookup_or_compile_dt;compile_decomposed;lookup_or_compile_dt;compile_decomposed;lookup_or_compile_dt;compile_dt;compile_dt;compile_decomposed;lookup_or_compile_dt;compile_decomposed;lookup_or_compile_dt;compile_decomposed;lookup_or_compile_dt;compile_dt;compile_dt;compile_decomposed;lookup_or_compile_dt;compile_decomposed;lookup_or_compile_dt;compile_decomposed;lookup_or_compile_dt;compile_dt;compile_dt;compile_decomposed;lookup_or_compile_dt;compile_decomposed;lookup_or_compile_dt;compile_decomposed;lookup_or_compile_dt;compile_dt;compile_dt;compile_decomposed;lookup_or_compile_dt;compile_decomposed;lookup_or_compile_dt;compile_decomposed;lookup_or_compile_dt;compile_dt;compile_dt;compile_decomposed;lookup_or_compile_dt;compile_decomposed;lookup_or_compile_dt;compile_decomposed;lookup_or_compile_dt;compile_decomposed;lookup_or_compile_dt;0x7f18e324e07f
     0.55%     0.00%  c2d      ld-linux-x86-64.so.2  [.] 0x00007f18e3244075
0.28% 0x7f18e3244075;0x7f18e325d772;asm_exc_page_fault;exc_page_fault;do_user_addr_fault;handle_mm_fault;__handle_mm_fault;do_fault;__cgroup_throttle_swaprate;blk_cgroup_congested
0.27% 0x7f18e3244075;0x7f18e3243262;asm_exc_page_fault;exc_page_fault;do_user_addr_fault;handle_mm_fault;__handle_mm_fault;do_fault;filemap_map_pages;next_uptodate_page
     0.51%     0.51%  c2d      [kernel.kallsyms]     [k] next_uptodate_page
0.27% 0x7f18e326f8a8;0x7f18e3244075;0x7f18e3243262;asm_exc_page_fault;exc_page_fault;do_user_addr_fault;handle_mm_fault;__handle_mm_fault;do_fault;filemap_map_pages;next_uptodate_page
0.24% 0x7f18e3256a50;asm_exc_page_fault;exc_page_fault;do_user_addr_fault;handle_mm_fault;__handle_mm_fault;do_fault;filemap_map_pages;next_uptodate_page
     0.51%     0.00%  c2d      [kernel.kallsyms]     [k] filemap_map_pages
0.51% filemap_map_pages;next_uptodate_page
     0.31%     0.31%  c2d      [kernel.kallsyms]     [k] __mod_memcg_state
0.31% 0x7f18e2d4724a;main;cnf2ddnnf_cmd_line;free_cache_manager;asm_exc_page_fault;exc_page_fault;do_user_addr_fault;handle_mm_fault;__handle_mm_fault;do_huge_pmd_anonymous_page;pte_alloc_one;__alloc_pages;__memcg_kmem_charge_page;memcg_account_kmem;mod_memcg_state;__mod_memcg_state
     0.31%     0.00%  c2d      [kernel.kallsyms]     [k] do_huge_pmd_anonymous_page
0.31% do_huge_pmd_anonymous_page;pte_alloc_one;__alloc_pages;__memcg_kmem_charge_page;memcg_account_kmem;mod_memcg_state;__mod_memcg_state
     0.31%     0.00%  c2d      [kernel.kallsyms]     [k] pte_alloc_one
0.31% pte_alloc_one;__alloc_pages;__memcg_kmem_charge_page;memcg_account_kmem;mod_memcg_state;__mod_memcg_state
     0.31%     0.00%  c2d      [kernel.kallsyms]     [k] __memcg_kmem_charge_page
0.31% __memcg_kmem_charge_page;memcg_account_kmem;mod_memcg_state;__mod_memcg_state
     0.31%     0.00%  c2d      [kernel.kallsyms]     [k] memcg_account_kmem
0.31% memcg_account_kmem;mod_memcg_state;__mod_memcg_state
     0.31%     0.00%  c2d      [kernel.kallsyms]     [k] mod_memcg_state
0.31% mod_memcg_state;__mod_memcg_state
     0.31%     0.31%  c2d      [kernel.kallsyms]     [k] free_unref_page_list
0.31% __munmap;entry_SYSCALL_64_after_hwframe;do_syscall_64;__x64_sys_munmap;__vm_munmap;do_mas_munmap;do_mas_align_munmap;unmap_region;tlb_finish_mmu;tlb_batch_pages_flush;release_pages;free_unref_page_list
     0.31%     0.00%  c2d      libc.so.6             [.] __munmap
0.31% __munmap;entry_SYSCALL_64_after_hwframe;do_syscall_64;__x64_sys_munmap;__vm_munmap;do_mas_munmap;do_mas_align_munmap;unmap_region;tlb_finish_mmu;tlb_batch_pages_flush;release_pages;free_unref_page_list
     0.31%     0.00%  c2d      [kernel.kallsyms]     [k] __x64_sys_munmap
0.31% __x64_sys_munmap;__vm_munmap;do_mas_munmap;do_mas_align_munmap;unmap_region;tlb_finish_mmu;tlb_batch_pages_flush;release_pages;free_unref_page_list
     0.31%     0.00%  c2d      [kernel.kallsyms]     [k] __vm_munmap
0.31% __vm_munmap;do_mas_munmap;do_mas_align_munmap;unmap_region;tlb_finish_mmu;tlb_batch_pages_flush;release_pages;free_unref_page_list
     0.31%     0.00%  c2d      [kernel.kallsyms]     [k] do_mas_munmap
0.31% do_mas_munmap;do_mas_align_munmap;unmap_region;tlb_finish_mmu;tlb_batch_pages_flush;release_pages;free_unref_page_list
     0.31%     0.00%  c2d      [kernel.kallsyms]     [k] do_mas_align_munmap
0.31% do_mas_align_munmap;unmap_region;tlb_finish_mmu;tlb_batch_pages_flush;release_pages;free_unref_page_list
     0.31%     0.00%  c2d      [kernel.kallsyms]     [k] unmap_region
0.31% unmap_region;tlb_finish_mmu;tlb_batch_pages_flush;release_pages;free_unref_page_list
     0.31%     0.00%  c2d      [kernel.kallsyms]     [k] tlb_finish_mmu
0.31% tlb_finish_mmu;tlb_batch_pages_flush;release_pages;free_unref_page_list
     0.31%     0.00%  c2d      [kernel.kallsyms]     [k] tlb_batch_pages_flush
0.31% tlb_batch_pages_flush;release_pages;free_unref_page_list
     0.31%     0.00%  c2d      [kernel.kallsyms]     [k] release_pages
0.31% release_pages;free_unref_page_list
     0.31%     0.31%  c2d      [kernel.kallsyms]     [k] native_irq_return_iret
0.31% 0x7f18e2d4724a;main;cnf2ddnnf_cmd_line;free_cache_manager
     0.31%     0.31%  c2d      [kernel.kallsyms]     [k] sync_regs
0.31% 0x7f18e2d5e55d;0x7f18e2f1a8c8;error_entry;sync_regs
     0.31%     0.00%  c2d      libc.so.6             [.] 0x00007f18e2d5e55d
0.31% 0x7f18e2d5e55d;0x7f18e2f1a8c8;error_entry;sync_regs
     0.31%     0.00%  c2d      libgcc_s.so.1         [.] 0x00007f18e2f1a8c8
0.31% 0x7f18e2f1a8c8;error_entry;sync_regs
     0.31%     0.00%  c2d      [kernel.kallsyms]     [k] error_entry
0.31% error_entry;sync_regs
     0.31%     0.31%  c2d      [kernel.kallsyms]     [k] __mod_lruvec_state
0.31% entry_SYSCALL_64_after_hwframe;do_syscall_64;__x64_sys_exit_group;do_group_exit;do_exit;__mmput;exit_mmap;unmap_vmas;unmap_page_range;page_remove_rmap;__mod_lruvec_page_state;__mod_lruvec_state;__mod_node_page_state
     0.31%     0.00%  c2d      [kernel.kallsyms]     [k] __x64_sys_exit_group
0.31% __x64_sys_exit_group;do_group_exit;do_exit;__mmput;exit_mmap;unmap_vmas;unmap_page_range;page_remove_rmap;__mod_lruvec_page_state;__mod_lruvec_state;__mod_node_page_state
     0.31%     0.00%  c2d      [kernel.kallsyms]     [k] do_group_exit
0.31% do_group_exit;do_exit;__mmput;exit_mmap;unmap_vmas;unmap_page_range;page_remove_rmap;__mod_lruvec_page_state;__mod_lruvec_state;__mod_node_page_state
     0.31%     0.00%  c2d      [kernel.kallsyms]     [k] do_exit
0.31% do_exit;__mmput;exit_mmap;unmap_vmas;unmap_page_range;page_remove_rmap;__mod_lruvec_page_state;__mod_lruvec_state;__mod_node_page_state
     0.31%     0.00%  c2d      [kernel.kallsyms]     [k] __mmput
0.31% __mmput;exit_mmap;unmap_vmas;unmap_page_range;page_remove_rmap;__mod_lruvec_page_state;__mod_lruvec_state;__mod_node_page_state
     0.31%     0.00%  c2d      [kernel.kallsyms]     [k] exit_mmap
0.31% exit_mmap;unmap_vmas;unmap_page_range;page_remove_rmap;__mod_lruvec_page_state;__mod_lruvec_state;__mod_node_page_state
     0.31%     0.00%  c2d      [kernel.kallsyms]     [k] unmap_vmas
0.31% unmap_vmas;unmap_page_range;page_remove_rmap;__mod_lruvec_page_state;__mod_lruvec_state;__mod_node_page_state
     0.31%     0.00%  c2d      [kernel.kallsyms]     [k] unmap_page_range
0.31% unmap_page_range;page_remove_rmap;__mod_lruvec_page_state;__mod_lruvec_state;__mod_node_page_state
     0.31%     0.00%  c2d      [kernel.kallsyms]     [k] page_remove_rmap
0.31% page_remove_rmap;__mod_lruvec_page_state;__mod_lruvec_state;__mod_node_page_state
     0.31%     0.00%  c2d      [kernel.kallsyms]     [k] __mod_lruvec_page_state
0.31% __mod_lruvec_page_state;__mod_lruvec_state;__mod_node_page_state
     0.31%     0.00%  c2d      [kernel.kallsyms]     [k] __mod_node_page_state
0.31% __mod_node_page_state
     0.30%     0.30%  c2d      [kernel.kallsyms]     [k] native_flush_tlb_local
0.30% 0x7f18e2d4724a;main;cnf2ddnnf_cmd_line;compile_cnf;compile_dt;compile_dt;compile_decomposed;lookup_or_compile_dt;compile_dt;compile_dt;compile_decomposed;lookup_or_compile_dt;compile_decomposed;lookup_or_compile_dt;compile_decomposed;lookup_or_compile_dt;compile_dt;compile_dt;compile_decomposed;lookup_or_compile_dt;compile_decomposed;lookup_or_compile_dt;compile_decomposed;lookup_or_compile_dt;compile_dt;compile_dt;compile_decomposed;lookup_or_compile_dt;compile_decomposed;lookup_or_compile_dt;compile_decomposed;lookup_or_compile_dt;insert_cnf_cache;add_cache_entry;asm_exc_page_fault;exc_page_fault;do_user_addr_fault;handle_mm_fault;__handle_mm_fault;do_huge_pmd_wp_page;__split_huge_pmd;pmdp_huge_clear_flush;flush_tlb_mm_range;flush_tlb_func;native_flush_tlb_local
     0.30%     0.00%  c2d      c2d                   [.] insert_cnf_cache
0.30% insert_cnf_cache;add_cache_entry;asm_exc_page_fault;exc_page_fault;do_user_addr_fault;handle_mm_fault;__handle_mm_fault;do_huge_pmd_wp_page;__split_huge_pmd;pmdp_huge_clear_flush;flush_tlb_mm_range;flush_tlb_func;native_flush_tlb_local
     0.30%     0.00%  c2d      c2d                   [.] add_cache_entry
0.30% add_cache_entry;asm_exc_page_fault;exc_page_fault;do_user_addr_fault;handle_mm_fault;__handle_mm_fault;do_huge_pmd_wp_page;__split_huge_pmd;pmdp_huge_clear_flush;flush_tlb_mm_range;flush_tlb_func;native_flush_tlb_local
     0.30%     0.00%  c2d      [kernel.kallsyms]     [k] do_huge_pmd_wp_page
0.30% do_huge_pmd_wp_page;__split_huge_pmd;pmdp_huge_clear_flush;flush_tlb_mm_range;flush_tlb_func;native_flush_tlb_local
     0.30%     0.00%  c2d      [kernel.kallsyms]     [k] __split_huge_pmd
0.30% __split_huge_pmd;pmdp_huge_clear_flush;flush_tlb_mm_range;flush_tlb_func;native_flush_tlb_local
     0.30%     0.00%  c2d      [kernel.kallsyms]     [k] pmdp_huge_clear_flush
0.30% pmdp_huge_clear_flush;flush_tlb_mm_range;flush_tlb_func;native_flush_tlb_local
     0.30%     0.00%  c2d      [kernel.kallsyms]     [k] flush_tlb_mm_range
0.30% flush_tlb_mm_range;flush_tlb_func;native_flush_tlb_local
     0.30%     0.00%  c2d      [kernel.kallsyms]     [k] flush_tlb_func
0.30% flush_tlb_func;native_flush_tlb_local
     0.30%     0.30%  c2d      ld-linux-x86-64.so.2  [.] 0x0000000000012078
0.30% 0x7f18e2d4724a;main;cnf2ddnnf_cmd_line;compile_cnf;compile_dt;compile_dt;compile_decomposed;lookup_or_compile_dt;compile_dt;compile_dt;compile_decomposed;lookup_or_compile_dt;compile_decomposed;lookup_or_compile_dt;compile_decomposed;lookup_or_compile_dt;compile_dt;compile_dt;compile_decomposed;lookup_or_compile_dt;compile_decomposed;lookup_or_compile_dt;compile_decomposed;lookup_or_compile_dt;compile_dt;compile_dt;compile_decomposed;lookup_or_compile_dt;compile_decomposed;lookup_or_compile_dt;compile_decomposed;lookup_or_compile_dt;compile_dt;compile_dt;compile_decomposed;lookup_or_compile_dt;compile_decomposed;lookup_or_compile_dt;compile_decomposed;lookup_or_compile_dt;compile_dt;compile_dt;compile_decomposed;lookup_or_compile_dt;compile_decomposed;lookup_or_compile_dt;compile_decomposed;lookup_or_compile_dt;compile_dt;compile_dt;compile_decomposed;lookup_or_compile_dt;compile_decomposed;lookup_or_compile_dt;compile_decomposed;lookup_or_compile_dt;compile_dt;compile_dt;compile_decomposed;lookup_or_compile_dt;compile_decomposed;lookup_or_compile_dt;compile_decomposed;lookup_or_compile_dt;compile_decomposed;lookup_or_compile_dt;0x7f18e324e07f
     0.30%     0.00%  c2d      ld-linux-x86-64.so.2  [.] 0x00007f18e324e07f
0.30% 0x7f18e324e07f
     0.30%     0.30%  c2d      libm.so.6             [.] 0x0000000000010000
0.30% 0xc03ff00000003;__cpu_indicator_init;asm_exc_page_fault
     0.30%     0.00%  c2d      [unknown]             [.] 0x000c03ff00000003
0.30% 0xc03ff00000003;__cpu_indicator_init;asm_exc_page_fault
     0.30%     0.00%  c2d      libgcc_s.so.1         [.] __cpu_indicator_init
0.30% __cpu_indicator_init;asm_exc_page_fault
     0.30%     0.30%  c2d      c2d                   [.] allocate_nnf_node
0.30% 0x7f18e2d4724a;main;cnf2ddnnf_cmd_line;construct_nnf_manager;new_literal_node;allocate_nnf_node
     0.30%     0.00%  c2d      c2d                   [.] construct_nnf_manager
0.30% construct_nnf_manager;new_literal_node;allocate_nnf_node
     0.30%     0.00%  c2d      c2d                   [.] new_literal_node
0.30% new_literal_node;allocate_nnf_node
     0.29%     0.29%  c2d      c2d                   [.] cvar_cmp
0.29% 0x7f18e2d5fb9d;cvar_cmp
     0.29%     0.00%  c2d      libc.so.6             [.] 0x00007f18e2d5fb9d
0.29% 0x7f18e2d5fb9d;cvar_cmp
     0.29%     0.29%  c2d      ld-linux-x86-64.so.2  [.] 0x0000000000009a01
0.29% 0x7f18e326f8a8;0x7f18e323a170;0x6;0;0x7f18e3245a17
     0.29%     0.00%  c2d      [unknown]             [.] 0x00007f18e323a170
0.29% 0x7f18e323a170;0x6;0;0x7f18e3245a17
     0.29%     0.00%  c2d      [unknown]             [.] 0x0000000000000006
0.29% 0x6;0;0x7f18e3245a17
     0.29%     0.00%  c2d      ld-linux-x86-64.so.2  [.] 0x00007f18e3245a17
0.29% 0x7f18e3245a17
     0.29%     0.29%  c2d      [kernel.kallsyms]     [k] rmqueue_bulk
0.29% 0x7f18e2db6c68;asm_exc_page_fault;exc_page_fault;do_user_addr_fault;handle_mm_fault;__handle_mm_fault;vma_alloc_folio;__folio_alloc;__alloc_pages;get_page_from_freelist;rmqueue_bulk
     0.29%     0.00%  c2d      libc.so.6             [.] 0x00007f18e2db6c68
0.29% 0x7f18e2db6c68;asm_exc_page_fault;exc_page_fault;do_user_addr_fault;handle_mm_fault;__handle_mm_fault;vma_alloc_folio;__folio_alloc;__alloc_pages;get_page_from_freelist;rmqueue_bulk
     0.29%     0.00%  c2d      [kernel.kallsyms]     [k] vma_alloc_folio
0.29% vma_alloc_folio;__folio_alloc;__alloc_pages;get_page_from_freelist;rmqueue_bulk
     0.29%     0.00%  c2d      [kernel.kallsyms]     [k] __folio_alloc
0.29% __folio_alloc;__alloc_pages;get_page_from_freelist;rmqueue_bulk
     0.29%     0.00%  c2d      [kernel.kallsyms]     [k] get_page_from_freelist
0.29% get_page_from_freelist;rmqueue_bulk
     0.29%     0.29%  c2d      [kernel.kallsyms]     [k] __list_add_valid
0.29% 0;0x7f18e2db80d9;asm_exc_page_fault;exc_page_fault;do_user_addr_fault;handle_mm_fault;__handle_mm_fault;folio_add_lru;folio_batch_move_lru;lru_add_fn;__list_add_valid
     0.29%     0.00%  c2d      libc.so.6             [.] 0x00007f18e2db80d9
0.29% 0x7f18e2db80d9;asm_exc_page_fault;exc_page_fault;do_user_addr_fault;handle_mm_fault;__handle_mm_fault;folio_add_lru;folio_batch_move_lru;lru_add_fn;__list_add_valid
     0.29%     0.00%  c2d      [kernel.kallsyms]     [k] folio_add_lru
0.29% folio_add_lru;folio_batch_move_lru;lru_add_fn;__list_add_valid
     0.29%     0.00%  c2d      [kernel.kallsyms]     [k] folio_batch_move_lru
0.29% folio_batch_move_lru;lru_add_fn;__list_add_valid
     0.29%     0.00%  c2d      [kernel.kallsyms]     [k] lru_add_fn
0.29% lru_add_fn;__list_add_valid
     0.29%     0.29%  c2d      libc.so.6             [.] 0x0000000000063883
0.29% 0;read;asm_exc_page_fault
     0.29%     0.00%  c2d      libc.so.6             [.] read
0.29% read;asm_exc_page_fault
     0.28%     0.28%  c2d      ld-linux-x86-64.so.2  [.] 0x000000000000997e
0.28% 0x19a547;0x7f18e307a758;0x7f18e3245981
     0.28%     0.00%  c2d      [unknown]             [.] 0x000000000019a547
0.28% 0x19a547;0x7f18e307a758;0x7f18e3245981
     0.28%     0.00%  c2d      [unknown]             [.] 0x00007f18e307a758
0.28% 0x7f18e307a758;0x7f18e3245981
     0.28%     0.00%  c2d      ld-linux-x86-64.so.2  [.] 0x00007f18e3245981
0.28% 0x7f18e3245981
     0.28%     0.28%  c2d      libstdc++.so.6.0.30   [.] std::numpunct<char>::_M_initialize_numpunct@plt
0.28% 0x48fb89485300148e;std::__moneypunct_cache<wchar_t, false>::~__moneypunct_cache;0x1;std::numpunct<char>::_M_initialize_numpunct@plt
     0.28%     0.00%  c2d      [unknown]             [.] 0x48fb89485300148e
0.28% 0x48fb89485300148e;std::__moneypunct_cache<wchar_t, false>::~__moneypunct_cache;0x1;std::numpunct<char>::_M_initialize_numpunct@plt
     0.28%     0.00%  c2d      libstdc++.so.6.0.30   [.] std::__moneypunct_cache<wchar_t, false>::~__moneypunct_cache
0.28% std::__moneypunct_cache<wchar_t, false>::~__moneypunct_cache;0x1;std::numpunct<char>::_M_initialize_numpunct@plt
     0.28%     0.00%  c2d      [unknown]             [.] 0x0000000000000001
0.28% 0x1;std::numpunct<char>::_M_initialize_numpunct@plt
     0.28%     0.28%  c2d      [kernel.kallsyms]     [k] blk_cgroup_congested
0.28% 0x7f18e326f8a8;0x7f18e3244075;0x7f18e325d772;asm_exc_page_fault;exc_page_fault;do_user_addr_fault;handle_mm_fault;__handle_mm_fault;do_fault;__cgroup_throttle_swaprate;blk_cgroup_congested
     0.28%     0.00%  c2d      ld-linux-x86-64.so.2  [.] 0x00007f18e325d772
0.28% 0x7f18e325d772;asm_exc_page_fault;exc_page_fault;do_user_addr_fault;handle_mm_fault;__handle_mm_fault;do_fault;__cgroup_throttle_swaprate;blk_cgroup_congested
     0.28%     0.00%  c2d      [kernel.kallsyms]     [k] __cgroup_throttle_swaprate
0.28% __cgroup_throttle_swaprate;blk_cgroup_congested
     0.27%     0.00%  c2d      ld-linux-x86-64.so.2  [.] 0x00007f18e3243262
0.27% 0x7f18e3243262;asm_exc_page_fault;exc_page_fault;do_user_addr_fault;handle_mm_fault;__handle_mm_fault;do_fault;filemap_map_pages;next_uptodate_page
     0.26%     0.26%  c2d      ld-linux-x86-64.so.2  [.] 0x0000000000005038
0.26% 0x7f18e326f8a8;0x7f18e32441da;0x7f18e3241042
     0.26%     0.00%  c2d      ld-linux-x86-64.so.2  [.] 0x00007f18e32441da
0.26% 0x7f18e32441da;0x7f18e3241042
     0.26%     0.00%  c2d      ld-linux-x86-64.so.2  [.] 0x00007f18e3241042
0.26% 0x7f18e3241042
     0.26%     0.00%  c2d      [unknown]             [k] 0x00007fcd1f4f3a97
0.18% 0x7fcd1f4f3a97;entry_SYSCALL_64_after_hwframe;do_syscall_64;__x64_sys_execve;do_execveat_common.isra.0;bprm_execve;load_elf_binary;elf_map;vm_mmap_pgoff;do_mmap;mmap_region
0.08% 0x7fcd1f4f3a97;entry_SYSCALL_64_after_hwframe;do_syscall_64;__x64_sys_execve;do_execveat_common.isra.0;bprm_execve;load_elf_binary;setup_new_exec;arch_pick_mmap_layout;get_random_u64
     0.26%     0.00%  c2d      [kernel.kallsyms]     [k] __x64_sys_execve
0.18% __x64_sys_execve;do_execveat_common.isra.0;bprm_execve;load_elf_binary;elf_map;vm_mmap_pgoff;do_mmap;mmap_region
0.08% __x64_sys_execve;do_execveat_common.isra.0;bprm_execve;load_elf_binary;setup_new_exec;arch_pick_mmap_layout;get_random_u64
     0.26%     0.00%  c2d      [kernel.kallsyms]     [k] do_execveat_common.isra.0
0.18% do_execveat_common.isra.0;bprm_execve;load_elf_binary;elf_map;vm_mmap_pgoff;do_mmap;mmap_region
0.08% do_execveat_common.isra.0;bprm_execve;load_elf_binary;setup_new_exec;arch_pick_mmap_layout;get_random_u64
     0.26%     0.00%  c2d      [kernel.kallsyms]     [k] bprm_execve
0.18% bprm_execve;load_elf_binary;elf_map;vm_mmap_pgoff;do_mmap;mmap_region
0.08% bprm_execve;load_elf_binary;setup_new_exec;arch_pick_mmap_layout;get_random_u64
     0.26%     0.00%  c2d      [kernel.kallsyms]     [k] load_elf_binary
0.18% load_elf_binary;elf_map;vm_mmap_pgoff;do_mmap;mmap_region
0.08% load_elf_binary;setup_new_exec;arch_pick_mmap_layout;get_random_u64
     0.24%     0.00%  c2d      ld-linux-x86-64.so.2  [.] 0x00007f18e3256a50
0.24% 0x7f18e3256a50;asm_exc_page_fault;exc_page_fault;do_user_addr_fault;handle_mm_fault;__handle_mm_fault;do_fault;filemap_map_pages;next_uptodate_page
     0.18%     0.18%  c2d      [kernel.kallsyms]     [k] mmap_region
0.18% 0x7fcd1f4f3a97;entry_SYSCALL_64_after_hwframe;do_syscall_64;__x64_sys_execve;do_execveat_common.isra.0;bprm_execve;load_elf_binary;elf_map;vm_mmap_pgoff;do_mmap;mmap_region
     0.18%     0.00%  c2d      [kernel.kallsyms]     [k] elf_map
0.18% elf_map;vm_mmap_pgoff;do_mmap;mmap_region
     0.18%     0.00%  c2d      [kernel.kallsyms]     [k] vm_mmap_pgoff
0.18% vm_mmap_pgoff;do_mmap;mmap_region
     0.18%     0.00%  c2d      [kernel.kallsyms]     [k] do_mmap
0.18% do_mmap;mmap_region
     0.08%     0.08%  c2d      [kernel.kallsyms]     [k] get_random_u64
0.08% 0x7fcd1f4f3a97;entry_SYSCALL_64_after_hwframe;do_syscall_64;__x64_sys_execve;do_execveat_common.isra.0;bprm_execve;load_elf_binary;setup_new_exec;arch_pick_mmap_layout;get_random_u64
     0.08%     0.00%  c2d      [kernel.kallsyms]     [k] setup_new_exec
0.08% setup_new_exec;arch_pick_mmap_layout;get_random_u64
     0.08%     0.00%  c2d      [kernel.kallsyms]     [k] arch_pick_mmap_layout
0.08% arch_pick_mmap_layout;get_random_u64
     0.02%     0.00%  perf-ex  [unknown]             [k] 0x00007fcd1f4f3a97
0.02% 0x7fcd1f4f3a97;entry_SYSCALL_64_after_hwframe;do_syscall_64;__x64_sys_execve;do_execveat_common.isra.0;bprm_execve;load_elf_binary;begin_new_exec;perf_event_exec;perf_lock_task_context
     0.02%     0.00%  perf-ex  [kernel.kallsyms]     [k] entry_SYSCALL_64_after_hwframe
0.02% entry_SYSCALL_64_after_hwframe;do_syscall_64;__x64_sys_execve;do_execveat_common.isra.0;bprm_execve;load_elf_binary;begin_new_exec;perf_event_exec;perf_lock_task_context
     0.02%     0.00%  perf-ex  [kernel.kallsyms]     [k] do_syscall_64
0.02% do_syscall_64;__x64_sys_execve;do_execveat_common.isra.0;bprm_execve;load_elf_binary;begin_new_exec;perf_event_exec;perf_lock_task_context
     0.02%     0.00%  perf-ex  [kernel.kallsyms]     [k] __x64_sys_execve
0.02% __x64_sys_execve;do_execveat_common.isra.0;bprm_execve;load_elf_binary;begin_new_exec;perf_event_exec;perf_lock_task_context
     0.02%     0.00%  perf-ex  [kernel.kallsyms]     [k] do_execveat_common.isra.0
0.02% do_execveat_common.isra.0;bprm_execve;load_elf_binary;begin_new_exec;perf_event_exec;perf_lock_task_context
     0.02%     0.00%  perf-ex  [kernel.kallsyms]     [k] bprm_execve
0.02% bprm_execve;load_elf_binary;begin_new_exec;perf_event_exec;perf_lock_task_context
     0.02%     0.00%  perf-ex  [kernel.kallsyms]     [k] load_elf_binary
0.02% load_elf_binary;begin_new_exec;perf_event_exec;perf_lock_task_context
     0.02%     0.00%  perf-ex  [kernel.kallsyms]     [k] begin_new_exec
0.02% begin_new_exec;perf_event_exec;perf_lock_task_context
     0.02%     0.00%  perf-ex  [kernel.kallsyms]     [k] perf_event_exec
0.02% perf_event_exec;perf_lock_task_context
     0.02%     0.02%  perf-ex  [kernel.kallsyms]     [k] perf_lock_task_context
0.02% 0x7fcd1f4f3a97;entry_SYSCALL_64_after_hwframe;do_syscall_64;__x64_sys_execve;do_execveat_common.isra.0;bprm_execve;load_elf_binary;begin_new_exec;perf_event_exec;perf_lock_task_context
     0.00%     0.00%  perf-ex  [kernel.kallsyms]     [k] native_write_msr
     0.00%     0.00%  perf-ex  [kernel.kallsyms]     [k] __intel_pmu_enable_all.constprop.0
     0.00%     0.00%  perf-ex  [kernel.kallsyms]     [k] ghes_copy_tofrom_phys
     0.00%     0.00%  perf-ex  [kernel.kallsyms]     [k] native_sched_clock


#
# (Tip: Treat branches as callchains: perf report --branch-history)
#
