# To display the perf.data header info, please use --header/--header-only options.
#
#
# Total Lost Samples: 0
#
# Samples: 326  of event 'cycles'
# Event count (approx.): 226282287
#
# Children      Self  Command  Shared Object         Symbol                                                          
# ........  ........  .......  ....................  ................................................................
#
    95.41%     0.00%  c2d      libc.so.6             [.] 0x00007f441304624a
88.82% 0x7f441304624a;main;cnf2ddnnf_cmd_line;free_cache_manager
0.64% 0x7f441304624a;main;cnf2ddnnf_cmd_line;free_cache_manager;asm_sysvec_apic_timer_interrupt;sysvec_apic_timer_interrupt;__sysvec_apic_timer_interrupt;hrtimer_interrupt;__hrtimer_run_queues;tick_sched_timer;tick_sched_handle;update_process_times;scheduler_tick;perf_event_task_tick
0.64% 0x7f441304624a;main;cnf2ddnnf_cmd_line;free_cache_manager;__irqentry_text_end
0.32% 0x7f441304624a;main;cnf2ddnnf_cmd_line;free_cache_manager;asm_sysvec_apic_timer_interrupt;sysvec_apic_timer_interrupt;__sysvec_apic_timer_interrupt;hrtimer_interrupt;__hrtimer_run_queues;timerqueue_del;rb_erase
0.32% 0x7f441304624a;main;cnf2ddnnf_cmd_line;free_cache_manager;asm_sysvec_apic_timer_interrupt;sysvec_apic_timer_interrupt;__sysvec_apic_timer_interrupt;hrtimer_interrupt;__hrtimer_run_queues;tick_sched_timer;tick_sched_handle;update_process_times;scheduler_tick;task_tick_fair;update_load_avg
0.32% 0x7f441304624a;main;cnf2ddnnf_cmd_line;free_cache_manager;asm_sysvec_apic_timer_interrupt;sysvec_apic_timer_interrupt;__sysvec_apic_timer_interrupt;hrtimer_interrupt;__hrtimer_run_queues;tick_sched_timer;tick_sched_handle;update_process_times;scheduler_tick;_raw_spin_lock
0.32% 0x7f441304624a;main;cnf2ddnnf_cmd_line;free_cache_manager;asm_sysvec_apic_timer_interrupt;sysvec_apic_timer_interrupt;__sysvec_apic_timer_interrupt;hrtimer_interrupt;__hrtimer_run_queues;tick_sched_timer;tick_sched_handle;update_process_times;scheduler_tick;task_tick_fair
0.32% 0x7f441304624a;main;cnf2ddnnf_cmd_line;free_cache_manager;asm_sysvec_apic_timer_interrupt;sysvec_apic_timer_interrupt;__sysvec_apic_timer_interrupt;hrtimer_interrupt;__hrtimer_run_queues;tick_sched_timer;tick_sched_handle;update_process_times;scheduler_tick
0.32% 0x7f441304624a;main;cnf2ddnnf_cmd_line;free_dtree_manager;free_dtree;free_dtree;free_dtree;free_dtree;free_dtree;free_dtree;free_dtree;free_dtree;free_dtree;free_dtree;free_dtree;cfree
0.32% 0x7f441304624a;main;cnf2ddnnf_cmd_line;free_cache_manager;asm_sysvec_apic_timer_interrupt;sysvec_apic_timer_interrupt;__irq_exit_rcu;handle_softirqs;rcu_core;rcu_do_batch;file_free_rcu
0.32% 0x7f441304624a;main;cnf2ddnnf_cmd_line;free_cache_manager;asm_sysvec_apic_timer_interrupt;sysvec_apic_timer_interrupt;__sysvec_apic_timer_interrupt;hrtimer_interrupt;__hrtimer_run_queues;tick_sched_timer;tick_sched_handle;update_process_times;scheduler_tick;arch_scale_freq_tick
0.32% 0x7f441304624a;main;cnf2ddnnf_cmd_line;free_cache_manager;asm_sysvec_apic_timer_interrupt;sysvec_apic_timer_interrupt;__irq_exit_rcu
0.32% 0x7f441304624a;main;cnf2ddnnf_cmd_line;free_cache_manager;asm_exc_page_fault;exc_page_fault;do_user_addr_fault;handle_mm_fault;__handle_mm_fault;do_huge_pmd_anonymous_page;pte_alloc_one;__alloc_pages;get_page_from_freelist;clear_page_rep
0.32% 0x7f441304624a;main;cnf2ddnnf_cmd_line;free_cache_manager;asm_sysvec_apic_timer_interrupt;sysvec_apic_timer_interrupt;__sysvec_apic_timer_interrupt;hrtimer_interrupt;__hrtimer_run_queues;tick_sched_timer;tick_sched_handle;update_process_times;scheduler_tick;task_tick_fair;update_curr
0.32% 0x7f441304624a;main;cnf2ddnnf_cmd_line;free_cache_manager;asm_sysvec_apic_timer_interrupt;sysvec_apic_timer_interrupt;__sysvec_apic_timer_interrupt;hrtimer_interrupt;__hrtimer_run_queues;tick_sched_timer;tick_sched_handle;update_process_times;scheduler_tick;update_rq_clock
0.30% 0x7f441304624a;main;cnf2ddnnf_cmd_line;compile_cnf;compile_dt;compile_dt;compile_decomposed;lookup_or_compile_dt;compile_decomposed;lookup_or_compile_dt;compile_dt;compile_dt;compile_decomposed;conjoin_nnfs_lits;conjoin_relevant_lits;get_and_node;asm_exc_page_fault;exc_page_fault;do_user_addr_fault;handle_mm_fault;__handle_mm_fault;wp_page_copy;page_add_new_anon_rmap
0.30% 0x7f441304624a;main;cnf2ddnnf_cmd_line;compile_cnf;compile_dt;compile_dt;compile_decomposed;lookup_or_compile_dt;compile_decomposed;lookup_or_compile_dt;compile_dt;compile_dt;compile_decomposed;lookup_or_compile_dt;compile_decomposed;lookup_or_compile_dt;compile_decomposed;lookup_or_compile_dt;compile_decomposed;lookup_or_compile_dt;compile_dt;compile_dt;compile_decomposed;lookup_or_compile_dt;compile_decomposed;lookup_or_compile_dt;compile_decomposed;lookup_or_compile_dt;compile_decomposed;lookup_or_compile_dt;compile_dt;compile_dt;compile_decomposed;conjoin_nnfs_lits;conjoin_relevant_lits;get_and_node;asm_exc_page_fault;exc_page_fault;do_user_addr_fault;handle_mm_fault;__handle_mm_fault;wp_page_copy;folio_add_lru;folio_batch_move_lru
0.30% 0x7f441304624a;main;cnf2ddnnf_cmd_line;construct_dtree_manager;hdtree2dtree;hdtree2dtree;hdtree2dtree;hdtree2dtree;hdtree2dtree;hdtree2dtree;hdtree2dtree;hdtree2dtree;hdtree2dtree;hdtree2dtree;hdtree2dtree;hdtree2dtree;hdtree2dtree;hdtree2dtree;hdtree2dtree
0.29% 0x7f441304624a;main;get_cnf_from_file;set_validity
0.29% 0x7f441304624a;main;get_cnf_from_file;__irqentry_text_end
    95.41%     0.00%  c2d      c2d                   [.] main
88.82% main;cnf2ddnnf_cmd_line;free_cache_manager
0.64% main;cnf2ddnnf_cmd_line;free_cache_manager;asm_sysvec_apic_timer_interrupt;sysvec_apic_timer_interrupt;__sysvec_apic_timer_interrupt;hrtimer_interrupt;__hrtimer_run_queues;tick_sched_timer;tick_sched_handle;update_process_times;scheduler_tick;perf_event_task_tick
0.64% main;cnf2ddnnf_cmd_line;free_cache_manager;__irqentry_text_end
0.32% main;cnf2ddnnf_cmd_line;free_cache_manager;asm_sysvec_apic_timer_interrupt;sysvec_apic_timer_interrupt;__sysvec_apic_timer_interrupt;hrtimer_interrupt;__hrtimer_run_queues;timerqueue_del;rb_erase
0.32% main;cnf2ddnnf_cmd_line;free_cache_manager;asm_sysvec_apic_timer_interrupt;sysvec_apic_timer_interrupt;__sysvec_apic_timer_interrupt;hrtimer_interrupt;__hrtimer_run_queues;tick_sched_timer;tick_sched_handle;update_process_times;scheduler_tick;task_tick_fair;update_load_avg
0.32% main;cnf2ddnnf_cmd_line;free_cache_manager;asm_sysvec_apic_timer_interrupt;sysvec_apic_timer_interrupt;__sysvec_apic_timer_interrupt;hrtimer_interrupt;__hrtimer_run_queues;tick_sched_timer;tick_sched_handle;update_process_times;scheduler_tick;_raw_spin_lock
0.32% main;cnf2ddnnf_cmd_line;free_cache_manager;asm_sysvec_apic_timer_interrupt;sysvec_apic_timer_interrupt;__sysvec_apic_timer_interrupt;hrtimer_interrupt;__hrtimer_run_queues;tick_sched_timer;tick_sched_handle;update_process_times;scheduler_tick;task_tick_fair
0.32% main;cnf2ddnnf_cmd_line;free_cache_manager;asm_sysvec_apic_timer_interrupt;sysvec_apic_timer_interrupt;__sysvec_apic_timer_interrupt;hrtimer_interrupt;__hrtimer_run_queues;tick_sched_timer;tick_sched_handle;update_process_times;scheduler_tick
0.32% main;cnf2ddnnf_cmd_line;free_dtree_manager;free_dtree;free_dtree;free_dtree;free_dtree;free_dtree;free_dtree;free_dtree;free_dtree;free_dtree;free_dtree;free_dtree;cfree
0.32% main;cnf2ddnnf_cmd_line;free_cache_manager;asm_sysvec_apic_timer_interrupt;sysvec_apic_timer_interrupt;__irq_exit_rcu;handle_softirqs;rcu_core;rcu_do_batch;file_free_rcu
0.32% main;cnf2ddnnf_cmd_line;free_cache_manager;asm_sysvec_apic_timer_interrupt;sysvec_apic_timer_interrupt;__sysvec_apic_timer_interrupt;hrtimer_interrupt;__hrtimer_run_queues;tick_sched_timer;tick_sched_handle;update_process_times;scheduler_tick;arch_scale_freq_tick
0.32% main;cnf2ddnnf_cmd_line;free_cache_manager;asm_sysvec_apic_timer_interrupt;sysvec_apic_timer_interrupt;__irq_exit_rcu
0.32% main;cnf2ddnnf_cmd_line;free_cache_manager;asm_exc_page_fault;exc_page_fault;do_user_addr_fault;handle_mm_fault;__handle_mm_fault;do_huge_pmd_anonymous_page;pte_alloc_one;__alloc_pages;get_page_from_freelist;clear_page_rep
0.32% main;cnf2ddnnf_cmd_line;free_cache_manager;asm_sysvec_apic_timer_interrupt;sysvec_apic_timer_interrupt;__sysvec_apic_timer_interrupt;hrtimer_interrupt;__hrtimer_run_queues;tick_sched_timer;tick_sched_handle;update_process_times;scheduler_tick;task_tick_fair;update_curr
0.32% main;cnf2ddnnf_cmd_line;free_cache_manager;asm_sysvec_apic_timer_interrupt;sysvec_apic_timer_interrupt;__sysvec_apic_timer_interrupt;hrtimer_interrupt;__hrtimer_run_queues;tick_sched_timer;tick_sched_handle;update_process_times;scheduler_tick;update_rq_clock
0.30% main;cnf2ddnnf_cmd_line;compile_cnf;compile_dt;compile_dt;compile_decomposed;lookup_or_compile_dt;compile_decomposed;lookup_or_compile_dt;compile_dt;compile_dt;compile_decomposed;conjoin_nnfs_lits;conjoin_relevant_lits;get_and_node;asm_exc_page_fault;exc_page_fault;do_user_addr_fault;handle_mm_fault;__handle_mm_fault;wp_page_copy;page_add_new_anon_rmap
0.30% main;cnf2ddnnf_cmd_line;compile_cnf;compile_dt;compile_dt;compile_decomposed;lookup_or_compile_dt;compile_decomposed;lookup_or_compile_dt;compile_dt;compile_dt;compile_decomposed;lookup_or_compile_dt;compile_decomposed;lookup_or_compile_dt;compile_decomposed;lookup_or_compile_dt;compile_decomposed;lookup_or_compile_dt;compile_dt;compile_dt;compile_decomposed;lookup_or_compile_dt;compile_decomposed;lookup_or_compile_dt;compile_decomposed;lookup_or_compile_dt;compile_decomposed;lookup_or_compile_dt;compile_dt;compile_dt;compile_decomposed;conjoin_nnfs_lits;conjoin_relevant_lits;get_and_node;asm_exc_page_fault;exc_page_fault;do_user_addr_fault;handle_mm_fault;__handle_mm_fault;wp_page_copy;folio_add_lru;folio_batch_move_lru
0.30% main;cnf2ddnnf_cmd_line;construct_dtree_manager;hdtree2dtree;hdtree2dtree;hdtree2dtree;hdtree2dtree;hdtree2dtree;hdtree2dtree;hdtree2dtree;hdtree2dtree;hdtree2dtree;hdtree2dtree;hdtree2dtree;hdtree2dtree;hdtree2dtree;hdtree2dtree;hdtree2dtree
0.29% main;get_cnf_from_file;set_validity
0.29% main;get_cnf_from_file;__irqentry_text_end
    94.83%     0.00%  c2d      c2d                   [.] cnf2ddnnf_cmd_line
88.82% cnf2ddnnf_cmd_line;free_cache_manager
0.64% cnf2ddnnf_cmd_line;free_cache_manager;asm_sysvec_apic_timer_interrupt;sysvec_apic_timer_interrupt;__sysvec_apic_timer_interrupt;hrtimer_interrupt;__hrtimer_run_queues;tick_sched_timer;tick_sched_handle;update_process_times;scheduler_tick;perf_event_task_tick
0.64% cnf2ddnnf_cmd_line;free_cache_manager;__irqentry_text_end
0.32% cnf2ddnnf_cmd_line;free_cache_manager;asm_sysvec_apic_timer_interrupt;sysvec_apic_timer_interrupt;__sysvec_apic_timer_interrupt;hrtimer_interrupt;__hrtimer_run_queues;timerqueue_del;rb_erase
0.32% cnf2ddnnf_cmd_line;free_cache_manager;asm_sysvec_apic_timer_interrupt;sysvec_apic_timer_interrupt;__sysvec_apic_timer_interrupt;hrtimer_interrupt;__hrtimer_run_queues;tick_sched_timer;tick_sched_handle;update_process_times;scheduler_tick;task_tick_fair;update_load_avg
0.32% cnf2ddnnf_cmd_line;free_cache_manager;asm_sysvec_apic_timer_interrupt;sysvec_apic_timer_interrupt;__sysvec_apic_timer_interrupt;hrtimer_interrupt;__hrtimer_run_queues;tick_sched_timer;tick_sched_handle;update_process_times;scheduler_tick;_raw_spin_lock
0.32% cnf2ddnnf_cmd_line;free_cache_manager;asm_sysvec_apic_timer_interrupt;sysvec_apic_timer_interrupt;__sysvec_apic_timer_interrupt;hrtimer_interrupt;__hrtimer_run_queues;tick_sched_timer;tick_sched_handle;update_process_times;scheduler_tick;task_tick_fair
0.32% cnf2ddnnf_cmd_line;free_cache_manager;asm_sysvec_apic_timer_interrupt;sysvec_apic_timer_interrupt;__sysvec_apic_timer_interrupt;hrtimer_interrupt;__hrtimer_run_queues;tick_sched_timer;tick_sched_handle;update_process_times;scheduler_tick
0.32% cnf2ddnnf_cmd_line;free_dtree_manager;free_dtree;free_dtree;free_dtree;free_dtree;free_dtree;free_dtree;free_dtree;free_dtree;free_dtree;free_dtree;free_dtree;cfree
0.32% cnf2ddnnf_cmd_line;free_cache_manager;asm_sysvec_apic_timer_interrupt;sysvec_apic_timer_interrupt;__irq_exit_rcu;handle_softirqs;rcu_core;rcu_do_batch;file_free_rcu
0.32% cnf2ddnnf_cmd_line;free_cache_manager;asm_sysvec_apic_timer_interrupt;sysvec_apic_timer_interrupt;__sysvec_apic_timer_interrupt;hrtimer_interrupt;__hrtimer_run_queues;tick_sched_timer;tick_sched_handle;update_process_times;scheduler_tick;arch_scale_freq_tick
0.32% cnf2ddnnf_cmd_line;free_cache_manager;asm_sysvec_apic_timer_interrupt;sysvec_apic_timer_interrupt;__irq_exit_rcu
0.32% cnf2ddnnf_cmd_line;free_cache_manager;asm_exc_page_fault;exc_page_fault;do_user_addr_fault;handle_mm_fault;__handle_mm_fault;do_huge_pmd_anonymous_page;pte_alloc_one;__alloc_pages;get_page_from_freelist;clear_page_rep
0.32% cnf2ddnnf_cmd_line;free_cache_manager;asm_sysvec_apic_timer_interrupt;sysvec_apic_timer_interrupt;__sysvec_apic_timer_interrupt;hrtimer_interrupt;__hrtimer_run_queues;tick_sched_timer;tick_sched_handle;update_process_times;scheduler_tick;task_tick_fair;update_curr
0.32% cnf2ddnnf_cmd_line;free_cache_manager;asm_sysvec_apic_timer_interrupt;sysvec_apic_timer_interrupt;__sysvec_apic_timer_interrupt;hrtimer_interrupt;__hrtimer_run_queues;tick_sched_timer;tick_sched_handle;update_process_times;scheduler_tick;update_rq_clock
0.30% cnf2ddnnf_cmd_line;compile_cnf;compile_dt;compile_dt;compile_decomposed;lookup_or_compile_dt;compile_decomposed;lookup_or_compile_dt;compile_dt;compile_dt;compile_decomposed;conjoin_nnfs_lits;conjoin_relevant_lits;get_and_node;asm_exc_page_fault;exc_page_fault;do_user_addr_fault;handle_mm_fault;__handle_mm_fault;wp_page_copy;page_add_new_anon_rmap
0.30% cnf2ddnnf_cmd_line;compile_cnf;compile_dt;compile_dt;compile_decomposed;lookup_or_compile_dt;compile_decomposed;lookup_or_compile_dt;compile_dt;compile_dt;compile_decomposed;lookup_or_compile_dt;compile_decomposed;lookup_or_compile_dt;compile_decomposed;lookup_or_compile_dt;compile_decomposed;lookup_or_compile_dt;compile_dt;compile_dt;compile_decomposed;lookup_or_compile_dt;compile_decomposed;lookup_or_compile_dt;compile_decomposed;lookup_or_compile_dt;compile_decomposed;lookup_or_compile_dt;compile_dt;compile_dt;compile_decomposed;conjoin_nnfs_lits;conjoin_relevant_lits;get_and_node;asm_exc_page_fault;exc_page_fault;do_user_addr_fault;handle_mm_fault;__handle_mm_fault;wp_page_copy;folio_add_lru;folio_batch_move_lru
0.30% cnf2ddnnf_cmd_line;construct_dtree_manager;hdtree2dtree;hdtree2dtree;hdtree2dtree;hdtree2dtree;hdtree2dtree;hdtree2dtree;hdtree2dtree;hdtree2dtree;hdtree2dtree;hdtree2dtree;hdtree2dtree;hdtree2dtree;hdtree2dtree;hdtree2dtree;hdtree2dtree
    93.61%    88.82%  c2d      c2d                   [.] free_cache_manager
88.82% 0x7f441304624a;main;cnf2ddnnf_cmd_line;free_cache_manager
0.64% free_cache_manager;asm_sysvec_apic_timer_interrupt;sysvec_apic_timer_interrupt;__sysvec_apic_timer_interrupt;hrtimer_interrupt;__hrtimer_run_queues;tick_sched_timer;tick_sched_handle;update_process_times;scheduler_tick;perf_event_task_tick
0.64% free_cache_manager;__irqentry_text_end
0.32% free_cache_manager;asm_sysvec_apic_timer_interrupt;sysvec_apic_timer_interrupt;__sysvec_apic_timer_interrupt;hrtimer_interrupt;__hrtimer_run_queues;timerqueue_del;rb_erase
0.32% free_cache_manager;asm_sysvec_apic_timer_interrupt;sysvec_apic_timer_interrupt;__sysvec_apic_timer_interrupt;hrtimer_interrupt;__hrtimer_run_queues;tick_sched_timer;tick_sched_handle;update_process_times;scheduler_tick;task_tick_fair;update_load_avg
0.32% free_cache_manager;asm_sysvec_apic_timer_interrupt;sysvec_apic_timer_interrupt;__sysvec_apic_timer_interrupt;hrtimer_interrupt;__hrtimer_run_queues;tick_sched_timer;tick_sched_handle;update_process_times;scheduler_tick;_raw_spin_lock
0.32% free_cache_manager;asm_sysvec_apic_timer_interrupt;sysvec_apic_timer_interrupt;__sysvec_apic_timer_interrupt;hrtimer_interrupt;__hrtimer_run_queues;tick_sched_timer;tick_sched_handle;update_process_times;scheduler_tick;task_tick_fair
0.32% free_cache_manager;asm_sysvec_apic_timer_interrupt;sysvec_apic_timer_interrupt;__sysvec_apic_timer_interrupt;hrtimer_interrupt;__hrtimer_run_queues;tick_sched_timer;tick_sched_handle;update_process_times;scheduler_tick
0.32% free_cache_manager;asm_sysvec_apic_timer_interrupt;sysvec_apic_timer_interrupt;__irq_exit_rcu;handle_softirqs;rcu_core;rcu_do_batch;file_free_rcu
0.32% free_cache_manager;asm_sysvec_apic_timer_interrupt;sysvec_apic_timer_interrupt;__sysvec_apic_timer_interrupt;hrtimer_interrupt;__hrtimer_run_queues;tick_sched_timer;tick_sched_handle;update_process_times;scheduler_tick;arch_scale_freq_tick
0.32% free_cache_manager;asm_sysvec_apic_timer_interrupt;sysvec_apic_timer_interrupt;__irq_exit_rcu
0.32% free_cache_manager;asm_exc_page_fault;exc_page_fault;do_user_addr_fault;handle_mm_fault;__handle_mm_fault;do_huge_pmd_anonymous_page;pte_alloc_one;__alloc_pages;get_page_from_freelist;clear_page_rep
0.32% free_cache_manager;asm_sysvec_apic_timer_interrupt;sysvec_apic_timer_interrupt;__sysvec_apic_timer_interrupt;hrtimer_interrupt;__hrtimer_run_queues;tick_sched_timer;tick_sched_handle;update_process_times;scheduler_tick;task_tick_fair;update_curr
0.32% free_cache_manager;asm_sysvec_apic_timer_interrupt;sysvec_apic_timer_interrupt;__sysvec_apic_timer_interrupt;hrtimer_interrupt;__hrtimer_run_queues;tick_sched_timer;tick_sched_handle;update_process_times;scheduler_tick;update_rq_clock
     3.83%     0.00%  c2d      [kernel.kallsyms]     [k] asm_sysvec_apic_timer_interrupt
0.64% asm_sysvec_apic_timer_interrupt;sysvec_apic_timer_interrupt;__sysvec_apic_timer_interrupt;hrtimer_interrupt;__hrtimer_run_queues;tick_sched_timer;tick_sched_handle;update_process_times;scheduler_tick;perf_event_task_tick
0.32% asm_sysvec_apic_timer_interrupt;sysvec_apic_timer_interrupt;__sysvec_apic_timer_interrupt;hrtimer_interrupt;__hrtimer_run_queues;timerqueue_del;rb_erase
0.32% asm_sysvec_apic_timer_interrupt;sysvec_apic_timer_interrupt;__sysvec_apic_timer_interrupt;hrtimer_interrupt;__hrtimer_run_queues;tick_sched_timer;tick_sched_handle;update_process_times;scheduler_tick;task_tick_fair;update_load_avg
0.32% asm_sysvec_apic_timer_interrupt;sysvec_apic_timer_interrupt;__sysvec_apic_timer_interrupt;hrtimer_interrupt;__hrtimer_run_queues;tick_sched_timer;tick_sched_handle;update_process_times;scheduler_tick;_raw_spin_lock
0.32% asm_sysvec_apic_timer_interrupt;sysvec_apic_timer_interrupt;__sysvec_apic_timer_interrupt;hrtimer_interrupt;__hrtimer_run_queues;tick_sched_timer;tick_sched_handle;update_process_times;scheduler_tick;task_tick_fair
0.32% asm_sysvec_apic_timer_interrupt;sysvec_apic_timer_interrupt;__sysvec_apic_timer_interrupt;hrtimer_interrupt;__hrtimer_run_queues;tick_sched_timer;tick_sched_handle;update_process_times;scheduler_tick
0.32% asm_sysvec_apic_timer_interrupt;sysvec_apic_timer_interrupt;__irq_exit_rcu;handle_softirqs;rcu_core;rcu_do_batch;file_free_rcu
0.32% asm_sysvec_apic_timer_interrupt;sysvec_apic_timer_interrupt;__sysvec_apic_timer_interrupt;hrtimer_interrupt;__hrtimer_run_queues;tick_sched_timer;tick_sched_handle;update_process_times;scheduler_tick;arch_scale_freq_tick
0.32% asm_sysvec_apic_timer_interrupt;sysvec_apic_timer_interrupt;__irq_exit_rcu
0.32% asm_sysvec_apic_timer_interrupt;sysvec_apic_timer_interrupt;__sysvec_apic_timer_interrupt;hrtimer_interrupt;__hrtimer_run_queues;tick_sched_timer;tick_sched_handle;update_process_times;scheduler_tick;task_tick_fair;update_curr
0.32% asm_sysvec_apic_timer_interrupt;sysvec_apic_timer_interrupt;__sysvec_apic_timer_interrupt;hrtimer_interrupt;__hrtimer_run_queues;tick_sched_timer;tick_sched_handle;update_process_times;scheduler_tick;update_rq_clock
     3.83%     0.00%  c2d      [kernel.kallsyms]     [k] sysvec_apic_timer_interrupt
0.64% sysvec_apic_timer_interrupt;__sysvec_apic_timer_interrupt;hrtimer_interrupt;__hrtimer_run_queues;tick_sched_timer;tick_sched_handle;update_process_times;scheduler_tick;perf_event_task_tick
0.32% sysvec_apic_timer_interrupt;__sysvec_apic_timer_interrupt;hrtimer_interrupt;__hrtimer_run_queues;timerqueue_del;rb_erase
0.32% sysvec_apic_timer_interrupt;__sysvec_apic_timer_interrupt;hrtimer_interrupt;__hrtimer_run_queues;tick_sched_timer;tick_sched_handle;update_process_times;scheduler_tick;task_tick_fair;update_load_avg
0.32% sysvec_apic_timer_interrupt;__sysvec_apic_timer_interrupt;hrtimer_interrupt;__hrtimer_run_queues;tick_sched_timer;tick_sched_handle;update_process_times;scheduler_tick;_raw_spin_lock
0.32% sysvec_apic_timer_interrupt;__sysvec_apic_timer_interrupt;hrtimer_interrupt;__hrtimer_run_queues;tick_sched_timer;tick_sched_handle;update_process_times;scheduler_tick;task_tick_fair
0.32% sysvec_apic_timer_interrupt;__sysvec_apic_timer_interrupt;hrtimer_interrupt;__hrtimer_run_queues;tick_sched_timer;tick_sched_handle;update_process_times;scheduler_tick
0.32% sysvec_apic_timer_interrupt;__irq_exit_rcu;handle_softirqs;rcu_core;rcu_do_batch;file_free_rcu
0.32% sysvec_apic_timer_interrupt;__sysvec_apic_timer_interrupt;hrtimer_interrupt;__hrtimer_run_queues;tick_sched_timer;tick_sched_handle;update_process_times;scheduler_tick;arch_scale_freq_tick
0.32% sysvec_apic_timer_interrupt;__irq_exit_rcu
0.32% sysvec_apic_timer_interrupt;__sysvec_apic_timer_interrupt;hrtimer_interrupt;__hrtimer_run_queues;tick_sched_timer;tick_sched_handle;update_process_times;scheduler_tick;task_tick_fair;update_curr
0.32% sysvec_apic_timer_interrupt;__sysvec_apic_timer_interrupt;hrtimer_interrupt;__hrtimer_run_queues;tick_sched_timer;tick_sched_handle;update_process_times;scheduler_tick;update_rq_clock
     3.20%     0.00%  c2d      [kernel.kallsyms]     [k] __sysvec_apic_timer_interrupt
0.64% __sysvec_apic_timer_interrupt;hrtimer_interrupt;__hrtimer_run_queues;tick_sched_timer;tick_sched_handle;update_process_times;scheduler_tick;perf_event_task_tick
0.32% __sysvec_apic_timer_interrupt;hrtimer_interrupt;__hrtimer_run_queues;timerqueue_del;rb_erase
0.32% __sysvec_apic_timer_interrupt;hrtimer_interrupt;__hrtimer_run_queues;tick_sched_timer;tick_sched_handle;update_process_times;scheduler_tick;task_tick_fair;update_load_avg
0.32% __sysvec_apic_timer_interrupt;hrtimer_interrupt;__hrtimer_run_queues;tick_sched_timer;tick_sched_handle;update_process_times;scheduler_tick;_raw_spin_lock
0.32% __sysvec_apic_timer_interrupt;hrtimer_interrupt;__hrtimer_run_queues;tick_sched_timer;tick_sched_handle;update_process_times;scheduler_tick;task_tick_fair
0.32% __sysvec_apic_timer_interrupt;hrtimer_interrupt;__hrtimer_run_queues;tick_sched_timer;tick_sched_handle;update_process_times;scheduler_tick
0.32% __sysvec_apic_timer_interrupt;hrtimer_interrupt;__hrtimer_run_queues;tick_sched_timer;tick_sched_handle;update_process_times;scheduler_tick;arch_scale_freq_tick
0.32% __sysvec_apic_timer_interrupt;hrtimer_interrupt;__hrtimer_run_queues;tick_sched_timer;tick_sched_handle;update_process_times;scheduler_tick;task_tick_fair;update_curr
0.32% __sysvec_apic_timer_interrupt;hrtimer_interrupt;__hrtimer_run_queues;tick_sched_timer;tick_sched_handle;update_process_times;scheduler_tick;update_rq_clock
     3.20%     0.00%  c2d      [kernel.kallsyms]     [k] hrtimer_interrupt
0.64% hrtimer_interrupt;__hrtimer_run_queues;tick_sched_timer;tick_sched_handle;update_process_times;scheduler_tick;perf_event_task_tick
0.32% hrtimer_interrupt;__hrtimer_run_queues;timerqueue_del;rb_erase
0.32% hrtimer_interrupt;__hrtimer_run_queues;tick_sched_timer;tick_sched_handle;update_process_times;scheduler_tick;task_tick_fair;update_load_avg
0.32% hrtimer_interrupt;__hrtimer_run_queues;tick_sched_timer;tick_sched_handle;update_process_times;scheduler_tick;_raw_spin_lock
0.32% hrtimer_interrupt;__hrtimer_run_queues;tick_sched_timer;tick_sched_handle;update_process_times;scheduler_tick;task_tick_fair
0.32% hrtimer_interrupt;__hrtimer_run_queues;tick_sched_timer;tick_sched_handle;update_process_times;scheduler_tick
0.32% hrtimer_interrupt;__hrtimer_run_queues;tick_sched_timer;tick_sched_handle;update_process_times;scheduler_tick;arch_scale_freq_tick
0.32% hrtimer_interrupt;__hrtimer_run_queues;tick_sched_timer;tick_sched_handle;update_process_times;scheduler_tick;task_tick_fair;update_curr
0.32% hrtimer_interrupt;__hrtimer_run_queues;tick_sched_timer;tick_sched_handle;update_process_times;scheduler_tick;update_rq_clock
     3.20%     0.00%  c2d      [kernel.kallsyms]     [k] __hrtimer_run_queues
0.64% __hrtimer_run_queues;tick_sched_timer;tick_sched_handle;update_process_times;scheduler_tick;perf_event_task_tick
0.32% __hrtimer_run_queues;timerqueue_del;rb_erase
0.32% __hrtimer_run_queues;tick_sched_timer;tick_sched_handle;update_process_times;scheduler_tick;task_tick_fair;update_load_avg
0.32% __hrtimer_run_queues;tick_sched_timer;tick_sched_handle;update_process_times;scheduler_tick;_raw_spin_lock
0.32% __hrtimer_run_queues;tick_sched_timer;tick_sched_handle;update_process_times;scheduler_tick;task_tick_fair
0.32% __hrtimer_run_queues;tick_sched_timer;tick_sched_handle;update_process_times;scheduler_tick
0.32% __hrtimer_run_queues;tick_sched_timer;tick_sched_handle;update_process_times;scheduler_tick;arch_scale_freq_tick
0.32% __hrtimer_run_queues;tick_sched_timer;tick_sched_handle;update_process_times;scheduler_tick;task_tick_fair;update_curr
0.32% __hrtimer_run_queues;tick_sched_timer;tick_sched_handle;update_process_times;scheduler_tick;update_rq_clock
     2.88%     0.32%  c2d      [kernel.kallsyms]     [k] scheduler_tick
0.64% scheduler_tick;perf_event_task_tick
0.32% scheduler_tick;task_tick_fair;update_load_avg
0.32% scheduler_tick;_raw_spin_lock
0.32% scheduler_tick;task_tick_fair
0.32% 0x7f441304624a;main;cnf2ddnnf_cmd_line;free_cache_manager;asm_sysvec_apic_timer_interrupt;sysvec_apic_timer_interrupt;__sysvec_apic_timer_interrupt;hrtimer_interrupt;__hrtimer_run_queues;tick_sched_timer;tick_sched_handle;update_process_times;scheduler_tick
0.32% scheduler_tick;arch_scale_freq_tick
0.32% scheduler_tick;task_tick_fair;update_curr
0.32% scheduler_tick;update_rq_clock
     2.88%     0.00%  c2d      [kernel.kallsyms]     [k] tick_sched_timer
0.64% tick_sched_timer;tick_sched_handle;update_process_times;scheduler_tick;perf_event_task_tick
0.32% tick_sched_timer;tick_sched_handle;update_process_times;scheduler_tick;task_tick_fair;update_load_avg
0.32% tick_sched_timer;tick_sched_handle;update_process_times;scheduler_tick;_raw_spin_lock
0.32% tick_sched_timer;tick_sched_handle;update_process_times;scheduler_tick;task_tick_fair
0.32% tick_sched_timer;tick_sched_handle;update_process_times;scheduler_tick
0.32% tick_sched_timer;tick_sched_handle;update_process_times;scheduler_tick;arch_scale_freq_tick
0.32% tick_sched_timer;tick_sched_handle;update_process_times;scheduler_tick;task_tick_fair;update_curr
0.32% tick_sched_timer;tick_sched_handle;update_process_times;scheduler_tick;update_rq_clock
     2.88%     0.00%  c2d      [kernel.kallsyms]     [k] tick_sched_handle
0.64% tick_sched_handle;update_process_times;scheduler_tick;perf_event_task_tick
0.32% tick_sched_handle;update_process_times;scheduler_tick;task_tick_fair;update_load_avg
0.32% tick_sched_handle;update_process_times;scheduler_tick;_raw_spin_lock
0.32% tick_sched_handle;update_process_times;scheduler_tick;task_tick_fair
0.32% tick_sched_handle;update_process_times;scheduler_tick
0.32% tick_sched_handle;update_process_times;scheduler_tick;arch_scale_freq_tick
0.32% tick_sched_handle;update_process_times;scheduler_tick;task_tick_fair;update_curr
0.32% tick_sched_handle;update_process_times;scheduler_tick;update_rq_clock
     2.88%     0.00%  c2d      [kernel.kallsyms]     [k] update_process_times
0.64% update_process_times;scheduler_tick;perf_event_task_tick
0.32% update_process_times;scheduler_tick;task_tick_fair;update_load_avg
0.32% update_process_times;scheduler_tick;_raw_spin_lock
0.32% update_process_times;scheduler_tick;task_tick_fair
0.32% update_process_times;scheduler_tick
0.32% update_process_times;scheduler_tick;arch_scale_freq_tick
0.32% update_process_times;scheduler_tick;task_tick_fair;update_curr
0.32% update_process_times;scheduler_tick;update_rq_clock
     1.75%     0.00%  c2d      [kernel.kallsyms]     [k] entry_SYSCALL_64_after_hwframe
0.32% entry_SYSCALL_64_after_hwframe;do_syscall_64;__x64_sys_exit_group;do_group_exit;do_exit;acct_collect
0.32% entry_SYSCALL_64_after_hwframe;do_syscall_64;__x64_sys_exit_group;do_group_exit;do_exit;__mmput;exit_mmap;unmap_vmas;unmap_page_range;_compound_head
0.30% entry_SYSCALL_64_after_hwframe;do_syscall_64;vm_mmap_pgoff;do_mmap;mmap_region;can_vma_merge_before.isra.0
0.27% entry_SYSCALL_64_after_hwframe;do_syscall_64;ksys_mmap_pgoff;vm_mmap_pgoff;up_write
0.27% entry_SYSCALL_64_after_hwframe;do_syscall_64;ksys_mmap_pgoff;vm_mmap_pgoff;do_mmap
0.18% entry_SYSCALL_64_after_hwframe;do_syscall_64;__x64_sys_execve;do_execveat_common.isra.0;bprm_execve;load_elf_binary;elf_map;vm_mmap_pgoff;do_mmap;mmap_region;mas_preallocate;mas_alloc_nodes;kmem_cache_alloc_bulk;memset
0.09% entry_SYSCALL_64_after_hwframe;do_syscall_64;__x64_sys_execve;do_execveat_common.isra.0;bprm_execve;load_elf_binary;setup_new_exec;arch_pick_mmap_layout;get_random_u64
     1.75%     0.00%  c2d      [kernel.kallsyms]     [k] do_syscall_64
0.32% do_syscall_64;__x64_sys_exit_group;do_group_exit;do_exit;acct_collect
0.32% do_syscall_64;__x64_sys_exit_group;do_group_exit;do_exit;__mmput;exit_mmap;unmap_vmas;unmap_page_range;_compound_head
0.30% do_syscall_64;vm_mmap_pgoff;do_mmap;mmap_region;can_vma_merge_before.isra.0
0.27% do_syscall_64;ksys_mmap_pgoff;vm_mmap_pgoff;up_write
0.27% do_syscall_64;ksys_mmap_pgoff;vm_mmap_pgoff;do_mmap
0.18% do_syscall_64;__x64_sys_execve;do_execveat_common.isra.0;bprm_execve;load_elf_binary;elf_map;vm_mmap_pgoff;do_mmap;mmap_region;mas_preallocate;mas_alloc_nodes;kmem_cache_alloc_bulk;memset
0.09% do_syscall_64;__x64_sys_execve;do_execveat_common.isra.0;bprm_execve;load_elf_binary;setup_new_exec;arch_pick_mmap_layout;get_random_u64
     1.74%     0.00%  c2d      [kernel.kallsyms]     [k] asm_exc_page_fault
0.32% asm_exc_page_fault;exc_page_fault;do_user_addr_fault;handle_mm_fault;__handle_mm_fault;do_huge_pmd_anonymous_page;pte_alloc_one;__alloc_pages;get_page_from_freelist;clear_page_rep
0.30% asm_exc_page_fault;exc_page_fault;do_user_addr_fault;handle_mm_fault;__handle_mm_fault;wp_page_copy;page_add_new_anon_rmap
0.30% asm_exc_page_fault;exc_page_fault;do_user_addr_fault;handle_mm_fault;__handle_mm_fault;wp_page_copy;folio_add_lru;folio_batch_move_lru
0.29% asm_exc_page_fault;exc_page_fault;do_user_addr_fault;handle_mm_fault;__handle_mm_fault;__cgroup_throttle_swaprate
0.29% asm_exc_page_fault;exc_page_fault;do_user_addr_fault;handle_mm_fault;__handle_mm_fault;do_fault;filemap_map_pages;do_set_pte;pfn_pte
0.23% asm_exc_page_fault
     1.51%     0.00%  c2d      [kernel.kallsyms]     [k] exc_page_fault
0.32% exc_page_fault;do_user_addr_fault;handle_mm_fault;__handle_mm_fault;do_huge_pmd_anonymous_page;pte_alloc_one;__alloc_pages;get_page_from_freelist;clear_page_rep
0.30% exc_page_fault;do_user_addr_fault;handle_mm_fault;__handle_mm_fault;wp_page_copy;page_add_new_anon_rmap
0.30% exc_page_fault;do_user_addr_fault;handle_mm_fault;__handle_mm_fault;wp_page_copy;folio_add_lru;folio_batch_move_lru
0.29% exc_page_fault;do_user_addr_fault;handle_mm_fault;__handle_mm_fault;__cgroup_throttle_swaprate
0.29% exc_page_fault;do_user_addr_fault;handle_mm_fault;__handle_mm_fault;do_fault;filemap_map_pages;do_set_pte;pfn_pte
     1.51%     0.00%  c2d      [kernel.kallsyms]     [k] do_user_addr_fault
0.32% do_user_addr_fault;handle_mm_fault;__handle_mm_fault;do_huge_pmd_anonymous_page;pte_alloc_one;__alloc_pages;get_page_from_freelist;clear_page_rep
0.30% do_user_addr_fault;handle_mm_fault;__handle_mm_fault;wp_page_copy;page_add_new_anon_rmap
0.30% do_user_addr_fault;handle_mm_fault;__handle_mm_fault;wp_page_copy;folio_add_lru;folio_batch_move_lru
0.29% do_user_addr_fault;handle_mm_fault;__handle_mm_fault;__cgroup_throttle_swaprate
0.29% do_user_addr_fault;handle_mm_fault;__handle_mm_fault;do_fault;filemap_map_pages;do_set_pte;pfn_pte
     1.51%     0.00%  c2d      [kernel.kallsyms]     [k] handle_mm_fault
0.32% handle_mm_fault;__handle_mm_fault;do_huge_pmd_anonymous_page;pte_alloc_one;__alloc_pages;get_page_from_freelist;clear_page_rep
0.30% handle_mm_fault;__handle_mm_fault;wp_page_copy;page_add_new_anon_rmap
0.30% handle_mm_fault;__handle_mm_fault;wp_page_copy;folio_add_lru;folio_batch_move_lru
0.29% handle_mm_fault;__handle_mm_fault;__cgroup_throttle_swaprate
0.29% handle_mm_fault;__handle_mm_fault;do_fault;filemap_map_pages;do_set_pte;pfn_pte
     1.51%     0.00%  c2d      [kernel.kallsyms]     [k] __handle_mm_fault
0.32% __handle_mm_fault;do_huge_pmd_anonymous_page;pte_alloc_one;__alloc_pages;get_page_from_freelist;clear_page_rep
0.30% __handle_mm_fault;wp_page_copy;page_add_new_anon_rmap
0.30% __handle_mm_fault;wp_page_copy;folio_add_lru;folio_batch_move_lru
0.29% __handle_mm_fault;__cgroup_throttle_swaprate
0.29% __handle_mm_fault;do_fault;filemap_map_pages;do_set_pte;pfn_pte
     1.02%     0.00%  c2d      [kernel.kallsyms]     [k] vm_mmap_pgoff
0.30% vm_mmap_pgoff;do_mmap;mmap_region;can_vma_merge_before.isra.0
0.27% vm_mmap_pgoff;up_write
0.27% vm_mmap_pgoff;do_mmap
0.18% vm_mmap_pgoff;do_mmap;mmap_region;mas_preallocate;mas_alloc_nodes;kmem_cache_alloc_bulk;memset
     0.96%     0.32%  c2d      [kernel.kallsyms]     [k] task_tick_fair
0.32% task_tick_fair;update_load_avg
0.32% 0x7f441304624a;main;cnf2ddnnf_cmd_line;free_cache_manager;asm_sysvec_apic_timer_interrupt;sysvec_apic_timer_interrupt;__sysvec_apic_timer_interrupt;hrtimer_interrupt;__hrtimer_run_queues;tick_sched_timer;tick_sched_handle;update_process_times;scheduler_tick;task_tick_fair
0.32% task_tick_fair;update_curr
     0.93%     0.93%  c2d      [kernel.kallsyms]     [k] __irqentry_text_end
0.64% 0x7f441304624a;main;cnf2ddnnf_cmd_line;free_cache_manager;__irqentry_text_end
0.29% 0x7f441304624a;main;get_cnf_from_file;__irqentry_text_end
     0.86%     0.00%  c2d      ld-linux-x86-64.so.2  [.] 0x00007f441358fa58
0.58% 0x7f441358fa58;0x7f441358f22f;0x7f4413592c99;0x7f441358335a
0.28% 0x7f441358fa58;0x7f441358f22f;0x7f4413592c99;0x7f4413582f51
     0.86%     0.00%  c2d      ld-linux-x86-64.so.2  [.] 0x00007f441358f22f
0.58% 0x7f441358f22f;0x7f4413592c99;0x7f441358335a
0.28% 0x7f441358f22f;0x7f4413592c99;0x7f4413582f51
     0.86%     0.00%  c2d      ld-linux-x86-64.so.2  [.] 0x00007f4413592c99
0.58% 0x7f4413592c99;0x7f441358335a
0.28% 0x7f4413592c99;0x7f4413582f51
     0.79%     0.00%  c2d      [unknown]             [k] 0x00007f44135a88a8
0.27% 0x7f44135a88a8;0x7f441357d075;0x7f4413595ae3;entry_SYSCALL_64_after_hwframe;do_syscall_64;ksys_mmap_pgoff;vm_mmap_pgoff;up_write
0.27% 0x7f44135a88a8;0x7f441357d075;0x7f4413595ae3;entry_SYSCALL_64_after_hwframe;do_syscall_64;ksys_mmap_pgoff;vm_mmap_pgoff;do_mmap
0.25% 0x7f44135a88a8;0x7f441357d193;0x7f44135884b8
     0.75%     0.27%  c2d      [kernel.kallsyms]     [k] do_mmap
0.30% do_mmap;mmap_region;can_vma_merge_before.isra.0
0.27% 0x7f44135a88a8;0x7f441357d075;0x7f4413595ae3;entry_SYSCALL_64_after_hwframe;do_syscall_64;ksys_mmap_pgoff;vm_mmap_pgoff;do_mmap
0.18% do_mmap;mmap_region;mas_preallocate;mas_alloc_nodes;kmem_cache_alloc_bulk;memset
     0.64%     0.64%  c2d      [kernel.kallsyms]     [k] perf_event_task_tick
0.64% 0x7f441304624a;main;cnf2ddnnf_cmd_line;free_cache_manager;asm_sysvec_apic_timer_interrupt;sysvec_apic_timer_interrupt;__sysvec_apic_timer_interrupt;hrtimer_interrupt;__hrtimer_run_queues;tick_sched_timer;tick_sched_handle;update_process_times;scheduler_tick;perf_event_task_tick
     0.64%     0.32%  c2d      [kernel.kallsyms]     [k] __irq_exit_rcu
0.32% __irq_exit_rcu;handle_softirqs;rcu_core;rcu_do_batch;file_free_rcu
0.32% 0x7f441304624a;main;cnf2ddnnf_cmd_line;free_cache_manager;asm_sysvec_apic_timer_interrupt;sysvec_apic_timer_interrupt;__irq_exit_rcu
     0.64%     0.00%  c2d      [kernel.kallsyms]     [k] __x64_sys_exit_group
0.32% __x64_sys_exit_group;do_group_exit;do_exit;acct_collect
0.32% __x64_sys_exit_group;do_group_exit;do_exit;__mmput;exit_mmap;unmap_vmas;unmap_page_range;_compound_head
     0.64%     0.00%  c2d      [kernel.kallsyms]     [k] do_group_exit
0.32% do_group_exit;do_exit;acct_collect
0.32% do_group_exit;do_exit;__mmput;exit_mmap;unmap_vmas;unmap_page_range;_compound_head
     0.64%     0.00%  c2d      [kernel.kallsyms]     [k] do_exit
0.32% do_exit;acct_collect
0.32% do_exit;__mmput;exit_mmap;unmap_vmas;unmap_page_range;_compound_head
     0.61%     0.00%  c2d      c2d                   [.] compile_cnf
0.30% compile_cnf;compile_dt;compile_dt;compile_decomposed;lookup_or_compile_dt;compile_decomposed;lookup_or_compile_dt;compile_dt;compile_dt;compile_decomposed;conjoin_nnfs_lits;conjoin_relevant_lits;get_and_node;asm_exc_page_fault;exc_page_fault;do_user_addr_fault;handle_mm_fault;__handle_mm_fault;wp_page_copy;page_add_new_anon_rmap
0.30% compile_cnf;compile_dt;compile_dt;compile_decomposed;lookup_or_compile_dt;compile_decomposed;lookup_or_compile_dt;compile_dt;compile_dt;compile_decomposed;lookup_or_compile_dt;compile_decomposed;lookup_or_compile_dt;compile_decomposed;lookup_or_compile_dt;compile_decomposed;lookup_or_compile_dt;compile_dt;compile_dt;compile_decomposed;lookup_or_compile_dt;compile_decomposed;lookup_or_compile_dt;compile_decomposed;lookup_or_compile_dt;compile_decomposed;lookup_or_compile_dt;compile_dt;compile_dt;compile_decomposed;conjoin_nnfs_lits;conjoin_relevant_lits;get_and_node;asm_exc_page_fault;exc_page_fault;do_user_addr_fault;handle_mm_fault;__handle_mm_fault;wp_page_copy;folio_add_lru;folio_batch_move_lru
     0.61%     0.00%  c2d      c2d                   [.] compile_dt
0.30% compile_dt;compile_dt;compile_decomposed;lookup_or_compile_dt;compile_decomposed;lookup_or_compile_dt;compile_dt;compile_dt;compile_decomposed;conjoin_nnfs_lits;conjoin_relevant_lits;get_and_node;asm_exc_page_fault;exc_page_fault;do_user_addr_fault;handle_mm_fault;__handle_mm_fault;wp_page_copy;page_add_new_anon_rmap
0.30% compile_dt;compile_dt;compile_decomposed;lookup_or_compile_dt;compile_decomposed;lookup_or_compile_dt;compile_dt;compile_dt;compile_decomposed;lookup_or_compile_dt;compile_decomposed;lookup_or_compile_dt;compile_decomposed;lookup_or_compile_dt;compile_decomposed;lookup_or_compile_dt;compile_dt;compile_dt;compile_decomposed;lookup_or_compile_dt;compile_decomposed;lookup_or_compile_dt;compile_decomposed;lookup_or_compile_dt;compile_decomposed;lookup_or_compile_dt;compile_dt;compile_dt;compile_decomposed;conjoin_nnfs_lits;conjoin_relevant_lits;get_and_node;asm_exc_page_fault;exc_page_fault;do_user_addr_fault;handle_mm_fault;__handle_mm_fault;wp_page_copy;folio_add_lru;folio_batch_move_lru
     0.61%     0.00%  c2d      c2d                   [.] compile_decomposed
0.30% compile_decomposed;lookup_or_compile_dt;compile_decomposed;lookup_or_compile_dt;compile_dt;compile_dt;compile_decomposed;conjoin_nnfs_lits;conjoin_relevant_lits;get_and_node;asm_exc_page_fault;exc_page_fault;do_user_addr_fault;handle_mm_fault;__handle_mm_fault;wp_page_copy;page_add_new_anon_rmap
0.30% compile_decomposed;lookup_or_compile_dt;compile_decomposed;lookup_or_compile_dt;compile_dt;compile_dt;compile_decomposed;lookup_or_compile_dt;compile_decomposed;lookup_or_compile_dt;compile_decomposed;lookup_or_compile_dt;compile_decomposed;lookup_or_compile_dt;compile_dt;compile_dt;compile_decomposed;lookup_or_compile_dt;compile_decomposed;lookup_or_compile_dt;compile_decomposed;lookup_or_compile_dt;compile_decomposed;lookup_or_compile_dt;compile_dt;compile_dt;compile_decomposed;conjoin_nnfs_lits;conjoin_relevant_lits;get_and_node;asm_exc_page_fault;exc_page_fault;do_user_addr_fault;handle_mm_fault;__handle_mm_fault;wp_page_copy;folio_add_lru;folio_batch_move_lru
     0.61%     0.00%  c2d      c2d                   [.] lookup_or_compile_dt
0.30% lookup_or_compile_dt;compile_decomposed;lookup_or_compile_dt;compile_dt;compile_dt;compile_decomposed;conjoin_nnfs_lits;conjoin_relevant_lits;get_and_node;asm_exc_page_fault;exc_page_fault;do_user_addr_fault;handle_mm_fault;__handle_mm_fault;wp_page_copy;page_add_new_anon_rmap
0.30% lookup_or_compile_dt;compile_decomposed;lookup_or_compile_dt;compile_dt;compile_dt;compile_decomposed;lookup_or_compile_dt;compile_decomposed;lookup_or_compile_dt;compile_decomposed;lookup_or_compile_dt;compile_decomposed;lookup_or_compile_dt;compile_dt;compile_dt;compile_decomposed;lookup_or_compile_dt;compile_decomposed;lookup_or_compile_dt;compile_decomposed;lookup_or_compile_dt;compile_decomposed;lookup_or_compile_dt;compile_dt;compile_dt;compile_decomposed;conjoin_nnfs_lits;conjoin_relevant_lits;get_and_node;asm_exc_page_fault;exc_page_fault;do_user_addr_fault;handle_mm_fault;__handle_mm_fault;wp_page_copy;folio_add_lru;folio_batch_move_lru
     0.61%     0.00%  c2d      c2d                   [.] conjoin_nnfs_lits
0.30% conjoin_nnfs_lits;conjoin_relevant_lits;get_and_node;asm_exc_page_fault;exc_page_fault;do_user_addr_fault;handle_mm_fault;__handle_mm_fault;wp_page_copy;page_add_new_anon_rmap
0.30% conjoin_nnfs_lits;conjoin_relevant_lits;get_and_node;asm_exc_page_fault;exc_page_fault;do_user_addr_fault;handle_mm_fault;__handle_mm_fault;wp_page_copy;folio_add_lru;folio_batch_move_lru
     0.61%     0.00%  c2d      c2d                   [.] conjoin_relevant_lits
0.30% conjoin_relevant_lits;get_and_node;asm_exc_page_fault;exc_page_fault;do_user_addr_fault;handle_mm_fault;__handle_mm_fault;wp_page_copy;page_add_new_anon_rmap
0.30% conjoin_relevant_lits;get_and_node;asm_exc_page_fault;exc_page_fault;do_user_addr_fault;handle_mm_fault;__handle_mm_fault;wp_page_copy;folio_add_lru;folio_batch_move_lru
     0.61%     0.00%  c2d      c2d                   [.] get_and_node
0.30% get_and_node;asm_exc_page_fault;exc_page_fault;do_user_addr_fault;handle_mm_fault;__handle_mm_fault;wp_page_copy;page_add_new_anon_rmap
0.30% get_and_node;asm_exc_page_fault;exc_page_fault;do_user_addr_fault;handle_mm_fault;__handle_mm_fault;wp_page_copy;folio_add_lru;folio_batch_move_lru
     0.61%     0.00%  c2d      [kernel.kallsyms]     [k] wp_page_copy
0.30% wp_page_copy;page_add_new_anon_rmap
0.30% wp_page_copy;folio_add_lru;folio_batch_move_lru
     0.58%     0.58%  c2d      ld-linux-x86-64.so.2  [.] 0x000000000000e354
0.58% 0x7f441358fa58;0x7f441358f22f;0x7f4413592c99;0x7f441358335a
     0.58%     0.00%  c2d      ld-linux-x86-64.so.2  [.] 0x00007f441358335a
0.58% 0x7f441358335a
     0.58%     0.00%  c2d      [unknown]             [.] 0x0000000000000001
0.29% 0x1;0x7f44130b70d9;asm_exc_page_fault;exc_page_fault;do_user_addr_fault;handle_mm_fault;__handle_mm_fault;__cgroup_throttle_swaprate
0.29% 0x1;std::__timepunct<wchar_t>::__timepunct;asm_exc_page_fault;exc_page_fault;do_user_addr_fault;handle_mm_fault;__handle_mm_fault;do_fault;filemap_map_pages;do_set_pte;pfn_pte
     0.58%     0.00%  c2d      c2d                   [.] get_cnf_from_file
0.29% get_cnf_from_file;set_validity
0.29% get_cnf_from_file;__irqentry_text_end
     0.54%     0.00%  c2d      ld-linux-x86-64.so.2  [.] 0x00007f441357d075
0.27% 0x7f441357d075;0x7f4413595ae3;entry_SYSCALL_64_after_hwframe;do_syscall_64;ksys_mmap_pgoff;vm_mmap_pgoff;up_write
0.27% 0x7f441357d075;0x7f4413595ae3;entry_SYSCALL_64_after_hwframe;do_syscall_64;ksys_mmap_pgoff;vm_mmap_pgoff;do_mmap
     0.54%     0.00%  c2d      ld-linux-x86-64.so.2  [.] 0x00007f4413595ae3
0.27% 0x7f4413595ae3;entry_SYSCALL_64_after_hwframe;do_syscall_64;ksys_mmap_pgoff;vm_mmap_pgoff;up_write
0.27% 0x7f4413595ae3;entry_SYSCALL_64_after_hwframe;do_syscall_64;ksys_mmap_pgoff;vm_mmap_pgoff;do_mmap
     0.54%     0.00%  c2d      [kernel.kallsyms]     [k] ksys_mmap_pgoff
0.27% ksys_mmap_pgoff;vm_mmap_pgoff;up_write
0.27% ksys_mmap_pgoff;vm_mmap_pgoff;do_mmap
     0.48%     0.00%  c2d      [kernel.kallsyms]     [k] mmap_region
0.30% mmap_region;can_vma_merge_before.isra.0
0.18% mmap_region;mas_preallocate;mas_alloc_nodes;kmem_cache_alloc_bulk;memset
     0.32%     0.32%  c2d      [kernel.kallsyms]     [k] rb_erase
0.32% 0x7f441304624a;main;cnf2ddnnf_cmd_line;free_cache_manager;asm_sysvec_apic_timer_interrupt;sysvec_apic_timer_interrupt;__sysvec_apic_timer_interrupt;hrtimer_interrupt;__hrtimer_run_queues;timerqueue_del;rb_erase
     0.32%     0.00%  c2d      [kernel.kallsyms]     [k] timerqueue_del
0.32% timerqueue_del;rb_erase
     0.32%     0.32%  c2d      [kernel.kallsyms]     [k] update_load_avg
0.32% 0x7f441304624a;main;cnf2ddnnf_cmd_line;free_cache_manager;asm_sysvec_apic_timer_interrupt;sysvec_apic_timer_interrupt;__sysvec_apic_timer_interrupt;hrtimer_interrupt;__hrtimer_run_queues;tick_sched_timer;tick_sched_handle;update_process_times;scheduler_tick;task_tick_fair;update_load_avg
     0.32%     0.32%  c2d      [kernel.kallsyms]     [k] _raw_spin_lock
0.32% 0x7f441304624a;main;cnf2ddnnf_cmd_line;free_cache_manager;asm_sysvec_apic_timer_interrupt;sysvec_apic_timer_interrupt;__sysvec_apic_timer_interrupt;hrtimer_interrupt;__hrtimer_run_queues;tick_sched_timer;tick_sched_handle;update_process_times;scheduler_tick;_raw_spin_lock
     0.32%     0.32%  c2d      libc.so.6             [.] cfree
0.32% 0x7f441304624a;main;cnf2ddnnf_cmd_line;free_dtree_manager;free_dtree;free_dtree;free_dtree;free_dtree;free_dtree;free_dtree;free_dtree;free_dtree;free_dtree;free_dtree;free_dtree;cfree
     0.32%     0.00%  c2d      c2d                   [.] free_dtree_manager
0.32% free_dtree_manager;free_dtree;free_dtree;free_dtree;free_dtree;free_dtree;free_dtree;free_dtree;free_dtree;free_dtree;free_dtree;free_dtree;cfree
     0.32%     0.00%  c2d      c2d                   [.] free_dtree
0.32% free_dtree;free_dtree;free_dtree;free_dtree;free_dtree;free_dtree;free_dtree;free_dtree;free_dtree;free_dtree;free_dtree;cfree
     0.32%     0.32%  c2d      [kernel.kallsyms]     [k] file_free_rcu
0.32% 0x7f441304624a;main;cnf2ddnnf_cmd_line;free_cache_manager;asm_sysvec_apic_timer_interrupt;sysvec_apic_timer_interrupt;__irq_exit_rcu;handle_softirqs;rcu_core;rcu_do_batch;file_free_rcu
     0.32%     0.00%  c2d      [kernel.kallsyms]     [k] handle_softirqs
0.32% handle_softirqs;rcu_core;rcu_do_batch;file_free_rcu
     0.32%     0.00%  c2d      [kernel.kallsyms]     [k] rcu_core
0.32% rcu_core;rcu_do_batch;file_free_rcu
     0.32%     0.00%  c2d      [kernel.kallsyms]     [k] rcu_do_batch
0.32% rcu_do_batch;file_free_rcu
     0.32%     0.32%  c2d      [kernel.kallsyms]     [k] arch_scale_freq_tick
0.32% 0x7f441304624a;main;cnf2ddnnf_cmd_line;free_cache_manager;asm_sysvec_apic_timer_interrupt;sysvec_apic_timer_interrupt;__sysvec_apic_timer_interrupt;hrtimer_interrupt;__hrtimer_run_queues;tick_sched_timer;tick_sched_handle;update_process_times;scheduler_tick;arch_scale_freq_tick
     0.32%     0.32%  c2d      [kernel.kallsyms]     [k] clear_page_rep
0.32% 0x7f441304624a;main;cnf2ddnnf_cmd_line;free_cache_manager;asm_exc_page_fault;exc_page_fault;do_user_addr_fault;handle_mm_fault;__handle_mm_fault;do_huge_pmd_anonymous_page;pte_alloc_one;__alloc_pages;get_page_from_freelist;clear_page_rep
     0.32%     0.00%  c2d      [kernel.kallsyms]     [k] do_huge_pmd_anonymous_page
0.32% do_huge_pmd_anonymous_page;pte_alloc_one;__alloc_pages;get_page_from_freelist;clear_page_rep
     0.32%     0.00%  c2d      [kernel.kallsyms]     [k] pte_alloc_one
0.32% pte_alloc_one;__alloc_pages;get_page_from_freelist;clear_page_rep
     0.32%     0.00%  c2d      [kernel.kallsyms]     [k] __alloc_pages
0.32% __alloc_pages;get_page_from_freelist;clear_page_rep
     0.32%     0.00%  c2d      [kernel.kallsyms]     [k] get_page_from_freelist
0.32% get_page_from_freelist;clear_page_rep
     0.32%     0.32%  c2d      [kernel.kallsyms]     [k] update_curr
0.32% 0x7f441304624a;main;cnf2ddnnf_cmd_line;free_cache_manager;asm_sysvec_apic_timer_interrupt;sysvec_apic_timer_interrupt;__sysvec_apic_timer_interrupt;hrtimer_interrupt;__hrtimer_run_queues;tick_sched_timer;tick_sched_handle;update_process_times;scheduler_tick;task_tick_fair;update_curr
     0.32%     0.32%  c2d      [kernel.kallsyms]     [k] acct_collect
0.32% _exit;entry_SYSCALL_64_after_hwframe;do_syscall_64;__x64_sys_exit_group;do_group_exit;do_exit;acct_collect
     0.32%     0.00%  c2d      libc.so.6             [.] _exit
0.32% _exit;entry_SYSCALL_64_after_hwframe;do_syscall_64;__x64_sys_exit_group;do_group_exit;do_exit;acct_collect
     0.32%     0.32%  c2d      [kernel.kallsyms]     [k] update_rq_clock
0.32% 0x7f441304624a;main;cnf2ddnnf_cmd_line;free_cache_manager;asm_sysvec_apic_timer_interrupt;sysvec_apic_timer_interrupt;__sysvec_apic_timer_interrupt;hrtimer_interrupt;__hrtimer_run_queues;tick_sched_timer;tick_sched_handle;update_process_times;scheduler_tick;update_rq_clock
     0.32%     0.32%  c2d      [kernel.kallsyms]     [k] _compound_head
0.32% entry_SYSCALL_64_after_hwframe;do_syscall_64;__x64_sys_exit_group;do_group_exit;do_exit;__mmput;exit_mmap;unmap_vmas;unmap_page_range;_compound_head
     0.32%     0.00%  c2d      [kernel.kallsyms]     [k] __mmput
0.32% __mmput;exit_mmap;unmap_vmas;unmap_page_range;_compound_head
     0.32%     0.00%  c2d      [kernel.kallsyms]     [k] exit_mmap
0.32% exit_mmap;unmap_vmas;unmap_page_range;_compound_head
     0.32%     0.00%  c2d      [kernel.kallsyms]     [k] unmap_vmas
0.32% unmap_vmas;unmap_page_range;_compound_head
     0.32%     0.00%  c2d      [kernel.kallsyms]     [k] unmap_page_range
0.32% unmap_page_range;_compound_head
     0.30%     0.30%  c2d      [kernel.kallsyms]     [k] page_add_new_anon_rmap
0.30% 0x7f441304624a;main;cnf2ddnnf_cmd_line;compile_cnf;compile_dt;compile_dt;compile_decomposed;lookup_or_compile_dt;compile_decomposed;lookup_or_compile_dt;compile_dt;compile_dt;compile_decomposed;conjoin_nnfs_lits;conjoin_relevant_lits;get_and_node;asm_exc_page_fault;exc_page_fault;do_user_addr_fault;handle_mm_fault;__handle_mm_fault;wp_page_copy;page_add_new_anon_rmap
     0.30%     0.30%  c2d      [kernel.kallsyms]     [k] folio_batch_move_lru
0.30% 0x7f441304624a;main;cnf2ddnnf_cmd_line;compile_cnf;compile_dt;compile_dt;compile_decomposed;lookup_or_compile_dt;compile_decomposed;lookup_or_compile_dt;compile_dt;compile_dt;compile_decomposed;lookup_or_compile_dt;compile_decomposed;lookup_or_compile_dt;compile_decomposed;lookup_or_compile_dt;compile_decomposed;lookup_or_compile_dt;compile_dt;compile_dt;compile_decomposed;lookup_or_compile_dt;compile_decomposed;lookup_or_compile_dt;compile_decomposed;lookup_or_compile_dt;compile_decomposed;lookup_or_compile_dt;compile_dt;compile_dt;compile_decomposed;conjoin_nnfs_lits;conjoin_relevant_lits;get_and_node;asm_exc_page_fault;exc_page_fault;do_user_addr_fault;handle_mm_fault;__handle_mm_fault;wp_page_copy;folio_add_lru;folio_batch_move_lru
     0.30%     0.00%  c2d      [kernel.kallsyms]     [k] folio_add_lru
0.30% folio_add_lru;folio_batch_move_lru
     0.30%     0.30%  c2d      [kernel.kallsyms]     [k] can_vma_merge_before.isra.0
0.30% __mmap;entry_SYSCALL_64_after_hwframe;do_syscall_64;vm_mmap_pgoff;do_mmap;mmap_region;can_vma_merge_before.isra.0
     0.30%     0.00%  c2d      libc.so.6             [.] __mmap
0.30% __mmap;entry_SYSCALL_64_after_hwframe;do_syscall_64;vm_mmap_pgoff;do_mmap;mmap_region;can_vma_merge_before.isra.0
     0.30%     0.30%  c2d      libc.so.6             [.] 0x0000000000027107
0.30% 0x7f441304610e
     0.30%     0.00%  c2d      libc.so.6             [.] 0x00007f441304610e
0.30% 0x7f441304610e
     0.30%     0.30%  c2d      c2d                   [.] hdtree2dtree
0.30% 0x7f441304624a;main;cnf2ddnnf_cmd_line;construct_dtree_manager;hdtree2dtree;hdtree2dtree;hdtree2dtree;hdtree2dtree;hdtree2dtree;hdtree2dtree;hdtree2dtree;hdtree2dtree;hdtree2dtree;hdtree2dtree;hdtree2dtree;hdtree2dtree;hdtree2dtree;hdtree2dtree;hdtree2dtree
     0.30%     0.00%  c2d      c2d                   [.] construct_dtree_manager
0.30% construct_dtree_manager;hdtree2dtree;hdtree2dtree;hdtree2dtree;hdtree2dtree;hdtree2dtree;hdtree2dtree;hdtree2dtree;hdtree2dtree;hdtree2dtree;hdtree2dtree;hdtree2dtree;hdtree2dtree;hdtree2dtree;hdtree2dtree;hdtree2dtree
     0.30%     0.30%  c2d      ld-linux-x86-64.so.2  [.] 0x0000000000009986
0.30% 0x20cde8;0x7f441327a758;0x7f441357e960
     0.30%     0.00%  c2d      [unknown]             [.] 0x000000000020cde8
0.30% 0x20cde8;0x7f441327a758;0x7f441357e960
     0.30%     0.00%  c2d      [unknown]             [.] 0x00007f441327a758
0.30% 0x7f441327a758;0x7f441357e960
     0.30%     0.00%  c2d      ld-linux-x86-64.so.2  [.] 0x00007f441357e960
0.30% 0x7f441357e960
     0.29%     0.29%  c2d      [kernel.kallsyms]     [k] __cgroup_throttle_swaprate
0.29% 0x1;0x7f44130b70d9;asm_exc_page_fault;exc_page_fault;do_user_addr_fault;handle_mm_fault;__handle_mm_fault;__cgroup_throttle_swaprate
     0.29%     0.00%  c2d      libc.so.6             [.] 0x00007f44130b70d9
0.29% 0x7f44130b70d9;asm_exc_page_fault;exc_page_fault;do_user_addr_fault;handle_mm_fault;__handle_mm_fault;__cgroup_throttle_swaprate
     0.29%     0.29%  c2d      c2d                   [.] set_validity
0.29% 0x7f441304624a;main;get_cnf_from_file;set_validity
     0.29%     0.29%  c2d      [kernel.kallsyms]     [k] pfn_pte
0.29% 0x48fb89485300148e;std::__moneypunct_cache<wchar_t, false>::~__moneypunct_cache;0x1;std::__timepunct<wchar_t>::__timepunct;asm_exc_page_fault;exc_page_fault;do_user_addr_fault;handle_mm_fault;__handle_mm_fault;do_fault;filemap_map_pages;do_set_pte;pfn_pte
     0.29%     0.00%  c2d      [unknown]             [k] 0x48fb89485300148e
0.29% 0x48fb89485300148e;std::__moneypunct_cache<wchar_t, false>::~__moneypunct_cache;0x1;std::__timepunct<wchar_t>::__timepunct;asm_exc_page_fault;exc_page_fault;do_user_addr_fault;handle_mm_fault;__handle_mm_fault;do_fault;filemap_map_pages;do_set_pte;pfn_pte
     0.29%     0.00%  c2d      libstdc++.so.6.0.30   [.] std::__moneypunct_cache<wchar_t, false>::~__moneypunct_cache
0.29% std::__moneypunct_cache<wchar_t, false>::~__moneypunct_cache;0x1;std::__timepunct<wchar_t>::__timepunct;asm_exc_page_fault;exc_page_fault;do_user_addr_fault;handle_mm_fault;__handle_mm_fault;do_fault;filemap_map_pages;do_set_pte;pfn_pte
     0.29%     0.00%  c2d      libstdc++.so.6.0.30   [.] std::__timepunct<wchar_t>::__timepunct
0.29% std::__timepunct<wchar_t>::__timepunct;asm_exc_page_fault;exc_page_fault;do_user_addr_fault;handle_mm_fault;__handle_mm_fault;do_fault;filemap_map_pages;do_set_pte;pfn_pte
     0.29%     0.00%  c2d      [kernel.kallsyms]     [k] do_fault
0.29% do_fault;filemap_map_pages;do_set_pte;pfn_pte
     0.29%     0.00%  c2d      [kernel.kallsyms]     [k] filemap_map_pages
0.29% filemap_map_pages;do_set_pte;pfn_pte
     0.29%     0.00%  c2d      [kernel.kallsyms]     [k] do_set_pte
0.29% do_set_pte;pfn_pte
     0.29%     0.29%  c2d      ld-linux-x86-64.so.2  [.] 0x00000000000090e9
0.29% 0x7f441357e0ea
     0.29%     0.00%  c2d      ld-linux-x86-64.so.2  [.] 0x00007f441357e0ea
0.29% 0x7f441357e0ea
     0.28%     0.28%  c2d      ld-linux-x86-64.so.2  [.] 0x000000000000df4d
0.28% 0x7f441358fa58;0x7f441358f22f;0x7f4413592c99;0x7f4413582f51
     0.28%     0.00%  c2d      ld-linux-x86-64.so.2  [.] 0x00007f4413582f51
0.28% 0x7f4413582f51
     0.27%     0.27%  c2d      [kernel.kallsyms]     [k] up_write
0.27% 0x7f44135a88a8;0x7f441357d075;0x7f4413595ae3;entry_SYSCALL_64_after_hwframe;do_syscall_64;ksys_mmap_pgoff;vm_mmap_pgoff;up_write
     0.27%     0.00%  c2d      [unknown]             [k] 0x00007f94a14f3a97
0.18% 0x7f94a14f3a97;entry_SYSCALL_64_after_hwframe;do_syscall_64;__x64_sys_execve;do_execveat_common.isra.0;bprm_execve;load_elf_binary;elf_map;vm_mmap_pgoff;do_mmap;mmap_region;mas_preallocate;mas_alloc_nodes;kmem_cache_alloc_bulk;memset
0.09% 0x7f94a14f3a97;entry_SYSCALL_64_after_hwframe;do_syscall_64;__x64_sys_execve;do_execveat_common.isra.0;bprm_execve;load_elf_binary;setup_new_exec;arch_pick_mmap_layout;get_random_u64
     0.27%     0.00%  c2d      [kernel.kallsyms]     [k] __x64_sys_execve
0.18% __x64_sys_execve;do_execveat_common.isra.0;bprm_execve;load_elf_binary;elf_map;vm_mmap_pgoff;do_mmap;mmap_region;mas_preallocate;mas_alloc_nodes;kmem_cache_alloc_bulk;memset
0.09% __x64_sys_execve;do_execveat_common.isra.0;bprm_execve;load_elf_binary;setup_new_exec;arch_pick_mmap_layout;get_random_u64
     0.27%     0.00%  c2d      [kernel.kallsyms]     [k] do_execveat_common.isra.0
0.18% do_execveat_common.isra.0;bprm_execve;load_elf_binary;elf_map;vm_mmap_pgoff;do_mmap;mmap_region;mas_preallocate;mas_alloc_nodes;kmem_cache_alloc_bulk;memset
0.09% do_execveat_common.isra.0;bprm_execve;load_elf_binary;setup_new_exec;arch_pick_mmap_layout;get_random_u64
     0.27%     0.00%  c2d      [kernel.kallsyms]     [k] bprm_execve
0.18% bprm_execve;load_elf_binary;elf_map;vm_mmap_pgoff;do_mmap;mmap_region;mas_preallocate;mas_alloc_nodes;kmem_cache_alloc_bulk;memset
0.09% bprm_execve;load_elf_binary;setup_new_exec;arch_pick_mmap_layout;get_random_u64
     0.27%     0.00%  c2d      [kernel.kallsyms]     [k] load_elf_binary
0.18% load_elf_binary;elf_map;vm_mmap_pgoff;do_mmap;mmap_region;mas_preallocate;mas_alloc_nodes;kmem_cache_alloc_bulk;memset
0.09% load_elf_binary;setup_new_exec;arch_pick_mmap_layout;get_random_u64
     0.25%     0.25%  c2d      [kernel.kallsyms]     [k] native_irq_return_iret
0.25% 0x7f44135a88a8;0x7f441357d193;0x7f44135884b8
     0.25%     0.00%  c2d      ld-linux-x86-64.so.2  [.] 0x00007f441357d193
0.25% 0x7f441357d193;0x7f44135884b8
     0.25%     0.00%  c2d      ld-linux-x86-64.so.2  [.] 0x00007f44135884b8
0.25% 0x7f44135884b8
     0.23%     0.23%  c2d      ld-linux-x86-64.so.2  [.] 0x000000000001aa50
0.23% 0x7f441358fa50;asm_exc_page_fault
     0.23%     0.00%  c2d      ld-linux-x86-64.so.2  [.] 0x00007f441358fa50
0.23% 0x7f441358fa50;asm_exc_page_fault
     0.18%     0.18%  c2d      [kernel.kallsyms]     [k] memset
0.18% 0x7f94a14f3a97;entry_SYSCALL_64_after_hwframe;do_syscall_64;__x64_sys_execve;do_execveat_common.isra.0;bprm_execve;load_elf_binary;elf_map;vm_mmap_pgoff;do_mmap;mmap_region;mas_preallocate;mas_alloc_nodes;kmem_cache_alloc_bulk;memset
     0.18%     0.00%  c2d      [kernel.kallsyms]     [k] elf_map
0.18% elf_map;vm_mmap_pgoff;do_mmap;mmap_region;mas_preallocate;mas_alloc_nodes;kmem_cache_alloc_bulk;memset
     0.18%     0.00%  c2d      [kernel.kallsyms]     [k] mas_preallocate
0.18% mas_preallocate;mas_alloc_nodes;kmem_cache_alloc_bulk;memset
     0.18%     0.00%  c2d      [kernel.kallsyms]     [k] mas_alloc_nodes
0.18% mas_alloc_nodes;kmem_cache_alloc_bulk;memset
     0.18%     0.00%  c2d      [kernel.kallsyms]     [k] kmem_cache_alloc_bulk
0.18% kmem_cache_alloc_bulk;memset
     0.09%     0.09%  c2d      [kernel.kallsyms]     [k] get_random_u64
0.09% 0x7f94a14f3a97;entry_SYSCALL_64_after_hwframe;do_syscall_64;__x64_sys_execve;do_execveat_common.isra.0;bprm_execve;load_elf_binary;setup_new_exec;arch_pick_mmap_layout;get_random_u64
     0.09%     0.00%  c2d      [kernel.kallsyms]     [k] setup_new_exec
0.09% setup_new_exec;arch_pick_mmap_layout;get_random_u64
     0.09%     0.00%  c2d      [kernel.kallsyms]     [k] arch_pick_mmap_layout
0.09% arch_pick_mmap_layout;get_random_u64
     0.02%     0.00%  perf-ex  [unknown]             [k] 0x00007f94a14f3a97
0.02% 0x7f94a14f3a97;entry_SYSCALL_64_after_hwframe;do_syscall_64;__x64_sys_execve;do_execveat_common.isra.0;bprm_execve;load_elf_binary;begin_new_exec;perf_event_exec
     0.02%     0.00%  perf-ex  [kernel.kallsyms]     [k] entry_SYSCALL_64_after_hwframe
0.02% entry_SYSCALL_64_after_hwframe;do_syscall_64;__x64_sys_execve;do_execveat_common.isra.0;bprm_execve;load_elf_binary;begin_new_exec;perf_event_exec
     0.02%     0.02%  perf-ex  [kernel.kallsyms]     [k] perf_event_exec
0.02% 0x7f94a14f3a97;entry_SYSCALL_64_after_hwframe;do_syscall_64;__x64_sys_execve;do_execveat_common.isra.0;bprm_execve;load_elf_binary;begin_new_exec;perf_event_exec
     0.02%     0.00%  perf-ex  [kernel.kallsyms]     [k] do_syscall_64
0.02% do_syscall_64;__x64_sys_execve;do_execveat_common.isra.0;bprm_execve;load_elf_binary;begin_new_exec;perf_event_exec
     0.02%     0.00%  perf-ex  [kernel.kallsyms]     [k] __x64_sys_execve
0.02% __x64_sys_execve;do_execveat_common.isra.0;bprm_execve;load_elf_binary;begin_new_exec;perf_event_exec
     0.02%     0.00%  perf-ex  [kernel.kallsyms]     [k] do_execveat_common.isra.0
0.02% do_execveat_common.isra.0;bprm_execve;load_elf_binary;begin_new_exec;perf_event_exec
     0.02%     0.00%  perf-ex  [kernel.kallsyms]     [k] bprm_execve
0.02% bprm_execve;load_elf_binary;begin_new_exec;perf_event_exec
     0.02%     0.00%  perf-ex  [kernel.kallsyms]     [k] load_elf_binary
0.02% load_elf_binary;begin_new_exec;perf_event_exec
     0.02%     0.00%  perf-ex  [kernel.kallsyms]     [k] begin_new_exec
0.02% begin_new_exec;perf_event_exec
     0.00%     0.00%  perf-ex  [kernel.kallsyms]     [k] native_write_msr
     0.00%     0.00%  perf-ex  [kernel.kallsyms]     [k] __intel_pmu_enable_all.constprop.0
     0.00%     0.00%  perf-ex  [kernel.kallsyms]     [k] fill_pmd
     0.00%     0.00%  perf-ex  [kernel.kallsyms]     [k] intel_pmu_handle_irq


#
# (Tip: To show context switches in perf report sample context add --switch-events to perf record.)
#
