# To display the perf.data header info, please use --header/--header-only options.
#
#
# Total Lost Samples: 0
#
# Samples: 326  of event 'cycles'
# Event count (approx.): 226596640
#
# Children      Self  Command  Shared Object         Symbol                                
# ........  ........  .......  ....................  ......................................
#
    94.44%     0.00%  c2d      libc.so.6             [.] 0x00007fcd2224624a
90.38% 0x7fcd2224624a;main;cnf2ddnnf_cmd_line;free_cache_manager
0.64% 0x7fcd2224624a;main;cnf2ddnnf_cmd_line;free_cache_manager;asm_exc_page_fault;exc_page_fault;do_user_addr_fault;handle_mm_fault;__handle_mm_fault;do_huge_pmd_anonymous_page;pte_alloc_one;__alloc_pages;get_page_from_freelist;__list_del_entry_valid
0.32% 0x7fcd2224624a;main;cnf2ddnnf_cmd_line;free_cache_manager;asm_sysvec_apic_timer_interrupt;sysvec_apic_timer_interrupt;__irq_exit_rcu;handle_softirqs;rcu_core;rcu_do_batch;rcu_cblist_dequeue
0.32% 0x7fcd2224624a;main;cnf2ddnnf_cmd_line;free_cache_manager;asm_exc_page_fault;exc_page_fault;do_user_addr_fault;handle_mm_fault;__handle_mm_fault;do_huge_pmd_anonymous_page;mm_get_huge_zero_page
0.31% 0x7fcd2224624a;main;cnf2ddnnf_cmd_line;compile_cnf;compile_dt;compile_dt;compile_decomposed;lookup_or_compile_dt;compile_decomposed;lookup_or_compile_dt;compile_dt;compile_dt;compile_decomposed;lookup_or_compile_dt;compile_decomposed;lookup_or_compile_dt;compile_decomposed;lookup_or_compile_dt;compile_decomposed;lookup_or_compile_dt;compile_dt;compile_dt;compile_decomposed;lookup_or_compile_dt;compile_decomposed;lookup_or_compile_dt;compile_decomposed;lookup_or_compile_dt;compile_decomposed;lookup_or_compile_dt;lookup_cnf_cache;asm_exc_page_fault;exc_page_fault;do_user_addr_fault;handle_mm_fault;__handle_mm_fault;do_huge_pmd_anonymous_page;pte_alloc_one;__alloc_pages;get_page_from_freelist;clear_page_rep
0.31% 0x7fcd2224624a;main;cnf2ddnnf_cmd_line;compile_cnf;compile_dt;compile_dt;compile_decomposed;lookup_or_compile_dt;compile_decomposed;lookup_or_compile_dt;compile_dt;compile_dt;compile_decomposed;conjoin_nnfs_lits;conjoin_relevant_lits;get_and_node;asm_exc_page_fault;exc_page_fault;do_user_addr_fault;handle_mm_fault;__handle_mm_fault;wp_page_copy;vma_alloc_folio;__folio_alloc;__alloc_pages;get_page_from_freelist;clear_page_rep
0.31% 0x7fcd2224624a;main;cnf2ddnnf_cmd_line;compile_cnf;compile_dt;compile_dt;compile_decomposed;lookup_or_compile_dt;compile_decomposed;lookup_or_compile_dt;compile_dt;compile_dt;compile_decomposed;lookup_or_compile_dt;compile_decomposed;lookup_or_compile_dt;compile_decomposed;lookup_or_compile_dt;compile_decomposed;lookup_or_compile_dt;compile_dt;compile_dt;compile_decomposed;lookup_or_compile_dt;compile_decomposed;lookup_or_compile_dt;compile_decomposed;lookup_or_compile_dt;compile_decomposed;lookup_or_compile_dt;compile_dt;compile_dt;compile_decomposed;lookup_or_compile_dt;compile_decomposed;lookup_or_compile_dt;compile_decomposed;lookup_or_compile_dt;compile_decomposed;lookup_or_compile_dt;compile_dt;compile_dt;compile_decomposed;lookup_or_compile_dt;compile_decomposed;lookup_or_compile_dt;compile_decomposed;lookup_or_compile_dt;compile_decomposed;lookup_or_compile_dt;compile_dt;select_separator;update_separator_score;log2
0.31% 0x7fcd2224624a;main;cnf2ddnnf_cmd_line;compile_cnf;compile_dt;compile_dt;compile_decomposed;lookup_or_compile_dt;compile_decomposed;lookup_or_compile_dt;compile_dt;compile_dt;compile_decomposed;lookup_or_compile_dt;compile_decomposed;lookup_or_compile_dt;compile_decomposed;lookup_or_compile_dt;compile_decomposed;lookup_or_compile_dt;compile_dt;compile_dt;compile_decomposed;lookup_or_compile_dt;compile_decomposed;lookup_or_compile_dt;compile_decomposed;lookup_or_compile_dt;compile_decomposed;lookup_or_compile_dt;compile_dt;compile_dt;compile_decomposed;lookup_or_compile_dt;compile_decomposed;lookup_or_compile_dt;compile_decomposed;lookup_or_compile_dt;lookup_cnf_cache
0.31% 0x7fcd2224624a;main;cnf2ddnnf_cmd_line;compile_cnf;compile_dt;compile_dt;compile_decomposed;lookup_or_compile_dt;compile_decomposed;lookup_or_compile_dt;compile_dt;compile_dt;compile_decomposed;lookup_or_compile_dt;compile_decomposed;lookup_or_compile_dt;compile_decomposed;lookup_or_compile_dt;compile_decomposed;lookup_or_compile_dt;compile_dt;compile_dt;compile_decomposed;lookup_or_compile_dt;compile_decomposed;lookup_or_compile_dt;compile_decomposed;lookup_or_compile_dt;compile_decomposed;lookup_or_compile_dt;compile_dt;compile_dt;compile_decomposed;lookup_or_compile_dt;compile_decomposed;lookup_or_compile_dt;compile_decomposed;lookup_or_compile_dt;compile_decomposed;lookup_or_compile_dt;compile_dt;compile_dt;compile_decomposed;lookup_or_compile_dt;compile_decomposed;lookup_or_compile_dt;compile_decomposed;lookup_or_compile_dt;compile_decomposed;lookup_or_compile_dt;compile_dt;compile_dt;compile_decomposed;lookup_or_compile_dt;compile_decomposed;lookup_or_compile_dt;compile_decomposed;lookup_or_compile_dt;compile_decomposed;lookup_or_compile_dt;compile_dt;compile_dt;compile_decomposed;lookup_or_compile_dt;compile_decomposed;lookup_or_compile_dt;compile_decomposed;lookup_or_compile_dt;compile_decomposed;lookup_or_compile_dt;insert_cnf_cache
0.31% 0x7fcd2224624a;main;cnf2ddnnf_cmd_line;construct_cnf_manager;initialize_cnf_manager
0.31% 0x7fcd2224624a;main;cnf2ddnnf_cmd_line;load_hdtree_from_file;dtree_skeleton2hdtree;initialize_hdtree;initialize_hdtree;initialize_hdtree;initialize_hdtree;initialize_hdtree;initialize_hdtree;initialize_hdtree;initialize_hdtree;initialize_hdtree;initialize_hdtree;initialize_hdtree;initialize_hdtree;initialize_hdtree;initialize_hdtree;initialize_hdtree;initialize_hdtree;initialize_hdtree;initialize_hdtree;initialize_hdtree;initialize_hdtree;initialize_hdtree;initialize_hdtree;initialize_hdtree;initialize_hdtree;edges_minus
0.31% 0x7fcd2224624a;main;cnf2ddnnf_cmd_line;load_hdtree_from_file;dtree_skeleton2hdtree
0.30% 0x7fcd2224624a;main;clock_gettime;__vdso_clock_gettime;entry_SYSCALL_64_after_hwframe;do_syscall_64;__x64_sys_clock_gettime;posix_cpu_clock_get;cpu_clock_sample_group
    94.44%     0.00%  c2d      c2d                   [.] main
90.38% main;cnf2ddnnf_cmd_line;free_cache_manager
0.64% main;cnf2ddnnf_cmd_line;free_cache_manager;asm_exc_page_fault;exc_page_fault;do_user_addr_fault;handle_mm_fault;__handle_mm_fault;do_huge_pmd_anonymous_page;pte_alloc_one;__alloc_pages;get_page_from_freelist;__list_del_entry_valid
0.32% main;cnf2ddnnf_cmd_line;free_cache_manager;asm_sysvec_apic_timer_interrupt;sysvec_apic_timer_interrupt;__irq_exit_rcu;handle_softirqs;rcu_core;rcu_do_batch;rcu_cblist_dequeue
0.32% main;cnf2ddnnf_cmd_line;free_cache_manager;asm_exc_page_fault;exc_page_fault;do_user_addr_fault;handle_mm_fault;__handle_mm_fault;do_huge_pmd_anonymous_page;mm_get_huge_zero_page
0.31% main;cnf2ddnnf_cmd_line;compile_cnf;compile_dt;compile_dt;compile_decomposed;lookup_or_compile_dt;compile_decomposed;lookup_or_compile_dt;compile_dt;compile_dt;compile_decomposed;lookup_or_compile_dt;compile_decomposed;lookup_or_compile_dt;compile_decomposed;lookup_or_compile_dt;compile_decomposed;lookup_or_compile_dt;compile_dt;compile_dt;compile_decomposed;lookup_or_compile_dt;compile_decomposed;lookup_or_compile_dt;compile_decomposed;lookup_or_compile_dt;compile_decomposed;lookup_or_compile_dt;lookup_cnf_cache;asm_exc_page_fault;exc_page_fault;do_user_addr_fault;handle_mm_fault;__handle_mm_fault;do_huge_pmd_anonymous_page;pte_alloc_one;__alloc_pages;get_page_from_freelist;clear_page_rep
0.31% main;cnf2ddnnf_cmd_line;compile_cnf;compile_dt;compile_dt;compile_decomposed;lookup_or_compile_dt;compile_decomposed;lookup_or_compile_dt;compile_dt;compile_dt;compile_decomposed;conjoin_nnfs_lits;conjoin_relevant_lits;get_and_node;asm_exc_page_fault;exc_page_fault;do_user_addr_fault;handle_mm_fault;__handle_mm_fault;wp_page_copy;vma_alloc_folio;__folio_alloc;__alloc_pages;get_page_from_freelist;clear_page_rep
0.31% main;cnf2ddnnf_cmd_line;compile_cnf;compile_dt;compile_dt;compile_decomposed;lookup_or_compile_dt;compile_decomposed;lookup_or_compile_dt;compile_dt;compile_dt;compile_decomposed;lookup_or_compile_dt;compile_decomposed;lookup_or_compile_dt;compile_decomposed;lookup_or_compile_dt;compile_decomposed;lookup_or_compile_dt;compile_dt;compile_dt;compile_decomposed;lookup_or_compile_dt;compile_decomposed;lookup_or_compile_dt;compile_decomposed;lookup_or_compile_dt;compile_decomposed;lookup_or_compile_dt;compile_dt;compile_dt;compile_decomposed;lookup_or_compile_dt;compile_decomposed;lookup_or_compile_dt;compile_decomposed;lookup_or_compile_dt;compile_decomposed;lookup_or_compile_dt;compile_dt;compile_dt;compile_decomposed;lookup_or_compile_dt;compile_decomposed;lookup_or_compile_dt;compile_decomposed;lookup_or_compile_dt;compile_decomposed;lookup_or_compile_dt;compile_dt;select_separator;update_separator_score;log2
0.31% main;cnf2ddnnf_cmd_line;compile_cnf;compile_dt;compile_dt;compile_decomposed;lookup_or_compile_dt;compile_decomposed;lookup_or_compile_dt;compile_dt;compile_dt;compile_decomposed;lookup_or_compile_dt;compile_decomposed;lookup_or_compile_dt;compile_decomposed;lookup_or_compile_dt;compile_decomposed;lookup_or_compile_dt;compile_dt;compile_dt;compile_decomposed;lookup_or_compile_dt;compile_decomposed;lookup_or_compile_dt;compile_decomposed;lookup_or_compile_dt;compile_decomposed;lookup_or_compile_dt;compile_dt;compile_dt;compile_decomposed;lookup_or_compile_dt;compile_decomposed;lookup_or_compile_dt;compile_decomposed;lookup_or_compile_dt;lookup_cnf_cache
0.31% main;cnf2ddnnf_cmd_line;compile_cnf;compile_dt;compile_dt;compile_decomposed;lookup_or_compile_dt;compile_decomposed;lookup_or_compile_dt;compile_dt;compile_dt;compile_decomposed;lookup_or_compile_dt;compile_decomposed;lookup_or_compile_dt;compile_decomposed;lookup_or_compile_dt;compile_decomposed;lookup_or_compile_dt;compile_dt;compile_dt;compile_decomposed;lookup_or_compile_dt;compile_decomposed;lookup_or_compile_dt;compile_decomposed;lookup_or_compile_dt;compile_decomposed;lookup_or_compile_dt;compile_dt;compile_dt;compile_decomposed;lookup_or_compile_dt;compile_decomposed;lookup_or_compile_dt;compile_decomposed;lookup_or_compile_dt;compile_decomposed;lookup_or_compile_dt;compile_dt;compile_dt;compile_decomposed;lookup_or_compile_dt;compile_decomposed;lookup_or_compile_dt;compile_decomposed;lookup_or_compile_dt;compile_decomposed;lookup_or_compile_dt;compile_dt;compile_dt;compile_decomposed;lookup_or_compile_dt;compile_decomposed;lookup_or_compile_dt;compile_decomposed;lookup_or_compile_dt;compile_decomposed;lookup_or_compile_dt;compile_dt;compile_dt;compile_decomposed;lookup_or_compile_dt;compile_decomposed;lookup_or_compile_dt;compile_decomposed;lookup_or_compile_dt;compile_decomposed;lookup_or_compile_dt;insert_cnf_cache
0.31% main;cnf2ddnnf_cmd_line;construct_cnf_manager;initialize_cnf_manager
0.31% main;cnf2ddnnf_cmd_line;load_hdtree_from_file;dtree_skeleton2hdtree;initialize_hdtree;initialize_hdtree;initialize_hdtree;initialize_hdtree;initialize_hdtree;initialize_hdtree;initialize_hdtree;initialize_hdtree;initialize_hdtree;initialize_hdtree;initialize_hdtree;initialize_hdtree;initialize_hdtree;initialize_hdtree;initialize_hdtree;initialize_hdtree;initialize_hdtree;initialize_hdtree;initialize_hdtree;initialize_hdtree;initialize_hdtree;initialize_hdtree;initialize_hdtree;initialize_hdtree;edges_minus
0.31% main;cnf2ddnnf_cmd_line;load_hdtree_from_file;dtree_skeleton2hdtree
0.30% main;clock_gettime;__vdso_clock_gettime;entry_SYSCALL_64_after_hwframe;do_syscall_64;__x64_sys_clock_gettime;posix_cpu_clock_get;cpu_clock_sample_group
    94.14%     0.00%  c2d      c2d                   [.] cnf2ddnnf_cmd_line
90.38% cnf2ddnnf_cmd_line;free_cache_manager
0.64% cnf2ddnnf_cmd_line;free_cache_manager;asm_exc_page_fault;exc_page_fault;do_user_addr_fault;handle_mm_fault;__handle_mm_fault;do_huge_pmd_anonymous_page;pte_alloc_one;__alloc_pages;get_page_from_freelist;__list_del_entry_valid
0.32% cnf2ddnnf_cmd_line;free_cache_manager;asm_sysvec_apic_timer_interrupt;sysvec_apic_timer_interrupt;__irq_exit_rcu;handle_softirqs;rcu_core;rcu_do_batch;rcu_cblist_dequeue
0.32% cnf2ddnnf_cmd_line;free_cache_manager;asm_exc_page_fault;exc_page_fault;do_user_addr_fault;handle_mm_fault;__handle_mm_fault;do_huge_pmd_anonymous_page;mm_get_huge_zero_page
0.31% cnf2ddnnf_cmd_line;compile_cnf;compile_dt;compile_dt;compile_decomposed;lookup_or_compile_dt;compile_decomposed;lookup_or_compile_dt;compile_dt;compile_dt;compile_decomposed;lookup_or_compile_dt;compile_decomposed;lookup_or_compile_dt;compile_decomposed;lookup_or_compile_dt;compile_decomposed;lookup_or_compile_dt;compile_dt;compile_dt;compile_decomposed;lookup_or_compile_dt;compile_decomposed;lookup_or_compile_dt;compile_decomposed;lookup_or_compile_dt;compile_decomposed;lookup_or_compile_dt;lookup_cnf_cache;asm_exc_page_fault;exc_page_fault;do_user_addr_fault;handle_mm_fault;__handle_mm_fault;do_huge_pmd_anonymous_page;pte_alloc_one;__alloc_pages;get_page_from_freelist;clear_page_rep
0.31% cnf2ddnnf_cmd_line;compile_cnf;compile_dt;compile_dt;compile_decomposed;lookup_or_compile_dt;compile_decomposed;lookup_or_compile_dt;compile_dt;compile_dt;compile_decomposed;conjoin_nnfs_lits;conjoin_relevant_lits;get_and_node;asm_exc_page_fault;exc_page_fault;do_user_addr_fault;handle_mm_fault;__handle_mm_fault;wp_page_copy;vma_alloc_folio;__folio_alloc;__alloc_pages;get_page_from_freelist;clear_page_rep
0.31% cnf2ddnnf_cmd_line;compile_cnf;compile_dt;compile_dt;compile_decomposed;lookup_or_compile_dt;compile_decomposed;lookup_or_compile_dt;compile_dt;compile_dt;compile_decomposed;lookup_or_compile_dt;compile_decomposed;lookup_or_compile_dt;compile_decomposed;lookup_or_compile_dt;compile_decomposed;lookup_or_compile_dt;compile_dt;compile_dt;compile_decomposed;lookup_or_compile_dt;compile_decomposed;lookup_or_compile_dt;compile_decomposed;lookup_or_compile_dt;compile_decomposed;lookup_or_compile_dt;compile_dt;compile_dt;compile_decomposed;lookup_or_compile_dt;compile_decomposed;lookup_or_compile_dt;compile_decomposed;lookup_or_compile_dt;compile_decomposed;lookup_or_compile_dt;compile_dt;compile_dt;compile_decomposed;lookup_or_compile_dt;compile_decomposed;lookup_or_compile_dt;compile_decomposed;lookup_or_compile_dt;compile_decomposed;lookup_or_compile_dt;compile_dt;select_separator;update_separator_score;log2
0.31% cnf2ddnnf_cmd_line;compile_cnf;compile_dt;compile_dt;compile_decomposed;lookup_or_compile_dt;compile_decomposed;lookup_or_compile_dt;compile_dt;compile_dt;compile_decomposed;lookup_or_compile_dt;compile_decomposed;lookup_or_compile_dt;compile_decomposed;lookup_or_compile_dt;compile_decomposed;lookup_or_compile_dt;compile_dt;compile_dt;compile_decomposed;lookup_or_compile_dt;compile_decomposed;lookup_or_compile_dt;compile_decomposed;lookup_or_compile_dt;compile_decomposed;lookup_or_compile_dt;compile_dt;compile_dt;compile_decomposed;lookup_or_compile_dt;compile_decomposed;lookup_or_compile_dt;compile_decomposed;lookup_or_compile_dt;lookup_cnf_cache
0.31% cnf2ddnnf_cmd_line;compile_cnf;compile_dt;compile_dt;compile_decomposed;lookup_or_compile_dt;compile_decomposed;lookup_or_compile_dt;compile_dt;compile_dt;compile_decomposed;lookup_or_compile_dt;compile_decomposed;lookup_or_compile_dt;compile_decomposed;lookup_or_compile_dt;compile_decomposed;lookup_or_compile_dt;compile_dt;compile_dt;compile_decomposed;lookup_or_compile_dt;compile_decomposed;lookup_or_compile_dt;compile_decomposed;lookup_or_compile_dt;compile_decomposed;lookup_or_compile_dt;compile_dt;compile_dt;compile_decomposed;lookup_or_compile_dt;compile_decomposed;lookup_or_compile_dt;compile_decomposed;lookup_or_compile_dt;compile_decomposed;lookup_or_compile_dt;compile_dt;compile_dt;compile_decomposed;lookup_or_compile_dt;compile_decomposed;lookup_or_compile_dt;compile_decomposed;lookup_or_compile_dt;compile_decomposed;lookup_or_compile_dt;compile_dt;compile_dt;compile_decomposed;lookup_or_compile_dt;compile_decomposed;lookup_or_compile_dt;compile_decomposed;lookup_or_compile_dt;compile_decomposed;lookup_or_compile_dt;compile_dt;compile_dt;compile_decomposed;lookup_or_compile_dt;compile_decomposed;lookup_or_compile_dt;compile_decomposed;lookup_or_compile_dt;compile_decomposed;lookup_or_compile_dt;insert_cnf_cache
0.31% cnf2ddnnf_cmd_line;construct_cnf_manager;initialize_cnf_manager
0.31% cnf2ddnnf_cmd_line;load_hdtree_from_file;dtree_skeleton2hdtree;initialize_hdtree;initialize_hdtree;initialize_hdtree;initialize_hdtree;initialize_hdtree;initialize_hdtree;initialize_hdtree;initialize_hdtree;initialize_hdtree;initialize_hdtree;initialize_hdtree;initialize_hdtree;initialize_hdtree;initialize_hdtree;initialize_hdtree;initialize_hdtree;initialize_hdtree;initialize_hdtree;initialize_hdtree;initialize_hdtree;initialize_hdtree;initialize_hdtree;initialize_hdtree;initialize_hdtree;edges_minus
0.31% cnf2ddnnf_cmd_line;load_hdtree_from_file;dtree_skeleton2hdtree
    91.66%    90.38%  c2d      c2d                   [.] free_cache_manager
90.38% 0x7fcd2224624a;main;cnf2ddnnf_cmd_line;free_cache_manager
0.64% free_cache_manager;asm_exc_page_fault;exc_page_fault;do_user_addr_fault;handle_mm_fault;__handle_mm_fault;do_huge_pmd_anonymous_page;pte_alloc_one;__alloc_pages;get_page_from_freelist;__list_del_entry_valid
0.32% free_cache_manager;asm_sysvec_apic_timer_interrupt;sysvec_apic_timer_interrupt;__irq_exit_rcu;handle_softirqs;rcu_core;rcu_do_batch;rcu_cblist_dequeue
0.32% free_cache_manager;asm_exc_page_fault;exc_page_fault;do_user_addr_fault;handle_mm_fault;__handle_mm_fault;do_huge_pmd_anonymous_page;mm_get_huge_zero_page
     2.37%     0.00%  c2d      [kernel.kallsyms]     [k] entry_SYSCALL_64_after_hwframe
0.63% entry_SYSCALL_64_after_hwframe;do_syscall_64;__x64_sys_exit_group;do_group_exit;do_exit;__mmput;exit_mmap;unmap_vmas;unmap_page_range
0.32% entry_SYSCALL_64_after_hwframe;do_syscall_64;__x64_sys_munmap;__vm_munmap;do_mas_munmap;do_mas_align_munmap;unmap_region;unmap_vmas;unmap_page_range
0.32% entry_SYSCALL_64_after_hwframe;do_syscall_64;ksys_write;vfs_write;security_file_permission;apparmor_file_permission
0.30% entry_SYSCALL_64_after_hwframe;do_syscall_64;__x64_sys_clock_gettime;posix_cpu_clock_get;cpu_clock_sample_group
0.26% entry_SYSCALL_64_after_hwframe;do_syscall_64;__x64_sys_openat;do_sys_openat2;do_filp_open;path_openat;alloc_empty_file;__alloc_file;security_file_alloc;kmem_cache_alloc;___slab_alloc
0.25% entry_SYSCALL_64_after_hwframe;do_syscall_64;ksys_mmap_pgoff;vm_mmap_pgoff;do_mmap;mmap_region;do_mas_munmap;do_mas_align_munmap;__split_vma;__vma_adjust;vma_interval_tree_remove
0.20% entry_SYSCALL_64_after_hwframe;do_syscall_64;__x64_sys_execve;do_execveat_common.isra.0;bprm_execve;load_elf_binary;elf_map;vm_mmap_pgoff;do_mmap;mmap_region;mas_preallocate;mas_alloc_nodes;kmem_cache_alloc
0.08% entry_SYSCALL_64_after_hwframe;do_syscall_64;__x64_sys_execve;do_execveat_common.isra.0;bprm_execve;load_elf_binary;randomize_stack_top
     2.37%     0.00%  c2d      [kernel.kallsyms]     [k] do_syscall_64
0.63% do_syscall_64;__x64_sys_exit_group;do_group_exit;do_exit;__mmput;exit_mmap;unmap_vmas;unmap_page_range
0.32% do_syscall_64;__x64_sys_munmap;__vm_munmap;do_mas_munmap;do_mas_align_munmap;unmap_region;unmap_vmas;unmap_page_range
0.32% do_syscall_64;ksys_write;vfs_write;security_file_permission;apparmor_file_permission
0.30% do_syscall_64;__x64_sys_clock_gettime;posix_cpu_clock_get;cpu_clock_sample_group
0.26% do_syscall_64;__x64_sys_openat;do_sys_openat2;do_filp_open;path_openat;alloc_empty_file;__alloc_file;security_file_alloc;kmem_cache_alloc;___slab_alloc
0.25% do_syscall_64;ksys_mmap_pgoff;vm_mmap_pgoff;do_mmap;mmap_region;do_mas_munmap;do_mas_align_munmap;__split_vma;__vma_adjust;vma_interval_tree_remove
0.20% do_syscall_64;__x64_sys_execve;do_execveat_common.isra.0;bprm_execve;load_elf_binary;elf_map;vm_mmap_pgoff;do_mmap;mmap_region;mas_preallocate;mas_alloc_nodes;kmem_cache_alloc
0.08% do_syscall_64;__x64_sys_execve;do_execveat_common.isra.0;bprm_execve;load_elf_binary;randomize_stack_top
     2.15%     0.00%  c2d      [kernel.kallsyms]     [k] asm_exc_page_fault
0.64% asm_exc_page_fault;exc_page_fault;do_user_addr_fault;handle_mm_fault;__handle_mm_fault;do_huge_pmd_anonymous_page;pte_alloc_one;__alloc_pages;get_page_from_freelist;__list_del_entry_valid
0.32% asm_exc_page_fault;exc_page_fault;do_user_addr_fault;handle_mm_fault;__handle_mm_fault;do_huge_pmd_anonymous_page;mm_get_huge_zero_page
0.31% asm_exc_page_fault;exc_page_fault;do_user_addr_fault;handle_mm_fault;__handle_mm_fault;do_huge_pmd_anonymous_page;pte_alloc_one;__alloc_pages;get_page_from_freelist;clear_page_rep
0.31% asm_exc_page_fault;exc_page_fault;do_user_addr_fault;handle_mm_fault;__handle_mm_fault;wp_page_copy;vma_alloc_folio;__folio_alloc;__alloc_pages;get_page_from_freelist;clear_page_rep
0.30% asm_exc_page_fault;exc_page_fault;do_user_addr_fault;handle_mm_fault;__handle_mm_fault
0.27% asm_exc_page_fault;exc_page_fault;do_user_addr_fault;handle_mm_fault;__handle_mm_fault;do_fault;filemap_map_pages;next_uptodate_page
     2.15%     0.00%  c2d      [kernel.kallsyms]     [k] exc_page_fault
0.64% exc_page_fault;do_user_addr_fault;handle_mm_fault;__handle_mm_fault;do_huge_pmd_anonymous_page;pte_alloc_one;__alloc_pages;get_page_from_freelist;__list_del_entry_valid
0.32% exc_page_fault;do_user_addr_fault;handle_mm_fault;__handle_mm_fault;do_huge_pmd_anonymous_page;mm_get_huge_zero_page
0.31% exc_page_fault;do_user_addr_fault;handle_mm_fault;__handle_mm_fault;do_huge_pmd_anonymous_page;pte_alloc_one;__alloc_pages;get_page_from_freelist;clear_page_rep
0.31% exc_page_fault;do_user_addr_fault;handle_mm_fault;__handle_mm_fault;wp_page_copy;vma_alloc_folio;__folio_alloc;__alloc_pages;get_page_from_freelist;clear_page_rep
0.30% exc_page_fault;do_user_addr_fault;handle_mm_fault;__handle_mm_fault
0.27% exc_page_fault;do_user_addr_fault;handle_mm_fault;__handle_mm_fault;do_fault;filemap_map_pages;next_uptodate_page
     2.15%     0.00%  c2d      [kernel.kallsyms]     [k] do_user_addr_fault
0.64% do_user_addr_fault;handle_mm_fault;__handle_mm_fault;do_huge_pmd_anonymous_page;pte_alloc_one;__alloc_pages;get_page_from_freelist;__list_del_entry_valid
0.32% do_user_addr_fault;handle_mm_fault;__handle_mm_fault;do_huge_pmd_anonymous_page;mm_get_huge_zero_page
0.31% do_user_addr_fault;handle_mm_fault;__handle_mm_fault;do_huge_pmd_anonymous_page;pte_alloc_one;__alloc_pages;get_page_from_freelist;clear_page_rep
0.31% do_user_addr_fault;handle_mm_fault;__handle_mm_fault;wp_page_copy;vma_alloc_folio;__folio_alloc;__alloc_pages;get_page_from_freelist;clear_page_rep
0.30% do_user_addr_fault;handle_mm_fault;__handle_mm_fault
0.27% do_user_addr_fault;handle_mm_fault;__handle_mm_fault;do_fault;filemap_map_pages;next_uptodate_page
     2.15%     0.00%  c2d      [kernel.kallsyms]     [k] handle_mm_fault
0.64% handle_mm_fault;__handle_mm_fault;do_huge_pmd_anonymous_page;pte_alloc_one;__alloc_pages;get_page_from_freelist;__list_del_entry_valid
0.32% handle_mm_fault;__handle_mm_fault;do_huge_pmd_anonymous_page;mm_get_huge_zero_page
0.31% handle_mm_fault;__handle_mm_fault;do_huge_pmd_anonymous_page;pte_alloc_one;__alloc_pages;get_page_from_freelist;clear_page_rep
0.31% handle_mm_fault;__handle_mm_fault;wp_page_copy;vma_alloc_folio;__folio_alloc;__alloc_pages;get_page_from_freelist;clear_page_rep
0.30% handle_mm_fault;__handle_mm_fault
0.27% handle_mm_fault;__handle_mm_fault;do_fault;filemap_map_pages;next_uptodate_page
     2.15%     0.30%  c2d      [kernel.kallsyms]     [k] __handle_mm_fault
0.64% __handle_mm_fault;do_huge_pmd_anonymous_page;pte_alloc_one;__alloc_pages;get_page_from_freelist;__list_del_entry_valid
0.32% __handle_mm_fault;do_huge_pmd_anonymous_page;mm_get_huge_zero_page
0.31% __handle_mm_fault;do_huge_pmd_anonymous_page;pte_alloc_one;__alloc_pages;get_page_from_freelist;clear_page_rep
0.31% __handle_mm_fault;wp_page_copy;vma_alloc_folio;__folio_alloc;__alloc_pages;get_page_from_freelist;clear_page_rep
0.30% 0x7fcd22499000;asm_exc_page_fault;exc_page_fault;do_user_addr_fault;handle_mm_fault;__handle_mm_fault
0.27% __handle_mm_fault;do_fault;filemap_map_pages;next_uptodate_page
     1.56%     0.00%  c2d      c2d                   [.] compile_cnf
0.31% compile_cnf;compile_dt;compile_dt;compile_decomposed;lookup_or_compile_dt;compile_decomposed;lookup_or_compile_dt;compile_dt;compile_dt;compile_decomposed;lookup_or_compile_dt;compile_decomposed;lookup_or_compile_dt;compile_decomposed;lookup_or_compile_dt;compile_decomposed;lookup_or_compile_dt;compile_dt;compile_dt;compile_decomposed;lookup_or_compile_dt;compile_decomposed;lookup_or_compile_dt;compile_decomposed;lookup_or_compile_dt;compile_decomposed;lookup_or_compile_dt;lookup_cnf_cache;asm_exc_page_fault;exc_page_fault;do_user_addr_fault;handle_mm_fault;__handle_mm_fault;do_huge_pmd_anonymous_page;pte_alloc_one;__alloc_pages;get_page_from_freelist;clear_page_rep
0.31% compile_cnf;compile_dt;compile_dt;compile_decomposed;lookup_or_compile_dt;compile_decomposed;lookup_or_compile_dt;compile_dt;compile_dt;compile_decomposed;conjoin_nnfs_lits;conjoin_relevant_lits;get_and_node;asm_exc_page_fault;exc_page_fault;do_user_addr_fault;handle_mm_fault;__handle_mm_fault;wp_page_copy;vma_alloc_folio;__folio_alloc;__alloc_pages;get_page_from_freelist;clear_page_rep
0.31% compile_cnf;compile_dt;compile_dt;compile_decomposed;lookup_or_compile_dt;compile_decomposed;lookup_or_compile_dt;compile_dt;compile_dt;compile_decomposed;lookup_or_compile_dt;compile_decomposed;lookup_or_compile_dt;compile_decomposed;lookup_or_compile_dt;compile_decomposed;lookup_or_compile_dt;compile_dt;compile_dt;compile_decomposed;lookup_or_compile_dt;compile_decomposed;lookup_or_compile_dt;compile_decomposed;lookup_or_compile_dt;compile_decomposed;lookup_or_compile_dt;compile_dt;compile_dt;compile_decomposed;lookup_or_compile_dt;compile_decomposed;lookup_or_compile_dt;compile_decomposed;lookup_or_compile_dt;compile_decomposed;lookup_or_compile_dt;compile_dt;compile_dt;compile_decomposed;lookup_or_compile_dt;compile_decomposed;lookup_or_compile_dt;compile_decomposed;lookup_or_compile_dt;compile_decomposed;lookup_or_compile_dt;compile_dt;select_separator;update_separator_score;log2
0.31% compile_cnf;compile_dt;compile_dt;compile_decomposed;lookup_or_compile_dt;compile_decomposed;lookup_or_compile_dt;compile_dt;compile_dt;compile_decomposed;lookup_or_compile_dt;compile_decomposed;lookup_or_compile_dt;compile_decomposed;lookup_or_compile_dt;compile_decomposed;lookup_or_compile_dt;compile_dt;compile_dt;compile_decomposed;lookup_or_compile_dt;compile_decomposed;lookup_or_compile_dt;compile_decomposed;lookup_or_compile_dt;compile_decomposed;lookup_or_compile_dt;compile_dt;compile_dt;compile_decomposed;lookup_or_compile_dt;compile_decomposed;lookup_or_compile_dt;compile_decomposed;lookup_or_compile_dt;lookup_cnf_cache
0.31% compile_cnf;compile_dt;compile_dt;compile_decomposed;lookup_or_compile_dt;compile_decomposed;lookup_or_compile_dt;compile_dt;compile_dt;compile_decomposed;lookup_or_compile_dt;compile_decomposed;lookup_or_compile_dt;compile_decomposed;lookup_or_compile_dt;compile_decomposed;lookup_or_compile_dt;compile_dt;compile_dt;compile_decomposed;lookup_or_compile_dt;compile_decomposed;lookup_or_compile_dt;compile_decomposed;lookup_or_compile_dt;compile_decomposed;lookup_or_compile_dt;compile_dt;compile_dt;compile_decomposed;lookup_or_compile_dt;compile_decomposed;lookup_or_compile_dt;compile_decomposed;lookup_or_compile_dt;compile_decomposed;lookup_or_compile_dt;compile_dt;compile_dt;compile_decomposed;lookup_or_compile_dt;compile_decomposed;lookup_or_compile_dt;compile_decomposed;lookup_or_compile_dt;compile_decomposed;lookup_or_compile_dt;compile_dt;compile_dt;compile_decomposed;lookup_or_compile_dt;compile_decomposed;lookup_or_compile_dt;compile_decomposed;lookup_or_compile_dt;compile_decomposed;lookup_or_compile_dt;compile_dt;compile_dt;compile_decomposed;lookup_or_compile_dt;compile_decomposed;lookup_or_compile_dt;compile_decomposed;lookup_or_compile_dt;compile_decomposed;lookup_or_compile_dt;insert_cnf_cache
     1.56%     0.00%  c2d      c2d                   [.] compile_dt
0.31% compile_dt;compile_dt;compile_decomposed;lookup_or_compile_dt;compile_decomposed;lookup_or_compile_dt;compile_dt;compile_dt;compile_decomposed;lookup_or_compile_dt;compile_decomposed;lookup_or_compile_dt;compile_decomposed;lookup_or_compile_dt;compile_decomposed;lookup_or_compile_dt;compile_dt;compile_dt;compile_decomposed;lookup_or_compile_dt;compile_decomposed;lookup_or_compile_dt;compile_decomposed;lookup_or_compile_dt;compile_decomposed;lookup_or_compile_dt;lookup_cnf_cache;asm_exc_page_fault;exc_page_fault;do_user_addr_fault;handle_mm_fault;__handle_mm_fault;do_huge_pmd_anonymous_page;pte_alloc_one;__alloc_pages;get_page_from_freelist;clear_page_rep
0.31% compile_dt;compile_dt;compile_decomposed;lookup_or_compile_dt;compile_decomposed;lookup_or_compile_dt;compile_dt;compile_dt;compile_decomposed;conjoin_nnfs_lits;conjoin_relevant_lits;get_and_node;asm_exc_page_fault;exc_page_fault;do_user_addr_fault;handle_mm_fault;__handle_mm_fault;wp_page_copy;vma_alloc_folio;__folio_alloc;__alloc_pages;get_page_from_freelist;clear_page_rep
0.31% compile_dt;compile_dt;compile_decomposed;lookup_or_compile_dt;compile_decomposed;lookup_or_compile_dt;compile_dt;compile_dt;compile_decomposed;lookup_or_compile_dt;compile_decomposed;lookup_or_compile_dt;compile_decomposed;lookup_or_compile_dt;compile_decomposed;lookup_or_compile_dt;compile_dt;compile_dt;compile_decomposed;lookup_or_compile_dt;compile_decomposed;lookup_or_compile_dt;compile_decomposed;lookup_or_compile_dt;compile_decomposed;lookup_or_compile_dt;compile_dt;compile_dt;compile_decomposed;lookup_or_compile_dt;compile_decomposed;lookup_or_compile_dt;compile_decomposed;lookup_or_compile_dt;compile_decomposed;lookup_or_compile_dt;compile_dt;compile_dt;compile_decomposed;lookup_or_compile_dt;compile_decomposed;lookup_or_compile_dt;compile_decomposed;lookup_or_compile_dt;compile_decomposed;lookup_or_compile_dt;compile_dt;select_separator;update_separator_score;log2
0.31% compile_dt;compile_dt;compile_decomposed;lookup_or_compile_dt;compile_decomposed;lookup_or_compile_dt;compile_dt;compile_dt;compile_decomposed;lookup_or_compile_dt;compile_decomposed;lookup_or_compile_dt;compile_decomposed;lookup_or_compile_dt;compile_decomposed;lookup_or_compile_dt;compile_dt;compile_dt;compile_decomposed;lookup_or_compile_dt;compile_decomposed;lookup_or_compile_dt;compile_decomposed;lookup_or_compile_dt;compile_decomposed;lookup_or_compile_dt;compile_dt;compile_dt;compile_decomposed;lookup_or_compile_dt;compile_decomposed;lookup_or_compile_dt;compile_decomposed;lookup_or_compile_dt;lookup_cnf_cache
0.31% compile_dt;compile_dt;compile_decomposed;lookup_or_compile_dt;compile_decomposed;lookup_or_compile_dt;compile_dt;compile_dt;compile_decomposed;lookup_or_compile_dt;compile_decomposed;lookup_or_compile_dt;compile_decomposed;lookup_or_compile_dt;compile_decomposed;lookup_or_compile_dt;compile_dt;compile_dt;compile_decomposed;lookup_or_compile_dt;compile_decomposed;lookup_or_compile_dt;compile_decomposed;lookup_or_compile_dt;compile_decomposed;lookup_or_compile_dt;compile_dt;compile_dt;compile_decomposed;lookup_or_compile_dt;compile_decomposed;lookup_or_compile_dt;compile_decomposed;lookup_or_compile_dt;compile_decomposed;lookup_or_compile_dt;compile_dt;compile_dt;compile_decomposed;lookup_or_compile_dt;compile_decomposed;lookup_or_compile_dt;compile_decomposed;lookup_or_compile_dt;compile_decomposed;lookup_or_compile_dt;compile_dt;compile_dt;compile_decomposed;lookup_or_compile_dt;compile_decomposed;lookup_or_compile_dt;compile_decomposed;lookup_or_compile_dt;compile_decomposed;lookup_or_compile_dt;compile_dt;compile_dt;compile_decomposed;lookup_or_compile_dt;compile_decomposed;lookup_or_compile_dt;compile_decomposed;lookup_or_compile_dt;compile_decomposed;lookup_or_compile_dt;insert_cnf_cache
     1.56%     0.00%  c2d      c2d                   [.] compile_decomposed
0.31% compile_decomposed;lookup_or_compile_dt;compile_decomposed;lookup_or_compile_dt;compile_dt;compile_dt;compile_decomposed;lookup_or_compile_dt;compile_decomposed;lookup_or_compile_dt;compile_decomposed;lookup_or_compile_dt;compile_decomposed;lookup_or_compile_dt;compile_dt;compile_dt;compile_decomposed;lookup_or_compile_dt;compile_decomposed;lookup_or_compile_dt;compile_decomposed;lookup_or_compile_dt;compile_decomposed;lookup_or_compile_dt;lookup_cnf_cache;asm_exc_page_fault;exc_page_fault;do_user_addr_fault;handle_mm_fault;__handle_mm_fault;do_huge_pmd_anonymous_page;pte_alloc_one;__alloc_pages;get_page_from_freelist;clear_page_rep
0.31% compile_decomposed;lookup_or_compile_dt;compile_decomposed;lookup_or_compile_dt;compile_dt;compile_dt;compile_decomposed;conjoin_nnfs_lits;conjoin_relevant_lits;get_and_node;asm_exc_page_fault;exc_page_fault;do_user_addr_fault;handle_mm_fault;__handle_mm_fault;wp_page_copy;vma_alloc_folio;__folio_alloc;__alloc_pages;get_page_from_freelist;clear_page_rep
0.31% compile_decomposed;lookup_or_compile_dt;compile_decomposed;lookup_or_compile_dt;compile_dt;compile_dt;compile_decomposed;lookup_or_compile_dt;compile_decomposed;lookup_or_compile_dt;compile_decomposed;lookup_or_compile_dt;compile_decomposed;lookup_or_compile_dt;compile_dt;compile_dt;compile_decomposed;lookup_or_compile_dt;compile_decomposed;lookup_or_compile_dt;compile_decomposed;lookup_or_compile_dt;compile_decomposed;lookup_or_compile_dt;compile_dt;compile_dt;compile_decomposed;lookup_or_compile_dt;compile_decomposed;lookup_or_compile_dt;compile_decomposed;lookup_or_compile_dt;compile_decomposed;lookup_or_compile_dt;compile_dt;compile_dt;compile_decomposed;lookup_or_compile_dt;compile_decomposed;lookup_or_compile_dt;compile_decomposed;lookup_or_compile_dt;compile_decomposed;lookup_or_compile_dt;compile_dt;select_separator;update_separator_score;log2
0.31% compile_decomposed;lookup_or_compile_dt;compile_decomposed;lookup_or_compile_dt;compile_dt;compile_dt;compile_decomposed;lookup_or_compile_dt;compile_decomposed;lookup_or_compile_dt;compile_decomposed;lookup_or_compile_dt;compile_decomposed;lookup_or_compile_dt;compile_dt;compile_dt;compile_decomposed;lookup_or_compile_dt;compile_decomposed;lookup_or_compile_dt;compile_decomposed;lookup_or_compile_dt;compile_decomposed;lookup_or_compile_dt;compile_dt;compile_dt;compile_decomposed;lookup_or_compile_dt;compile_decomposed;lookup_or_compile_dt;compile_decomposed;lookup_or_compile_dt;lookup_cnf_cache
0.31% compile_decomposed;lookup_or_compile_dt;compile_decomposed;lookup_or_compile_dt;compile_dt;compile_dt;compile_decomposed;lookup_or_compile_dt;compile_decomposed;lookup_or_compile_dt;compile_decomposed;lookup_or_compile_dt;compile_decomposed;lookup_or_compile_dt;compile_dt;compile_dt;compile_decomposed;lookup_or_compile_dt;compile_decomposed;lookup_or_compile_dt;compile_decomposed;lookup_or_compile_dt;compile_decomposed;lookup_or_compile_dt;compile_dt;compile_dt;compile_decomposed;lookup_or_compile_dt;compile_decomposed;lookup_or_compile_dt;compile_decomposed;lookup_or_compile_dt;compile_decomposed;lookup_or_compile_dt;compile_dt;compile_dt;compile_decomposed;lookup_or_compile_dt;compile_decomposed;lookup_or_compile_dt;compile_decomposed;lookup_or_compile_dt;compile_decomposed;lookup_or_compile_dt;compile_dt;compile_dt;compile_decomposed;lookup_or_compile_dt;compile_decomposed;lookup_or_compile_dt;compile_decomposed;lookup_or_compile_dt;compile_decomposed;lookup_or_compile_dt;compile_dt;compile_dt;compile_decomposed;lookup_or_compile_dt;compile_decomposed;lookup_or_compile_dt;compile_decomposed;lookup_or_compile_dt;compile_decomposed;lookup_or_compile_dt;insert_cnf_cache
     1.56%     0.00%  c2d      c2d                   [.] lookup_or_compile_dt
0.31% lookup_or_compile_dt;compile_decomposed;lookup_or_compile_dt;compile_dt;compile_dt;compile_decomposed;lookup_or_compile_dt;compile_decomposed;lookup_or_compile_dt;compile_decomposed;lookup_or_compile_dt;compile_decomposed;lookup_or_compile_dt;compile_dt;compile_dt;compile_decomposed;lookup_or_compile_dt;compile_decomposed;lookup_or_compile_dt;compile_decomposed;lookup_or_compile_dt;compile_decomposed;lookup_or_compile_dt;lookup_cnf_cache;asm_exc_page_fault;exc_page_fault;do_user_addr_fault;handle_mm_fault;__handle_mm_fault;do_huge_pmd_anonymous_page;pte_alloc_one;__alloc_pages;get_page_from_freelist;clear_page_rep
0.31% lookup_or_compile_dt;compile_decomposed;lookup_or_compile_dt;compile_dt;compile_dt;compile_decomposed;conjoin_nnfs_lits;conjoin_relevant_lits;get_and_node;asm_exc_page_fault;exc_page_fault;do_user_addr_fault;handle_mm_fault;__handle_mm_fault;wp_page_copy;vma_alloc_folio;__folio_alloc;__alloc_pages;get_page_from_freelist;clear_page_rep
0.31% lookup_or_compile_dt;compile_decomposed;lookup_or_compile_dt;compile_dt;compile_dt;compile_decomposed;lookup_or_compile_dt;compile_decomposed;lookup_or_compile_dt;compile_decomposed;lookup_or_compile_dt;compile_decomposed;lookup_or_compile_dt;compile_dt;compile_dt;compile_decomposed;lookup_or_compile_dt;compile_decomposed;lookup_or_compile_dt;compile_decomposed;lookup_or_compile_dt;compile_decomposed;lookup_or_compile_dt;compile_dt;compile_dt;compile_decomposed;lookup_or_compile_dt;compile_decomposed;lookup_or_compile_dt;compile_decomposed;lookup_or_compile_dt;compile_decomposed;lookup_or_compile_dt;compile_dt;compile_dt;compile_decomposed;lookup_or_compile_dt;compile_decomposed;lookup_or_compile_dt;compile_decomposed;lookup_or_compile_dt;compile_decomposed;lookup_or_compile_dt;compile_dt;select_separator;update_separator_score;log2
0.31% lookup_or_compile_dt;compile_decomposed;lookup_or_compile_dt;compile_dt;compile_dt;compile_decomposed;lookup_or_compile_dt;compile_decomposed;lookup_or_compile_dt;compile_decomposed;lookup_or_compile_dt;compile_decomposed;lookup_or_compile_dt;compile_dt;compile_dt;compile_decomposed;lookup_or_compile_dt;compile_decomposed;lookup_or_compile_dt;compile_decomposed;lookup_or_compile_dt;compile_decomposed;lookup_or_compile_dt;compile_dt;compile_dt;compile_decomposed;lookup_or_compile_dt;compile_decomposed;lookup_or_compile_dt;compile_decomposed;lookup_or_compile_dt;lookup_cnf_cache
0.31% lookup_or_compile_dt;compile_decomposed;lookup_or_compile_dt;compile_dt;compile_dt;compile_decomposed;lookup_or_compile_dt;compile_decomposed;lookup_or_compile_dt;compile_decomposed;lookup_or_compile_dt;compile_decomposed;lookup_or_compile_dt;compile_dt;compile_dt;compile_decomposed;lookup_or_compile_dt;compile_decomposed;lookup_or_compile_dt;compile_decomposed;lookup_or_compile_dt;compile_decomposed;lookup_or_compile_dt;compile_dt;compile_dt;compile_decomposed;lookup_or_compile_dt;compile_decomposed;lookup_or_compile_dt;compile_decomposed;lookup_or_compile_dt;compile_decomposed;lookup_or_compile_dt;compile_dt;compile_dt;compile_decomposed;lookup_or_compile_dt;compile_decomposed;lookup_or_compile_dt;compile_decomposed;lookup_or_compile_dt;compile_decomposed;lookup_or_compile_dt;compile_dt;compile_dt;compile_decomposed;lookup_or_compile_dt;compile_decomposed;lookup_or_compile_dt;compile_decomposed;lookup_or_compile_dt;compile_decomposed;lookup_or_compile_dt;compile_dt;compile_dt;compile_decomposed;lookup_or_compile_dt;compile_decomposed;lookup_or_compile_dt;compile_decomposed;lookup_or_compile_dt;compile_decomposed;lookup_or_compile_dt;insert_cnf_cache
     1.27%     0.00%  c2d      [kernel.kallsyms]     [k] do_huge_pmd_anonymous_page
0.64% do_huge_pmd_anonymous_page;pte_alloc_one;__alloc_pages;get_page_from_freelist;__list_del_entry_valid
0.32% do_huge_pmd_anonymous_page;mm_get_huge_zero_page
0.31% do_huge_pmd_anonymous_page;pte_alloc_one;__alloc_pages;get_page_from_freelist;clear_page_rep
     1.26%     0.00%  c2d      [kernel.kallsyms]     [k] __alloc_pages
0.64% __alloc_pages;get_page_from_freelist;__list_del_entry_valid
0.63% __alloc_pages;get_page_from_freelist;clear_page_rep
     1.26%     0.00%  c2d      [kernel.kallsyms]     [k] get_page_from_freelist
0.64% get_page_from_freelist;__list_del_entry_valid
0.63% get_page_from_freelist;clear_page_rep
     1.11%     0.00%  c2d      ld-linux-x86-64.so.2  [.] 0x00007fcd2275ba58
0.29% 0x7fcd2275ba58;0x7fcd2275b22f;0x7fcd2275ec99;0x7fcd2274f35a
0.28% 0x7fcd2275ba58;0x7fcd2275b22f;0x7fcd2275ec99;0x7fcd2274f309
0.27% 0x7fcd2275ba58;0x7fcd2275b22f;0x7fcd2275ec99;__exp_finite;asm_exc_page_fault;exc_page_fault;do_user_addr_fault;handle_mm_fault;__handle_mm_fault;do_fault;filemap_map_pages;next_uptodate_page
0.27% 0x7fcd2275ba58;0x7fcd2275b22f;0x7fcd2275e97a;0x7fcd22743231
     1.11%     0.00%  c2d      ld-linux-x86-64.so.2  [.] 0x00007fcd2275b22f
0.29% 0x7fcd2275b22f;0x7fcd2275ec99;0x7fcd2274f35a
0.28% 0x7fcd2275b22f;0x7fcd2275ec99;0x7fcd2274f309
0.27% 0x7fcd2275b22f;0x7fcd2275ec99;__exp_finite;asm_exc_page_fault;exc_page_fault;do_user_addr_fault;handle_mm_fault;__handle_mm_fault;do_fault;filemap_map_pages;next_uptodate_page
0.27% 0x7fcd2275b22f;0x7fcd2275e97a;0x7fcd22743231
     0.95%     0.95%  c2d      [kernel.kallsyms]     [k] unmap_page_range
0.63% entry_SYSCALL_64_after_hwframe;do_syscall_64;__x64_sys_exit_group;do_group_exit;do_exit;__mmput;exit_mmap;unmap_vmas;unmap_page_range
0.32% __munmap;entry_SYSCALL_64_after_hwframe;do_syscall_64;__x64_sys_munmap;__vm_munmap;do_mas_munmap;do_mas_align_munmap;unmap_region;unmap_vmas;unmap_page_range
     0.95%     0.00%  c2d      [kernel.kallsyms]     [k] unmap_vmas
0.95% unmap_vmas;unmap_page_range
     0.95%     0.00%  c2d      [kernel.kallsyms]     [k] pte_alloc_one
0.64% pte_alloc_one;__alloc_pages;get_page_from_freelist;__list_del_entry_valid
0.31% pte_alloc_one;__alloc_pages;get_page_from_freelist;clear_page_rep
     0.85%     0.00%  c2d      ld-linux-x86-64.so.2  [.] 0x00007fcd2275ec99
0.29% 0x7fcd2275ec99;0x7fcd2274f35a
0.28% 0x7fcd2275ec99;0x7fcd2274f309
0.27% 0x7fcd2275ec99;__exp_finite;asm_exc_page_fault;exc_page_fault;do_user_addr_fault;handle_mm_fault;__handle_mm_fault;do_fault;filemap_map_pages;next_uptodate_page
     0.64%     0.64%  c2d      [kernel.kallsyms]     [k] __list_del_entry_valid
0.64% 0x7fcd2224624a;main;cnf2ddnnf_cmd_line;free_cache_manager;asm_exc_page_fault;exc_page_fault;do_user_addr_fault;handle_mm_fault;__handle_mm_fault;do_huge_pmd_anonymous_page;pte_alloc_one;__alloc_pages;get_page_from_freelist;__list_del_entry_valid
     0.63%     0.00%  c2d      [kernel.kallsyms]     [k] __x64_sys_exit_group
0.63% __x64_sys_exit_group;do_group_exit;do_exit;__mmput;exit_mmap;unmap_vmas;unmap_page_range
     0.63%     0.00%  c2d      [kernel.kallsyms]     [k] do_group_exit
0.63% do_group_exit;do_exit;__mmput;exit_mmap;unmap_vmas;unmap_page_range
     0.63%     0.00%  c2d      [kernel.kallsyms]     [k] do_exit
0.63% do_exit;__mmput;exit_mmap;unmap_vmas;unmap_page_range
     0.63%     0.00%  c2d      [kernel.kallsyms]     [k] __mmput
0.63% __mmput;exit_mmap;unmap_vmas;unmap_page_range
     0.63%     0.00%  c2d      [kernel.kallsyms]     [k] exit_mmap
0.63% exit_mmap;unmap_vmas;unmap_page_range
     0.63%     0.63%  c2d      [kernel.kallsyms]     [k] clear_page_rep
0.31% 0x7fcd2224624a;main;cnf2ddnnf_cmd_line;compile_cnf;compile_dt;compile_dt;compile_decomposed;lookup_or_compile_dt;compile_decomposed;lookup_or_compile_dt;compile_dt;compile_dt;compile_decomposed;lookup_or_compile_dt;compile_decomposed;lookup_or_compile_dt;compile_decomposed;lookup_or_compile_dt;compile_decomposed;lookup_or_compile_dt;compile_dt;compile_dt;compile_decomposed;lookup_or_compile_dt;compile_decomposed;lookup_or_compile_dt;compile_decomposed;lookup_or_compile_dt;compile_decomposed;lookup_or_compile_dt;lookup_cnf_cache;asm_exc_page_fault;exc_page_fault;do_user_addr_fault;handle_mm_fault;__handle_mm_fault;do_huge_pmd_anonymous_page;pte_alloc_one;__alloc_pages;get_page_from_freelist;clear_page_rep
0.31% 0x7fcd2224624a;main;cnf2ddnnf_cmd_line;compile_cnf;compile_dt;compile_dt;compile_decomposed;lookup_or_compile_dt;compile_decomposed;lookup_or_compile_dt;compile_dt;compile_dt;compile_decomposed;conjoin_nnfs_lits;conjoin_relevant_lits;get_and_node;asm_exc_page_fault;exc_page_fault;do_user_addr_fault;handle_mm_fault;__handle_mm_fault;wp_page_copy;vma_alloc_folio;__folio_alloc;__alloc_pages;get_page_from_freelist;clear_page_rep
     0.63%     0.31%  c2d      c2d                   [.] lookup_cnf_cache
0.31% lookup_cnf_cache;asm_exc_page_fault;exc_page_fault;do_user_addr_fault;handle_mm_fault;__handle_mm_fault;do_huge_pmd_anonymous_page;pte_alloc_one;__alloc_pages;get_page_from_freelist;clear_page_rep
0.31% 0x7fcd2224624a;main;cnf2ddnnf_cmd_line;compile_cnf;compile_dt;compile_dt;compile_decomposed;lookup_or_compile_dt;compile_decomposed;lookup_or_compile_dt;compile_dt;compile_dt;compile_decomposed;lookup_or_compile_dt;compile_decomposed;lookup_or_compile_dt;compile_decomposed;lookup_or_compile_dt;compile_decomposed;lookup_or_compile_dt;compile_dt;compile_dt;compile_decomposed;lookup_or_compile_dt;compile_decomposed;lookup_or_compile_dt;compile_decomposed;lookup_or_compile_dt;compile_decomposed;lookup_or_compile_dt;compile_dt;compile_dt;compile_decomposed;lookup_or_compile_dt;compile_decomposed;lookup_or_compile_dt;compile_decomposed;lookup_or_compile_dt;lookup_cnf_cache
     0.61%     0.00%  c2d      c2d                   [.] load_hdtree_from_file
0.31% load_hdtree_from_file;dtree_skeleton2hdtree;initialize_hdtree;initialize_hdtree;initialize_hdtree;initialize_hdtree;initialize_hdtree;initialize_hdtree;initialize_hdtree;initialize_hdtree;initialize_hdtree;initialize_hdtree;initialize_hdtree;initialize_hdtree;initialize_hdtree;initialize_hdtree;initialize_hdtree;initialize_hdtree;initialize_hdtree;initialize_hdtree;initialize_hdtree;initialize_hdtree;initialize_hdtree;initialize_hdtree;initialize_hdtree;initialize_hdtree;edges_minus
0.31% load_hdtree_from_file;dtree_skeleton2hdtree
     0.61%     0.31%  c2d      c2d                   [.] dtree_skeleton2hdtree
0.31% dtree_skeleton2hdtree;initialize_hdtree;initialize_hdtree;initialize_hdtree;initialize_hdtree;initialize_hdtree;initialize_hdtree;initialize_hdtree;initialize_hdtree;initialize_hdtree;initialize_hdtree;initialize_hdtree;initialize_hdtree;initialize_hdtree;initialize_hdtree;initialize_hdtree;initialize_hdtree;initialize_hdtree;initialize_hdtree;initialize_hdtree;initialize_hdtree;initialize_hdtree;initialize_hdtree;initialize_hdtree;initialize_hdtree;edges_minus
0.31% 0x7fcd2224624a;main;cnf2ddnnf_cmd_line;load_hdtree_from_file;dtree_skeleton2hdtree
     0.57%     0.00%  c2d      [kernel.kallsyms]     [k] do_mas_munmap
0.32% do_mas_munmap;do_mas_align_munmap;unmap_region;unmap_vmas;unmap_page_range
0.25% do_mas_munmap;do_mas_align_munmap;__split_vma;__vma_adjust;vma_interval_tree_remove
     0.57%     0.00%  c2d      [kernel.kallsyms]     [k] do_mas_align_munmap
0.32% do_mas_align_munmap;unmap_region;unmap_vmas;unmap_page_range
0.25% do_mas_align_munmap;__split_vma;__vma_adjust;vma_interval_tree_remove
     0.51%     0.00%  c2d      [unknown]             [k] 0x00007fcd227748a8
0.26% 0x7fcd227748a8;0x7fcd227491da;0x7fcd2276195d;entry_SYSCALL_64_after_hwframe;do_syscall_64;__x64_sys_openat;do_sys_openat2;do_filp_open;path_openat;alloc_empty_file;__alloc_file;security_file_alloc;kmem_cache_alloc;___slab_alloc
0.25% 0x7fcd227748a8;0x7fcd22749075;0x7fcd22761ae3;entry_SYSCALL_64_after_hwframe;do_syscall_64;ksys_mmap_pgoff;vm_mmap_pgoff;do_mmap;mmap_region;do_mas_munmap;do_mas_align_munmap;__split_vma;__vma_adjust;vma_interval_tree_remove
     0.46%     0.20%  c2d      [kernel.kallsyms]     [k] kmem_cache_alloc
0.26% kmem_cache_alloc;___slab_alloc
0.20% 0x7f05882f3a97;entry_SYSCALL_64_after_hwframe;do_syscall_64;__x64_sys_execve;do_execveat_common.isra.0;bprm_execve;load_elf_binary;elf_map;vm_mmap_pgoff;do_mmap;mmap_region;mas_preallocate;mas_alloc_nodes;kmem_cache_alloc
     0.46%     0.00%  c2d      [kernel.kallsyms]     [k] vm_mmap_pgoff
0.25% vm_mmap_pgoff;do_mmap;mmap_region;do_mas_munmap;do_mas_align_munmap;__split_vma;__vma_adjust;vma_interval_tree_remove
0.20% vm_mmap_pgoff;do_mmap;mmap_region;mas_preallocate;mas_alloc_nodes;kmem_cache_alloc
     0.46%     0.00%  c2d      [kernel.kallsyms]     [k] do_mmap
0.25% do_mmap;mmap_region;do_mas_munmap;do_mas_align_munmap;__split_vma;__vma_adjust;vma_interval_tree_remove
0.20% do_mmap;mmap_region;mas_preallocate;mas_alloc_nodes;kmem_cache_alloc
     0.46%     0.00%  c2d      [kernel.kallsyms]     [k] mmap_region
0.25% mmap_region;do_mas_munmap;do_mas_align_munmap;__split_vma;__vma_adjust;vma_interval_tree_remove
0.20% mmap_region;mas_preallocate;mas_alloc_nodes;kmem_cache_alloc
     0.32%     0.32%  c2d      [kernel.kallsyms]     [k] rcu_cblist_dequeue
0.32% 0x7fcd2224624a;main;cnf2ddnnf_cmd_line;free_cache_manager;asm_sysvec_apic_timer_interrupt;sysvec_apic_timer_interrupt;__irq_exit_rcu;handle_softirqs;rcu_core;rcu_do_batch;rcu_cblist_dequeue
     0.32%     0.00%  c2d      [kernel.kallsyms]     [k] asm_sysvec_apic_timer_interrupt
0.32% asm_sysvec_apic_timer_interrupt;sysvec_apic_timer_interrupt;__irq_exit_rcu;handle_softirqs;rcu_core;rcu_do_batch;rcu_cblist_dequeue
     0.32%     0.00%  c2d      [kernel.kallsyms]     [k] sysvec_apic_timer_interrupt
0.32% sysvec_apic_timer_interrupt;__irq_exit_rcu;handle_softirqs;rcu_core;rcu_do_batch;rcu_cblist_dequeue
     0.32%     0.00%  c2d      [kernel.kallsyms]     [k] __irq_exit_rcu
0.32% __irq_exit_rcu;handle_softirqs;rcu_core;rcu_do_batch;rcu_cblist_dequeue
     0.32%     0.00%  c2d      [kernel.kallsyms]     [k] handle_softirqs
0.32% handle_softirqs;rcu_core;rcu_do_batch;rcu_cblist_dequeue
     0.32%     0.00%  c2d      [kernel.kallsyms]     [k] rcu_core
0.32% rcu_core;rcu_do_batch;rcu_cblist_dequeue
     0.32%     0.00%  c2d      [kernel.kallsyms]     [k] rcu_do_batch
0.32% rcu_do_batch;rcu_cblist_dequeue
     0.32%     0.00%  c2d      libc.so.6             [.] __munmap
0.32% __munmap;entry_SYSCALL_64_after_hwframe;do_syscall_64;__x64_sys_munmap;__vm_munmap;do_mas_munmap;do_mas_align_munmap;unmap_region;unmap_vmas;unmap_page_range
     0.32%     0.00%  c2d      [kernel.kallsyms]     [k] __x64_sys_munmap
0.32% __x64_sys_munmap;__vm_munmap;do_mas_munmap;do_mas_align_munmap;unmap_region;unmap_vmas;unmap_page_range
     0.32%     0.00%  c2d      [kernel.kallsyms]     [k] __vm_munmap
0.32% __vm_munmap;do_mas_munmap;do_mas_align_munmap;unmap_region;unmap_vmas;unmap_page_range
     0.32%     0.00%  c2d      [kernel.kallsyms]     [k] unmap_region
0.32% unmap_region;unmap_vmas;unmap_page_range
     0.32%     0.32%  c2d      [kernel.kallsyms]     [k] mm_get_huge_zero_page
0.32% 0x7fcd2224624a;main;cnf2ddnnf_cmd_line;free_cache_manager;asm_exc_page_fault;exc_page_fault;do_user_addr_fault;handle_mm_fault;__handle_mm_fault;do_huge_pmd_anonymous_page;mm_get_huge_zero_page
     0.32%     0.32%  c2d      [kernel.kallsyms]     [k] apparmor_file_permission
0.32% 0x67616e616d20464e;write;entry_SYSCALL_64_after_hwframe;do_syscall_64;ksys_write;vfs_write;security_file_permission;apparmor_file_permission
     0.32%     0.00%  c2d      [unknown]             [k] 0x67616e616d20464e
0.32% 0x67616e616d20464e;write;entry_SYSCALL_64_after_hwframe;do_syscall_64;ksys_write;vfs_write;security_file_permission;apparmor_file_permission
     0.32%     0.00%  c2d      libc.so.6             [.] write
0.32% write;entry_SYSCALL_64_after_hwframe;do_syscall_64;ksys_write;vfs_write;security_file_permission;apparmor_file_permission
     0.32%     0.00%  c2d      [kernel.kallsyms]     [k] ksys_write
0.32% ksys_write;vfs_write;security_file_permission;apparmor_file_permission
     0.32%     0.00%  c2d      [kernel.kallsyms]     [k] vfs_write
0.32% vfs_write;security_file_permission;apparmor_file_permission
     0.32%     0.00%  c2d      [kernel.kallsyms]     [k] security_file_permission
0.32% security_file_permission;apparmor_file_permission
     0.31%     0.00%  c2d      c2d                   [.] conjoin_nnfs_lits
0.31% conjoin_nnfs_lits;conjoin_relevant_lits;get_and_node;asm_exc_page_fault;exc_page_fault;do_user_addr_fault;handle_mm_fault;__handle_mm_fault;wp_page_copy;vma_alloc_folio;__folio_alloc;__alloc_pages;get_page_from_freelist;clear_page_rep
     0.31%     0.00%  c2d      c2d                   [.] conjoin_relevant_lits
0.31% conjoin_relevant_lits;get_and_node;asm_exc_page_fault;exc_page_fault;do_user_addr_fault;handle_mm_fault;__handle_mm_fault;wp_page_copy;vma_alloc_folio;__folio_alloc;__alloc_pages;get_page_from_freelist;clear_page_rep
     0.31%     0.00%  c2d      c2d                   [.] get_and_node
0.31% get_and_node;asm_exc_page_fault;exc_page_fault;do_user_addr_fault;handle_mm_fault;__handle_mm_fault;wp_page_copy;vma_alloc_folio;__folio_alloc;__alloc_pages;get_page_from_freelist;clear_page_rep
     0.31%     0.00%  c2d      [kernel.kallsyms]     [k] wp_page_copy
0.31% wp_page_copy;vma_alloc_folio;__folio_alloc;__alloc_pages;get_page_from_freelist;clear_page_rep
     0.31%     0.00%  c2d      [kernel.kallsyms]     [k] vma_alloc_folio
0.31% vma_alloc_folio;__folio_alloc;__alloc_pages;get_page_from_freelist;clear_page_rep
     0.31%     0.00%  c2d      [kernel.kallsyms]     [k] __folio_alloc
0.31% __folio_alloc;__alloc_pages;get_page_from_freelist;clear_page_rep
     0.31%     0.31%  c2d      libm.so.6             [.] log2
0.31% 0x7fcd2224624a;main;cnf2ddnnf_cmd_line;compile_cnf;compile_dt;compile_dt;compile_decomposed;lookup_or_compile_dt;compile_decomposed;lookup_or_compile_dt;compile_dt;compile_dt;compile_decomposed;lookup_or_compile_dt;compile_decomposed;lookup_or_compile_dt;compile_decomposed;lookup_or_compile_dt;compile_decomposed;lookup_or_compile_dt;compile_dt;compile_dt;compile_decomposed;lookup_or_compile_dt;compile_decomposed;lookup_or_compile_dt;compile_decomposed;lookup_or_compile_dt;compile_decomposed;lookup_or_compile_dt;compile_dt;compile_dt;compile_decomposed;lookup_or_compile_dt;compile_decomposed;lookup_or_compile_dt;compile_decomposed;lookup_or_compile_dt;compile_decomposed;lookup_or_compile_dt;compile_dt;compile_dt;compile_decomposed;lookup_or_compile_dt;compile_decomposed;lookup_or_compile_dt;compile_decomposed;lookup_or_compile_dt;compile_decomposed;lookup_or_compile_dt;compile_dt;select_separator;update_separator_score;log2
     0.31%     0.00%  c2d      c2d                   [.] select_separator
0.31% select_separator;update_separator_score;log2
     0.31%     0.00%  c2d      c2d                   [.] update_separator_score
0.31% update_separator_score;log2
     0.31%     0.31%  c2d      libc.so.6             [.] 0x0000000000095049
0.31% 0x7fcd222b404e
     0.31%     0.00%  c2d      libc.so.6             [.] 0x00007fcd222b404e
0.31% 0x7fcd222b404e
     0.31%     0.31%  c2d      c2d                   [.] insert_cnf_cache
0.31% 0x7fcd2224624a;main;cnf2ddnnf_cmd_line;compile_cnf;compile_dt;compile_dt;compile_decomposed;lookup_or_compile_dt;compile_decomposed;lookup_or_compile_dt;compile_dt;compile_dt;compile_decomposed;lookup_or_compile_dt;compile_decomposed;lookup_or_compile_dt;compile_decomposed;lookup_or_compile_dt;compile_decomposed;lookup_or_compile_dt;compile_dt;compile_dt;compile_decomposed;lookup_or_compile_dt;compile_decomposed;lookup_or_compile_dt;compile_decomposed;lookup_or_compile_dt;compile_decomposed;lookup_or_compile_dt;compile_dt;compile_dt;compile_decomposed;lookup_or_compile_dt;compile_decomposed;lookup_or_compile_dt;compile_decomposed;lookup_or_compile_dt;compile_decomposed;lookup_or_compile_dt;compile_dt;compile_dt;compile_decomposed;lookup_or_compile_dt;compile_decomposed;lookup_or_compile_dt;compile_decomposed;lookup_or_compile_dt;compile_decomposed;lookup_or_compile_dt;compile_dt;compile_dt;compile_decomposed;lookup_or_compile_dt;compile_decomposed;lookup_or_compile_dt;compile_decomposed;lookup_or_compile_dt;compile_decomposed;lookup_or_compile_dt;compile_dt;compile_dt;compile_decomposed;lookup_or_compile_dt;compile_decomposed;lookup_or_compile_dt;compile_decomposed;lookup_or_compile_dt;compile_decomposed;lookup_or_compile_dt;insert_cnf_cache
     0.31%     0.31%  c2d      c2d                   [.] cvar_cmp
0.31% 0x7fcd2225eb9d;cvar_cmp
     0.31%     0.00%  c2d      libc.so.6             [.] 0x00007fcd2225eb9d
0.31% 0x7fcd2225eb9d;cvar_cmp
     0.31%     0.31%  c2d      c2d                   [.] initialize_cnf_manager
0.31% 0x7fcd2224624a;main;cnf2ddnnf_cmd_line;construct_cnf_manager;initialize_cnf_manager
     0.31%     0.00%  c2d      c2d                   [.] construct_cnf_manager
0.31% construct_cnf_manager;initialize_cnf_manager
     0.31%     0.31%  c2d      c2d                   [.] edges_minus
0.31% 0x7fcd2224624a;main;cnf2ddnnf_cmd_line;load_hdtree_from_file;dtree_skeleton2hdtree;initialize_hdtree;initialize_hdtree;initialize_hdtree;initialize_hdtree;initialize_hdtree;initialize_hdtree;initialize_hdtree;initialize_hdtree;initialize_hdtree;initialize_hdtree;initialize_hdtree;initialize_hdtree;initialize_hdtree;initialize_hdtree;initialize_hdtree;initialize_hdtree;initialize_hdtree;initialize_hdtree;initialize_hdtree;initialize_hdtree;initialize_hdtree;initialize_hdtree;initialize_hdtree;initialize_hdtree;edges_minus
     0.31%     0.00%  c2d      c2d                   [.] initialize_hdtree
0.31% initialize_hdtree;initialize_hdtree;initialize_hdtree;initialize_hdtree;initialize_hdtree;initialize_hdtree;initialize_hdtree;initialize_hdtree;initialize_hdtree;initialize_hdtree;initialize_hdtree;initialize_hdtree;initialize_hdtree;initialize_hdtree;initialize_hdtree;initialize_hdtree;initialize_hdtree;initialize_hdtree;initialize_hdtree;initialize_hdtree;initialize_hdtree;initialize_hdtree;initialize_hdtree;initialize_hdtree;edges_minus
     0.30%     0.30%  c2d      [kernel.kallsyms]     [k] cpu_clock_sample_group
0.30% 0x7fcd2224624a;main;clock_gettime;__vdso_clock_gettime;entry_SYSCALL_64_after_hwframe;do_syscall_64;__x64_sys_clock_gettime;posix_cpu_clock_get;cpu_clock_sample_group
     0.30%     0.00%  c2d      libc.so.6             [.] clock_gettime
0.30% clock_gettime;__vdso_clock_gettime;entry_SYSCALL_64_after_hwframe;do_syscall_64;__x64_sys_clock_gettime;posix_cpu_clock_get;cpu_clock_sample_group
     0.30%     0.00%  c2d      [vdso]                [.] __vdso_clock_gettime
0.30% __vdso_clock_gettime;entry_SYSCALL_64_after_hwframe;do_syscall_64;__x64_sys_clock_gettime;posix_cpu_clock_get;cpu_clock_sample_group
     0.30%     0.00%  c2d      [kernel.kallsyms]     [k] __x64_sys_clock_gettime
0.30% __x64_sys_clock_gettime;posix_cpu_clock_get;cpu_clock_sample_group
     0.30%     0.00%  c2d      [kernel.kallsyms]     [k] posix_cpu_clock_get
0.30% posix_cpu_clock_get;cpu_clock_sample_group
     0.30%     0.30%  c2d      libc.so.6             [.] 0x0000000000048d78
0.30% 0x7fcd22267d7a
     0.30%     0.00%  c2d      libc.so.6             [.] 0x00007fcd22267d7a
0.30% 0x7fcd22267d7a
     0.30%     0.30%  c2d      libc.so.6             [.] 0x0000000000171580
0.30% DoRefinement;0x7fcd22390582
     0.30%     0.00%  c2d      c2d                   [.] DoRefinement
0.30% DoRefinement;0x7fcd22390582
     0.30%     0.00%  c2d      libc.so.6             [.] 0x00007fcd22390582
0.30% 0x7fcd22390582
     0.30%     0.00%  c2d      libstdc++.so.6.0.30   [.] 0x00007fcd22499000
0.30% 0x7fcd22499000;asm_exc_page_fault;exc_page_fault;do_user_addr_fault;handle_mm_fault;__handle_mm_fault
     0.29%     0.29%  c2d      ld-linux-x86-64.so.2  [.] 0x0000000000008dea
0.29% 0x7fcd22749ded
     0.29%     0.00%  c2d      ld-linux-x86-64.so.2  [.] 0x00007fcd22749ded
0.29% 0x7fcd22749ded
     0.29%     0.29%  c2d      ld-linux-x86-64.so.2  [.] 0x000000000000e354
0.29% 0x7fcd2275ba58;0x7fcd2275b22f;0x7fcd2275ec99;0x7fcd2274f35a
     0.29%     0.00%  c2d      ld-linux-x86-64.so.2  [.] 0x00007fcd2274f35a
0.29% 0x7fcd2274f35a
     0.28%     0.00%  c2d      [unknown]             [k] 0x00007f05882f3a97
0.20% 0x7f05882f3a97;entry_SYSCALL_64_after_hwframe;do_syscall_64;__x64_sys_execve;do_execveat_common.isra.0;bprm_execve;load_elf_binary;elf_map;vm_mmap_pgoff;do_mmap;mmap_region;mas_preallocate;mas_alloc_nodes;kmem_cache_alloc
0.08% 0x7f05882f3a97;entry_SYSCALL_64_after_hwframe;do_syscall_64;__x64_sys_execve;do_execveat_common.isra.0;bprm_execve;load_elf_binary;randomize_stack_top
     0.28%     0.00%  c2d      [kernel.kallsyms]     [k] __x64_sys_execve
0.20% __x64_sys_execve;do_execveat_common.isra.0;bprm_execve;load_elf_binary;elf_map;vm_mmap_pgoff;do_mmap;mmap_region;mas_preallocate;mas_alloc_nodes;kmem_cache_alloc
0.08% __x64_sys_execve;do_execveat_common.isra.0;bprm_execve;load_elf_binary;randomize_stack_top
     0.28%     0.00%  c2d      [kernel.kallsyms]     [k] do_execveat_common.isra.0
0.20% do_execveat_common.isra.0;bprm_execve;load_elf_binary;elf_map;vm_mmap_pgoff;do_mmap;mmap_region;mas_preallocate;mas_alloc_nodes;kmem_cache_alloc
0.08% do_execveat_common.isra.0;bprm_execve;load_elf_binary;randomize_stack_top
     0.28%     0.00%  c2d      [kernel.kallsyms]     [k] bprm_execve
0.20% bprm_execve;load_elf_binary;elf_map;vm_mmap_pgoff;do_mmap;mmap_region;mas_preallocate;mas_alloc_nodes;kmem_cache_alloc
0.08% bprm_execve;load_elf_binary;randomize_stack_top
     0.28%     0.08%  c2d      [kernel.kallsyms]     [k] load_elf_binary
0.20% load_elf_binary;elf_map;vm_mmap_pgoff;do_mmap;mmap_region;mas_preallocate;mas_alloc_nodes;kmem_cache_alloc
0.08% 0x7f05882f3a97;entry_SYSCALL_64_after_hwframe;do_syscall_64;__x64_sys_execve;do_execveat_common.isra.0;bprm_execve;load_elf_binary;randomize_stack_top
     0.28%     0.28%  c2d      ld-linux-x86-64.so.2  [.] 0x000000000000e305
0.28% 0x7fcd2275ba58;0x7fcd2275b22f;0x7fcd2275ec99;0x7fcd2274f309
     0.28%     0.00%  c2d      ld-linux-x86-64.so.2  [.] 0x00007fcd2274f309
0.28% 0x7fcd2274f309
     0.28%     0.28%  c2d      ld-linux-x86-64.so.2  [.] 0x0000000000009947
0.28% 0x19a6e0;0x7fcd2247a758;0x7fcd2274a94a
     0.28%     0.00%  c2d      [unknown]             [.] 0x000000000019a6e0
0.28% 0x19a6e0;0x7fcd2247a758;0x7fcd2274a94a
     0.28%     0.00%  c2d      [unknown]             [.] 0x00007fcd2247a758
0.28% 0x7fcd2247a758;0x7fcd2274a94a
     0.28%     0.00%  c2d      ld-linux-x86-64.so.2  [.] 0x00007fcd2274a94a
0.28% 0x7fcd2274a94a
     0.27%     0.27%  c2d      [kernel.kallsyms]     [k] next_uptodate_page
0.27% 0x7fcd2275ba58;0x7fcd2275b22f;0x7fcd2275ec99;__exp_finite;asm_exc_page_fault;exc_page_fault;do_user_addr_fault;handle_mm_fault;__handle_mm_fault;do_fault;filemap_map_pages;next_uptodate_page
     0.27%     0.00%  c2d      libm.so.6             [.] __exp_finite
0.27% __exp_finite;asm_exc_page_fault;exc_page_fault;do_user_addr_fault;handle_mm_fault;__handle_mm_fault;do_fault;filemap_map_pages;next_uptodate_page
     0.27%     0.00%  c2d      [kernel.kallsyms]     [k] do_fault
0.27% do_fault;filemap_map_pages;next_uptodate_page
     0.27%     0.00%  c2d      [kernel.kallsyms]     [k] filemap_map_pages
0.27% filemap_map_pages;next_uptodate_page
     0.27%     0.27%  c2d      [kernel.kallsyms]     [k] __irqentry_text_end
0.27% 0x3d524553574f5242;0x7ffd4e7cc9e4;0x7fcd227548e4;__irqentry_text_end
     0.27%     0.00%  c2d      [unknown]             [k] 0x3d524553574f5242
0.27% 0x3d524553574f5242;0x7ffd4e7cc9e4;0x7fcd227548e4;__irqentry_text_end
     0.27%     0.00%  c2d      [unknown]             [k] 0x00007ffd4e7cc9e4
0.27% 0x7ffd4e7cc9e4;0x7fcd227548e4;__irqentry_text_end
     0.27%     0.00%  c2d      ld-linux-x86-64.so.2  [.] 0x00007fcd227548e4
0.27% 0x7fcd227548e4;__irqentry_text_end
     0.27%     0.27%  c2d      ld-linux-x86-64.so.2  [.] 0x0000000000002230
0.27% 0x7fcd2275ba58;0x7fcd2275b22f;0x7fcd2275e97a;0x7fcd22743231
     0.27%     0.00%  c2d      ld-linux-x86-64.so.2  [.] 0x00007fcd2275e97a
0.27% 0x7fcd2275e97a;0x7fcd22743231
     0.27%     0.00%  c2d      ld-linux-x86-64.so.2  [.] 0x00007fcd22743231
0.27% 0x7fcd22743231
     0.26%     0.26%  c2d      [kernel.kallsyms]     [k] ___slab_alloc
0.26% 0x7fcd227748a8;0x7fcd227491da;0x7fcd2276195d;entry_SYSCALL_64_after_hwframe;do_syscall_64;__x64_sys_openat;do_sys_openat2;do_filp_open;path_openat;alloc_empty_file;__alloc_file;security_file_alloc;kmem_cache_alloc;___slab_alloc
     0.26%     0.00%  c2d      ld-linux-x86-64.so.2  [.] 0x00007fcd227491da
0.26% 0x7fcd227491da;0x7fcd2276195d;entry_SYSCALL_64_after_hwframe;do_syscall_64;__x64_sys_openat;do_sys_openat2;do_filp_open;path_openat;alloc_empty_file;__alloc_file;security_file_alloc;kmem_cache_alloc;___slab_alloc
     0.26%     0.00%  c2d      ld-linux-x86-64.so.2  [.] 0x00007fcd2276195d
0.26% 0x7fcd2276195d;entry_SYSCALL_64_after_hwframe;do_syscall_64;__x64_sys_openat;do_sys_openat2;do_filp_open;path_openat;alloc_empty_file;__alloc_file;security_file_alloc;kmem_cache_alloc;___slab_alloc
     0.26%     0.00%  c2d      [kernel.kallsyms]     [k] __x64_sys_openat
0.26% __x64_sys_openat;do_sys_openat2;do_filp_open;path_openat;alloc_empty_file;__alloc_file;security_file_alloc;kmem_cache_alloc;___slab_alloc
     0.26%     0.00%  c2d      [kernel.kallsyms]     [k] do_sys_openat2
0.26% do_sys_openat2;do_filp_open;path_openat;alloc_empty_file;__alloc_file;security_file_alloc;kmem_cache_alloc;___slab_alloc
     0.26%     0.00%  c2d      [kernel.kallsyms]     [k] do_filp_open
0.26% do_filp_open;path_openat;alloc_empty_file;__alloc_file;security_file_alloc;kmem_cache_alloc;___slab_alloc
     0.26%     0.00%  c2d      [kernel.kallsyms]     [k] path_openat
0.26% path_openat;alloc_empty_file;__alloc_file;security_file_alloc;kmem_cache_alloc;___slab_alloc
     0.26%     0.00%  c2d      [kernel.kallsyms]     [k] alloc_empty_file
0.26% alloc_empty_file;__alloc_file;security_file_alloc;kmem_cache_alloc;___slab_alloc
     0.26%     0.00%  c2d      [kernel.kallsyms]     [k] __alloc_file
0.26% __alloc_file;security_file_alloc;kmem_cache_alloc;___slab_alloc
     0.26%     0.00%  c2d      [kernel.kallsyms]     [k] security_file_alloc
0.26% security_file_alloc;kmem_cache_alloc;___slab_alloc
     0.25%     0.25%  c2d      [kernel.kallsyms]     [k] vma_interval_tree_remove
0.25% 0x7fcd227748a8;0x7fcd22749075;0x7fcd22761ae3;entry_SYSCALL_64_after_hwframe;do_syscall_64;ksys_mmap_pgoff;vm_mmap_pgoff;do_mmap;mmap_region;do_mas_munmap;do_mas_align_munmap;__split_vma;__vma_adjust;vma_interval_tree_remove
     0.25%     0.00%  c2d      ld-linux-x86-64.so.2  [.] 0x00007fcd22749075
0.25% 0x7fcd22749075;0x7fcd22761ae3;entry_SYSCALL_64_after_hwframe;do_syscall_64;ksys_mmap_pgoff;vm_mmap_pgoff;do_mmap;mmap_region;do_mas_munmap;do_mas_align_munmap;__split_vma;__vma_adjust;vma_interval_tree_remove
     0.25%     0.00%  c2d      ld-linux-x86-64.so.2  [.] 0x00007fcd22761ae3
0.25% 0x7fcd22761ae3;entry_SYSCALL_64_after_hwframe;do_syscall_64;ksys_mmap_pgoff;vm_mmap_pgoff;do_mmap;mmap_region;do_mas_munmap;do_mas_align_munmap;__split_vma;__vma_adjust;vma_interval_tree_remove
     0.25%     0.00%  c2d      [kernel.kallsyms]     [k] ksys_mmap_pgoff
0.25% ksys_mmap_pgoff;vm_mmap_pgoff;do_mmap;mmap_region;do_mas_munmap;do_mas_align_munmap;__split_vma;__vma_adjust;vma_interval_tree_remove
     0.25%     0.00%  c2d      [kernel.kallsyms]     [k] __split_vma
0.25% __split_vma;__vma_adjust;vma_interval_tree_remove
     0.25%     0.00%  c2d      [kernel.kallsyms]     [k] __vma_adjust
0.25% __vma_adjust;vma_interval_tree_remove
     0.20%     0.00%  c2d      [kernel.kallsyms]     [k] elf_map
0.20% elf_map;vm_mmap_pgoff;do_mmap;mmap_region;mas_preallocate;mas_alloc_nodes;kmem_cache_alloc
     0.20%     0.00%  c2d      [kernel.kallsyms]     [k] mas_preallocate
0.20% mas_preallocate;mas_alloc_nodes;kmem_cache_alloc
     0.20%     0.00%  c2d      [kernel.kallsyms]     [k] mas_alloc_nodes
0.20% mas_alloc_nodes;kmem_cache_alloc
     0.08%     0.00%  c2d      [kernel.kallsyms]     [k] randomize_stack_top
0.08% randomize_stack_top
     0.02%     0.00%  perf-ex  [unknown]             [k] 0x00007f05882f3a97
0.02% 0x7f05882f3a97;entry_SYSCALL_64_after_hwframe;do_syscall_64;__x64_sys_execve;do_execveat_common.isra.0;bprm_execve;load_elf_binary;begin_new_exec;perf_event_exec
     0.02%     0.00%  perf-ex  [kernel.kallsyms]     [k] entry_SYSCALL_64_after_hwframe
0.02% entry_SYSCALL_64_after_hwframe;do_syscall_64;__x64_sys_execve;do_execveat_common.isra.0;bprm_execve;load_elf_binary;begin_new_exec;perf_event_exec
     0.02%     0.02%  perf-ex  [kernel.kallsyms]     [k] perf_event_exec
0.02% 0x7f05882f3a97;entry_SYSCALL_64_after_hwframe;do_syscall_64;__x64_sys_execve;do_execveat_common.isra.0;bprm_execve;load_elf_binary;begin_new_exec;perf_event_exec
     0.02%     0.00%  perf-ex  [kernel.kallsyms]     [k] do_syscall_64
0.02% do_syscall_64;__x64_sys_execve;do_execveat_common.isra.0;bprm_execve;load_elf_binary;begin_new_exec;perf_event_exec
     0.02%     0.00%  perf-ex  [kernel.kallsyms]     [k] __x64_sys_execve
0.02% __x64_sys_execve;do_execveat_common.isra.0;bprm_execve;load_elf_binary;begin_new_exec;perf_event_exec
     0.02%     0.00%  perf-ex  [kernel.kallsyms]     [k] do_execveat_common.isra.0
0.02% do_execveat_common.isra.0;bprm_execve;load_elf_binary;begin_new_exec;perf_event_exec
     0.02%     0.00%  perf-ex  [kernel.kallsyms]     [k] bprm_execve
0.02% bprm_execve;load_elf_binary;begin_new_exec;perf_event_exec
     0.02%     0.00%  perf-ex  [kernel.kallsyms]     [k] load_elf_binary
0.02% load_elf_binary;begin_new_exec;perf_event_exec
     0.02%     0.00%  perf-ex  [kernel.kallsyms]     [k] begin_new_exec
0.02% begin_new_exec;perf_event_exec
     0.00%     0.00%  perf-ex  [kernel.kallsyms]     [k] native_write_msr
     0.00%     0.00%  perf-ex  [kernel.kallsyms]     [k] __intel_pmu_enable_all.constprop.0
     0.00%     0.00%  perf-ex  [kernel.kallsyms]     [k] fill_pte
     0.00%     0.00%  perf-ex  [kernel.kallsyms]     [k] nmi_handle


#
# (Tip: Show current config key-value pairs: perf config --list)
#
