# To display the perf.data header info, please use --header/--header-only options.
#
#
# Total Lost Samples: 0
#
# Samples: 328  of event 'cycles'
# Event count (approx.): 228053879
#
# Children      Self  Command  Shared Object         Symbol                                                            
# ........  ........  .......  ....................  ..................................................................
#
    95.62%     0.00%  c2d      libc.so.6             [.] 0x00007fdd30d6724a
91.04% 0x7fdd30d6724a;main;cnf2ddnnf_cmd_line;free_cache_manager
0.63% 0x7fdd30d6724a;main;cnf2ddnnf_cmd_line;free_cache_manager;asm_exc_page_fault;exc_page_fault;do_user_addr_fault;lock_mm_and_find_vma;find_vma;mt_find;mtree_range_walk
0.32% 0x7fdd30d6724a;main;cnf2ddnnf_cmd_line;free_cache_manager;asm_exc_page_fault;exc_page_fault;do_user_addr_fault;handle_mm_fault;__rcu_read_unlock
0.32% 0x7fdd30d6724a;main;cnf2ddnnf_cmd_line;free_cache_manager;asm_exc_page_fault;exc_page_fault;do_user_addr_fault;lock_mm_and_find_vma;find_vma
0.32% 0x7fdd30d6724a;main;cnf2ddnnf_cmd_line;free_cache_manager;__irqentry_text_end
0.32% 0x7fdd30d6724a;main;cnf2ddnnf_cmd_line;free_cache_manager;asm_exc_page_fault;exc_page_fault;do_user_addr_fault;handle_mm_fault;__handle_mm_fault;do_huge_pmd_anonymous_page;pte_alloc_one;__alloc_pages;get_page_from_freelist;clear_page_rep
0.31% 0x7fdd30d6724a;main;cnf2ddnnf_cmd_line;free_cache_manager;asm_exc_page_fault;exc_page_fault;do_user_addr_fault;handle_mm_fault;count_memcg_events.constprop.0;__count_memcg_events
0.31% 0x7fdd30d6724a;main;cnf2ddnnf_cmd_line;compile_cnf;compile_dt;compile_dt;compile_decomposed;conjoin_nnfs_lits;conjoin_relevant_lits;get_and_node;asm_exc_page_fault;exc_page_fault;do_user_addr_fault;lock_mm_and_find_vma
0.30% 0x7fdd30d6724a;main;cnf2ddnnf_cmd_line;compile_cnf;compile_dt;compile_dt;compile_decomposed;lookup_or_compile_dt;compile_dt;compile_dt;compile_decomposed;lookup_or_compile_dt;compile_decomposed;lookup_or_compile_dt;compile_decomposed;lookup_or_compile_dt;compile_dt;compile_dt;compile_decomposed;lookup_or_compile_dt;compile_decomposed;lookup_or_compile_dt;compile_decomposed;lookup_or_compile_dt;compile_dt;compile_dt;compile_decomposed;lookup_or_compile_dt;compile_decomposed;lookup_or_compile_dt;compile_decomposed;lookup_or_compile_dt;compile_dt;compile_dt;compile_decomposed;lookup_or_compile_dt;compile_decomposed;lookup_or_compile_dt;compile_decomposed;lookup_or_compile_dt;compile_dt;decide_literal;set_literal;move_watched_literal
0.30% 0x7fdd30d6724a;main;cnf2ddnnf_cmd_line;compile_cnf;compile_dt;compile_dt;compile_decomposed;lookup_or_compile_dt;compile_dt;compile_dt;compile_decomposed;lookup_or_compile_dt;compile_decomposed;lookup_or_compile_dt;compile_decomposed;lookup_or_compile_dt;compile_dt;compile_dt;compile_decomposed;lookup_or_compile_dt;compile_decomposed;lookup_or_compile_dt;compile_decomposed;lookup_or_compile_dt;compile_dt;compile_dt;compile_decomposed;lookup_or_compile_dt;compile_decomposed;lookup_or_compile_dt;compile_decomposed;lookup_or_compile_dt;compile_dt;compile_dt;compile_decomposed;lookup_or_compile_dt;compile_decomposed;lookup_or_compile_dt;compile_decomposed;lookup_or_compile_dt;compile_dt;compile_dt;compile_decomposed;lookup_or_compile_dt;compile_decomposed;lookup_or_compile_dt;compile_decomposed;lookup_or_compile_dt;compile_dt;compile_dt;compile_decomposed;lookup_or_compile_dt;compile_decomposed;lookup_or_compile_dt;compile_decomposed;lookup_or_compile_dt;compile_dt;compile_dt;compile_decomposed;lookup_or_compile_dt;compile_decomposed;lookup_or_compile_dt;compile_decomposed;lookup_or_compile_dt;insert_cnf_cache;add_cache_entry;asm_exc_page_fault;exc_page_fault;do_user_addr_fault;handle_mm_fault;__handle_mm_fault;do_huge_pmd_wp_page;__split_huge_pmd
0.30% 0x7fdd30d6724a;main;cnf2ddnnf_cmd_line;construct_dtree_manager;hdtree2dtree;hdtree2dtree;hdtree2dtree;hdtree2dtree;hdtree2dtree;hdtree2dtree;hdtree2dtree;hdtree2dtree;hdtree2dtree;hdtree2dtree;hdtree2dtree;hdtree2dtree;hdtree2dtree;hdtree2dtree;hdtree2dtree;hdtree2dtree;hdtree2dtree;hdtree2dtree;hdtree2dtree;hdtree2dtree;edges_subset
0.30% 0x7fdd30d6724a;main;cnf2ddnnf_cmd_line;load_hdtree_from_file;dtree_skeleton2hdtree;initialize_hdtree;initialize_hdtree;initialize_hdtree;initialize_hdtree;initialize_hdtree;initialize_hdtree;initialize_hdtree;initialize_hdtree;initialize_hdtree;initialize_hdtree;initialize_hdtree;initialize_hdtree;initialize_hdtree;initialize_hdtree;initialize_hdtree;initialize_hdtree;initialize_hdtree;edges_intersection
0.29% 0x7fdd30d6724a;main;cnf2ddnnf_cmd_line;load_hdtree_from_file;__isoc99_fscanf;_IO_sputbackc
0.29% 0x7fdd30d6724a;main;__isoc99_fscanf;0x7fdd30d9ebb3
0.29% 0x7fdd30d6724a;0x7fdd30eb15f7;asm_exc_page_fault;exc_page_fault;do_user_addr_fault;handle_mm_fault;__handle_mm_fault;do_fault;xfs_filemap_map_pages;filemap_map_pages;do_set_pte;page_add_file_rmap
    95.33%     0.00%  c2d      c2d                   [.] main
91.04% main;cnf2ddnnf_cmd_line;free_cache_manager
0.63% main;cnf2ddnnf_cmd_line;free_cache_manager;asm_exc_page_fault;exc_page_fault;do_user_addr_fault;lock_mm_and_find_vma;find_vma;mt_find;mtree_range_walk
0.32% main;cnf2ddnnf_cmd_line;free_cache_manager;asm_exc_page_fault;exc_page_fault;do_user_addr_fault;handle_mm_fault;__rcu_read_unlock
0.32% main;cnf2ddnnf_cmd_line;free_cache_manager;asm_exc_page_fault;exc_page_fault;do_user_addr_fault;lock_mm_and_find_vma;find_vma
0.32% main;cnf2ddnnf_cmd_line;free_cache_manager;__irqentry_text_end
0.32% main;cnf2ddnnf_cmd_line;free_cache_manager;asm_exc_page_fault;exc_page_fault;do_user_addr_fault;handle_mm_fault;__handle_mm_fault;do_huge_pmd_anonymous_page;pte_alloc_one;__alloc_pages;get_page_from_freelist;clear_page_rep
0.31% main;cnf2ddnnf_cmd_line;free_cache_manager;asm_exc_page_fault;exc_page_fault;do_user_addr_fault;handle_mm_fault;count_memcg_events.constprop.0;__count_memcg_events
0.31% main;cnf2ddnnf_cmd_line;compile_cnf;compile_dt;compile_dt;compile_decomposed;conjoin_nnfs_lits;conjoin_relevant_lits;get_and_node;asm_exc_page_fault;exc_page_fault;do_user_addr_fault;lock_mm_and_find_vma
0.30% main;cnf2ddnnf_cmd_line;compile_cnf;compile_dt;compile_dt;compile_decomposed;lookup_or_compile_dt;compile_dt;compile_dt;compile_decomposed;lookup_or_compile_dt;compile_decomposed;lookup_or_compile_dt;compile_decomposed;lookup_or_compile_dt;compile_dt;compile_dt;compile_decomposed;lookup_or_compile_dt;compile_decomposed;lookup_or_compile_dt;compile_decomposed;lookup_or_compile_dt;compile_dt;compile_dt;compile_decomposed;lookup_or_compile_dt;compile_decomposed;lookup_or_compile_dt;compile_decomposed;lookup_or_compile_dt;compile_dt;compile_dt;compile_decomposed;lookup_or_compile_dt;compile_decomposed;lookup_or_compile_dt;compile_decomposed;lookup_or_compile_dt;compile_dt;decide_literal;set_literal;move_watched_literal
0.30% main;cnf2ddnnf_cmd_line;compile_cnf;compile_dt;compile_dt;compile_decomposed;lookup_or_compile_dt;compile_dt;compile_dt;compile_decomposed;lookup_or_compile_dt;compile_decomposed;lookup_or_compile_dt;compile_decomposed;lookup_or_compile_dt;compile_dt;compile_dt;compile_decomposed;lookup_or_compile_dt;compile_decomposed;lookup_or_compile_dt;compile_decomposed;lookup_or_compile_dt;compile_dt;compile_dt;compile_decomposed;lookup_or_compile_dt;compile_decomposed;lookup_or_compile_dt;compile_decomposed;lookup_or_compile_dt;compile_dt;compile_dt;compile_decomposed;lookup_or_compile_dt;compile_decomposed;lookup_or_compile_dt;compile_decomposed;lookup_or_compile_dt;compile_dt;compile_dt;compile_decomposed;lookup_or_compile_dt;compile_decomposed;lookup_or_compile_dt;compile_decomposed;lookup_or_compile_dt;compile_dt;compile_dt;compile_decomposed;lookup_or_compile_dt;compile_decomposed;lookup_or_compile_dt;compile_decomposed;lookup_or_compile_dt;compile_dt;compile_dt;compile_decomposed;lookup_or_compile_dt;compile_decomposed;lookup_or_compile_dt;compile_decomposed;lookup_or_compile_dt;insert_cnf_cache;add_cache_entry;asm_exc_page_fault;exc_page_fault;do_user_addr_fault;handle_mm_fault;__handle_mm_fault;do_huge_pmd_wp_page;__split_huge_pmd
0.30% main;cnf2ddnnf_cmd_line;construct_dtree_manager;hdtree2dtree;hdtree2dtree;hdtree2dtree;hdtree2dtree;hdtree2dtree;hdtree2dtree;hdtree2dtree;hdtree2dtree;hdtree2dtree;hdtree2dtree;hdtree2dtree;hdtree2dtree;hdtree2dtree;hdtree2dtree;hdtree2dtree;hdtree2dtree;hdtree2dtree;hdtree2dtree;hdtree2dtree;hdtree2dtree;edges_subset
0.30% main;cnf2ddnnf_cmd_line;load_hdtree_from_file;dtree_skeleton2hdtree;initialize_hdtree;initialize_hdtree;initialize_hdtree;initialize_hdtree;initialize_hdtree;initialize_hdtree;initialize_hdtree;initialize_hdtree;initialize_hdtree;initialize_hdtree;initialize_hdtree;initialize_hdtree;initialize_hdtree;initialize_hdtree;initialize_hdtree;initialize_hdtree;initialize_hdtree;edges_intersection
0.29% main;cnf2ddnnf_cmd_line;load_hdtree_from_file;__isoc99_fscanf;_IO_sputbackc
0.29% main;__isoc99_fscanf;0x7fdd30d9ebb3
    95.04%     0.00%  c2d      c2d                   [.] cnf2ddnnf_cmd_line
91.04% cnf2ddnnf_cmd_line;free_cache_manager
0.63% cnf2ddnnf_cmd_line;free_cache_manager;asm_exc_page_fault;exc_page_fault;do_user_addr_fault;lock_mm_and_find_vma;find_vma;mt_find;mtree_range_walk
0.32% cnf2ddnnf_cmd_line;free_cache_manager;asm_exc_page_fault;exc_page_fault;do_user_addr_fault;handle_mm_fault;__rcu_read_unlock
0.32% cnf2ddnnf_cmd_line;free_cache_manager;asm_exc_page_fault;exc_page_fault;do_user_addr_fault;lock_mm_and_find_vma;find_vma
0.32% cnf2ddnnf_cmd_line;free_cache_manager;__irqentry_text_end
0.32% cnf2ddnnf_cmd_line;free_cache_manager;asm_exc_page_fault;exc_page_fault;do_user_addr_fault;handle_mm_fault;__handle_mm_fault;do_huge_pmd_anonymous_page;pte_alloc_one;__alloc_pages;get_page_from_freelist;clear_page_rep
0.31% cnf2ddnnf_cmd_line;free_cache_manager;asm_exc_page_fault;exc_page_fault;do_user_addr_fault;handle_mm_fault;count_memcg_events.constprop.0;__count_memcg_events
0.31% cnf2ddnnf_cmd_line;compile_cnf;compile_dt;compile_dt;compile_decomposed;conjoin_nnfs_lits;conjoin_relevant_lits;get_and_node;asm_exc_page_fault;exc_page_fault;do_user_addr_fault;lock_mm_and_find_vma
0.30% cnf2ddnnf_cmd_line;compile_cnf;compile_dt;compile_dt;compile_decomposed;lookup_or_compile_dt;compile_dt;compile_dt;compile_decomposed;lookup_or_compile_dt;compile_decomposed;lookup_or_compile_dt;compile_decomposed;lookup_or_compile_dt;compile_dt;compile_dt;compile_decomposed;lookup_or_compile_dt;compile_decomposed;lookup_or_compile_dt;compile_decomposed;lookup_or_compile_dt;compile_dt;compile_dt;compile_decomposed;lookup_or_compile_dt;compile_decomposed;lookup_or_compile_dt;compile_decomposed;lookup_or_compile_dt;compile_dt;compile_dt;compile_decomposed;lookup_or_compile_dt;compile_decomposed;lookup_or_compile_dt;compile_decomposed;lookup_or_compile_dt;compile_dt;decide_literal;set_literal;move_watched_literal
0.30% cnf2ddnnf_cmd_line;compile_cnf;compile_dt;compile_dt;compile_decomposed;lookup_or_compile_dt;compile_dt;compile_dt;compile_decomposed;lookup_or_compile_dt;compile_decomposed;lookup_or_compile_dt;compile_decomposed;lookup_or_compile_dt;compile_dt;compile_dt;compile_decomposed;lookup_or_compile_dt;compile_decomposed;lookup_or_compile_dt;compile_decomposed;lookup_or_compile_dt;compile_dt;compile_dt;compile_decomposed;lookup_or_compile_dt;compile_decomposed;lookup_or_compile_dt;compile_decomposed;lookup_or_compile_dt;compile_dt;compile_dt;compile_decomposed;lookup_or_compile_dt;compile_decomposed;lookup_or_compile_dt;compile_decomposed;lookup_or_compile_dt;compile_dt;compile_dt;compile_decomposed;lookup_or_compile_dt;compile_decomposed;lookup_or_compile_dt;compile_decomposed;lookup_or_compile_dt;compile_dt;compile_dt;compile_decomposed;lookup_or_compile_dt;compile_decomposed;lookup_or_compile_dt;compile_decomposed;lookup_or_compile_dt;compile_dt;compile_dt;compile_decomposed;lookup_or_compile_dt;compile_decomposed;lookup_or_compile_dt;compile_decomposed;lookup_or_compile_dt;insert_cnf_cache;add_cache_entry;asm_exc_page_fault;exc_page_fault;do_user_addr_fault;handle_mm_fault;__handle_mm_fault;do_huge_pmd_wp_page;__split_huge_pmd
0.30% cnf2ddnnf_cmd_line;construct_dtree_manager;hdtree2dtree;hdtree2dtree;hdtree2dtree;hdtree2dtree;hdtree2dtree;hdtree2dtree;hdtree2dtree;hdtree2dtree;hdtree2dtree;hdtree2dtree;hdtree2dtree;hdtree2dtree;hdtree2dtree;hdtree2dtree;hdtree2dtree;hdtree2dtree;hdtree2dtree;hdtree2dtree;hdtree2dtree;hdtree2dtree;edges_subset
0.30% cnf2ddnnf_cmd_line;load_hdtree_from_file;dtree_skeleton2hdtree;initialize_hdtree;initialize_hdtree;initialize_hdtree;initialize_hdtree;initialize_hdtree;initialize_hdtree;initialize_hdtree;initialize_hdtree;initialize_hdtree;initialize_hdtree;initialize_hdtree;initialize_hdtree;initialize_hdtree;initialize_hdtree;initialize_hdtree;initialize_hdtree;initialize_hdtree;edges_intersection
0.29% cnf2ddnnf_cmd_line;load_hdtree_from_file;__isoc99_fscanf;_IO_sputbackc
    93.24%    90.73%  c2d      c2d                   [.] free_cache_manager
90.73% 0x7fdd30d6724a;main;cnf2ddnnf_cmd_line;free_cache_manager
0.63% free_cache_manager;asm_exc_page_fault;exc_page_fault;do_user_addr_fault;lock_mm_and_find_vma;find_vma;mt_find;mtree_range_walk
0.32% free_cache_manager;asm_exc_page_fault;exc_page_fault;do_user_addr_fault;handle_mm_fault;__rcu_read_unlock
0.32% free_cache_manager;asm_exc_page_fault;exc_page_fault;do_user_addr_fault;lock_mm_and_find_vma;find_vma
0.32% free_cache_manager
0.32% free_cache_manager;__irqentry_text_end
0.32% free_cache_manager;asm_exc_page_fault;exc_page_fault;do_user_addr_fault;handle_mm_fault;__handle_mm_fault;do_huge_pmd_anonymous_page;pte_alloc_one;__alloc_pages;get_page_from_freelist;clear_page_rep
0.31% free_cache_manager;asm_exc_page_fault;exc_page_fault;do_user_addr_fault;handle_mm_fault;count_memcg_events.constprop.0;__count_memcg_events
     4.20%     0.00%  c2d      [kernel.kallsyms]     [k] asm_exc_page_fault
0.63% asm_exc_page_fault;exc_page_fault;do_user_addr_fault;lock_mm_and_find_vma;find_vma;mt_find;mtree_range_walk
0.32% asm_exc_page_fault;exc_page_fault;do_user_addr_fault;handle_mm_fault;__rcu_read_unlock
0.32% asm_exc_page_fault;exc_page_fault;do_user_addr_fault;lock_mm_and_find_vma;find_vma
0.32% asm_exc_page_fault;exc_page_fault;do_user_addr_fault;handle_mm_fault;__handle_mm_fault;do_huge_pmd_anonymous_page;pte_alloc_one;__alloc_pages;get_page_from_freelist;clear_page_rep
0.31% asm_exc_page_fault;exc_page_fault;do_user_addr_fault;handle_mm_fault;count_memcg_events.constprop.0;__count_memcg_events
0.31% asm_exc_page_fault;exc_page_fault;do_user_addr_fault;lock_mm_and_find_vma
0.30% asm_exc_page_fault;exc_page_fault;do_user_addr_fault;handle_mm_fault;__handle_mm_fault;do_huge_pmd_wp_page;__split_huge_pmd
0.30% asm_exc_page_fault;exc_page_fault;do_user_addr_fault;handle_mm_fault;__handle_mm_fault;vma_alloc_folio;__folio_alloc;__alloc_pages;get_page_from_freelist;clear_page_rep
0.30% asm_exc_page_fault;exc_page_fault;do_user_addr_fault;handle_mm_fault;__handle_mm_fault;do_fault;filemap_map_pages;do_set_pte
0.29% asm_exc_page_fault;exc_page_fault;do_user_addr_fault;handle_mm_fault;__handle_mm_fault;wp_page_copy;copy_mc_to_kernel;memcpy
0.29% asm_exc_page_fault;exc_page_fault;do_user_addr_fault;handle_mm_fault;__handle_mm_fault;do_fault;xfs_filemap_map_pages;filemap_map_pages;do_set_pte;page_add_file_rmap
0.28% asm_exc_page_fault;exc_page_fault;do_user_addr_fault;handle_mm_fault;__handle_mm_fault;__mem_cgroup_charge;get_mem_cgroup_from_mm
0.25% asm_exc_page_fault;exc_page_fault;do_user_addr_fault;handle_mm_fault;__handle_mm_fault;do_fault;copy_page
     4.20%     0.00%  c2d      [kernel.kallsyms]     [k] exc_page_fault
0.63% exc_page_fault;do_user_addr_fault;lock_mm_and_find_vma;find_vma;mt_find;mtree_range_walk
0.32% exc_page_fault;do_user_addr_fault;handle_mm_fault;__rcu_read_unlock
0.32% exc_page_fault;do_user_addr_fault;lock_mm_and_find_vma;find_vma
0.32% exc_page_fault;do_user_addr_fault;handle_mm_fault;__handle_mm_fault;do_huge_pmd_anonymous_page;pte_alloc_one;__alloc_pages;get_page_from_freelist;clear_page_rep
0.31% exc_page_fault;do_user_addr_fault;handle_mm_fault;count_memcg_events.constprop.0;__count_memcg_events
0.31% exc_page_fault;do_user_addr_fault;lock_mm_and_find_vma
0.30% exc_page_fault;do_user_addr_fault;handle_mm_fault;__handle_mm_fault;do_huge_pmd_wp_page;__split_huge_pmd
0.30% exc_page_fault;do_user_addr_fault;handle_mm_fault;__handle_mm_fault;vma_alloc_folio;__folio_alloc;__alloc_pages;get_page_from_freelist;clear_page_rep
0.30% exc_page_fault;do_user_addr_fault;handle_mm_fault;__handle_mm_fault;do_fault;filemap_map_pages;do_set_pte
0.29% exc_page_fault;do_user_addr_fault;handle_mm_fault;__handle_mm_fault;wp_page_copy;copy_mc_to_kernel;memcpy
0.29% exc_page_fault;do_user_addr_fault;handle_mm_fault;__handle_mm_fault;do_fault;xfs_filemap_map_pages;filemap_map_pages;do_set_pte;page_add_file_rmap
0.28% exc_page_fault;do_user_addr_fault;handle_mm_fault;__handle_mm_fault;__mem_cgroup_charge;get_mem_cgroup_from_mm
0.25% exc_page_fault;do_user_addr_fault;handle_mm_fault;__handle_mm_fault;do_fault;copy_page
     4.20%     0.00%  c2d      [kernel.kallsyms]     [k] do_user_addr_fault
0.63% do_user_addr_fault;lock_mm_and_find_vma;find_vma;mt_find;mtree_range_walk
0.32% do_user_addr_fault;handle_mm_fault;__rcu_read_unlock
0.32% do_user_addr_fault;lock_mm_and_find_vma;find_vma
0.32% do_user_addr_fault;handle_mm_fault;__handle_mm_fault;do_huge_pmd_anonymous_page;pte_alloc_one;__alloc_pages;get_page_from_freelist;clear_page_rep
0.31% do_user_addr_fault;handle_mm_fault;count_memcg_events.constprop.0;__count_memcg_events
0.31% do_user_addr_fault;lock_mm_and_find_vma
0.30% do_user_addr_fault;handle_mm_fault;__handle_mm_fault;do_huge_pmd_wp_page;__split_huge_pmd
0.30% do_user_addr_fault;handle_mm_fault;__handle_mm_fault;vma_alloc_folio;__folio_alloc;__alloc_pages;get_page_from_freelist;clear_page_rep
0.30% do_user_addr_fault;handle_mm_fault;__handle_mm_fault;do_fault;filemap_map_pages;do_set_pte
0.29% do_user_addr_fault;handle_mm_fault;__handle_mm_fault;wp_page_copy;copy_mc_to_kernel;memcpy
0.29% do_user_addr_fault;handle_mm_fault;__handle_mm_fault;do_fault;xfs_filemap_map_pages;filemap_map_pages;do_set_pte;page_add_file_rmap
0.28% do_user_addr_fault;handle_mm_fault;__handle_mm_fault;__mem_cgroup_charge;get_mem_cgroup_from_mm
0.25% do_user_addr_fault;handle_mm_fault;__handle_mm_fault;do_fault;copy_page
     2.95%     0.00%  c2d      [kernel.kallsyms]     [k] handle_mm_fault
0.32% handle_mm_fault;__rcu_read_unlock
0.32% handle_mm_fault;__handle_mm_fault;do_huge_pmd_anonymous_page;pte_alloc_one;__alloc_pages;get_page_from_freelist;clear_page_rep
0.31% handle_mm_fault;count_memcg_events.constprop.0;__count_memcg_events
0.30% handle_mm_fault;__handle_mm_fault;do_huge_pmd_wp_page;__split_huge_pmd
0.30% handle_mm_fault;__handle_mm_fault;vma_alloc_folio;__folio_alloc;__alloc_pages;get_page_from_freelist;clear_page_rep
0.30% handle_mm_fault;__handle_mm_fault;do_fault;filemap_map_pages;do_set_pte
0.29% handle_mm_fault;__handle_mm_fault;wp_page_copy;copy_mc_to_kernel;memcpy
0.29% handle_mm_fault;__handle_mm_fault;do_fault;xfs_filemap_map_pages;filemap_map_pages;do_set_pte;page_add_file_rmap
0.28% handle_mm_fault;__handle_mm_fault;__mem_cgroup_charge;get_mem_cgroup_from_mm
0.25% handle_mm_fault;__handle_mm_fault;do_fault;copy_page
     2.32%     0.00%  c2d      [kernel.kallsyms]     [k] __handle_mm_fault
0.32% __handle_mm_fault;do_huge_pmd_anonymous_page;pte_alloc_one;__alloc_pages;get_page_from_freelist;clear_page_rep
0.30% __handle_mm_fault;do_huge_pmd_wp_page;__split_huge_pmd
0.30% __handle_mm_fault;vma_alloc_folio;__folio_alloc;__alloc_pages;get_page_from_freelist;clear_page_rep
0.30% __handle_mm_fault;do_fault;filemap_map_pages;do_set_pte
0.29% __handle_mm_fault;wp_page_copy;copy_mc_to_kernel;memcpy
0.29% __handle_mm_fault;do_fault;xfs_filemap_map_pages;filemap_map_pages;do_set_pte;page_add_file_rmap
0.28% __handle_mm_fault;__mem_cgroup_charge;get_mem_cgroup_from_mm
0.25% __handle_mm_fault;do_fault;copy_page
     1.76%     0.00%  c2d      [kernel.kallsyms]     [k] entry_SYSCALL_64_after_hwframe
0.32% entry_SYSCALL_64_after_hwframe;do_syscall_64;__x64_sys_munmap;__vm_munmap;do_mas_munmap;do_mas_align_munmap;unmap_region;unmap_vmas;unmap_page_range
0.31% entry_SYSCALL_64_after_hwframe;do_syscall_64;__x64_sys_exit_group;do_group_exit;do_exit;__mmput;exit_mmap;unmap_vmas;unmap_page_range
0.30% entry_SYSCALL_64_after_hwframe;do_syscall_64;__x64_sys_mprotect;do_mprotect_pkey;mprotect_fixup;perf_event_mmap;d_path;prepend_path
0.29% entry_SYSCALL_64_after_hwframe;do_syscall_64;vm_mmap_pgoff;do_mmap;get_unmapped_area;arch_get_unmapped_area_topdown;vm_unmapped_area;mas_empty_area_rev
0.27% entry_SYSCALL_64_after_hwframe;do_syscall_64;ksys_mmap_pgoff;vm_mmap_pgoff;do_mmap;mmap_region;do_mas_munmap;do_mas_align_munmap;__split_vma;__vma_adjust;vma_adjust_trans_huge
0.19% entry_SYSCALL_64_after_hwframe;do_syscall_64;__x64_sys_execve;do_execveat_common.isra.0;bprm_execve;load_elf_binary;elf_map;vm_mmap_pgoff;do_mmap;mmap_region;mas_next_entry
0.08% entry_SYSCALL_64_after_hwframe;do_syscall_64;__x64_sys_execve;do_execveat_common.isra.0;bprm_execve;load_elf_binary;setup_new_exec
     1.76%     0.00%  c2d      [kernel.kallsyms]     [k] do_syscall_64
0.32% do_syscall_64;__x64_sys_munmap;__vm_munmap;do_mas_munmap;do_mas_align_munmap;unmap_region;unmap_vmas;unmap_page_range
0.31% do_syscall_64;__x64_sys_exit_group;do_group_exit;do_exit;__mmput;exit_mmap;unmap_vmas;unmap_page_range
0.30% do_syscall_64;__x64_sys_mprotect;do_mprotect_pkey;mprotect_fixup;perf_event_mmap;d_path;prepend_path
0.29% do_syscall_64;vm_mmap_pgoff;do_mmap;get_unmapped_area;arch_get_unmapped_area_topdown;vm_unmapped_area;mas_empty_area_rev
0.27% do_syscall_64;ksys_mmap_pgoff;vm_mmap_pgoff;do_mmap;mmap_region;do_mas_munmap;do_mas_align_munmap;__split_vma;__vma_adjust;vma_adjust_trans_huge
0.19% do_syscall_64;__x64_sys_execve;do_execveat_common.isra.0;bprm_execve;load_elf_binary;elf_map;vm_mmap_pgoff;do_mmap;mmap_region;mas_next_entry
0.08% do_syscall_64;__x64_sys_execve;do_execveat_common.isra.0;bprm_execve;load_elf_binary;setup_new_exec
     1.43%     0.00%  c2d      ld-linux-x86-64.so.2  [.] 0x00007fdd31305a58
0.30% 0x7fdd31305a58;0x7fdd3130522f;0x7fdd31308c99;0x7fdd3130bb47;entry_SYSCALL_64_after_hwframe;do_syscall_64;__x64_sys_mprotect;do_mprotect_pkey;mprotect_fixup;perf_event_mmap;d_path;prepend_path
0.30% 0x7fdd31305a58;0x7fdd3130522f;0x7fdd31308c99;0x7fdd312f92d8;asm_exc_page_fault;exc_page_fault;do_user_addr_fault;handle_mm_fault;__handle_mm_fault;do_fault;filemap_map_pages;do_set_pte
0.29% 0x7fdd31305a58;0x7fdd3130522f;0x7fdd31308c99;0x7fdd312f935a
0.29% 0x7fdd31305a58;0x7fdd3130522f;0x7fdd31308c99;0x7fdd312f8cc7;asm_exc_page_fault;exc_page_fault;do_user_addr_fault;handle_mm_fault;__handle_mm_fault;wp_page_copy;copy_mc_to_kernel;memcpy
0.25% 0x7fdd31305a58;0x7fdd3130668d;asm_exc_page_fault;exc_page_fault;do_user_addr_fault;handle_mm_fault;__handle_mm_fault;do_fault;copy_page
     1.25%     0.31%  c2d      [kernel.kallsyms]     [k] lock_mm_and_find_vma
0.63% lock_mm_and_find_vma;find_vma;mt_find;mtree_range_walk
0.32% lock_mm_and_find_vma;find_vma
0.31% 0x7fdd30d6724a;main;cnf2ddnnf_cmd_line;compile_cnf;compile_dt;compile_dt;compile_decomposed;conjoin_nnfs_lits;conjoin_relevant_lits;get_and_node;asm_exc_page_fault;exc_page_fault;do_user_addr_fault;lock_mm_and_find_vma
     1.18%     0.00%  c2d      ld-linux-x86-64.so.2  [.] 0x00007fdd3130522f
0.30% 0x7fdd3130522f;0x7fdd31308c99;0x7fdd3130bb47;entry_SYSCALL_64_after_hwframe;do_syscall_64;__x64_sys_mprotect;do_mprotect_pkey;mprotect_fixup;perf_event_mmap;d_path;prepend_path
0.30% 0x7fdd3130522f;0x7fdd31308c99;0x7fdd312f92d8;asm_exc_page_fault;exc_page_fault;do_user_addr_fault;handle_mm_fault;__handle_mm_fault;do_fault;filemap_map_pages;do_set_pte
0.29% 0x7fdd3130522f;0x7fdd31308c99;0x7fdd312f935a
0.29% 0x7fdd3130522f;0x7fdd31308c99;0x7fdd312f8cc7;asm_exc_page_fault;exc_page_fault;do_user_addr_fault;handle_mm_fault;__handle_mm_fault;wp_page_copy;copy_mc_to_kernel;memcpy
     1.18%     0.00%  c2d      ld-linux-x86-64.so.2  [.] 0x00007fdd31308c99
0.30% 0x7fdd31308c99;0x7fdd3130bb47;entry_SYSCALL_64_after_hwframe;do_syscall_64;__x64_sys_mprotect;do_mprotect_pkey;mprotect_fixup;perf_event_mmap;d_path;prepend_path
0.30% 0x7fdd31308c99;0x7fdd312f92d8;asm_exc_page_fault;exc_page_fault;do_user_addr_fault;handle_mm_fault;__handle_mm_fault;do_fault;filemap_map_pages;do_set_pte
0.29% 0x7fdd31308c99;0x7fdd312f935a
0.29% 0x7fdd31308c99;0x7fdd312f8cc7;asm_exc_page_fault;exc_page_fault;do_user_addr_fault;handle_mm_fault;__handle_mm_fault;wp_page_copy;copy_mc_to_kernel;memcpy
     0.94%     0.32%  c2d      [kernel.kallsyms]     [k] find_vma
0.63% find_vma;mt_find;mtree_range_walk
0.32% 0x7fdd30d6724a;main;cnf2ddnnf_cmd_line;free_cache_manager;asm_exc_page_fault;exc_page_fault;do_user_addr_fault;lock_mm_and_find_vma;find_vma
     0.91%     0.00%  c2d      c2d                   [.] compile_cnf
0.31% compile_cnf;compile_dt;compile_dt;compile_decomposed;conjoin_nnfs_lits;conjoin_relevant_lits;get_and_node;asm_exc_page_fault;exc_page_fault;do_user_addr_fault;lock_mm_and_find_vma
0.30% compile_cnf;compile_dt;compile_dt;compile_decomposed;lookup_or_compile_dt;compile_dt;compile_dt;compile_decomposed;lookup_or_compile_dt;compile_decomposed;lookup_or_compile_dt;compile_decomposed;lookup_or_compile_dt;compile_dt;compile_dt;compile_decomposed;lookup_or_compile_dt;compile_decomposed;lookup_or_compile_dt;compile_decomposed;lookup_or_compile_dt;compile_dt;compile_dt;compile_decomposed;lookup_or_compile_dt;compile_decomposed;lookup_or_compile_dt;compile_decomposed;lookup_or_compile_dt;compile_dt;compile_dt;compile_decomposed;lookup_or_compile_dt;compile_decomposed;lookup_or_compile_dt;compile_decomposed;lookup_or_compile_dt;compile_dt;decide_literal;set_literal;move_watched_literal
0.30% compile_cnf;compile_dt;compile_dt;compile_decomposed;lookup_or_compile_dt;compile_dt;compile_dt;compile_decomposed;lookup_or_compile_dt;compile_decomposed;lookup_or_compile_dt;compile_decomposed;lookup_or_compile_dt;compile_dt;compile_dt;compile_decomposed;lookup_or_compile_dt;compile_decomposed;lookup_or_compile_dt;compile_decomposed;lookup_or_compile_dt;compile_dt;compile_dt;compile_decomposed;lookup_or_compile_dt;compile_decomposed;lookup_or_compile_dt;compile_decomposed;lookup_or_compile_dt;compile_dt;compile_dt;compile_decomposed;lookup_or_compile_dt;compile_decomposed;lookup_or_compile_dt;compile_decomposed;lookup_or_compile_dt;compile_dt;compile_dt;compile_decomposed;lookup_or_compile_dt;compile_decomposed;lookup_or_compile_dt;compile_decomposed;lookup_or_compile_dt;compile_dt;compile_dt;compile_decomposed;lookup_or_compile_dt;compile_decomposed;lookup_or_compile_dt;compile_decomposed;lookup_or_compile_dt;compile_dt;compile_dt;compile_decomposed;lookup_or_compile_dt;compile_decomposed;lookup_or_compile_dt;compile_decomposed;lookup_or_compile_dt;insert_cnf_cache;add_cache_entry;asm_exc_page_fault;exc_page_fault;do_user_addr_fault;handle_mm_fault;__handle_mm_fault;do_huge_pmd_wp_page;__split_huge_pmd
     0.91%     0.00%  c2d      c2d                   [.] compile_dt
0.31% compile_dt;compile_dt;compile_decomposed;conjoin_nnfs_lits;conjoin_relevant_lits;get_and_node;asm_exc_page_fault;exc_page_fault;do_user_addr_fault;lock_mm_and_find_vma
0.30% compile_dt;compile_dt;compile_decomposed;lookup_or_compile_dt;compile_dt;compile_dt;compile_decomposed;lookup_or_compile_dt;compile_decomposed;lookup_or_compile_dt;compile_decomposed;lookup_or_compile_dt;compile_dt;compile_dt;compile_decomposed;lookup_or_compile_dt;compile_decomposed;lookup_or_compile_dt;compile_decomposed;lookup_or_compile_dt;compile_dt;compile_dt;compile_decomposed;lookup_or_compile_dt;compile_decomposed;lookup_or_compile_dt;compile_decomposed;lookup_or_compile_dt;compile_dt;compile_dt;compile_decomposed;lookup_or_compile_dt;compile_decomposed;lookup_or_compile_dt;compile_decomposed;lookup_or_compile_dt;compile_dt;decide_literal;set_literal;move_watched_literal
0.30% compile_dt;compile_dt;compile_decomposed;lookup_or_compile_dt;compile_dt;compile_dt;compile_decomposed;lookup_or_compile_dt;compile_decomposed;lookup_or_compile_dt;compile_decomposed;lookup_or_compile_dt;compile_dt;compile_dt;compile_decomposed;lookup_or_compile_dt;compile_decomposed;lookup_or_compile_dt;compile_decomposed;lookup_or_compile_dt;compile_dt;compile_dt;compile_decomposed;lookup_or_compile_dt;compile_decomposed;lookup_or_compile_dt;compile_decomposed;lookup_or_compile_dt;compile_dt;compile_dt;compile_decomposed;lookup_or_compile_dt;compile_decomposed;lookup_or_compile_dt;compile_decomposed;lookup_or_compile_dt;compile_dt;compile_dt;compile_decomposed;lookup_or_compile_dt;compile_decomposed;lookup_or_compile_dt;compile_decomposed;lookup_or_compile_dt;compile_dt;compile_dt;compile_decomposed;lookup_or_compile_dt;compile_decomposed;lookup_or_compile_dt;compile_decomposed;lookup_or_compile_dt;compile_dt;compile_dt;compile_decomposed;lookup_or_compile_dt;compile_decomposed;lookup_or_compile_dt;compile_decomposed;lookup_or_compile_dt;insert_cnf_cache;add_cache_entry;asm_exc_page_fault;exc_page_fault;do_user_addr_fault;handle_mm_fault;__handle_mm_fault;do_huge_pmd_wp_page;__split_huge_pmd
     0.91%     0.00%  c2d      c2d                   [.] compile_decomposed
0.31% compile_decomposed;conjoin_nnfs_lits;conjoin_relevant_lits;get_and_node;asm_exc_page_fault;exc_page_fault;do_user_addr_fault;lock_mm_and_find_vma
0.30% compile_decomposed;lookup_or_compile_dt;compile_dt;compile_dt;compile_decomposed;lookup_or_compile_dt;compile_decomposed;lookup_or_compile_dt;compile_decomposed;lookup_or_compile_dt;compile_dt;compile_dt;compile_decomposed;lookup_or_compile_dt;compile_decomposed;lookup_or_compile_dt;compile_decomposed;lookup_or_compile_dt;compile_dt;compile_dt;compile_decomposed;lookup_or_compile_dt;compile_decomposed;lookup_or_compile_dt;compile_decomposed;lookup_or_compile_dt;compile_dt;compile_dt;compile_decomposed;lookup_or_compile_dt;compile_decomposed;lookup_or_compile_dt;compile_decomposed;lookup_or_compile_dt;compile_dt;decide_literal;set_literal;move_watched_literal
0.30% compile_decomposed;lookup_or_compile_dt;compile_dt;compile_dt;compile_decomposed;lookup_or_compile_dt;compile_decomposed;lookup_or_compile_dt;compile_decomposed;lookup_or_compile_dt;compile_dt;compile_dt;compile_decomposed;lookup_or_compile_dt;compile_decomposed;lookup_or_compile_dt;compile_decomposed;lookup_or_compile_dt;compile_dt;compile_dt;compile_decomposed;lookup_or_compile_dt;compile_decomposed;lookup_or_compile_dt;compile_decomposed;lookup_or_compile_dt;compile_dt;compile_dt;compile_decomposed;lookup_or_compile_dt;compile_decomposed;lookup_or_compile_dt;compile_decomposed;lookup_or_compile_dt;compile_dt;compile_dt;compile_decomposed;lookup_or_compile_dt;compile_decomposed;lookup_or_compile_dt;compile_decomposed;lookup_or_compile_dt;compile_dt;compile_dt;compile_decomposed;lookup_or_compile_dt;compile_decomposed;lookup_or_compile_dt;compile_decomposed;lookup_or_compile_dt;compile_dt;compile_dt;compile_decomposed;lookup_or_compile_dt;compile_decomposed;lookup_or_compile_dt;compile_decomposed;lookup_or_compile_dt;insert_cnf_cache;add_cache_entry;asm_exc_page_fault;exc_page_fault;do_user_addr_fault;handle_mm_fault;__handle_mm_fault;do_huge_pmd_wp_page;__split_huge_pmd
     0.84%     0.00%  c2d      [kernel.kallsyms]     [k] do_fault
0.30% do_fault;filemap_map_pages;do_set_pte
0.29% do_fault;xfs_filemap_map_pages;filemap_map_pages;do_set_pte;page_add_file_rmap
0.25% do_fault;copy_page
     0.75%     0.00%  c2d      [kernel.kallsyms]     [k] vm_mmap_pgoff
0.29% vm_mmap_pgoff;do_mmap;get_unmapped_area;arch_get_unmapped_area_topdown;vm_unmapped_area;mas_empty_area_rev
0.27% vm_mmap_pgoff;do_mmap;mmap_region;do_mas_munmap;do_mas_align_munmap;__split_vma;__vma_adjust;vma_adjust_trans_huge
0.19% vm_mmap_pgoff;do_mmap;mmap_region;mas_next_entry
     0.75%     0.00%  c2d      [kernel.kallsyms]     [k] do_mmap
0.29% do_mmap;get_unmapped_area;arch_get_unmapped_area_topdown;vm_unmapped_area;mas_empty_area_rev
0.27% do_mmap;mmap_region;do_mas_munmap;do_mas_align_munmap;__split_vma;__vma_adjust;vma_adjust_trans_huge
0.19% do_mmap;mmap_region;mas_next_entry
     0.63%     0.31%  c2d      [kernel.kallsyms]     [k] unmap_page_range
0.32% unmap_page_range
0.31% entry_SYSCALL_64_after_hwframe;do_syscall_64;__x64_sys_exit_group;do_group_exit;do_exit;__mmput;exit_mmap;unmap_vmas;unmap_page_range
     0.63%     0.00%  c2d      [kernel.kallsyms]     [k] unmap_vmas
0.63% unmap_vmas;unmap_page_range
     0.63%     0.63%  c2d      [kernel.kallsyms]     [k] mtree_range_walk
0.63% 0x7fdd30d6724a;main;cnf2ddnnf_cmd_line;free_cache_manager;asm_exc_page_fault;exc_page_fault;do_user_addr_fault;lock_mm_and_find_vma;find_vma;mt_find;mtree_range_walk
     0.63%     0.00%  c2d      [kernel.kallsyms]     [k] mt_find
0.63% mt_find;mtree_range_walk
     0.62%     0.62%  c2d      [kernel.kallsyms]     [k] clear_page_rep
0.32% 0x7fdd30d6724a;main;cnf2ddnnf_cmd_line;free_cache_manager;asm_exc_page_fault;exc_page_fault;do_user_addr_fault;handle_mm_fault;__handle_mm_fault;do_huge_pmd_anonymous_page;pte_alloc_one;__alloc_pages;get_page_from_freelist;clear_page_rep
0.30% 0x7fdd30dd5f1b;asm_exc_page_fault;exc_page_fault;do_user_addr_fault;handle_mm_fault;__handle_mm_fault;vma_alloc_folio;__folio_alloc;__alloc_pages;get_page_from_freelist;clear_page_rep
     0.62%     0.00%  c2d      [kernel.kallsyms]     [k] __alloc_pages
0.62% __alloc_pages;get_page_from_freelist;clear_page_rep
     0.62%     0.00%  c2d      [kernel.kallsyms]     [k] get_page_from_freelist
0.62% get_page_from_freelist;clear_page_rep
     0.61%     0.00%  c2d      c2d                   [.] lookup_or_compile_dt
0.30% lookup_or_compile_dt;compile_dt;compile_dt;compile_decomposed;lookup_or_compile_dt;compile_decomposed;lookup_or_compile_dt;compile_decomposed;lookup_or_compile_dt;compile_dt;compile_dt;compile_decomposed;lookup_or_compile_dt;compile_decomposed;lookup_or_compile_dt;compile_decomposed;lookup_or_compile_dt;compile_dt;compile_dt;compile_decomposed;lookup_or_compile_dt;compile_decomposed;lookup_or_compile_dt;compile_decomposed;lookup_or_compile_dt;compile_dt;compile_dt;compile_decomposed;lookup_or_compile_dt;compile_decomposed;lookup_or_compile_dt;compile_decomposed;lookup_or_compile_dt;compile_dt;decide_literal;set_literal;move_watched_literal
0.30% lookup_or_compile_dt;compile_dt;compile_dt;compile_decomposed;lookup_or_compile_dt;compile_decomposed;lookup_or_compile_dt;compile_decomposed;lookup_or_compile_dt;compile_dt;compile_dt;compile_decomposed;lookup_or_compile_dt;compile_decomposed;lookup_or_compile_dt;compile_decomposed;lookup_or_compile_dt;compile_dt;compile_dt;compile_decomposed;lookup_or_compile_dt;compile_decomposed;lookup_or_compile_dt;compile_decomposed;lookup_or_compile_dt;compile_dt;compile_dt;compile_decomposed;lookup_or_compile_dt;compile_decomposed;lookup_or_compile_dt;compile_decomposed;lookup_or_compile_dt;compile_dt;compile_dt;compile_decomposed;lookup_or_compile_dt;compile_decomposed;lookup_or_compile_dt;compile_decomposed;lookup_or_compile_dt;compile_dt;compile_dt;compile_decomposed;lookup_or_compile_dt;compile_decomposed;lookup_or_compile_dt;compile_decomposed;lookup_or_compile_dt;compile_dt;compile_dt;compile_decomposed;lookup_or_compile_dt;compile_decomposed;lookup_or_compile_dt;compile_decomposed;lookup_or_compile_dt;insert_cnf_cache;add_cache_entry;asm_exc_page_fault;exc_page_fault;do_user_addr_fault;handle_mm_fault;__handle_mm_fault;do_huge_pmd_wp_page;__split_huge_pmd
     0.59%     0.00%  c2d      c2d                   [.] load_hdtree_from_file
0.30% load_hdtree_from_file;dtree_skeleton2hdtree;initialize_hdtree;initialize_hdtree;initialize_hdtree;initialize_hdtree;initialize_hdtree;initialize_hdtree;initialize_hdtree;initialize_hdtree;initialize_hdtree;initialize_hdtree;initialize_hdtree;initialize_hdtree;initialize_hdtree;initialize_hdtree;initialize_hdtree;initialize_hdtree;initialize_hdtree;edges_intersection
0.29% load_hdtree_from_file;__isoc99_fscanf;_IO_sputbackc
     0.59%     0.00%  c2d      [kernel.kallsyms]     [k] do_mas_munmap
0.32% do_mas_munmap;do_mas_align_munmap;unmap_region;unmap_vmas;unmap_page_range
0.27% do_mas_munmap;do_mas_align_munmap;__split_vma;__vma_adjust;vma_adjust_trans_huge
     0.59%     0.00%  c2d      [kernel.kallsyms]     [k] do_mas_align_munmap
0.32% do_mas_align_munmap;unmap_region;unmap_vmas;unmap_page_range
0.27% do_mas_align_munmap;__split_vma;__vma_adjust;vma_adjust_trans_huge
     0.58%     0.30%  c2d      [kernel.kallsyms]     [k] do_set_pte
0.30% 0x7fdd31305a58;0x7fdd3130522f;0x7fdd31308c99;0x7fdd312f92d8;asm_exc_page_fault;exc_page_fault;do_user_addr_fault;handle_mm_fault;__handle_mm_fault;do_fault;filemap_map_pages;do_set_pte
0.29% do_set_pte;page_add_file_rmap
     0.58%     0.00%  c2d      [kernel.kallsyms]     [k] filemap_map_pages
0.30% filemap_map_pages;do_set_pte
0.29% filemap_map_pages;do_set_pte;page_add_file_rmap
     0.58%     0.00%  c2d      libc.so.6             [.] __isoc99_fscanf
0.29% __isoc99_fscanf;_IO_sputbackc
0.29% __isoc99_fscanf;0x7fdd30d9ebb3
     0.56%     0.00%  c2d      ld-linux-x86-64.so.2  [.] 0x00007fdd3130bae3
0.29% 0x7fdd3130bae3;entry_SYSCALL_64_after_hwframe;do_syscall_64;vm_mmap_pgoff;do_mmap;get_unmapped_area;arch_get_unmapped_area_topdown;vm_unmapped_area;mas_empty_area_rev
0.27% 0x7fdd3130bae3;entry_SYSCALL_64_after_hwframe;do_syscall_64;ksys_mmap_pgoff;vm_mmap_pgoff;do_mmap;mmap_region;do_mas_munmap;do_mas_align_munmap;__split_vma;__vma_adjust;vma_adjust_trans_huge
     0.46%     0.00%  c2d      [kernel.kallsyms]     [k] mmap_region
0.27% mmap_region;do_mas_munmap;do_mas_align_munmap;__split_vma;__vma_adjust;vma_adjust_trans_huge
0.19% mmap_region;mas_next_entry
     0.32%     0.32%  c2d      [kernel.kallsyms]     [k] __rcu_read_unlock
0.32% 0x7fdd30d6724a;main;cnf2ddnnf_cmd_line;free_cache_manager;asm_exc_page_fault;exc_page_fault;do_user_addr_fault;handle_mm_fault;__rcu_read_unlock
     0.32%     0.32%  c2d      [kernel.kallsyms]     [k] vm_normal_page
0.32% __munmap;entry_SYSCALL_64_after_hwframe;do_syscall_64;__x64_sys_munmap;__vm_munmap;do_mas_munmap;do_mas_align_munmap;unmap_region;unmap_vmas;unmap_page_range
     0.32%     0.00%  c2d      libc.so.6             [.] __munmap
0.32% __munmap;entry_SYSCALL_64_after_hwframe;do_syscall_64;__x64_sys_munmap;__vm_munmap;do_mas_munmap;do_mas_align_munmap;unmap_region;unmap_vmas;unmap_page_range
     0.32%     0.00%  c2d      [kernel.kallsyms]     [k] __x64_sys_munmap
0.32% __x64_sys_munmap;__vm_munmap;do_mas_munmap;do_mas_align_munmap;unmap_region;unmap_vmas;unmap_page_range
     0.32%     0.00%  c2d      [kernel.kallsyms]     [k] __vm_munmap
0.32% __vm_munmap;do_mas_munmap;do_mas_align_munmap;unmap_region;unmap_vmas;unmap_page_range
     0.32%     0.00%  c2d      [kernel.kallsyms]     [k] unmap_region
0.32% unmap_region;unmap_vmas;unmap_page_range
     0.32%     0.32%  c2d      [kernel.kallsyms]     [k] native_irq_return_iret
0.32% 0x7fdd30d6724a;main;cnf2ddnnf_cmd_line;free_cache_manager
     0.32%     0.32%  c2d      [kernel.kallsyms]     [k] __irqentry_text_end
0.32% 0x7fdd30d6724a;main;cnf2ddnnf_cmd_line;free_cache_manager;__irqentry_text_end
     0.32%     0.00%  c2d      [kernel.kallsyms]     [k] do_huge_pmd_anonymous_page
0.32% do_huge_pmd_anonymous_page;pte_alloc_one;__alloc_pages;get_page_from_freelist;clear_page_rep
     0.32%     0.00%  c2d      [kernel.kallsyms]     [k] pte_alloc_one
0.32% pte_alloc_one;__alloc_pages;get_page_from_freelist;clear_page_rep
     0.31%     0.00%  c2d      [kernel.kallsyms]     [k] __x64_sys_exit_group
0.31% __x64_sys_exit_group;do_group_exit;do_exit;__mmput;exit_mmap;unmap_vmas;unmap_page_range
     0.31%     0.00%  c2d      [kernel.kallsyms]     [k] do_group_exit
0.31% do_group_exit;do_exit;__mmput;exit_mmap;unmap_vmas;unmap_page_range
     0.31%     0.00%  c2d      [kernel.kallsyms]     [k] do_exit
0.31% do_exit;__mmput;exit_mmap;unmap_vmas;unmap_page_range
     0.31%     0.00%  c2d      [kernel.kallsyms]     [k] __mmput
0.31% __mmput;exit_mmap;unmap_vmas;unmap_page_range
     0.31%     0.00%  c2d      [kernel.kallsyms]     [k] exit_mmap
0.31% exit_mmap;unmap_vmas;unmap_page_range
     0.31%     0.31%  c2d      [kernel.kallsyms]     [k] error_entry
0.31% std::basic_ostream<wchar_t, std::char_traits<wchar_t> >::flush;error_entry
     0.31%     0.00%  c2d      libstdc++.so.6.0.30   [.] std::basic_ostream<wchar_t, std::char_traits<wchar_t> >::flush
0.31% std::basic_ostream<wchar_t, std::char_traits<wchar_t> >::flush;error_entry
     0.31%     0.31%  c2d      [kernel.kallsyms]     [k] __count_memcg_events
0.31% 0x7fdd30d6724a;main;cnf2ddnnf_cmd_line;free_cache_manager;asm_exc_page_fault;exc_page_fault;do_user_addr_fault;handle_mm_fault;count_memcg_events.constprop.0;__count_memcg_events
     0.31%     0.00%  c2d      [kernel.kallsyms]     [k] count_memcg_events.constprop.0
0.31% count_memcg_events.constprop.0;__count_memcg_events
     0.31%     0.00%  c2d      c2d                   [.] conjoin_nnfs_lits
0.31% conjoin_nnfs_lits;conjoin_relevant_lits;get_and_node;asm_exc_page_fault;exc_page_fault;do_user_addr_fault;lock_mm_and_find_vma
     0.31%     0.00%  c2d      c2d                   [.] conjoin_relevant_lits
0.31% conjoin_relevant_lits;get_and_node;asm_exc_page_fault;exc_page_fault;do_user_addr_fault;lock_mm_and_find_vma
     0.31%     0.00%  c2d      c2d                   [.] get_and_node
0.31% get_and_node;asm_exc_page_fault;exc_page_fault;do_user_addr_fault;lock_mm_and_find_vma
     0.30%     0.30%  c2d      c2d                   [.] move_watched_literal
0.30% 0x7fdd30d6724a;main;cnf2ddnnf_cmd_line;compile_cnf;compile_dt;compile_dt;compile_decomposed;lookup_or_compile_dt;compile_dt;compile_dt;compile_decomposed;lookup_or_compile_dt;compile_decomposed;lookup_or_compile_dt;compile_decomposed;lookup_or_compile_dt;compile_dt;compile_dt;compile_decomposed;lookup_or_compile_dt;compile_decomposed;lookup_or_compile_dt;compile_decomposed;lookup_or_compile_dt;compile_dt;compile_dt;compile_decomposed;lookup_or_compile_dt;compile_decomposed;lookup_or_compile_dt;compile_decomposed;lookup_or_compile_dt;compile_dt;compile_dt;compile_decomposed;lookup_or_compile_dt;compile_decomposed;lookup_or_compile_dt;compile_decomposed;lookup_or_compile_dt;compile_dt;decide_literal;set_literal;move_watched_literal
     0.30%     0.00%  c2d      c2d                   [.] decide_literal
0.30% decide_literal;set_literal;move_watched_literal
     0.30%     0.00%  c2d      c2d                   [.] set_literal
0.30% set_literal;move_watched_literal
     0.30%     0.30%  c2d      [kernel.kallsyms]     [k] __split_huge_pmd
0.30% 0x7fdd30d6724a;main;cnf2ddnnf_cmd_line;compile_cnf;compile_dt;compile_dt;compile_decomposed;lookup_or_compile_dt;compile_dt;compile_dt;compile_decomposed;lookup_or_compile_dt;compile_decomposed;lookup_or_compile_dt;compile_decomposed;lookup_or_compile_dt;compile_dt;compile_dt;compile_decomposed;lookup_or_compile_dt;compile_decomposed;lookup_or_compile_dt;compile_decomposed;lookup_or_compile_dt;compile_dt;compile_dt;compile_decomposed;lookup_or_compile_dt;compile_decomposed;lookup_or_compile_dt;compile_decomposed;lookup_or_compile_dt;compile_dt;compile_dt;compile_decomposed;lookup_or_compile_dt;compile_decomposed;lookup_or_compile_dt;compile_decomposed;lookup_or_compile_dt;compile_dt;compile_dt;compile_decomposed;lookup_or_compile_dt;compile_decomposed;lookup_or_compile_dt;compile_decomposed;lookup_or_compile_dt;compile_dt;compile_dt;compile_decomposed;lookup_or_compile_dt;compile_decomposed;lookup_or_compile_dt;compile_decomposed;lookup_or_compile_dt;compile_dt;compile_dt;compile_decomposed;lookup_or_compile_dt;compile_decomposed;lookup_or_compile_dt;compile_decomposed;lookup_or_compile_dt;insert_cnf_cache;add_cache_entry;asm_exc_page_fault;exc_page_fault;do_user_addr_fault;handle_mm_fault;__handle_mm_fault;do_huge_pmd_wp_page;__split_huge_pmd
     0.30%     0.00%  c2d      c2d                   [.] insert_cnf_cache
0.30% insert_cnf_cache;add_cache_entry;asm_exc_page_fault;exc_page_fault;do_user_addr_fault;handle_mm_fault;__handle_mm_fault;do_huge_pmd_wp_page;__split_huge_pmd
     0.30%     0.00%  c2d      c2d                   [.] add_cache_entry
0.30% add_cache_entry;asm_exc_page_fault;exc_page_fault;do_user_addr_fault;handle_mm_fault;__handle_mm_fault;do_huge_pmd_wp_page;__split_huge_pmd
     0.30%     0.00%  c2d      [kernel.kallsyms]     [k] do_huge_pmd_wp_page
0.30% do_huge_pmd_wp_page;__split_huge_pmd
     0.30%     0.00%  c2d      libc.so.6             [.] 0x00007fdd30dd5f1b
0.30% 0x7fdd30dd5f1b;asm_exc_page_fault;exc_page_fault;do_user_addr_fault;handle_mm_fault;__handle_mm_fault;vma_alloc_folio;__folio_alloc;__alloc_pages;get_page_from_freelist;clear_page_rep
     0.30%     0.00%  c2d      [kernel.kallsyms]     [k] vma_alloc_folio
0.30% vma_alloc_folio;__folio_alloc;__alloc_pages;get_page_from_freelist;clear_page_rep
     0.30%     0.00%  c2d      [kernel.kallsyms]     [k] __folio_alloc
0.30% __folio_alloc;__alloc_pages;get_page_from_freelist;clear_page_rep
     0.30%     0.30%  c2d      [kernel.kallsyms]     [k] prepend_path
0.30% 0x7fdd31305a58;0x7fdd3130522f;0x7fdd31308c99;0x7fdd3130bb47;entry_SYSCALL_64_after_hwframe;do_syscall_64;__x64_sys_mprotect;do_mprotect_pkey;mprotect_fixup;perf_event_mmap;d_path;prepend_path
     0.30%     0.00%  c2d      ld-linux-x86-64.so.2  [.] 0x00007fdd3130bb47
0.30% 0x7fdd3130bb47;entry_SYSCALL_64_after_hwframe;do_syscall_64;__x64_sys_mprotect;do_mprotect_pkey;mprotect_fixup;perf_event_mmap;d_path;prepend_path
     0.30%     0.00%  c2d      [kernel.kallsyms]     [k] __x64_sys_mprotect
0.30% __x64_sys_mprotect;do_mprotect_pkey;mprotect_fixup;perf_event_mmap;d_path;prepend_path
     0.30%     0.00%  c2d      [kernel.kallsyms]     [k] do_mprotect_pkey
0.30% do_mprotect_pkey;mprotect_fixup;perf_event_mmap;d_path;prepend_path
     0.30%     0.00%  c2d      [kernel.kallsyms]     [k] mprotect_fixup
0.30% mprotect_fixup;perf_event_mmap;d_path;prepend_path
     0.30%     0.00%  c2d      [kernel.kallsyms]     [k] perf_event_mmap
0.30% perf_event_mmap;d_path;prepend_path
     0.30%     0.00%  c2d      [kernel.kallsyms]     [k] d_path
0.30% d_path;prepend_path
     0.30%     0.30%  c2d      c2d                   [.] edges_subset
0.30% 0x7fdd30d6724a;main;cnf2ddnnf_cmd_line;construct_dtree_manager;hdtree2dtree;hdtree2dtree;hdtree2dtree;hdtree2dtree;hdtree2dtree;hdtree2dtree;hdtree2dtree;hdtree2dtree;hdtree2dtree;hdtree2dtree;hdtree2dtree;hdtree2dtree;hdtree2dtree;hdtree2dtree;hdtree2dtree;hdtree2dtree;hdtree2dtree;hdtree2dtree;hdtree2dtree;hdtree2dtree;edges_subset
     0.30%     0.00%  c2d      c2d                   [.] construct_dtree_manager
0.30% construct_dtree_manager;hdtree2dtree;hdtree2dtree;hdtree2dtree;hdtree2dtree;hdtree2dtree;hdtree2dtree;hdtree2dtree;hdtree2dtree;hdtree2dtree;hdtree2dtree;hdtree2dtree;hdtree2dtree;hdtree2dtree;hdtree2dtree;hdtree2dtree;hdtree2dtree;hdtree2dtree;hdtree2dtree;hdtree2dtree;hdtree2dtree;edges_subset
     0.30%     0.00%  c2d      c2d                   [.] hdtree2dtree
0.30% hdtree2dtree;hdtree2dtree;hdtree2dtree;hdtree2dtree;hdtree2dtree;hdtree2dtree;hdtree2dtree;hdtree2dtree;hdtree2dtree;hdtree2dtree;hdtree2dtree;hdtree2dtree;hdtree2dtree;hdtree2dtree;hdtree2dtree;hdtree2dtree;hdtree2dtree;hdtree2dtree;hdtree2dtree;hdtree2dtree;edges_subset
     0.30%     0.00%  c2d      ld-linux-x86-64.so.2  [.] 0x00007fdd312f92d8
0.30% 0x7fdd312f92d8;asm_exc_page_fault;exc_page_fault;do_user_addr_fault;handle_mm_fault;__handle_mm_fault;do_fault;filemap_map_pages;do_set_pte
     0.30%     0.30%  c2d      c2d                   [.] edges_intersection
0.30% 0x7fdd30d6724a;main;cnf2ddnnf_cmd_line;load_hdtree_from_file;dtree_skeleton2hdtree;initialize_hdtree;initialize_hdtree;initialize_hdtree;initialize_hdtree;initialize_hdtree;initialize_hdtree;initialize_hdtree;initialize_hdtree;initialize_hdtree;initialize_hdtree;initialize_hdtree;initialize_hdtree;initialize_hdtree;initialize_hdtree;initialize_hdtree;initialize_hdtree;initialize_hdtree;edges_intersection
     0.30%     0.00%  c2d      c2d                   [.] dtree_skeleton2hdtree
0.30% dtree_skeleton2hdtree;initialize_hdtree;initialize_hdtree;initialize_hdtree;initialize_hdtree;initialize_hdtree;initialize_hdtree;initialize_hdtree;initialize_hdtree;initialize_hdtree;initialize_hdtree;initialize_hdtree;initialize_hdtree;initialize_hdtree;initialize_hdtree;initialize_hdtree;initialize_hdtree;initialize_hdtree;edges_intersection
     0.30%     0.00%  c2d      c2d                   [.] initialize_hdtree
0.30% initialize_hdtree;initialize_hdtree;initialize_hdtree;initialize_hdtree;initialize_hdtree;initialize_hdtree;initialize_hdtree;initialize_hdtree;initialize_hdtree;initialize_hdtree;initialize_hdtree;initialize_hdtree;initialize_hdtree;initialize_hdtree;initialize_hdtree;initialize_hdtree;initialize_hdtree;edges_intersection
     0.29%     0.29%  c2d      ld-linux-x86-64.so.2  [.] 0x000000000000e354
0.29% 0x7fdd31305a58;0x7fdd3130522f;0x7fdd31308c99;0x7fdd312f935a
     0.29%     0.00%  c2d      ld-linux-x86-64.so.2  [.] 0x00007fdd312f935a
0.29% 0x7fdd312f935a
     0.29%     0.29%  c2d      libc.so.6             [.] _IO_sputbackc
0.29% 0x7fdd30d6724a;main;cnf2ddnnf_cmd_line;load_hdtree_from_file;__isoc99_fscanf;_IO_sputbackc
     0.29%     0.29%  c2d      [kernel.kallsyms]     [k] mas_empty_area_rev
0.29% 0x7fdd3130bae3;entry_SYSCALL_64_after_hwframe;do_syscall_64;vm_mmap_pgoff;do_mmap;get_unmapped_area;arch_get_unmapped_area_topdown;vm_unmapped_area;mas_empty_area_rev
     0.29%     0.00%  c2d      [kernel.kallsyms]     [k] get_unmapped_area
0.29% get_unmapped_area;arch_get_unmapped_area_topdown;vm_unmapped_area;mas_empty_area_rev
     0.29%     0.00%  c2d      [kernel.kallsyms]     [k] arch_get_unmapped_area_topdown
0.29% arch_get_unmapped_area_topdown;vm_unmapped_area;mas_empty_area_rev
     0.29%     0.00%  c2d      [kernel.kallsyms]     [k] vm_unmapped_area
0.29% vm_unmapped_area;mas_empty_area_rev
     0.29%     0.29%  c2d      libc.so.6             [.] 0x000000000005ebaf
0.29% 0x7fdd30d6724a;main;__isoc99_fscanf;0x7fdd30d9ebb3
     0.29%     0.00%  c2d      libc.so.6             [.] 0x00007fdd30d9ebb3
0.29% 0x7fdd30d9ebb3
     0.29%     0.29%  c2d      [kernel.kallsyms]     [k] memcpy
0.29% 0x7fdd31305a58;0x7fdd3130522f;0x7fdd31308c99;0x7fdd312f8cc7;asm_exc_page_fault;exc_page_fault;do_user_addr_fault;handle_mm_fault;__handle_mm_fault;wp_page_copy;copy_mc_to_kernel;memcpy
     0.29%     0.00%  c2d      ld-linux-x86-64.so.2  [.] 0x00007fdd312f8cc7
0.29% 0x7fdd312f8cc7;asm_exc_page_fault;exc_page_fault;do_user_addr_fault;handle_mm_fault;__handle_mm_fault;wp_page_copy;copy_mc_to_kernel;memcpy
     0.29%     0.00%  c2d      [kernel.kallsyms]     [k] wp_page_copy
0.29% wp_page_copy;copy_mc_to_kernel;memcpy
     0.29%     0.00%  c2d      [kernel.kallsyms]     [k] copy_mc_to_kernel
0.29% copy_mc_to_kernel;memcpy
     0.29%     0.29%  c2d      [kernel.kallsyms]     [k] page_add_file_rmap
0.29% 0x7fdd30d6724a;0x7fdd30eb15f7;asm_exc_page_fault;exc_page_fault;do_user_addr_fault;handle_mm_fault;__handle_mm_fault;do_fault;xfs_filemap_map_pages;filemap_map_pages;do_set_pte;page_add_file_rmap
     0.29%     0.00%  c2d      libc.so.6             [.] 0x00007fdd30eb15f7
0.29% 0x7fdd30eb15f7;asm_exc_page_fault;exc_page_fault;do_user_addr_fault;handle_mm_fault;__handle_mm_fault;do_fault;xfs_filemap_map_pages;filemap_map_pages;do_set_pte;page_add_file_rmap
     0.29%     0.00%  c2d      [xfs]                 [k] xfs_filemap_map_pages
0.29% xfs_filemap_map_pages;filemap_map_pages;do_set_pte;page_add_file_rmap
     0.29%     0.29%  c2d      [kernel.kallsyms]     [k] entry_SYSRETQ_unsafe_stack
0.29% brk;entry_SYSRETQ_unsafe_stack
     0.29%     0.00%  c2d      libc.so.6             [.] brk
0.29% brk;entry_SYSRETQ_unsafe_stack
     0.28%     0.28%  c2d      ld-linux-x86-64.so.2  [.] 0x0000000000022361
0.28% 0x6e696c2d646c0036;0x7fdd3130d365
     0.28%     0.00%  c2d      [unknown]             [.] 0x6e696c2d646c0036
0.28% 0x6e696c2d646c0036;0x7fdd3130d365
     0.28%     0.00%  c2d      ld-linux-x86-64.so.2  [.] 0x00007fdd3130d365
0.28% 0x7fdd3130d365
     0.28%     0.28%  c2d      [kernel.kallsyms]     [k] get_mem_cgroup_from_mm
0.28% 0x756e696c2d34365f;0x7fdd3130c5b8;asm_exc_page_fault;exc_page_fault;do_user_addr_fault;handle_mm_fault;__handle_mm_fault;__mem_cgroup_charge;get_mem_cgroup_from_mm
     0.28%     0.00%  c2d      [unknown]             [k] 0x756e696c2d34365f
0.28% 0x756e696c2d34365f;0x7fdd3130c5b8;asm_exc_page_fault;exc_page_fault;do_user_addr_fault;handle_mm_fault;__handle_mm_fault;__mem_cgroup_charge;get_mem_cgroup_from_mm
     0.28%     0.00%  c2d      ld-linux-x86-64.so.2  [.] 0x00007fdd3130c5b8
0.28% 0x7fdd3130c5b8;asm_exc_page_fault;exc_page_fault;do_user_addr_fault;handle_mm_fault;__handle_mm_fault;__mem_cgroup_charge;get_mem_cgroup_from_mm
     0.28%     0.00%  c2d      [kernel.kallsyms]     [k] __mem_cgroup_charge
0.28% __mem_cgroup_charge;get_mem_cgroup_from_mm
     0.27%     0.00%  c2d      [unknown]             [k] 0x00007effdaef3a97
0.19% 0x7effdaef3a97;entry_SYSCALL_64_after_hwframe;do_syscall_64;__x64_sys_execve;do_execveat_common.isra.0;bprm_execve;load_elf_binary;elf_map;vm_mmap_pgoff;do_mmap;mmap_region;mas_next_entry
0.08% 0x7effdaef3a97;entry_SYSCALL_64_after_hwframe;do_syscall_64;__x64_sys_execve;do_execveat_common.isra.0;bprm_execve;load_elf_binary;setup_new_exec
     0.27%     0.00%  c2d      [kernel.kallsyms]     [k] __x64_sys_execve
0.19% __x64_sys_execve;do_execveat_common.isra.0;bprm_execve;load_elf_binary;elf_map;vm_mmap_pgoff;do_mmap;mmap_region;mas_next_entry
0.08% __x64_sys_execve;do_execveat_common.isra.0;bprm_execve;load_elf_binary;setup_new_exec
     0.27%     0.00%  c2d      [kernel.kallsyms]     [k] do_execveat_common.isra.0
0.19% do_execveat_common.isra.0;bprm_execve;load_elf_binary;elf_map;vm_mmap_pgoff;do_mmap;mmap_region;mas_next_entry
0.08% do_execveat_common.isra.0;bprm_execve;load_elf_binary;setup_new_exec
     0.27%     0.00%  c2d      [kernel.kallsyms]     [k] bprm_execve
0.19% bprm_execve;load_elf_binary;elf_map;vm_mmap_pgoff;do_mmap;mmap_region;mas_next_entry
0.08% bprm_execve;load_elf_binary;setup_new_exec
     0.27%     0.00%  c2d      [kernel.kallsyms]     [k] load_elf_binary
0.19% load_elf_binary;elf_map;vm_mmap_pgoff;do_mmap;mmap_region;mas_next_entry
0.08% load_elf_binary;setup_new_exec
     0.27%     0.27%  c2d      [kernel.kallsyms]     [k] vma_adjust_trans_huge
0.27% 0x7fdd3131e8a8;0x7fdd312f3075;0x7fdd3130bae3;entry_SYSCALL_64_after_hwframe;do_syscall_64;ksys_mmap_pgoff;vm_mmap_pgoff;do_mmap;mmap_region;do_mas_munmap;do_mas_align_munmap;__split_vma;__vma_adjust;vma_adjust_trans_huge
     0.27%     0.00%  c2d      [unknown]             [k] 0x00007fdd3131e8a8
0.27% 0x7fdd3131e8a8;0x7fdd312f3075;0x7fdd3130bae3;entry_SYSCALL_64_after_hwframe;do_syscall_64;ksys_mmap_pgoff;vm_mmap_pgoff;do_mmap;mmap_region;do_mas_munmap;do_mas_align_munmap;__split_vma;__vma_adjust;vma_adjust_trans_huge
     0.27%     0.00%  c2d      ld-linux-x86-64.so.2  [.] 0x00007fdd312f3075
0.27% 0x7fdd312f3075;0x7fdd3130bae3;entry_SYSCALL_64_after_hwframe;do_syscall_64;ksys_mmap_pgoff;vm_mmap_pgoff;do_mmap;mmap_region;do_mas_munmap;do_mas_align_munmap;__split_vma;__vma_adjust;vma_adjust_trans_huge
     0.27%     0.00%  c2d      [kernel.kallsyms]     [k] ksys_mmap_pgoff
0.27% ksys_mmap_pgoff;vm_mmap_pgoff;do_mmap;mmap_region;do_mas_munmap;do_mas_align_munmap;__split_vma;__vma_adjust;vma_adjust_trans_huge
     0.27%     0.00%  c2d      [kernel.kallsyms]     [k] __split_vma
0.27% __split_vma;__vma_adjust;vma_adjust_trans_huge
     0.27%     0.00%  c2d      [kernel.kallsyms]     [k] __vma_adjust
0.27% __vma_adjust;vma_adjust_trans_huge
     0.25%     0.25%  c2d      [kernel.kallsyms]     [k] copy_page
0.25% 0x7fdd31305a58;0x7fdd3130668d;asm_exc_page_fault;exc_page_fault;do_user_addr_fault;handle_mm_fault;__handle_mm_fault;do_fault;copy_page
     0.25%     0.00%  c2d      ld-linux-x86-64.so.2  [.] 0x00007fdd3130668d
0.25% 0x7fdd3130668d;asm_exc_page_fault;exc_page_fault;do_user_addr_fault;handle_mm_fault;__handle_mm_fault;do_fault;copy_page
     0.19%     0.19%  c2d      [kernel.kallsyms]     [k] mas_next_entry
0.19% 0x7effdaef3a97;entry_SYSCALL_64_after_hwframe;do_syscall_64;__x64_sys_execve;do_execveat_common.isra.0;bprm_execve;load_elf_binary;elf_map;vm_mmap_pgoff;do_mmap;mmap_region;mas_next_entry
     0.19%     0.00%  c2d      [kernel.kallsyms]     [k] elf_map
0.19% elf_map;vm_mmap_pgoff;do_mmap;mmap_region;mas_next_entry
     0.08%     0.08%  c2d      [kernel.kallsyms]     [k] setup_new_exec
0.08% 0x7effdaef3a97;entry_SYSCALL_64_after_hwframe;do_syscall_64;__x64_sys_execve;do_execveat_common.isra.0;bprm_execve;load_elf_binary;setup_new_exec
     0.02%     0.00%  perf-ex  [unknown]             [k] 0x00007effdaef3a97
0.02% 0x7effdaef3a97;entry_SYSCALL_64_after_hwframe;do_syscall_64;__x64_sys_execve;do_execveat_common.isra.0;bprm_execve;load_elf_binary;begin_new_exec;perf_event_exec
     0.02%     0.00%  perf-ex  [kernel.kallsyms]     [k] entry_SYSCALL_64_after_hwframe
0.02% entry_SYSCALL_64_after_hwframe;do_syscall_64;__x64_sys_execve;do_execveat_common.isra.0;bprm_execve;load_elf_binary;begin_new_exec;perf_event_exec
     0.02%     0.02%  perf-ex  [kernel.kallsyms]     [k] perf_event_exec
0.02% 0x7effdaef3a97;entry_SYSCALL_64_after_hwframe;do_syscall_64;__x64_sys_execve;do_execveat_common.isra.0;bprm_execve;load_elf_binary;begin_new_exec;perf_event_exec
     0.02%     0.00%  perf-ex  [kernel.kallsyms]     [k] do_syscall_64
0.02% do_syscall_64;__x64_sys_execve;do_execveat_common.isra.0;bprm_execve;load_elf_binary;begin_new_exec;perf_event_exec
     0.02%     0.00%  perf-ex  [kernel.kallsyms]     [k] __x64_sys_execve
0.02% __x64_sys_execve;do_execveat_common.isra.0;bprm_execve;load_elf_binary;begin_new_exec;perf_event_exec
     0.02%     0.00%  perf-ex  [kernel.kallsyms]     [k] do_execveat_common.isra.0
0.02% do_execveat_common.isra.0;bprm_execve;load_elf_binary;begin_new_exec;perf_event_exec
     0.02%     0.00%  perf-ex  [kernel.kallsyms]     [k] bprm_execve
0.02% bprm_execve;load_elf_binary;begin_new_exec;perf_event_exec
     0.02%     0.00%  perf-ex  [kernel.kallsyms]     [k] load_elf_binary
0.02% load_elf_binary;begin_new_exec;perf_event_exec
     0.02%     0.00%  perf-ex  [kernel.kallsyms]     [k] begin_new_exec
0.02% begin_new_exec;perf_event_exec
     0.01%     0.00%  perf-ex  [kernel.kallsyms]     [k] native_write_msr
     0.01%     0.00%  perf-ex  [kernel.kallsyms]     [k] __intel_pmu_enable_all.constprop.0
     0.00%     0.00%  perf-ex  [kernel.kallsyms]     [k] fill_pte
     0.00%     0.00%  perf-ex  [kernel.kallsyms]     [k] __static_call_text_end


#
# (Tip: To show context switches in perf report sample context add --switch-events to perf record.)
#
