# To display the perf.data header info, please use --header/--header-only options.
#
#
# Total Lost Samples: 0
#
# Samples: 335  of event 'cycles'
# Event count (approx.): 232342389
#
# Children      Self  Command  Shared Object         Symbol                                
# ........  ........  .......  ....................  ......................................
#
    94.86%     0.00%  c2d      libc.so.6             [.] 0x00007f1c3356724a
92.13% 0x7f1c3356724a;main;cnf2ddnnf_cmd_line;free_cache_manager
0.31% 0x7f1c3356724a;main;cnf2ddnnf_cmd_line;free_cache_manager;asm_exc_page_fault;exc_page_fault;do_user_addr_fault;handle_mm_fault;__handle_mm_fault;do_huge_pmd_anonymous_page;pte_alloc_one;__alloc_pages;get_page_from_freelist;__list_del_entry_valid
0.31% 0x7f1c3356724a;main;cnf2ddnnf_cmd_line;free_cache_manager;asm_exc_page_fault;exc_page_fault;do_user_addr_fault;handle_mm_fault;mem_cgroup_from_task
0.31% 0x7f1c3356724a;main;cnf2ddnnf_cmd_line;free_cache_manager;asm_sysvec_apic_timer_interrupt;sysvec_apic_timer_interrupt;__irq_exit_rcu;handle_softirqs;rcu_core;rcu_do_batch;__slab_free
0.31% 0x7f1c3356724a;main;cnf2ddnnf_cmd_line;free_cache_manager;asm_exc_page_fault
0.31% 0x7f1c3356724a;main;cnf2ddnnf_cmd_line;free_dtree_manager;free_dtree;free_dtree;free_dtree;free_dtree;free_dtree;free_dtree;free_dtree;free_dtree;free_dtree;free_dtree;free_dtree;free_dtree;free_dtree;free_dtree;free_dtree;free_dtree;free_dtree;free_dtree;free_dtree;free_dtree;free_dtree
0.30% 0x7f1c3356724a;main;cnf2ddnnf_cmd_line;compile_cnf;compile_dt;compile_dt;compile_decomposed;lookup_or_compile_dt;compile_dt;compile_dt;compile_decomposed;conjoin_nnfs_lits;conjoin_relevant_lits;get_and_node;__irqentry_text_end
0.30% 0x7f1c3356724a;main;cnf2ddnnf_cmd_line;compile_cnf;compile_dt;compile_dt;compile_decomposed;lookup_or_compile_dt;compile_dt;compile_dt;compile_decomposed;lookup_or_compile_dt;compile_decomposed;lookup_or_compile_dt;compile_decomposed;lookup_or_compile_dt;compile_dt;compile_dt;compile_decomposed;lookup_or_compile_dt;compile_decomposed;lookup_or_compile_dt;compile_decomposed;lookup_or_compile_dt;compile_dt;compile_dt;compile_decomposed;lookup_or_compile_dt;compile_decomposed;lookup_or_compile_dt;compile_decomposed;lookup_or_compile_dt;insert_cnf_cache;add_cache_entry;asm_exc_page_fault;exc_page_fault;do_user_addr_fault;handle_mm_fault;__handle_mm_fault;do_huge_pmd_wp_page;__split_huge_pmd
0.30% 0x7f1c3356724a;main;cnf2ddnnf_cmd_line;compile_cnf;compile_dt;compile_dt;compile_decomposed;lookup_or_compile_dt;compile_dt;compile_dt;compile_decomposed;lookup_or_compile_dt;compile_decomposed;lookup_or_compile_dt;compile_decomposed;lookup_or_compile_dt;compile_dt;compile_dt;compile_decomposed;lookup_or_compile_dt;compile_decomposed;lookup_or_compile_dt;compile_decomposed;lookup_or_compile_dt;compile_dt;compile_dt;compile_decomposed;lookup_or_compile_dt;compile_decomposed;lookup_or_compile_dt;compile_decomposed;lookup_or_compile_dt;compile_dt;compile_dt;compile_decomposed;lookup_or_compile_dt;compile_decomposed;lookup_or_compile_dt;compile_decomposed;lookup_or_compile_dt;compile_dt;compile_dt;compile_decomposed;lookup_or_compile_dt;compile_decomposed;lookup_or_compile_dt;compile_decomposed;lookup_or_compile_dt;active_separator_count;push_items_to_end;eliminated;weakly_eliminated;subs_cls;asm_exc_page_fault;exc_page_fault;do_user_addr_fault;handle_mm_fault;__handle_mm_fault;page_add_new_anon_rmap;__mod_lruvec_page_state;__mod_memcg_lruvec_state
0.29% 0x7f1c3356724a;main;cnf2ddnnf_cmd_line;construct_dtree_manager;initialize_decompose_except_vars;initialize_decompose_except_vars;initialize_decompose_except_vars;initialize_decompose_except_vars;initialize_decompose_except_vars;initialize_decompose_except_vars;initialize_decompose_except_vars;initialize_decompose_except_vars;initialize_decompose_except_vars;initialize_decompose_except_vars;initialize_decompose_except_vars;initialize_decompose_except_vars;initialize_decompose_except_vars
    94.86%     0.00%  c2d      c2d                   [.] main
92.13% main;cnf2ddnnf_cmd_line;free_cache_manager
0.31% main;cnf2ddnnf_cmd_line;free_cache_manager;asm_exc_page_fault;exc_page_fault;do_user_addr_fault;handle_mm_fault;__handle_mm_fault;do_huge_pmd_anonymous_page;pte_alloc_one;__alloc_pages;get_page_from_freelist;__list_del_entry_valid
0.31% main;cnf2ddnnf_cmd_line;free_cache_manager;asm_exc_page_fault;exc_page_fault;do_user_addr_fault;handle_mm_fault;mem_cgroup_from_task
0.31% main;cnf2ddnnf_cmd_line;free_cache_manager;asm_sysvec_apic_timer_interrupt;sysvec_apic_timer_interrupt;__irq_exit_rcu;handle_softirqs;rcu_core;rcu_do_batch;__slab_free
0.31% main;cnf2ddnnf_cmd_line;free_cache_manager;asm_exc_page_fault
0.31% main;cnf2ddnnf_cmd_line;free_dtree_manager;free_dtree;free_dtree;free_dtree;free_dtree;free_dtree;free_dtree;free_dtree;free_dtree;free_dtree;free_dtree;free_dtree;free_dtree;free_dtree;free_dtree;free_dtree;free_dtree;free_dtree;free_dtree;free_dtree;free_dtree;free_dtree
0.30% main;cnf2ddnnf_cmd_line;compile_cnf;compile_dt;compile_dt;compile_decomposed;lookup_or_compile_dt;compile_dt;compile_dt;compile_decomposed;conjoin_nnfs_lits;conjoin_relevant_lits;get_and_node;__irqentry_text_end
0.30% main;cnf2ddnnf_cmd_line;compile_cnf;compile_dt;compile_dt;compile_decomposed;lookup_or_compile_dt;compile_dt;compile_dt;compile_decomposed;lookup_or_compile_dt;compile_decomposed;lookup_or_compile_dt;compile_decomposed;lookup_or_compile_dt;compile_dt;compile_dt;compile_decomposed;lookup_or_compile_dt;compile_decomposed;lookup_or_compile_dt;compile_decomposed;lookup_or_compile_dt;compile_dt;compile_dt;compile_decomposed;lookup_or_compile_dt;compile_decomposed;lookup_or_compile_dt;compile_decomposed;lookup_or_compile_dt;insert_cnf_cache;add_cache_entry;asm_exc_page_fault;exc_page_fault;do_user_addr_fault;handle_mm_fault;__handle_mm_fault;do_huge_pmd_wp_page;__split_huge_pmd
0.30% main;cnf2ddnnf_cmd_line;compile_cnf;compile_dt;compile_dt;compile_decomposed;lookup_or_compile_dt;compile_dt;compile_dt;compile_decomposed;lookup_or_compile_dt;compile_decomposed;lookup_or_compile_dt;compile_decomposed;lookup_or_compile_dt;compile_dt;compile_dt;compile_decomposed;lookup_or_compile_dt;compile_decomposed;lookup_or_compile_dt;compile_decomposed;lookup_or_compile_dt;compile_dt;compile_dt;compile_decomposed;lookup_or_compile_dt;compile_decomposed;lookup_or_compile_dt;compile_decomposed;lookup_or_compile_dt;compile_dt;compile_dt;compile_decomposed;lookup_or_compile_dt;compile_decomposed;lookup_or_compile_dt;compile_decomposed;lookup_or_compile_dt;compile_dt;compile_dt;compile_decomposed;lookup_or_compile_dt;compile_decomposed;lookup_or_compile_dt;compile_decomposed;lookup_or_compile_dt;active_separator_count;push_items_to_end;eliminated;weakly_eliminated;subs_cls;asm_exc_page_fault;exc_page_fault;do_user_addr_fault;handle_mm_fault;__handle_mm_fault;page_add_new_anon_rmap;__mod_lruvec_page_state;__mod_memcg_lruvec_state
0.29% main;cnf2ddnnf_cmd_line;construct_dtree_manager;initialize_decompose_except_vars;initialize_decompose_except_vars;initialize_decompose_except_vars;initialize_decompose_except_vars;initialize_decompose_except_vars;initialize_decompose_except_vars;initialize_decompose_except_vars;initialize_decompose_except_vars;initialize_decompose_except_vars;initialize_decompose_except_vars;initialize_decompose_except_vars;initialize_decompose_except_vars;initialize_decompose_except_vars
    94.86%     0.00%  c2d      c2d                   [.] cnf2ddnnf_cmd_line
92.13% cnf2ddnnf_cmd_line;free_cache_manager
0.31% cnf2ddnnf_cmd_line;free_cache_manager;asm_exc_page_fault;exc_page_fault;do_user_addr_fault;handle_mm_fault;__handle_mm_fault;do_huge_pmd_anonymous_page;pte_alloc_one;__alloc_pages;get_page_from_freelist;__list_del_entry_valid
0.31% cnf2ddnnf_cmd_line;free_cache_manager;asm_exc_page_fault;exc_page_fault;do_user_addr_fault;handle_mm_fault;mem_cgroup_from_task
0.31% cnf2ddnnf_cmd_line;free_cache_manager;asm_sysvec_apic_timer_interrupt;sysvec_apic_timer_interrupt;__irq_exit_rcu;handle_softirqs;rcu_core;rcu_do_batch;__slab_free
0.31% cnf2ddnnf_cmd_line;free_cache_manager;asm_exc_page_fault
0.31% cnf2ddnnf_cmd_line;free_dtree_manager;free_dtree;free_dtree;free_dtree;free_dtree;free_dtree;free_dtree;free_dtree;free_dtree;free_dtree;free_dtree;free_dtree;free_dtree;free_dtree;free_dtree;free_dtree;free_dtree;free_dtree;free_dtree;free_dtree;free_dtree;free_dtree
0.30% cnf2ddnnf_cmd_line;compile_cnf;compile_dt;compile_dt;compile_decomposed;lookup_or_compile_dt;compile_dt;compile_dt;compile_decomposed;conjoin_nnfs_lits;conjoin_relevant_lits;get_and_node;__irqentry_text_end
0.30% cnf2ddnnf_cmd_line;compile_cnf;compile_dt;compile_dt;compile_decomposed;lookup_or_compile_dt;compile_dt;compile_dt;compile_decomposed;lookup_or_compile_dt;compile_decomposed;lookup_or_compile_dt;compile_decomposed;lookup_or_compile_dt;compile_dt;compile_dt;compile_decomposed;lookup_or_compile_dt;compile_decomposed;lookup_or_compile_dt;compile_decomposed;lookup_or_compile_dt;compile_dt;compile_dt;compile_decomposed;lookup_or_compile_dt;compile_decomposed;lookup_or_compile_dt;compile_decomposed;lookup_or_compile_dt;insert_cnf_cache;add_cache_entry;asm_exc_page_fault;exc_page_fault;do_user_addr_fault;handle_mm_fault;__handle_mm_fault;do_huge_pmd_wp_page;__split_huge_pmd
0.30% cnf2ddnnf_cmd_line;compile_cnf;compile_dt;compile_dt;compile_decomposed;lookup_or_compile_dt;compile_dt;compile_dt;compile_decomposed;lookup_or_compile_dt;compile_decomposed;lookup_or_compile_dt;compile_decomposed;lookup_or_compile_dt;compile_dt;compile_dt;compile_decomposed;lookup_or_compile_dt;compile_decomposed;lookup_or_compile_dt;compile_decomposed;lookup_or_compile_dt;compile_dt;compile_dt;compile_decomposed;lookup_or_compile_dt;compile_decomposed;lookup_or_compile_dt;compile_decomposed;lookup_or_compile_dt;compile_dt;compile_dt;compile_decomposed;lookup_or_compile_dt;compile_decomposed;lookup_or_compile_dt;compile_decomposed;lookup_or_compile_dt;compile_dt;compile_dt;compile_decomposed;lookup_or_compile_dt;compile_decomposed;lookup_or_compile_dt;compile_decomposed;lookup_or_compile_dt;active_separator_count;push_items_to_end;eliminated;weakly_eliminated;subs_cls;asm_exc_page_fault;exc_page_fault;do_user_addr_fault;handle_mm_fault;__handle_mm_fault;page_add_new_anon_rmap;__mod_lruvec_page_state;__mod_memcg_lruvec_state
0.29% cnf2ddnnf_cmd_line;construct_dtree_manager;initialize_decompose_except_vars;initialize_decompose_except_vars;initialize_decompose_except_vars;initialize_decompose_except_vars;initialize_decompose_except_vars;initialize_decompose_except_vars;initialize_decompose_except_vars;initialize_decompose_except_vars;initialize_decompose_except_vars;initialize_decompose_except_vars;initialize_decompose_except_vars;initialize_decompose_except_vars;initialize_decompose_except_vars
    93.37%    92.44%  c2d      c2d                   [.] free_cache_manager
92.13% 0x7f1c3356724a;main;cnf2ddnnf_cmd_line;free_cache_manager
0.31% free_cache_manager;asm_exc_page_fault;exc_page_fault;do_user_addr_fault;handle_mm_fault;__handle_mm_fault;do_huge_pmd_anonymous_page;pte_alloc_one;__alloc_pages;get_page_from_freelist;__list_del_entry_valid
0.31% free_cache_manager;asm_exc_page_fault;exc_page_fault;do_user_addr_fault;handle_mm_fault;mem_cgroup_from_task
0.31% free_cache_manager;asm_sysvec_apic_timer_interrupt;sysvec_apic_timer_interrupt;__irq_exit_rcu;handle_softirqs;rcu_core;rcu_do_batch;__slab_free
0.31% 0x7f1c3356724a;main;cnf2ddnnf_cmd_line;free_cache_manager;asm_exc_page_fault
     2.69%     0.26%  c2d      [kernel.kallsyms]     [k] entry_SYSCALL_64_after_hwframe
0.31% entry_SYSCALL_64_after_hwframe;do_syscall_64;__x64_sys_munmap;__vm_munmap;do_mas_munmap;do_mas_align_munmap;mas_preallocate;mas_alloc_nodes;kmem_cache_alloc;memset
0.31% entry_SYSCALL_64_after_hwframe;do_syscall_64;__x64_sys_exit_group;do_group_exit;do_exit;__mmput;exit_mmap;unmap_vmas;unmap_page_range;_compound_head
0.31% entry_SYSCALL_64_after_hwframe;do_syscall_64;__x64_sys_exit_group;do_group_exit;do_exit;__mmput;exit_mmap;tlb_finish_mmu;tlb_batch_pages_flush;release_pages;free_unref_page_list
0.29% entry_SYSCALL_64_after_hwframe;do_syscall_64;__do_sys_brk;do_brk_flags;mas_store_prealloc;mas_wr_bnode;mas_store_b_node;mas_mab_cp
0.29% entry_SYSCALL_64_after_hwframe;do_syscall_64;__x64_sys_openat;do_sys_openat2;do_filp_open;path_openat;do_dentry_open;security_file_open;tomoyo_check_open_permission;tomoyo_init_request_info
0.26% 0x7f1c33b0e8a8;0x7f1c33ae3075;0x7f1c33afb76a;entry_SYSCALL_64_after_hwframe
0.25% entry_SYSCALL_64_after_hwframe;do_syscall_64;ksys_mmap_pgoff;vm_mmap_pgoff;do_mmap;get_unmapped_area;arch_get_unmapped_area_topdown;vm_unmapped_area;mas_empty_area_rev;mas_ascend
0.24% entry_SYSCALL_64_after_hwframe;do_syscall_64;__do_sys_newfstatat;vfs_fstatat;getname_flags.part.0;strncpy_from_user
0.21% entry_SYSCALL_64_after_hwframe;do_syscall_64;__x64_sys_execve;do_execveat_common.isra.0;bprm_execve;acct_update_integrals
0.16% entry_SYSCALL_64_after_hwframe;do_syscall_64;__x64_sys_execve;do_execveat_common.isra.0;bprm_execve;load_elf_binary;elf_map;vm_mmap_pgoff;do_mmap;mmap_region;mas_store_prealloc;mas_wr_modify;mas_wr_node_store;call_rcu
0.07% entry_SYSCALL_64_after_hwframe;do_syscall_64;__x64_sys_execve;do_execveat_common.isra.0;bprm_execve;load_elf_binary;begin_new_exec;security_bprm_committed_creds;tomoyo_bprm_committed_creds
     2.43%     0.00%  c2d      [kernel.kallsyms]     [k] do_syscall_64
0.31% do_syscall_64;__x64_sys_munmap;__vm_munmap;do_mas_munmap;do_mas_align_munmap;mas_preallocate;mas_alloc_nodes;kmem_cache_alloc;memset
0.31% do_syscall_64;__x64_sys_exit_group;do_group_exit;do_exit;__mmput;exit_mmap;unmap_vmas;unmap_page_range;_compound_head
0.31% do_syscall_64;__x64_sys_exit_group;do_group_exit;do_exit;__mmput;exit_mmap;tlb_finish_mmu;tlb_batch_pages_flush;release_pages;free_unref_page_list
0.29% do_syscall_64;__do_sys_brk;do_brk_flags;mas_store_prealloc;mas_wr_bnode;mas_store_b_node;mas_mab_cp
0.29% do_syscall_64;__x64_sys_openat;do_sys_openat2;do_filp_open;path_openat;do_dentry_open;security_file_open;tomoyo_check_open_permission;tomoyo_init_request_info
0.25% do_syscall_64;ksys_mmap_pgoff;vm_mmap_pgoff;do_mmap;get_unmapped_area;arch_get_unmapped_area_topdown;vm_unmapped_area;mas_empty_area_rev;mas_ascend
0.24% do_syscall_64;__do_sys_newfstatat;vfs_fstatat;getname_flags.part.0;strncpy_from_user
0.21% do_syscall_64;__x64_sys_execve;do_execveat_common.isra.0;bprm_execve;acct_update_integrals
0.16% do_syscall_64;__x64_sys_execve;do_execveat_common.isra.0;bprm_execve;load_elf_binary;elf_map;vm_mmap_pgoff;do_mmap;mmap_region;mas_store_prealloc;mas_wr_modify;mas_wr_node_store;call_rcu
0.07% do_syscall_64;__x64_sys_execve;do_execveat_common.isra.0;bprm_execve;load_elf_binary;begin_new_exec;security_bprm_committed_creds;tomoyo_bprm_committed_creds
     1.80%     0.00%  c2d      [kernel.kallsyms]     [k] asm_exc_page_fault
0.31% asm_exc_page_fault;exc_page_fault;do_user_addr_fault;handle_mm_fault;__handle_mm_fault;do_huge_pmd_anonymous_page;pte_alloc_one;__alloc_pages;get_page_from_freelist;__list_del_entry_valid
0.31% asm_exc_page_fault;exc_page_fault;do_user_addr_fault;handle_mm_fault;mem_cgroup_from_task
0.31% asm_exc_page_fault
0.30% asm_exc_page_fault;exc_page_fault;do_user_addr_fault;handle_mm_fault;__handle_mm_fault;do_huge_pmd_wp_page;__split_huge_pmd
0.30% asm_exc_page_fault;exc_page_fault;do_user_addr_fault;handle_mm_fault;__handle_mm_fault;page_add_new_anon_rmap;__mod_lruvec_page_state;__mod_memcg_lruvec_state
0.28% asm_exc_page_fault;exc_page_fault;do_user_addr_fault;handle_mm_fault;__handle_mm_fault;do_fault;filemap_map_pages;next_uptodate_page
     1.49%     0.00%  c2d      [kernel.kallsyms]     [k] exc_page_fault
0.31% exc_page_fault;do_user_addr_fault;handle_mm_fault;__handle_mm_fault;do_huge_pmd_anonymous_page;pte_alloc_one;__alloc_pages;get_page_from_freelist;__list_del_entry_valid
0.31% exc_page_fault;do_user_addr_fault;handle_mm_fault;mem_cgroup_from_task
0.30% exc_page_fault;do_user_addr_fault;handle_mm_fault;__handle_mm_fault;do_huge_pmd_wp_page;__split_huge_pmd
0.30% exc_page_fault;do_user_addr_fault;handle_mm_fault;__handle_mm_fault;page_add_new_anon_rmap;__mod_lruvec_page_state;__mod_memcg_lruvec_state
0.28% exc_page_fault;do_user_addr_fault;handle_mm_fault;__handle_mm_fault;do_fault;filemap_map_pages;next_uptodate_page
     1.49%     0.00%  c2d      [kernel.kallsyms]     [k] do_user_addr_fault
0.31% do_user_addr_fault;handle_mm_fault;__handle_mm_fault;do_huge_pmd_anonymous_page;pte_alloc_one;__alloc_pages;get_page_from_freelist;__list_del_entry_valid
0.31% do_user_addr_fault;handle_mm_fault;mem_cgroup_from_task
0.30% do_user_addr_fault;handle_mm_fault;__handle_mm_fault;do_huge_pmd_wp_page;__split_huge_pmd
0.30% do_user_addr_fault;handle_mm_fault;__handle_mm_fault;page_add_new_anon_rmap;__mod_lruvec_page_state;__mod_memcg_lruvec_state
0.28% do_user_addr_fault;handle_mm_fault;__handle_mm_fault;do_fault;filemap_map_pages;next_uptodate_page
     1.49%     0.00%  c2d      [kernel.kallsyms]     [k] handle_mm_fault
0.31% handle_mm_fault;__handle_mm_fault;do_huge_pmd_anonymous_page;pte_alloc_one;__alloc_pages;get_page_from_freelist;__list_del_entry_valid
0.31% handle_mm_fault;mem_cgroup_from_task
0.30% handle_mm_fault;__handle_mm_fault;do_huge_pmd_wp_page;__split_huge_pmd
0.30% handle_mm_fault;__handle_mm_fault;page_add_new_anon_rmap;__mod_lruvec_page_state;__mod_memcg_lruvec_state
0.28% handle_mm_fault;__handle_mm_fault;do_fault;filemap_map_pages;next_uptodate_page
     1.18%     0.00%  c2d      [kernel.kallsyms]     [k] __handle_mm_fault
0.31% __handle_mm_fault;do_huge_pmd_anonymous_page;pte_alloc_one;__alloc_pages;get_page_from_freelist;__list_del_entry_valid
0.30% __handle_mm_fault;do_huge_pmd_wp_page;__split_huge_pmd
0.30% __handle_mm_fault;page_add_new_anon_rmap;__mod_lruvec_page_state;__mod_memcg_lruvec_state
0.28% __handle_mm_fault;do_fault;filemap_map_pages;next_uptodate_page
     1.03%     0.00%  c2d      [unknown]             [k] 0x00007f1c33b0e8a8
0.27% 0x7f1c33b0e8a8;0x7f1c33ad9170;0x6;0;0x7f1c33ae4a20
0.26% 0x7f1c33b0e8a8;0x7f1c33ae3075;0x7f1c33afb76a;entry_SYSCALL_64_after_hwframe
0.25% 0x7f1c33b0e8a8;0x7;0x7f1c33ae4412
0.25% 0x7f1c33b0e8a8;0x7f1c33ae3075;0x7f1c33afbae3;entry_SYSCALL_64_after_hwframe;do_syscall_64;ksys_mmap_pgoff;vm_mmap_pgoff;do_mmap;get_unmapped_area;arch_get_unmapped_area_topdown;vm_unmapped_area;mas_empty_area_rev;mas_ascend
     0.89%     0.00%  c2d      c2d                   [.] compile_cnf
0.30% compile_cnf;compile_dt;compile_dt;compile_decomposed;lookup_or_compile_dt;compile_dt;compile_dt;compile_decomposed;conjoin_nnfs_lits;conjoin_relevant_lits;get_and_node;__irqentry_text_end
0.30% compile_cnf;compile_dt;compile_dt;compile_decomposed;lookup_or_compile_dt;compile_dt;compile_dt;compile_decomposed;lookup_or_compile_dt;compile_decomposed;lookup_or_compile_dt;compile_decomposed;lookup_or_compile_dt;compile_dt;compile_dt;compile_decomposed;lookup_or_compile_dt;compile_decomposed;lookup_or_compile_dt;compile_decomposed;lookup_or_compile_dt;compile_dt;compile_dt;compile_decomposed;lookup_or_compile_dt;compile_decomposed;lookup_or_compile_dt;compile_decomposed;lookup_or_compile_dt;insert_cnf_cache;add_cache_entry;asm_exc_page_fault;exc_page_fault;do_user_addr_fault;handle_mm_fault;__handle_mm_fault;do_huge_pmd_wp_page;__split_huge_pmd
0.30% compile_cnf;compile_dt;compile_dt;compile_decomposed;lookup_or_compile_dt;compile_dt;compile_dt;compile_decomposed;lookup_or_compile_dt;compile_decomposed;lookup_or_compile_dt;compile_decomposed;lookup_or_compile_dt;compile_dt;compile_dt;compile_decomposed;lookup_or_compile_dt;compile_decomposed;lookup_or_compile_dt;compile_decomposed;lookup_or_compile_dt;compile_dt;compile_dt;compile_decomposed;lookup_or_compile_dt;compile_decomposed;lookup_or_compile_dt;compile_decomposed;lookup_or_compile_dt;compile_dt;compile_dt;compile_decomposed;lookup_or_compile_dt;compile_decomposed;lookup_or_compile_dt;compile_decomposed;lookup_or_compile_dt;compile_dt;compile_dt;compile_decomposed;lookup_or_compile_dt;compile_decomposed;lookup_or_compile_dt;compile_decomposed;lookup_or_compile_dt;active_separator_count;push_items_to_end;eliminated;weakly_eliminated;subs_cls;asm_exc_page_fault;exc_page_fault;do_user_addr_fault;handle_mm_fault;__handle_mm_fault;page_add_new_anon_rmap;__mod_lruvec_page_state;__mod_memcg_lruvec_state
     0.89%     0.00%  c2d      c2d                   [.] compile_dt
0.30% compile_dt;compile_dt;compile_decomposed;lookup_or_compile_dt;compile_dt;compile_dt;compile_decomposed;conjoin_nnfs_lits;conjoin_relevant_lits;get_and_node;__irqentry_text_end
0.30% compile_dt;compile_dt;compile_decomposed;lookup_or_compile_dt;compile_dt;compile_dt;compile_decomposed;lookup_or_compile_dt;compile_decomposed;lookup_or_compile_dt;compile_decomposed;lookup_or_compile_dt;compile_dt;compile_dt;compile_decomposed;lookup_or_compile_dt;compile_decomposed;lookup_or_compile_dt;compile_decomposed;lookup_or_compile_dt;compile_dt;compile_dt;compile_decomposed;lookup_or_compile_dt;compile_decomposed;lookup_or_compile_dt;compile_decomposed;lookup_or_compile_dt;insert_cnf_cache;add_cache_entry;asm_exc_page_fault;exc_page_fault;do_user_addr_fault;handle_mm_fault;__handle_mm_fault;do_huge_pmd_wp_page;__split_huge_pmd
0.30% compile_dt;compile_dt;compile_decomposed;lookup_or_compile_dt;compile_dt;compile_dt;compile_decomposed;lookup_or_compile_dt;compile_decomposed;lookup_or_compile_dt;compile_decomposed;lookup_or_compile_dt;compile_dt;compile_dt;compile_decomposed;lookup_or_compile_dt;compile_decomposed;lookup_or_compile_dt;compile_decomposed;lookup_or_compile_dt;compile_dt;compile_dt;compile_decomposed;lookup_or_compile_dt;compile_decomposed;lookup_or_compile_dt;compile_decomposed;lookup_or_compile_dt;compile_dt;compile_dt;compile_decomposed;lookup_or_compile_dt;compile_decomposed;lookup_or_compile_dt;compile_decomposed;lookup_or_compile_dt;compile_dt;compile_dt;compile_decomposed;lookup_or_compile_dt;compile_decomposed;lookup_or_compile_dt;compile_decomposed;lookup_or_compile_dt;active_separator_count;push_items_to_end;eliminated;weakly_eliminated;subs_cls;asm_exc_page_fault;exc_page_fault;do_user_addr_fault;handle_mm_fault;__handle_mm_fault;page_add_new_anon_rmap;__mod_lruvec_page_state;__mod_memcg_lruvec_state
     0.89%     0.00%  c2d      c2d                   [.] compile_decomposed
0.30% compile_decomposed;lookup_or_compile_dt;compile_dt;compile_dt;compile_decomposed;conjoin_nnfs_lits;conjoin_relevant_lits;get_and_node;__irqentry_text_end
0.30% compile_decomposed;lookup_or_compile_dt;compile_dt;compile_dt;compile_decomposed;lookup_or_compile_dt;compile_decomposed;lookup_or_compile_dt;compile_decomposed;lookup_or_compile_dt;compile_dt;compile_dt;compile_decomposed;lookup_or_compile_dt;compile_decomposed;lookup_or_compile_dt;compile_decomposed;lookup_or_compile_dt;compile_dt;compile_dt;compile_decomposed;lookup_or_compile_dt;compile_decomposed;lookup_or_compile_dt;compile_decomposed;lookup_or_compile_dt;insert_cnf_cache;add_cache_entry;asm_exc_page_fault;exc_page_fault;do_user_addr_fault;handle_mm_fault;__handle_mm_fault;do_huge_pmd_wp_page;__split_huge_pmd
0.30% compile_decomposed;lookup_or_compile_dt;compile_dt;compile_dt;compile_decomposed;lookup_or_compile_dt;compile_decomposed;lookup_or_compile_dt;compile_decomposed;lookup_or_compile_dt;compile_dt;compile_dt;compile_decomposed;lookup_or_compile_dt;compile_decomposed;lookup_or_compile_dt;compile_decomposed;lookup_or_compile_dt;compile_dt;compile_dt;compile_decomposed;lookup_or_compile_dt;compile_decomposed;lookup_or_compile_dt;compile_decomposed;lookup_or_compile_dt;compile_dt;compile_dt;compile_decomposed;lookup_or_compile_dt;compile_decomposed;lookup_or_compile_dt;compile_decomposed;lookup_or_compile_dt;compile_dt;compile_dt;compile_decomposed;lookup_or_compile_dt;compile_decomposed;lookup_or_compile_dt;compile_decomposed;lookup_or_compile_dt;active_separator_count;push_items_to_end;eliminated;weakly_eliminated;subs_cls;asm_exc_page_fault;exc_page_fault;do_user_addr_fault;handle_mm_fault;__handle_mm_fault;page_add_new_anon_rmap;__mod_lruvec_page_state;__mod_memcg_lruvec_state
     0.89%     0.00%  c2d      c2d                   [.] lookup_or_compile_dt
0.30% lookup_or_compile_dt;compile_dt;compile_dt;compile_decomposed;conjoin_nnfs_lits;conjoin_relevant_lits;get_and_node;__irqentry_text_end
0.30% lookup_or_compile_dt;compile_dt;compile_dt;compile_decomposed;lookup_or_compile_dt;compile_decomposed;lookup_or_compile_dt;compile_decomposed;lookup_or_compile_dt;compile_dt;compile_dt;compile_decomposed;lookup_or_compile_dt;compile_decomposed;lookup_or_compile_dt;compile_decomposed;lookup_or_compile_dt;compile_dt;compile_dt;compile_decomposed;lookup_or_compile_dt;compile_decomposed;lookup_or_compile_dt;compile_decomposed;lookup_or_compile_dt;insert_cnf_cache;add_cache_entry;asm_exc_page_fault;exc_page_fault;do_user_addr_fault;handle_mm_fault;__handle_mm_fault;do_huge_pmd_wp_page;__split_huge_pmd
0.30% lookup_or_compile_dt;compile_dt;compile_dt;compile_decomposed;lookup_or_compile_dt;compile_decomposed;lookup_or_compile_dt;compile_decomposed;lookup_or_compile_dt;compile_dt;compile_dt;compile_decomposed;lookup_or_compile_dt;compile_decomposed;lookup_or_compile_dt;compile_decomposed;lookup_or_compile_dt;compile_dt;compile_dt;compile_decomposed;lookup_or_compile_dt;compile_decomposed;lookup_or_compile_dt;compile_decomposed;lookup_or_compile_dt;compile_dt;compile_dt;compile_decomposed;lookup_or_compile_dt;compile_decomposed;lookup_or_compile_dt;compile_decomposed;lookup_or_compile_dt;compile_dt;compile_dt;compile_decomposed;lookup_or_compile_dt;compile_decomposed;lookup_or_compile_dt;compile_decomposed;lookup_or_compile_dt;active_separator_count;push_items_to_end;eliminated;weakly_eliminated;subs_cls;asm_exc_page_fault;exc_page_fault;do_user_addr_fault;handle_mm_fault;__handle_mm_fault;page_add_new_anon_rmap;__mod_lruvec_page_state;__mod_memcg_lruvec_state
     0.80%     0.00%  c2d      ld-linux-x86-64.so.2  [.] 0x00007f1c33af5a58
0.27% 0x7f1c33af5a58;0x7f1c33af522f;0x7f1c33af8c99;0x7f1c33ae935a
0.27% 0x7f1c33af5a58;0x7f1c33af522f;0x7f1c33af8c99;0x7f1c33ae9309
0.26% 0x7f1c33af5a58;0x7f1c33af522f;0x7f1c33af8c99;0x7f1c33ae92dc
     0.80%     0.00%  c2d      ld-linux-x86-64.so.2  [.] 0x00007f1c33af522f
0.27% 0x7f1c33af522f;0x7f1c33af8c99;0x7f1c33ae935a
0.27% 0x7f1c33af522f;0x7f1c33af8c99;0x7f1c33ae9309
0.26% 0x7f1c33af522f;0x7f1c33af8c99;0x7f1c33ae92dc
     0.80%     0.00%  c2d      ld-linux-x86-64.so.2  [.] 0x00007f1c33af8c99
0.27% 0x7f1c33af8c99;0x7f1c33ae935a
0.27% 0x7f1c33af8c99;0x7f1c33ae9309
0.26% 0x7f1c33af8c99;0x7f1c33ae92dc
     0.62%     0.00%  c2d      [kernel.kallsyms]     [k] __x64_sys_exit_group
0.31% __x64_sys_exit_group;do_group_exit;do_exit;__mmput;exit_mmap;unmap_vmas;unmap_page_range;_compound_head
0.31% __x64_sys_exit_group;do_group_exit;do_exit;__mmput;exit_mmap;tlb_finish_mmu;tlb_batch_pages_flush;release_pages;free_unref_page_list
     0.62%     0.00%  c2d      [kernel.kallsyms]     [k] do_group_exit
0.31% do_group_exit;do_exit;__mmput;exit_mmap;unmap_vmas;unmap_page_range;_compound_head
0.31% do_group_exit;do_exit;__mmput;exit_mmap;tlb_finish_mmu;tlb_batch_pages_flush;release_pages;free_unref_page_list
     0.62%     0.00%  c2d      [kernel.kallsyms]     [k] do_exit
0.31% do_exit;__mmput;exit_mmap;unmap_vmas;unmap_page_range;_compound_head
0.31% do_exit;__mmput;exit_mmap;tlb_finish_mmu;tlb_batch_pages_flush;release_pages;free_unref_page_list
     0.62%     0.00%  c2d      [kernel.kallsyms]     [k] __mmput
0.31% __mmput;exit_mmap;unmap_vmas;unmap_page_range;_compound_head
0.31% __mmput;exit_mmap;tlb_finish_mmu;tlb_batch_pages_flush;release_pages;free_unref_page_list
     0.62%     0.00%  c2d      [kernel.kallsyms]     [k] exit_mmap
0.31% exit_mmap;unmap_vmas;unmap_page_range;_compound_head
0.31% exit_mmap;tlb_finish_mmu;tlb_batch_pages_flush;release_pages;free_unref_page_list
     0.51%     0.00%  c2d      [unknown]             [k] 0000000000000000
0.27% 0;0x7f1c33ae4a20
0.24% 0;0x7f1c33afb76a;entry_SYSCALL_64_after_hwframe;do_syscall_64;__do_sys_newfstatat;vfs_fstatat;getname_flags.part.0;strncpy_from_user
     0.51%     0.00%  c2d      ld-linux-x86-64.so.2  [.] 0x00007f1c33ae3075
0.26% 0x7f1c33ae3075;0x7f1c33afb76a;entry_SYSCALL_64_after_hwframe
0.25% 0x7f1c33ae3075;0x7f1c33afbae3;entry_SYSCALL_64_after_hwframe;do_syscall_64;ksys_mmap_pgoff;vm_mmap_pgoff;do_mmap;get_unmapped_area;arch_get_unmapped_area_topdown;vm_unmapped_area;mas_empty_area_rev;mas_ascend
     0.49%     0.00%  c2d      ld-linux-x86-64.so.2  [.] 0x00007f1c33afb76a
0.26% 0x7f1c33afb76a;entry_SYSCALL_64_after_hwframe
0.24% 0x7f1c33afb76a;entry_SYSCALL_64_after_hwframe;do_syscall_64;__do_sys_newfstatat;vfs_fstatat;getname_flags.part.0;strncpy_from_user
     0.45%     0.00%  c2d      [kernel.kallsyms]     [k] mas_store_prealloc
0.29% mas_store_prealloc;mas_wr_bnode;mas_store_b_node;mas_mab_cp
0.16% mas_store_prealloc;mas_wr_modify;mas_wr_node_store;call_rcu
     0.44%     0.00%  c2d      [kernel.kallsyms]     [k] __x64_sys_execve
0.21% __x64_sys_execve;do_execveat_common.isra.0;bprm_execve;acct_update_integrals
0.16% __x64_sys_execve;do_execveat_common.isra.0;bprm_execve;load_elf_binary;elf_map;vm_mmap_pgoff;do_mmap;mmap_region;mas_store_prealloc;mas_wr_modify;mas_wr_node_store;call_rcu
0.07% __x64_sys_execve;do_execveat_common.isra.0;bprm_execve;load_elf_binary;begin_new_exec;security_bprm_committed_creds;tomoyo_bprm_committed_creds
     0.44%     0.00%  c2d      [kernel.kallsyms]     [k] do_execveat_common.isra.0
0.21% do_execveat_common.isra.0;bprm_execve;acct_update_integrals
0.16% do_execveat_common.isra.0;bprm_execve;load_elf_binary;elf_map;vm_mmap_pgoff;do_mmap;mmap_region;mas_store_prealloc;mas_wr_modify;mas_wr_node_store;call_rcu
0.07% do_execveat_common.isra.0;bprm_execve;load_elf_binary;begin_new_exec;security_bprm_committed_creds;tomoyo_bprm_committed_creds
     0.44%     0.00%  c2d      [kernel.kallsyms]     [k] bprm_execve
0.21% bprm_execve;acct_update_integrals
0.16% bprm_execve;load_elf_binary;elf_map;vm_mmap_pgoff;do_mmap;mmap_region;mas_store_prealloc;mas_wr_modify;mas_wr_node_store;call_rcu
0.07% bprm_execve;load_elf_binary;begin_new_exec;security_bprm_committed_creds;tomoyo_bprm_committed_creds
     0.41%     0.00%  c2d      [kernel.kallsyms]     [k] vm_mmap_pgoff
0.25% vm_mmap_pgoff;do_mmap;get_unmapped_area;arch_get_unmapped_area_topdown;vm_unmapped_area;mas_empty_area_rev;mas_ascend
0.16% vm_mmap_pgoff;do_mmap;mmap_region;mas_store_prealloc;mas_wr_modify;mas_wr_node_store;call_rcu
     0.41%     0.00%  c2d      [kernel.kallsyms]     [k] do_mmap
0.25% do_mmap;get_unmapped_area;arch_get_unmapped_area_topdown;vm_unmapped_area;mas_empty_area_rev;mas_ascend
0.16% do_mmap;mmap_region;mas_store_prealloc;mas_wr_modify;mas_wr_node_store;call_rcu
     0.31%     0.31%  c2d      [kernel.kallsyms]     [k] __list_del_entry_valid
0.31% 0x7f1c3356724a;main;cnf2ddnnf_cmd_line;free_cache_manager;asm_exc_page_fault;exc_page_fault;do_user_addr_fault;handle_mm_fault;__handle_mm_fault;do_huge_pmd_anonymous_page;pte_alloc_one;__alloc_pages;get_page_from_freelist;__list_del_entry_valid
     0.31%     0.00%  c2d      [kernel.kallsyms]     [k] do_huge_pmd_anonymous_page
0.31% do_huge_pmd_anonymous_page;pte_alloc_one;__alloc_pages;get_page_from_freelist;__list_del_entry_valid
     0.31%     0.00%  c2d      [kernel.kallsyms]     [k] pte_alloc_one
0.31% pte_alloc_one;__alloc_pages;get_page_from_freelist;__list_del_entry_valid
     0.31%     0.00%  c2d      [kernel.kallsyms]     [k] __alloc_pages
0.31% __alloc_pages;get_page_from_freelist;__list_del_entry_valid
     0.31%     0.00%  c2d      [kernel.kallsyms]     [k] get_page_from_freelist
0.31% get_page_from_freelist;__list_del_entry_valid
     0.31%     0.31%  c2d      [kernel.kallsyms]     [k] mem_cgroup_from_task
0.31% 0x7f1c3356724a;main;cnf2ddnnf_cmd_line;free_cache_manager;asm_exc_page_fault;exc_page_fault;do_user_addr_fault;handle_mm_fault;mem_cgroup_from_task
     0.31%     0.31%  c2d      [kernel.kallsyms]     [k] __slab_free
0.31% 0x7f1c3356724a;main;cnf2ddnnf_cmd_line;free_cache_manager;asm_sysvec_apic_timer_interrupt;sysvec_apic_timer_interrupt;__irq_exit_rcu;handle_softirqs;rcu_core;rcu_do_batch;__slab_free
     0.31%     0.00%  c2d      [kernel.kallsyms]     [k] asm_sysvec_apic_timer_interrupt
0.31% asm_sysvec_apic_timer_interrupt;sysvec_apic_timer_interrupt;__irq_exit_rcu;handle_softirqs;rcu_core;rcu_do_batch;__slab_free
     0.31%     0.00%  c2d      [kernel.kallsyms]     [k] sysvec_apic_timer_interrupt
0.31% sysvec_apic_timer_interrupt;__irq_exit_rcu;handle_softirqs;rcu_core;rcu_do_batch;__slab_free
     0.31%     0.00%  c2d      [kernel.kallsyms]     [k] __irq_exit_rcu
0.31% __irq_exit_rcu;handle_softirqs;rcu_core;rcu_do_batch;__slab_free
     0.31%     0.00%  c2d      [kernel.kallsyms]     [k] handle_softirqs
0.31% handle_softirqs;rcu_core;rcu_do_batch;__slab_free
     0.31%     0.00%  c2d      [kernel.kallsyms]     [k] rcu_core
0.31% rcu_core;rcu_do_batch;__slab_free
     0.31%     0.00%  c2d      [kernel.kallsyms]     [k] rcu_do_batch
0.31% rcu_do_batch;__slab_free
     0.31%     0.31%  c2d      [kernel.kallsyms]     [k] memset
0.31% __munmap;entry_SYSCALL_64_after_hwframe;do_syscall_64;__x64_sys_munmap;__vm_munmap;do_mas_munmap;do_mas_align_munmap;mas_preallocate;mas_alloc_nodes;kmem_cache_alloc;memset
     0.31%     0.00%  c2d      libc.so.6             [.] __munmap
0.31% __munmap;entry_SYSCALL_64_after_hwframe;do_syscall_64;__x64_sys_munmap;__vm_munmap;do_mas_munmap;do_mas_align_munmap;mas_preallocate;mas_alloc_nodes;kmem_cache_alloc;memset
     0.31%     0.00%  c2d      [kernel.kallsyms]     [k] __x64_sys_munmap
0.31% __x64_sys_munmap;__vm_munmap;do_mas_munmap;do_mas_align_munmap;mas_preallocate;mas_alloc_nodes;kmem_cache_alloc;memset
     0.31%     0.00%  c2d      [kernel.kallsyms]     [k] __vm_munmap
0.31% __vm_munmap;do_mas_munmap;do_mas_align_munmap;mas_preallocate;mas_alloc_nodes;kmem_cache_alloc;memset
     0.31%     0.00%  c2d      [kernel.kallsyms]     [k] do_mas_munmap
0.31% do_mas_munmap;do_mas_align_munmap;mas_preallocate;mas_alloc_nodes;kmem_cache_alloc;memset
     0.31%     0.00%  c2d      [kernel.kallsyms]     [k] do_mas_align_munmap
0.31% do_mas_align_munmap;mas_preallocate;mas_alloc_nodes;kmem_cache_alloc;memset
     0.31%     0.00%  c2d      [kernel.kallsyms]     [k] mas_preallocate
0.31% mas_preallocate;mas_alloc_nodes;kmem_cache_alloc;memset
     0.31%     0.00%  c2d      [kernel.kallsyms]     [k] mas_alloc_nodes
0.31% mas_alloc_nodes;kmem_cache_alloc;memset
     0.31%     0.00%  c2d      [kernel.kallsyms]     [k] kmem_cache_alloc
0.31% kmem_cache_alloc;memset
     0.31%     0.31%  c2d      c2d                   [.] free_dtree
0.31% 0x7f1c3356724a;main;cnf2ddnnf_cmd_line;free_dtree_manager;free_dtree;free_dtree;free_dtree;free_dtree;free_dtree;free_dtree;free_dtree;free_dtree;free_dtree;free_dtree;free_dtree;free_dtree;free_dtree;free_dtree;free_dtree;free_dtree;free_dtree;free_dtree;free_dtree;free_dtree;free_dtree
     0.31%     0.00%  c2d      c2d                   [.] free_dtree_manager
0.31% free_dtree_manager;free_dtree;free_dtree;free_dtree;free_dtree;free_dtree;free_dtree;free_dtree;free_dtree;free_dtree;free_dtree;free_dtree;free_dtree;free_dtree;free_dtree;free_dtree;free_dtree;free_dtree;free_dtree;free_dtree;free_dtree;free_dtree
     0.31%     0.31%  c2d      [kernel.kallsyms]     [k] _compound_head
0.31% entry_SYSCALL_64_after_hwframe;do_syscall_64;__x64_sys_exit_group;do_group_exit;do_exit;__mmput;exit_mmap;unmap_vmas;unmap_page_range;_compound_head
     0.31%     0.00%  c2d      [kernel.kallsyms]     [k] unmap_vmas
0.31% unmap_vmas;unmap_page_range;_compound_head
     0.31%     0.00%  c2d      [kernel.kallsyms]     [k] unmap_page_range
0.31% unmap_page_range;_compound_head
     0.31%     0.31%  c2d      [kernel.kallsyms]     [k] free_unref_page_list
0.31% entry_SYSCALL_64_after_hwframe;do_syscall_64;__x64_sys_exit_group;do_group_exit;do_exit;__mmput;exit_mmap;tlb_finish_mmu;tlb_batch_pages_flush;release_pages;free_unref_page_list
     0.31%     0.00%  c2d      [kernel.kallsyms]     [k] tlb_finish_mmu
0.31% tlb_finish_mmu;tlb_batch_pages_flush;release_pages;free_unref_page_list
     0.31%     0.00%  c2d      [kernel.kallsyms]     [k] tlb_batch_pages_flush
0.31% tlb_batch_pages_flush;release_pages;free_unref_page_list
     0.31%     0.00%  c2d      [kernel.kallsyms]     [k] release_pages
0.31% release_pages;free_unref_page_list
     0.30%     0.30%  c2d      [kernel.kallsyms]     [k] __irqentry_text_end
0.30% 0x7f1c3356724a;main;cnf2ddnnf_cmd_line;compile_cnf;compile_dt;compile_dt;compile_decomposed;lookup_or_compile_dt;compile_dt;compile_dt;compile_decomposed;conjoin_nnfs_lits;conjoin_relevant_lits;get_and_node;__irqentry_text_end
     0.30%     0.00%  c2d      c2d                   [.] conjoin_nnfs_lits
0.30% conjoin_nnfs_lits;conjoin_relevant_lits;get_and_node;__irqentry_text_end
     0.30%     0.00%  c2d      c2d                   [.] conjoin_relevant_lits
0.30% conjoin_relevant_lits;get_and_node;__irqentry_text_end
     0.30%     0.00%  c2d      c2d                   [.] get_and_node
0.30% get_and_node;__irqentry_text_end
     0.30%     0.30%  c2d      [kernel.kallsyms]     [k] __split_huge_pmd
0.30% 0x7f1c3356724a;main;cnf2ddnnf_cmd_line;compile_cnf;compile_dt;compile_dt;compile_decomposed;lookup_or_compile_dt;compile_dt;compile_dt;compile_decomposed;lookup_or_compile_dt;compile_decomposed;lookup_or_compile_dt;compile_decomposed;lookup_or_compile_dt;compile_dt;compile_dt;compile_decomposed;lookup_or_compile_dt;compile_decomposed;lookup_or_compile_dt;compile_decomposed;lookup_or_compile_dt;compile_dt;compile_dt;compile_decomposed;lookup_or_compile_dt;compile_decomposed;lookup_or_compile_dt;compile_decomposed;lookup_or_compile_dt;insert_cnf_cache;add_cache_entry;asm_exc_page_fault;exc_page_fault;do_user_addr_fault;handle_mm_fault;__handle_mm_fault;do_huge_pmd_wp_page;__split_huge_pmd
     0.30%     0.00%  c2d      c2d                   [.] insert_cnf_cache
0.30% insert_cnf_cache;add_cache_entry;asm_exc_page_fault;exc_page_fault;do_user_addr_fault;handle_mm_fault;__handle_mm_fault;do_huge_pmd_wp_page;__split_huge_pmd
     0.30%     0.00%  c2d      c2d                   [.] add_cache_entry
0.30% add_cache_entry;asm_exc_page_fault;exc_page_fault;do_user_addr_fault;handle_mm_fault;__handle_mm_fault;do_huge_pmd_wp_page;__split_huge_pmd
     0.30%     0.00%  c2d      [kernel.kallsyms]     [k] do_huge_pmd_wp_page
0.30% do_huge_pmd_wp_page;__split_huge_pmd
     0.30%     0.30%  c2d      [kernel.kallsyms]     [k] __mod_memcg_lruvec_state
0.30% 0x7f1c3356724a;main;cnf2ddnnf_cmd_line;compile_cnf;compile_dt;compile_dt;compile_decomposed;lookup_or_compile_dt;compile_dt;compile_dt;compile_decomposed;lookup_or_compile_dt;compile_decomposed;lookup_or_compile_dt;compile_decomposed;lookup_or_compile_dt;compile_dt;compile_dt;compile_decomposed;lookup_or_compile_dt;compile_decomposed;lookup_or_compile_dt;compile_decomposed;lookup_or_compile_dt;compile_dt;compile_dt;compile_decomposed;lookup_or_compile_dt;compile_decomposed;lookup_or_compile_dt;compile_decomposed;lookup_or_compile_dt;compile_dt;compile_dt;compile_decomposed;lookup_or_compile_dt;compile_decomposed;lookup_or_compile_dt;compile_decomposed;lookup_or_compile_dt;compile_dt;compile_dt;compile_decomposed;lookup_or_compile_dt;compile_decomposed;lookup_or_compile_dt;compile_decomposed;lookup_or_compile_dt;active_separator_count;push_items_to_end;eliminated;weakly_eliminated;subs_cls;asm_exc_page_fault;exc_page_fault;do_user_addr_fault;handle_mm_fault;__handle_mm_fault;page_add_new_anon_rmap;__mod_lruvec_page_state;__mod_memcg_lruvec_state
     0.30%     0.00%  c2d      c2d                   [.] active_separator_count
0.30% active_separator_count;push_items_to_end;eliminated;weakly_eliminated;subs_cls;asm_exc_page_fault;exc_page_fault;do_user_addr_fault;handle_mm_fault;__handle_mm_fault;page_add_new_anon_rmap;__mod_lruvec_page_state;__mod_memcg_lruvec_state
     0.30%     0.00%  c2d      c2d                   [.] push_items_to_end
0.30% push_items_to_end;eliminated;weakly_eliminated;subs_cls;asm_exc_page_fault;exc_page_fault;do_user_addr_fault;handle_mm_fault;__handle_mm_fault;page_add_new_anon_rmap;__mod_lruvec_page_state;__mod_memcg_lruvec_state
     0.30%     0.00%  c2d      c2d                   [.] eliminated
0.30% eliminated;weakly_eliminated;subs_cls;asm_exc_page_fault;exc_page_fault;do_user_addr_fault;handle_mm_fault;__handle_mm_fault;page_add_new_anon_rmap;__mod_lruvec_page_state;__mod_memcg_lruvec_state
     0.30%     0.00%  c2d      c2d                   [.] weakly_eliminated
0.30% weakly_eliminated;subs_cls;asm_exc_page_fault;exc_page_fault;do_user_addr_fault;handle_mm_fault;__handle_mm_fault;page_add_new_anon_rmap;__mod_lruvec_page_state;__mod_memcg_lruvec_state
     0.30%     0.00%  c2d      c2d                   [.] subs_cls
0.30% subs_cls;asm_exc_page_fault;exc_page_fault;do_user_addr_fault;handle_mm_fault;__handle_mm_fault;page_add_new_anon_rmap;__mod_lruvec_page_state;__mod_memcg_lruvec_state
     0.30%     0.00%  c2d      [kernel.kallsyms]     [k] page_add_new_anon_rmap
0.30% page_add_new_anon_rmap;__mod_lruvec_page_state;__mod_memcg_lruvec_state
     0.30%     0.00%  c2d      [kernel.kallsyms]     [k] __mod_lruvec_page_state
0.30% __mod_lruvec_page_state;__mod_memcg_lruvec_state
     0.29%     0.29%  c2d      c2d                   [.] initialize_decompose_except_vars
0.29% 0x7f1c3356724a;main;cnf2ddnnf_cmd_line;construct_dtree_manager;initialize_decompose_except_vars;initialize_decompose_except_vars;initialize_decompose_except_vars;initialize_decompose_except_vars;initialize_decompose_except_vars;initialize_decompose_except_vars;initialize_decompose_except_vars;initialize_decompose_except_vars;initialize_decompose_except_vars;initialize_decompose_except_vars;initialize_decompose_except_vars;initialize_decompose_except_vars;initialize_decompose_except_vars
     0.29%     0.00%  c2d      c2d                   [.] construct_dtree_manager
0.29% construct_dtree_manager;initialize_decompose_except_vars;initialize_decompose_except_vars;initialize_decompose_except_vars;initialize_decompose_except_vars;initialize_decompose_except_vars;initialize_decompose_except_vars;initialize_decompose_except_vars;initialize_decompose_except_vars;initialize_decompose_except_vars;initialize_decompose_except_vars;initialize_decompose_except_vars;initialize_decompose_except_vars;initialize_decompose_except_vars
     0.29%     0.29%  c2d      [kernel.kallsyms]     [k] mas_mab_cp
0.29% brk;entry_SYSCALL_64_after_hwframe;do_syscall_64;__do_sys_brk;do_brk_flags;mas_store_prealloc;mas_wr_bnode;mas_store_b_node;mas_mab_cp
     0.29%     0.00%  c2d      libc.so.6             [.] brk
0.29% brk;entry_SYSCALL_64_after_hwframe;do_syscall_64;__do_sys_brk;do_brk_flags;mas_store_prealloc;mas_wr_bnode;mas_store_b_node;mas_mab_cp
     0.29%     0.00%  c2d      [kernel.kallsyms]     [k] __do_sys_brk
0.29% __do_sys_brk;do_brk_flags;mas_store_prealloc;mas_wr_bnode;mas_store_b_node;mas_mab_cp
     0.29%     0.00%  c2d      [kernel.kallsyms]     [k] do_brk_flags
0.29% do_brk_flags;mas_store_prealloc;mas_wr_bnode;mas_store_b_node;mas_mab_cp
     0.29%     0.00%  c2d      [kernel.kallsyms]     [k] mas_wr_bnode
0.29% mas_wr_bnode;mas_store_b_node;mas_mab_cp
     0.29%     0.00%  c2d      [kernel.kallsyms]     [k] mas_store_b_node
0.29% mas_store_b_node;mas_mab_cp
     0.29%     0.29%  c2d      [kernel.kallsyms]     [k] tomoyo_init_request_info
0.29% 0x5f315f70696c662f;open64;entry_SYSCALL_64_after_hwframe;do_syscall_64;__x64_sys_openat;do_sys_openat2;do_filp_open;path_openat;do_dentry_open;security_file_open;tomoyo_check_open_permission;tomoyo_init_request_info
     0.29%     0.00%  c2d      [unknown]             [k] 0x5f315f70696c662f
0.29% 0x5f315f70696c662f;open64;entry_SYSCALL_64_after_hwframe;do_syscall_64;__x64_sys_openat;do_sys_openat2;do_filp_open;path_openat;do_dentry_open;security_file_open;tomoyo_check_open_permission;tomoyo_init_request_info
     0.29%     0.00%  c2d      libc.so.6             [.] open64
0.29% open64;entry_SYSCALL_64_after_hwframe;do_syscall_64;__x64_sys_openat;do_sys_openat2;do_filp_open;path_openat;do_dentry_open;security_file_open;tomoyo_check_open_permission;tomoyo_init_request_info
     0.29%     0.00%  c2d      [kernel.kallsyms]     [k] __x64_sys_openat
0.29% __x64_sys_openat;do_sys_openat2;do_filp_open;path_openat;do_dentry_open;security_file_open;tomoyo_check_open_permission;tomoyo_init_request_info
     0.29%     0.00%  c2d      [kernel.kallsyms]     [k] do_sys_openat2
0.29% do_sys_openat2;do_filp_open;path_openat;do_dentry_open;security_file_open;tomoyo_check_open_permission;tomoyo_init_request_info
     0.29%     0.00%  c2d      [kernel.kallsyms]     [k] do_filp_open
0.29% do_filp_open;path_openat;do_dentry_open;security_file_open;tomoyo_check_open_permission;tomoyo_init_request_info
     0.29%     0.00%  c2d      [kernel.kallsyms]     [k] path_openat
0.29% path_openat;do_dentry_open;security_file_open;tomoyo_check_open_permission;tomoyo_init_request_info
     0.29%     0.00%  c2d      [kernel.kallsyms]     [k] do_dentry_open
0.29% do_dentry_open;security_file_open;tomoyo_check_open_permission;tomoyo_init_request_info
     0.29%     0.00%  c2d      [kernel.kallsyms]     [k] security_file_open
0.29% security_file_open;tomoyo_check_open_permission;tomoyo_init_request_info
     0.29%     0.00%  c2d      [kernel.kallsyms]     [k] tomoyo_check_open_permission
0.29% tomoyo_check_open_permission;tomoyo_init_request_info
     0.28%     0.28%  c2d      libc.so.6             [.] 0x0000000000063883
0.28% 0x6b6e550a00642520;__isoc99_sscanf;0x7f1c335a388a
     0.28%     0.00%  c2d      [unknown]             [.] 0x6b6e550a00642520
0.28% 0x6b6e550a00642520;__isoc99_sscanf;0x7f1c335a388a
     0.28%     0.00%  c2d      libc.so.6             [.] __isoc99_sscanf
0.28% __isoc99_sscanf;0x7f1c335a388a
     0.28%     0.00%  c2d      libc.so.6             [.] 0x00007f1c335a388a
0.28% 0x7f1c335a388a
     0.28%     0.28%  c2d      ld-linux-x86-64.so.2  [.] 0x000000000000fe38
0.28% 0x7f1c33aeae3c
     0.28%     0.00%  c2d      ld-linux-x86-64.so.2  [.] 0x00007f1c33aeae3c
0.28% 0x7f1c33aeae3c
     0.28%     0.28%  c2d      [kernel.kallsyms]     [k] next_uptodate_page
0.28% 0x7f1c33ab6000;asm_exc_page_fault;exc_page_fault;do_user_addr_fault;handle_mm_fault;__handle_mm_fault;do_fault;filemap_map_pages;next_uptodate_page
     0.28%     0.00%  c2d      libgcc_s.so.1         [.] 0x00007f1c33ab6000
0.28% 0x7f1c33ab6000;asm_exc_page_fault;exc_page_fault;do_user_addr_fault;handle_mm_fault;__handle_mm_fault;do_fault;filemap_map_pages;next_uptodate_page
     0.28%     0.00%  c2d      [kernel.kallsyms]     [k] do_fault
0.28% do_fault;filemap_map_pages;next_uptodate_page
     0.28%     0.00%  c2d      [kernel.kallsyms]     [k] filemap_map_pages
0.28% filemap_map_pages;next_uptodate_page
     0.27%     0.27%  c2d      ld-linux-x86-64.so.2  [.] 0x0000000000009a1c
0.27% 0x7f1c33b0e8a8;0x7f1c33ad9170;0x6;0;0x7f1c33ae4a20
     0.27%     0.00%  c2d      [unknown]             [.] 0x00007f1c33ad9170
0.27% 0x7f1c33ad9170;0x6;0;0x7f1c33ae4a20
     0.27%     0.00%  c2d      [unknown]             [.] 0x0000000000000006
0.27% 0x6;0;0x7f1c33ae4a20
     0.27%     0.00%  c2d      ld-linux-x86-64.so.2  [.] 0x00007f1c33ae4a20
0.27% 0x7f1c33ae4a20
     0.27%     0.27%  c2d      ld-linux-x86-64.so.2  [.] 0x000000000000e354
0.27% 0x7f1c33af5a58;0x7f1c33af522f;0x7f1c33af8c99;0x7f1c33ae935a
     0.27%     0.00%  c2d      ld-linux-x86-64.so.2  [.] 0x00007f1c33ae935a
0.27% 0x7f1c33ae935a
     0.27%     0.27%  c2d      ld-linux-x86-64.so.2  [.] 0x000000000000e305
0.27% 0x7f1c33af5a58;0x7f1c33af522f;0x7f1c33af8c99;0x7f1c33ae9309
     0.27%     0.00%  c2d      ld-linux-x86-64.so.2  [.] 0x00007f1c33ae9309
0.27% 0x7f1c33ae9309
     0.26%     0.26%  c2d      ld-linux-x86-64.so.2  [.] 0x000000000000e2d8
0.26% 0x7f1c33af5a58;0x7f1c33af522f;0x7f1c33af8c99;0x7f1c33ae92dc
     0.26%     0.00%  c2d      ld-linux-x86-64.so.2  [.] 0x00007f1c33ae92dc
0.26% 0x7f1c33ae92dc
     0.26%     0.26%  c2d      ld-linux-x86-64.so.2  [.] 0x00000000000090a0
0.26% 0x7f1c33ae40a1
     0.26%     0.00%  c2d      ld-linux-x86-64.so.2  [.] 0x00007f1c33ae40a1
0.26% 0x7f1c33ae40a1
     0.25%     0.25%  c2d      ld-linux-x86-64.so.2  [.] 0x0000000000009495
0.25% 0x7f1c33b0e8a8;0x7;0x7f1c33ae4412
     0.25%     0.00%  c2d      [unknown]             [.] 0x0000000000000007
0.25% 0x7;0x7f1c33ae4412
     0.25%     0.00%  c2d      ld-linux-x86-64.so.2  [.] 0x00007f1c33ae4412
0.25% 0x7f1c33ae4412
     0.25%     0.25%  c2d      [kernel.kallsyms]     [k] mas_ascend
0.25% 0x7f1c33b0e8a8;0x7f1c33ae3075;0x7f1c33afbae3;entry_SYSCALL_64_after_hwframe;do_syscall_64;ksys_mmap_pgoff;vm_mmap_pgoff;do_mmap;get_unmapped_area;arch_get_unmapped_area_topdown;vm_unmapped_area;mas_empty_area_rev;mas_ascend
     0.25%     0.00%  c2d      ld-linux-x86-64.so.2  [.] 0x00007f1c33afbae3
0.25% 0x7f1c33afbae3;entry_SYSCALL_64_after_hwframe;do_syscall_64;ksys_mmap_pgoff;vm_mmap_pgoff;do_mmap;get_unmapped_area;arch_get_unmapped_area_topdown;vm_unmapped_area;mas_empty_area_rev;mas_ascend
     0.25%     0.00%  c2d      [kernel.kallsyms]     [k] ksys_mmap_pgoff
0.25% ksys_mmap_pgoff;vm_mmap_pgoff;do_mmap;get_unmapped_area;arch_get_unmapped_area_topdown;vm_unmapped_area;mas_empty_area_rev;mas_ascend
     0.25%     0.00%  c2d      [kernel.kallsyms]     [k] get_unmapped_area
0.25% get_unmapped_area;arch_get_unmapped_area_topdown;vm_unmapped_area;mas_empty_area_rev;mas_ascend
     0.25%     0.00%  c2d      [kernel.kallsyms]     [k] arch_get_unmapped_area_topdown
0.25% arch_get_unmapped_area_topdown;vm_unmapped_area;mas_empty_area_rev;mas_ascend
     0.25%     0.00%  c2d      [kernel.kallsyms]     [k] vm_unmapped_area
0.25% vm_unmapped_area;mas_empty_area_rev;mas_ascend
     0.25%     0.00%  c2d      [kernel.kallsyms]     [k] mas_empty_area_rev
0.25% mas_empty_area_rev;mas_ascend
     0.24%     0.24%  c2d      [kernel.kallsyms]     [k] strncpy_from_user
0.24% 0;0x7f1c33afb76a;entry_SYSCALL_64_after_hwframe;do_syscall_64;__do_sys_newfstatat;vfs_fstatat;getname_flags.part.0;strncpy_from_user
     0.24%     0.00%  c2d      [kernel.kallsyms]     [k] __do_sys_newfstatat
0.24% __do_sys_newfstatat;vfs_fstatat;getname_flags.part.0;strncpy_from_user
     0.24%     0.00%  c2d      [kernel.kallsyms]     [k] vfs_fstatat
0.24% vfs_fstatat;getname_flags.part.0;strncpy_from_user
     0.24%     0.00%  c2d      [kernel.kallsyms]     [k] getname_flags.part.0
0.24% getname_flags.part.0;strncpy_from_user
     0.23%     0.00%  c2d      [unknown]             [k] 0x00007f03f34f3a97
0.16% 0x7f03f34f3a97;entry_SYSCALL_64_after_hwframe;do_syscall_64;__x64_sys_execve;do_execveat_common.isra.0;bprm_execve;load_elf_binary;elf_map;vm_mmap_pgoff;do_mmap;mmap_region;mas_store_prealloc;mas_wr_modify;mas_wr_node_store;call_rcu
0.07% 0x7f03f34f3a97;entry_SYSCALL_64_after_hwframe;do_syscall_64;__x64_sys_execve;do_execveat_common.isra.0;bprm_execve;load_elf_binary;begin_new_exec;security_bprm_committed_creds;tomoyo_bprm_committed_creds
     0.23%     0.00%  c2d      [kernel.kallsyms]     [k] load_elf_binary
0.16% load_elf_binary;elf_map;vm_mmap_pgoff;do_mmap;mmap_region;mas_store_prealloc;mas_wr_modify;mas_wr_node_store;call_rcu
0.07% load_elf_binary;begin_new_exec;security_bprm_committed_creds;tomoyo_bprm_committed_creds
     0.21%     0.21%  c2d      [kernel.kallsyms]     [k] acct_update_integrals
0.21% 0x7f1c33af5a50;entry_SYSCALL_64_after_hwframe;do_syscall_64;__x64_sys_execve;do_execveat_common.isra.0;bprm_execve;acct_update_integrals
     0.21%     0.00%  c2d      ld-linux-x86-64.so.2  [.] 0x00007f1c33af5a50
0.21% 0x7f1c33af5a50;entry_SYSCALL_64_after_hwframe;do_syscall_64;__x64_sys_execve;do_execveat_common.isra.0;bprm_execve;acct_update_integrals
     0.16%     0.16%  c2d      [kernel.kallsyms]     [k] call_rcu
0.16% 0x7f03f34f3a97;entry_SYSCALL_64_after_hwframe;do_syscall_64;__x64_sys_execve;do_execveat_common.isra.0;bprm_execve;load_elf_binary;elf_map;vm_mmap_pgoff;do_mmap;mmap_region;mas_store_prealloc;mas_wr_modify;mas_wr_node_store;call_rcu
     0.16%     0.00%  c2d      [kernel.kallsyms]     [k] elf_map
0.16% elf_map;vm_mmap_pgoff;do_mmap;mmap_region;mas_store_prealloc;mas_wr_modify;mas_wr_node_store;call_rcu
     0.16%     0.00%  c2d      [kernel.kallsyms]     [k] mmap_region
0.16% mmap_region;mas_store_prealloc;mas_wr_modify;mas_wr_node_store;call_rcu
     0.16%     0.00%  c2d      [kernel.kallsyms]     [k] mas_wr_modify
0.16% mas_wr_modify;mas_wr_node_store;call_rcu
     0.16%     0.00%  c2d      [kernel.kallsyms]     [k] mas_wr_node_store
0.16% mas_wr_node_store;call_rcu
     0.07%     0.07%  c2d      [kernel.kallsyms]     [k] tomoyo_bprm_committed_creds
0.07% 0x7f03f34f3a97;entry_SYSCALL_64_after_hwframe;do_syscall_64;__x64_sys_execve;do_execveat_common.isra.0;bprm_execve;load_elf_binary;begin_new_exec;security_bprm_committed_creds;tomoyo_bprm_committed_creds
     0.07%     0.00%  c2d      [kernel.kallsyms]     [k] begin_new_exec
0.07% begin_new_exec;security_bprm_committed_creds;tomoyo_bprm_committed_creds
     0.07%     0.00%  c2d      [kernel.kallsyms]     [k] security_bprm_committed_creds
0.07% security_bprm_committed_creds;tomoyo_bprm_committed_creds
     0.02%     0.00%  perf-ex  [unknown]             [k] 0x00007f03f34f3a97
0.02% 0x7f03f34f3a97;entry_SYSCALL_64_after_hwframe;do_syscall_64;__x64_sys_execve;do_execveat_common.isra.0;bprm_execve;load_elf_binary;begin_new_exec;perf_event_exec;_raw_spin_unlock_irqrestore
     0.02%     0.00%  perf-ex  [kernel.kallsyms]     [k] entry_SYSCALL_64_after_hwframe
0.02% entry_SYSCALL_64_after_hwframe;do_syscall_64;__x64_sys_execve;do_execveat_common.isra.0;bprm_execve;load_elf_binary;begin_new_exec;perf_event_exec;_raw_spin_unlock_irqrestore
     0.02%     0.00%  perf-ex  [kernel.kallsyms]     [k] do_syscall_64
0.02% do_syscall_64;__x64_sys_execve;do_execveat_common.isra.0;bprm_execve;load_elf_binary;begin_new_exec;perf_event_exec;_raw_spin_unlock_irqrestore
     0.02%     0.00%  perf-ex  [kernel.kallsyms]     [k] __x64_sys_execve
0.02% __x64_sys_execve;do_execveat_common.isra.0;bprm_execve;load_elf_binary;begin_new_exec;perf_event_exec;_raw_spin_unlock_irqrestore
     0.02%     0.00%  perf-ex  [kernel.kallsyms]     [k] do_execveat_common.isra.0
0.02% do_execveat_common.isra.0;bprm_execve;load_elf_binary;begin_new_exec;perf_event_exec;_raw_spin_unlock_irqrestore
     0.02%     0.00%  perf-ex  [kernel.kallsyms]     [k] bprm_execve
0.02% bprm_execve;load_elf_binary;begin_new_exec;perf_event_exec;_raw_spin_unlock_irqrestore
     0.02%     0.00%  perf-ex  [kernel.kallsyms]     [k] load_elf_binary
0.02% load_elf_binary;begin_new_exec;perf_event_exec;_raw_spin_unlock_irqrestore
     0.02%     0.00%  perf-ex  [kernel.kallsyms]     [k] begin_new_exec
0.02% begin_new_exec;perf_event_exec;_raw_spin_unlock_irqrestore
     0.02%     0.00%  perf-ex  [kernel.kallsyms]     [k] perf_event_exec
0.02% perf_event_exec;_raw_spin_unlock_irqrestore
     0.02%     0.02%  perf-ex  [kernel.kallsyms]     [k] _raw_spin_unlock_irqrestore
0.02% 0x7f03f34f3a97;entry_SYSCALL_64_after_hwframe;do_syscall_64;__x64_sys_execve;do_execveat_common.isra.0;bprm_execve;load_elf_binary;begin_new_exec;perf_event_exec;_raw_spin_unlock_irqrestore
     0.00%     0.00%  perf-ex  [kernel.kallsyms]     [k] native_write_msr
     0.00%     0.00%  perf-ex  [kernel.kallsyms]     [k] __intel_pmu_enable_all.constprop.0
     0.00%     0.00%  perf-ex  [kernel.kallsyms]     [k] fill_pmd
     0.00%     0.00%  perf-ex  [kernel.kallsyms]     [k] nmi_cpu_backtrace_handler


#
# (Tip: Use parent filter to see specific call path: perf report -p <regex>)
#
