# To display the perf.data header info, please use --header/--header-only options.
#
#
# Total Lost Samples: 0
#
# Samples: 322  of event 'cycles'
# Event count (approx.): 223718211
#
# Children      Self  Command  Shared Object         Symbol                                                            
# ........  ........  .......  ....................  ..................................................................
#
    95.08%     0.00%  c2d      libc.so.6             [.] 0x00007fc15064624a
93.18% 0x7fc15064624a;main;cnf2ddnnf_cmd_line;free_cache_manager
0.32% 0x7fc15064624a;main;cnf2ddnnf_cmd_line;free_cache_manager;asm_exc_page_fault;exc_page_fault;do_user_addr_fault;handle_mm_fault;__handle_mm_fault;do_huge_pmd_anonymous_page;pte_alloc_one;__alloc_pages;get_page_from_freelist;clear_page_rep
0.32% 0x7fc15064624a;main;cnf2ddnnf_cmd_line;free_cache_manager;asm_exc_page_fault;exc_page_fault;do_user_addr_fault;handle_mm_fault;__handle_mm_fault;do_huge_pmd_anonymous_page;pte_alloc_one;alloc_pages;policy_node
0.32% 0x7fc15064624a;main;cnf2ddnnf_cmd_line;free_cache_manager;asm_exc_page_fault;exc_page_fault;do_user_addr_fault;handle_mm_fault;mem_cgroup_from_task
0.32% 0x7fc15064624a;main;cnf2ddnnf_cmd_line;free_cache_manager;asm_exc_page_fault;exc_page_fault;do_user_addr_fault;handle_mm_fault;__handle_mm_fault;do_huge_pmd_anonymous_page;pte_alloc_one;__alloc_pages;get_page_from_freelist;__list_del_entry_valid
0.31% 0x7fc15064624a;main;cnf2ddnnf_cmd_line;compile_cnf;compile_dt;compile_dt;compile_decomposed;lookup_or_compile_dt;compile_dt;compile_dt;compile_decomposed;lookup_or_compile_dt;compile_decomposed;lookup_or_compile_dt;compile_decomposed;lookup_or_compile_dt;compile_dt;compile_dt;compile_decomposed;lookup_or_compile_dt;compile_decomposed;lookup_or_compile_dt;compile_decomposed;lookup_or_compile_dt;compile_decomposed;lookup_or_compile_dt;compile_dt;compile_dt;compile_decomposed;conjoin_relevant_lits;get_and_node;asm_exc_page_fault;exc_page_fault;do_user_addr_fault;handle_mm_fault;__handle_mm_fault
0.30% 0x7fc15064624a;main;get_cnf_from_file;asm_exc_page_fault;exc_page_fault;do_user_addr_fault;handle_mm_fault;__handle_mm_fault;__mem_cgroup_charge;get_mem_cgroup_from_mm
    95.08%     0.00%  c2d      c2d                   [.] main
93.18% main;cnf2ddnnf_cmd_line;free_cache_manager
0.32% main;cnf2ddnnf_cmd_line;free_cache_manager;asm_exc_page_fault;exc_page_fault;do_user_addr_fault;handle_mm_fault;__handle_mm_fault;do_huge_pmd_anonymous_page;pte_alloc_one;__alloc_pages;get_page_from_freelist;clear_page_rep
0.32% main;cnf2ddnnf_cmd_line;free_cache_manager;asm_exc_page_fault;exc_page_fault;do_user_addr_fault;handle_mm_fault;__handle_mm_fault;do_huge_pmd_anonymous_page;pte_alloc_one;alloc_pages;policy_node
0.32% main;cnf2ddnnf_cmd_line;free_cache_manager;asm_exc_page_fault;exc_page_fault;do_user_addr_fault;handle_mm_fault;mem_cgroup_from_task
0.32% main;cnf2ddnnf_cmd_line;free_cache_manager;asm_exc_page_fault;exc_page_fault;do_user_addr_fault;handle_mm_fault;__handle_mm_fault;do_huge_pmd_anonymous_page;pte_alloc_one;__alloc_pages;get_page_from_freelist;__list_del_entry_valid
0.31% main;cnf2ddnnf_cmd_line;compile_cnf;compile_dt;compile_dt;compile_decomposed;lookup_or_compile_dt;compile_dt;compile_dt;compile_decomposed;lookup_or_compile_dt;compile_decomposed;lookup_or_compile_dt;compile_decomposed;lookup_or_compile_dt;compile_dt;compile_dt;compile_decomposed;lookup_or_compile_dt;compile_decomposed;lookup_or_compile_dt;compile_decomposed;lookup_or_compile_dt;compile_decomposed;lookup_or_compile_dt;compile_dt;compile_dt;compile_decomposed;conjoin_relevant_lits;get_and_node;asm_exc_page_fault;exc_page_fault;do_user_addr_fault;handle_mm_fault;__handle_mm_fault
0.30% main;get_cnf_from_file;asm_exc_page_fault;exc_page_fault;do_user_addr_fault;handle_mm_fault;__handle_mm_fault;__mem_cgroup_charge;get_mem_cgroup_from_mm
    94.78%     0.00%  c2d      c2d                   [.] cnf2ddnnf_cmd_line
93.18% cnf2ddnnf_cmd_line;free_cache_manager
0.32% cnf2ddnnf_cmd_line;free_cache_manager;asm_exc_page_fault;exc_page_fault;do_user_addr_fault;handle_mm_fault;__handle_mm_fault;do_huge_pmd_anonymous_page;pte_alloc_one;__alloc_pages;get_page_from_freelist;clear_page_rep
0.32% cnf2ddnnf_cmd_line;free_cache_manager;asm_exc_page_fault;exc_page_fault;do_user_addr_fault;handle_mm_fault;__handle_mm_fault;do_huge_pmd_anonymous_page;pte_alloc_one;alloc_pages;policy_node
0.32% cnf2ddnnf_cmd_line;free_cache_manager;asm_exc_page_fault;exc_page_fault;do_user_addr_fault;handle_mm_fault;mem_cgroup_from_task
0.32% cnf2ddnnf_cmd_line;free_cache_manager;asm_exc_page_fault;exc_page_fault;do_user_addr_fault;handle_mm_fault;__handle_mm_fault;do_huge_pmd_anonymous_page;pte_alloc_one;__alloc_pages;get_page_from_freelist;__list_del_entry_valid
0.31% cnf2ddnnf_cmd_line;compile_cnf;compile_dt;compile_dt;compile_decomposed;lookup_or_compile_dt;compile_dt;compile_dt;compile_decomposed;lookup_or_compile_dt;compile_decomposed;lookup_or_compile_dt;compile_decomposed;lookup_or_compile_dt;compile_dt;compile_dt;compile_decomposed;lookup_or_compile_dt;compile_decomposed;lookup_or_compile_dt;compile_decomposed;lookup_or_compile_dt;compile_decomposed;lookup_or_compile_dt;compile_dt;compile_dt;compile_decomposed;conjoin_relevant_lits;get_and_node;asm_exc_page_fault;exc_page_fault;do_user_addr_fault;handle_mm_fault;__handle_mm_fault
    94.47%    93.18%  c2d      c2d                   [.] free_cache_manager
93.18% 0x7fc15064624a;main;cnf2ddnnf_cmd_line;free_cache_manager
0.32% free_cache_manager;asm_exc_page_fault;exc_page_fault;do_user_addr_fault;handle_mm_fault;__handle_mm_fault;do_huge_pmd_anonymous_page;pte_alloc_one;__alloc_pages;get_page_from_freelist;clear_page_rep
0.32% free_cache_manager;asm_exc_page_fault;exc_page_fault;do_user_addr_fault;handle_mm_fault;__handle_mm_fault;do_huge_pmd_anonymous_page;pte_alloc_one;alloc_pages;policy_node
0.32% free_cache_manager;asm_exc_page_fault;exc_page_fault;do_user_addr_fault;handle_mm_fault;mem_cgroup_from_task
0.32% free_cache_manager;asm_exc_page_fault;exc_page_fault;do_user_addr_fault;handle_mm_fault;__handle_mm_fault;do_huge_pmd_anonymous_page;pte_alloc_one;__alloc_pages;get_page_from_freelist;__list_del_entry_valid
     2.77%     0.00%  c2d      [kernel.kallsyms]     [k] asm_exc_page_fault
0.58% asm_exc_page_fault;exc_page_fault;do_user_addr_fault;handle_mm_fault;__handle_mm_fault;do_fault;filemap_map_pages
0.32% asm_exc_page_fault;exc_page_fault;do_user_addr_fault;handle_mm_fault;__handle_mm_fault;do_huge_pmd_anonymous_page;pte_alloc_one;__alloc_pages;get_page_from_freelist;clear_page_rep
0.32% asm_exc_page_fault;exc_page_fault;do_user_addr_fault;handle_mm_fault;__handle_mm_fault;do_huge_pmd_anonymous_page;pte_alloc_one;alloc_pages;policy_node
0.32% asm_exc_page_fault;exc_page_fault;do_user_addr_fault;handle_mm_fault;mem_cgroup_from_task
0.32% asm_exc_page_fault;exc_page_fault;do_user_addr_fault;handle_mm_fault;__handle_mm_fault;do_huge_pmd_anonymous_page;pte_alloc_one;__alloc_pages;get_page_from_freelist;__list_del_entry_valid
0.31% asm_exc_page_fault;exc_page_fault;do_user_addr_fault;handle_mm_fault;__handle_mm_fault
0.30% asm_exc_page_fault;exc_page_fault;do_user_addr_fault;handle_mm_fault;__handle_mm_fault;__mem_cgroup_charge;get_mem_cgroup_from_mm
0.29% asm_exc_page_fault;exc_page_fault;do_user_addr_fault;handle_mm_fault;__handle_mm_fault;do_fault;filemap_map_pages;next_uptodate_page
     2.77%     0.00%  c2d      [kernel.kallsyms]     [k] exc_page_fault
0.58% exc_page_fault;do_user_addr_fault;handle_mm_fault;__handle_mm_fault;do_fault;filemap_map_pages
0.32% exc_page_fault;do_user_addr_fault;handle_mm_fault;__handle_mm_fault;do_huge_pmd_anonymous_page;pte_alloc_one;__alloc_pages;get_page_from_freelist;clear_page_rep
0.32% exc_page_fault;do_user_addr_fault;handle_mm_fault;__handle_mm_fault;do_huge_pmd_anonymous_page;pte_alloc_one;alloc_pages;policy_node
0.32% exc_page_fault;do_user_addr_fault;handle_mm_fault;mem_cgroup_from_task
0.32% exc_page_fault;do_user_addr_fault;handle_mm_fault;__handle_mm_fault;do_huge_pmd_anonymous_page;pte_alloc_one;__alloc_pages;get_page_from_freelist;__list_del_entry_valid
0.31% exc_page_fault;do_user_addr_fault;handle_mm_fault;__handle_mm_fault
0.30% exc_page_fault;do_user_addr_fault;handle_mm_fault;__handle_mm_fault;__mem_cgroup_charge;get_mem_cgroup_from_mm
0.29% exc_page_fault;do_user_addr_fault;handle_mm_fault;__handle_mm_fault;do_fault;filemap_map_pages;next_uptodate_page
     2.77%     0.00%  c2d      [kernel.kallsyms]     [k] do_user_addr_fault
0.58% do_user_addr_fault;handle_mm_fault;__handle_mm_fault;do_fault;filemap_map_pages
0.32% do_user_addr_fault;handle_mm_fault;__handle_mm_fault;do_huge_pmd_anonymous_page;pte_alloc_one;__alloc_pages;get_page_from_freelist;clear_page_rep
0.32% do_user_addr_fault;handle_mm_fault;__handle_mm_fault;do_huge_pmd_anonymous_page;pte_alloc_one;alloc_pages;policy_node
0.32% do_user_addr_fault;handle_mm_fault;mem_cgroup_from_task
0.32% do_user_addr_fault;handle_mm_fault;__handle_mm_fault;do_huge_pmd_anonymous_page;pte_alloc_one;__alloc_pages;get_page_from_freelist;__list_del_entry_valid
0.31% do_user_addr_fault;handle_mm_fault;__handle_mm_fault
0.30% do_user_addr_fault;handle_mm_fault;__handle_mm_fault;__mem_cgroup_charge;get_mem_cgroup_from_mm
0.29% do_user_addr_fault;handle_mm_fault;__handle_mm_fault;do_fault;filemap_map_pages;next_uptodate_page
     2.77%     0.00%  c2d      [kernel.kallsyms]     [k] handle_mm_fault
0.58% handle_mm_fault;__handle_mm_fault;do_fault;filemap_map_pages
0.32% handle_mm_fault;__handle_mm_fault;do_huge_pmd_anonymous_page;pte_alloc_one;__alloc_pages;get_page_from_freelist;clear_page_rep
0.32% handle_mm_fault;__handle_mm_fault;do_huge_pmd_anonymous_page;pte_alloc_one;alloc_pages;policy_node
0.32% handle_mm_fault;mem_cgroup_from_task
0.32% handle_mm_fault;__handle_mm_fault;do_huge_pmd_anonymous_page;pte_alloc_one;__alloc_pages;get_page_from_freelist;__list_del_entry_valid
0.31% handle_mm_fault;__handle_mm_fault
0.30% handle_mm_fault;__handle_mm_fault;__mem_cgroup_charge;get_mem_cgroup_from_mm
0.29% handle_mm_fault;__handle_mm_fault;do_fault;filemap_map_pages;next_uptodate_page
     2.45%     0.31%  c2d      [kernel.kallsyms]     [k] __handle_mm_fault
0.58% __handle_mm_fault;do_fault;filemap_map_pages
0.32% __handle_mm_fault;do_huge_pmd_anonymous_page;pte_alloc_one;__alloc_pages;get_page_from_freelist;clear_page_rep
0.32% __handle_mm_fault;do_huge_pmd_anonymous_page;pte_alloc_one;alloc_pages;policy_node
0.32% __handle_mm_fault;do_huge_pmd_anonymous_page;pte_alloc_one;__alloc_pages;get_page_from_freelist;__list_del_entry_valid
0.31% 0x7fc15064624a;main;cnf2ddnnf_cmd_line;compile_cnf;compile_dt;compile_dt;compile_decomposed;lookup_or_compile_dt;compile_dt;compile_dt;compile_decomposed;lookup_or_compile_dt;compile_decomposed;lookup_or_compile_dt;compile_decomposed;lookup_or_compile_dt;compile_dt;compile_dt;compile_decomposed;lookup_or_compile_dt;compile_decomposed;lookup_or_compile_dt;compile_decomposed;lookup_or_compile_dt;compile_decomposed;lookup_or_compile_dt;compile_dt;compile_dt;compile_decomposed;conjoin_relevant_lits;get_and_node;asm_exc_page_fault;exc_page_fault;do_user_addr_fault;handle_mm_fault;__handle_mm_fault
0.30% __handle_mm_fault;__mem_cgroup_charge;get_mem_cgroup_from_mm
0.29% __handle_mm_fault;do_fault;filemap_map_pages;next_uptodate_page
     1.46%     0.00%  c2d      [kernel.kallsyms]     [k] entry_SYSCALL_64_after_hwframe
0.32% entry_SYSCALL_64_after_hwframe;do_syscall_64;__x64_sys_munmap;__vm_munmap;do_mas_munmap;do_mas_align_munmap;__split_vma;__vma_adjust;mas_store_prealloc;mas_wr_bnode
0.32% entry_SYSCALL_64_after_hwframe;do_syscall_64;__x64_sys_exit_group;do_group_exit;do_exit;__mmput;exit_mmap;unmap_vmas;unmap_single_vma
0.27% entry_SYSCALL_64_after_hwframe;do_syscall_64;ksys_mmap_pgoff;vm_mmap_pgoff;do_mmap;mmap_region;do_mas_munmap;do_mas_align_munmap;__split_vma;__vma_adjust;vma_interval_tree_insert
0.26% entry_SYSCALL_64_after_hwframe;do_syscall_64;__x64_sys_mprotect;do_mprotect_pkey;mprotect_fixup;__split_vma;vm_area_dup;kmem_cache_alloc;memset
0.20% entry_SYSCALL_64_after_hwframe;do_syscall_64;__x64_sys_execve;do_execveat_common.isra.0;bprm_execve;load_elf_binary;elf_map;vm_mmap_pgoff;do_mmap;mmap_region;mas_preallocate;mas_alloc_nodes;kmem_cache_alloc_bulk;memset
0.08% entry_SYSCALL_64_after_hwframe;do_syscall_64;__x64_sys_execve;do_execveat_common.isra.0;bprm_execve;load_elf_binary;setup_arg_pages
     1.46%     0.00%  c2d      [kernel.kallsyms]     [k] do_syscall_64
0.32% do_syscall_64;__x64_sys_munmap;__vm_munmap;do_mas_munmap;do_mas_align_munmap;__split_vma;__vma_adjust;mas_store_prealloc;mas_wr_bnode
0.32% do_syscall_64;__x64_sys_exit_group;do_group_exit;do_exit;__mmput;exit_mmap;unmap_vmas;unmap_single_vma
0.27% do_syscall_64;ksys_mmap_pgoff;vm_mmap_pgoff;do_mmap;mmap_region;do_mas_munmap;do_mas_align_munmap;__split_vma;__vma_adjust;vma_interval_tree_insert
0.26% do_syscall_64;__x64_sys_mprotect;do_mprotect_pkey;mprotect_fixup;__split_vma;vm_area_dup;kmem_cache_alloc;memset
0.20% do_syscall_64;__x64_sys_execve;do_execveat_common.isra.0;bprm_execve;load_elf_binary;elf_map;vm_mmap_pgoff;do_mmap;mmap_region;mas_preallocate;mas_alloc_nodes;kmem_cache_alloc_bulk;memset
0.08% do_syscall_64;__x64_sys_execve;do_execveat_common.isra.0;bprm_execve;load_elf_binary;setup_arg_pages
     1.37%     0.00%  c2d      ld-linux-x86-64.so.2  [.] 0x00007fc150bb7a58
0.29% 0x7fc150bb7a58;0x7fc150bb722f;__libc_early_init;asm_exc_page_fault;exc_page_fault;do_user_addr_fault;handle_mm_fault;__handle_mm_fault;do_fault;filemap_map_pages;next_uptodate_page
0.28% 0x7fc150bb7a58;0x7fc150bb722f;0x7fc150bbac99;0x7fc150bab35a
0.27% 0x7fc150bb7a58;0x7fc150bb722f;0x7fc150bbac99;0x7fc150bab309
0.26% 0x7fc150bb7a58;0x7fc150bb722f;0x7fc150bbac99;0x7fc150bbdb47;entry_SYSCALL_64_after_hwframe;do_syscall_64;__x64_sys_mprotect;do_mprotect_pkey;mprotect_fixup;__split_vma;vm_area_dup;kmem_cache_alloc;memset
0.26% 0x7fc150bb7a58;0x7fc150bad460;asm_exc_page_fault;exc_page_fault;do_user_addr_fault;handle_mm_fault;__handle_mm_fault;do_fault;filemap_map_pages
     1.11%     0.00%  c2d      ld-linux-x86-64.so.2  [.] 0x00007fc150bb722f
0.29% 0x7fc150bb722f;__libc_early_init;asm_exc_page_fault;exc_page_fault;do_user_addr_fault;handle_mm_fault;__handle_mm_fault;do_fault;filemap_map_pages;next_uptodate_page
0.28% 0x7fc150bb722f;0x7fc150bbac99;0x7fc150bab35a
0.27% 0x7fc150bb722f;0x7fc150bbac99;0x7fc150bab309
0.26% 0x7fc150bb722f;0x7fc150bbac99;0x7fc150bbdb47;entry_SYSCALL_64_after_hwframe;do_syscall_64;__x64_sys_mprotect;do_mprotect_pkey;mprotect_fixup;__split_vma;vm_area_dup;kmem_cache_alloc;memset
     0.97%     0.00%  c2d      [kernel.kallsyms]     [k] do_huge_pmd_anonymous_page
0.32% do_huge_pmd_anonymous_page;pte_alloc_one;__alloc_pages;get_page_from_freelist;clear_page_rep
0.32% do_huge_pmd_anonymous_page;pte_alloc_one;alloc_pages;policy_node
0.32% do_huge_pmd_anonymous_page;pte_alloc_one;__alloc_pages;get_page_from_freelist;__list_del_entry_valid
     0.97%     0.00%  c2d      [kernel.kallsyms]     [k] pte_alloc_one
0.32% pte_alloc_one;__alloc_pages;get_page_from_freelist;clear_page_rep
0.32% pte_alloc_one;alloc_pages;policy_node
0.32% pte_alloc_one;__alloc_pages;get_page_from_freelist;__list_del_entry_valid
     0.87%     0.58%  c2d      [kernel.kallsyms]     [k] filemap_map_pages
0.32% std::basic_ostream<wchar_t, std::char_traits<wchar_t> >::flush;asm_exc_page_fault;exc_page_fault;do_user_addr_fault;handle_mm_fault;__handle_mm_fault;do_fault;filemap_map_pages
0.29% filemap_map_pages;next_uptodate_page
0.26% 0x7fc150bb7a58;0x7fc150bad460;asm_exc_page_fault;exc_page_fault;do_user_addr_fault;handle_mm_fault;__handle_mm_fault;do_fault;filemap_map_pages
     0.87%     0.00%  c2d      [kernel.kallsyms]     [k] do_fault
0.58% do_fault;filemap_map_pages
0.29% do_fault;filemap_map_pages;next_uptodate_page
     0.86%     0.00%  c2d      [kernel.kallsyms]     [k] __split_vma
0.32% __split_vma;__vma_adjust;mas_store_prealloc;mas_wr_bnode
0.27% __split_vma;__vma_adjust;vma_interval_tree_insert
0.26% __split_vma;vm_area_dup;kmem_cache_alloc;memset
     0.82%     0.00%  c2d      ld-linux-x86-64.so.2  [.] 0x00007fc150bbac99
0.28% 0x7fc150bbac99;0x7fc150bab35a
0.27% 0x7fc150bbac99;0x7fc150bab309
0.26% 0x7fc150bbac99;0x7fc150bbdb47;entry_SYSCALL_64_after_hwframe;do_syscall_64;__x64_sys_mprotect;do_mprotect_pkey;mprotect_fixup;__split_vma;vm_area_dup;kmem_cache_alloc;memset
     0.82%     0.00%  c2d      [unknown]             [k] 0x00007fc150bd08a8
0.28% 0x7fc150bd08a8;0x7fc150ba51da;0x7fc150bbd9b4;syscall_return_via_sysret
0.27% 0x7fc150bd08a8;0x7fc150ba5075;0x7fc150bbdae3;entry_SYSCALL_64_after_hwframe;do_syscall_64;ksys_mmap_pgoff;vm_mmap_pgoff;do_mmap;mmap_region;do_mas_munmap;do_mas_align_munmap;__split_vma;__vma_adjust;vma_interval_tree_insert
0.26% 0x7fc150bd08a8;0x7fc150ba5075;0x7fc150ba3dac
     0.65%     0.00%  c2d      [kernel.kallsyms]     [k] __alloc_pages
0.32% __alloc_pages;get_page_from_freelist;clear_page_rep
0.32% __alloc_pages;get_page_from_freelist;__list_del_entry_valid
     0.65%     0.00%  c2d      [kernel.kallsyms]     [k] get_page_from_freelist
0.32% get_page_from_freelist;clear_page_rep
0.32% get_page_from_freelist;__list_del_entry_valid
     0.61%     0.00%  c2d      [unknown]             [.] 0000000000000000
0.31% 0;0x7fc1506b3960
0.30% 0;0x7fc150695219
     0.60%     0.00%  c2d      [kernel.kallsyms]     [k] do_mas_munmap
0.32% do_mas_munmap;do_mas_align_munmap;__split_vma;__vma_adjust;mas_store_prealloc;mas_wr_bnode
0.27% do_mas_munmap;do_mas_align_munmap;__split_vma;__vma_adjust;vma_interval_tree_insert
     0.60%     0.00%  c2d      [kernel.kallsyms]     [k] do_mas_align_munmap
0.32% do_mas_align_munmap;__split_vma;__vma_adjust;mas_store_prealloc;mas_wr_bnode
0.27% do_mas_align_munmap;__split_vma;__vma_adjust;vma_interval_tree_insert
     0.60%     0.00%  c2d      [kernel.kallsyms]     [k] __vma_adjust
0.32% __vma_adjust;mas_store_prealloc;mas_wr_bnode
0.27% __vma_adjust;vma_interval_tree_insert
     0.53%     0.00%  c2d      ld-linux-x86-64.so.2  [.] 0x00007fc150ba5075
0.27% 0x7fc150ba5075;0x7fc150bbdae3;entry_SYSCALL_64_after_hwframe;do_syscall_64;ksys_mmap_pgoff;vm_mmap_pgoff;do_mmap;mmap_region;do_mas_munmap;do_mas_align_munmap;__split_vma;__vma_adjust;vma_interval_tree_insert
0.26% 0x7fc150ba5075;0x7fc150ba3dac
     0.47%     0.00%  c2d      [kernel.kallsyms]     [k] vm_mmap_pgoff
0.27% vm_mmap_pgoff;do_mmap;mmap_region;do_mas_munmap;do_mas_align_munmap;__split_vma;__vma_adjust;vma_interval_tree_insert
0.20% vm_mmap_pgoff;do_mmap;mmap_region;mas_preallocate;mas_alloc_nodes;kmem_cache_alloc_bulk;memset
     0.47%     0.00%  c2d      [kernel.kallsyms]     [k] do_mmap
0.27% do_mmap;mmap_region;do_mas_munmap;do_mas_align_munmap;__split_vma;__vma_adjust;vma_interval_tree_insert
0.20% do_mmap;mmap_region;mas_preallocate;mas_alloc_nodes;kmem_cache_alloc_bulk;memset
     0.47%     0.00%  c2d      [kernel.kallsyms]     [k] mmap_region
0.27% mmap_region;do_mas_munmap;do_mas_align_munmap;__split_vma;__vma_adjust;vma_interval_tree_insert
0.20% mmap_region;mas_preallocate;mas_alloc_nodes;kmem_cache_alloc_bulk;memset
     0.46%     0.46%  c2d      [kernel.kallsyms]     [k] memset
0.26% 0x7fc150bb7a58;0x7fc150bb722f;0x7fc150bbac99;0x7fc150bbdb47;entry_SYSCALL_64_after_hwframe;do_syscall_64;__x64_sys_mprotect;do_mprotect_pkey;mprotect_fixup;__split_vma;vm_area_dup;kmem_cache_alloc;memset
0.20% 0x7fe0328f3a97;entry_SYSCALL_64_after_hwframe;do_syscall_64;__x64_sys_execve;do_execveat_common.isra.0;bprm_execve;load_elf_binary;elf_map;vm_mmap_pgoff;do_mmap;mmap_region;mas_preallocate;mas_alloc_nodes;kmem_cache_alloc_bulk;memset
     0.32%     0.32%  c2d      [kernel.kallsyms]     [k] clear_page_rep
0.32% 0x7fc15064624a;main;cnf2ddnnf_cmd_line;free_cache_manager;asm_exc_page_fault;exc_page_fault;do_user_addr_fault;handle_mm_fault;__handle_mm_fault;do_huge_pmd_anonymous_page;pte_alloc_one;__alloc_pages;get_page_from_freelist;clear_page_rep
     0.32%     0.32%  c2d      [kernel.kallsyms]     [k] mas_wr_bnode
0.32% __munmap;entry_SYSCALL_64_after_hwframe;do_syscall_64;__x64_sys_munmap;__vm_munmap;do_mas_munmap;do_mas_align_munmap;__split_vma;__vma_adjust;mas_store_prealloc;mas_wr_bnode
     0.32%     0.00%  c2d      libc.so.6             [.] __munmap
0.32% __munmap;entry_SYSCALL_64_after_hwframe;do_syscall_64;__x64_sys_munmap;__vm_munmap;do_mas_munmap;do_mas_align_munmap;__split_vma;__vma_adjust;mas_store_prealloc;mas_wr_bnode
     0.32%     0.00%  c2d      [kernel.kallsyms]     [k] __x64_sys_munmap
0.32% __x64_sys_munmap;__vm_munmap;do_mas_munmap;do_mas_align_munmap;__split_vma;__vma_adjust;mas_store_prealloc;mas_wr_bnode
     0.32%     0.00%  c2d      [kernel.kallsyms]     [k] __vm_munmap
0.32% __vm_munmap;do_mas_munmap;do_mas_align_munmap;__split_vma;__vma_adjust;mas_store_prealloc;mas_wr_bnode
     0.32%     0.00%  c2d      [kernel.kallsyms]     [k] mas_store_prealloc
0.32% mas_store_prealloc;mas_wr_bnode
     0.32%     0.32%  c2d      [kernel.kallsyms]     [k] policy_node
0.32% 0x7fc15064624a;main;cnf2ddnnf_cmd_line;free_cache_manager;asm_exc_page_fault;exc_page_fault;do_user_addr_fault;handle_mm_fault;__handle_mm_fault;do_huge_pmd_anonymous_page;pte_alloc_one;alloc_pages;policy_node
     0.32%     0.00%  c2d      [kernel.kallsyms]     [k] alloc_pages
0.32% alloc_pages;policy_node
     0.32%     0.32%  c2d      [kernel.kallsyms]     [k] mem_cgroup_from_task
0.32% 0x7fc15064624a;main;cnf2ddnnf_cmd_line;free_cache_manager;asm_exc_page_fault;exc_page_fault;do_user_addr_fault;handle_mm_fault;mem_cgroup_from_task
     0.32%     0.32%  c2d      [kernel.kallsyms]     [k] __list_del_entry_valid
0.32% 0x7fc15064624a;main;cnf2ddnnf_cmd_line;free_cache_manager;asm_exc_page_fault;exc_page_fault;do_user_addr_fault;handle_mm_fault;__handle_mm_fault;do_huge_pmd_anonymous_page;pte_alloc_one;__alloc_pages;get_page_from_freelist;__list_del_entry_valid
     0.32%     0.00%  c2d      libstdc++.so.6.0.30   [.] std::basic_ostream<wchar_t, std::char_traits<wchar_t> >::flush
0.32% std::basic_ostream<wchar_t, std::char_traits<wchar_t> >::flush;asm_exc_page_fault;exc_page_fault;do_user_addr_fault;handle_mm_fault;__handle_mm_fault;do_fault;filemap_map_pages
     0.32%     0.32%  c2d      [kernel.kallsyms]     [k] unmap_single_vma
0.32% entry_SYSCALL_64_after_hwframe;do_syscall_64;__x64_sys_exit_group;do_group_exit;do_exit;__mmput;exit_mmap;unmap_vmas;unmap_single_vma
     0.32%     0.00%  c2d      [kernel.kallsyms]     [k] __x64_sys_exit_group
0.32% __x64_sys_exit_group;do_group_exit;do_exit;__mmput;exit_mmap;unmap_vmas;unmap_single_vma
     0.32%     0.00%  c2d      [kernel.kallsyms]     [k] do_group_exit
0.32% do_group_exit;do_exit;__mmput;exit_mmap;unmap_vmas;unmap_single_vma
     0.32%     0.00%  c2d      [kernel.kallsyms]     [k] do_exit
0.32% do_exit;__mmput;exit_mmap;unmap_vmas;unmap_single_vma
     0.32%     0.00%  c2d      [kernel.kallsyms]     [k] __mmput
0.32% __mmput;exit_mmap;unmap_vmas;unmap_single_vma
     0.32%     0.00%  c2d      [kernel.kallsyms]     [k] exit_mmap
0.32% exit_mmap;unmap_vmas;unmap_single_vma
     0.32%     0.00%  c2d      [kernel.kallsyms]     [k] unmap_vmas
0.32% unmap_vmas;unmap_single_vma
     0.31%     0.00%  c2d      c2d                   [.] compile_cnf
0.31% compile_cnf;compile_dt;compile_dt;compile_decomposed;lookup_or_compile_dt;compile_dt;compile_dt;compile_decomposed;lookup_or_compile_dt;compile_decomposed;lookup_or_compile_dt;compile_decomposed;lookup_or_compile_dt;compile_dt;compile_dt;compile_decomposed;lookup_or_compile_dt;compile_decomposed;lookup_or_compile_dt;compile_decomposed;lookup_or_compile_dt;compile_decomposed;lookup_or_compile_dt;compile_dt;compile_dt;compile_decomposed;conjoin_relevant_lits;get_and_node;asm_exc_page_fault;exc_page_fault;do_user_addr_fault;handle_mm_fault;__handle_mm_fault
     0.31%     0.00%  c2d      c2d                   [.] compile_dt
0.31% compile_dt;compile_dt;compile_decomposed;lookup_or_compile_dt;compile_dt;compile_dt;compile_decomposed;lookup_or_compile_dt;compile_decomposed;lookup_or_compile_dt;compile_decomposed;lookup_or_compile_dt;compile_dt;compile_dt;compile_decomposed;lookup_or_compile_dt;compile_decomposed;lookup_or_compile_dt;compile_decomposed;lookup_or_compile_dt;compile_decomposed;lookup_or_compile_dt;compile_dt;compile_dt;compile_decomposed;conjoin_relevant_lits;get_and_node;asm_exc_page_fault;exc_page_fault;do_user_addr_fault;handle_mm_fault;__handle_mm_fault
     0.31%     0.00%  c2d      c2d                   [.] compile_decomposed
0.31% compile_decomposed;lookup_or_compile_dt;compile_dt;compile_dt;compile_decomposed;lookup_or_compile_dt;compile_decomposed;lookup_or_compile_dt;compile_decomposed;lookup_or_compile_dt;compile_dt;compile_dt;compile_decomposed;lookup_or_compile_dt;compile_decomposed;lookup_or_compile_dt;compile_decomposed;lookup_or_compile_dt;compile_decomposed;lookup_or_compile_dt;compile_dt;compile_dt;compile_decomposed;conjoin_relevant_lits;get_and_node;asm_exc_page_fault;exc_page_fault;do_user_addr_fault;handle_mm_fault;__handle_mm_fault
     0.31%     0.00%  c2d      c2d                   [.] lookup_or_compile_dt
0.31% lookup_or_compile_dt;compile_dt;compile_dt;compile_decomposed;lookup_or_compile_dt;compile_decomposed;lookup_or_compile_dt;compile_decomposed;lookup_or_compile_dt;compile_dt;compile_dt;compile_decomposed;lookup_or_compile_dt;compile_decomposed;lookup_or_compile_dt;compile_decomposed;lookup_or_compile_dt;compile_decomposed;lookup_or_compile_dt;compile_dt;compile_dt;compile_decomposed;conjoin_relevant_lits;get_and_node;asm_exc_page_fault;exc_page_fault;do_user_addr_fault;handle_mm_fault;__handle_mm_fault
     0.31%     0.00%  c2d      c2d                   [.] conjoin_relevant_lits
0.31% conjoin_relevant_lits;get_and_node;asm_exc_page_fault;exc_page_fault;do_user_addr_fault;handle_mm_fault;__handle_mm_fault
     0.31%     0.00%  c2d      c2d                   [.] get_and_node
0.31% get_and_node;asm_exc_page_fault;exc_page_fault;do_user_addr_fault;handle_mm_fault;__handle_mm_fault
     0.31%     0.31%  c2d      libc.so.6             [.] 0x0000000000098068
0.31% 0;0x7fc1506b3960
     0.31%     0.00%  c2d      libc.so.6             [.] 0x00007fc1506b3960
0.31% 0x7fc1506b3960
     0.30%     0.30%  c2d      libc.so.6             [.] 0x0000000000076212
0.30% 0;0x7fc150695219
     0.30%     0.00%  c2d      libc.so.6             [.] 0x00007fc150695219
0.30% 0x7fc150695219
     0.30%     0.30%  c2d      [kernel.kallsyms]     [k] get_mem_cgroup_from_mm
0.30% 0x7fc15064624a;main;get_cnf_from_file;asm_exc_page_fault;exc_page_fault;do_user_addr_fault;handle_mm_fault;__handle_mm_fault;__mem_cgroup_charge;get_mem_cgroup_from_mm
     0.30%     0.00%  c2d      c2d                   [.] get_cnf_from_file
0.30% get_cnf_from_file;asm_exc_page_fault;exc_page_fault;do_user_addr_fault;handle_mm_fault;__handle_mm_fault;__mem_cgroup_charge;get_mem_cgroup_from_mm
     0.30%     0.00%  c2d      [kernel.kallsyms]     [k] __mem_cgroup_charge
0.30% __mem_cgroup_charge;get_mem_cgroup_from_mm
     0.30%     0.30%  c2d      libstdc++.so.6.0.30   [.] std::__cxx11::moneypunct<char, true>::_M_initialize_moneypunct
0.30% std::__cxx11::moneypunct<char, true>::_M_initialize_moneypunct
     0.29%     0.29%  c2d      [kernel.kallsyms]     [k] next_uptodate_page
0.29% 0x7fc150bb7a58;0x7fc150bb722f;__libc_early_init;asm_exc_page_fault;exc_page_fault;do_user_addr_fault;handle_mm_fault;__handle_mm_fault;do_fault;filemap_map_pages;next_uptodate_page
     0.29%     0.00%  c2d      libc.so.6             [.] __libc_early_init
0.29% __libc_early_init;asm_exc_page_fault;exc_page_fault;do_user_addr_fault;handle_mm_fault;__handle_mm_fault;do_fault;filemap_map_pages;next_uptodate_page
     0.29%     0.29%  c2d      ld-linux-x86-64.so.2  [.] 0x000000000000907f
0.29% 0x7fc150ba6086
     0.29%     0.00%  c2d      ld-linux-x86-64.so.2  [.] 0x00007fc150ba6086
0.29% 0x7fc150ba6086
     0.28%     0.28%  c2d      ld-linux-x86-64.so.2  [.] 0x000000000000e354
0.28% 0x7fc150bb7a58;0x7fc150bb722f;0x7fc150bbac99;0x7fc150bab35a
     0.28%     0.00%  c2d      ld-linux-x86-64.so.2  [.] 0x00007fc150bab35a
0.28% 0x7fc150bab35a
     0.28%     0.28%  c2d      [kernel.kallsyms]     [k] syscall_return_via_sysret
0.28% 0x7fc150bd08a8;0x7fc150ba51da;0x7fc150bbd9b4;syscall_return_via_sysret
     0.28%     0.00%  c2d      ld-linux-x86-64.so.2  [.] 0x00007fc150ba51da
0.28% 0x7fc150ba51da;0x7fc150bbd9b4;syscall_return_via_sysret
     0.28%     0.00%  c2d      ld-linux-x86-64.so.2  [.] 0x00007fc150bbd9b4
0.28% 0x7fc150bbd9b4;syscall_return_via_sysret
     0.28%     0.28%  c2d      ld-linux-x86-64.so.2  [.] 0x0000000000009947
0.28% 0xcbf50;0x7fc15087a758;0x7fc150ba694a
     0.28%     0.00%  c2d      [unknown]             [.] 0x00000000000cbf50
0.28% 0xcbf50;0x7fc15087a758;0x7fc150ba694a
     0.28%     0.00%  c2d      [unknown]             [.] 0x00007fc15087a758
0.28% 0x7fc15087a758;0x7fc150ba694a
     0.28%     0.00%  c2d      ld-linux-x86-64.so.2  [.] 0x00007fc150ba694a
0.28% 0x7fc150ba694a
     0.28%     0.00%  c2d      [unknown]             [k] 0x00007fe0328f3a97
0.20% 0x7fe0328f3a97;entry_SYSCALL_64_after_hwframe;do_syscall_64;__x64_sys_execve;do_execveat_common.isra.0;bprm_execve;load_elf_binary;elf_map;vm_mmap_pgoff;do_mmap;mmap_region;mas_preallocate;mas_alloc_nodes;kmem_cache_alloc_bulk;memset
0.08% 0x7fe0328f3a97;entry_SYSCALL_64_after_hwframe;do_syscall_64;__x64_sys_execve;do_execveat_common.isra.0;bprm_execve;load_elf_binary;setup_arg_pages
     0.28%     0.00%  c2d      [kernel.kallsyms]     [k] __x64_sys_execve
0.20% __x64_sys_execve;do_execveat_common.isra.0;bprm_execve;load_elf_binary;elf_map;vm_mmap_pgoff;do_mmap;mmap_region;mas_preallocate;mas_alloc_nodes;kmem_cache_alloc_bulk;memset
0.08% __x64_sys_execve;do_execveat_common.isra.0;bprm_execve;load_elf_binary;setup_arg_pages
     0.28%     0.00%  c2d      [kernel.kallsyms]     [k] do_execveat_common.isra.0
0.20% do_execveat_common.isra.0;bprm_execve;load_elf_binary;elf_map;vm_mmap_pgoff;do_mmap;mmap_region;mas_preallocate;mas_alloc_nodes;kmem_cache_alloc_bulk;memset
0.08% do_execveat_common.isra.0;bprm_execve;load_elf_binary;setup_arg_pages
     0.28%     0.00%  c2d      [kernel.kallsyms]     [k] bprm_execve
0.20% bprm_execve;load_elf_binary;elf_map;vm_mmap_pgoff;do_mmap;mmap_region;mas_preallocate;mas_alloc_nodes;kmem_cache_alloc_bulk;memset
0.08% bprm_execve;load_elf_binary;setup_arg_pages
     0.28%     0.00%  c2d      [kernel.kallsyms]     [k] load_elf_binary
0.20% load_elf_binary;elf_map;vm_mmap_pgoff;do_mmap;mmap_region;mas_preallocate;mas_alloc_nodes;kmem_cache_alloc_bulk;memset
0.08% load_elf_binary;setup_arg_pages
     0.27%     0.27%  c2d      [kernel.kallsyms]     [k] vma_interval_tree_insert
0.27% 0x7fc150bd08a8;0x7fc150ba5075;0x7fc150bbdae3;entry_SYSCALL_64_after_hwframe;do_syscall_64;ksys_mmap_pgoff;vm_mmap_pgoff;do_mmap;mmap_region;do_mas_munmap;do_mas_align_munmap;__split_vma;__vma_adjust;vma_interval_tree_insert
     0.27%     0.00%  c2d      ld-linux-x86-64.so.2  [.] 0x00007fc150bbdae3
0.27% 0x7fc150bbdae3;entry_SYSCALL_64_after_hwframe;do_syscall_64;ksys_mmap_pgoff;vm_mmap_pgoff;do_mmap;mmap_region;do_mas_munmap;do_mas_align_munmap;__split_vma;__vma_adjust;vma_interval_tree_insert
     0.27%     0.00%  c2d      [kernel.kallsyms]     [k] ksys_mmap_pgoff
0.27% ksys_mmap_pgoff;vm_mmap_pgoff;do_mmap;mmap_region;do_mas_munmap;do_mas_align_munmap;__split_vma;__vma_adjust;vma_interval_tree_insert
     0.27%     0.27%  c2d      ld-linux-x86-64.so.2  [.] 0x000000000000e305
0.27% 0x7fc150bb7a58;0x7fc150bb722f;0x7fc150bbac99;0x7fc150bab309
     0.27%     0.00%  c2d      ld-linux-x86-64.so.2  [.] 0x00007fc150bab309
0.27% 0x7fc150bab309
     0.26%     0.00%  c2d      ld-linux-x86-64.so.2  [.] 0x00007fc150bbdb47
0.26% 0x7fc150bbdb47;entry_SYSCALL_64_after_hwframe;do_syscall_64;__x64_sys_mprotect;do_mprotect_pkey;mprotect_fixup;__split_vma;vm_area_dup;kmem_cache_alloc;memset
     0.26%     0.00%  c2d      [kernel.kallsyms]     [k] __x64_sys_mprotect
0.26% __x64_sys_mprotect;do_mprotect_pkey;mprotect_fixup;__split_vma;vm_area_dup;kmem_cache_alloc;memset
     0.26%     0.00%  c2d      [kernel.kallsyms]     [k] do_mprotect_pkey
0.26% do_mprotect_pkey;mprotect_fixup;__split_vma;vm_area_dup;kmem_cache_alloc;memset
     0.26%     0.00%  c2d      [kernel.kallsyms]     [k] mprotect_fixup
0.26% mprotect_fixup;__split_vma;vm_area_dup;kmem_cache_alloc;memset
     0.26%     0.00%  c2d      [kernel.kallsyms]     [k] vm_area_dup
0.26% vm_area_dup;kmem_cache_alloc;memset
     0.26%     0.00%  c2d      [kernel.kallsyms]     [k] kmem_cache_alloc
0.26% kmem_cache_alloc;memset
     0.26%     0.26%  c2d      ld-linux-x86-64.so.2  [.] 0x0000000000006da9
0.26% 0x7fc150bd08a8;0x7fc150ba5075;0x7fc150ba3dac
     0.26%     0.00%  c2d      ld-linux-x86-64.so.2  [.] 0x00007fc150ba3dac
0.26% 0x7fc150ba3dac
     0.26%     0.00%  c2d      ld-linux-x86-64.so.2  [.] 0x00007fc150bad460
0.26% 0x7fc150bad460;asm_exc_page_fault;exc_page_fault;do_user_addr_fault;handle_mm_fault;__handle_mm_fault;do_fault;filemap_map_pages
     0.20%     0.00%  c2d      [kernel.kallsyms]     [k] elf_map
0.20% elf_map;vm_mmap_pgoff;do_mmap;mmap_region;mas_preallocate;mas_alloc_nodes;kmem_cache_alloc_bulk;memset
     0.20%     0.00%  c2d      [kernel.kallsyms]     [k] mas_preallocate
0.20% mas_preallocate;mas_alloc_nodes;kmem_cache_alloc_bulk;memset
     0.20%     0.00%  c2d      [kernel.kallsyms]     [k] mas_alloc_nodes
0.20% mas_alloc_nodes;kmem_cache_alloc_bulk;memset
     0.20%     0.00%  c2d      [kernel.kallsyms]     [k] kmem_cache_alloc_bulk
0.20% kmem_cache_alloc_bulk;memset
     0.08%     0.08%  c2d      [kernel.kallsyms]     [k] setup_arg_pages
0.08% 0x7fe0328f3a97;entry_SYSCALL_64_after_hwframe;do_syscall_64;__x64_sys_execve;do_execveat_common.isra.0;bprm_execve;load_elf_binary;setup_arg_pages
     0.02%     0.00%  perf-ex  [unknown]             [k] 0x00007fe0328f3a97
0.02% 0x7fe0328f3a97;entry_SYSCALL_64_after_hwframe;do_syscall_64;__x64_sys_execve;do_execveat_common.isra.0;bprm_execve;load_elf_binary;begin_new_exec;perf_event_exec
     0.02%     0.00%  perf-ex  [kernel.kallsyms]     [k] entry_SYSCALL_64_after_hwframe
0.02% entry_SYSCALL_64_after_hwframe;do_syscall_64;__x64_sys_execve;do_execveat_common.isra.0;bprm_execve;load_elf_binary;begin_new_exec;perf_event_exec
     0.02%     0.02%  perf-ex  [kernel.kallsyms]     [k] perf_event_exec
0.02% 0x7fe0328f3a97;entry_SYSCALL_64_after_hwframe;do_syscall_64;__x64_sys_execve;do_execveat_common.isra.0;bprm_execve;load_elf_binary;begin_new_exec;perf_event_exec
     0.02%     0.00%  perf-ex  [kernel.kallsyms]     [k] do_syscall_64
0.02% do_syscall_64;__x64_sys_execve;do_execveat_common.isra.0;bprm_execve;load_elf_binary;begin_new_exec;perf_event_exec
     0.02%     0.00%  perf-ex  [kernel.kallsyms]     [k] __x64_sys_execve
0.02% __x64_sys_execve;do_execveat_common.isra.0;bprm_execve;load_elf_binary;begin_new_exec;perf_event_exec
     0.02%     0.00%  perf-ex  [kernel.kallsyms]     [k] do_execveat_common.isra.0
0.02% do_execveat_common.isra.0;bprm_execve;load_elf_binary;begin_new_exec;perf_event_exec
     0.02%     0.00%  perf-ex  [kernel.kallsyms]     [k] bprm_execve
0.02% bprm_execve;load_elf_binary;begin_new_exec;perf_event_exec
     0.02%     0.00%  perf-ex  [kernel.kallsyms]     [k] load_elf_binary
0.02% load_elf_binary;begin_new_exec;perf_event_exec
     0.02%     0.00%  perf-ex  [kernel.kallsyms]     [k] begin_new_exec
0.02% begin_new_exec;perf_event_exec
     0.01%     0.00%  perf-ex  [kernel.kallsyms]     [k] native_write_msr
     0.01%     0.00%  perf-ex  [kernel.kallsyms]     [k] __intel_pmu_enable_all.constprop.0
     0.00%     0.00%  perf-ex  [kernel.kallsyms]     [k] memcpy_fromio
     0.00%     0.00%  perf-ex  [kernel.kallsyms]     [k] nmi_cpu_backtrace


#
# (Tip: For hierarchical output, try: perf report --hierarchy)
#
