# To display the perf.data header info, please use --header/--header-only options.
#
#
# Total Lost Samples: 0
#
# Samples: 336  of event 'cycles'
# Event count (approx.): 233756311
#
# Children      Self  Command  Shared Object         Symbol                                
# ........  ........  .......  ....................  ......................................
#
    95.57%     0.00%  c2d      libc.so.6             [.] 0x00007f9783d6724a
92.22% 0x7f9783d6724a;main;cnf2ddnnf_cmd_line;free_cache_manager
0.62% 0x7f9783d6724a;main;cnf2ddnnf_cmd_line;free_cache_manager;__irqentry_text_end
0.31% 0x7f9783d6724a;main;cnf2ddnnf_cmd_line;free_cache_manager;asm_exc_page_fault;exc_page_fault;do_user_addr_fault;handle_mm_fault;__handle_mm_fault;do_huge_pmd_anonymous_page;pte_alloc_one;__alloc_pages;get_page_from_freelist;__list_del_entry_valid
0.31% 0x7f9783d6724a;main;cnf2ddnnf_cmd_line;free_cache_manager;error_entry;sync_regs
0.31% 0x7f9783d6724a;main;cnf2ddnnf_cmd_line;free_cache_manager;asm_exc_page_fault;exc_page_fault;do_user_addr_fault;up_read
0.31% 0x7f9783d6724a;main;cnf2ddnnf_cmd_line;free_cache_manager;asm_exc_page_fault;exc_page_fault;do_user_addr_fault;handle_mm_fault;__handle_mm_fault;do_huge_pmd_anonymous_page;pte_alloc_one;__alloc_pages;get_page_from_freelist;_raw_spin_trylock
0.31% 0x7f9783d6724a;main;cnf2ddnnf_cmd_line;free_cache_manager;asm_exc_page_fault;exc_page_fault;do_user_addr_fault;handle_mm_fault;__handle_mm_fault;do_huge_pmd_anonymous_page;pte_alloc_one;__alloc_pages
0.31% 0x7f9783d6724a;main;cnf2ddnnf_cmd_line;free_dtree_manager;free_dtree;free_dtree;free_dtree;free_dtree;free_dtree;free_dtree;free_dtree;free_dtree;cfree
0.30% 0x7f9783d6724a;main;cnf2ddnnf_cmd_line;load_hdtree_from_file;__isoc99_fscanf;0x7f9783d9f0ca
0.29% 0x7f9783d6724a;main;cnf2ddnnf_cmd_line;compile_cnf;compile_dt;compile_dt;compile_decomposed;lookup_or_compile_dt;compile_decomposed;lookup_or_compile_dt;compile_dt;compile_dt;compile_decomposed;conjoin_nnfs_lits;conjoin_relevant_lits;get_and_node;asm_exc_page_fault
0.29% 0x7f9783d6724a;main;cnf2ddnnf_cmd_line;compile_cnf;compile_dt;compile_dt;compile_decomposed;lookup_or_compile_dt;compile_decomposed;lookup_or_compile_dt;compile_dt;compile_dt;compile_decomposed;lookup_or_compile_dt;compile_decomposed;lookup_or_compile_dt;compile_decomposed;lookup_or_compile_dt;compile_decomposed;lookup_or_compile_dt;compile_decomposed;lookup_or_compile_dt;compile_decomposed;lookup_or_compile_dt;compile_decomposed;lookup_or_compile_dt;compile_dt;compile_dt;compile_decomposed;conjoin_relevant_lits;get_and_node;asm_exc_page_fault;exc_page_fault;do_user_addr_fault;handle_mm_fault;__handle_mm_fault;wp_page_copy;__mem_cgroup_charge;charge_memcg;__count_memcg_events
    95.57%     0.00%  c2d      c2d                   [.] main
92.22% main;cnf2ddnnf_cmd_line;free_cache_manager
0.62% main;cnf2ddnnf_cmd_line;free_cache_manager;__irqentry_text_end
0.31% main;cnf2ddnnf_cmd_line;free_cache_manager;asm_exc_page_fault;exc_page_fault;do_user_addr_fault;handle_mm_fault;__handle_mm_fault;do_huge_pmd_anonymous_page;pte_alloc_one;__alloc_pages;get_page_from_freelist;__list_del_entry_valid
0.31% main;cnf2ddnnf_cmd_line;free_cache_manager;error_entry;sync_regs
0.31% main;cnf2ddnnf_cmd_line;free_cache_manager;asm_exc_page_fault;exc_page_fault;do_user_addr_fault;up_read
0.31% main;cnf2ddnnf_cmd_line;free_cache_manager;asm_exc_page_fault;exc_page_fault;do_user_addr_fault;handle_mm_fault;__handle_mm_fault;do_huge_pmd_anonymous_page;pte_alloc_one;__alloc_pages;get_page_from_freelist;_raw_spin_trylock
0.31% main;cnf2ddnnf_cmd_line;free_cache_manager;asm_exc_page_fault;exc_page_fault;do_user_addr_fault;handle_mm_fault;__handle_mm_fault;do_huge_pmd_anonymous_page;pte_alloc_one;__alloc_pages
0.31% main;cnf2ddnnf_cmd_line;free_dtree_manager;free_dtree;free_dtree;free_dtree;free_dtree;free_dtree;free_dtree;free_dtree;free_dtree;cfree
0.30% main;cnf2ddnnf_cmd_line;load_hdtree_from_file;__isoc99_fscanf;0x7f9783d9f0ca
0.29% main;cnf2ddnnf_cmd_line;compile_cnf;compile_dt;compile_dt;compile_decomposed;lookup_or_compile_dt;compile_decomposed;lookup_or_compile_dt;compile_dt;compile_dt;compile_decomposed;conjoin_nnfs_lits;conjoin_relevant_lits;get_and_node;asm_exc_page_fault
0.29% main;cnf2ddnnf_cmd_line;compile_cnf;compile_dt;compile_dt;compile_decomposed;lookup_or_compile_dt;compile_decomposed;lookup_or_compile_dt;compile_dt;compile_dt;compile_decomposed;lookup_or_compile_dt;compile_decomposed;lookup_or_compile_dt;compile_decomposed;lookup_or_compile_dt;compile_decomposed;lookup_or_compile_dt;compile_decomposed;lookup_or_compile_dt;compile_decomposed;lookup_or_compile_dt;compile_decomposed;lookup_or_compile_dt;compile_dt;compile_dt;compile_decomposed;conjoin_relevant_lits;get_and_node;asm_exc_page_fault;exc_page_fault;do_user_addr_fault;handle_mm_fault;__handle_mm_fault;wp_page_copy;__mem_cgroup_charge;charge_memcg;__count_memcg_events
    95.57%     0.00%  c2d      c2d                   [.] cnf2ddnnf_cmd_line
92.22% cnf2ddnnf_cmd_line;free_cache_manager
0.62% cnf2ddnnf_cmd_line;free_cache_manager;__irqentry_text_end
0.31% cnf2ddnnf_cmd_line;free_cache_manager;asm_exc_page_fault;exc_page_fault;do_user_addr_fault;handle_mm_fault;__handle_mm_fault;do_huge_pmd_anonymous_page;pte_alloc_one;__alloc_pages;get_page_from_freelist;__list_del_entry_valid
0.31% cnf2ddnnf_cmd_line;free_cache_manager;error_entry;sync_regs
0.31% cnf2ddnnf_cmd_line;free_cache_manager;asm_exc_page_fault;exc_page_fault;do_user_addr_fault;up_read
0.31% cnf2ddnnf_cmd_line;free_cache_manager;asm_exc_page_fault;exc_page_fault;do_user_addr_fault;handle_mm_fault;__handle_mm_fault;do_huge_pmd_anonymous_page;pte_alloc_one;__alloc_pages;get_page_from_freelist;_raw_spin_trylock
0.31% cnf2ddnnf_cmd_line;free_cache_manager;asm_exc_page_fault;exc_page_fault;do_user_addr_fault;handle_mm_fault;__handle_mm_fault;do_huge_pmd_anonymous_page;pte_alloc_one;__alloc_pages
0.31% cnf2ddnnf_cmd_line;free_dtree_manager;free_dtree;free_dtree;free_dtree;free_dtree;free_dtree;free_dtree;free_dtree;free_dtree;cfree
0.30% cnf2ddnnf_cmd_line;load_hdtree_from_file;__isoc99_fscanf;0x7f9783d9f0ca
0.29% cnf2ddnnf_cmd_line;compile_cnf;compile_dt;compile_dt;compile_decomposed;lookup_or_compile_dt;compile_decomposed;lookup_or_compile_dt;compile_dt;compile_dt;compile_decomposed;conjoin_nnfs_lits;conjoin_relevant_lits;get_and_node;asm_exc_page_fault
0.29% cnf2ddnnf_cmd_line;compile_cnf;compile_dt;compile_dt;compile_decomposed;lookup_or_compile_dt;compile_decomposed;lookup_or_compile_dt;compile_dt;compile_dt;compile_decomposed;lookup_or_compile_dt;compile_decomposed;lookup_or_compile_dt;compile_decomposed;lookup_or_compile_dt;compile_decomposed;lookup_or_compile_dt;compile_decomposed;lookup_or_compile_dt;compile_decomposed;lookup_or_compile_dt;compile_decomposed;lookup_or_compile_dt;compile_dt;compile_dt;compile_decomposed;conjoin_relevant_lits;get_and_node;asm_exc_page_fault;exc_page_fault;do_user_addr_fault;handle_mm_fault;__handle_mm_fault;wp_page_copy;__mem_cgroup_charge;charge_memcg;__count_memcg_events
    94.38%    91.92%  c2d      c2d                   [.] free_cache_manager
91.92% 0x7f9783d6724a;main;cnf2ddnnf_cmd_line;free_cache_manager
0.62% free_cache_manager;__irqentry_text_end
0.31% free_cache_manager;asm_exc_page_fault;exc_page_fault;do_user_addr_fault;handle_mm_fault;__handle_mm_fault;do_huge_pmd_anonymous_page;pte_alloc_one;__alloc_pages;get_page_from_freelist;__list_del_entry_valid
0.31% free_cache_manager;error_entry;sync_regs
0.31% free_cache_manager;asm_exc_page_fault;exc_page_fault;do_user_addr_fault;up_read
0.31% free_cache_manager;asm_exc_page_fault;exc_page_fault;do_user_addr_fault;handle_mm_fault;__handle_mm_fault;do_huge_pmd_anonymous_page;pte_alloc_one;__alloc_pages;get_page_from_freelist;_raw_spin_trylock
0.31% free_cache_manager;asm_exc_page_fault;exc_page_fault;do_user_addr_fault;handle_mm_fault;__handle_mm_fault;do_huge_pmd_anonymous_page;pte_alloc_one;__alloc_pages
0.30% free_cache_manager
     2.69%     0.00%  c2d      [kernel.kallsyms]     [k] asm_exc_page_fault
0.31% asm_exc_page_fault;exc_page_fault;do_user_addr_fault;handle_mm_fault;__handle_mm_fault;do_huge_pmd_anonymous_page;pte_alloc_one;__alloc_pages;get_page_from_freelist;__list_del_entry_valid
0.31% asm_exc_page_fault;exc_page_fault;do_user_addr_fault;up_read
0.31% asm_exc_page_fault;exc_page_fault;do_user_addr_fault;handle_mm_fault;__handle_mm_fault;do_huge_pmd_anonymous_page;pte_alloc_one;__alloc_pages;get_page_from_freelist;_raw_spin_trylock
0.31% asm_exc_page_fault;exc_page_fault;do_user_addr_fault;handle_mm_fault;__handle_mm_fault;do_huge_pmd_anonymous_page;pte_alloc_one;__alloc_pages
0.29% asm_exc_page_fault
0.29% asm_exc_page_fault;exc_page_fault;do_user_addr_fault;handle_mm_fault;__handle_mm_fault;do_fault;filemap_map_pages;next_uptodate_page
0.29% asm_exc_page_fault;exc_page_fault;do_user_addr_fault;handle_mm_fault;__handle_mm_fault;wp_page_copy;__mem_cgroup_charge;charge_memcg;__count_memcg_events
0.29% asm_exc_page_fault;exc_page_fault;do_user_addr_fault;handle_mm_fault;__handle_mm_fault;__mem_cgroup_charge;get_mem_cgroup_from_mm
0.29% asm_exc_page_fault;exc_page_fault;do_user_addr_fault;handle_mm_fault;__handle_mm_fault;wp_page_copy;vma_alloc_folio;__folio_alloc;__alloc_pages;get_page_from_freelist;__list_del_entry_valid
     2.40%     0.00%  c2d      [kernel.kallsyms]     [k] exc_page_fault
0.31% exc_page_fault;do_user_addr_fault;handle_mm_fault;__handle_mm_fault;do_huge_pmd_anonymous_page;pte_alloc_one;__alloc_pages;get_page_from_freelist;__list_del_entry_valid
0.31% exc_page_fault;do_user_addr_fault;up_read
0.31% exc_page_fault;do_user_addr_fault;handle_mm_fault;__handle_mm_fault;do_huge_pmd_anonymous_page;pte_alloc_one;__alloc_pages;get_page_from_freelist;_raw_spin_trylock
0.31% exc_page_fault;do_user_addr_fault;handle_mm_fault;__handle_mm_fault;do_huge_pmd_anonymous_page;pte_alloc_one;__alloc_pages
0.29% exc_page_fault;do_user_addr_fault;handle_mm_fault;__handle_mm_fault;do_fault;filemap_map_pages;next_uptodate_page
0.29% exc_page_fault;do_user_addr_fault;handle_mm_fault;__handle_mm_fault;wp_page_copy;__mem_cgroup_charge;charge_memcg;__count_memcg_events
0.29% exc_page_fault;do_user_addr_fault;handle_mm_fault;__handle_mm_fault;__mem_cgroup_charge;get_mem_cgroup_from_mm
0.29% exc_page_fault;do_user_addr_fault;handle_mm_fault;__handle_mm_fault;wp_page_copy;vma_alloc_folio;__folio_alloc;__alloc_pages;get_page_from_freelist;__list_del_entry_valid
     2.40%     0.00%  c2d      [kernel.kallsyms]     [k] do_user_addr_fault
0.31% do_user_addr_fault;handle_mm_fault;__handle_mm_fault;do_huge_pmd_anonymous_page;pte_alloc_one;__alloc_pages;get_page_from_freelist;__list_del_entry_valid
0.31% do_user_addr_fault;up_read
0.31% do_user_addr_fault;handle_mm_fault;__handle_mm_fault;do_huge_pmd_anonymous_page;pte_alloc_one;__alloc_pages;get_page_from_freelist;_raw_spin_trylock
0.31% do_user_addr_fault;handle_mm_fault;__handle_mm_fault;do_huge_pmd_anonymous_page;pte_alloc_one;__alloc_pages
0.29% do_user_addr_fault;handle_mm_fault;__handle_mm_fault;do_fault;filemap_map_pages;next_uptodate_page
0.29% do_user_addr_fault;handle_mm_fault;__handle_mm_fault;wp_page_copy;__mem_cgroup_charge;charge_memcg;__count_memcg_events
0.29% do_user_addr_fault;handle_mm_fault;__handle_mm_fault;__mem_cgroup_charge;get_mem_cgroup_from_mm
0.29% do_user_addr_fault;handle_mm_fault;__handle_mm_fault;wp_page_copy;vma_alloc_folio;__folio_alloc;__alloc_pages;get_page_from_freelist;__list_del_entry_valid
     2.14%     0.00%  c2d      [kernel.kallsyms]     [k] entry_SYSCALL_64_after_hwframe
0.31% entry_SYSCALL_64_after_hwframe;do_syscall_64;__x64_sys_exit_group;do_group_exit;do_exit;__mmput;exit_mmap;unmap_vmas;unmap_page_range;_compound_head
0.31% entry_SYSCALL_64_after_hwframe;do_syscall_64;__x64_sys_exit_group;do_group_exit;do_exit;__mmput;exit_mmap;free_pgtables;unlink_anon_vmas;kmem_cache_free;mod_objcg_state
0.29% entry_SYSCALL_64_after_hwframe;do_syscall_64;__do_sys_newfstatat;vfs_fstatat;putname
0.27% entry_SYSCALL_64_after_hwframe;do_syscall_64;ksys_mmap_pgoff;vm_mmap_pgoff;do_mmap;mmap_region;do_mas_munmap;do_mas_align_munmap;__split_vma;__vma_adjust;vma_interval_tree_remove
0.26% entry_SYSCALL_64_after_hwframe;do_syscall_64;ksys_mmap_pgoff;vm_mmap_pgoff;do_mmap;mmap_region;do_mas_munmap;do_mas_align_munmap;mas_preallocate;mas_alloc_nodes;kmem_cache_alloc;memcg_slab_post_alloc_hook
0.25% entry_SYSCALL_64_after_hwframe;do_syscall_64;__do_sys_newfstatat;vfs_fstatat;vfs_statx;ext4_file_getattr;ext4_getattr
0.23% entry_SYSCALL_64_after_hwframe;do_syscall_64;syscall_exit_to_user_mode;exit_to_user_mode_prepare;task_work_run;____fput
0.16% entry_SYSCALL_64_after_hwframe;do_syscall_64;__x64_sys_execve;do_execveat_common.isra.0;bprm_execve;load_elf_binary;elf_map;vm_mmap_pgoff;do_mmap;mmap_region;mas_store_prealloc;mas_wr_modify;mas_wr_node_store;mas_replace
0.06% entry_SYSCALL_64_after_hwframe;do_syscall_64;__x64_sys_execve;do_execveat_common.isra.0;bprm_execve;load_elf_binary;begin_new_exec;security_bprm_committed_creds;apparmor_bprm_committed_creds
     2.14%     0.00%  c2d      [kernel.kallsyms]     [k] do_syscall_64
0.31% do_syscall_64;__x64_sys_exit_group;do_group_exit;do_exit;__mmput;exit_mmap;unmap_vmas;unmap_page_range;_compound_head
0.31% do_syscall_64;__x64_sys_exit_group;do_group_exit;do_exit;__mmput;exit_mmap;free_pgtables;unlink_anon_vmas;kmem_cache_free;mod_objcg_state
0.29% do_syscall_64;__do_sys_newfstatat;vfs_fstatat;putname
0.27% do_syscall_64;ksys_mmap_pgoff;vm_mmap_pgoff;do_mmap;mmap_region;do_mas_munmap;do_mas_align_munmap;__split_vma;__vma_adjust;vma_interval_tree_remove
0.26% do_syscall_64;ksys_mmap_pgoff;vm_mmap_pgoff;do_mmap;mmap_region;do_mas_munmap;do_mas_align_munmap;mas_preallocate;mas_alloc_nodes;kmem_cache_alloc;memcg_slab_post_alloc_hook
0.25% do_syscall_64;__do_sys_newfstatat;vfs_fstatat;vfs_statx;ext4_file_getattr;ext4_getattr
0.23% do_syscall_64;syscall_exit_to_user_mode;exit_to_user_mode_prepare;task_work_run;____fput
0.16% do_syscall_64;__x64_sys_execve;do_execveat_common.isra.0;bprm_execve;load_elf_binary;elf_map;vm_mmap_pgoff;do_mmap;mmap_region;mas_store_prealloc;mas_wr_modify;mas_wr_node_store;mas_replace
0.06% do_syscall_64;__x64_sys_execve;do_execveat_common.isra.0;bprm_execve;load_elf_binary;begin_new_exec;security_bprm_committed_creds;apparmor_bprm_committed_creds
     2.09%     0.00%  c2d      [kernel.kallsyms]     [k] handle_mm_fault
0.31% handle_mm_fault;__handle_mm_fault;do_huge_pmd_anonymous_page;pte_alloc_one;__alloc_pages;get_page_from_freelist;__list_del_entry_valid
0.31% handle_mm_fault;__handle_mm_fault;do_huge_pmd_anonymous_page;pte_alloc_one;__alloc_pages;get_page_from_freelist;_raw_spin_trylock
0.31% handle_mm_fault;__handle_mm_fault;do_huge_pmd_anonymous_page;pte_alloc_one;__alloc_pages
0.29% handle_mm_fault;__handle_mm_fault;do_fault;filemap_map_pages;next_uptodate_page
0.29% handle_mm_fault;__handle_mm_fault;wp_page_copy;__mem_cgroup_charge;charge_memcg;__count_memcg_events
0.29% handle_mm_fault;__handle_mm_fault;__mem_cgroup_charge;get_mem_cgroup_from_mm
0.29% handle_mm_fault;__handle_mm_fault;wp_page_copy;vma_alloc_folio;__folio_alloc;__alloc_pages;get_page_from_freelist;__list_del_entry_valid
     2.09%     0.00%  c2d      [kernel.kallsyms]     [k] __handle_mm_fault
0.31% __handle_mm_fault;do_huge_pmd_anonymous_page;pte_alloc_one;__alloc_pages;get_page_from_freelist;__list_del_entry_valid
0.31% __handle_mm_fault;do_huge_pmd_anonymous_page;pte_alloc_one;__alloc_pages;get_page_from_freelist;_raw_spin_trylock
0.31% __handle_mm_fault;do_huge_pmd_anonymous_page;pte_alloc_one;__alloc_pages
0.29% __handle_mm_fault;do_fault;filemap_map_pages;next_uptodate_page
0.29% __handle_mm_fault;wp_page_copy;__mem_cgroup_charge;charge_memcg;__count_memcg_events
0.29% __handle_mm_fault;__mem_cgroup_charge;get_mem_cgroup_from_mm
0.29% __handle_mm_fault;wp_page_copy;vma_alloc_folio;__folio_alloc;__alloc_pages;get_page_from_freelist;__list_del_entry_valid
     1.21%     0.31%  c2d      [kernel.kallsyms]     [k] __alloc_pages
0.60% __alloc_pages;get_page_from_freelist;__list_del_entry_valid
0.31% __alloc_pages;get_page_from_freelist;_raw_spin_trylock
0.31% 0x7f9783d6724a;main;cnf2ddnnf_cmd_line;free_cache_manager;asm_exc_page_fault;exc_page_fault;do_user_addr_fault;handle_mm_fault;__handle_mm_fault;do_huge_pmd_anonymous_page;pte_alloc_one;__alloc_pages
     0.93%     0.00%  c2d      [kernel.kallsyms]     [k] do_huge_pmd_anonymous_page
0.31% do_huge_pmd_anonymous_page;pte_alloc_one;__alloc_pages;get_page_from_freelist;__list_del_entry_valid
0.31% do_huge_pmd_anonymous_page;pte_alloc_one;__alloc_pages;get_page_from_freelist;_raw_spin_trylock
0.31% do_huge_pmd_anonymous_page;pte_alloc_one;__alloc_pages
     0.93%     0.00%  c2d      [kernel.kallsyms]     [k] pte_alloc_one
0.31% pte_alloc_one;__alloc_pages;get_page_from_freelist;__list_del_entry_valid
0.31% pte_alloc_one;__alloc_pages;get_page_from_freelist;_raw_spin_trylock
0.31% pte_alloc_one;__alloc_pages
     0.91%     0.00%  c2d      [kernel.kallsyms]     [k] get_page_from_freelist
0.60% get_page_from_freelist;__list_del_entry_valid
0.31% get_page_from_freelist;_raw_spin_trylock
     0.84%     0.00%  c2d      [unknown]             [k] 0000000000000000
0.29% 0;fstatat64;entry_SYSCALL_64_after_hwframe;do_syscall_64;__do_sys_newfstatat;vfs_fstatat;putname
0.29% 0;0x7f9783dd80d9;asm_exc_page_fault;exc_page_fault;do_user_addr_fault;handle_mm_fault;__handle_mm_fault;__mem_cgroup_charge;get_mem_cgroup_from_mm
0.25% 0;0x7f97842d976a;entry_SYSCALL_64_after_hwframe;do_syscall_64;__do_sys_newfstatat;vfs_fstatat;vfs_statx;ext4_file_getattr;ext4_getattr
     0.69%     0.00%  c2d      [kernel.kallsyms]     [k] vm_mmap_pgoff
0.27% vm_mmap_pgoff;do_mmap;mmap_region;do_mas_munmap;do_mas_align_munmap;__split_vma;__vma_adjust;vma_interval_tree_remove
0.26% vm_mmap_pgoff;do_mmap;mmap_region;do_mas_munmap;do_mas_align_munmap;mas_preallocate;mas_alloc_nodes;kmem_cache_alloc;memcg_slab_post_alloc_hook
0.16% vm_mmap_pgoff;do_mmap;mmap_region;mas_store_prealloc;mas_wr_modify;mas_wr_node_store;mas_replace
     0.69%     0.00%  c2d      [kernel.kallsyms]     [k] do_mmap
0.27% do_mmap;mmap_region;do_mas_munmap;do_mas_align_munmap;__split_vma;__vma_adjust;vma_interval_tree_remove
0.26% do_mmap;mmap_region;do_mas_munmap;do_mas_align_munmap;mas_preallocate;mas_alloc_nodes;kmem_cache_alloc;memcg_slab_post_alloc_hook
0.16% do_mmap;mmap_region;mas_store_prealloc;mas_wr_modify;mas_wr_node_store;mas_replace
     0.69%     0.00%  c2d      [kernel.kallsyms]     [k] mmap_region
0.27% mmap_region;do_mas_munmap;do_mas_align_munmap;__split_vma;__vma_adjust;vma_interval_tree_remove
0.26% mmap_region;do_mas_munmap;do_mas_align_munmap;mas_preallocate;mas_alloc_nodes;kmem_cache_alloc;memcg_slab_post_alloc_hook
0.16% mmap_region;mas_store_prealloc;mas_wr_modify;mas_wr_node_store;mas_replace
     0.62%     0.62%  c2d      [kernel.kallsyms]     [k] __irqentry_text_end
0.62% 0x7f9783d6724a;main;cnf2ddnnf_cmd_line;free_cache_manager;__irqentry_text_end
     0.61%     0.00%  c2d      [kernel.kallsyms]     [k] __x64_sys_exit_group
0.31% __x64_sys_exit_group;do_group_exit;do_exit;__mmput;exit_mmap;unmap_vmas;unmap_page_range;_compound_head
0.31% __x64_sys_exit_group;do_group_exit;do_exit;__mmput;exit_mmap;free_pgtables;unlink_anon_vmas;kmem_cache_free;mod_objcg_state
     0.61%     0.00%  c2d      [kernel.kallsyms]     [k] do_group_exit
0.31% do_group_exit;do_exit;__mmput;exit_mmap;unmap_vmas;unmap_page_range;_compound_head
0.31% do_group_exit;do_exit;__mmput;exit_mmap;free_pgtables;unlink_anon_vmas;kmem_cache_free;mod_objcg_state
     0.61%     0.00%  c2d      [kernel.kallsyms]     [k] do_exit
0.31% do_exit;__mmput;exit_mmap;unmap_vmas;unmap_page_range;_compound_head
0.31% do_exit;__mmput;exit_mmap;free_pgtables;unlink_anon_vmas;kmem_cache_free;mod_objcg_state
     0.61%     0.00%  c2d      [kernel.kallsyms]     [k] __mmput
0.31% __mmput;exit_mmap;unmap_vmas;unmap_page_range;_compound_head
0.31% __mmput;exit_mmap;free_pgtables;unlink_anon_vmas;kmem_cache_free;mod_objcg_state
     0.61%     0.00%  c2d      [kernel.kallsyms]     [k] exit_mmap
0.31% exit_mmap;unmap_vmas;unmap_page_range;_compound_head
0.31% exit_mmap;free_pgtables;unlink_anon_vmas;kmem_cache_free;mod_objcg_state
     0.60%     0.60%  c2d      [kernel.kallsyms]     [k] __list_del_entry_valid
0.31% 0x7f9783d6724a;main;cnf2ddnnf_cmd_line;free_cache_manager;asm_exc_page_fault;exc_page_fault;do_user_addr_fault;handle_mm_fault;__handle_mm_fault;do_huge_pmd_anonymous_page;pte_alloc_one;__alloc_pages;get_page_from_freelist;__list_del_entry_valid
0.29% 0x7f97842c27c6;asm_exc_page_fault;exc_page_fault;do_user_addr_fault;handle_mm_fault;__handle_mm_fault;wp_page_copy;vma_alloc_folio;__folio_alloc;__alloc_pages;get_page_from_freelist;__list_del_entry_valid
     0.58%     0.00%  c2d      c2d                   [.] compile_cnf
0.29% compile_cnf;compile_dt;compile_dt;compile_decomposed;lookup_or_compile_dt;compile_decomposed;lookup_or_compile_dt;compile_dt;compile_dt;compile_decomposed;conjoin_nnfs_lits;conjoin_relevant_lits;get_and_node;asm_exc_page_fault
0.29% compile_cnf;compile_dt;compile_dt;compile_decomposed;lookup_or_compile_dt;compile_decomposed;lookup_or_compile_dt;compile_dt;compile_dt;compile_decomposed;lookup_or_compile_dt;compile_decomposed;lookup_or_compile_dt;compile_decomposed;lookup_or_compile_dt;compile_decomposed;lookup_or_compile_dt;compile_decomposed;lookup_or_compile_dt;compile_decomposed;lookup_or_compile_dt;compile_decomposed;lookup_or_compile_dt;compile_dt;compile_dt;compile_decomposed;conjoin_relevant_lits;get_and_node;asm_exc_page_fault;exc_page_fault;do_user_addr_fault;handle_mm_fault;__handle_mm_fault;wp_page_copy;__mem_cgroup_charge;charge_memcg;__count_memcg_events
     0.58%     0.00%  c2d      c2d                   [.] compile_dt
0.29% compile_dt;compile_dt;compile_decomposed;lookup_or_compile_dt;compile_decomposed;lookup_or_compile_dt;compile_dt;compile_dt;compile_decomposed;conjoin_nnfs_lits;conjoin_relevant_lits;get_and_node;asm_exc_page_fault
0.29% compile_dt;compile_dt;compile_decomposed;lookup_or_compile_dt;compile_decomposed;lookup_or_compile_dt;compile_dt;compile_dt;compile_decomposed;lookup_or_compile_dt;compile_decomposed;lookup_or_compile_dt;compile_decomposed;lookup_or_compile_dt;compile_decomposed;lookup_or_compile_dt;compile_decomposed;lookup_or_compile_dt;compile_decomposed;lookup_or_compile_dt;compile_decomposed;lookup_or_compile_dt;compile_dt;compile_dt;compile_decomposed;conjoin_relevant_lits;get_and_node;asm_exc_page_fault;exc_page_fault;do_user_addr_fault;handle_mm_fault;__handle_mm_fault;wp_page_copy;__mem_cgroup_charge;charge_memcg;__count_memcg_events
     0.58%     0.00%  c2d      c2d                   [.] compile_decomposed
0.29% compile_decomposed;lookup_or_compile_dt;compile_decomposed;lookup_or_compile_dt;compile_dt;compile_dt;compile_decomposed;conjoin_nnfs_lits;conjoin_relevant_lits;get_and_node;asm_exc_page_fault
0.29% compile_decomposed;lookup_or_compile_dt;compile_decomposed;lookup_or_compile_dt;compile_dt;compile_dt;compile_decomposed;lookup_or_compile_dt;compile_decomposed;lookup_or_compile_dt;compile_decomposed;lookup_or_compile_dt;compile_decomposed;lookup_or_compile_dt;compile_decomposed;lookup_or_compile_dt;compile_decomposed;lookup_or_compile_dt;compile_decomposed;lookup_or_compile_dt;compile_dt;compile_dt;compile_decomposed;conjoin_relevant_lits;get_and_node;asm_exc_page_fault;exc_page_fault;do_user_addr_fault;handle_mm_fault;__handle_mm_fault;wp_page_copy;__mem_cgroup_charge;charge_memcg;__count_memcg_events
     0.58%     0.00%  c2d      c2d                   [.] lookup_or_compile_dt
0.29% lookup_or_compile_dt;compile_decomposed;lookup_or_compile_dt;compile_dt;compile_dt;compile_decomposed;conjoin_nnfs_lits;conjoin_relevant_lits;get_and_node;asm_exc_page_fault
0.29% lookup_or_compile_dt;compile_decomposed;lookup_or_compile_dt;compile_dt;compile_dt;compile_decomposed;lookup_or_compile_dt;compile_decomposed;lookup_or_compile_dt;compile_decomposed;lookup_or_compile_dt;compile_decomposed;lookup_or_compile_dt;compile_decomposed;lookup_or_compile_dt;compile_decomposed;lookup_or_compile_dt;compile_decomposed;lookup_or_compile_dt;compile_dt;compile_dt;compile_decomposed;conjoin_relevant_lits;get_and_node;asm_exc_page_fault;exc_page_fault;do_user_addr_fault;handle_mm_fault;__handle_mm_fault;wp_page_copy;__mem_cgroup_charge;charge_memcg;__count_memcg_events
     0.58%     0.29%  c2d      c2d                   [.] get_and_node
0.29% 0x7f9783d6724a;main;cnf2ddnnf_cmd_line;compile_cnf;compile_dt;compile_dt;compile_decomposed;lookup_or_compile_dt;compile_decomposed;lookup_or_compile_dt;compile_dt;compile_dt;compile_decomposed;conjoin_nnfs_lits;conjoin_relevant_lits;get_and_node;asm_exc_page_fault
0.29% get_and_node;asm_exc_page_fault;exc_page_fault;do_user_addr_fault;handle_mm_fault;__handle_mm_fault;wp_page_copy;__mem_cgroup_charge;charge_memcg;__count_memcg_events
     0.58%     0.00%  c2d      c2d                   [.] conjoin_relevant_lits
0.29% conjoin_relevant_lits;get_and_node;asm_exc_page_fault
0.29% conjoin_relevant_lits;get_and_node;asm_exc_page_fault;exc_page_fault;do_user_addr_fault;handle_mm_fault;__handle_mm_fault;wp_page_copy;__mem_cgroup_charge;charge_memcg;__count_memcg_events
     0.58%     0.00%  c2d      [kernel.kallsyms]     [k] __mem_cgroup_charge
0.29% __mem_cgroup_charge;charge_memcg;__count_memcg_events
0.29% __mem_cgroup_charge;get_mem_cgroup_from_mm
     0.58%     0.00%  c2d      [kernel.kallsyms]     [k] wp_page_copy
0.29% wp_page_copy;__mem_cgroup_charge;charge_memcg;__count_memcg_events
0.29% wp_page_copy;vma_alloc_folio;__folio_alloc;__alloc_pages;get_page_from_freelist;__list_del_entry_valid
     0.57%     0.00%  c2d      ld-linux-x86-64.so.2  [.] 0x00007f97842d3a58
0.29% 0x7f97842d3a58;0x7f97842d322f;0x7f9783dc5b94
0.29% 0x7f97842d3a58;0x7f97842d322f;0x7f97842d6c99;0x7f97842c735a
     0.57%     0.00%  c2d      ld-linux-x86-64.so.2  [.] 0x00007f97842d322f
0.29% 0x7f97842d322f;0x7f9783dc5b94
0.29% 0x7f97842d322f;0x7f97842d6c99;0x7f97842c735a
     0.56%     0.00%  c2d      [unknown]             [.] 0x00007f978407a758
0.28% 0x7f978407a758;0x7f97842c294a
0.28% 0x7f978407a758;0x7f97842c2960
     0.54%     0.00%  c2d      [kernel.kallsyms]     [k] __do_sys_newfstatat
0.29% __do_sys_newfstatat;vfs_fstatat;putname
0.25% __do_sys_newfstatat;vfs_fstatat;vfs_statx;ext4_file_getattr;ext4_getattr
     0.54%     0.00%  c2d      [kernel.kallsyms]     [k] vfs_fstatat
0.29% vfs_fstatat;putname
0.25% vfs_fstatat;vfs_statx;ext4_file_getattr;ext4_getattr
     0.53%     0.00%  c2d      [unknown]             [k] 0x00007f97842ec8a8
0.27% 0x7f97842ec8a8;0x7f97842c1075;0x7f97842d9ae3;entry_SYSCALL_64_after_hwframe;do_syscall_64;ksys_mmap_pgoff;vm_mmap_pgoff;do_mmap;mmap_region;do_mas_munmap;do_mas_align_munmap;__split_vma;__vma_adjust;vma_interval_tree_remove
0.26% 0x7f97842ec8a8;0x7f97842c1075;0x7f97842d9ae3;entry_SYSCALL_64_after_hwframe;do_syscall_64;ksys_mmap_pgoff;vm_mmap_pgoff;do_mmap;mmap_region;do_mas_munmap;do_mas_align_munmap;mas_preallocate;mas_alloc_nodes;kmem_cache_alloc;memcg_slab_post_alloc_hook
     0.53%     0.00%  c2d      ld-linux-x86-64.so.2  [.] 0x00007f97842c1075
0.27% 0x7f97842c1075;0x7f97842d9ae3;entry_SYSCALL_64_after_hwframe;do_syscall_64;ksys_mmap_pgoff;vm_mmap_pgoff;do_mmap;mmap_region;do_mas_munmap;do_mas_align_munmap;__split_vma;__vma_adjust;vma_interval_tree_remove
0.26% 0x7f97842c1075;0x7f97842d9ae3;entry_SYSCALL_64_after_hwframe;do_syscall_64;ksys_mmap_pgoff;vm_mmap_pgoff;do_mmap;mmap_region;do_mas_munmap;do_mas_align_munmap;mas_preallocate;mas_alloc_nodes;kmem_cache_alloc;memcg_slab_post_alloc_hook
     0.53%     0.00%  c2d      ld-linux-x86-64.so.2  [.] 0x00007f97842d9ae3
0.27% 0x7f97842d9ae3;entry_SYSCALL_64_after_hwframe;do_syscall_64;ksys_mmap_pgoff;vm_mmap_pgoff;do_mmap;mmap_region;do_mas_munmap;do_mas_align_munmap;__split_vma;__vma_adjust;vma_interval_tree_remove
0.26% 0x7f97842d9ae3;entry_SYSCALL_64_after_hwframe;do_syscall_64;ksys_mmap_pgoff;vm_mmap_pgoff;do_mmap;mmap_region;do_mas_munmap;do_mas_align_munmap;mas_preallocate;mas_alloc_nodes;kmem_cache_alloc;memcg_slab_post_alloc_hook
     0.53%     0.00%  c2d      [kernel.kallsyms]     [k] ksys_mmap_pgoff
0.27% ksys_mmap_pgoff;vm_mmap_pgoff;do_mmap;mmap_region;do_mas_munmap;do_mas_align_munmap;__split_vma;__vma_adjust;vma_interval_tree_remove
0.26% ksys_mmap_pgoff;vm_mmap_pgoff;do_mmap;mmap_region;do_mas_munmap;do_mas_align_munmap;mas_preallocate;mas_alloc_nodes;kmem_cache_alloc;memcg_slab_post_alloc_hook
     0.53%     0.00%  c2d      [kernel.kallsyms]     [k] do_mas_munmap
0.27% do_mas_munmap;do_mas_align_munmap;__split_vma;__vma_adjust;vma_interval_tree_remove
0.26% do_mas_munmap;do_mas_align_munmap;mas_preallocate;mas_alloc_nodes;kmem_cache_alloc;memcg_slab_post_alloc_hook
     0.53%     0.00%  c2d      [kernel.kallsyms]     [k] do_mas_align_munmap
0.27% do_mas_align_munmap;__split_vma;__vma_adjust;vma_interval_tree_remove
0.26% do_mas_align_munmap;mas_preallocate;mas_alloc_nodes;kmem_cache_alloc;memcg_slab_post_alloc_hook
     0.31%     0.31%  c2d      [kernel.kallsyms]     [k] sync_regs
0.31% 0x7f9783d6724a;main;cnf2ddnnf_cmd_line;free_cache_manager;error_entry;sync_regs
     0.31%     0.00%  c2d      [kernel.kallsyms]     [k] error_entry
0.31% error_entry;sync_regs
     0.31%     0.31%  c2d      [kernel.kallsyms]     [k] up_read
0.31% 0x7f9783d6724a;main;cnf2ddnnf_cmd_line;free_cache_manager;asm_exc_page_fault;exc_page_fault;do_user_addr_fault;up_read
     0.31%     0.31%  c2d      [kernel.kallsyms]     [k] _raw_spin_trylock
0.31% 0x7f9783d6724a;main;cnf2ddnnf_cmd_line;free_cache_manager;asm_exc_page_fault;exc_page_fault;do_user_addr_fault;handle_mm_fault;__handle_mm_fault;do_huge_pmd_anonymous_page;pte_alloc_one;__alloc_pages;get_page_from_freelist;_raw_spin_trylock
     0.31%     0.31%  c2d      [kernel.kallsyms]     [k] _compound_head
0.31% entry_SYSCALL_64_after_hwframe;do_syscall_64;__x64_sys_exit_group;do_group_exit;do_exit;__mmput;exit_mmap;unmap_vmas;unmap_page_range;_compound_head
     0.31%     0.00%  c2d      [kernel.kallsyms]     [k] unmap_vmas
0.31% unmap_vmas;unmap_page_range;_compound_head
     0.31%     0.00%  c2d      [kernel.kallsyms]     [k] unmap_page_range
0.31% unmap_page_range;_compound_head
     0.31%     0.31%  c2d      libc.so.6             [.] cfree
0.31% 0x7f9783d6724a;main;cnf2ddnnf_cmd_line;free_dtree_manager;free_dtree;free_dtree;free_dtree;free_dtree;free_dtree;free_dtree;free_dtree;free_dtree;cfree
     0.31%     0.00%  c2d      c2d                   [.] free_dtree_manager
0.31% free_dtree_manager;free_dtree;free_dtree;free_dtree;free_dtree;free_dtree;free_dtree;free_dtree;free_dtree;cfree
     0.31%     0.00%  c2d      c2d                   [.] free_dtree
0.31% free_dtree;free_dtree;free_dtree;free_dtree;free_dtree;free_dtree;free_dtree;free_dtree;cfree
     0.31%     0.31%  c2d      [kernel.kallsyms]     [k] mod_objcg_state
0.31% entry_SYSCALL_64_after_hwframe;do_syscall_64;__x64_sys_exit_group;do_group_exit;do_exit;__mmput;exit_mmap;free_pgtables;unlink_anon_vmas;kmem_cache_free;mod_objcg_state
     0.31%     0.00%  c2d      [kernel.kallsyms]     [k] free_pgtables
0.31% free_pgtables;unlink_anon_vmas;kmem_cache_free;mod_objcg_state
     0.31%     0.00%  c2d      [kernel.kallsyms]     [k] unlink_anon_vmas
0.31% unlink_anon_vmas;kmem_cache_free;mod_objcg_state
     0.31%     0.00%  c2d      [kernel.kallsyms]     [k] kmem_cache_free
0.31% kmem_cache_free;mod_objcg_state
     0.30%     0.30%  c2d      [kernel.kallsyms]     [k] native_irq_return_iret
0.30% 0x7f9783d6724a;main;cnf2ddnnf_cmd_line;free_cache_manager
     0.30%     0.30%  c2d      libc.so.6             [.] 0x000000000005f0c7
0.30% 0x7f9783d6724a;main;cnf2ddnnf_cmd_line;load_hdtree_from_file;__isoc99_fscanf;0x7f9783d9f0ca
     0.30%     0.00%  c2d      c2d                   [.] load_hdtree_from_file
0.30% load_hdtree_from_file;__isoc99_fscanf;0x7f9783d9f0ca
     0.30%     0.00%  c2d      libc.so.6             [.] __isoc99_fscanf
0.30% __isoc99_fscanf;0x7f9783d9f0ca
     0.30%     0.00%  c2d      libc.so.6             [.] 0x00007f9783d9f0ca
0.30% 0x7f9783d9f0ca
     0.29%     0.29%  c2d      [kernel.kallsyms]     [k] putname
0.29% 0;fstatat64;entry_SYSCALL_64_after_hwframe;do_syscall_64;__do_sys_newfstatat;vfs_fstatat;putname
     0.29%     0.00%  c2d      libc.so.6             [.] fstatat64
0.29% fstatat64;entry_SYSCALL_64_after_hwframe;do_syscall_64;__do_sys_newfstatat;vfs_fstatat;putname
     0.29%     0.00%  c2d      c2d                   [.] conjoin_nnfs_lits
0.29% conjoin_nnfs_lits;conjoin_relevant_lits;get_and_node;asm_exc_page_fault
     0.29%     0.29%  c2d      [kernel.kallsyms]     [k] next_uptodate_page
0.29% 0x7f9783de9d36;asm_exc_page_fault;exc_page_fault;do_user_addr_fault;handle_mm_fault;__handle_mm_fault;do_fault;filemap_map_pages;next_uptodate_page
     0.29%     0.00%  c2d      libc.so.6             [.] 0x00007f9783de9d36
0.29% 0x7f9783de9d36;asm_exc_page_fault;exc_page_fault;do_user_addr_fault;handle_mm_fault;__handle_mm_fault;do_fault;filemap_map_pages;next_uptodate_page
     0.29%     0.00%  c2d      [kernel.kallsyms]     [k] do_fault
0.29% do_fault;filemap_map_pages;next_uptodate_page
     0.29%     0.00%  c2d      [kernel.kallsyms]     [k] filemap_map_pages
0.29% filemap_map_pages;next_uptodate_page
     0.29%     0.29%  c2d      [kernel.kallsyms]     [k] __count_memcg_events
0.29% 0x7f9783d6724a;main;cnf2ddnnf_cmd_line;compile_cnf;compile_dt;compile_dt;compile_decomposed;lookup_or_compile_dt;compile_decomposed;lookup_or_compile_dt;compile_dt;compile_dt;compile_decomposed;lookup_or_compile_dt;compile_decomposed;lookup_or_compile_dt;compile_decomposed;lookup_or_compile_dt;compile_decomposed;lookup_or_compile_dt;compile_decomposed;lookup_or_compile_dt;compile_decomposed;lookup_or_compile_dt;compile_decomposed;lookup_or_compile_dt;compile_dt;compile_dt;compile_decomposed;conjoin_relevant_lits;get_and_node;asm_exc_page_fault;exc_page_fault;do_user_addr_fault;handle_mm_fault;__handle_mm_fault;wp_page_copy;__mem_cgroup_charge;charge_memcg;__count_memcg_events
     0.29%     0.00%  c2d      [kernel.kallsyms]     [k] charge_memcg
0.29% charge_memcg;__count_memcg_events
     0.29%     0.29%  c2d      [kernel.kallsyms]     [k] get_mem_cgroup_from_mm
0.29% 0;0x7f9783dd80d9;asm_exc_page_fault;exc_page_fault;do_user_addr_fault;handle_mm_fault;__handle_mm_fault;__mem_cgroup_charge;get_mem_cgroup_from_mm
     0.29%     0.00%  c2d      libc.so.6             [.] 0x00007f9783dd80d9
0.29% 0x7f9783dd80d9;asm_exc_page_fault;exc_page_fault;do_user_addr_fault;handle_mm_fault;__handle_mm_fault;__mem_cgroup_charge;get_mem_cgroup_from_mm
     0.29%     0.29%  c2d      libc.so.6             [.] 0x0000000000085b8e
0.29% 0x7f97842d3a58;0x7f97842d322f;0x7f9783dc5b94
     0.29%     0.00%  c2d      libc.so.6             [.] 0x00007f9783dc5b94
0.29% 0x7f9783dc5b94
     0.29%     0.00%  c2d      ld-linux-x86-64.so.2  [.] 0x00007f97842c27c6
0.29% 0x7f97842c27c6;asm_exc_page_fault;exc_page_fault;do_user_addr_fault;handle_mm_fault;__handle_mm_fault;wp_page_copy;vma_alloc_folio;__folio_alloc;__alloc_pages;get_page_from_freelist;__list_del_entry_valid
     0.29%     0.00%  c2d      [kernel.kallsyms]     [k] vma_alloc_folio
0.29% vma_alloc_folio;__folio_alloc;__alloc_pages;get_page_from_freelist;__list_del_entry_valid
     0.29%     0.00%  c2d      [kernel.kallsyms]     [k] __folio_alloc
0.29% __folio_alloc;__alloc_pages;get_page_from_freelist;__list_del_entry_valid
     0.29%     0.29%  c2d      ld-linux-x86-64.so.2  [.] 0x000000000000e354
0.29% 0x7f97842d3a58;0x7f97842d322f;0x7f97842d6c99;0x7f97842c735a
     0.29%     0.00%  c2d      ld-linux-x86-64.so.2  [.] 0x00007f97842d6c99
0.29% 0x7f97842d6c99;0x7f97842c735a
     0.29%     0.00%  c2d      ld-linux-x86-64.so.2  [.] 0x00007f97842c735a
0.29% 0x7f97842c735a
     0.28%     0.28%  c2d      ld-linux-x86-64.so.2  [.] 0x0000000000009947
0.28% 0x19cff0;0x7f978407a758;0x7f97842c294a
     0.28%     0.00%  c2d      [unknown]             [.] 0x000000000019cff0
0.28% 0x19cff0;0x7f978407a758;0x7f97842c294a
     0.28%     0.00%  c2d      ld-linux-x86-64.so.2  [.] 0x00007f97842c294a
0.28% 0x7f97842c294a
     0.28%     0.28%  c2d      ld-linux-x86-64.so.2  [.] 0x0000000000009986
0.28% 0xa9e70;0x7f978407a758;0x7f97842c2960
     0.28%     0.00%  c2d      [unknown]             [.] 0x00000000000a9e70
0.28% 0xa9e70;0x7f978407a758;0x7f97842c2960
     0.28%     0.00%  c2d      ld-linux-x86-64.so.2  [.] 0x00007f97842c2960
0.28% 0x7f97842c2960
     0.27%     0.27%  c2d      ld-linux-x86-64.so.2  [.] 0x0000000000008de4
0.27% 0x7f97842c1de7
     0.27%     0.00%  c2d      ld-linux-x86-64.so.2  [.] 0x00007f97842c1de7
0.27% 0x7f97842c1de7
     0.27%     0.27%  c2d      [kernel.kallsyms]     [k] vma_interval_tree_remove
0.27% 0x7f97842ec8a8;0x7f97842c1075;0x7f97842d9ae3;entry_SYSCALL_64_after_hwframe;do_syscall_64;ksys_mmap_pgoff;vm_mmap_pgoff;do_mmap;mmap_region;do_mas_munmap;do_mas_align_munmap;__split_vma;__vma_adjust;vma_interval_tree_remove
     0.27%     0.00%  c2d      [kernel.kallsyms]     [k] __split_vma
0.27% __split_vma;__vma_adjust;vma_interval_tree_remove
     0.27%     0.00%  c2d      [kernel.kallsyms]     [k] __vma_adjust
0.27% __vma_adjust;vma_interval_tree_remove
     0.26%     0.26%  c2d      [kernel.kallsyms]     [k] kmem_cache_alloc
0.26% 0x7f97842ec8a8;0x7f97842c1075;0x7f97842d9ae3;entry_SYSCALL_64_after_hwframe;do_syscall_64;ksys_mmap_pgoff;vm_mmap_pgoff;do_mmap;mmap_region;do_mas_munmap;do_mas_align_munmap;mas_preallocate;mas_alloc_nodes;kmem_cache_alloc;memcg_slab_post_alloc_hook
     0.26%     0.00%  c2d      [kernel.kallsyms]     [k] mas_preallocate
0.26% mas_preallocate;mas_alloc_nodes;kmem_cache_alloc;memcg_slab_post_alloc_hook
     0.26%     0.00%  c2d      [kernel.kallsyms]     [k] mas_alloc_nodes
0.26% mas_alloc_nodes;kmem_cache_alloc;memcg_slab_post_alloc_hook
     0.26%     0.00%  c2d      [kernel.kallsyms]     [k] memcg_slab_post_alloc_hook
0.26% memcg_slab_post_alloc_hook
     0.25%     0.25%  c2d      [ext4]                [k] ext4_getattr
0.25% 0;0x7f97842d976a;entry_SYSCALL_64_after_hwframe;do_syscall_64;__do_sys_newfstatat;vfs_fstatat;vfs_statx;ext4_file_getattr;ext4_getattr
     0.25%     0.00%  c2d      ld-linux-x86-64.so.2  [.] 0x00007f97842d976a
0.25% 0x7f97842d976a;entry_SYSCALL_64_after_hwframe;do_syscall_64;__do_sys_newfstatat;vfs_fstatat;vfs_statx;ext4_file_getattr;ext4_getattr
     0.25%     0.00%  c2d      [kernel.kallsyms]     [k] vfs_statx
0.25% vfs_statx;ext4_file_getattr;ext4_getattr
     0.25%     0.00%  c2d      [ext4]                [k] ext4_file_getattr
0.25% ext4_file_getattr;ext4_getattr
     0.23%     0.00%  c2d      [unknown]             [k] 0x00007fbb69af3a97
0.16% 0x7fbb69af3a97;entry_SYSCALL_64_after_hwframe;do_syscall_64;__x64_sys_execve;do_execveat_common.isra.0;bprm_execve;load_elf_binary;elf_map;vm_mmap_pgoff;do_mmap;mmap_region;mas_store_prealloc;mas_wr_modify;mas_wr_node_store;mas_replace
0.06% 0x7fbb69af3a97;entry_SYSCALL_64_after_hwframe;do_syscall_64;__x64_sys_execve;do_execveat_common.isra.0;bprm_execve;load_elf_binary;begin_new_exec;security_bprm_committed_creds;apparmor_bprm_committed_creds
     0.23%     0.00%  c2d      [kernel.kallsyms]     [k] __x64_sys_execve
0.16% __x64_sys_execve;do_execveat_common.isra.0;bprm_execve;load_elf_binary;elf_map;vm_mmap_pgoff;do_mmap;mmap_region;mas_store_prealloc;mas_wr_modify;mas_wr_node_store;mas_replace
0.06% __x64_sys_execve;do_execveat_common.isra.0;bprm_execve;load_elf_binary;begin_new_exec;security_bprm_committed_creds;apparmor_bprm_committed_creds
     0.23%     0.00%  c2d      [kernel.kallsyms]     [k] do_execveat_common.isra.0
0.16% do_execveat_common.isra.0;bprm_execve;load_elf_binary;elf_map;vm_mmap_pgoff;do_mmap;mmap_region;mas_store_prealloc;mas_wr_modify;mas_wr_node_store;mas_replace
0.06% do_execveat_common.isra.0;bprm_execve;load_elf_binary;begin_new_exec;security_bprm_committed_creds;apparmor_bprm_committed_creds
     0.23%     0.00%  c2d      [kernel.kallsyms]     [k] bprm_execve
0.16% bprm_execve;load_elf_binary;elf_map;vm_mmap_pgoff;do_mmap;mmap_region;mas_store_prealloc;mas_wr_modify;mas_wr_node_store;mas_replace
0.06% bprm_execve;load_elf_binary;begin_new_exec;security_bprm_committed_creds;apparmor_bprm_committed_creds
     0.23%     0.00%  c2d      [kernel.kallsyms]     [k] load_elf_binary
0.16% load_elf_binary;elf_map;vm_mmap_pgoff;do_mmap;mmap_region;mas_store_prealloc;mas_wr_modify;mas_wr_node_store;mas_replace
0.06% load_elf_binary;begin_new_exec;security_bprm_committed_creds;apparmor_bprm_committed_creds
     0.23%     0.23%  c2d      [kernel.kallsyms]     [k] ____fput
0.23% 0x7f97842d3a50;entry_SYSCALL_64_after_hwframe;do_syscall_64;syscall_exit_to_user_mode;exit_to_user_mode_prepare;task_work_run;____fput
     0.23%     0.00%  c2d      ld-linux-x86-64.so.2  [.] 0x00007f97842d3a50
0.23% 0x7f97842d3a50;entry_SYSCALL_64_after_hwframe;do_syscall_64;syscall_exit_to_user_mode;exit_to_user_mode_prepare;task_work_run;____fput
     0.23%     0.00%  c2d      [kernel.kallsyms]     [k] syscall_exit_to_user_mode
0.23% syscall_exit_to_user_mode;exit_to_user_mode_prepare;task_work_run;____fput
     0.23%     0.00%  c2d      [kernel.kallsyms]     [k] exit_to_user_mode_prepare
0.23% exit_to_user_mode_prepare;task_work_run;____fput
     0.23%     0.00%  c2d      [kernel.kallsyms]     [k] task_work_run
0.23% task_work_run;____fput
     0.16%     0.16%  c2d      [kernel.kallsyms]     [k] mas_replace
0.16% 0x7fbb69af3a97;entry_SYSCALL_64_after_hwframe;do_syscall_64;__x64_sys_execve;do_execveat_common.isra.0;bprm_execve;load_elf_binary;elf_map;vm_mmap_pgoff;do_mmap;mmap_region;mas_store_prealloc;mas_wr_modify;mas_wr_node_store;mas_replace
     0.16%     0.00%  c2d      [kernel.kallsyms]     [k] elf_map
0.16% elf_map;vm_mmap_pgoff;do_mmap;mmap_region;mas_store_prealloc;mas_wr_modify;mas_wr_node_store;mas_replace
     0.16%     0.00%  c2d      [kernel.kallsyms]     [k] mas_store_prealloc
0.16% mas_store_prealloc;mas_wr_modify;mas_wr_node_store;mas_replace
     0.16%     0.00%  c2d      [kernel.kallsyms]     [k] mas_wr_modify
0.16% mas_wr_modify;mas_wr_node_store;mas_replace
     0.16%     0.00%  c2d      [kernel.kallsyms]     [k] mas_wr_node_store
0.16% mas_wr_node_store;mas_replace
     0.06%     0.06%  c2d      [kernel.kallsyms]     [k] apparmor_bprm_committed_creds
0.06% 0x7fbb69af3a97;entry_SYSCALL_64_after_hwframe;do_syscall_64;__x64_sys_execve;do_execveat_common.isra.0;bprm_execve;load_elf_binary;begin_new_exec;security_bprm_committed_creds;apparmor_bprm_committed_creds
     0.06%     0.00%  c2d      [kernel.kallsyms]     [k] begin_new_exec
0.06% begin_new_exec;security_bprm_committed_creds;apparmor_bprm_committed_creds
     0.06%     0.00%  c2d      [kernel.kallsyms]     [k] security_bprm_committed_creds
0.06% security_bprm_committed_creds;apparmor_bprm_committed_creds
     0.02%     0.00%  perf-ex  [unknown]             [k] 0x00007fbb69af3a97
0.02% 0x7fbb69af3a97;entry_SYSCALL_64_after_hwframe;do_syscall_64;__x64_sys_execve;do_execveat_common.isra.0;bprm_execve;load_elf_binary;begin_new_exec;perf_event_exec;mutex_lock;__cond_resched
     0.02%     0.00%  perf-ex  [kernel.kallsyms]     [k] entry_SYSCALL_64_after_hwframe
0.02% entry_SYSCALL_64_after_hwframe;do_syscall_64;__x64_sys_execve;do_execveat_common.isra.0;bprm_execve;load_elf_binary;begin_new_exec;perf_event_exec;mutex_lock;__cond_resched
     0.02%     0.00%  perf-ex  [kernel.kallsyms]     [k] do_syscall_64
0.02% do_syscall_64;__x64_sys_execve;do_execveat_common.isra.0;bprm_execve;load_elf_binary;begin_new_exec;perf_event_exec;mutex_lock;__cond_resched
     0.02%     0.00%  perf-ex  [kernel.kallsyms]     [k] __x64_sys_execve
0.02% __x64_sys_execve;do_execveat_common.isra.0;bprm_execve;load_elf_binary;begin_new_exec;perf_event_exec;mutex_lock;__cond_resched
     0.02%     0.00%  perf-ex  [kernel.kallsyms]     [k] do_execveat_common.isra.0
0.02% do_execveat_common.isra.0;bprm_execve;load_elf_binary;begin_new_exec;perf_event_exec;mutex_lock;__cond_resched
     0.02%     0.00%  perf-ex  [kernel.kallsyms]     [k] bprm_execve
0.02% bprm_execve;load_elf_binary;begin_new_exec;perf_event_exec;mutex_lock;__cond_resched
     0.02%     0.00%  perf-ex  [kernel.kallsyms]     [k] load_elf_binary
0.02% load_elf_binary;begin_new_exec;perf_event_exec;mutex_lock;__cond_resched
     0.02%     0.00%  perf-ex  [kernel.kallsyms]     [k] begin_new_exec
0.02% begin_new_exec;perf_event_exec;mutex_lock;__cond_resched
     0.02%     0.00%  perf-ex  [kernel.kallsyms]     [k] perf_event_exec
0.02% perf_event_exec;mutex_lock;__cond_resched
     0.02%     0.02%  perf-ex  [kernel.kallsyms]     [k] __cond_resched
0.02% 0x7fbb69af3a97;entry_SYSCALL_64_after_hwframe;do_syscall_64;__x64_sys_execve;do_execveat_common.isra.0;bprm_execve;load_elf_binary;begin_new_exec;perf_event_exec;mutex_lock;__cond_resched
     0.02%     0.00%  perf-ex  [kernel.kallsyms]     [k] mutex_lock
0.02% mutex_lock;__cond_resched
     0.00%     0.00%  perf-ex  [kernel.kallsyms]     [k] native_write_msr
     0.00%     0.00%  perf-ex  [kernel.kallsyms]     [k] __intel_pmu_enable_all.constprop.0
     0.00%     0.00%  perf-ex  [kernel.kallsyms]     [k] native_flush_tlb_one_user
     0.00%     0.00%  perf-ex  [kernel.kallsyms]     [k] nmi_cpu_backtrace_handler


#
# (Tip: To record every process run by a user: perf record -u <user>)
#
