# To display the perf.data header info, please use --header/--header-only options.
#
#
# Total Lost Samples: 0
#
# Samples: 338  of event 'cycles'
# Event count (approx.): 234570371
#
# Children      Self  Command  Shared Object         Symbol                                                            
# ........  ........  .......  ....................  ..................................................................
#
    95.16%     0.00%  c2d      libc.so.6             [.] 0x00007f398f62624a
91.82% 0x7f398f62624a;main;cnf2ddnnf_cmd_line;free_cache_manager
0.31% 0x7f398f62624a;main;cnf2ddnnf_cmd_line;free_cache_manager;asm_exc_page_fault;exc_page_fault;do_user_addr_fault;handle_mm_fault;__handle_mm_fault;do_huge_pmd_anonymous_page;mm_get_huge_zero_page
0.31% 0x7f398f62624a;main;cnf2ddnnf_cmd_line;free_cache_manager;asm_exc_page_fault;exc_page_fault;do_user_addr_fault;lock_mm_and_find_vma;find_vma;mt_find
0.31% 0x7f398f62624a;main;cnf2ddnnf_cmd_line;free_cache_manager;asm_exc_page_fault;exc_page_fault;do_user_addr_fault;handle_mm_fault;count_memcg_events.constprop.0;__count_memcg_events
0.31% 0x7f398f62624a;main;cnf2ddnnf_cmd_line;free_cache_manager;asm_exc_page_fault;exc_page_fault;do_user_addr_fault;handle_mm_fault;__handle_mm_fault;do_huge_pmd_anonymous_page;pte_alloc_one;__alloc_pages;get_page_from_freelist;__list_del_entry_valid
0.31% 0x7f398f62624a;main;cnf2ddnnf_cmd_line;free_cache_manager;asm_exc_page_fault;exc_page_fault;do_user_addr_fault;handle_mm_fault;__handle_mm_fault;do_huge_pmd_anonymous_page;pte_alloc_one;__alloc_pages;__memcg_kmem_charge_page;memcg_account_kmem
0.31% 0x7f398f62624a;main;cnf2ddnnf_cmd_line;free_cache_manager;asm_exc_page_fault;exc_page_fault;do_user_addr_fault;handle_mm_fault;__handle_mm_fault;do_huge_pmd_anonymous_page
0.31% 0x7f398f62624a;main;cnf2ddnnf_cmd_line;free_cache_manager;asm_exc_page_fault;exc_page_fault;do_user_addr_fault;handle_mm_fault
0.30% 0x7f398f62624a;main;cnf2ddnnf_cmd_line;free_cache_manager;asm_sysvec_apic_timer_interrupt;sysvec_apic_timer_interrupt;__irq_exit_rcu;handle_softirqs;rcu_core;note_gp_changes;__note_gp_changes;rcu_accelerate_cbs;rcu_segcblist_accelerate
0.30% 0x7f398f62624a;main;cnf2ddnnf_cmd_line;compile_cnf;compile_dt;compile_dt;compile_decomposed;lookup_or_compile_dt;compile_dt;compile_dt;compile_decomposed;lookup_or_compile_dt;compile_decomposed;lookup_or_compile_dt;compile_decomposed;lookup_or_compile_dt;insert_cnf_cache;add_cache_entry;asm_exc_page_fault;exc_page_fault;do_user_addr_fault;handle_mm_fault;__handle_mm_fault;do_huge_pmd_wp_page;__split_huge_pmd;native_set_pte
0.29% 0x7f398f62624a;main;cnf2ddnnf_cmd_line;compile_cnf;compile_dt;compile_dt;compile_decomposed;lookup_or_compile_dt;compile_dt;compile_dt;compile_decomposed;lookup_or_compile_dt;compile_decomposed;lookup_or_compile_dt;compile_decomposed;lookup_or_compile_dt;compile_dt;compile_dt;compile_decomposed;lookup_or_compile_dt;compile_decomposed;lookup_or_compile_dt;compile_decomposed;lookup_or_compile_dt;compile_dt;compile_dt;compile_decomposed;lookup_or_compile_dt;compile_decomposed;lookup_or_compile_dt;compile_decomposed;lookup_or_compile_dt;compile_dt;compile_dt;compile_decomposed;lookup_or_compile_dt;compile_decomposed;lookup_or_compile_dt;compile_decomposed;lookup_or_compile_dt;compile_dt;disjoin_nnfs;disjoin_nnfs_i;get_or_node;asm_exc_page_fault
0.29% 0x7f398f62624a;main;cnf2ddnnf_cmd_line;construct_dtree_manager;initialize_decompose_except_vars;initialize_decompose_except_vars;initialize_decompose_except_vars;initialize_decompose_except_vars;initialize_decompose_except_vars;initialize_decompose_except_vars;initialize_decompose_except_vars;initialize_decompose_except_vars;initialize_decompose_except_vars;initialize_decompose_except_vars;initialize_decompose_except_vars;initialize_decompose_except_vars;initialize_decompose_except_vars
    95.16%     0.00%  c2d      c2d                   [.] main
91.82% main;cnf2ddnnf_cmd_line;free_cache_manager
0.31% main;cnf2ddnnf_cmd_line;free_cache_manager;asm_exc_page_fault;exc_page_fault;do_user_addr_fault;handle_mm_fault;__handle_mm_fault;do_huge_pmd_anonymous_page;mm_get_huge_zero_page
0.31% main;cnf2ddnnf_cmd_line;free_cache_manager;asm_exc_page_fault;exc_page_fault;do_user_addr_fault;lock_mm_and_find_vma;find_vma;mt_find
0.31% main;cnf2ddnnf_cmd_line;free_cache_manager;asm_exc_page_fault;exc_page_fault;do_user_addr_fault;handle_mm_fault;count_memcg_events.constprop.0;__count_memcg_events
0.31% main;cnf2ddnnf_cmd_line;free_cache_manager;asm_exc_page_fault;exc_page_fault;do_user_addr_fault;handle_mm_fault;__handle_mm_fault;do_huge_pmd_anonymous_page;pte_alloc_one;__alloc_pages;get_page_from_freelist;__list_del_entry_valid
0.31% main;cnf2ddnnf_cmd_line;free_cache_manager;asm_exc_page_fault;exc_page_fault;do_user_addr_fault;handle_mm_fault;__handle_mm_fault;do_huge_pmd_anonymous_page;pte_alloc_one;__alloc_pages;__memcg_kmem_charge_page;memcg_account_kmem
0.31% main;cnf2ddnnf_cmd_line;free_cache_manager;asm_exc_page_fault;exc_page_fault;do_user_addr_fault;handle_mm_fault;__handle_mm_fault;do_huge_pmd_anonymous_page
0.31% main;cnf2ddnnf_cmd_line;free_cache_manager;asm_exc_page_fault;exc_page_fault;do_user_addr_fault;handle_mm_fault
0.30% main;cnf2ddnnf_cmd_line;free_cache_manager;asm_sysvec_apic_timer_interrupt;sysvec_apic_timer_interrupt;__irq_exit_rcu;handle_softirqs;rcu_core;note_gp_changes;__note_gp_changes;rcu_accelerate_cbs;rcu_segcblist_accelerate
0.30% main;cnf2ddnnf_cmd_line;compile_cnf;compile_dt;compile_dt;compile_decomposed;lookup_or_compile_dt;compile_dt;compile_dt;compile_decomposed;lookup_or_compile_dt;compile_decomposed;lookup_or_compile_dt;compile_decomposed;lookup_or_compile_dt;insert_cnf_cache;add_cache_entry;asm_exc_page_fault;exc_page_fault;do_user_addr_fault;handle_mm_fault;__handle_mm_fault;do_huge_pmd_wp_page;__split_huge_pmd;native_set_pte
0.29% main;cnf2ddnnf_cmd_line;compile_cnf;compile_dt;compile_dt;compile_decomposed;lookup_or_compile_dt;compile_dt;compile_dt;compile_decomposed;lookup_or_compile_dt;compile_decomposed;lookup_or_compile_dt;compile_decomposed;lookup_or_compile_dt;compile_dt;compile_dt;compile_decomposed;lookup_or_compile_dt;compile_decomposed;lookup_or_compile_dt;compile_decomposed;lookup_or_compile_dt;compile_dt;compile_dt;compile_decomposed;lookup_or_compile_dt;compile_decomposed;lookup_or_compile_dt;compile_decomposed;lookup_or_compile_dt;compile_dt;compile_dt;compile_decomposed;lookup_or_compile_dt;compile_decomposed;lookup_or_compile_dt;compile_decomposed;lookup_or_compile_dt;compile_dt;disjoin_nnfs;disjoin_nnfs_i;get_or_node;asm_exc_page_fault
0.29% main;cnf2ddnnf_cmd_line;construct_dtree_manager;initialize_decompose_except_vars;initialize_decompose_except_vars;initialize_decompose_except_vars;initialize_decompose_except_vars;initialize_decompose_except_vars;initialize_decompose_except_vars;initialize_decompose_except_vars;initialize_decompose_except_vars;initialize_decompose_except_vars;initialize_decompose_except_vars;initialize_decompose_except_vars;initialize_decompose_except_vars;initialize_decompose_except_vars
    95.16%     0.00%  c2d      c2d                   [.] cnf2ddnnf_cmd_line
91.82% cnf2ddnnf_cmd_line;free_cache_manager
0.31% cnf2ddnnf_cmd_line;free_cache_manager;asm_exc_page_fault;exc_page_fault;do_user_addr_fault;handle_mm_fault;__handle_mm_fault;do_huge_pmd_anonymous_page;mm_get_huge_zero_page
0.31% cnf2ddnnf_cmd_line;free_cache_manager;asm_exc_page_fault;exc_page_fault;do_user_addr_fault;lock_mm_and_find_vma;find_vma;mt_find
0.31% cnf2ddnnf_cmd_line;free_cache_manager;asm_exc_page_fault;exc_page_fault;do_user_addr_fault;handle_mm_fault;count_memcg_events.constprop.0;__count_memcg_events
0.31% cnf2ddnnf_cmd_line;free_cache_manager;asm_exc_page_fault;exc_page_fault;do_user_addr_fault;handle_mm_fault;__handle_mm_fault;do_huge_pmd_anonymous_page;pte_alloc_one;__alloc_pages;get_page_from_freelist;__list_del_entry_valid
0.31% cnf2ddnnf_cmd_line;free_cache_manager;asm_exc_page_fault;exc_page_fault;do_user_addr_fault;handle_mm_fault;__handle_mm_fault;do_huge_pmd_anonymous_page;pte_alloc_one;__alloc_pages;__memcg_kmem_charge_page;memcg_account_kmem
0.31% cnf2ddnnf_cmd_line;free_cache_manager;asm_exc_page_fault;exc_page_fault;do_user_addr_fault;handle_mm_fault;__handle_mm_fault;do_huge_pmd_anonymous_page
0.31% cnf2ddnnf_cmd_line;free_cache_manager;asm_exc_page_fault;exc_page_fault;do_user_addr_fault;handle_mm_fault
0.30% cnf2ddnnf_cmd_line;free_cache_manager;asm_sysvec_apic_timer_interrupt;sysvec_apic_timer_interrupt;__irq_exit_rcu;handle_softirqs;rcu_core;note_gp_changes;__note_gp_changes;rcu_accelerate_cbs;rcu_segcblist_accelerate
0.30% cnf2ddnnf_cmd_line;compile_cnf;compile_dt;compile_dt;compile_decomposed;lookup_or_compile_dt;compile_dt;compile_dt;compile_decomposed;lookup_or_compile_dt;compile_decomposed;lookup_or_compile_dt;compile_decomposed;lookup_or_compile_dt;insert_cnf_cache;add_cache_entry;asm_exc_page_fault;exc_page_fault;do_user_addr_fault;handle_mm_fault;__handle_mm_fault;do_huge_pmd_wp_page;__split_huge_pmd;native_set_pte
0.29% cnf2ddnnf_cmd_line;compile_cnf;compile_dt;compile_dt;compile_decomposed;lookup_or_compile_dt;compile_dt;compile_dt;compile_decomposed;lookup_or_compile_dt;compile_decomposed;lookup_or_compile_dt;compile_decomposed;lookup_or_compile_dt;compile_dt;compile_dt;compile_decomposed;lookup_or_compile_dt;compile_decomposed;lookup_or_compile_dt;compile_decomposed;lookup_or_compile_dt;compile_dt;compile_dt;compile_decomposed;lookup_or_compile_dt;compile_decomposed;lookup_or_compile_dt;compile_decomposed;lookup_or_compile_dt;compile_dt;compile_dt;compile_decomposed;lookup_or_compile_dt;compile_decomposed;lookup_or_compile_dt;compile_decomposed;lookup_or_compile_dt;compile_dt;disjoin_nnfs;disjoin_nnfs_i;get_or_node;asm_exc_page_fault
0.29% cnf2ddnnf_cmd_line;construct_dtree_manager;initialize_decompose_except_vars;initialize_decompose_except_vars;initialize_decompose_except_vars;initialize_decompose_except_vars;initialize_decompose_except_vars;initialize_decompose_except_vars;initialize_decompose_except_vars;initialize_decompose_except_vars;initialize_decompose_except_vars;initialize_decompose_except_vars;initialize_decompose_except_vars;initialize_decompose_except_vars;initialize_decompose_except_vars
    94.27%    91.82%  c2d      c2d                   [.] free_cache_manager
91.82% 0x7f398f62624a;main;cnf2ddnnf_cmd_line;free_cache_manager
0.31% free_cache_manager;asm_exc_page_fault;exc_page_fault;do_user_addr_fault;handle_mm_fault;__handle_mm_fault;do_huge_pmd_anonymous_page;mm_get_huge_zero_page
0.31% free_cache_manager;asm_exc_page_fault;exc_page_fault;do_user_addr_fault;lock_mm_and_find_vma;find_vma;mt_find
0.31% free_cache_manager;asm_exc_page_fault;exc_page_fault;do_user_addr_fault;handle_mm_fault;count_memcg_events.constprop.0;__count_memcg_events
0.31% free_cache_manager;asm_exc_page_fault;exc_page_fault;do_user_addr_fault;handle_mm_fault;__handle_mm_fault;do_huge_pmd_anonymous_page;pte_alloc_one;__alloc_pages;get_page_from_freelist;__list_del_entry_valid
0.31% free_cache_manager;asm_exc_page_fault;exc_page_fault;do_user_addr_fault;handle_mm_fault;__handle_mm_fault;do_huge_pmd_anonymous_page;pte_alloc_one;__alloc_pages;__memcg_kmem_charge_page;memcg_account_kmem
0.31% free_cache_manager;asm_exc_page_fault;exc_page_fault;do_user_addr_fault;handle_mm_fault;__handle_mm_fault;do_huge_pmd_anonymous_page
0.31% free_cache_manager;asm_exc_page_fault;exc_page_fault;do_user_addr_fault;handle_mm_fault
0.30% free_cache_manager;asm_sysvec_apic_timer_interrupt;sysvec_apic_timer_interrupt;__irq_exit_rcu;handle_softirqs;rcu_core;note_gp_changes;__note_gp_changes;rcu_accelerate_cbs;rcu_segcblist_accelerate
     3.80%     0.00%  c2d      [kernel.kallsyms]     [k] asm_exc_page_fault
0.56% asm_exc_page_fault;exc_page_fault;do_user_addr_fault;lock_mm_and_find_vma;find_vma;mt_find
0.31% asm_exc_page_fault;exc_page_fault;do_user_addr_fault;handle_mm_fault;__handle_mm_fault;do_huge_pmd_anonymous_page;mm_get_huge_zero_page
0.31% asm_exc_page_fault;exc_page_fault;do_user_addr_fault;handle_mm_fault;count_memcg_events.constprop.0;__count_memcg_events
0.31% asm_exc_page_fault;exc_page_fault;do_user_addr_fault;handle_mm_fault;__handle_mm_fault;do_huge_pmd_anonymous_page;pte_alloc_one;__alloc_pages;get_page_from_freelist;__list_del_entry_valid
0.31% asm_exc_page_fault;exc_page_fault;do_user_addr_fault;handle_mm_fault;__handle_mm_fault;do_huge_pmd_anonymous_page;pte_alloc_one;__alloc_pages;__memcg_kmem_charge_page;memcg_account_kmem
0.31% asm_exc_page_fault;exc_page_fault;do_user_addr_fault;handle_mm_fault;__handle_mm_fault;do_huge_pmd_anonymous_page
0.31% asm_exc_page_fault;exc_page_fault;do_user_addr_fault;handle_mm_fault
0.30% asm_exc_page_fault;exc_page_fault;do_user_addr_fault;handle_mm_fault;__handle_mm_fault;do_huge_pmd_wp_page;__split_huge_pmd;native_set_pte
0.29% asm_exc_page_fault
0.28% asm_exc_page_fault;exc_page_fault;do_user_addr_fault;handle_mm_fault;__handle_mm_fault
0.28% asm_exc_page_fault;exc_page_fault;do_user_addr_fault;handle_mm_fault;__handle_mm_fault;do_fault;filemap_map_pages;xas_find;xas_load;xas_descend
0.24% asm_exc_page_fault;exc_page_fault;do_user_addr_fault;handle_mm_fault;__handle_mm_fault;do_fault;__do_fault;pte_alloc_one;__alloc_pages;get_page_from_freelist;clear_page_rep
     3.50%     0.00%  c2d      [kernel.kallsyms]     [k] exc_page_fault
0.56% exc_page_fault;do_user_addr_fault;lock_mm_and_find_vma;find_vma;mt_find
0.31% exc_page_fault;do_user_addr_fault;handle_mm_fault;__handle_mm_fault;do_huge_pmd_anonymous_page;mm_get_huge_zero_page
0.31% exc_page_fault;do_user_addr_fault;handle_mm_fault;count_memcg_events.constprop.0;__count_memcg_events
0.31% exc_page_fault;do_user_addr_fault;handle_mm_fault;__handle_mm_fault;do_huge_pmd_anonymous_page;pte_alloc_one;__alloc_pages;get_page_from_freelist;__list_del_entry_valid
0.31% exc_page_fault;do_user_addr_fault;handle_mm_fault;__handle_mm_fault;do_huge_pmd_anonymous_page;pte_alloc_one;__alloc_pages;__memcg_kmem_charge_page;memcg_account_kmem
0.31% exc_page_fault;do_user_addr_fault;handle_mm_fault;__handle_mm_fault;do_huge_pmd_anonymous_page
0.31% exc_page_fault;do_user_addr_fault;handle_mm_fault
0.30% exc_page_fault;do_user_addr_fault;handle_mm_fault;__handle_mm_fault;do_huge_pmd_wp_page;__split_huge_pmd;native_set_pte
0.28% exc_page_fault;do_user_addr_fault;handle_mm_fault;__handle_mm_fault
0.28% exc_page_fault;do_user_addr_fault;handle_mm_fault;__handle_mm_fault;do_fault;filemap_map_pages;xas_find;xas_load;xas_descend
0.24% exc_page_fault;do_user_addr_fault;handle_mm_fault;__handle_mm_fault;do_fault;__do_fault;pte_alloc_one;__alloc_pages;get_page_from_freelist;clear_page_rep
     3.50%     0.00%  c2d      [kernel.kallsyms]     [k] do_user_addr_fault
0.56% do_user_addr_fault;lock_mm_and_find_vma;find_vma;mt_find
0.31% do_user_addr_fault;handle_mm_fault;__handle_mm_fault;do_huge_pmd_anonymous_page;mm_get_huge_zero_page
0.31% do_user_addr_fault;handle_mm_fault;count_memcg_events.constprop.0;__count_memcg_events
0.31% do_user_addr_fault;handle_mm_fault;__handle_mm_fault;do_huge_pmd_anonymous_page;pte_alloc_one;__alloc_pages;get_page_from_freelist;__list_del_entry_valid
0.31% do_user_addr_fault;handle_mm_fault;__handle_mm_fault;do_huge_pmd_anonymous_page;pte_alloc_one;__alloc_pages;__memcg_kmem_charge_page;memcg_account_kmem
0.31% do_user_addr_fault;handle_mm_fault;__handle_mm_fault;do_huge_pmd_anonymous_page
0.31% do_user_addr_fault;handle_mm_fault
0.30% do_user_addr_fault;handle_mm_fault;__handle_mm_fault;do_huge_pmd_wp_page;__split_huge_pmd;native_set_pte
0.28% do_user_addr_fault;handle_mm_fault;__handle_mm_fault
0.28% do_user_addr_fault;handle_mm_fault;__handle_mm_fault;do_fault;filemap_map_pages;xas_find;xas_load;xas_descend
0.24% do_user_addr_fault;handle_mm_fault;__handle_mm_fault;do_fault;__do_fault;pte_alloc_one;__alloc_pages;get_page_from_freelist;clear_page_rep
     2.94%     0.31%  c2d      [kernel.kallsyms]     [k] handle_mm_fault
0.31% handle_mm_fault;__handle_mm_fault;do_huge_pmd_anonymous_page;mm_get_huge_zero_page
0.31% handle_mm_fault;count_memcg_events.constprop.0;__count_memcg_events
0.31% handle_mm_fault;__handle_mm_fault;do_huge_pmd_anonymous_page;pte_alloc_one;__alloc_pages;get_page_from_freelist;__list_del_entry_valid
0.31% handle_mm_fault;__handle_mm_fault;do_huge_pmd_anonymous_page;pte_alloc_one;__alloc_pages;__memcg_kmem_charge_page;memcg_account_kmem
0.31% handle_mm_fault;__handle_mm_fault;do_huge_pmd_anonymous_page
0.31% 0x7f398f62624a;main;cnf2ddnnf_cmd_line;free_cache_manager;asm_exc_page_fault;exc_page_fault;do_user_addr_fault;handle_mm_fault
0.30% handle_mm_fault;__handle_mm_fault;do_huge_pmd_wp_page;__split_huge_pmd;native_set_pte
0.28% handle_mm_fault;__handle_mm_fault
0.28% handle_mm_fault;__handle_mm_fault;do_fault;filemap_map_pages;xas_find;xas_load;xas_descend
0.24% handle_mm_fault;__handle_mm_fault;do_fault;__do_fault;pte_alloc_one;__alloc_pages;get_page_from_freelist;clear_page_rep
     2.39%     0.00%  c2d      [kernel.kallsyms]     [k] entry_SYSCALL_64_after_hwframe
0.31% entry_SYSCALL_64_after_hwframe;do_syscall_64;__x64_sys_munmap;__vm_munmap;do_mas_munmap;do_mas_align_munmap;unmap_region;unmap_vmas;unmap_page_range
0.30% entry_SYSCALL_64_after_hwframe;do_syscall_64;__x64_sys_exit_group;do_group_exit;do_exit;__mmput;exit_mmap;unmap_vmas;unmap_page_range
0.29% entry_SYSCALL_64_after_hwframe;do_syscall_64;ksys_write;vfs_write;xfs_file_buffered_write;xfs_file_write_checks;file_modified_flags;xfs_vn_update_time;xfs_trans_alloc
0.29% entry_SYSCALL_64_after_hwframe;do_syscall_64;__do_sys_newfstatat;vfs_fstatat;getname_flags.part.0
0.28% entry_SYSCALL_64_after_hwframe;do_syscall_64;__x64_sys_mprotect;do_mprotect_pkey;mprotect_fixup;__split_vma;__vma_adjust;mas_store_prealloc;mas_wr_modify;mas_wr_node_store;mas_node_count_gfp
0.25% entry_SYSCALL_64_after_hwframe;do_syscall_64;ksys_mmap_pgoff;vm_mmap_pgoff;do_mmap;mmap_region;mas_preallocate;mas_alloc_nodes
0.24% entry_SYSCALL_64_after_hwframe;do_syscall_64;__x64_sys_openat;do_sys_openat2;do_filp_open;path_openat;link_path_walk.part.0.constprop.0;step_into
0.23% entry_SYSCALL_64_after_hwframe;do_syscall_64;__x64_sys_execve;do_execveat_common.isra.0;bprm_execve;load_elf_binary;_get_random_bytes;crng_make_state;crng_fast_key_erasure;chacha_block_generic;chacha_permute
0.15% entry_SYSCALL_64_after_hwframe;do_syscall_64;__x64_sys_execve;do_execveat_common.isra.0;bprm_execve;load_elf_binary;elf_map;vm_mmap_pgoff;security_mmap_file
0.05% entry_SYSCALL_64_after_hwframe;do_syscall_64;__x64_sys_execve;do_execveat_common.isra.0;bprm_execve;load_elf_binary;begin_new_exec;flush_signal_handlers
     2.39%     0.00%  c2d      [kernel.kallsyms]     [k] do_syscall_64
0.31% do_syscall_64;__x64_sys_munmap;__vm_munmap;do_mas_munmap;do_mas_align_munmap;unmap_region;unmap_vmas;unmap_page_range
0.30% do_syscall_64;__x64_sys_exit_group;do_group_exit;do_exit;__mmput;exit_mmap;unmap_vmas;unmap_page_range
0.29% do_syscall_64;ksys_write;vfs_write;xfs_file_buffered_write;xfs_file_write_checks;file_modified_flags;xfs_vn_update_time;xfs_trans_alloc
0.29% do_syscall_64;__do_sys_newfstatat;vfs_fstatat;getname_flags.part.0
0.28% do_syscall_64;__x64_sys_mprotect;do_mprotect_pkey;mprotect_fixup;__split_vma;__vma_adjust;mas_store_prealloc;mas_wr_modify;mas_wr_node_store;mas_node_count_gfp
0.25% do_syscall_64;ksys_mmap_pgoff;vm_mmap_pgoff;do_mmap;mmap_region;mas_preallocate;mas_alloc_nodes
0.24% do_syscall_64;__x64_sys_openat;do_sys_openat2;do_filp_open;path_openat;link_path_walk.part.0.constprop.0;step_into
0.23% do_syscall_64;__x64_sys_execve;do_execveat_common.isra.0;bprm_execve;load_elf_binary;_get_random_bytes;crng_make_state;crng_fast_key_erasure;chacha_block_generic;chacha_permute
0.15% do_syscall_64;__x64_sys_execve;do_execveat_common.isra.0;bprm_execve;load_elf_binary;elf_map;vm_mmap_pgoff;security_mmap_file
0.05% do_syscall_64;__x64_sys_execve;do_execveat_common.isra.0;bprm_execve;load_elf_binary;begin_new_exec;flush_signal_handlers
     2.33%     0.28%  c2d      [kernel.kallsyms]     [k] __handle_mm_fault
0.31% __handle_mm_fault;do_huge_pmd_anonymous_page;mm_get_huge_zero_page
0.31% __handle_mm_fault;do_huge_pmd_anonymous_page;pte_alloc_one;__alloc_pages;get_page_from_freelist;__list_del_entry_valid
0.31% __handle_mm_fault;do_huge_pmd_anonymous_page;pte_alloc_one;__alloc_pages;__memcg_kmem_charge_page;memcg_account_kmem
0.31% __handle_mm_fault;do_huge_pmd_anonymous_page
0.30% __handle_mm_fault;do_huge_pmd_wp_page;__split_huge_pmd;native_set_pte
0.28% 0;0x7f398f6970d9;asm_exc_page_fault;exc_page_fault;do_user_addr_fault;handle_mm_fault;__handle_mm_fault
0.28% __handle_mm_fault;do_fault;filemap_map_pages;xas_find;xas_load;xas_descend
0.24% __handle_mm_fault;do_fault;__do_fault;pte_alloc_one;__alloc_pages;get_page_from_freelist;clear_page_rep
     1.59%     0.00%  c2d      ld-linux-x86-64.so.2  [.] 0x00007f398fb26a58
0.28% 0x7f398fb26a58;0x7f398fb2622f;0x7f398fb29c99;0x7f398fb2cb47;entry_SYSCALL_64_after_hwframe;do_syscall_64;__x64_sys_mprotect;do_mprotect_pkey;mprotect_fixup;__split_vma;__vma_adjust;mas_store_prealloc;mas_wr_modify;mas_wr_node_store;mas_node_count_gfp
0.28% 0x7f398fb26a58;0x7f398fb2622f;0x7f398fb29c99;0x7f398fb1a2d8;asm_exc_page_fault;exc_page_fault;do_user_addr_fault;handle_mm_fault;__handle_mm_fault;do_fault;filemap_map_pages;xas_find;xas_load;xas_descend
0.27% 0x7f398fb26a58;0x7f398fb2622f;0x7f398fb29c99;0x7f398fb1a436
0.26% 0x7f398fb26a58;0x7f398fb2622f;0x7f398fb29c99;0x7f398fb1a35a
0.26% 0x7f398fb26a58;0x7f398fb2622f;0x7f398fb29c99;0x7f398fb1a26c;asm_exc_page_fault;exc_page_fault;do_user_addr_fault;lock_mm_and_find_vma;find_vma;mt_find
0.25% 0x7f398fb26a58;0x7f398fb2622f;0x7f398fb29c99;0x7f398fb19d7f
     1.59%     0.00%  c2d      ld-linux-x86-64.so.2  [.] 0x00007f398fb2622f
0.28% 0x7f398fb2622f;0x7f398fb29c99;0x7f398fb2cb47;entry_SYSCALL_64_after_hwframe;do_syscall_64;__x64_sys_mprotect;do_mprotect_pkey;mprotect_fixup;__split_vma;__vma_adjust;mas_store_prealloc;mas_wr_modify;mas_wr_node_store;mas_node_count_gfp
0.28% 0x7f398fb2622f;0x7f398fb29c99;0x7f398fb1a2d8;asm_exc_page_fault;exc_page_fault;do_user_addr_fault;handle_mm_fault;__handle_mm_fault;do_fault;filemap_map_pages;xas_find;xas_load;xas_descend
0.27% 0x7f398fb2622f;0x7f398fb29c99;0x7f398fb1a436
0.26% 0x7f398fb2622f;0x7f398fb29c99;0x7f398fb1a35a
0.26% 0x7f398fb2622f;0x7f398fb29c99;0x7f398fb1a26c;asm_exc_page_fault;exc_page_fault;do_user_addr_fault;lock_mm_and_find_vma;find_vma;mt_find
0.25% 0x7f398fb2622f;0x7f398fb29c99;0x7f398fb19d7f
     1.59%     0.00%  c2d      ld-linux-x86-64.so.2  [.] 0x00007f398fb29c99
0.28% 0x7f398fb29c99;0x7f398fb2cb47;entry_SYSCALL_64_after_hwframe;do_syscall_64;__x64_sys_mprotect;do_mprotect_pkey;mprotect_fixup;__split_vma;__vma_adjust;mas_store_prealloc;mas_wr_modify;mas_wr_node_store;mas_node_count_gfp
0.28% 0x7f398fb29c99;0x7f398fb1a2d8;asm_exc_page_fault;exc_page_fault;do_user_addr_fault;handle_mm_fault;__handle_mm_fault;do_fault;filemap_map_pages;xas_find;xas_load;xas_descend
0.27% 0x7f398fb29c99;0x7f398fb1a436
0.26% 0x7f398fb29c99;0x7f398fb1a35a
0.26% 0x7f398fb29c99;0x7f398fb1a26c;asm_exc_page_fault;exc_page_fault;do_user_addr_fault;lock_mm_and_find_vma;find_vma;mt_find
0.25% 0x7f398fb29c99;0x7f398fb19d7f
     1.23%     0.31%  c2d      [kernel.kallsyms]     [k] do_huge_pmd_anonymous_page
0.31% do_huge_pmd_anonymous_page;mm_get_huge_zero_page
0.31% do_huge_pmd_anonymous_page;pte_alloc_one;__alloc_pages;get_page_from_freelist;__list_del_entry_valid
0.31% do_huge_pmd_anonymous_page;pte_alloc_one;__alloc_pages;__memcg_kmem_charge_page;memcg_account_kmem
0.31% 0x7f398f62624a;main;cnf2ddnnf_cmd_line;free_cache_manager;asm_exc_page_fault;exc_page_fault;do_user_addr_fault;handle_mm_fault;__handle_mm_fault;do_huge_pmd_anonymous_page
     0.86%     0.00%  c2d      [kernel.kallsyms]     [k] pte_alloc_one
0.31% pte_alloc_one;__alloc_pages;get_page_from_freelist;__list_del_entry_valid
0.31% pte_alloc_one;__alloc_pages;__memcg_kmem_charge_page;memcg_account_kmem
0.24% pte_alloc_one;__alloc_pages;get_page_from_freelist;clear_page_rep
     0.86%     0.00%  c2d      [kernel.kallsyms]     [k] __alloc_pages
0.31% __alloc_pages;get_page_from_freelist;__list_del_entry_valid
0.31% __alloc_pages;__memcg_kmem_charge_page;memcg_account_kmem
0.24% __alloc_pages;get_page_from_freelist;clear_page_rep
     0.82%     0.00%  c2d      [unknown]             [k] 0000000000000000
0.29% 0;fstatat64;entry_SYSCALL_64_after_hwframe;do_syscall_64;__do_sys_newfstatat;vfs_fstatat;getname_flags.part.0
0.28% 0;0x7f398f6970d9;asm_exc_page_fault;exc_page_fault;do_user_addr_fault;handle_mm_fault;__handle_mm_fault
0.25% 0;0x7f398fb2cae3;entry_SYSCALL_64_after_hwframe;do_syscall_64;ksys_mmap_pgoff;vm_mmap_pgoff;do_mmap;mmap_region;mas_preallocate;mas_alloc_nodes
     0.61%     0.61%  c2d      [kernel.kallsyms]     [k] unmap_page_range
0.31% __munmap;entry_SYSCALL_64_after_hwframe;do_syscall_64;__x64_sys_munmap;__vm_munmap;do_mas_munmap;do_mas_align_munmap;unmap_region;unmap_vmas;unmap_page_range
0.30% entry_SYSCALL_64_after_hwframe;do_syscall_64;__x64_sys_exit_group;do_group_exit;do_exit;__mmput;exit_mmap;unmap_vmas;unmap_page_range
     0.61%     0.00%  c2d      [kernel.kallsyms]     [k] unmap_vmas
0.61% unmap_vmas;unmap_page_range
     0.59%     0.00%  c2d      c2d                   [.] compile_cnf
0.30% compile_cnf;compile_dt;compile_dt;compile_decomposed;lookup_or_compile_dt;compile_dt;compile_dt;compile_decomposed;lookup_or_compile_dt;compile_decomposed;lookup_or_compile_dt;compile_decomposed;lookup_or_compile_dt;insert_cnf_cache;add_cache_entry;asm_exc_page_fault;exc_page_fault;do_user_addr_fault;handle_mm_fault;__handle_mm_fault;do_huge_pmd_wp_page;__split_huge_pmd;native_set_pte
0.29% compile_cnf;compile_dt;compile_dt;compile_decomposed;lookup_or_compile_dt;compile_dt;compile_dt;compile_decomposed;lookup_or_compile_dt;compile_decomposed;lookup_or_compile_dt;compile_decomposed;lookup_or_compile_dt;compile_dt;compile_dt;compile_decomposed;lookup_or_compile_dt;compile_decomposed;lookup_or_compile_dt;compile_decomposed;lookup_or_compile_dt;compile_dt;compile_dt;compile_decomposed;lookup_or_compile_dt;compile_decomposed;lookup_or_compile_dt;compile_decomposed;lookup_or_compile_dt;compile_dt;compile_dt;compile_decomposed;lookup_or_compile_dt;compile_decomposed;lookup_or_compile_dt;compile_decomposed;lookup_or_compile_dt;compile_dt;disjoin_nnfs;disjoin_nnfs_i;get_or_node;asm_exc_page_fault
     0.59%     0.00%  c2d      c2d                   [.] compile_dt
0.30% compile_dt;compile_dt;compile_decomposed;lookup_or_compile_dt;compile_dt;compile_dt;compile_decomposed;lookup_or_compile_dt;compile_decomposed;lookup_or_compile_dt;compile_decomposed;lookup_or_compile_dt;insert_cnf_cache;add_cache_entry;asm_exc_page_fault;exc_page_fault;do_user_addr_fault;handle_mm_fault;__handle_mm_fault;do_huge_pmd_wp_page;__split_huge_pmd;native_set_pte
0.29% compile_dt;compile_dt;compile_decomposed;lookup_or_compile_dt;compile_dt;compile_dt;compile_decomposed;lookup_or_compile_dt;compile_decomposed;lookup_or_compile_dt;compile_decomposed;lookup_or_compile_dt;compile_dt;compile_dt;compile_decomposed;lookup_or_compile_dt;compile_decomposed;lookup_or_compile_dt;compile_decomposed;lookup_or_compile_dt;compile_dt;compile_dt;compile_decomposed;lookup_or_compile_dt;compile_decomposed;lookup_or_compile_dt;compile_decomposed;lookup_or_compile_dt;compile_dt;compile_dt;compile_decomposed;lookup_or_compile_dt;compile_decomposed;lookup_or_compile_dt;compile_decomposed;lookup_or_compile_dt;compile_dt;disjoin_nnfs;disjoin_nnfs_i;get_or_node;asm_exc_page_fault
     0.59%     0.00%  c2d      c2d                   [.] compile_decomposed
0.30% compile_decomposed;lookup_or_compile_dt;compile_dt;compile_dt;compile_decomposed;lookup_or_compile_dt;compile_decomposed;lookup_or_compile_dt;compile_decomposed;lookup_or_compile_dt;insert_cnf_cache;add_cache_entry;asm_exc_page_fault;exc_page_fault;do_user_addr_fault;handle_mm_fault;__handle_mm_fault;do_huge_pmd_wp_page;__split_huge_pmd;native_set_pte
0.29% compile_decomposed;lookup_or_compile_dt;compile_dt;compile_dt;compile_decomposed;lookup_or_compile_dt;compile_decomposed;lookup_or_compile_dt;compile_decomposed;lookup_or_compile_dt;compile_dt;compile_dt;compile_decomposed;lookup_or_compile_dt;compile_decomposed;lookup_or_compile_dt;compile_decomposed;lookup_or_compile_dt;compile_dt;compile_dt;compile_decomposed;lookup_or_compile_dt;compile_decomposed;lookup_or_compile_dt;compile_decomposed;lookup_or_compile_dt;compile_dt;compile_dt;compile_decomposed;lookup_or_compile_dt;compile_decomposed;lookup_or_compile_dt;compile_decomposed;lookup_or_compile_dt;compile_dt;disjoin_nnfs;disjoin_nnfs_i;get_or_node;asm_exc_page_fault
     0.59%     0.00%  c2d      c2d                   [.] lookup_or_compile_dt
0.30% lookup_or_compile_dt;compile_dt;compile_dt;compile_decomposed;lookup_or_compile_dt;compile_decomposed;lookup_or_compile_dt;compile_decomposed;lookup_or_compile_dt;insert_cnf_cache;add_cache_entry;asm_exc_page_fault;exc_page_fault;do_user_addr_fault;handle_mm_fault;__handle_mm_fault;do_huge_pmd_wp_page;__split_huge_pmd;native_set_pte
0.29% lookup_or_compile_dt;compile_dt;compile_dt;compile_decomposed;lookup_or_compile_dt;compile_decomposed;lookup_or_compile_dt;compile_decomposed;lookup_or_compile_dt;compile_dt;compile_dt;compile_decomposed;lookup_or_compile_dt;compile_decomposed;lookup_or_compile_dt;compile_decomposed;lookup_or_compile_dt;compile_dt;compile_dt;compile_decomposed;lookup_or_compile_dt;compile_decomposed;lookup_or_compile_dt;compile_decomposed;lookup_or_compile_dt;compile_dt;compile_dt;compile_decomposed;lookup_or_compile_dt;compile_decomposed;lookup_or_compile_dt;compile_decomposed;lookup_or_compile_dt;compile_dt;disjoin_nnfs;disjoin_nnfs_i;get_or_node;asm_exc_page_fault
     0.56%     0.56%  c2d      [kernel.kallsyms]     [k] mt_find
0.31% 0x7f398f62624a;main;cnf2ddnnf_cmd_line;free_cache_manager;asm_exc_page_fault;exc_page_fault;do_user_addr_fault;lock_mm_and_find_vma;find_vma;mt_find
0.26% 0x7f398fb26a58;0x7f398fb2622f;0x7f398fb29c99;0x7f398fb1a26c;asm_exc_page_fault;exc_page_fault;do_user_addr_fault;lock_mm_and_find_vma;find_vma;mt_find
     0.56%     0.00%  c2d      [kernel.kallsyms]     [k] lock_mm_and_find_vma
0.56% lock_mm_and_find_vma;find_vma;mt_find
     0.56%     0.00%  c2d      [kernel.kallsyms]     [k] find_vma
0.56% find_vma;mt_find
     0.55%     0.00%  c2d      [kernel.kallsyms]     [k] get_page_from_freelist
0.31% get_page_from_freelist;__list_del_entry_valid
0.24% get_page_from_freelist;clear_page_rep
     0.52%     0.00%  c2d      [kernel.kallsyms]     [k] do_fault
0.28% do_fault;filemap_map_pages;xas_find;xas_load;xas_descend
0.24% do_fault;__do_fault;pte_alloc_one;__alloc_pages;get_page_from_freelist;clear_page_rep
     0.48%     0.00%  c2d      [unknown]             [k] 0x00007f398fb3f8a8
0.24% 0x7f398fb3f8a8;0x7f398fb14075;0x7f398fb2d772;asm_exc_page_fault;exc_page_fault;do_user_addr_fault;handle_mm_fault;__handle_mm_fault;do_fault;__do_fault;pte_alloc_one;__alloc_pages;get_page_from_freelist;clear_page_rep
0.24% 0x7f398fb3f8a8;0x7f398fb141da;0x7f398fb2c95d;entry_SYSCALL_64_after_hwframe;do_syscall_64;__x64_sys_openat;do_sys_openat2;do_filp_open;path_openat;link_path_walk.part.0.constprop.0;step_into
     0.44%     0.00%  c2d      [unknown]             [k] 0x00007fbd1e0f3a97
0.23% 0x7fbd1e0f3a97;entry_SYSCALL_64_after_hwframe;do_syscall_64;__x64_sys_execve;do_execveat_common.isra.0;bprm_execve;load_elf_binary;_get_random_bytes;crng_make_state;crng_fast_key_erasure;chacha_block_generic;chacha_permute
0.15% 0x7fbd1e0f3a97;entry_SYSCALL_64_after_hwframe;do_syscall_64;__x64_sys_execve;do_execveat_common.isra.0;bprm_execve;load_elf_binary;elf_map;vm_mmap_pgoff;security_mmap_file
0.05% 0x7fbd1e0f3a97;entry_SYSCALL_64_after_hwframe;do_syscall_64;__x64_sys_execve;do_execveat_common.isra.0;bprm_execve;load_elf_binary;begin_new_exec;flush_signal_handlers
     0.44%     0.00%  c2d      [kernel.kallsyms]     [k] __x64_sys_execve
0.23% __x64_sys_execve;do_execveat_common.isra.0;bprm_execve;load_elf_binary;_get_random_bytes;crng_make_state;crng_fast_key_erasure;chacha_block_generic;chacha_permute
0.15% __x64_sys_execve;do_execveat_common.isra.0;bprm_execve;load_elf_binary;elf_map;vm_mmap_pgoff;security_mmap_file
0.05% __x64_sys_execve;do_execveat_common.isra.0;bprm_execve;load_elf_binary;begin_new_exec;flush_signal_handlers
     0.44%     0.00%  c2d      [kernel.kallsyms]     [k] do_execveat_common.isra.0
0.23% do_execveat_common.isra.0;bprm_execve;load_elf_binary;_get_random_bytes;crng_make_state;crng_fast_key_erasure;chacha_block_generic;chacha_permute
0.15% do_execveat_common.isra.0;bprm_execve;load_elf_binary;elf_map;vm_mmap_pgoff;security_mmap_file
0.05% do_execveat_common.isra.0;bprm_execve;load_elf_binary;begin_new_exec;flush_signal_handlers
     0.44%     0.00%  c2d      [kernel.kallsyms]     [k] bprm_execve
0.23% bprm_execve;load_elf_binary;_get_random_bytes;crng_make_state;crng_fast_key_erasure;chacha_block_generic;chacha_permute
0.15% bprm_execve;load_elf_binary;elf_map;vm_mmap_pgoff;security_mmap_file
0.05% bprm_execve;load_elf_binary;begin_new_exec;flush_signal_handlers
     0.44%     0.00%  c2d      [kernel.kallsyms]     [k] load_elf_binary
0.23% load_elf_binary;_get_random_bytes;crng_make_state;crng_fast_key_erasure;chacha_block_generic;chacha_permute
0.15% load_elf_binary;elf_map;vm_mmap_pgoff;security_mmap_file
0.05% load_elf_binary;begin_new_exec;flush_signal_handlers
     0.41%     0.00%  c2d      [kernel.kallsyms]     [k] vm_mmap_pgoff
0.25% vm_mmap_pgoff;do_mmap;mmap_region;mas_preallocate;mas_alloc_nodes
0.15% vm_mmap_pgoff;security_mmap_file
     0.31%     0.31%  c2d      [kernel.kallsyms]     [k] mm_get_huge_zero_page
0.31% 0x7f398f62624a;main;cnf2ddnnf_cmd_line;free_cache_manager;asm_exc_page_fault;exc_page_fault;do_user_addr_fault;handle_mm_fault;__handle_mm_fault;do_huge_pmd_anonymous_page;mm_get_huge_zero_page
     0.31%     0.31%  c2d      [kernel.kallsyms]     [k] __count_memcg_events
0.31% 0x7f398f62624a;main;cnf2ddnnf_cmd_line;free_cache_manager;asm_exc_page_fault;exc_page_fault;do_user_addr_fault;handle_mm_fault;count_memcg_events.constprop.0;__count_memcg_events
     0.31%     0.00%  c2d      [kernel.kallsyms]     [k] count_memcg_events.constprop.0
0.31% count_memcg_events.constprop.0;__count_memcg_events
     0.31%     0.00%  c2d      libc.so.6             [.] __munmap
0.31% __munmap;entry_SYSCALL_64_after_hwframe;do_syscall_64;__x64_sys_munmap;__vm_munmap;do_mas_munmap;do_mas_align_munmap;unmap_region;unmap_vmas;unmap_page_range
     0.31%     0.00%  c2d      [kernel.kallsyms]     [k] __x64_sys_munmap
0.31% __x64_sys_munmap;__vm_munmap;do_mas_munmap;do_mas_align_munmap;unmap_region;unmap_vmas;unmap_page_range
     0.31%     0.00%  c2d      [kernel.kallsyms]     [k] __vm_munmap
0.31% __vm_munmap;do_mas_munmap;do_mas_align_munmap;unmap_region;unmap_vmas;unmap_page_range
     0.31%     0.00%  c2d      [kernel.kallsyms]     [k] do_mas_munmap
0.31% do_mas_munmap;do_mas_align_munmap;unmap_region;unmap_vmas;unmap_page_range
     0.31%     0.00%  c2d      [kernel.kallsyms]     [k] do_mas_align_munmap
0.31% do_mas_align_munmap;unmap_region;unmap_vmas;unmap_page_range
     0.31%     0.00%  c2d      [kernel.kallsyms]     [k] unmap_region
0.31% unmap_region;unmap_vmas;unmap_page_range
     0.31%     0.31%  c2d      [kernel.kallsyms]     [k] __list_del_entry_valid
0.31% 0x7f398f62624a;main;cnf2ddnnf_cmd_line;free_cache_manager;asm_exc_page_fault;exc_page_fault;do_user_addr_fault;handle_mm_fault;__handle_mm_fault;do_huge_pmd_anonymous_page;pte_alloc_one;__alloc_pages;get_page_from_freelist;__list_del_entry_valid
     0.31%     0.31%  c2d      [kernel.kallsyms]     [k] memcg_account_kmem
0.31% 0x7f398f62624a;main;cnf2ddnnf_cmd_line;free_cache_manager;asm_exc_page_fault;exc_page_fault;do_user_addr_fault;handle_mm_fault;__handle_mm_fault;do_huge_pmd_anonymous_page;pte_alloc_one;__alloc_pages;__memcg_kmem_charge_page;memcg_account_kmem
     0.31%     0.00%  c2d      [kernel.kallsyms]     [k] __memcg_kmem_charge_page
0.31% __memcg_kmem_charge_page;memcg_account_kmem
     0.30%     0.00%  c2d      [kernel.kallsyms]     [k] __x64_sys_exit_group
0.30% __x64_sys_exit_group;do_group_exit;do_exit;__mmput;exit_mmap;unmap_vmas;unmap_page_range
     0.30%     0.00%  c2d      [kernel.kallsyms]     [k] do_group_exit
0.30% do_group_exit;do_exit;__mmput;exit_mmap;unmap_vmas;unmap_page_range
     0.30%     0.00%  c2d      [kernel.kallsyms]     [k] do_exit
0.30% do_exit;__mmput;exit_mmap;unmap_vmas;unmap_page_range
     0.30%     0.00%  c2d      [kernel.kallsyms]     [k] __mmput
0.30% __mmput;exit_mmap;unmap_vmas;unmap_page_range
     0.30%     0.00%  c2d      [kernel.kallsyms]     [k] exit_mmap
0.30% exit_mmap;unmap_vmas;unmap_page_range
     0.30%     0.30%  c2d      libstdc++.so.6.0.30   [.] std::basic_ostream<wchar_t, std::char_traits<wchar_t> >::flush
0.30% std::basic_ostream<wchar_t, std::char_traits<wchar_t> >::flush
     0.30%     0.30%  c2d      [kernel.kallsyms]     [k] rcu_segcblist_accelerate
0.30% 0x7f398f62624a;main;cnf2ddnnf_cmd_line;free_cache_manager;asm_sysvec_apic_timer_interrupt;sysvec_apic_timer_interrupt;__irq_exit_rcu;handle_softirqs;rcu_core;note_gp_changes;__note_gp_changes;rcu_accelerate_cbs;rcu_segcblist_accelerate
     0.30%     0.00%  c2d      [kernel.kallsyms]     [k] asm_sysvec_apic_timer_interrupt
0.30% asm_sysvec_apic_timer_interrupt;sysvec_apic_timer_interrupt;__irq_exit_rcu;handle_softirqs;rcu_core;note_gp_changes;__note_gp_changes;rcu_accelerate_cbs;rcu_segcblist_accelerate
     0.30%     0.00%  c2d      [kernel.kallsyms]     [k] sysvec_apic_timer_interrupt
0.30% sysvec_apic_timer_interrupt;__irq_exit_rcu;handle_softirqs;rcu_core;note_gp_changes;__note_gp_changes;rcu_accelerate_cbs;rcu_segcblist_accelerate
     0.30%     0.00%  c2d      [kernel.kallsyms]     [k] __irq_exit_rcu
0.30% __irq_exit_rcu;handle_softirqs;rcu_core;note_gp_changes;__note_gp_changes;rcu_accelerate_cbs;rcu_segcblist_accelerate
     0.30%     0.00%  c2d      [kernel.kallsyms]     [k] handle_softirqs
0.30% handle_softirqs;rcu_core;note_gp_changes;__note_gp_changes;rcu_accelerate_cbs;rcu_segcblist_accelerate
     0.30%     0.00%  c2d      [kernel.kallsyms]     [k] rcu_core
0.30% rcu_core;note_gp_changes;__note_gp_changes;rcu_accelerate_cbs;rcu_segcblist_accelerate
     0.30%     0.00%  c2d      [kernel.kallsyms]     [k] note_gp_changes
0.30% note_gp_changes;__note_gp_changes;rcu_accelerate_cbs;rcu_segcblist_accelerate
     0.30%     0.00%  c2d      [kernel.kallsyms]     [k] __note_gp_changes
0.30% __note_gp_changes;rcu_accelerate_cbs;rcu_segcblist_accelerate
     0.30%     0.00%  c2d      [kernel.kallsyms]     [k] rcu_accelerate_cbs
0.30% rcu_accelerate_cbs;rcu_segcblist_accelerate
     0.30%     0.30%  c2d      [kernel.kallsyms]     [k] native_set_pte
0.30% 0x7f398f62624a;main;cnf2ddnnf_cmd_line;compile_cnf;compile_dt;compile_dt;compile_decomposed;lookup_or_compile_dt;compile_dt;compile_dt;compile_decomposed;lookup_or_compile_dt;compile_decomposed;lookup_or_compile_dt;compile_decomposed;lookup_or_compile_dt;insert_cnf_cache;add_cache_entry;asm_exc_page_fault;exc_page_fault;do_user_addr_fault;handle_mm_fault;__handle_mm_fault;do_huge_pmd_wp_page;__split_huge_pmd;native_set_pte
     0.30%     0.00%  c2d      c2d                   [.] insert_cnf_cache
0.30% insert_cnf_cache;add_cache_entry;asm_exc_page_fault;exc_page_fault;do_user_addr_fault;handle_mm_fault;__handle_mm_fault;do_huge_pmd_wp_page;__split_huge_pmd;native_set_pte
     0.30%     0.00%  c2d      c2d                   [.] add_cache_entry
0.30% add_cache_entry;asm_exc_page_fault;exc_page_fault;do_user_addr_fault;handle_mm_fault;__handle_mm_fault;do_huge_pmd_wp_page;__split_huge_pmd;native_set_pte
     0.30%     0.00%  c2d      [kernel.kallsyms]     [k] do_huge_pmd_wp_page
0.30% do_huge_pmd_wp_page;__split_huge_pmd;native_set_pte
     0.30%     0.00%  c2d      [kernel.kallsyms]     [k] __split_huge_pmd
0.30% __split_huge_pmd;native_set_pte
     0.29%     0.29%  c2d      c2d                   [.] get_or_node
0.29% 0x7f398f62624a;main;cnf2ddnnf_cmd_line;compile_cnf;compile_dt;compile_dt;compile_decomposed;lookup_or_compile_dt;compile_dt;compile_dt;compile_decomposed;lookup_or_compile_dt;compile_decomposed;lookup_or_compile_dt;compile_decomposed;lookup_or_compile_dt;compile_dt;compile_dt;compile_decomposed;lookup_or_compile_dt;compile_decomposed;lookup_or_compile_dt;compile_decomposed;lookup_or_compile_dt;compile_dt;compile_dt;compile_decomposed;lookup_or_compile_dt;compile_decomposed;lookup_or_compile_dt;compile_decomposed;lookup_or_compile_dt;compile_dt;compile_dt;compile_decomposed;lookup_or_compile_dt;compile_decomposed;lookup_or_compile_dt;compile_decomposed;lookup_or_compile_dt;compile_dt;disjoin_nnfs;disjoin_nnfs_i;get_or_node;asm_exc_page_fault
     0.29%     0.00%  c2d      c2d                   [.] disjoin_nnfs
0.29% disjoin_nnfs;disjoin_nnfs_i;get_or_node;asm_exc_page_fault
     0.29%     0.00%  c2d      c2d                   [.] disjoin_nnfs_i
0.29% disjoin_nnfs_i;get_or_node;asm_exc_page_fault
     0.29%     0.29%  c2d      c2d                   [.] initialize_decompose_except_vars
0.29% 0x7f398f62624a;main;cnf2ddnnf_cmd_line;construct_dtree_manager;initialize_decompose_except_vars;initialize_decompose_except_vars;initialize_decompose_except_vars;initialize_decompose_except_vars;initialize_decompose_except_vars;initialize_decompose_except_vars;initialize_decompose_except_vars;initialize_decompose_except_vars;initialize_decompose_except_vars;initialize_decompose_except_vars;initialize_decompose_except_vars;initialize_decompose_except_vars;initialize_decompose_except_vars
     0.29%     0.00%  c2d      c2d                   [.] construct_dtree_manager
0.29% construct_dtree_manager;initialize_decompose_except_vars;initialize_decompose_except_vars;initialize_decompose_except_vars;initialize_decompose_except_vars;initialize_decompose_except_vars;initialize_decompose_except_vars;initialize_decompose_except_vars;initialize_decompose_except_vars;initialize_decompose_except_vars;initialize_decompose_except_vars;initialize_decompose_except_vars;initialize_decompose_except_vars;initialize_decompose_except_vars
     0.29%     0.29%  c2d      libc.so.6             [.] __libc_calloc
0.29% 0x5381;__libc_calloc
     0.29%     0.00%  c2d      [unknown]             [.] 0x0000000000005381
0.29% 0x5381;__libc_calloc
     0.29%     0.29%  c2d      [xfs]                 [k] xfs_trans_alloc
0.29% 0x72656c69706d6f63;write;entry_SYSCALL_64_after_hwframe;do_syscall_64;ksys_write;vfs_write;xfs_file_buffered_write;xfs_file_write_checks;file_modified_flags;xfs_vn_update_time;xfs_trans_alloc
     0.29%     0.00%  c2d      [unknown]             [k] 0x72656c69706d6f63
0.29% 0x72656c69706d6f63;write;entry_SYSCALL_64_after_hwframe;do_syscall_64;ksys_write;vfs_write;xfs_file_buffered_write;xfs_file_write_checks;file_modified_flags;xfs_vn_update_time;xfs_trans_alloc
     0.29%     0.00%  c2d      libc.so.6             [.] write
0.29% write;entry_SYSCALL_64_after_hwframe;do_syscall_64;ksys_write;vfs_write;xfs_file_buffered_write;xfs_file_write_checks;file_modified_flags;xfs_vn_update_time;xfs_trans_alloc
     0.29%     0.00%  c2d      [kernel.kallsyms]     [k] ksys_write
0.29% ksys_write;vfs_write;xfs_file_buffered_write;xfs_file_write_checks;file_modified_flags;xfs_vn_update_time;xfs_trans_alloc
     0.29%     0.00%  c2d      [kernel.kallsyms]     [k] vfs_write
0.29% vfs_write;xfs_file_buffered_write;xfs_file_write_checks;file_modified_flags;xfs_vn_update_time;xfs_trans_alloc
     0.29%     0.00%  c2d      [xfs]                 [k] xfs_file_buffered_write
0.29% xfs_file_buffered_write;xfs_file_write_checks;file_modified_flags;xfs_vn_update_time;xfs_trans_alloc
     0.29%     0.00%  c2d      [xfs]                 [k] xfs_file_write_checks
0.29% xfs_file_write_checks;file_modified_flags;xfs_vn_update_time;xfs_trans_alloc
     0.29%     0.00%  c2d      [kernel.kallsyms]     [k] file_modified_flags
0.29% file_modified_flags;xfs_vn_update_time;xfs_trans_alloc
     0.29%     0.00%  c2d      [xfs]                 [k] xfs_vn_update_time
0.29% xfs_vn_update_time;xfs_trans_alloc
     0.29%     0.29%  c2d      [kernel.kallsyms]     [k] getname_flags.part.0
0.29% 0;fstatat64;entry_SYSCALL_64_after_hwframe;do_syscall_64;__do_sys_newfstatat;vfs_fstatat;getname_flags.part.0
     0.29%     0.00%  c2d      libc.so.6             [.] fstatat64
0.29% fstatat64;entry_SYSCALL_64_after_hwframe;do_syscall_64;__do_sys_newfstatat;vfs_fstatat;getname_flags.part.0
     0.29%     0.00%  c2d      [kernel.kallsyms]     [k] __do_sys_newfstatat
0.29% __do_sys_newfstatat;vfs_fstatat;getname_flags.part.0
     0.29%     0.00%  c2d      [kernel.kallsyms]     [k] vfs_fstatat
0.29% vfs_fstatat;getname_flags.part.0
     0.28%     0.00%  c2d      libc.so.6             [.] 0x00007f398f6970d9
0.28% 0x7f398f6970d9;asm_exc_page_fault;exc_page_fault;do_user_addr_fault;handle_mm_fault;__handle_mm_fault
     0.28%     0.28%  c2d      [kernel.kallsyms]     [k] mas_node_count_gfp
0.28% 0x7f398fb26a58;0x7f398fb2622f;0x7f398fb29c99;0x7f398fb2cb47;entry_SYSCALL_64_after_hwframe;do_syscall_64;__x64_sys_mprotect;do_mprotect_pkey;mprotect_fixup;__split_vma;__vma_adjust;mas_store_prealloc;mas_wr_modify;mas_wr_node_store;mas_node_count_gfp
     0.28%     0.00%  c2d      ld-linux-x86-64.so.2  [.] 0x00007f398fb2cb47
0.28% 0x7f398fb2cb47;entry_SYSCALL_64_after_hwframe;do_syscall_64;__x64_sys_mprotect;do_mprotect_pkey;mprotect_fixup;__split_vma;__vma_adjust;mas_store_prealloc;mas_wr_modify;mas_wr_node_store;mas_node_count_gfp
     0.28%     0.00%  c2d      [kernel.kallsyms]     [k] __x64_sys_mprotect
0.28% __x64_sys_mprotect;do_mprotect_pkey;mprotect_fixup;__split_vma;__vma_adjust;mas_store_prealloc;mas_wr_modify;mas_wr_node_store;mas_node_count_gfp
     0.28%     0.00%  c2d      [kernel.kallsyms]     [k] do_mprotect_pkey
0.28% do_mprotect_pkey;mprotect_fixup;__split_vma;__vma_adjust;mas_store_prealloc;mas_wr_modify;mas_wr_node_store;mas_node_count_gfp
     0.28%     0.00%  c2d      [kernel.kallsyms]     [k] mprotect_fixup
0.28% mprotect_fixup;__split_vma;__vma_adjust;mas_store_prealloc;mas_wr_modify;mas_wr_node_store;mas_node_count_gfp
     0.28%     0.00%  c2d      [kernel.kallsyms]     [k] __split_vma
0.28% __split_vma;__vma_adjust;mas_store_prealloc;mas_wr_modify;mas_wr_node_store;mas_node_count_gfp
     0.28%     0.00%  c2d      [kernel.kallsyms]     [k] __vma_adjust
0.28% __vma_adjust;mas_store_prealloc;mas_wr_modify;mas_wr_node_store;mas_node_count_gfp
     0.28%     0.00%  c2d      [kernel.kallsyms]     [k] mas_store_prealloc
0.28% mas_store_prealloc;mas_wr_modify;mas_wr_node_store;mas_node_count_gfp
     0.28%     0.00%  c2d      [kernel.kallsyms]     [k] mas_wr_modify
0.28% mas_wr_modify;mas_wr_node_store;mas_node_count_gfp
     0.28%     0.00%  c2d      [kernel.kallsyms]     [k] mas_wr_node_store
0.28% mas_wr_node_store;mas_node_count_gfp
     0.28%     0.28%  c2d      [kernel.kallsyms]     [k] xas_descend
0.28% 0x7f398fb26a58;0x7f398fb2622f;0x7f398fb29c99;0x7f398fb1a2d8;asm_exc_page_fault;exc_page_fault;do_user_addr_fault;handle_mm_fault;__handle_mm_fault;do_fault;filemap_map_pages;xas_find;xas_load;xas_descend
     0.28%     0.00%  c2d      ld-linux-x86-64.so.2  [.] 0x00007f398fb1a2d8
0.28% 0x7f398fb1a2d8;asm_exc_page_fault;exc_page_fault;do_user_addr_fault;handle_mm_fault;__handle_mm_fault;do_fault;filemap_map_pages;xas_find;xas_load;xas_descend
     0.28%     0.00%  c2d      [kernel.kallsyms]     [k] filemap_map_pages
0.28% filemap_map_pages;xas_find;xas_load;xas_descend
     0.28%     0.00%  c2d      [kernel.kallsyms]     [k] xas_find
0.28% xas_find;xas_load;xas_descend
     0.28%     0.00%  c2d      [kernel.kallsyms]     [k] xas_load
0.28% xas_load;xas_descend
     0.27%     0.27%  c2d      ld-linux-x86-64.so.2  [.] 0x000000000000e435
0.27% 0x7f398fb26a58;0x7f398fb2622f;0x7f398fb29c99;0x7f398fb1a436
     0.27%     0.00%  c2d      ld-linux-x86-64.so.2  [.] 0x00007f398fb1a436
0.27% 0x7f398fb1a436
     0.26%     0.26%  c2d      ld-linux-x86-64.so.2  [.] 0x000000000000e354
0.26% 0x7f398fb26a58;0x7f398fb2622f;0x7f398fb29c99;0x7f398fb1a35a
     0.26%     0.00%  c2d      ld-linux-x86-64.so.2  [.] 0x00007f398fb1a35a
0.26% 0x7f398fb1a35a
     0.26%     0.00%  c2d      ld-linux-x86-64.so.2  [.] 0x00007f398fb1a26c
0.26% 0x7f398fb1a26c;asm_exc_page_fault;exc_page_fault;do_user_addr_fault;lock_mm_and_find_vma;find_vma;mt_find
     0.25%     0.25%  c2d      [kernel.kallsyms]     [k] mas_alloc_nodes
0.25% 0;0x7f398fb2cae3;entry_SYSCALL_64_after_hwframe;do_syscall_64;ksys_mmap_pgoff;vm_mmap_pgoff;do_mmap;mmap_region;mas_preallocate;mas_alloc_nodes
     0.25%     0.00%  c2d      ld-linux-x86-64.so.2  [.] 0x00007f398fb2cae3
0.25% 0x7f398fb2cae3;entry_SYSCALL_64_after_hwframe;do_syscall_64;ksys_mmap_pgoff;vm_mmap_pgoff;do_mmap;mmap_region;mas_preallocate;mas_alloc_nodes
     0.25%     0.00%  c2d      [kernel.kallsyms]     [k] ksys_mmap_pgoff
0.25% ksys_mmap_pgoff;vm_mmap_pgoff;do_mmap;mmap_region;mas_preallocate;mas_alloc_nodes
     0.25%     0.00%  c2d      [kernel.kallsyms]     [k] do_mmap
0.25% do_mmap;mmap_region;mas_preallocate;mas_alloc_nodes
     0.25%     0.00%  c2d      [kernel.kallsyms]     [k] mmap_region
0.25% mmap_region;mas_preallocate;mas_alloc_nodes
     0.25%     0.00%  c2d      [kernel.kallsyms]     [k] mas_preallocate
0.25% mas_preallocate;mas_alloc_nodes
     0.25%     0.25%  c2d      ld-linux-x86-64.so.2  [.] 0x000000000000dd7c
0.25% 0x7f398fb26a58;0x7f398fb2622f;0x7f398fb29c99;0x7f398fb19d7f
     0.25%     0.00%  c2d      ld-linux-x86-64.so.2  [.] 0x00007f398fb19d7f
0.25% 0x7f398fb19d7f
     0.24%     0.24%  c2d      [kernel.kallsyms]     [k] clear_page_rep
0.24% 0x7f398fb3f8a8;0x7f398fb14075;0x7f398fb2d772;asm_exc_page_fault;exc_page_fault;do_user_addr_fault;handle_mm_fault;__handle_mm_fault;do_fault;__do_fault;pte_alloc_one;__alloc_pages;get_page_from_freelist;clear_page_rep
     0.24%     0.00%  c2d      ld-linux-x86-64.so.2  [.] 0x00007f398fb14075
0.24% 0x7f398fb14075;0x7f398fb2d772;asm_exc_page_fault;exc_page_fault;do_user_addr_fault;handle_mm_fault;__handle_mm_fault;do_fault;__do_fault;pte_alloc_one;__alloc_pages;get_page_from_freelist;clear_page_rep
     0.24%     0.00%  c2d      ld-linux-x86-64.so.2  [.] 0x00007f398fb2d772
0.24% 0x7f398fb2d772;asm_exc_page_fault;exc_page_fault;do_user_addr_fault;handle_mm_fault;__handle_mm_fault;do_fault;__do_fault;pte_alloc_one;__alloc_pages;get_page_from_freelist;clear_page_rep
     0.24%     0.00%  c2d      [kernel.kallsyms]     [k] __do_fault
0.24% __do_fault;pte_alloc_one;__alloc_pages;get_page_from_freelist;clear_page_rep
     0.24%     0.24%  c2d      [kernel.kallsyms]     [k] step_into
0.24% 0x7f398fb3f8a8;0x7f398fb141da;0x7f398fb2c95d;entry_SYSCALL_64_after_hwframe;do_syscall_64;__x64_sys_openat;do_sys_openat2;do_filp_open;path_openat;link_path_walk.part.0.constprop.0;step_into
     0.24%     0.00%  c2d      ld-linux-x86-64.so.2  [.] 0x00007f398fb141da
0.24% 0x7f398fb141da;0x7f398fb2c95d;entry_SYSCALL_64_after_hwframe;do_syscall_64;__x64_sys_openat;do_sys_openat2;do_filp_open;path_openat;link_path_walk.part.0.constprop.0;step_into
     0.24%     0.00%  c2d      ld-linux-x86-64.so.2  [.] 0x00007f398fb2c95d
0.24% 0x7f398fb2c95d;entry_SYSCALL_64_after_hwframe;do_syscall_64;__x64_sys_openat;do_sys_openat2;do_filp_open;path_openat;link_path_walk.part.0.constprop.0;step_into
     0.24%     0.00%  c2d      [kernel.kallsyms]     [k] __x64_sys_openat
0.24% __x64_sys_openat;do_sys_openat2;do_filp_open;path_openat;link_path_walk.part.0.constprop.0;step_into
     0.24%     0.00%  c2d      [kernel.kallsyms]     [k] do_sys_openat2
0.24% do_sys_openat2;do_filp_open;path_openat;link_path_walk.part.0.constprop.0;step_into
     0.24%     0.00%  c2d      [kernel.kallsyms]     [k] do_filp_open
0.24% do_filp_open;path_openat;link_path_walk.part.0.constprop.0;step_into
     0.24%     0.00%  c2d      [kernel.kallsyms]     [k] path_openat
0.24% path_openat;link_path_walk.part.0.constprop.0;step_into
     0.24%     0.00%  c2d      [kernel.kallsyms]     [k] link_path_walk.part.0.constprop.0
0.24% link_path_walk.part.0.constprop.0;step_into
     0.23%     0.23%  c2d      [kernel.kallsyms]     [k] chacha_permute
0.23% 0x7fbd1e0f3a97;entry_SYSCALL_64_after_hwframe;do_syscall_64;__x64_sys_execve;do_execveat_common.isra.0;bprm_execve;load_elf_binary;_get_random_bytes;crng_make_state;crng_fast_key_erasure;chacha_block_generic;chacha_permute
     0.23%     0.00%  c2d      [kernel.kallsyms]     [k] _get_random_bytes
0.23% _get_random_bytes;crng_make_state;crng_fast_key_erasure;chacha_block_generic;chacha_permute
     0.23%     0.00%  c2d      [kernel.kallsyms]     [k] crng_make_state
0.23% crng_make_state;crng_fast_key_erasure;chacha_block_generic;chacha_permute
     0.23%     0.00%  c2d      [kernel.kallsyms]     [k] crng_fast_key_erasure
0.23% crng_fast_key_erasure;chacha_block_generic;chacha_permute
     0.23%     0.00%  c2d      [kernel.kallsyms]     [k] chacha_block_generic
0.23% chacha_block_generic;chacha_permute
     0.15%     0.15%  c2d      [kernel.kallsyms]     [k] security_mmap_file
0.15% 0x7fbd1e0f3a97;entry_SYSCALL_64_after_hwframe;do_syscall_64;__x64_sys_execve;do_execveat_common.isra.0;bprm_execve;load_elf_binary;elf_map;vm_mmap_pgoff;security_mmap_file
     0.15%     0.00%  c2d      [kernel.kallsyms]     [k] elf_map
0.15% elf_map;vm_mmap_pgoff;security_mmap_file
     0.05%     0.05%  c2d      [kernel.kallsyms]     [k] flush_signal_handlers
0.05% 0x7fbd1e0f3a97;entry_SYSCALL_64_after_hwframe;do_syscall_64;__x64_sys_execve;do_execveat_common.isra.0;bprm_execve;load_elf_binary;begin_new_exec;flush_signal_handlers
     0.05%     0.00%  c2d      [kernel.kallsyms]     [k] begin_new_exec
0.05% begin_new_exec;flush_signal_handlers
     0.02%     0.00%  perf-ex  [kernel.kallsyms]     [k] native_write_msr
0.02% native_write_msr
     0.02%     0.00%  perf-ex  [unknown]             [k] 0x00007fbd1e0f3a97
0.02% 0x7fbd1e0f3a97;entry_SYSCALL_64_after_hwframe;do_syscall_64;__x64_sys_execve;do_execveat_common.isra.0;bprm_execve;load_elf_binary;begin_new_exec;perf_event_exec;__intel_pmu_enable_all.constprop.0;native_write_msr
     0.02%     0.00%  perf-ex  [kernel.kallsyms]     [k] entry_SYSCALL_64_after_hwframe
0.02% entry_SYSCALL_64_after_hwframe;do_syscall_64;__x64_sys_execve;do_execveat_common.isra.0;bprm_execve;load_elf_binary;begin_new_exec;perf_event_exec;__intel_pmu_enable_all.constprop.0;native_write_msr
     0.02%     0.00%  perf-ex  [kernel.kallsyms]     [k] do_syscall_64
0.02% do_syscall_64;__x64_sys_execve;do_execveat_common.isra.0;bprm_execve;load_elf_binary;begin_new_exec;perf_event_exec;__intel_pmu_enable_all.constprop.0;native_write_msr
     0.02%     0.00%  perf-ex  [kernel.kallsyms]     [k] __x64_sys_execve
0.02% __x64_sys_execve;do_execveat_common.isra.0;bprm_execve;load_elf_binary;begin_new_exec;perf_event_exec;__intel_pmu_enable_all.constprop.0;native_write_msr
     0.02%     0.00%  perf-ex  [kernel.kallsyms]     [k] do_execveat_common.isra.0
0.02% do_execveat_common.isra.0;bprm_execve;load_elf_binary;begin_new_exec;perf_event_exec;__intel_pmu_enable_all.constprop.0;native_write_msr
     0.02%     0.00%  perf-ex  [kernel.kallsyms]     [k] bprm_execve
0.02% bprm_execve;load_elf_binary;begin_new_exec;perf_event_exec;__intel_pmu_enable_all.constprop.0;native_write_msr
     0.02%     0.00%  perf-ex  [kernel.kallsyms]     [k] load_elf_binary
0.02% load_elf_binary;begin_new_exec;perf_event_exec;__intel_pmu_enable_all.constprop.0;native_write_msr
     0.02%     0.00%  perf-ex  [kernel.kallsyms]     [k] begin_new_exec
0.02% begin_new_exec;perf_event_exec;__intel_pmu_enable_all.constprop.0;native_write_msr
     0.02%     0.00%  perf-ex  [kernel.kallsyms]     [k] perf_event_exec
0.02% perf_event_exec;__intel_pmu_enable_all.constprop.0;native_write_msr
     0.02%     0.00%  perf-ex  [kernel.kallsyms]     [k] __intel_pmu_enable_all.constprop.0
0.02% __intel_pmu_enable_all.constprop.0;native_write_msr
     0.01%     0.01%  perf-ex  [kernel.kallsyms]     [k] nmi_restore
0.01% 0x7fbd1e0f3a97;entry_SYSCALL_64_after_hwframe;do_syscall_64;__x64_sys_execve;do_execveat_common.isra.0;bprm_execve;load_elf_binary;begin_new_exec;perf_event_exec;__intel_pmu_enable_all.constprop.0;native_write_msr
     0.00%     0.00%  perf-ex  [kernel.kallsyms]     [k] native_flush_tlb_one_user
     0.00%     0.00%  perf-ex  [kernel.kallsyms]     [k] native_sched_clock


#
# (Tip: Compare performance results with: perf diff [<old file> <new file>])
#
