# To display the perf.data header info, please use --header/--header-only options.
#
#
# Total Lost Samples: 0
#
# Samples: 331  of event 'cycles'
# Event count (approx.): 230390637
#
# Children      Self  Command  Shared Object         Symbol                                                       
# ........  ........  .......  ....................  .............................................................
#
    96.02%     0.00%  c2d      libc.so.6             [.] 0x00007f0d5b16724a
93.54% 0x7f0d5b16724a;main;cnf2ddnnf_cmd_line;free_cache_manager
0.31% 0x7f0d5b16724a;main;cnf2ddnnf_cmd_line;free_cache_manager;asm_exc_page_fault;exc_page_fault;do_user_addr_fault;handle_mm_fault;__handle_mm_fault;do_huge_pmd_anonymous_page;pte_alloc_one;__alloc_pages;__memcg_kmem_charge_page;__get_obj_cgroup_from_memcg
0.31% 0x7f0d5b16724a;main;cnf2ddnnf_cmd_line;free_cache_manager;asm_exc_page_fault;exc_page_fault;do_user_addr_fault;handle_mm_fault;count_memcg_events.constprop.0;__count_memcg_events
0.31% 0x7f0d5b16724a;main;cnf2ddnnf_cmd_line;free_cache_manager;asm_exc_page_fault;exc_page_fault;do_user_addr_fault;handle_mm_fault;__handle_mm_fault;do_huge_pmd_anonymous_page;pte_alloc_one;__alloc_pages;__memcg_kmem_charge_page;memcg_account_kmem
0.31% 0x7f0d5b16724a;main;cnf2ddnnf_cmd_line;free_cache_manager;asm_exc_page_fault;exc_page_fault;do_user_addr_fault;handle_mm_fault;__handle_mm_fault
0.31% 0x7f0d5b16724a;main;cnf2ddnnf_cmd_line;free_cache_manager;error_entry
0.30% 0x7f0d5b16724a;main;cnf2ddnnf_cmd_line;compile_cnf;compile_dt;compile_dt;compile_decomposed;lookup_or_compile_dt;compile_decomposed;lookup_or_compile_dt;insert_cnf_cache;add_cache_entry;__irqentry_text_end
0.30% 0x7f0d5b16724a;main;cnf2ddnnf_cmd_line;construct_dtree_manager
0.30% 0x7f0d5b16724a;main;__isoc99_fscanf;0x7f0d5b1c6056
    96.02%     0.00%  c2d      c2d                   [.] main
93.54% main;cnf2ddnnf_cmd_line;free_cache_manager
0.31% main;cnf2ddnnf_cmd_line;free_cache_manager;asm_exc_page_fault;exc_page_fault;do_user_addr_fault;handle_mm_fault;__handle_mm_fault;do_huge_pmd_anonymous_page;pte_alloc_one;__alloc_pages;__memcg_kmem_charge_page;__get_obj_cgroup_from_memcg
0.31% main;cnf2ddnnf_cmd_line;free_cache_manager;asm_exc_page_fault;exc_page_fault;do_user_addr_fault;handle_mm_fault;count_memcg_events.constprop.0;__count_memcg_events
0.31% main;cnf2ddnnf_cmd_line;free_cache_manager;asm_exc_page_fault;exc_page_fault;do_user_addr_fault;handle_mm_fault;__handle_mm_fault;do_huge_pmd_anonymous_page;pte_alloc_one;__alloc_pages;__memcg_kmem_charge_page;memcg_account_kmem
0.31% main;cnf2ddnnf_cmd_line;free_cache_manager;asm_exc_page_fault;exc_page_fault;do_user_addr_fault;handle_mm_fault;__handle_mm_fault
0.31% main;cnf2ddnnf_cmd_line;free_cache_manager;error_entry
0.30% main;cnf2ddnnf_cmd_line;compile_cnf;compile_dt;compile_dt;compile_decomposed;lookup_or_compile_dt;compile_decomposed;lookup_or_compile_dt;insert_cnf_cache;add_cache_entry;__irqentry_text_end
0.30% main;cnf2ddnnf_cmd_line;construct_dtree_manager
0.30% main;__isoc99_fscanf;0x7f0d5b1c6056
    95.72%     0.00%  c2d      c2d                   [.] cnf2ddnnf_cmd_line
93.54% cnf2ddnnf_cmd_line;free_cache_manager
0.31% cnf2ddnnf_cmd_line;free_cache_manager;asm_exc_page_fault;exc_page_fault;do_user_addr_fault;handle_mm_fault;__handle_mm_fault;do_huge_pmd_anonymous_page;pte_alloc_one;__alloc_pages;__memcg_kmem_charge_page;__get_obj_cgroup_from_memcg
0.31% cnf2ddnnf_cmd_line;free_cache_manager;asm_exc_page_fault;exc_page_fault;do_user_addr_fault;handle_mm_fault;count_memcg_events.constprop.0;__count_memcg_events
0.31% cnf2ddnnf_cmd_line;free_cache_manager;asm_exc_page_fault;exc_page_fault;do_user_addr_fault;handle_mm_fault;__handle_mm_fault;do_huge_pmd_anonymous_page;pte_alloc_one;__alloc_pages;__memcg_kmem_charge_page;memcg_account_kmem
0.31% cnf2ddnnf_cmd_line;free_cache_manager;asm_exc_page_fault;exc_page_fault;do_user_addr_fault;handle_mm_fault;__handle_mm_fault
0.31% cnf2ddnnf_cmd_line;free_cache_manager;error_entry
0.30% cnf2ddnnf_cmd_line;compile_cnf;compile_dt;compile_dt;compile_decomposed;lookup_or_compile_dt;compile_decomposed;lookup_or_compile_dt;insert_cnf_cache;add_cache_entry;__irqentry_text_end
0.30% cnf2ddnnf_cmd_line;construct_dtree_manager
    95.11%    93.54%  c2d      c2d                   [.] free_cache_manager
93.54% 0x7f0d5b16724a;main;cnf2ddnnf_cmd_line;free_cache_manager
0.31% free_cache_manager;asm_exc_page_fault;exc_page_fault;do_user_addr_fault;handle_mm_fault;__handle_mm_fault;do_huge_pmd_anonymous_page;pte_alloc_one;__alloc_pages;__memcg_kmem_charge_page;__get_obj_cgroup_from_memcg
0.31% free_cache_manager;asm_exc_page_fault;exc_page_fault;do_user_addr_fault;handle_mm_fault;count_memcg_events.constprop.0;__count_memcg_events
0.31% free_cache_manager;asm_exc_page_fault;exc_page_fault;do_user_addr_fault;handle_mm_fault;__handle_mm_fault;do_huge_pmd_anonymous_page;pte_alloc_one;__alloc_pages;__memcg_kmem_charge_page;memcg_account_kmem
0.31% free_cache_manager;asm_exc_page_fault;exc_page_fault;do_user_addr_fault;handle_mm_fault;__handle_mm_fault
0.31% free_cache_manager;error_entry
     1.82%     0.00%  c2d      [kernel.kallsyms]     [k] asm_exc_page_fault
0.31% asm_exc_page_fault;exc_page_fault;do_user_addr_fault;handle_mm_fault;__handle_mm_fault;do_huge_pmd_anonymous_page;pte_alloc_one;__alloc_pages;__memcg_kmem_charge_page;__get_obj_cgroup_from_memcg
0.31% asm_exc_page_fault;exc_page_fault;do_user_addr_fault;handle_mm_fault;count_memcg_events.constprop.0;__count_memcg_events
0.31% asm_exc_page_fault;exc_page_fault;do_user_addr_fault;handle_mm_fault;__handle_mm_fault;do_huge_pmd_anonymous_page;pte_alloc_one;__alloc_pages;__memcg_kmem_charge_page;memcg_account_kmem
0.31% asm_exc_page_fault;exc_page_fault;do_user_addr_fault;handle_mm_fault;__handle_mm_fault
0.30% asm_exc_page_fault;exc_page_fault;do_user_addr_fault;handle_mm_fault;__handle_mm_fault;do_fault;filemap_map_pages;next_uptodate_page
0.26% asm_exc_page_fault;exc_page_fault;do_user_addr_fault;handle_mm_fault;__handle_mm_fault;do_fault;filemap_map_pages;do_set_pte;page_add_file_rmap;__mod_lruvec_page_state
     1.82%     0.00%  c2d      [kernel.kallsyms]     [k] exc_page_fault
0.31% exc_page_fault;do_user_addr_fault;handle_mm_fault;__handle_mm_fault;do_huge_pmd_anonymous_page;pte_alloc_one;__alloc_pages;__memcg_kmem_charge_page;__get_obj_cgroup_from_memcg
0.31% exc_page_fault;do_user_addr_fault;handle_mm_fault;count_memcg_events.constprop.0;__count_memcg_events
0.31% exc_page_fault;do_user_addr_fault;handle_mm_fault;__handle_mm_fault;do_huge_pmd_anonymous_page;pte_alloc_one;__alloc_pages;__memcg_kmem_charge_page;memcg_account_kmem
0.31% exc_page_fault;do_user_addr_fault;handle_mm_fault;__handle_mm_fault
0.30% exc_page_fault;do_user_addr_fault;handle_mm_fault;__handle_mm_fault;do_fault;filemap_map_pages;next_uptodate_page
0.26% exc_page_fault;do_user_addr_fault;handle_mm_fault;__handle_mm_fault;do_fault;filemap_map_pages;do_set_pte;page_add_file_rmap;__mod_lruvec_page_state
     1.82%     0.00%  c2d      [kernel.kallsyms]     [k] do_user_addr_fault
0.31% do_user_addr_fault;handle_mm_fault;__handle_mm_fault;do_huge_pmd_anonymous_page;pte_alloc_one;__alloc_pages;__memcg_kmem_charge_page;__get_obj_cgroup_from_memcg
0.31% do_user_addr_fault;handle_mm_fault;count_memcg_events.constprop.0;__count_memcg_events
0.31% do_user_addr_fault;handle_mm_fault;__handle_mm_fault;do_huge_pmd_anonymous_page;pte_alloc_one;__alloc_pages;__memcg_kmem_charge_page;memcg_account_kmem
0.31% do_user_addr_fault;handle_mm_fault;__handle_mm_fault
0.30% do_user_addr_fault;handle_mm_fault;__handle_mm_fault;do_fault;filemap_map_pages;next_uptodate_page
0.26% do_user_addr_fault;handle_mm_fault;__handle_mm_fault;do_fault;filemap_map_pages;do_set_pte;page_add_file_rmap;__mod_lruvec_page_state
     1.82%     0.00%  c2d      [kernel.kallsyms]     [k] handle_mm_fault
0.31% handle_mm_fault;__handle_mm_fault;do_huge_pmd_anonymous_page;pte_alloc_one;__alloc_pages;__memcg_kmem_charge_page;__get_obj_cgroup_from_memcg
0.31% handle_mm_fault;count_memcg_events.constprop.0;__count_memcg_events
0.31% handle_mm_fault;__handle_mm_fault;do_huge_pmd_anonymous_page;pte_alloc_one;__alloc_pages;__memcg_kmem_charge_page;memcg_account_kmem
0.31% handle_mm_fault;__handle_mm_fault
0.30% handle_mm_fault;__handle_mm_fault;do_fault;filemap_map_pages;next_uptodate_page
0.26% handle_mm_fault;__handle_mm_fault;do_fault;filemap_map_pages;do_set_pte;page_add_file_rmap;__mod_lruvec_page_state
     1.50%     0.31%  c2d      [kernel.kallsyms]     [k] __handle_mm_fault
0.31% __handle_mm_fault;do_huge_pmd_anonymous_page;pte_alloc_one;__alloc_pages;__memcg_kmem_charge_page;__get_obj_cgroup_from_memcg
0.31% __handle_mm_fault;do_huge_pmd_anonymous_page;pte_alloc_one;__alloc_pages;__memcg_kmem_charge_page;memcg_account_kmem
0.31% 0x7f0d5b16724a;main;cnf2ddnnf_cmd_line;free_cache_manager;asm_exc_page_fault;exc_page_fault;do_user_addr_fault;handle_mm_fault;__handle_mm_fault
0.30% __handle_mm_fault;do_fault;filemap_map_pages;next_uptodate_page
0.26% __handle_mm_fault;do_fault;filemap_map_pages;do_set_pte;page_add_file_rmap;__mod_lruvec_page_state
     1.10%     0.00%  c2d      [unknown]             [k] 0x00007f0d5b6878a8
0.29% 0x7f0d5b6878a8;0x7f0d5b652170;0x6;0;0x7f0d5b65cd10
0.28% 0x7f0d5b6878a8;0x7f0d5b65c075;0x7f0d5b674ae3;syscall_return_via_sysret
0.27% 0x7f0d5b6878a8;0x7f0d5b65c075;0x7f0d5b674ae3;entry_SYSCALL_64_after_hwframe;do_syscall_64;ksys_mmap_pgoff;vm_mmap_pgoff;do_mmap;mmap_region;security_vm_enough_memory_mm
0.26% 0x7f0d5b6878a8;0x7f0d5b65c193;0x7f0d5b6674b8;asm_exc_page_fault;exc_page_fault;do_user_addr_fault;handle_mm_fault;__handle_mm_fault;do_fault;filemap_map_pages;do_set_pte;page_add_file_rmap;__mod_lruvec_page_state
     1.07%     0.00%  c2d      [kernel.kallsyms]     [k] entry_SYSCALL_64_after_hwframe
0.31% entry_SYSCALL_64_after_hwframe;do_syscall_64;__x64_sys_exit_group;do_group_exit;do_exit;__mmput;exit_mmap;unmap_vmas;unmap_page_range;_compound_head;asm_sysvec_apic_timer_interrupt
0.27% entry_SYSCALL_64_after_hwframe;do_syscall_64;ksys_mmap_pgoff;vm_mmap_pgoff;do_mmap;mmap_region;security_vm_enough_memory_mm
0.24% entry_SYSCALL_64_after_hwframe;do_syscall_64;syscall_exit_to_user_mode;exit_to_user_mode_prepare;task_work_run;__fput;__dentry_kill;destroy_inode
0.18% entry_SYSCALL_64_after_hwframe;do_syscall_64;__x64_sys_execve;do_execveat_common.isra.0;bprm_execve;load_elf_binary;elf_map;vm_mmap_pgoff;do_mmap;mmap_region;perf_event_mmap;kmalloc_trace;__kmem_cache_alloc_node;memset
0.07% entry_SYSCALL_64_after_hwframe;do_syscall_64;__x64_sys_execve;do_execveat_common.isra.0;bprm_execve;load_elf_binary;begin_new_exec;security_bprm_committed_creds;apparmor_bprm_committed_creds
     1.07%     0.00%  c2d      [kernel.kallsyms]     [k] do_syscall_64
0.31% do_syscall_64;__x64_sys_exit_group;do_group_exit;do_exit;__mmput;exit_mmap;unmap_vmas;unmap_page_range;_compound_head;asm_sysvec_apic_timer_interrupt
0.27% do_syscall_64;ksys_mmap_pgoff;vm_mmap_pgoff;do_mmap;mmap_region;security_vm_enough_memory_mm
0.24% do_syscall_64;syscall_exit_to_user_mode;exit_to_user_mode_prepare;task_work_run;__fput;__dentry_kill;destroy_inode
0.18% do_syscall_64;__x64_sys_execve;do_execveat_common.isra.0;bprm_execve;load_elf_binary;elf_map;vm_mmap_pgoff;do_mmap;mmap_region;perf_event_mmap;kmalloc_trace;__kmem_cache_alloc_node;memset
0.07% do_syscall_64;__x64_sys_execve;do_execveat_common.isra.0;bprm_execve;load_elf_binary;begin_new_exec;security_bprm_committed_creds;apparmor_bprm_committed_creds
     0.63%     0.00%  c2d      [kernel.kallsyms]     [k] do_huge_pmd_anonymous_page
0.31% do_huge_pmd_anonymous_page;pte_alloc_one;__alloc_pages;__memcg_kmem_charge_page;__get_obj_cgroup_from_memcg
0.31% do_huge_pmd_anonymous_page;pte_alloc_one;__alloc_pages;__memcg_kmem_charge_page;memcg_account_kmem
     0.63%     0.00%  c2d      [kernel.kallsyms]     [k] pte_alloc_one
0.31% pte_alloc_one;__alloc_pages;__memcg_kmem_charge_page;__get_obj_cgroup_from_memcg
0.31% pte_alloc_one;__alloc_pages;__memcg_kmem_charge_page;memcg_account_kmem
     0.63%     0.00%  c2d      [kernel.kallsyms]     [k] __alloc_pages
0.31% __alloc_pages;__memcg_kmem_charge_page;__get_obj_cgroup_from_memcg
0.31% __alloc_pages;__memcg_kmem_charge_page;memcg_account_kmem
     0.63%     0.00%  c2d      [kernel.kallsyms]     [k] __memcg_kmem_charge_page
0.31% __memcg_kmem_charge_page;__get_obj_cgroup_from_memcg
0.31% __memcg_kmem_charge_page;memcg_account_kmem
     0.56%     0.00%  c2d      [kernel.kallsyms]     [k] do_fault
0.30% do_fault;filemap_map_pages;next_uptodate_page
0.26% do_fault;filemap_map_pages;do_set_pte;page_add_file_rmap;__mod_lruvec_page_state
     0.56%     0.00%  c2d      [kernel.kallsyms]     [k] filemap_map_pages
0.30% filemap_map_pages;next_uptodate_page
0.26% filemap_map_pages;do_set_pte;page_add_file_rmap;__mod_lruvec_page_state
     0.55%     0.00%  c2d      ld-linux-x86-64.so.2  [.] 0x00007f0d5b65c075
0.28% 0x7f0d5b65c075;0x7f0d5b674ae3;syscall_return_via_sysret
0.27% 0x7f0d5b65c075;0x7f0d5b674ae3;entry_SYSCALL_64_after_hwframe;do_syscall_64;ksys_mmap_pgoff;vm_mmap_pgoff;do_mmap;mmap_region;security_vm_enough_memory_mm
     0.55%     0.00%  c2d      ld-linux-x86-64.so.2  [.] 0x00007f0d5b674ae3
0.28% 0x7f0d5b674ae3;syscall_return_via_sysret
0.27% 0x7f0d5b674ae3;entry_SYSCALL_64_after_hwframe;do_syscall_64;ksys_mmap_pgoff;vm_mmap_pgoff;do_mmap;mmap_region;security_vm_enough_memory_mm
     0.45%     0.00%  c2d      [kernel.kallsyms]     [k] vm_mmap_pgoff
0.27% vm_mmap_pgoff;do_mmap;mmap_region;security_vm_enough_memory_mm
0.18% vm_mmap_pgoff;do_mmap;mmap_region;perf_event_mmap;kmalloc_trace;__kmem_cache_alloc_node;memset
     0.45%     0.00%  c2d      [kernel.kallsyms]     [k] do_mmap
0.27% do_mmap;mmap_region;security_vm_enough_memory_mm
0.18% do_mmap;mmap_region;perf_event_mmap;kmalloc_trace;__kmem_cache_alloc_node;memset
     0.45%     0.00%  c2d      [kernel.kallsyms]     [k] mmap_region
0.27% mmap_region;security_vm_enough_memory_mm
0.18% mmap_region;perf_event_mmap;kmalloc_trace;__kmem_cache_alloc_node;memset
     0.31%     0.31%  c2d      [kernel.kallsyms]     [k] __get_obj_cgroup_from_memcg
0.31% 0x7f0d5b16724a;main;cnf2ddnnf_cmd_line;free_cache_manager;asm_exc_page_fault;exc_page_fault;do_user_addr_fault;handle_mm_fault;__handle_mm_fault;do_huge_pmd_anonymous_page;pte_alloc_one;__alloc_pages;__memcg_kmem_charge_page;__get_obj_cgroup_from_memcg
     0.31%     0.31%  c2d      [kernel.kallsyms]     [k] __count_memcg_events
0.31% 0x7f0d5b16724a;main;cnf2ddnnf_cmd_line;free_cache_manager;asm_exc_page_fault;exc_page_fault;do_user_addr_fault;handle_mm_fault;count_memcg_events.constprop.0;__count_memcg_events
     0.31%     0.00%  c2d      [kernel.kallsyms]     [k] count_memcg_events.constprop.0
0.31% count_memcg_events.constprop.0;__count_memcg_events
     0.31%     0.31%  c2d      [kernel.kallsyms]     [k] memcg_account_kmem
0.31% 0x7f0d5b16724a;main;cnf2ddnnf_cmd_line;free_cache_manager;asm_exc_page_fault;exc_page_fault;do_user_addr_fault;handle_mm_fault;__handle_mm_fault;do_huge_pmd_anonymous_page;pte_alloc_one;__alloc_pages;__memcg_kmem_charge_page;memcg_account_kmem
     0.31%     0.31%  c2d      [kernel.kallsyms]     [k] error_entry
0.31% 0x7f0d5b16724a;main;cnf2ddnnf_cmd_line;free_cache_manager;error_entry
     0.31%     0.31%  c2d      [kernel.kallsyms]     [k] _compound_head
0.31% entry_SYSCALL_64_after_hwframe;do_syscall_64;__x64_sys_exit_group;do_group_exit;do_exit;__mmput;exit_mmap;unmap_vmas;unmap_page_range;_compound_head;asm_sysvec_apic_timer_interrupt
     0.31%     0.00%  c2d      [kernel.kallsyms]     [k] __x64_sys_exit_group
0.31% __x64_sys_exit_group;do_group_exit;do_exit;__mmput;exit_mmap;unmap_vmas;unmap_page_range;_compound_head;asm_sysvec_apic_timer_interrupt
     0.31%     0.00%  c2d      [kernel.kallsyms]     [k] do_group_exit
0.31% do_group_exit;do_exit;__mmput;exit_mmap;unmap_vmas;unmap_page_range;_compound_head;asm_sysvec_apic_timer_interrupt
     0.31%     0.00%  c2d      [kernel.kallsyms]     [k] do_exit
0.31% do_exit;__mmput;exit_mmap;unmap_vmas;unmap_page_range;_compound_head;asm_sysvec_apic_timer_interrupt
     0.31%     0.00%  c2d      [kernel.kallsyms]     [k] __mmput
0.31% __mmput;exit_mmap;unmap_vmas;unmap_page_range;_compound_head;asm_sysvec_apic_timer_interrupt
     0.31%     0.00%  c2d      [kernel.kallsyms]     [k] exit_mmap
0.31% exit_mmap;unmap_vmas;unmap_page_range;_compound_head;asm_sysvec_apic_timer_interrupt
     0.31%     0.00%  c2d      [kernel.kallsyms]     [k] unmap_vmas
0.31% unmap_vmas;unmap_page_range;_compound_head;asm_sysvec_apic_timer_interrupt
     0.31%     0.00%  c2d      [kernel.kallsyms]     [k] unmap_page_range
0.31% unmap_page_range;_compound_head;asm_sysvec_apic_timer_interrupt
     0.31%     0.00%  c2d      [kernel.kallsyms]     [k] asm_sysvec_apic_timer_interrupt
0.31% asm_sysvec_apic_timer_interrupt
     0.31%     0.31%  c2d      ld-linux-x86-64.so.2  [.] 0x000000000000906c
0.31% 0x7f0d5b65d070
     0.31%     0.00%  c2d      ld-linux-x86-64.so.2  [.] 0x00007f0d5b65d070
0.31% 0x7f0d5b65d070
     0.30%     0.30%  c2d      [kernel.kallsyms]     [k] __irqentry_text_end
0.30% 0x7f0d5b16724a;main;cnf2ddnnf_cmd_line;compile_cnf;compile_dt;compile_dt;compile_decomposed;lookup_or_compile_dt;compile_decomposed;lookup_or_compile_dt;insert_cnf_cache;add_cache_entry;__irqentry_text_end
     0.30%     0.00%  c2d      c2d                   [.] compile_cnf
0.30% compile_cnf;compile_dt;compile_dt;compile_decomposed;lookup_or_compile_dt;compile_decomposed;lookup_or_compile_dt;insert_cnf_cache;add_cache_entry;__irqentry_text_end
     0.30%     0.00%  c2d      c2d                   [.] compile_dt
0.30% compile_dt;compile_dt;compile_decomposed;lookup_or_compile_dt;compile_decomposed;lookup_or_compile_dt;insert_cnf_cache;add_cache_entry;__irqentry_text_end
     0.30%     0.00%  c2d      c2d                   [.] compile_decomposed
0.30% compile_decomposed;lookup_or_compile_dt;compile_decomposed;lookup_or_compile_dt;insert_cnf_cache;add_cache_entry;__irqentry_text_end
     0.30%     0.00%  c2d      c2d                   [.] lookup_or_compile_dt
0.30% lookup_or_compile_dt;compile_decomposed;lookup_or_compile_dt;insert_cnf_cache;add_cache_entry;__irqentry_text_end
     0.30%     0.00%  c2d      c2d                   [.] insert_cnf_cache
0.30% insert_cnf_cache;add_cache_entry;__irqentry_text_end
     0.30%     0.00%  c2d      c2d                   [.] add_cache_entry
0.30% add_cache_entry;__irqentry_text_end
     0.30%     0.30%  c2d      c2d                   [.] construct_dtree_manager
0.30% 0x7f0d5b16724a;main;cnf2ddnnf_cmd_line;construct_dtree_manager
     0.30%     0.30%  c2d      libc.so.6             [.] 0x000000000008604d
0.30% 0x7f0d5b16724a;main;__isoc99_fscanf;0x7f0d5b1c6056
     0.30%     0.00%  c2d      libc.so.6             [.] __isoc99_fscanf
0.30% __isoc99_fscanf;0x7f0d5b1c6056
     0.30%     0.00%  c2d      libc.so.6             [.] 0x00007f0d5b1c6056
0.30% 0x7f0d5b1c6056
     0.30%     0.30%  c2d      [kernel.kallsyms]     [k] next_uptodate_page
0.30% __cxxabiv1::__vmi_class_type_info::~__vmi_class_type_info;0x7f0d5b59d318;__cxxabiv1::__vmi_class_type_info::__do_dyncast;asm_exc_page_fault;exc_page_fault;do_user_addr_fault;handle_mm_fault;__handle_mm_fault;do_fault;filemap_map_pages;next_uptodate_page
     0.30%     0.00%  c2d      libstdc++.so.6.0.30   [.] __cxxabiv1::__vmi_class_type_info::~__vmi_class_type_info
0.30% __cxxabiv1::__vmi_class_type_info::~__vmi_class_type_info;0x7f0d5b59d318;__cxxabiv1::__vmi_class_type_info::__do_dyncast;asm_exc_page_fault;exc_page_fault;do_user_addr_fault;handle_mm_fault;__handle_mm_fault;do_fault;filemap_map_pages;next_uptodate_page
     0.30%     0.00%  c2d      [unknown]             [.] 0x00007f0d5b59d318
0.30% 0x7f0d5b59d318;__cxxabiv1::__vmi_class_type_info::__do_dyncast;asm_exc_page_fault;exc_page_fault;do_user_addr_fault;handle_mm_fault;__handle_mm_fault;do_fault;filemap_map_pages;next_uptodate_page
     0.30%     0.00%  c2d      libstdc++.so.6.0.30   [.] __cxxabiv1::__vmi_class_type_info::__do_dyncast
0.30% __cxxabiv1::__vmi_class_type_info::__do_dyncast;asm_exc_page_fault;exc_page_fault;do_user_addr_fault;handle_mm_fault;__handle_mm_fault;do_fault;filemap_map_pages;next_uptodate_page
     0.30%     0.30%  c2d      libgcc_s.so.1         [.] 0x00000000000035ac
0.30% 0x7f0d5b62f5ae
     0.30%     0.00%  c2d      libgcc_s.so.1         [.] 0x00007f0d5b62f5ae
0.30% 0x7f0d5b62f5ae
     0.30%     0.30%  c2d      ld-linux-x86-64.so.2  [.] 0x0000000000009947
0.30% 0x211800;0x7f0d5b47a758;0x7f0d5b65d94a
     0.30%     0.00%  c2d      [unknown]             [.] 0x0000000000211800
0.30% 0x211800;0x7f0d5b47a758;0x7f0d5b65d94a
     0.30%     0.00%  c2d      [unknown]             [.] 0x00007f0d5b47a758
0.30% 0x7f0d5b47a758;0x7f0d5b65d94a
     0.30%     0.00%  c2d      ld-linux-x86-64.so.2  [.] 0x00007f0d5b65d94a
0.30% 0x7f0d5b65d94a
     0.29%     0.29%  c2d      ld-linux-x86-64.so.2  [.] 0x00000000000223d0
0.29% 0x7f0d5b6776d0
     0.29%     0.00%  c2d      ld-linux-x86-64.so.2  [.] 0x00007f0d5b6776d0
0.29% 0x7f0d5b6776d0
     0.29%     0.29%  c2d      ld-linux-x86-64.so.2  [.] 0x0000000000009a43
0.29% 0x7f0d5b6878a8;0x7f0d5b652170;0x6;0;0x7f0d5b65cd10
     0.29%     0.00%  c2d      [unknown]             [.] 0x00007f0d5b652170
0.29% 0x7f0d5b652170;0x6;0;0x7f0d5b65cd10
     0.29%     0.00%  c2d      [unknown]             [.] 0x0000000000000006
0.29% 0x6;0;0x7f0d5b65cd10
     0.29%     0.00%  c2d      [unknown]             [.] 0000000000000000
0.29% 0;0x7f0d5b65cd10
     0.29%     0.00%  c2d      ld-linux-x86-64.so.2  [.] 0x00007f0d5b65cd10
0.29% 0x7f0d5b65cd10
     0.29%     0.29%  c2d      ld-linux-x86-64.so.2  [.] 0x000000000000e38c
0.29% 0x7f0d5b66ea58;0x7f0d5b66e22f;0x7f0d5b671c99;0x7f0d5b66238f
     0.29%     0.00%  c2d      ld-linux-x86-64.so.2  [.] 0x00007f0d5b66ea58
0.29% 0x7f0d5b66ea58;0x7f0d5b66e22f;0x7f0d5b671c99;0x7f0d5b66238f
     0.29%     0.00%  c2d      ld-linux-x86-64.so.2  [.] 0x00007f0d5b66e22f
0.29% 0x7f0d5b66e22f;0x7f0d5b671c99;0x7f0d5b66238f
     0.29%     0.00%  c2d      ld-linux-x86-64.so.2  [.] 0x00007f0d5b671c99
0.29% 0x7f0d5b671c99;0x7f0d5b66238f
     0.29%     0.00%  c2d      ld-linux-x86-64.so.2  [.] 0x00007f0d5b66238f
0.29% 0x7f0d5b66238f
     0.28%     0.28%  c2d      ld-linux-x86-64.so.2  [.] 0x0000000000008e06
0.28% 0x7f0d5b65ce0b
     0.28%     0.00%  c2d      ld-linux-x86-64.so.2  [.] 0x00007f0d5b65ce0b
0.28% 0x7f0d5b65ce0b
     0.28%     0.28%  c2d      [kernel.kallsyms]     [k] syscall_return_via_sysret
0.28% 0x7f0d5b6878a8;0x7f0d5b65c075;0x7f0d5b674ae3;syscall_return_via_sysret
     0.27%     0.27%  c2d      [kernel.kallsyms]     [k] security_vm_enough_memory_mm
0.27% 0x7f0d5b6878a8;0x7f0d5b65c075;0x7f0d5b674ae3;entry_SYSCALL_64_after_hwframe;do_syscall_64;ksys_mmap_pgoff;vm_mmap_pgoff;do_mmap;mmap_region;security_vm_enough_memory_mm
     0.27%     0.00%  c2d      [kernel.kallsyms]     [k] ksys_mmap_pgoff
0.27% ksys_mmap_pgoff;vm_mmap_pgoff;do_mmap;mmap_region;security_vm_enough_memory_mm
     0.26%     0.26%  c2d      [kernel.kallsyms]     [k] __rcu_read_lock
0.26% 0x7f0d5b6878a8;0x7f0d5b65c193;0x7f0d5b6674b8;asm_exc_page_fault;exc_page_fault;do_user_addr_fault;handle_mm_fault;__handle_mm_fault;do_fault;filemap_map_pages;do_set_pte;page_add_file_rmap;__mod_lruvec_page_state
     0.26%     0.00%  c2d      ld-linux-x86-64.so.2  [.] 0x00007f0d5b65c193
0.26% 0x7f0d5b65c193;0x7f0d5b6674b8;asm_exc_page_fault;exc_page_fault;do_user_addr_fault;handle_mm_fault;__handle_mm_fault;do_fault;filemap_map_pages;do_set_pte;page_add_file_rmap;__mod_lruvec_page_state
     0.26%     0.00%  c2d      ld-linux-x86-64.so.2  [.] 0x00007f0d5b6674b8
0.26% 0x7f0d5b6674b8;asm_exc_page_fault;exc_page_fault;do_user_addr_fault;handle_mm_fault;__handle_mm_fault;do_fault;filemap_map_pages;do_set_pte;page_add_file_rmap;__mod_lruvec_page_state
     0.26%     0.00%  c2d      [kernel.kallsyms]     [k] do_set_pte
0.26% do_set_pte;page_add_file_rmap;__mod_lruvec_page_state
     0.26%     0.00%  c2d      [kernel.kallsyms]     [k] page_add_file_rmap
0.26% page_add_file_rmap;__mod_lruvec_page_state
     0.26%     0.00%  c2d      [kernel.kallsyms]     [k] __mod_lruvec_page_state
0.26% __mod_lruvec_page_state
     0.24%     0.00%  c2d      [unknown]             [k] 0x00007f880d685a97
0.18% 0x7f880d685a97;entry_SYSCALL_64_after_hwframe;do_syscall_64;__x64_sys_execve;do_execveat_common.isra.0;bprm_execve;load_elf_binary;elf_map;vm_mmap_pgoff;do_mmap;mmap_region;perf_event_mmap;kmalloc_trace;__kmem_cache_alloc_node;memset
0.07% 0x7f880d685a97;entry_SYSCALL_64_after_hwframe;do_syscall_64;__x64_sys_execve;do_execveat_common.isra.0;bprm_execve;load_elf_binary;begin_new_exec;security_bprm_committed_creds;apparmor_bprm_committed_creds
     0.24%     0.00%  c2d      [kernel.kallsyms]     [k] __x64_sys_execve
0.18% __x64_sys_execve;do_execveat_common.isra.0;bprm_execve;load_elf_binary;elf_map;vm_mmap_pgoff;do_mmap;mmap_region;perf_event_mmap;kmalloc_trace;__kmem_cache_alloc_node;memset
0.07% __x64_sys_execve;do_execveat_common.isra.0;bprm_execve;load_elf_binary;begin_new_exec;security_bprm_committed_creds;apparmor_bprm_committed_creds
     0.24%     0.00%  c2d      [kernel.kallsyms]     [k] do_execveat_common.isra.0
0.18% do_execveat_common.isra.0;bprm_execve;load_elf_binary;elf_map;vm_mmap_pgoff;do_mmap;mmap_region;perf_event_mmap;kmalloc_trace;__kmem_cache_alloc_node;memset
0.07% do_execveat_common.isra.0;bprm_execve;load_elf_binary;begin_new_exec;security_bprm_committed_creds;apparmor_bprm_committed_creds
     0.24%     0.00%  c2d      [kernel.kallsyms]     [k] bprm_execve
0.18% bprm_execve;load_elf_binary;elf_map;vm_mmap_pgoff;do_mmap;mmap_region;perf_event_mmap;kmalloc_trace;__kmem_cache_alloc_node;memset
0.07% bprm_execve;load_elf_binary;begin_new_exec;security_bprm_committed_creds;apparmor_bprm_committed_creds
     0.24%     0.00%  c2d      [kernel.kallsyms]     [k] load_elf_binary
0.18% load_elf_binary;elf_map;vm_mmap_pgoff;do_mmap;mmap_region;perf_event_mmap;kmalloc_trace;__kmem_cache_alloc_node;memset
0.07% load_elf_binary;begin_new_exec;security_bprm_committed_creds;apparmor_bprm_committed_creds
     0.24%     0.24%  c2d      [kernel.kallsyms]     [k] destroy_inode
0.24% 0x7f0d5b66ea50;entry_SYSCALL_64_after_hwframe;do_syscall_64;syscall_exit_to_user_mode;exit_to_user_mode_prepare;task_work_run;__fput;__dentry_kill;destroy_inode
     0.24%     0.00%  c2d      ld-linux-x86-64.so.2  [.] 0x00007f0d5b66ea50
0.24% 0x7f0d5b66ea50;entry_SYSCALL_64_after_hwframe;do_syscall_64;syscall_exit_to_user_mode;exit_to_user_mode_prepare;task_work_run;__fput;__dentry_kill;destroy_inode
     0.24%     0.00%  c2d      [kernel.kallsyms]     [k] syscall_exit_to_user_mode
0.24% syscall_exit_to_user_mode;exit_to_user_mode_prepare;task_work_run;__fput;__dentry_kill;destroy_inode
     0.24%     0.00%  c2d      [kernel.kallsyms]     [k] exit_to_user_mode_prepare
0.24% exit_to_user_mode_prepare;task_work_run;__fput;__dentry_kill;destroy_inode
     0.24%     0.00%  c2d      [kernel.kallsyms]     [k] task_work_run
0.24% task_work_run;__fput;__dentry_kill;destroy_inode
     0.24%     0.00%  c2d      [kernel.kallsyms]     [k] __fput
0.24% __fput;__dentry_kill;destroy_inode
     0.24%     0.00%  c2d      [kernel.kallsyms]     [k] __dentry_kill
0.24% __dentry_kill;destroy_inode
     0.18%     0.18%  c2d      [kernel.kallsyms]     [k] memset
0.18% 0x7f880d685a97;entry_SYSCALL_64_after_hwframe;do_syscall_64;__x64_sys_execve;do_execveat_common.isra.0;bprm_execve;load_elf_binary;elf_map;vm_mmap_pgoff;do_mmap;mmap_region;perf_event_mmap;kmalloc_trace;__kmem_cache_alloc_node;memset
     0.18%     0.00%  c2d      [kernel.kallsyms]     [k] elf_map
0.18% elf_map;vm_mmap_pgoff;do_mmap;mmap_region;perf_event_mmap;kmalloc_trace;__kmem_cache_alloc_node;memset
     0.18%     0.00%  c2d      [kernel.kallsyms]     [k] perf_event_mmap
0.18% perf_event_mmap;kmalloc_trace;__kmem_cache_alloc_node;memset
     0.18%     0.00%  c2d      [kernel.kallsyms]     [k] kmalloc_trace
0.18% kmalloc_trace;__kmem_cache_alloc_node;memset
     0.18%     0.00%  c2d      [kernel.kallsyms]     [k] __kmem_cache_alloc_node
0.18% __kmem_cache_alloc_node;memset
     0.07%     0.07%  c2d      [kernel.kallsyms]     [k] apparmor_bprm_committed_creds
0.07% 0x7f880d685a97;entry_SYSCALL_64_after_hwframe;do_syscall_64;__x64_sys_execve;do_execveat_common.isra.0;bprm_execve;load_elf_binary;begin_new_exec;security_bprm_committed_creds;apparmor_bprm_committed_creds
     0.07%     0.00%  c2d      [kernel.kallsyms]     [k] begin_new_exec
0.07% begin_new_exec;security_bprm_committed_creds;apparmor_bprm_committed_creds
     0.07%     0.00%  c2d      [kernel.kallsyms]     [k] security_bprm_committed_creds
0.07% security_bprm_committed_creds;apparmor_bprm_committed_creds
     0.02%     0.00%  perf-ex  [unknown]             [k] 0x00007f880d685a97
0.01% 0x7f880d685a97;entry_SYSCALL_64_after_hwframe;do_syscall_64;__x64_sys_execve;do_execveat_common.isra.0;bprm_execve;load_elf_binary;begin_new_exec;perf_event_exec;perf_lock_task_context
     0.02%     0.00%  perf-ex  [kernel.kallsyms]     [k] entry_SYSCALL_64_after_hwframe
0.01% entry_SYSCALL_64_after_hwframe;do_syscall_64;__x64_sys_execve;do_execveat_common.isra.0;bprm_execve;load_elf_binary;begin_new_exec;perf_event_exec;perf_lock_task_context
     0.02%     0.00%  perf-ex  [kernel.kallsyms]     [k] do_syscall_64
0.01% do_syscall_64;__x64_sys_execve;do_execveat_common.isra.0;bprm_execve;load_elf_binary;begin_new_exec;perf_event_exec;perf_lock_task_context
     0.02%     0.00%  perf-ex  [kernel.kallsyms]     [k] __x64_sys_execve
0.01% __x64_sys_execve;do_execveat_common.isra.0;bprm_execve;load_elf_binary;begin_new_exec;perf_event_exec;perf_lock_task_context
     0.02%     0.00%  perf-ex  [kernel.kallsyms]     [k] do_execveat_common.isra.0
0.01% do_execveat_common.isra.0;bprm_execve;load_elf_binary;begin_new_exec;perf_event_exec;perf_lock_task_context
     0.02%     0.00%  perf-ex  [kernel.kallsyms]     [k] bprm_execve
0.01% bprm_execve;load_elf_binary;begin_new_exec;perf_event_exec;perf_lock_task_context
     0.02%     0.00%  perf-ex  [kernel.kallsyms]     [k] load_elf_binary
0.01% load_elf_binary;begin_new_exec;perf_event_exec;perf_lock_task_context
     0.02%     0.00%  perf-ex  [kernel.kallsyms]     [k] begin_new_exec
0.01% begin_new_exec;perf_event_exec;perf_lock_task_context
     0.02%     0.00%  perf-ex  [kernel.kallsyms]     [k] perf_event_exec
0.01% perf_event_exec;perf_lock_task_context
     0.01%     0.01%  perf-ex  [kernel.kallsyms]     [k] perf_lock_task_context
0.01% 0x7f880d685a97;entry_SYSCALL_64_after_hwframe;do_syscall_64;__x64_sys_execve;do_execveat_common.isra.0;bprm_execve;load_elf_binary;begin_new_exec;perf_event_exec;perf_lock_task_context
     0.00%     0.00%  perf-ex  [kernel.kallsyms]     [k] __intel_pmu_enable_all.constprop.0
     0.00%     0.00%  perf-ex  [kernel.kallsyms]     [k] native_write_msr
     0.00%     0.00%  perf-ex  [kernel.kallsyms]     [k] native_flush_tlb_one_user
     0.00%     0.00%  perf-ex  [kernel.kallsyms]     [k] nmi_cpu_backtrace


#
# (Tip: List events using substring match: perf list <keyword>)
#
