# To display the perf.data header info, please use --header/--header-only options.
#
#
# Total Lost Samples: 0
#
# Samples: 345  of event 'cycles'
# Event count (approx.): 240223229
#
# Children      Self  Command  Shared Object         Symbol                                
# ........  ........  .......  ....................  ......................................
#
    95.34%     0.00%  c2d      libc.so.6             [.] 0x00007f8e54e4624a
92.98% 0x7f8e54e4624a;main;cnf2ddnnf_cmd_line;free_cache_manager
0.30% 0x7f8e54e4624a;main;cnf2ddnnf_cmd_line;free_cache_manager;asm_exc_page_fault;exc_page_fault;do_user_addr_fault;handle_mm_fault;__handle_mm_fault;do_huge_pmd_anonymous_page;pte_alloc_one;__alloc_pages;get_page_from_freelist;rmqueue_bulk
0.30% 0x7f8e54e4624a;main;cnf2ddnnf_cmd_line;free_cache_manager;asm_exc_page_fault;exc_page_fault;do_user_addr_fault;handle_mm_fault;__handle_mm_fault;do_huge_pmd_anonymous_page;pte_alloc_one;__alloc_pages;get_page_from_freelist;__list_del_entry_valid
0.30% 0x7f8e54e4624a;main;cnf2ddnnf_cmd_line;free_cache_manager;asm_sysvec_apic_timer_interrupt;sysvec_apic_timer_interrupt;__irq_exit_rcu;handle_softirqs;rcu_core;rcu_do_batch;rcu_cblist_dequeue
0.30% 0x7f8e54e4624a;main;clock_gettime;__vdso_clock_gettime;entry_SYSCALL_64_after_hwframe;do_syscall_64;__x64_sys_clock_gettime;posix_cpu_clock_get;cpu_clock_sample_group;thread_group_cputime;task_sched_runtime
0.29% 0x7f8e54e4624a;main;cnf2ddnnf_cmd_line;load_hdtree_from_file;__isoc99_fscanf;0x7f8e54e7dbec
0.29% 0x7f8e54e4624a;main;get_cnf_from_file
0.29% 0x7f8e54e4624a;main;cnf2ddnnf_cmd_line;compile_cnf;compile_dt;compile_dt;compile_decomposed;lookup_or_compile_dt;compile_dt;compile_dt;compile_decomposed;lookup_or_compile_dt;compile_decomposed;lookup_or_compile_dt;compile_decomposed;lookup_or_compile_dt;compile_dt;compile_dt;compile_decomposed;conjoin_nnfs_lits;conjoin_relevant_lits;get_and_node;asm_exc_page_fault;exc_page_fault;do_user_addr_fault;handle_mm_fault
0.29% 0x7f8e54e4624a;main;cnf2ddnnf_cmd_line;compile_cnf;compile_dt;compile_dt;compile_decomposed;lookup_or_compile_dt;compile_dt;compile_dt;compile_decomposed;lookup_or_compile_dt;compile_decomposed;lookup_or_compile_dt;compile_decomposed;lookup_or_compile_dt;compile_dt;compile_dt;compile_decomposed;lookup_or_compile_dt;compile_decomposed;lookup_or_compile_dt;compile_decomposed;lookup_or_compile_dt;compile_dt;compile_dt;compile_decomposed;lookup_or_compile_dt;compile_decomposed;lookup_or_compile_dt;compile_decomposed;lookup_or_compile_dt;compile_dt;compile_dt;compile_decomposed;conjoin_nnfs_lits;conjoin_relevant_lits;get_and_node;asm_exc_page_fault;exc_page_fault;do_user_addr_fault;handle_mm_fault;__handle_mm_fault;do_huge_pmd_anonymous_page;pte_alloc_one;__alloc_pages;get_page_from_freelist;__list_del_entry_valid
    95.34%     0.00%  c2d      c2d                   [.] main
92.98% main;cnf2ddnnf_cmd_line;free_cache_manager
0.30% main;cnf2ddnnf_cmd_line;free_cache_manager;asm_exc_page_fault;exc_page_fault;do_user_addr_fault;handle_mm_fault;__handle_mm_fault;do_huge_pmd_anonymous_page;pte_alloc_one;__alloc_pages;get_page_from_freelist;rmqueue_bulk
0.30% main;cnf2ddnnf_cmd_line;free_cache_manager;asm_exc_page_fault;exc_page_fault;do_user_addr_fault;handle_mm_fault;__handle_mm_fault;do_huge_pmd_anonymous_page;pte_alloc_one;__alloc_pages;get_page_from_freelist;__list_del_entry_valid
0.30% main;cnf2ddnnf_cmd_line;free_cache_manager;asm_sysvec_apic_timer_interrupt;sysvec_apic_timer_interrupt;__irq_exit_rcu;handle_softirqs;rcu_core;rcu_do_batch;rcu_cblist_dequeue
0.30% main;clock_gettime;__vdso_clock_gettime;entry_SYSCALL_64_after_hwframe;do_syscall_64;__x64_sys_clock_gettime;posix_cpu_clock_get;cpu_clock_sample_group;thread_group_cputime;task_sched_runtime
0.29% main;cnf2ddnnf_cmd_line;load_hdtree_from_file;__isoc99_fscanf;0x7f8e54e7dbec
0.29% main;get_cnf_from_file
0.29% main;cnf2ddnnf_cmd_line;compile_cnf;compile_dt;compile_dt;compile_decomposed;lookup_or_compile_dt;compile_dt;compile_dt;compile_decomposed;lookup_or_compile_dt;compile_decomposed;lookup_or_compile_dt;compile_decomposed;lookup_or_compile_dt;compile_dt;compile_dt;compile_decomposed;conjoin_nnfs_lits;conjoin_relevant_lits;get_and_node;asm_exc_page_fault;exc_page_fault;do_user_addr_fault;handle_mm_fault
0.29% main;cnf2ddnnf_cmd_line;compile_cnf;compile_dt;compile_dt;compile_decomposed;lookup_or_compile_dt;compile_dt;compile_dt;compile_decomposed;lookup_or_compile_dt;compile_decomposed;lookup_or_compile_dt;compile_decomposed;lookup_or_compile_dt;compile_dt;compile_dt;compile_decomposed;lookup_or_compile_dt;compile_decomposed;lookup_or_compile_dt;compile_decomposed;lookup_or_compile_dt;compile_dt;compile_dt;compile_decomposed;lookup_or_compile_dt;compile_decomposed;lookup_or_compile_dt;compile_decomposed;lookup_or_compile_dt;compile_dt;compile_dt;compile_decomposed;conjoin_nnfs_lits;conjoin_relevant_lits;get_and_node;asm_exc_page_fault;exc_page_fault;do_user_addr_fault;handle_mm_fault;__handle_mm_fault;do_huge_pmd_anonymous_page;pte_alloc_one;__alloc_pages;get_page_from_freelist;__list_del_entry_valid
    94.75%     0.00%  c2d      c2d                   [.] cnf2ddnnf_cmd_line
92.98% cnf2ddnnf_cmd_line;free_cache_manager
0.30% cnf2ddnnf_cmd_line;free_cache_manager;asm_exc_page_fault;exc_page_fault;do_user_addr_fault;handle_mm_fault;__handle_mm_fault;do_huge_pmd_anonymous_page;pte_alloc_one;__alloc_pages;get_page_from_freelist;rmqueue_bulk
0.30% cnf2ddnnf_cmd_line;free_cache_manager;asm_exc_page_fault;exc_page_fault;do_user_addr_fault;handle_mm_fault;__handle_mm_fault;do_huge_pmd_anonymous_page;pte_alloc_one;__alloc_pages;get_page_from_freelist;__list_del_entry_valid
0.30% cnf2ddnnf_cmd_line;free_cache_manager;asm_sysvec_apic_timer_interrupt;sysvec_apic_timer_interrupt;__irq_exit_rcu;handle_softirqs;rcu_core;rcu_do_batch;rcu_cblist_dequeue
0.29% cnf2ddnnf_cmd_line;load_hdtree_from_file;__isoc99_fscanf;0x7f8e54e7dbec
0.29% cnf2ddnnf_cmd_line;compile_cnf;compile_dt;compile_dt;compile_decomposed;lookup_or_compile_dt;compile_dt;compile_dt;compile_decomposed;lookup_or_compile_dt;compile_decomposed;lookup_or_compile_dt;compile_decomposed;lookup_or_compile_dt;compile_dt;compile_dt;compile_decomposed;conjoin_nnfs_lits;conjoin_relevant_lits;get_and_node;asm_exc_page_fault;exc_page_fault;do_user_addr_fault;handle_mm_fault
0.29% cnf2ddnnf_cmd_line;compile_cnf;compile_dt;compile_dt;compile_decomposed;lookup_or_compile_dt;compile_dt;compile_dt;compile_decomposed;lookup_or_compile_dt;compile_decomposed;lookup_or_compile_dt;compile_decomposed;lookup_or_compile_dt;compile_dt;compile_dt;compile_decomposed;lookup_or_compile_dt;compile_decomposed;lookup_or_compile_dt;compile_decomposed;lookup_or_compile_dt;compile_dt;compile_dt;compile_decomposed;lookup_or_compile_dt;compile_decomposed;lookup_or_compile_dt;compile_decomposed;lookup_or_compile_dt;compile_dt;compile_dt;compile_decomposed;conjoin_nnfs_lits;conjoin_relevant_lits;get_and_node;asm_exc_page_fault;exc_page_fault;do_user_addr_fault;handle_mm_fault;__handle_mm_fault;do_huge_pmd_anonymous_page;pte_alloc_one;__alloc_pages;get_page_from_freelist;__list_del_entry_valid
    93.89%    92.98%  c2d      c2d                   [.] free_cache_manager
92.98% 0x7f8e54e4624a;main;cnf2ddnnf_cmd_line;free_cache_manager
0.30% free_cache_manager;asm_exc_page_fault;exc_page_fault;do_user_addr_fault;handle_mm_fault;__handle_mm_fault;do_huge_pmd_anonymous_page;pte_alloc_one;__alloc_pages;get_page_from_freelist;rmqueue_bulk
0.30% free_cache_manager;asm_exc_page_fault;exc_page_fault;do_user_addr_fault;handle_mm_fault;__handle_mm_fault;do_huge_pmd_anonymous_page;pte_alloc_one;__alloc_pages;get_page_from_freelist;__list_del_entry_valid
0.30% free_cache_manager;asm_sysvec_apic_timer_interrupt;sysvec_apic_timer_interrupt;__irq_exit_rcu;handle_softirqs;rcu_core;rcu_do_batch;rcu_cblist_dequeue
     2.42%     0.00%  c2d      [kernel.kallsyms]     [k] entry_SYSCALL_64_after_hwframe
0.30% entry_SYSCALL_64_after_hwframe;do_syscall_64;__x64_sys_munmap;__vm_munmap;do_mas_munmap;do_mas_align_munmap;__split_vma;__vma_adjust
0.30% entry_SYSCALL_64_after_hwframe;do_syscall_64;__x64_sys_clock_gettime;posix_cpu_clock_get;cpu_clock_sample_group;thread_group_cputime;task_sched_runtime
0.30% entry_SYSCALL_64_after_hwframe;do_syscall_64;__x64_sys_exit_group;do_group_exit;do_exit;__mmput;exit_mmap;unmap_vmas;unmap_page_range
0.30% entry_SYSCALL_64_after_hwframe;do_syscall_64;__x64_sys_exit_group;do_group_exit;do_exit;__mmput;exit_mmap;tlb_finish_mmu;tlb_batch_pages_flush;release_pages;free_unref_page_list;free_pcp_prepare
0.26% entry_SYSCALL_64_after_hwframe;do_syscall_64;ksys_mmap_pgoff;vm_mmap_pgoff;do_mmap;mmap_region;do_mas_munmap;do_mas_align_munmap;__split_vma;__vma_adjust;vma_interval_tree_insert
0.26% entry_SYSCALL_64_after_hwframe;do_syscall_64;ksys_mmap_pgoff;vm_mmap_pgoff;do_mmap;mmap_region;perf_event_mmap;perf_iterate_sb;perf_iterate_ctx;perf_event_mmap_output;perf_output_copy;__output_copy;memcpy
0.25% entry_SYSCALL_64_after_hwframe;do_syscall_64;ksys_mmap_pgoff;vm_mmap_pgoff;do_mmap;mmap_region;mas_store_prealloc;mas_destroy
0.22% entry_SYSCALL_64_after_hwframe;do_syscall_64;syscall_exit_to_user_mode;exit_to_user_mode_prepare;task_work_run;__fput;__dentry_kill;dentry_unlink_inode
0.17% entry_SYSCALL_64_after_hwframe;do_syscall_64;__x64_sys_execve;do_execveat_common.isra.0;bprm_execve;load_elf_binary;elf_map;vm_mmap_pgoff;do_mmap;mmap_region;perf_event_mmap;kmalloc_trace;__kmem_cache_alloc_node;memset
0.07% entry_SYSCALL_64_after_hwframe;do_syscall_64;__x64_sys_execve;do_execveat_common.isra.0;bprm_execve;load_elf_binary;begin_new_exec;security_bprm_committed_creds;apparmor_bprm_committed_creds
     2.42%     0.00%  c2d      [kernel.kallsyms]     [k] do_syscall_64
0.30% do_syscall_64;__x64_sys_munmap;__vm_munmap;do_mas_munmap;do_mas_align_munmap;__split_vma;__vma_adjust
0.30% do_syscall_64;__x64_sys_clock_gettime;posix_cpu_clock_get;cpu_clock_sample_group;thread_group_cputime;task_sched_runtime
0.30% do_syscall_64;__x64_sys_exit_group;do_group_exit;do_exit;__mmput;exit_mmap;unmap_vmas;unmap_page_range
0.30% do_syscall_64;__x64_sys_exit_group;do_group_exit;do_exit;__mmput;exit_mmap;tlb_finish_mmu;tlb_batch_pages_flush;release_pages;free_unref_page_list;free_pcp_prepare
0.26% do_syscall_64;ksys_mmap_pgoff;vm_mmap_pgoff;do_mmap;mmap_region;do_mas_munmap;do_mas_align_munmap;__split_vma;__vma_adjust;vma_interval_tree_insert
0.26% do_syscall_64;ksys_mmap_pgoff;vm_mmap_pgoff;do_mmap;mmap_region;perf_event_mmap;perf_iterate_sb;perf_iterate_ctx;perf_event_mmap_output;perf_output_copy;__output_copy;memcpy
0.25% do_syscall_64;ksys_mmap_pgoff;vm_mmap_pgoff;do_mmap;mmap_region;mas_store_prealloc;mas_destroy
0.22% do_syscall_64;syscall_exit_to_user_mode;exit_to_user_mode_prepare;task_work_run;__fput;__dentry_kill;dentry_unlink_inode
0.17% do_syscall_64;__x64_sys_execve;do_execveat_common.isra.0;bprm_execve;load_elf_binary;elf_map;vm_mmap_pgoff;do_mmap;mmap_region;perf_event_mmap;kmalloc_trace;__kmem_cache_alloc_node;memset
0.07% do_syscall_64;__x64_sys_execve;do_execveat_common.isra.0;bprm_execve;load_elf_binary;begin_new_exec;security_bprm_committed_creds;apparmor_bprm_committed_creds
     1.75%     0.29%  c2d      [kernel.kallsyms]     [k] handle_mm_fault
0.59% handle_mm_fault;__handle_mm_fault;do_huge_pmd_anonymous_page;pte_alloc_one;__alloc_pages;get_page_from_freelist;__list_del_entry_valid
0.30% handle_mm_fault;__handle_mm_fault;do_huge_pmd_anonymous_page;pte_alloc_one;__alloc_pages;get_page_from_freelist;rmqueue_bulk
0.29% handle_mm_fault;__handle_mm_fault;__anon_vma_prepare;kmem_cache_alloc
0.29% 0x7f8e54e4624a;main;cnf2ddnnf_cmd_line;compile_cnf;compile_dt;compile_dt;compile_decomposed;lookup_or_compile_dt;compile_dt;compile_dt;compile_decomposed;lookup_or_compile_dt;compile_decomposed;lookup_or_compile_dt;compile_decomposed;lookup_or_compile_dt;compile_dt;compile_dt;compile_decomposed;conjoin_nnfs_lits;conjoin_relevant_lits;get_and_node;asm_exc_page_fault;exc_page_fault;do_user_addr_fault;handle_mm_fault
0.29% handle_mm_fault;__handle_mm_fault;do_fault;filemap_map_pages
     1.75%     0.00%  c2d      [kernel.kallsyms]     [k] asm_exc_page_fault
0.59% asm_exc_page_fault;exc_page_fault;do_user_addr_fault;handle_mm_fault;__handle_mm_fault;do_huge_pmd_anonymous_page;pte_alloc_one;__alloc_pages;get_page_from_freelist;__list_del_entry_valid
0.30% asm_exc_page_fault;exc_page_fault;do_user_addr_fault;handle_mm_fault;__handle_mm_fault;do_huge_pmd_anonymous_page;pte_alloc_one;__alloc_pages;get_page_from_freelist;rmqueue_bulk
0.29% asm_exc_page_fault;exc_page_fault;do_user_addr_fault;handle_mm_fault;__handle_mm_fault;__anon_vma_prepare;kmem_cache_alloc
0.29% asm_exc_page_fault;exc_page_fault;do_user_addr_fault;handle_mm_fault
0.29% asm_exc_page_fault;exc_page_fault;do_user_addr_fault;handle_mm_fault;__handle_mm_fault;do_fault;filemap_map_pages
     1.75%     0.00%  c2d      [kernel.kallsyms]     [k] exc_page_fault
0.59% exc_page_fault;do_user_addr_fault;handle_mm_fault;__handle_mm_fault;do_huge_pmd_anonymous_page;pte_alloc_one;__alloc_pages;get_page_from_freelist;__list_del_entry_valid
0.30% exc_page_fault;do_user_addr_fault;handle_mm_fault;__handle_mm_fault;do_huge_pmd_anonymous_page;pte_alloc_one;__alloc_pages;get_page_from_freelist;rmqueue_bulk
0.29% exc_page_fault;do_user_addr_fault;handle_mm_fault;__handle_mm_fault;__anon_vma_prepare;kmem_cache_alloc
0.29% exc_page_fault;do_user_addr_fault;handle_mm_fault
0.29% exc_page_fault;do_user_addr_fault;handle_mm_fault;__handle_mm_fault;do_fault;filemap_map_pages
     1.75%     0.00%  c2d      [kernel.kallsyms]     [k] do_user_addr_fault
0.59% do_user_addr_fault;handle_mm_fault;__handle_mm_fault;do_huge_pmd_anonymous_page;pte_alloc_one;__alloc_pages;get_page_from_freelist;__list_del_entry_valid
0.30% do_user_addr_fault;handle_mm_fault;__handle_mm_fault;do_huge_pmd_anonymous_page;pte_alloc_one;__alloc_pages;get_page_from_freelist;rmqueue_bulk
0.29% do_user_addr_fault;handle_mm_fault;__handle_mm_fault;__anon_vma_prepare;kmem_cache_alloc
0.29% do_user_addr_fault;handle_mm_fault
0.29% do_user_addr_fault;handle_mm_fault;__handle_mm_fault;do_fault;filemap_map_pages
     1.46%     0.00%  c2d      [kernel.kallsyms]     [k] __handle_mm_fault
0.59% __handle_mm_fault;do_huge_pmd_anonymous_page;pte_alloc_one;__alloc_pages;get_page_from_freelist;__list_del_entry_valid
0.30% __handle_mm_fault;do_huge_pmd_anonymous_page;pte_alloc_one;__alloc_pages;get_page_from_freelist;rmqueue_bulk
0.29% __handle_mm_fault;__anon_vma_prepare;kmem_cache_alloc
0.29% __handle_mm_fault;do_fault;filemap_map_pages
     0.93%     0.00%  c2d      [kernel.kallsyms]     [k] vm_mmap_pgoff
0.26% vm_mmap_pgoff;do_mmap;mmap_region;do_mas_munmap;do_mas_align_munmap;__split_vma;__vma_adjust;vma_interval_tree_insert
0.26% vm_mmap_pgoff;do_mmap;mmap_region;perf_event_mmap;perf_iterate_sb;perf_iterate_ctx;perf_event_mmap_output;perf_output_copy;__output_copy;memcpy
0.25% vm_mmap_pgoff;do_mmap;mmap_region;mas_store_prealloc;mas_destroy
0.17% vm_mmap_pgoff;do_mmap;mmap_region;perf_event_mmap;kmalloc_trace;__kmem_cache_alloc_node;memset
     0.93%     0.00%  c2d      [kernel.kallsyms]     [k] do_mmap
0.26% do_mmap;mmap_region;do_mas_munmap;do_mas_align_munmap;__split_vma;__vma_adjust;vma_interval_tree_insert
0.26% do_mmap;mmap_region;perf_event_mmap;perf_iterate_sb;perf_iterate_ctx;perf_event_mmap_output;perf_output_copy;__output_copy;memcpy
0.25% do_mmap;mmap_region;mas_store_prealloc;mas_destroy
0.17% do_mmap;mmap_region;perf_event_mmap;kmalloc_trace;__kmem_cache_alloc_node;memset
     0.93%     0.00%  c2d      [kernel.kallsyms]     [k] mmap_region
0.26% mmap_region;do_mas_munmap;do_mas_align_munmap;__split_vma;__vma_adjust;vma_interval_tree_insert
0.26% mmap_region;perf_event_mmap;perf_iterate_sb;perf_iterate_ctx;perf_event_mmap_output;perf_output_copy;__output_copy;memcpy
0.25% mmap_region;mas_store_prealloc;mas_destroy
0.17% mmap_region;perf_event_mmap;kmalloc_trace;__kmem_cache_alloc_node;memset
     0.89%     0.00%  c2d      [kernel.kallsyms]     [k] do_huge_pmd_anonymous_page
0.59% do_huge_pmd_anonymous_page;pte_alloc_one;__alloc_pages;get_page_from_freelist;__list_del_entry_valid
0.30% do_huge_pmd_anonymous_page;pte_alloc_one;__alloc_pages;get_page_from_freelist;rmqueue_bulk
     0.89%     0.00%  c2d      [kernel.kallsyms]     [k] pte_alloc_one
0.59% pte_alloc_one;__alloc_pages;get_page_from_freelist;__list_del_entry_valid
0.30% pte_alloc_one;__alloc_pages;get_page_from_freelist;rmqueue_bulk
     0.89%     0.00%  c2d      [kernel.kallsyms]     [k] __alloc_pages
0.59% __alloc_pages;get_page_from_freelist;__list_del_entry_valid
0.30% __alloc_pages;get_page_from_freelist;rmqueue_bulk
     0.89%     0.00%  c2d      [kernel.kallsyms]     [k] get_page_from_freelist
0.59% get_page_from_freelist;__list_del_entry_valid
0.30% get_page_from_freelist;rmqueue_bulk
     0.76%     0.00%  c2d      ld-linux-x86-64.so.2  [.] 0x00007f8e553eaae3
0.26% 0x7f8e553eaae3;entry_SYSCALL_64_after_hwframe;do_syscall_64;ksys_mmap_pgoff;vm_mmap_pgoff;do_mmap;mmap_region;do_mas_munmap;do_mas_align_munmap;__split_vma;__vma_adjust;vma_interval_tree_insert
0.26% 0x7f8e553eaae3;entry_SYSCALL_64_after_hwframe;do_syscall_64;ksys_mmap_pgoff;vm_mmap_pgoff;do_mmap;mmap_region;perf_event_mmap;perf_iterate_sb;perf_iterate_ctx;perf_event_mmap_output;perf_output_copy;__output_copy;memcpy
0.25% 0x7f8e553eaae3;entry_SYSCALL_64_after_hwframe;do_syscall_64;ksys_mmap_pgoff;vm_mmap_pgoff;do_mmap;mmap_region;mas_store_prealloc;mas_destroy
     0.76%     0.00%  c2d      [kernel.kallsyms]     [k] ksys_mmap_pgoff
0.26% ksys_mmap_pgoff;vm_mmap_pgoff;do_mmap;mmap_region;do_mas_munmap;do_mas_align_munmap;__split_vma;__vma_adjust;vma_interval_tree_insert
0.26% ksys_mmap_pgoff;vm_mmap_pgoff;do_mmap;mmap_region;perf_event_mmap;perf_iterate_sb;perf_iterate_ctx;perf_event_mmap_output;perf_output_copy;__output_copy;memcpy
0.25% ksys_mmap_pgoff;vm_mmap_pgoff;do_mmap;mmap_region;mas_store_prealloc;mas_destroy
     0.60%     0.00%  c2d      [kernel.kallsyms]     [k] __x64_sys_exit_group
0.30% __x64_sys_exit_group;do_group_exit;do_exit;__mmput;exit_mmap;unmap_vmas;unmap_page_range
0.30% __x64_sys_exit_group;do_group_exit;do_exit;__mmput;exit_mmap;tlb_finish_mmu;tlb_batch_pages_flush;release_pages;free_unref_page_list;free_pcp_prepare
     0.60%     0.00%  c2d      [kernel.kallsyms]     [k] do_group_exit
0.30% do_group_exit;do_exit;__mmput;exit_mmap;unmap_vmas;unmap_page_range
0.30% do_group_exit;do_exit;__mmput;exit_mmap;tlb_finish_mmu;tlb_batch_pages_flush;release_pages;free_unref_page_list;free_pcp_prepare
     0.60%     0.00%  c2d      [kernel.kallsyms]     [k] do_exit
0.30% do_exit;__mmput;exit_mmap;unmap_vmas;unmap_page_range
0.30% do_exit;__mmput;exit_mmap;tlb_finish_mmu;tlb_batch_pages_flush;release_pages;free_unref_page_list;free_pcp_prepare
     0.60%     0.00%  c2d      [kernel.kallsyms]     [k] __mmput
0.30% __mmput;exit_mmap;unmap_vmas;unmap_page_range
0.30% __mmput;exit_mmap;tlb_finish_mmu;tlb_batch_pages_flush;release_pages;free_unref_page_list;free_pcp_prepare
     0.60%     0.00%  c2d      [kernel.kallsyms]     [k] exit_mmap
0.30% exit_mmap;unmap_vmas;unmap_page_range
0.30% exit_mmap;tlb_finish_mmu;tlb_batch_pages_flush;release_pages;free_unref_page_list;free_pcp_prepare
     0.59%     0.59%  c2d      [kernel.kallsyms]     [k] __list_del_entry_valid
0.30% 0x7f8e54e4624a;main;cnf2ddnnf_cmd_line;free_cache_manager;asm_exc_page_fault;exc_page_fault;do_user_addr_fault;handle_mm_fault;__handle_mm_fault;do_huge_pmd_anonymous_page;pte_alloc_one;__alloc_pages;get_page_from_freelist;__list_del_entry_valid
0.29% 0x7f8e54e4624a;main;cnf2ddnnf_cmd_line;compile_cnf;compile_dt;compile_dt;compile_decomposed;lookup_or_compile_dt;compile_dt;compile_dt;compile_decomposed;lookup_or_compile_dt;compile_decomposed;lookup_or_compile_dt;compile_decomposed;lookup_or_compile_dt;compile_dt;compile_dt;compile_decomposed;lookup_or_compile_dt;compile_decomposed;lookup_or_compile_dt;compile_decomposed;lookup_or_compile_dt;compile_dt;compile_dt;compile_decomposed;lookup_or_compile_dt;compile_decomposed;lookup_or_compile_dt;compile_decomposed;lookup_or_compile_dt;compile_dt;compile_dt;compile_decomposed;conjoin_nnfs_lits;conjoin_relevant_lits;get_and_node;asm_exc_page_fault;exc_page_fault;do_user_addr_fault;handle_mm_fault;__handle_mm_fault;do_huge_pmd_anonymous_page;pte_alloc_one;__alloc_pages;get_page_from_freelist;__list_del_entry_valid
     0.57%     0.00%  c2d      c2d                   [.] compile_cnf
0.29% compile_cnf;compile_dt;compile_dt;compile_decomposed;lookup_or_compile_dt;compile_dt;compile_dt;compile_decomposed;lookup_or_compile_dt;compile_decomposed;lookup_or_compile_dt;compile_decomposed;lookup_or_compile_dt;compile_dt;compile_dt;compile_decomposed;conjoin_nnfs_lits;conjoin_relevant_lits;get_and_node;asm_exc_page_fault;exc_page_fault;do_user_addr_fault;handle_mm_fault
0.29% compile_cnf;compile_dt;compile_dt;compile_decomposed;lookup_or_compile_dt;compile_dt;compile_dt;compile_decomposed;lookup_or_compile_dt;compile_decomposed;lookup_or_compile_dt;compile_decomposed;lookup_or_compile_dt;compile_dt;compile_dt;compile_decomposed;lookup_or_compile_dt;compile_decomposed;lookup_or_compile_dt;compile_decomposed;lookup_or_compile_dt;compile_dt;compile_dt;compile_decomposed;lookup_or_compile_dt;compile_decomposed;lookup_or_compile_dt;compile_decomposed;lookup_or_compile_dt;compile_dt;compile_dt;compile_decomposed;conjoin_nnfs_lits;conjoin_relevant_lits;get_and_node;asm_exc_page_fault;exc_page_fault;do_user_addr_fault;handle_mm_fault;__handle_mm_fault;do_huge_pmd_anonymous_page;pte_alloc_one;__alloc_pages;get_page_from_freelist;__list_del_entry_valid
     0.57%     0.00%  c2d      c2d                   [.] compile_dt
0.29% compile_dt;compile_dt;compile_decomposed;lookup_or_compile_dt;compile_dt;compile_dt;compile_decomposed;lookup_or_compile_dt;compile_decomposed;lookup_or_compile_dt;compile_decomposed;lookup_or_compile_dt;compile_dt;compile_dt;compile_decomposed;conjoin_nnfs_lits;conjoin_relevant_lits;get_and_node;asm_exc_page_fault;exc_page_fault;do_user_addr_fault;handle_mm_fault
0.29% compile_dt;compile_dt;compile_decomposed;lookup_or_compile_dt;compile_dt;compile_dt;compile_decomposed;lookup_or_compile_dt;compile_decomposed;lookup_or_compile_dt;compile_decomposed;lookup_or_compile_dt;compile_dt;compile_dt;compile_decomposed;lookup_or_compile_dt;compile_decomposed;lookup_or_compile_dt;compile_decomposed;lookup_or_compile_dt;compile_dt;compile_dt;compile_decomposed;lookup_or_compile_dt;compile_decomposed;lookup_or_compile_dt;compile_decomposed;lookup_or_compile_dt;compile_dt;compile_dt;compile_decomposed;conjoin_nnfs_lits;conjoin_relevant_lits;get_and_node;asm_exc_page_fault;exc_page_fault;do_user_addr_fault;handle_mm_fault;__handle_mm_fault;do_huge_pmd_anonymous_page;pte_alloc_one;__alloc_pages;get_page_from_freelist;__list_del_entry_valid
     0.57%     0.00%  c2d      c2d                   [.] compile_decomposed
0.29% compile_decomposed;lookup_or_compile_dt;compile_dt;compile_dt;compile_decomposed;lookup_or_compile_dt;compile_decomposed;lookup_or_compile_dt;compile_decomposed;lookup_or_compile_dt;compile_dt;compile_dt;compile_decomposed;conjoin_nnfs_lits;conjoin_relevant_lits;get_and_node;asm_exc_page_fault;exc_page_fault;do_user_addr_fault;handle_mm_fault
0.29% compile_decomposed;lookup_or_compile_dt;compile_dt;compile_dt;compile_decomposed;lookup_or_compile_dt;compile_decomposed;lookup_or_compile_dt;compile_decomposed;lookup_or_compile_dt;compile_dt;compile_dt;compile_decomposed;lookup_or_compile_dt;compile_decomposed;lookup_or_compile_dt;compile_decomposed;lookup_or_compile_dt;compile_dt;compile_dt;compile_decomposed;lookup_or_compile_dt;compile_decomposed;lookup_or_compile_dt;compile_decomposed;lookup_or_compile_dt;compile_dt;compile_dt;compile_decomposed;conjoin_nnfs_lits;conjoin_relevant_lits;get_and_node;asm_exc_page_fault;exc_page_fault;do_user_addr_fault;handle_mm_fault;__handle_mm_fault;do_huge_pmd_anonymous_page;pte_alloc_one;__alloc_pages;get_page_from_freelist;__list_del_entry_valid
     0.57%     0.00%  c2d      c2d                   [.] lookup_or_compile_dt
0.29% lookup_or_compile_dt;compile_dt;compile_dt;compile_decomposed;lookup_or_compile_dt;compile_decomposed;lookup_or_compile_dt;compile_decomposed;lookup_or_compile_dt;compile_dt;compile_dt;compile_decomposed;conjoin_nnfs_lits;conjoin_relevant_lits;get_and_node;asm_exc_page_fault;exc_page_fault;do_user_addr_fault;handle_mm_fault
0.29% lookup_or_compile_dt;compile_dt;compile_dt;compile_decomposed;lookup_or_compile_dt;compile_decomposed;lookup_or_compile_dt;compile_decomposed;lookup_or_compile_dt;compile_dt;compile_dt;compile_decomposed;lookup_or_compile_dt;compile_decomposed;lookup_or_compile_dt;compile_decomposed;lookup_or_compile_dt;compile_dt;compile_dt;compile_decomposed;lookup_or_compile_dt;compile_decomposed;lookup_or_compile_dt;compile_decomposed;lookup_or_compile_dt;compile_dt;compile_dt;compile_decomposed;conjoin_nnfs_lits;conjoin_relevant_lits;get_and_node;asm_exc_page_fault;exc_page_fault;do_user_addr_fault;handle_mm_fault;__handle_mm_fault;do_huge_pmd_anonymous_page;pte_alloc_one;__alloc_pages;get_page_from_freelist;__list_del_entry_valid
     0.57%     0.00%  c2d      c2d                   [.] conjoin_nnfs_lits
0.29% conjoin_nnfs_lits;conjoin_relevant_lits;get_and_node;asm_exc_page_fault;exc_page_fault;do_user_addr_fault;handle_mm_fault
0.29% conjoin_nnfs_lits;conjoin_relevant_lits;get_and_node;asm_exc_page_fault;exc_page_fault;do_user_addr_fault;handle_mm_fault;__handle_mm_fault;do_huge_pmd_anonymous_page;pte_alloc_one;__alloc_pages;get_page_from_freelist;__list_del_entry_valid
     0.57%     0.00%  c2d      c2d                   [.] conjoin_relevant_lits
0.29% conjoin_relevant_lits;get_and_node;asm_exc_page_fault;exc_page_fault;do_user_addr_fault;handle_mm_fault
0.29% conjoin_relevant_lits;get_and_node;asm_exc_page_fault;exc_page_fault;do_user_addr_fault;handle_mm_fault;__handle_mm_fault;do_huge_pmd_anonymous_page;pte_alloc_one;__alloc_pages;get_page_from_freelist;__list_del_entry_valid
     0.57%     0.00%  c2d      c2d                   [.] get_and_node
0.29% get_and_node;asm_exc_page_fault;exc_page_fault;do_user_addr_fault;handle_mm_fault
0.29% get_and_node;asm_exc_page_fault;exc_page_fault;do_user_addr_fault;handle_mm_fault;__handle_mm_fault;do_huge_pmd_anonymous_page;pte_alloc_one;__alloc_pages;get_page_from_freelist;__list_del_entry_valid
     0.56%     0.30%  c2d      [kernel.kallsyms]     [k] __vma_adjust
0.30% __munmap;entry_SYSCALL_64_after_hwframe;do_syscall_64;__x64_sys_munmap;__vm_munmap;do_mas_munmap;do_mas_align_munmap;__split_vma;__vma_adjust
0.26% __vma_adjust;vma_interval_tree_insert
     0.56%     0.00%  c2d      [kernel.kallsyms]     [k] do_mas_munmap
0.30% do_mas_munmap;do_mas_align_munmap;__split_vma;__vma_adjust
0.26% do_mas_munmap;do_mas_align_munmap;__split_vma;__vma_adjust;vma_interval_tree_insert
     0.56%     0.00%  c2d      [kernel.kallsyms]     [k] do_mas_align_munmap
0.30% do_mas_align_munmap;__split_vma;__vma_adjust
0.26% do_mas_align_munmap;__split_vma;__vma_adjust;vma_interval_tree_insert
     0.56%     0.00%  c2d      [kernel.kallsyms]     [k] __split_vma
0.30% __split_vma;__vma_adjust
0.26% __split_vma;__vma_adjust;vma_interval_tree_insert
     0.55%     0.55%  c2d      ld-linux-x86-64.so.2  [.] 0x000000000000906c
0.55% 0x7f8e553d3070
     0.55%     0.00%  c2d      ld-linux-x86-64.so.2  [.] 0x00007f8e553d3070
0.55% 0x7f8e553d3070
     0.52%     0.00%  c2d      [unknown]             [k] 0x00007f8e553fd8a8
0.26% 0x7f8e553fd8a8;0x7f8e553d2075;0x7f8e553eaae3;entry_SYSCALL_64_after_hwframe;do_syscall_64;ksys_mmap_pgoff;vm_mmap_pgoff;do_mmap;mmap_region;do_mas_munmap;do_mas_align_munmap;__split_vma;__vma_adjust;vma_interval_tree_insert
0.26% 0x7f8e553fd8a8;0x7f8e553d2075;0x7f8e553eaae3;entry_SYSCALL_64_after_hwframe;do_syscall_64;ksys_mmap_pgoff;vm_mmap_pgoff;do_mmap;mmap_region;perf_event_mmap;perf_iterate_sb;perf_iterate_ctx;perf_event_mmap_output;perf_output_copy;__output_copy;memcpy
     0.52%     0.00%  c2d      ld-linux-x86-64.so.2  [.] 0x00007f8e553d2075
0.26% 0x7f8e553d2075;0x7f8e553eaae3;entry_SYSCALL_64_after_hwframe;do_syscall_64;ksys_mmap_pgoff;vm_mmap_pgoff;do_mmap;mmap_region;do_mas_munmap;do_mas_align_munmap;__split_vma;__vma_adjust;vma_interval_tree_insert
0.26% 0x7f8e553d2075;0x7f8e553eaae3;entry_SYSCALL_64_after_hwframe;do_syscall_64;ksys_mmap_pgoff;vm_mmap_pgoff;do_mmap;mmap_region;perf_event_mmap;perf_iterate_sb;perf_iterate_ctx;perf_event_mmap_output;perf_output_copy;__output_copy;memcpy
     0.42%     0.00%  c2d      [kernel.kallsyms]     [k] perf_event_mmap
0.26% perf_event_mmap;perf_iterate_sb;perf_iterate_ctx;perf_event_mmap_output;perf_output_copy;__output_copy;memcpy
0.17% perf_event_mmap;kmalloc_trace;__kmem_cache_alloc_node;memset
     0.30%     0.30%  c2d      [kernel.kallsyms]     [k] rmqueue_bulk
0.30% 0x7f8e54e4624a;main;cnf2ddnnf_cmd_line;free_cache_manager;asm_exc_page_fault;exc_page_fault;do_user_addr_fault;handle_mm_fault;__handle_mm_fault;do_huge_pmd_anonymous_page;pte_alloc_one;__alloc_pages;get_page_from_freelist;rmqueue_bulk
     0.30%     0.00%  c2d      libc.so.6             [.] __munmap
0.30% __munmap;entry_SYSCALL_64_after_hwframe;do_syscall_64;__x64_sys_munmap;__vm_munmap;do_mas_munmap;do_mas_align_munmap;__split_vma;__vma_adjust
     0.30%     0.00%  c2d      [kernel.kallsyms]     [k] __x64_sys_munmap
0.30% __x64_sys_munmap;__vm_munmap;do_mas_munmap;do_mas_align_munmap;__split_vma;__vma_adjust
     0.30%     0.00%  c2d      [kernel.kallsyms]     [k] __vm_munmap
0.30% __vm_munmap;do_mas_munmap;do_mas_align_munmap;__split_vma;__vma_adjust
     0.30%     0.30%  c2d      [kernel.kallsyms]     [k] rcu_cblist_dequeue
0.30% 0x7f8e54e4624a;main;cnf2ddnnf_cmd_line;free_cache_manager;asm_sysvec_apic_timer_interrupt;sysvec_apic_timer_interrupt;__irq_exit_rcu;handle_softirqs;rcu_core;rcu_do_batch;rcu_cblist_dequeue
     0.30%     0.00%  c2d      [kernel.kallsyms]     [k] asm_sysvec_apic_timer_interrupt
0.30% asm_sysvec_apic_timer_interrupt;sysvec_apic_timer_interrupt;__irq_exit_rcu;handle_softirqs;rcu_core;rcu_do_batch;rcu_cblist_dequeue
     0.30%     0.00%  c2d      [kernel.kallsyms]     [k] sysvec_apic_timer_interrupt
0.30% sysvec_apic_timer_interrupt;__irq_exit_rcu;handle_softirqs;rcu_core;rcu_do_batch;rcu_cblist_dequeue
     0.30%     0.00%  c2d      [kernel.kallsyms]     [k] __irq_exit_rcu
0.30% __irq_exit_rcu;handle_softirqs;rcu_core;rcu_do_batch;rcu_cblist_dequeue
     0.30%     0.00%  c2d      [kernel.kallsyms]     [k] handle_softirqs
0.30% handle_softirqs;rcu_core;rcu_do_batch;rcu_cblist_dequeue
     0.30%     0.00%  c2d      [kernel.kallsyms]     [k] rcu_core
0.30% rcu_core;rcu_do_batch;rcu_cblist_dequeue
     0.30%     0.00%  c2d      [kernel.kallsyms]     [k] rcu_do_batch
0.30% rcu_do_batch;rcu_cblist_dequeue
     0.30%     0.30%  c2d      [kernel.kallsyms]     [k] task_sched_runtime
0.30% 0x7f8e54e4624a;main;clock_gettime;__vdso_clock_gettime;entry_SYSCALL_64_after_hwframe;do_syscall_64;__x64_sys_clock_gettime;posix_cpu_clock_get;cpu_clock_sample_group;thread_group_cputime;task_sched_runtime
     0.30%     0.00%  c2d      libc.so.6             [.] clock_gettime
0.30% clock_gettime;__vdso_clock_gettime;entry_SYSCALL_64_after_hwframe;do_syscall_64;__x64_sys_clock_gettime;posix_cpu_clock_get;cpu_clock_sample_group;thread_group_cputime;task_sched_runtime
     0.30%     0.00%  c2d      [vdso]                [.] __vdso_clock_gettime
0.30% __vdso_clock_gettime;entry_SYSCALL_64_after_hwframe;do_syscall_64;__x64_sys_clock_gettime;posix_cpu_clock_get;cpu_clock_sample_group;thread_group_cputime;task_sched_runtime
     0.30%     0.00%  c2d      [kernel.kallsyms]     [k] __x64_sys_clock_gettime
0.30% __x64_sys_clock_gettime;posix_cpu_clock_get;cpu_clock_sample_group;thread_group_cputime;task_sched_runtime
     0.30%     0.00%  c2d      [kernel.kallsyms]     [k] posix_cpu_clock_get
0.30% posix_cpu_clock_get;cpu_clock_sample_group;thread_group_cputime;task_sched_runtime
     0.30%     0.00%  c2d      [kernel.kallsyms]     [k] cpu_clock_sample_group
0.30% cpu_clock_sample_group;thread_group_cputime;task_sched_runtime
     0.30%     0.00%  c2d      [kernel.kallsyms]     [k] thread_group_cputime
0.30% thread_group_cputime;task_sched_runtime
     0.30%     0.30%  c2d      [kernel.kallsyms]     [k] unmap_page_range
0.30% entry_SYSCALL_64_after_hwframe;do_syscall_64;__x64_sys_exit_group;do_group_exit;do_exit;__mmput;exit_mmap;unmap_vmas;unmap_page_range
     0.30%     0.00%  c2d      [kernel.kallsyms]     [k] unmap_vmas
0.30% unmap_vmas;unmap_page_range
     0.30%     0.30%  c2d      [kernel.kallsyms]     [k] free_unref_page_list
0.30% entry_SYSCALL_64_after_hwframe;do_syscall_64;__x64_sys_exit_group;do_group_exit;do_exit;__mmput;exit_mmap;tlb_finish_mmu;tlb_batch_pages_flush;release_pages;free_unref_page_list;free_pcp_prepare
     0.30%     0.00%  c2d      [kernel.kallsyms]     [k] tlb_finish_mmu
0.30% tlb_finish_mmu;tlb_batch_pages_flush;release_pages;free_unref_page_list;free_pcp_prepare
     0.30%     0.00%  c2d      [kernel.kallsyms]     [k] tlb_batch_pages_flush
0.30% tlb_batch_pages_flush;release_pages;free_unref_page_list;free_pcp_prepare
     0.30%     0.00%  c2d      [kernel.kallsyms]     [k] release_pages
0.30% release_pages;free_unref_page_list;free_pcp_prepare
     0.30%     0.00%  c2d      [kernel.kallsyms]     [k] free_pcp_prepare
0.30% free_pcp_prepare
     0.29%     0.29%  c2d      libc.so.6             [.] __libc_calloc
0.29% 0x31;__libc_calloc
     0.29%     0.00%  c2d      [unknown]             [.] 0x0000000000000031
0.29% 0x31;__libc_calloc
     0.29%     0.29%  c2d      libc.so.6             [.] 0x000000000005ebe5
0.29% 0x7f8e54e4624a;main;cnf2ddnnf_cmd_line;load_hdtree_from_file;__isoc99_fscanf;0x7f8e54e7dbec
     0.29%     0.00%  c2d      c2d                   [.] load_hdtree_from_file
0.29% load_hdtree_from_file;__isoc99_fscanf;0x7f8e54e7dbec
     0.29%     0.00%  c2d      libc.so.6             [.] __isoc99_fscanf
0.29% __isoc99_fscanf;0x7f8e54e7dbec
     0.29%     0.00%  c2d      libc.so.6             [.] 0x00007f8e54e7dbec
0.29% 0x7f8e54e7dbec
     0.29%     0.29%  c2d      c2d                   [.] get_cnf_from_file
0.29% 0x7f8e54e4624a;main;get_cnf_from_file
     0.29%     0.29%  c2d      [kernel.kallsyms]     [k] kmem_cache_alloc
0.29% 0x7f8e54eb4f1b;asm_exc_page_fault;exc_page_fault;do_user_addr_fault;handle_mm_fault;__handle_mm_fault;__anon_vma_prepare;kmem_cache_alloc
     0.29%     0.00%  c2d      libc.so.6             [.] 0x00007f8e54eb4f1b
0.29% 0x7f8e54eb4f1b;asm_exc_page_fault;exc_page_fault;do_user_addr_fault;handle_mm_fault;__handle_mm_fault;__anon_vma_prepare;kmem_cache_alloc
     0.29%     0.00%  c2d      [kernel.kallsyms]     [k] __anon_vma_prepare
0.29% __anon_vma_prepare;kmem_cache_alloc
     0.29%     0.29%  c2d      ld-linux-x86-64.so.2  [.] 0x0000000000009952
0.29% 0xba330;std::locale::operator=;0x7f8e553d3955
     0.29%     0.00%  c2d      [unknown]             [.] 0x00000000000ba330
0.29% 0xba330;std::locale::operator=;0x7f8e553d3955
     0.29%     0.00%  c2d      libstdc++.so.6.0.30   [.] std::locale::operator=
0.29% std::locale::operator=;0x7f8e553d3955
     0.29%     0.00%  c2d      ld-linux-x86-64.so.2  [.] 0x00007f8e553d3955
0.29% 0x7f8e553d3955
     0.29%     0.29%  c2d      [kernel.kallsyms]     [k] filemap_map_pages
0.29% 0x7f8e552f3000;asm_exc_page_fault;exc_page_fault;do_user_addr_fault;handle_mm_fault;__handle_mm_fault;do_fault;filemap_map_pages
     0.29%     0.00%  c2d      libm.so.6             [.] 0x00007f8e552f3000
0.29% 0x7f8e552f3000;asm_exc_page_fault;exc_page_fault;do_user_addr_fault;handle_mm_fault;__handle_mm_fault;do_fault;filemap_map_pages
     0.29%     0.00%  c2d      [kernel.kallsyms]     [k] do_fault
0.29% do_fault;filemap_map_pages
     0.28%     0.28%  c2d      ld-linux-x86-64.so.2  [.] 0x0000000000009966
0.28% 0x1a20c0;0x7f8e5507a758;0x7f8e553d3bb0
     0.28%     0.00%  c2d      [unknown]             [.] 0x00000000001a20c0
0.28% 0x1a20c0;0x7f8e5507a758;0x7f8e553d3bb0
     0.28%     0.00%  c2d      [unknown]             [.] 0x00007f8e5507a758
0.28% 0x7f8e5507a758;0x7f8e553d3bb0
     0.28%     0.00%  c2d      ld-linux-x86-64.so.2  [.] 0x00007f8e553d3bb0
0.28% 0x7f8e553d3bb0
     0.28%     0.28%  c2d      ld-linux-x86-64.so.2  [.] 0x0000000000009070
0.28% 0x7f8e553d3072
     0.28%     0.00%  c2d      ld-linux-x86-64.so.2  [.] 0x00007f8e553d3072
0.28% 0x7f8e553d3072
     0.27%     0.27%  c2d      libc.so.6             [.] strcmp
0.27% 0x7f8e553e4a58;0x7f8e553e422f;0x7f8e553e7c99;strcmp
     0.27%     0.00%  c2d      ld-linux-x86-64.so.2  [.] 0x00007f8e553e4a58
0.27% 0x7f8e553e4a58;0x7f8e553e422f;0x7f8e553e7c99;strcmp
     0.27%     0.00%  c2d      ld-linux-x86-64.so.2  [.] 0x00007f8e553e422f
0.27% 0x7f8e553e422f;0x7f8e553e7c99;strcmp
     0.27%     0.00%  c2d      ld-linux-x86-64.so.2  [.] 0x00007f8e553e7c99
0.27% 0x7f8e553e7c99;strcmp
     0.26%     0.26%  c2d      [kernel.kallsyms]     [k] vma_interval_tree_insert
0.26% 0x7f8e553fd8a8;0x7f8e553d2075;0x7f8e553eaae3;entry_SYSCALL_64_after_hwframe;do_syscall_64;ksys_mmap_pgoff;vm_mmap_pgoff;do_mmap;mmap_region;do_mas_munmap;do_mas_align_munmap;__split_vma;__vma_adjust;vma_interval_tree_insert
     0.26%     0.26%  c2d      [kernel.kallsyms]     [k] memcpy
0.26% 0x7f8e553fd8a8;0x7f8e553d2075;0x7f8e553eaae3;entry_SYSCALL_64_after_hwframe;do_syscall_64;ksys_mmap_pgoff;vm_mmap_pgoff;do_mmap;mmap_region;perf_event_mmap;perf_iterate_sb;perf_iterate_ctx;perf_event_mmap_output;perf_output_copy;__output_copy;memcpy
     0.26%     0.00%  c2d      [kernel.kallsyms]     [k] perf_iterate_sb
0.26% perf_iterate_sb;perf_iterate_ctx;perf_event_mmap_output;perf_output_copy;__output_copy;memcpy
     0.26%     0.00%  c2d      [kernel.kallsyms]     [k] perf_iterate_ctx
0.26% perf_iterate_ctx;perf_event_mmap_output;perf_output_copy;__output_copy;memcpy
     0.26%     0.00%  c2d      [kernel.kallsyms]     [k] perf_event_mmap_output
0.26% perf_event_mmap_output;perf_output_copy;__output_copy;memcpy
     0.26%     0.00%  c2d      [kernel.kallsyms]     [k] perf_output_copy
0.26% perf_output_copy;__output_copy;memcpy
     0.26%     0.00%  c2d      [kernel.kallsyms]     [k] __output_copy
0.26% __output_copy;memcpy
     0.25%     0.25%  c2d      [kernel.kallsyms]     [k] mas_destroy
0.25% 0;0x7f8e553eaae3;entry_SYSCALL_64_after_hwframe;do_syscall_64;ksys_mmap_pgoff;vm_mmap_pgoff;do_mmap;mmap_region;mas_store_prealloc;mas_destroy
     0.25%     0.00%  c2d      [unknown]             [k] 0000000000000000
0.25% 0;0x7f8e553eaae3;entry_SYSCALL_64_after_hwframe;do_syscall_64;ksys_mmap_pgoff;vm_mmap_pgoff;do_mmap;mmap_region;mas_store_prealloc;mas_destroy
     0.25%     0.00%  c2d      [kernel.kallsyms]     [k] mas_store_prealloc
0.25% mas_store_prealloc;mas_destroy
     0.23%     0.00%  c2d      [unknown]             [k] 0x00007f30b7299a97
0.17% 0x7f30b7299a97;entry_SYSCALL_64_after_hwframe;do_syscall_64;__x64_sys_execve;do_execveat_common.isra.0;bprm_execve;load_elf_binary;elf_map;vm_mmap_pgoff;do_mmap;mmap_region;perf_event_mmap;kmalloc_trace;__kmem_cache_alloc_node;memset
0.07% 0x7f30b7299a97;entry_SYSCALL_64_after_hwframe;do_syscall_64;__x64_sys_execve;do_execveat_common.isra.0;bprm_execve;load_elf_binary;begin_new_exec;security_bprm_committed_creds;apparmor_bprm_committed_creds
     0.23%     0.00%  c2d      [kernel.kallsyms]     [k] __x64_sys_execve
0.17% __x64_sys_execve;do_execveat_common.isra.0;bprm_execve;load_elf_binary;elf_map;vm_mmap_pgoff;do_mmap;mmap_region;perf_event_mmap;kmalloc_trace;__kmem_cache_alloc_node;memset
0.07% __x64_sys_execve;do_execveat_common.isra.0;bprm_execve;load_elf_binary;begin_new_exec;security_bprm_committed_creds;apparmor_bprm_committed_creds
     0.23%     0.00%  c2d      [kernel.kallsyms]     [k] do_execveat_common.isra.0
0.17% do_execveat_common.isra.0;bprm_execve;load_elf_binary;elf_map;vm_mmap_pgoff;do_mmap;mmap_region;perf_event_mmap;kmalloc_trace;__kmem_cache_alloc_node;memset
0.07% do_execveat_common.isra.0;bprm_execve;load_elf_binary;begin_new_exec;security_bprm_committed_creds;apparmor_bprm_committed_creds
     0.23%     0.00%  c2d      [kernel.kallsyms]     [k] bprm_execve
0.17% bprm_execve;load_elf_binary;elf_map;vm_mmap_pgoff;do_mmap;mmap_region;perf_event_mmap;kmalloc_trace;__kmem_cache_alloc_node;memset
0.07% bprm_execve;load_elf_binary;begin_new_exec;security_bprm_committed_creds;apparmor_bprm_committed_creds
     0.23%     0.00%  c2d      [kernel.kallsyms]     [k] load_elf_binary
0.17% load_elf_binary;elf_map;vm_mmap_pgoff;do_mmap;mmap_region;perf_event_mmap;kmalloc_trace;__kmem_cache_alloc_node;memset
0.07% load_elf_binary;begin_new_exec;security_bprm_committed_creds;apparmor_bprm_committed_creds
     0.22%     0.22%  c2d      [kernel.kallsyms]     [k] dentry_unlink_inode
0.22% 0x7f8e553e4a50;entry_SYSCALL_64_after_hwframe;do_syscall_64;syscall_exit_to_user_mode;exit_to_user_mode_prepare;task_work_run;__fput;__dentry_kill;dentry_unlink_inode
     0.22%     0.00%  c2d      ld-linux-x86-64.so.2  [.] 0x00007f8e553e4a50
0.22% 0x7f8e553e4a50;entry_SYSCALL_64_after_hwframe;do_syscall_64;syscall_exit_to_user_mode;exit_to_user_mode_prepare;task_work_run;__fput;__dentry_kill;dentry_unlink_inode
     0.22%     0.00%  c2d      [kernel.kallsyms]     [k] syscall_exit_to_user_mode
0.22% syscall_exit_to_user_mode;exit_to_user_mode_prepare;task_work_run;__fput;__dentry_kill;dentry_unlink_inode
     0.22%     0.00%  c2d      [kernel.kallsyms]     [k] exit_to_user_mode_prepare
0.22% exit_to_user_mode_prepare;task_work_run;__fput;__dentry_kill;dentry_unlink_inode
     0.22%     0.00%  c2d      [kernel.kallsyms]     [k] task_work_run
0.22% task_work_run;__fput;__dentry_kill;dentry_unlink_inode
     0.22%     0.00%  c2d      [kernel.kallsyms]     [k] __fput
0.22% __fput;__dentry_kill;dentry_unlink_inode
     0.22%     0.00%  c2d      [kernel.kallsyms]     [k] __dentry_kill
0.22% __dentry_kill;dentry_unlink_inode
     0.17%     0.17%  c2d      [kernel.kallsyms]     [k] memset
0.17% 0x7f30b7299a97;entry_SYSCALL_64_after_hwframe;do_syscall_64;__x64_sys_execve;do_execveat_common.isra.0;bprm_execve;load_elf_binary;elf_map;vm_mmap_pgoff;do_mmap;mmap_region;perf_event_mmap;kmalloc_trace;__kmem_cache_alloc_node;memset
     0.17%     0.00%  c2d      [kernel.kallsyms]     [k] elf_map
0.17% elf_map;vm_mmap_pgoff;do_mmap;mmap_region;perf_event_mmap;kmalloc_trace;__kmem_cache_alloc_node;memset
     0.17%     0.00%  c2d      [kernel.kallsyms]     [k] kmalloc_trace
0.17% kmalloc_trace;__kmem_cache_alloc_node;memset
     0.17%     0.00%  c2d      [kernel.kallsyms]     [k] __kmem_cache_alloc_node
0.17% __kmem_cache_alloc_node;memset
     0.07%     0.07%  c2d      [kernel.kallsyms]     [k] apparmor_bprm_committed_creds
0.07% 0x7f30b7299a97;entry_SYSCALL_64_after_hwframe;do_syscall_64;__x64_sys_execve;do_execveat_common.isra.0;bprm_execve;load_elf_binary;begin_new_exec;security_bprm_committed_creds;apparmor_bprm_committed_creds
     0.07%     0.00%  c2d      [kernel.kallsyms]     [k] begin_new_exec
0.07% begin_new_exec;security_bprm_committed_creds;apparmor_bprm_committed_creds
     0.07%     0.00%  c2d      [kernel.kallsyms]     [k] security_bprm_committed_creds
0.07% security_bprm_committed_creds;apparmor_bprm_committed_creds
     0.02%     0.00%  perf-ex  [unknown]             [k] 0x00007f30b7299a97
0.02% 0x7f30b7299a97;entry_SYSCALL_64_after_hwframe;do_syscall_64;__x64_sys_execve;do_execveat_common.isra.0;bprm_execve;load_elf_binary;begin_new_exec;perf_event_exec;mutex_lock;__cond_resched
     0.02%     0.00%  perf-ex  [kernel.kallsyms]     [k] entry_SYSCALL_64_after_hwframe
0.02% entry_SYSCALL_64_after_hwframe;do_syscall_64;__x64_sys_execve;do_execveat_common.isra.0;bprm_execve;load_elf_binary;begin_new_exec;perf_event_exec;mutex_lock;__cond_resched
     0.02%     0.00%  perf-ex  [kernel.kallsyms]     [k] do_syscall_64
0.02% do_syscall_64;__x64_sys_execve;do_execveat_common.isra.0;bprm_execve;load_elf_binary;begin_new_exec;perf_event_exec;mutex_lock;__cond_resched
     0.02%     0.00%  perf-ex  [kernel.kallsyms]     [k] __x64_sys_execve
0.02% __x64_sys_execve;do_execveat_common.isra.0;bprm_execve;load_elf_binary;begin_new_exec;perf_event_exec;mutex_lock;__cond_resched
     0.02%     0.00%  perf-ex  [kernel.kallsyms]     [k] do_execveat_common.isra.0
0.02% do_execveat_common.isra.0;bprm_execve;load_elf_binary;begin_new_exec;perf_event_exec;mutex_lock;__cond_resched
     0.02%     0.00%  perf-ex  [kernel.kallsyms]     [k] bprm_execve
0.02% bprm_execve;load_elf_binary;begin_new_exec;perf_event_exec;mutex_lock;__cond_resched
     0.02%     0.00%  perf-ex  [kernel.kallsyms]     [k] load_elf_binary
0.02% load_elf_binary;begin_new_exec;perf_event_exec;mutex_lock;__cond_resched
     0.02%     0.00%  perf-ex  [kernel.kallsyms]     [k] begin_new_exec
0.02% begin_new_exec;perf_event_exec;mutex_lock;__cond_resched
     0.02%     0.00%  perf-ex  [kernel.kallsyms]     [k] perf_event_exec
0.02% perf_event_exec;mutex_lock;__cond_resched
     0.02%     0.02%  perf-ex  [kernel.kallsyms]     [k] __cond_resched
0.02% 0x7f30b7299a97;entry_SYSCALL_64_after_hwframe;do_syscall_64;__x64_sys_execve;do_execveat_common.isra.0;bprm_execve;load_elf_binary;begin_new_exec;perf_event_exec;mutex_lock;__cond_resched
     0.02%     0.00%  perf-ex  [kernel.kallsyms]     [k] mutex_lock
0.02% mutex_lock;__cond_resched
     0.00%     0.00%  perf-ex  [kernel.kallsyms]     [k] native_write_msr
     0.00%     0.00%  perf-ex  [kernel.kallsyms]     [k] __intel_pmu_enable_all.constprop.0
     0.00%     0.00%  perf-ex  [kernel.kallsyms]     [k] native_flush_tlb_one_user
     0.00%     0.00%  perf-ex  [kernel.kallsyms]     [k] nmi_cpu_backtrace


#
# (Tip: See assembly instructions with percentage: perf annotate <symbol>)
#
