# To display the perf.data header info, please use --header/--header-only options.
#
#
# Total Lost Samples: 0
#
# Samples: 324  of event 'cycles'
# Event count (approx.): 225195767
#
# Children      Self  Command  Shared Object         Symbol                                
# ........  ........  .......  ....................  ......................................
#
    95.30%     0.00%  c2d      libc.so.6             [.] 0x00007f748544624a
93.42% 0x7f748544624a;main;cnf2ddnnf_cmd_line;free_cache_manager
0.32% 0x7f748544624a;cfree
0.32% 0x7f748544624a;main;cnf2ddnnf_cmd_line;free_cache_manager;asm_exc_page_fault;irqentry_exit_to_user_mode;exit_to_user_mode_prepare;fpregs_assert_state_consistent
0.32% 0x7f748544624a;main;cnf2ddnnf_cmd_line;free_cache_manager;asm_exc_page_fault;exc_page_fault;do_user_addr_fault;handle_mm_fault;__handle_mm_fault
0.32% 0x7f748544624a;main;cnf2ddnnf_cmd_line;free_cache_manager;asm_sysvec_apic_timer_interrupt;sysvec_apic_timer_interrupt;__sysvec_apic_timer_interrupt;hrtimer_interrupt;__hrtimer_run_queues;tick_sched_timer;tick_sched_handle;update_process_times;scheduler_tick;arch_scale_freq_tick;native_read_msr
0.30% 0x7f748544624a;main;cnf2ddnnf_cmd_line;compile_cnf;compile_dt;compile_dt;compile_dt;compile_decomposed;lookup_or_compile_dt;insert_cnf_cache;add_cache_entry;asm_exc_page_fault;exc_page_fault;do_user_addr_fault;handle_mm_fault;__handle_mm_fault;wp_page_copy;__mem_cgroup_charge;get_mem_cgroup_from_mm
0.30% 0x7f748544624a;main;cnf2ddnnf_cmd_line;load_hdtree_from_file;dtree_skeleton2hdtree;initialize_hdtree;initialize_hdtree;initialize_hdtree;initialize_hdtree;initialize_hdtree;initialize_hdtree;initialize_hdtree;initialize_hdtree;initialize_hdtree;initialize_hdtree;edges_minus
    94.98%     0.00%  c2d      c2d                   [.] main
93.42% main;cnf2ddnnf_cmd_line;free_cache_manager
0.32% main;cnf2ddnnf_cmd_line;free_cache_manager;asm_exc_page_fault;irqentry_exit_to_user_mode;exit_to_user_mode_prepare;fpregs_assert_state_consistent
0.32% main;cnf2ddnnf_cmd_line;free_cache_manager;asm_exc_page_fault;exc_page_fault;do_user_addr_fault;handle_mm_fault;__handle_mm_fault
0.32% main;cnf2ddnnf_cmd_line;free_cache_manager;asm_sysvec_apic_timer_interrupt;sysvec_apic_timer_interrupt;__sysvec_apic_timer_interrupt;hrtimer_interrupt;__hrtimer_run_queues;tick_sched_timer;tick_sched_handle;update_process_times;scheduler_tick;arch_scale_freq_tick;native_read_msr
0.30% main;cnf2ddnnf_cmd_line;compile_cnf;compile_dt;compile_dt;compile_dt;compile_decomposed;lookup_or_compile_dt;insert_cnf_cache;add_cache_entry;asm_exc_page_fault;exc_page_fault;do_user_addr_fault;handle_mm_fault;__handle_mm_fault;wp_page_copy;__mem_cgroup_charge;get_mem_cgroup_from_mm
0.30% main;cnf2ddnnf_cmd_line;load_hdtree_from_file;dtree_skeleton2hdtree;initialize_hdtree;initialize_hdtree;initialize_hdtree;initialize_hdtree;initialize_hdtree;initialize_hdtree;initialize_hdtree;initialize_hdtree;initialize_hdtree;initialize_hdtree;edges_minus
    94.98%     0.00%  c2d      c2d                   [.] cnf2ddnnf_cmd_line
93.42% cnf2ddnnf_cmd_line;free_cache_manager
0.32% cnf2ddnnf_cmd_line;free_cache_manager;asm_exc_page_fault;irqentry_exit_to_user_mode;exit_to_user_mode_prepare;fpregs_assert_state_consistent
0.32% cnf2ddnnf_cmd_line;free_cache_manager;asm_exc_page_fault;exc_page_fault;do_user_addr_fault;handle_mm_fault;__handle_mm_fault
0.32% cnf2ddnnf_cmd_line;free_cache_manager;asm_sysvec_apic_timer_interrupt;sysvec_apic_timer_interrupt;__sysvec_apic_timer_interrupt;hrtimer_interrupt;__hrtimer_run_queues;tick_sched_timer;tick_sched_handle;update_process_times;scheduler_tick;arch_scale_freq_tick;native_read_msr
0.30% cnf2ddnnf_cmd_line;compile_cnf;compile_dt;compile_dt;compile_dt;compile_decomposed;lookup_or_compile_dt;insert_cnf_cache;add_cache_entry;asm_exc_page_fault;exc_page_fault;do_user_addr_fault;handle_mm_fault;__handle_mm_fault;wp_page_copy;__mem_cgroup_charge;get_mem_cgroup_from_mm
0.30% cnf2ddnnf_cmd_line;load_hdtree_from_file;dtree_skeleton2hdtree;initialize_hdtree;initialize_hdtree;initialize_hdtree;initialize_hdtree;initialize_hdtree;initialize_hdtree;initialize_hdtree;initialize_hdtree;initialize_hdtree;initialize_hdtree;edges_minus
    94.38%    93.42%  c2d      c2d                   [.] free_cache_manager
93.42% 0x7f748544624a;main;cnf2ddnnf_cmd_line;free_cache_manager
0.32% free_cache_manager;asm_exc_page_fault;irqentry_exit_to_user_mode;exit_to_user_mode_prepare;fpregs_assert_state_consistent
0.32% free_cache_manager;asm_exc_page_fault;exc_page_fault;do_user_addr_fault;handle_mm_fault;__handle_mm_fault
0.32% free_cache_manager;asm_sysvec_apic_timer_interrupt;sysvec_apic_timer_interrupt;__sysvec_apic_timer_interrupt;hrtimer_interrupt;__hrtimer_run_queues;tick_sched_timer;tick_sched_handle;update_process_times;scheduler_tick;arch_scale_freq_tick;native_read_msr
     2.09%     0.00%  c2d      [kernel.kallsyms]     [k] entry_SYSCALL_64_after_hwframe
0.32% entry_SYSCALL_64_after_hwframe;do_syscall_64;__x64_sys_exit_group;do_group_exit;do_exit;__mmput;exit_mmap;unmap_vmas;unmap_page_range
0.32% entry_SYSCALL_64_after_hwframe;do_syscall_64;__x64_sys_exit_group;do_group_exit;do_exit;__mmput;exit_mmap;tlb_finish_mmu;tlb_batch_pages_flush;release_pages
0.31% entry_SYSCALL_64_after_hwframe;do_syscall_64;__x64_sys_mprotect;do_mprotect_pkey
0.30% entry_SYSCALL_64_after_hwframe;do_syscall_64;vm_mmap_pgoff;do_mmap
0.29% entry_SYSCALL_64_after_hwframe;do_syscall_64;ksys_write;vfs_write;xfs_file_buffered_write;xfs_file_write_checks;file_modified_flags;__file_remove_privs;security_inode_need_killpriv;cap_inode_need_killpriv;__vfs_getxattr;xfs_xattr_get
0.27% entry_SYSCALL_64_after_hwframe;do_syscall_64;ksys_mmap_pgoff;vm_mmap_pgoff;do_mmap;mmap_region;vma_mas_store
0.19% entry_SYSCALL_64_after_hwframe;do_syscall_64;__x64_sys_execve;do_execveat_common.isra.0;bprm_execve;load_elf_binary;elf_map;vm_mmap_pgoff;do_mmap;mmap_region;perf_event_mmap;d_path;prepend_path
0.08% entry_SYSCALL_64_after_hwframe;do_syscall_64;__x64_sys_execve;do_execveat_common.isra.0;bprm_execve;load_elf_binary;randomize_stack_top
     2.09%     0.00%  c2d      [kernel.kallsyms]     [k] do_syscall_64
0.32% do_syscall_64;__x64_sys_exit_group;do_group_exit;do_exit;__mmput;exit_mmap;unmap_vmas;unmap_page_range
0.32% do_syscall_64;__x64_sys_exit_group;do_group_exit;do_exit;__mmput;exit_mmap;tlb_finish_mmu;tlb_batch_pages_flush;release_pages
0.31% do_syscall_64;__x64_sys_mprotect;do_mprotect_pkey
0.30% do_syscall_64;vm_mmap_pgoff;do_mmap
0.29% do_syscall_64;ksys_write;vfs_write;xfs_file_buffered_write;xfs_file_write_checks;file_modified_flags;__file_remove_privs;security_inode_need_killpriv;cap_inode_need_killpriv;__vfs_getxattr;xfs_xattr_get
0.27% do_syscall_64;ksys_mmap_pgoff;vm_mmap_pgoff;do_mmap;mmap_region;vma_mas_store
0.19% do_syscall_64;__x64_sys_execve;do_execveat_common.isra.0;bprm_execve;load_elf_binary;elf_map;vm_mmap_pgoff;do_mmap;mmap_region;perf_event_mmap;d_path;prepend_path
0.08% do_syscall_64;__x64_sys_execve;do_execveat_common.isra.0;bprm_execve;load_elf_binary;randomize_stack_top
     1.78%     0.00%  c2d      [kernel.kallsyms]     [k] asm_exc_page_fault
0.32% asm_exc_page_fault;irqentry_exit_to_user_mode;exit_to_user_mode_prepare;fpregs_assert_state_consistent
0.32% asm_exc_page_fault;exc_page_fault;do_user_addr_fault;handle_mm_fault;__handle_mm_fault
0.30% asm_exc_page_fault;exc_page_fault;do_user_addr_fault;handle_mm_fault;__handle_mm_fault;wp_page_copy;__mem_cgroup_charge;get_mem_cgroup_from_mm
0.29% asm_exc_page_fault;exc_page_fault;do_user_addr_fault;handle_mm_fault;__handle_mm_fault;do_fault;filemap_map_pages;xas_find;xas_load
0.29% asm_exc_page_fault;exc_page_fault;do_user_addr_fault;handle_mm_fault;__handle_mm_fault;vma_alloc_folio
0.25% asm_exc_page_fault;exc_page_fault;do_user_addr_fault;handle_mm_fault;__handle_mm_fault;do_fault;vma_alloc_folio;__folio_alloc;__alloc_pages;get_page_from_freelist;clear_page_rep
     1.45%     0.00%  c2d      [kernel.kallsyms]     [k] exc_page_fault
0.32% exc_page_fault;do_user_addr_fault;handle_mm_fault;__handle_mm_fault
0.30% exc_page_fault;do_user_addr_fault;handle_mm_fault;__handle_mm_fault;wp_page_copy;__mem_cgroup_charge;get_mem_cgroup_from_mm
0.29% exc_page_fault;do_user_addr_fault;handle_mm_fault;__handle_mm_fault;do_fault;filemap_map_pages;xas_find;xas_load
0.29% exc_page_fault;do_user_addr_fault;handle_mm_fault;__handle_mm_fault;vma_alloc_folio
0.25% exc_page_fault;do_user_addr_fault;handle_mm_fault;__handle_mm_fault;do_fault;vma_alloc_folio;__folio_alloc;__alloc_pages;get_page_from_freelist;clear_page_rep
     1.45%     0.32%  c2d      [kernel.kallsyms]     [k] __handle_mm_fault
0.32% 0x7f748544624a;main;cnf2ddnnf_cmd_line;free_cache_manager;asm_exc_page_fault;exc_page_fault;do_user_addr_fault;handle_mm_fault;__handle_mm_fault
0.30% __handle_mm_fault;wp_page_copy;__mem_cgroup_charge;get_mem_cgroup_from_mm
0.29% __handle_mm_fault;do_fault;filemap_map_pages;xas_find;xas_load
0.29% __handle_mm_fault;vma_alloc_folio
0.25% __handle_mm_fault;do_fault;vma_alloc_folio;__folio_alloc;__alloc_pages;get_page_from_freelist;clear_page_rep
     1.45%     0.00%  c2d      [kernel.kallsyms]     [k] do_user_addr_fault
0.32% do_user_addr_fault;handle_mm_fault;__handle_mm_fault
0.30% do_user_addr_fault;handle_mm_fault;__handle_mm_fault;wp_page_copy;__mem_cgroup_charge;get_mem_cgroup_from_mm
0.29% do_user_addr_fault;handle_mm_fault;__handle_mm_fault;do_fault;filemap_map_pages;xas_find;xas_load
0.29% do_user_addr_fault;handle_mm_fault;__handle_mm_fault;vma_alloc_folio
0.25% do_user_addr_fault;handle_mm_fault;__handle_mm_fault;do_fault;vma_alloc_folio;__folio_alloc;__alloc_pages;get_page_from_freelist;clear_page_rep
     1.45%     0.00%  c2d      [kernel.kallsyms]     [k] handle_mm_fault
0.32% handle_mm_fault;__handle_mm_fault
0.30% handle_mm_fault;__handle_mm_fault;wp_page_copy;__mem_cgroup_charge;get_mem_cgroup_from_mm
0.29% handle_mm_fault;__handle_mm_fault;do_fault;filemap_map_pages;xas_find;xas_load
0.29% handle_mm_fault;__handle_mm_fault;vma_alloc_folio
0.25% handle_mm_fault;__handle_mm_fault;do_fault;vma_alloc_folio;__folio_alloc;__alloc_pages;get_page_from_freelist;clear_page_rep
     0.86%     0.00%  c2d      [unknown]             [k] 0x00007f74859f38a8
0.30% 0x7f74859f38a8;0x7f74859be170;0x6;0;0x7f74859c9a43
0.28% 0x7f74859f38a8;0x7f74859c8075;0x7f74859d047e
0.27% 0x7f74859f38a8;0x7f74859c8075;0x7f74859e0ae3;entry_SYSCALL_64_after_hwframe;do_syscall_64;ksys_mmap_pgoff;vm_mmap_pgoff;do_mmap;mmap_region;vma_mas_store
     0.85%     0.00%  c2d      ld-linux-x86-64.so.2  [.] 0x00007f74859daa58
0.31% 0x7f74859daa58;0x7f74859da22f;0x7f74859ddc99;0x7f74859e0b47;entry_SYSCALL_64_after_hwframe;do_syscall_64;__x64_sys_mprotect;do_mprotect_pkey
0.29% 0x7f74859daa58;0x7f74859da22f;0x7f74859ddc99;sinf32
0.25% 0x7f74859daa58;0x7f74859db6a9;asm_exc_page_fault;exc_page_fault;do_user_addr_fault;handle_mm_fault;__handle_mm_fault;do_fault;vma_alloc_folio;__folio_alloc;__alloc_pages;get_page_from_freelist;clear_page_rep
     0.77%     0.00%  c2d      [kernel.kallsyms]     [k] vm_mmap_pgoff
0.30% vm_mmap_pgoff;do_mmap
0.27% vm_mmap_pgoff;do_mmap;mmap_region;vma_mas_store
0.19% vm_mmap_pgoff;do_mmap;mmap_region;perf_event_mmap;d_path;prepend_path
     0.77%     0.30%  c2d      [kernel.kallsyms]     [k] do_mmap
0.30% __mmap;entry_SYSCALL_64_after_hwframe;do_syscall_64;vm_mmap_pgoff;do_mmap
0.27% do_mmap;mmap_region;vma_mas_store
0.19% do_mmap;mmap_region;perf_event_mmap;d_path;prepend_path
     0.64%     0.00%  c2d      [kernel.kallsyms]     [k] __x64_sys_exit_group
0.32% __x64_sys_exit_group;do_group_exit;do_exit;__mmput;exit_mmap;unmap_vmas;unmap_page_range
0.32% __x64_sys_exit_group;do_group_exit;do_exit;__mmput;exit_mmap;tlb_finish_mmu;tlb_batch_pages_flush;release_pages
     0.64%     0.00%  c2d      [kernel.kallsyms]     [k] do_group_exit
0.32% do_group_exit;do_exit;__mmput;exit_mmap;unmap_vmas;unmap_page_range
0.32% do_group_exit;do_exit;__mmput;exit_mmap;tlb_finish_mmu;tlb_batch_pages_flush;release_pages
     0.64%     0.00%  c2d      [kernel.kallsyms]     [k] do_exit
0.32% do_exit;__mmput;exit_mmap;unmap_vmas;unmap_page_range
0.32% do_exit;__mmput;exit_mmap;tlb_finish_mmu;tlb_batch_pages_flush;release_pages
     0.64%     0.00%  c2d      [kernel.kallsyms]     [k] __mmput
0.32% __mmput;exit_mmap;unmap_vmas;unmap_page_range
0.32% __mmput;exit_mmap;tlb_finish_mmu;tlb_batch_pages_flush;release_pages
     0.64%     0.00%  c2d      [kernel.kallsyms]     [k] exit_mmap
0.32% exit_mmap;unmap_vmas;unmap_page_range
0.32% exit_mmap;tlb_finish_mmu;tlb_batch_pages_flush;release_pages
     0.60%     0.00%  c2d      ld-linux-x86-64.so.2  [.] 0x00007f74859da22f
0.31% 0x7f74859da22f;0x7f74859ddc99;0x7f74859e0b47;entry_SYSCALL_64_after_hwframe;do_syscall_64;__x64_sys_mprotect;do_mprotect_pkey
0.29% 0x7f74859da22f;0x7f74859ddc99;sinf32
     0.60%     0.00%  c2d      ld-linux-x86-64.so.2  [.] 0x00007f74859ddc99
0.31% 0x7f74859ddc99;0x7f74859e0b47;entry_SYSCALL_64_after_hwframe;do_syscall_64;__x64_sys_mprotect;do_mprotect_pkey
0.29% 0x7f74859ddc99;sinf32
     0.59%     0.00%  c2d      [unknown]             [.] 0000000000000000
0.30% 0;0x7f74859c9a43
0.29% 0;_IO_file_doallocate;asm_exc_page_fault;exc_page_fault;do_user_addr_fault;handle_mm_fault;__handle_mm_fault;do_fault;filemap_map_pages;xas_find;xas_load
     0.55%     0.00%  c2d      ld-linux-x86-64.so.2  [.] 0x00007f74859c8075
0.28% 0x7f74859c8075;0x7f74859d047e
0.27% 0x7f74859c8075;0x7f74859e0ae3;entry_SYSCALL_64_after_hwframe;do_syscall_64;ksys_mmap_pgoff;vm_mmap_pgoff;do_mmap;mmap_region;vma_mas_store
     0.54%     0.00%  c2d      [kernel.kallsyms]     [k] do_fault
0.29% do_fault;filemap_map_pages;xas_find;xas_load
0.25% do_fault;vma_alloc_folio;__folio_alloc;__alloc_pages;get_page_from_freelist;clear_page_rep
     0.54%     0.29%  c2d      [kernel.kallsyms]     [k] __folio_alloc
0.29% 0x7f74854b60d6;asm_exc_page_fault;exc_page_fault;do_user_addr_fault;handle_mm_fault;__handle_mm_fault;vma_alloc_folio
0.25% __folio_alloc;__alloc_pages;get_page_from_freelist;clear_page_rep
     0.54%     0.00%  c2d      [kernel.kallsyms]     [k] vma_alloc_folio
0.29% vma_alloc_folio
0.25% vma_alloc_folio;__folio_alloc;__alloc_pages;get_page_from_freelist;clear_page_rep
     0.47%     0.00%  c2d      [kernel.kallsyms]     [k] mmap_region
0.27% mmap_region;vma_mas_store
0.19% mmap_region;perf_event_mmap;d_path;prepend_path
     0.32%     0.32%  c2d      libc.so.6             [.] cfree
0.32% 0x7f748544624a;cfree
     0.32%     0.32%  c2d      [kernel.kallsyms]     [k] fpregs_assert_state_consistent
0.32% 0x7f748544624a;main;cnf2ddnnf_cmd_line;free_cache_manager;asm_exc_page_fault;irqentry_exit_to_user_mode;exit_to_user_mode_prepare;fpregs_assert_state_consistent
     0.32%     0.00%  c2d      [kernel.kallsyms]     [k] irqentry_exit_to_user_mode
0.32% irqentry_exit_to_user_mode;exit_to_user_mode_prepare;fpregs_assert_state_consistent
     0.32%     0.00%  c2d      [kernel.kallsyms]     [k] exit_to_user_mode_prepare
0.32% exit_to_user_mode_prepare;fpregs_assert_state_consistent
     0.32%     0.32%  c2d      [kernel.kallsyms]     [k] unmap_page_range
0.32% entry_SYSCALL_64_after_hwframe;do_syscall_64;__x64_sys_exit_group;do_group_exit;do_exit;__mmput;exit_mmap;unmap_vmas;unmap_page_range
     0.32%     0.00%  c2d      [kernel.kallsyms]     [k] unmap_vmas
0.32% unmap_vmas;unmap_page_range
     0.32%     0.32%  c2d      [kernel.kallsyms]     [k] release_pages
0.32% entry_SYSCALL_64_after_hwframe;do_syscall_64;__x64_sys_exit_group;do_group_exit;do_exit;__mmput;exit_mmap;tlb_finish_mmu;tlb_batch_pages_flush;release_pages
     0.32%     0.00%  c2d      [kernel.kallsyms]     [k] tlb_finish_mmu
0.32% tlb_finish_mmu;tlb_batch_pages_flush;release_pages
     0.32%     0.00%  c2d      [kernel.kallsyms]     [k] tlb_batch_pages_flush
0.32% tlb_batch_pages_flush;release_pages
     0.32%     0.32%  c2d      [kernel.kallsyms]     [k] native_read_msr
0.32% 0x7f748544624a;main;cnf2ddnnf_cmd_line;free_cache_manager;asm_sysvec_apic_timer_interrupt;sysvec_apic_timer_interrupt;__sysvec_apic_timer_interrupt;hrtimer_interrupt;__hrtimer_run_queues;tick_sched_timer;tick_sched_handle;update_process_times;scheduler_tick;arch_scale_freq_tick;native_read_msr
     0.32%     0.00%  c2d      [kernel.kallsyms]     [k] asm_sysvec_apic_timer_interrupt
0.32% asm_sysvec_apic_timer_interrupt;sysvec_apic_timer_interrupt;__sysvec_apic_timer_interrupt;hrtimer_interrupt;__hrtimer_run_queues;tick_sched_timer;tick_sched_handle;update_process_times;scheduler_tick;arch_scale_freq_tick;native_read_msr
     0.32%     0.00%  c2d      [kernel.kallsyms]     [k] sysvec_apic_timer_interrupt
0.32% sysvec_apic_timer_interrupt;__sysvec_apic_timer_interrupt;hrtimer_interrupt;__hrtimer_run_queues;tick_sched_timer;tick_sched_handle;update_process_times;scheduler_tick;arch_scale_freq_tick;native_read_msr
     0.32%     0.00%  c2d      [kernel.kallsyms]     [k] __sysvec_apic_timer_interrupt
0.32% __sysvec_apic_timer_interrupt;hrtimer_interrupt;__hrtimer_run_queues;tick_sched_timer;tick_sched_handle;update_process_times;scheduler_tick;arch_scale_freq_tick;native_read_msr
     0.32%     0.00%  c2d      [kernel.kallsyms]     [k] hrtimer_interrupt
0.32% hrtimer_interrupt;__hrtimer_run_queues;tick_sched_timer;tick_sched_handle;update_process_times;scheduler_tick;arch_scale_freq_tick;native_read_msr
     0.32%     0.00%  c2d      [kernel.kallsyms]     [k] __hrtimer_run_queues
0.32% __hrtimer_run_queues;tick_sched_timer;tick_sched_handle;update_process_times;scheduler_tick;arch_scale_freq_tick;native_read_msr
     0.32%     0.00%  c2d      [kernel.kallsyms]     [k] tick_sched_timer
0.32% tick_sched_timer;tick_sched_handle;update_process_times;scheduler_tick;arch_scale_freq_tick;native_read_msr
     0.32%     0.00%  c2d      [kernel.kallsyms]     [k] tick_sched_handle
0.32% tick_sched_handle;update_process_times;scheduler_tick;arch_scale_freq_tick;native_read_msr
     0.32%     0.00%  c2d      [kernel.kallsyms]     [k] update_process_times
0.32% update_process_times;scheduler_tick;arch_scale_freq_tick;native_read_msr
     0.32%     0.00%  c2d      [kernel.kallsyms]     [k] scheduler_tick
0.32% scheduler_tick;arch_scale_freq_tick;native_read_msr
     0.32%     0.00%  c2d      [kernel.kallsyms]     [k] arch_scale_freq_tick
0.32% arch_scale_freq_tick;native_read_msr
     0.31%     0.31%  c2d      [kernel.kallsyms]     [k] do_mprotect_pkey
0.31% 0x7f74859daa58;0x7f74859da22f;0x7f74859ddc99;0x7f74859e0b47;entry_SYSCALL_64_after_hwframe;do_syscall_64;__x64_sys_mprotect;do_mprotect_pkey
     0.31%     0.00%  c2d      ld-linux-x86-64.so.2  [.] 0x00007f74859e0b47
0.31% 0x7f74859e0b47;entry_SYSCALL_64_after_hwframe;do_syscall_64;__x64_sys_mprotect;do_mprotect_pkey
     0.31%     0.00%  c2d      [kernel.kallsyms]     [k] __x64_sys_mprotect
0.31% __x64_sys_mprotect;do_mprotect_pkey
     0.30%     0.30%  c2d      ld-linux-x86-64.so.2  [.] 0x0000000000009a3e
0.30% 0x7f74859f38a8;0x7f74859be170;0x6;0;0x7f74859c9a43
     0.30%     0.00%  c2d      [unknown]             [.] 0x00007f74859be170
0.30% 0x7f74859be170;0x6;0;0x7f74859c9a43
     0.30%     0.00%  c2d      [unknown]             [.] 0x0000000000000006
0.30% 0x6;0;0x7f74859c9a43
     0.30%     0.00%  c2d      ld-linux-x86-64.so.2  [.] 0x00007f74859c9a43
0.30% 0x7f74859c9a43
     0.30%     0.30%  c2d      [kernel.kallsyms]     [k] get_mem_cgroup_from_mm
0.30% 0x7f748544624a;main;cnf2ddnnf_cmd_line;compile_cnf;compile_dt;compile_dt;compile_dt;compile_decomposed;lookup_or_compile_dt;insert_cnf_cache;add_cache_entry;asm_exc_page_fault;exc_page_fault;do_user_addr_fault;handle_mm_fault;__handle_mm_fault;wp_page_copy;__mem_cgroup_charge;get_mem_cgroup_from_mm
     0.30%     0.00%  c2d      c2d                   [.] compile_cnf
0.30% compile_cnf;compile_dt;compile_dt;compile_dt;compile_decomposed;lookup_or_compile_dt;insert_cnf_cache;add_cache_entry;asm_exc_page_fault;exc_page_fault;do_user_addr_fault;handle_mm_fault;__handle_mm_fault;wp_page_copy;__mem_cgroup_charge;get_mem_cgroup_from_mm
     0.30%     0.00%  c2d      c2d                   [.] compile_dt
0.30% compile_dt;compile_dt;compile_dt;compile_decomposed;lookup_or_compile_dt;insert_cnf_cache;add_cache_entry;asm_exc_page_fault;exc_page_fault;do_user_addr_fault;handle_mm_fault;__handle_mm_fault;wp_page_copy;__mem_cgroup_charge;get_mem_cgroup_from_mm
     0.30%     0.00%  c2d      c2d                   [.] compile_decomposed
0.30% compile_decomposed;lookup_or_compile_dt;insert_cnf_cache;add_cache_entry;asm_exc_page_fault;exc_page_fault;do_user_addr_fault;handle_mm_fault;__handle_mm_fault;wp_page_copy;__mem_cgroup_charge;get_mem_cgroup_from_mm
     0.30%     0.00%  c2d      c2d                   [.] lookup_or_compile_dt
0.30% lookup_or_compile_dt;insert_cnf_cache;add_cache_entry;asm_exc_page_fault;exc_page_fault;do_user_addr_fault;handle_mm_fault;__handle_mm_fault;wp_page_copy;__mem_cgroup_charge;get_mem_cgroup_from_mm
     0.30%     0.00%  c2d      c2d                   [.] insert_cnf_cache
0.30% insert_cnf_cache;add_cache_entry;asm_exc_page_fault;exc_page_fault;do_user_addr_fault;handle_mm_fault;__handle_mm_fault;wp_page_copy;__mem_cgroup_charge;get_mem_cgroup_from_mm
     0.30%     0.00%  c2d      c2d                   [.] add_cache_entry
0.30% add_cache_entry;asm_exc_page_fault;exc_page_fault;do_user_addr_fault;handle_mm_fault;__handle_mm_fault;wp_page_copy;__mem_cgroup_charge;get_mem_cgroup_from_mm
     0.30%     0.00%  c2d      [kernel.kallsyms]     [k] wp_page_copy
0.30% wp_page_copy;__mem_cgroup_charge;get_mem_cgroup_from_mm
     0.30%     0.00%  c2d      [kernel.kallsyms]     [k] __mem_cgroup_charge
0.30% __mem_cgroup_charge;get_mem_cgroup_from_mm
     0.30%     0.30%  c2d      ld-linux-x86-64.so.2  [.] 0x0000000000009060
0.30% 0x7f74859c9064
     0.30%     0.00%  c2d      ld-linux-x86-64.so.2  [.] 0x00007f74859c9064
0.30% 0x7f74859c9064
     0.30%     0.00%  c2d      libc.so.6             [.] __mmap
0.30% __mmap;entry_SYSCALL_64_after_hwframe;do_syscall_64;vm_mmap_pgoff;do_mmap
     0.30%     0.30%  c2d      c2d                   [.] edges_minus
0.30% 0x7f748544624a;main;cnf2ddnnf_cmd_line;load_hdtree_from_file;dtree_skeleton2hdtree;initialize_hdtree;initialize_hdtree;initialize_hdtree;initialize_hdtree;initialize_hdtree;initialize_hdtree;initialize_hdtree;initialize_hdtree;initialize_hdtree;initialize_hdtree;edges_minus
     0.30%     0.00%  c2d      c2d                   [.] load_hdtree_from_file
0.30% load_hdtree_from_file;dtree_skeleton2hdtree;initialize_hdtree;initialize_hdtree;initialize_hdtree;initialize_hdtree;initialize_hdtree;initialize_hdtree;initialize_hdtree;initialize_hdtree;initialize_hdtree;initialize_hdtree;edges_minus
     0.30%     0.00%  c2d      c2d                   [.] dtree_skeleton2hdtree
0.30% dtree_skeleton2hdtree;initialize_hdtree;initialize_hdtree;initialize_hdtree;initialize_hdtree;initialize_hdtree;initialize_hdtree;initialize_hdtree;initialize_hdtree;initialize_hdtree;initialize_hdtree;edges_minus
     0.30%     0.00%  c2d      c2d                   [.] initialize_hdtree
0.30% initialize_hdtree;initialize_hdtree;initialize_hdtree;initialize_hdtree;initialize_hdtree;initialize_hdtree;initialize_hdtree;initialize_hdtree;initialize_hdtree;initialize_hdtree;edges_minus
     0.30%     0.30%  c2d      ld-linux-x86-64.so.2  [.] 0x0000000000009966
0.30% 0xc6300;0x7f748567a758;0x7f74859c996c
     0.30%     0.00%  c2d      [unknown]             [.] 0x00000000000c6300
0.30% 0xc6300;0x7f748567a758;0x7f74859c996c
     0.30%     0.00%  c2d      [unknown]             [.] 0x00007f748567a758
0.30% 0x7f748567a758;0x7f74859c996c
     0.30%     0.00%  c2d      ld-linux-x86-64.so.2  [.] 0x00007f74859c996c
0.30% 0x7f74859c996c
     0.29%     0.29%  c2d      [xfs]                 [k] xfs_xattr_get
0.29% 0x72656c69706d6f63;write;entry_SYSCALL_64_after_hwframe;do_syscall_64;ksys_write;vfs_write;xfs_file_buffered_write;xfs_file_write_checks;file_modified_flags;__file_remove_privs;security_inode_need_killpriv;cap_inode_need_killpriv;__vfs_getxattr;xfs_xattr_get
     0.29%     0.00%  c2d      [unknown]             [k] 0x72656c69706d6f63
0.29% 0x72656c69706d6f63;write;entry_SYSCALL_64_after_hwframe;do_syscall_64;ksys_write;vfs_write;xfs_file_buffered_write;xfs_file_write_checks;file_modified_flags;__file_remove_privs;security_inode_need_killpriv;cap_inode_need_killpriv;__vfs_getxattr;xfs_xattr_get
     0.29%     0.00%  c2d      libc.so.6             [.] write
0.29% write;entry_SYSCALL_64_after_hwframe;do_syscall_64;ksys_write;vfs_write;xfs_file_buffered_write;xfs_file_write_checks;file_modified_flags;__file_remove_privs;security_inode_need_killpriv;cap_inode_need_killpriv;__vfs_getxattr;xfs_xattr_get
     0.29%     0.00%  c2d      [kernel.kallsyms]     [k] ksys_write
0.29% ksys_write;vfs_write;xfs_file_buffered_write;xfs_file_write_checks;file_modified_flags;__file_remove_privs;security_inode_need_killpriv;cap_inode_need_killpriv;__vfs_getxattr;xfs_xattr_get
     0.29%     0.00%  c2d      [kernel.kallsyms]     [k] vfs_write
0.29% vfs_write;xfs_file_buffered_write;xfs_file_write_checks;file_modified_flags;__file_remove_privs;security_inode_need_killpriv;cap_inode_need_killpriv;__vfs_getxattr;xfs_xattr_get
     0.29%     0.00%  c2d      [xfs]                 [k] xfs_file_buffered_write
0.29% xfs_file_buffered_write;xfs_file_write_checks;file_modified_flags;__file_remove_privs;security_inode_need_killpriv;cap_inode_need_killpriv;__vfs_getxattr;xfs_xattr_get
     0.29%     0.00%  c2d      [xfs]                 [k] xfs_file_write_checks
0.29% xfs_file_write_checks;file_modified_flags;__file_remove_privs;security_inode_need_killpriv;cap_inode_need_killpriv;__vfs_getxattr;xfs_xattr_get
     0.29%     0.00%  c2d      [kernel.kallsyms]     [k] file_modified_flags
0.29% file_modified_flags;__file_remove_privs;security_inode_need_killpriv;cap_inode_need_killpriv;__vfs_getxattr;xfs_xattr_get
     0.29%     0.00%  c2d      [kernel.kallsyms]     [k] __file_remove_privs
0.29% __file_remove_privs;security_inode_need_killpriv;cap_inode_need_killpriv;__vfs_getxattr;xfs_xattr_get
     0.29%     0.00%  c2d      [kernel.kallsyms]     [k] security_inode_need_killpriv
0.29% security_inode_need_killpriv;cap_inode_need_killpriv;__vfs_getxattr;xfs_xattr_get
     0.29%     0.00%  c2d      [kernel.kallsyms]     [k] cap_inode_need_killpriv
0.29% cap_inode_need_killpriv;__vfs_getxattr;xfs_xattr_get
     0.29%     0.00%  c2d      [kernel.kallsyms]     [k] __vfs_getxattr
0.29% __vfs_getxattr;xfs_xattr_get
     0.29%     0.29%  c2d      libm.so.6             [.] sinf32
0.29% 0x7f74859daa58;0x7f74859da22f;0x7f74859ddc99;sinf32
     0.29%     0.29%  c2d      [kernel.kallsyms]     [k] xas_load
0.29% 0;_IO_file_doallocate;asm_exc_page_fault;exc_page_fault;do_user_addr_fault;handle_mm_fault;__handle_mm_fault;do_fault;filemap_map_pages;xas_find;xas_load
     0.29%     0.00%  c2d      libc.so.6             [.] _IO_file_doallocate
0.29% _IO_file_doallocate;asm_exc_page_fault;exc_page_fault;do_user_addr_fault;handle_mm_fault;__handle_mm_fault;do_fault;filemap_map_pages;xas_find;xas_load
     0.29%     0.00%  c2d      [kernel.kallsyms]     [k] filemap_map_pages
0.29% filemap_map_pages;xas_find;xas_load
     0.29%     0.00%  c2d      [kernel.kallsyms]     [k] xas_find
0.29% xas_find;xas_load
     0.29%     0.00%  c2d      libc.so.6             [.] 0x00007f74854b60d6
0.29% 0x7f74854b60d6;asm_exc_page_fault;exc_page_fault;do_user_addr_fault;handle_mm_fault;__handle_mm_fault;vma_alloc_folio
     0.29%     0.29%  c2d      ld-linux-x86-64.so.2  [.] 0x00000000000220e3
0.29% 0x7f74859e20e7
     0.29%     0.00%  c2d      ld-linux-x86-64.so.2  [.] 0x00007f74859e20e7
0.29% 0x7f74859e20e7
     0.28%     0.28%  c2d      ld-linux-x86-64.so.2  [.] 0x000000000001047c
0.28% 0x7f74859f38a8;0x7f74859c8075;0x7f74859d047e
     0.28%     0.00%  c2d      ld-linux-x86-64.so.2  [.] 0x00007f74859d047e
0.28% 0x7f74859d047e
     0.28%     0.00%  c2d      [unknown]             [k] 0x00007f17c14f3a97
0.19% 0x7f17c14f3a97;entry_SYSCALL_64_after_hwframe;do_syscall_64;__x64_sys_execve;do_execveat_common.isra.0;bprm_execve;load_elf_binary;elf_map;vm_mmap_pgoff;do_mmap;mmap_region;perf_event_mmap;d_path;prepend_path
0.08% 0x7f17c14f3a97;entry_SYSCALL_64_after_hwframe;do_syscall_64;__x64_sys_execve;do_execveat_common.isra.0;bprm_execve;load_elf_binary;randomize_stack_top
     0.28%     0.00%  c2d      [kernel.kallsyms]     [k] __x64_sys_execve
0.19% __x64_sys_execve;do_execveat_common.isra.0;bprm_execve;load_elf_binary;elf_map;vm_mmap_pgoff;do_mmap;mmap_region;perf_event_mmap;d_path;prepend_path
0.08% __x64_sys_execve;do_execveat_common.isra.0;bprm_execve;load_elf_binary;randomize_stack_top
     0.28%     0.00%  c2d      [kernel.kallsyms]     [k] do_execveat_common.isra.0
0.19% do_execveat_common.isra.0;bprm_execve;load_elf_binary;elf_map;vm_mmap_pgoff;do_mmap;mmap_region;perf_event_mmap;d_path;prepend_path
0.08% do_execveat_common.isra.0;bprm_execve;load_elf_binary;randomize_stack_top
     0.28%     0.00%  c2d      [kernel.kallsyms]     [k] bprm_execve
0.19% bprm_execve;load_elf_binary;elf_map;vm_mmap_pgoff;do_mmap;mmap_region;perf_event_mmap;d_path;prepend_path
0.08% bprm_execve;load_elf_binary;randomize_stack_top
     0.28%     0.00%  c2d      [kernel.kallsyms]     [k] load_elf_binary
0.19% load_elf_binary;elf_map;vm_mmap_pgoff;do_mmap;mmap_region;perf_event_mmap;d_path;prepend_path
0.08% load_elf_binary;randomize_stack_top
     0.27%     0.27%  c2d      [kernel.kallsyms]     [k] vma_mas_store
0.27% 0x7f74859f38a8;0x7f74859c8075;0x7f74859e0ae3;entry_SYSCALL_64_after_hwframe;do_syscall_64;ksys_mmap_pgoff;vm_mmap_pgoff;do_mmap;mmap_region;vma_mas_store
     0.27%     0.00%  c2d      ld-linux-x86-64.so.2  [.] 0x00007f74859e0ae3
0.27% 0x7f74859e0ae3;entry_SYSCALL_64_after_hwframe;do_syscall_64;ksys_mmap_pgoff;vm_mmap_pgoff;do_mmap;mmap_region;vma_mas_store
     0.27%     0.00%  c2d      [kernel.kallsyms]     [k] ksys_mmap_pgoff
0.27% ksys_mmap_pgoff;vm_mmap_pgoff;do_mmap;mmap_region;vma_mas_store
     0.25%     0.25%  c2d      [kernel.kallsyms]     [k] clear_page_rep
0.25% 0x7f74859daa58;0x7f74859db6a9;asm_exc_page_fault;exc_page_fault;do_user_addr_fault;handle_mm_fault;__handle_mm_fault;do_fault;vma_alloc_folio;__folio_alloc;__alloc_pages;get_page_from_freelist;clear_page_rep
     0.25%     0.00%  c2d      ld-linux-x86-64.so.2  [.] 0x00007f74859db6a9
0.25% 0x7f74859db6a9;asm_exc_page_fault;exc_page_fault;do_user_addr_fault;handle_mm_fault;__handle_mm_fault;do_fault;vma_alloc_folio;__folio_alloc;__alloc_pages;get_page_from_freelist;clear_page_rep
     0.25%     0.00%  c2d      [kernel.kallsyms]     [k] __alloc_pages
0.25% __alloc_pages;get_page_from_freelist;clear_page_rep
     0.25%     0.00%  c2d      [kernel.kallsyms]     [k] get_page_from_freelist
0.25% get_page_from_freelist;clear_page_rep
     0.19%     0.19%  c2d      [kernel.kallsyms]     [k] prepend_path
0.19% 0x7f17c14f3a97;entry_SYSCALL_64_after_hwframe;do_syscall_64;__x64_sys_execve;do_execveat_common.isra.0;bprm_execve;load_elf_binary;elf_map;vm_mmap_pgoff;do_mmap;mmap_region;perf_event_mmap;d_path;prepend_path
     0.19%     0.00%  c2d      [kernel.kallsyms]     [k] elf_map
0.19% elf_map;vm_mmap_pgoff;do_mmap;mmap_region;perf_event_mmap;d_path;prepend_path
     0.19%     0.00%  c2d      [kernel.kallsyms]     [k] perf_event_mmap
0.19% perf_event_mmap;d_path;prepend_path
     0.19%     0.00%  c2d      [kernel.kallsyms]     [k] d_path
0.19% d_path;prepend_path
     0.08%     0.08%  c2d      [kernel.kallsyms]     [k] randomize_stack_top
0.08% 0x7f17c14f3a97;entry_SYSCALL_64_after_hwframe;do_syscall_64;__x64_sys_execve;do_execveat_common.isra.0;bprm_execve;load_elf_binary;randomize_stack_top
     0.02%     0.00%  perf-ex  [unknown]             [k] 0x00007f17c14f3a97
0.02% 0x7f17c14f3a97;entry_SYSCALL_64_after_hwframe;do_syscall_64;__x64_sys_execve;do_execveat_common.isra.0;bprm_execve;load_elf_binary;begin_new_exec;perf_event_exec;mutex_unlock
     0.02%     0.00%  perf-ex  [kernel.kallsyms]     [k] entry_SYSCALL_64_after_hwframe
0.02% entry_SYSCALL_64_after_hwframe;do_syscall_64;__x64_sys_execve;do_execveat_common.isra.0;bprm_execve;load_elf_binary;begin_new_exec;perf_event_exec;mutex_unlock
     0.02%     0.00%  perf-ex  [kernel.kallsyms]     [k] do_syscall_64
0.02% do_syscall_64;__x64_sys_execve;do_execveat_common.isra.0;bprm_execve;load_elf_binary;begin_new_exec;perf_event_exec;mutex_unlock
     0.02%     0.00%  perf-ex  [kernel.kallsyms]     [k] __x64_sys_execve
0.02% __x64_sys_execve;do_execveat_common.isra.0;bprm_execve;load_elf_binary;begin_new_exec;perf_event_exec;mutex_unlock
     0.02%     0.00%  perf-ex  [kernel.kallsyms]     [k] do_execveat_common.isra.0
0.02% do_execveat_common.isra.0;bprm_execve;load_elf_binary;begin_new_exec;perf_event_exec;mutex_unlock
     0.02%     0.00%  perf-ex  [kernel.kallsyms]     [k] bprm_execve
0.02% bprm_execve;load_elf_binary;begin_new_exec;perf_event_exec;mutex_unlock
     0.02%     0.00%  perf-ex  [kernel.kallsyms]     [k] load_elf_binary
0.02% load_elf_binary;begin_new_exec;perf_event_exec;mutex_unlock
     0.02%     0.00%  perf-ex  [kernel.kallsyms]     [k] begin_new_exec
0.02% begin_new_exec;perf_event_exec;mutex_unlock
     0.02%     0.00%  perf-ex  [kernel.kallsyms]     [k] perf_event_exec
0.02% perf_event_exec;mutex_unlock
     0.02%     0.02%  perf-ex  [kernel.kallsyms]     [k] mutex_unlock
0.02% 0x7f17c14f3a97;entry_SYSCALL_64_after_hwframe;do_syscall_64;__x64_sys_execve;do_execveat_common.isra.0;bprm_execve;load_elf_binary;begin_new_exec;perf_event_exec;mutex_unlock
     0.01%     0.00%  perf-ex  [kernel.kallsyms]     [k] native_write_msr
     0.01%     0.00%  perf-ex  [kernel.kallsyms]     [k] __intel_pmu_enable_all.constprop.0
     0.00%     0.00%  perf-ex  [kernel.kallsyms]     [k] native_flush_tlb_one_user
     0.00%     0.00%  perf-ex  [kernel.kallsyms]     [k] nmi_cpu_backtrace_handler


#
# (Tip: Generate a script for your data: perf script -g <lang>)
#
