# To display the perf.data header info, please use --header/--header-only options.
#
#
# Total Lost Samples: 0
#
# Samples: 401  of event 'cycles'
# Event count (approx.): 270842768
#
# Children      Self  Command  Shared Object         Symbol                                 
# ........  ........  .......  ....................  .......................................
#
    89.20%     0.00%  c2d      libc.so.6             [.] 0x00007f60d884624a
80.15% 0x7f60d884624a;main;cnf2ddnnf_cmd_line;free_cache_manager
0.53% 0x7f60d884624a;main;cnf2ddnnf_cmd_line;compile_cnf;compile_dt;compile_dt;compile_dt;compile_dt;decide_literal;set_literal
0.28% 0x7f60d884624a;main;cnf2ddnnf_cmd_line;construct_cnf_manager;initialize_cnf_manager
0.28% 0x7f60d884624a;main;cnf2ddnnf_cmd_line;construct_cnf_manager;construct_cnf_clauses;initialize_clause
0.28% 0x7f60d884624a;main;cnf2ddnnf_cmd_line;construct_dtree_manager;hdtree_sizes_max;hdtree_sizes_max;hdtree_sizes_max;hdtree_sizes_max;hdtree_sizes_max;hdtree_sizes_max;hdtree_sizes_max;hdtree_sizes_max;hdtree_sizes_max;hdtree_sizes_max;hdtree_sizes_max;hdtree_sizes_max;hdtree_sizes_max;hdtree_sizes_max;hdtree_sizes_max;hdtree_sizes_max;hdtree_sizes_max;hdtree_sizes_max;hdtree_sizes_max;hdtree_sizes_max;hdtree_sizes_max;hdtree_sizes_max;hdtree_sizes_max;hdtree_sizes_max;hdtree_sizes_max
0.27% 0x7f60d884624a;main;cnf2ddnnf_cmd_line;construct_dtree_manager;hdtree2dtree;hdtree2dtree;hdtree2dtree;hdtree2dtree;hdtree2dtree;hdtree2dtree;hdtree2dtree;hdtree2dtree;hdtree2dtree;hdtree2dtree;hdtree2dtree
0.27% 0x7f60d884624a;main;cnf2ddnnf_cmd_line;construct_dtree_manager;hdtree2dtree;hdtree2dtree;hdtree2dtree;hdtree2dtree;hdtree2dtree;hdtree2dtree;hdtree2dtree;hdtree2dtree;hdtree2dtree;hdtree2dtree;hdtree2dtree;hdtree2dtree;hdtree2dtree
0.27% 0x7f60d884624a;main;cnf2ddnnf_cmd_line;construct_dtree_manager;hdtree2dtree;hdtree2dtree;hdtree2dtree;hdtree2dtree;hdtree2dtree;hdtree2dtree;hdtree2dtree;hdtree2dtree;hdtree2dtree;hdtree2dtree;hdtree2dtree;hdtree2dtree;hdtree2dtree;hdtree2dtree;hdtree2dtree
0.27% 0x7f60d884624a;main;cnf2ddnnf_cmd_line;construct_dtree_manager;hdtree2dtree;hdtree2dtree;hdtree2dtree;hdtree2dtree;hdtree2dtree;hdtree2dtree;hdtree2dtree;hdtree2dtree;hdtree2dtree;hdtree2dtree;hdtree2dtree;hdtree2dtree;hdtree2dtree;hdtree2dtree;hdtree2dtree;hdtree2dtree;hdtree2dtree;hdtree2dtree
0.27% 0x7f60d884624a;main;cnf2ddnnf_cmd_line;construct_dtree_manager;initialize_dtree_separators;order_var_clauses_based_on_dtree;traverse_dtree;traverse_dtree;traverse_dtree;traverse_dtree;traverse_dtree;traverse_dtree;traverse_dtree;traverse_dtree;traverse_dtree;traverse_dtree;traverse_dtree;traverse_dtree;traverse_dtree;traverse_dtree;traverse_dtree;traverse_dtree
0.27% 0x7f60d884624a;main;cnf2ddnnf_cmd_line;construct_dtree_manager;initialize_dtree_separators;order_var_clauses_based_on_dtree;traverse_dtree;traverse_dtree;traverse_dtree;traverse_dtree;traverse_dtree;traverse_dtree;traverse_dtree;traverse_dtree;traverse_dtree;traverse_dtree;traverse_dtree;traverse_dtree;traverse_dtree;traverse_dtree;traverse_dtree;traverse_dtree;traverse_dtree;traverse_dtree;traverse_dtree
0.27% 0x7f60d884624a;main;cnf2ddnnf_cmd_line;construct_dtree_manager;initialize_dtree_separators;fill_separators;fill_separators;fill_separators;fill_separators;fill_separators;fill_separators;fill_separators;fill_separators;fill_separators;fill_separators;fill_separators;fill_separators
0.27% 0x7f60d884624a;main;cnf2ddnnf_cmd_line;free_cache_manager;asm_exc_page_fault;exc_page_fault;do_user_addr_fault;handle_mm_fault;__handle_mm_fault;do_huge_pmd_anonymous_page;pte_alloc_one;__alloc_pages
0.27% 0x7f60d884624a;main;cnf2ddnnf_cmd_line;free_cache_manager;asm_exc_page_fault;exc_page_fault;do_user_addr_fault;lock_mm_and_find_vma;find_vma;mt_find
0.27% 0x7f60d884624a;main;cnf2ddnnf_cmd_line;free_cache_manager;asm_exc_page_fault;exc_page_fault;do_user_addr_fault;handle_mm_fault;__handle_mm_fault;do_huge_pmd_anonymous_page;pte_alloc_one;__alloc_pages;get_page_from_freelist;clear_page_rep
0.27% 0x7f60d884624a;main;cnf2ddnnf_cmd_line;compile_cnf;compile_dt;compile_dt;compile_dt;compile_dt;compile_dt;compile_dt;compile_decomposed;lookup_or_compile_dt;compile_decomposed;lookup_or_compile_dt;compile_dt;compile_dt;compile_decomposed;lookup_or_compile_dt;compile_dt;select_separator;update_separator_score
0.27% 0x7f60d884624a;main;cnf2ddnnf_cmd_line;compile_cnf;compile_dt;compile_dt;compile_dt;compile_dt;assert_cd_literal;set_literal;update_subsumption
0.27% 0x7f60d884624a;main;cnf2ddnnf_cmd_line;free_cache_manager;asm_exc_page_fault;exc_page_fault;do_user_addr_fault;handle_mm_fault;__handle_mm_fault
0.27% 0x7f60d884624a;main;clock_gettime;__vdso_clock_gettime;entry_SYSCALL_64_after_hwframe;do_syscall_64;__x64_sys_clock_gettime;posix_cpu_clock_get;cpu_clock_sample_group;thread_group_cputime;task_sched_runtime;task_rq_lock
0.27% 0x7f60d884624a;main;cnf2ddnnf_cmd_line;free_hdtree;free_hdtree;free_hdtree;free_hdtree;free_hdtree;free_hdtree;free_hdtree;free_hdtree;free_hdtree;free_hdtree;free_hdtree;free_hdtree;free_hdtree;free_hdtree;free_hdtree;free_hdtree;free_hdtree;free_hdtree;free_hdtree;free_hdtree;free_hdtree;free_hdtree;free_hdtree;free_hdtree;free_hdtree;free_hdtree;free_hdtree;free_hdtree;free_hdtree
0.26% 0x7f60d884624a;main;cnf2ddnnf_cmd_line;compile_cnf;compile_dt;compile_dt;compile_dt;compile_dt;compile_dt;decide_literal;set_literal
0.26% 0x7f60d884624a;main;cnf2ddnnf_cmd_line;compile_cnf;compile_dt;compile_dt;decide_literal;set_literal
0.26% 0x7f60d884624a;main;cnf2ddnnf_cmd_line;hdtree2node_order;fill_dfs_nodes;fill_dfs_nodes;fill_dfs_nodes;fill_dfs_nodes;fill_dfs_nodes;fill_dfs_nodes;fill_dfs_nodes;fill_dfs_nodes;fill_dfs_nodes;fill_dfs_nodes;fill_dfs_nodes;fill_dfs_nodes;fill_dfs_nodes;fill_dfs_nodes;fill_dfs_nodes;fill_dfs_nodes;fill_dfs_nodes;fill_dfs_nodes;fill_dfs_nodes
0.26% 0x7f60d884624a;main;cnf2ddnnf_cmd_line;load_hdtree_from_file;dtree_skeleton2hdtree;initialize_hdtree;initialize_hdtree;initialize_hdtree;initialize_hdtree;initialize_hdtree;initialize_hdtree;initialize_hdtree;initialize_hdtree;initialize_hdtree;initialize_hdtree;initialize_hdtree;initialize_hdtree;initialize_hdtree;initialize_hdtree;initialize_hdtree;initialize_hdtree;initialize_hdtree;initialize_hdtree;initialize_hdtree;initialize_hdtree;initialize_hdtree;initialize_hdtree;initialize_hdtree;initialize_hdtree;initialize_hdtree;initialize_hdtree;edges_concat
0.25% 0x7f60d884624a;main;cnf2ddnnf_cmd_line;load_hdtree_from_file;dtree_skeleton2hdtree;initialize_hdtree;initialize_hdtree;initialize_hdtree;initialize_hdtree;initialize_hdtree;initialize_hdtree;edges_minus
0.25% 0x7f60d884624a;main;cnf2ddnnf_cmd_line;load_hdtree_from_file;dtree_skeleton2hdtree;initialize_hdtree;initialize_hdtree;initialize_hdtree;initialize_hdtree;initialize_hdtree;initialize_hdtree;initialize_hdtree;initialize_hdtree;initialize_hdtree;initialize_hdtree;initialize_hdtree;initialize_hdtree;initialize_hdtree;initialize_hdtree;initialize_hdtree;initialize_hdtree;initialize_hdtree;edges_intersection
0.25% 0x7f60d884624a;clock_gettime
0.24% 0x7f60d884624a;main;cnf2ddnnf_cmd_line;load_hdtree_from_file;dtree_skeleton2hdtree;edges_union
0.23% 0x7f60d884624a;main;get_cnf_from_file;set_validity
0.22% 0x7f60d884624a;main;cnf2ddnnf_cmd_line;load_hdtree_from_file;__isoc99_fscanf;0x7f60d887ec54
0.21% 0x7f60d884624a;main;cnf2ddnnf_cmd_line;load_hdtree_from_file;__isoc99_fscanf;0x7f60d887e251
0.21% 0x7f60d884624a;main;cnf2ddnnf_cmd_line;load_hdtree_from_file;__isoc99_fscanf;0x7f60d887dbbd
0.21% 0x7f60d884624a;main;__isoc99_fscanf;0x7f60d8867c32
0.20% 0x7f60d884624a;main;__isoc99_fscanf;0x7f60d887edaf
0.19% 0x7f60d884624a;main;__isoc99_fscanf;0x7f60d887df83
0.18% 0x7f60d884624a;main;__isoc99_fscanf;0x7f60d887e261
    88.96%     0.00%  c2d      c2d                   [.] main
80.15% main;cnf2ddnnf_cmd_line;free_cache_manager
0.53% main;cnf2ddnnf_cmd_line;compile_cnf;compile_dt;compile_dt;compile_dt;compile_dt;decide_literal;set_literal
0.28% main;cnf2ddnnf_cmd_line;construct_cnf_manager;initialize_cnf_manager
0.28% main;cnf2ddnnf_cmd_line;construct_cnf_manager;construct_cnf_clauses;initialize_clause
0.28% main;cnf2ddnnf_cmd_line;construct_dtree_manager;hdtree_sizes_max;hdtree_sizes_max;hdtree_sizes_max;hdtree_sizes_max;hdtree_sizes_max;hdtree_sizes_max;hdtree_sizes_max;hdtree_sizes_max;hdtree_sizes_max;hdtree_sizes_max;hdtree_sizes_max;hdtree_sizes_max;hdtree_sizes_max;hdtree_sizes_max;hdtree_sizes_max;hdtree_sizes_max;hdtree_sizes_max;hdtree_sizes_max;hdtree_sizes_max;hdtree_sizes_max;hdtree_sizes_max;hdtree_sizes_max;hdtree_sizes_max;hdtree_sizes_max;hdtree_sizes_max
0.27% main;cnf2ddnnf_cmd_line;construct_dtree_manager;hdtree2dtree;hdtree2dtree;hdtree2dtree;hdtree2dtree;hdtree2dtree;hdtree2dtree;hdtree2dtree;hdtree2dtree;hdtree2dtree;hdtree2dtree;hdtree2dtree
0.27% main;cnf2ddnnf_cmd_line;construct_dtree_manager;hdtree2dtree;hdtree2dtree;hdtree2dtree;hdtree2dtree;hdtree2dtree;hdtree2dtree;hdtree2dtree;hdtree2dtree;hdtree2dtree;hdtree2dtree;hdtree2dtree;hdtree2dtree;hdtree2dtree
0.27% main;cnf2ddnnf_cmd_line;construct_dtree_manager;hdtree2dtree;hdtree2dtree;hdtree2dtree;hdtree2dtree;hdtree2dtree;hdtree2dtree;hdtree2dtree;hdtree2dtree;hdtree2dtree;hdtree2dtree;hdtree2dtree;hdtree2dtree;hdtree2dtree;hdtree2dtree;hdtree2dtree
0.27% main;cnf2ddnnf_cmd_line;construct_dtree_manager;hdtree2dtree;hdtree2dtree;hdtree2dtree;hdtree2dtree;hdtree2dtree;hdtree2dtree;hdtree2dtree;hdtree2dtree;hdtree2dtree;hdtree2dtree;hdtree2dtree;hdtree2dtree;hdtree2dtree;hdtree2dtree;hdtree2dtree;hdtree2dtree;hdtree2dtree;hdtree2dtree
0.27% main;cnf2ddnnf_cmd_line;construct_dtree_manager;initialize_dtree_separators;order_var_clauses_based_on_dtree;traverse_dtree;traverse_dtree;traverse_dtree;traverse_dtree;traverse_dtree;traverse_dtree;traverse_dtree;traverse_dtree;traverse_dtree;traverse_dtree;traverse_dtree;traverse_dtree;traverse_dtree;traverse_dtree;traverse_dtree;traverse_dtree
0.27% main;cnf2ddnnf_cmd_line;construct_dtree_manager;initialize_dtree_separators;order_var_clauses_based_on_dtree;traverse_dtree;traverse_dtree;traverse_dtree;traverse_dtree;traverse_dtree;traverse_dtree;traverse_dtree;traverse_dtree;traverse_dtree;traverse_dtree;traverse_dtree;traverse_dtree;traverse_dtree;traverse_dtree;traverse_dtree;traverse_dtree;traverse_dtree;traverse_dtree;traverse_dtree
0.27% main;cnf2ddnnf_cmd_line;construct_dtree_manager;initialize_dtree_separators;fill_separators;fill_separators;fill_separators;fill_separators;fill_separators;fill_separators;fill_separators;fill_separators;fill_separators;fill_separators;fill_separators;fill_separators
0.27% main;cnf2ddnnf_cmd_line;free_cache_manager;asm_exc_page_fault;exc_page_fault;do_user_addr_fault;handle_mm_fault;__handle_mm_fault;do_huge_pmd_anonymous_page;pte_alloc_one;__alloc_pages
0.27% main;cnf2ddnnf_cmd_line;free_cache_manager;asm_exc_page_fault;exc_page_fault;do_user_addr_fault;lock_mm_and_find_vma;find_vma;mt_find
0.27% main;cnf2ddnnf_cmd_line;free_cache_manager;asm_exc_page_fault;exc_page_fault;do_user_addr_fault;handle_mm_fault;__handle_mm_fault;do_huge_pmd_anonymous_page;pte_alloc_one;__alloc_pages;get_page_from_freelist;clear_page_rep
0.27% main;cnf2ddnnf_cmd_line;compile_cnf;compile_dt;compile_dt;compile_dt;compile_dt;compile_dt;compile_dt;compile_decomposed;lookup_or_compile_dt;compile_decomposed;lookup_or_compile_dt;compile_dt;compile_dt;compile_decomposed;lookup_or_compile_dt;compile_dt;select_separator;update_separator_score
0.27% main;cnf2ddnnf_cmd_line;compile_cnf;compile_dt;compile_dt;compile_dt;compile_dt;assert_cd_literal;set_literal;update_subsumption
0.27% main;cnf2ddnnf_cmd_line;free_cache_manager;asm_exc_page_fault;exc_page_fault;do_user_addr_fault;handle_mm_fault;__handle_mm_fault
0.27% main;clock_gettime;__vdso_clock_gettime;entry_SYSCALL_64_after_hwframe;do_syscall_64;__x64_sys_clock_gettime;posix_cpu_clock_get;cpu_clock_sample_group;thread_group_cputime;task_sched_runtime;task_rq_lock
0.27% main;cnf2ddnnf_cmd_line;free_hdtree;free_hdtree;free_hdtree;free_hdtree;free_hdtree;free_hdtree;free_hdtree;free_hdtree;free_hdtree;free_hdtree;free_hdtree;free_hdtree;free_hdtree;free_hdtree;free_hdtree;free_hdtree;free_hdtree;free_hdtree;free_hdtree;free_hdtree;free_hdtree;free_hdtree;free_hdtree;free_hdtree;free_hdtree;free_hdtree;free_hdtree;free_hdtree;free_hdtree
0.26% main;cnf2ddnnf_cmd_line;compile_cnf;compile_dt;compile_dt;compile_dt;compile_dt;compile_dt;decide_literal;set_literal
0.26% main;cnf2ddnnf_cmd_line;compile_cnf;compile_dt;compile_dt;decide_literal;set_literal
0.26% main;cnf2ddnnf_cmd_line;hdtree2node_order;fill_dfs_nodes;fill_dfs_nodes;fill_dfs_nodes;fill_dfs_nodes;fill_dfs_nodes;fill_dfs_nodes;fill_dfs_nodes;fill_dfs_nodes;fill_dfs_nodes;fill_dfs_nodes;fill_dfs_nodes;fill_dfs_nodes;fill_dfs_nodes;fill_dfs_nodes;fill_dfs_nodes;fill_dfs_nodes;fill_dfs_nodes;fill_dfs_nodes;fill_dfs_nodes
0.26% main;cnf2ddnnf_cmd_line;load_hdtree_from_file;dtree_skeleton2hdtree;initialize_hdtree;initialize_hdtree;initialize_hdtree;initialize_hdtree;initialize_hdtree;initialize_hdtree;initialize_hdtree;initialize_hdtree;initialize_hdtree;initialize_hdtree;initialize_hdtree;initialize_hdtree;initialize_hdtree;initialize_hdtree;initialize_hdtree;initialize_hdtree;initialize_hdtree;initialize_hdtree;initialize_hdtree;initialize_hdtree;initialize_hdtree;initialize_hdtree;initialize_hdtree;initialize_hdtree;initialize_hdtree;initialize_hdtree;edges_concat
0.25% main;cnf2ddnnf_cmd_line;load_hdtree_from_file;dtree_skeleton2hdtree;initialize_hdtree;initialize_hdtree;initialize_hdtree;initialize_hdtree;initialize_hdtree;initialize_hdtree;edges_minus
0.25% main;cnf2ddnnf_cmd_line;load_hdtree_from_file;dtree_skeleton2hdtree;initialize_hdtree;initialize_hdtree;initialize_hdtree;initialize_hdtree;initialize_hdtree;initialize_hdtree;initialize_hdtree;initialize_hdtree;initialize_hdtree;initialize_hdtree;initialize_hdtree;initialize_hdtree;initialize_hdtree;initialize_hdtree;initialize_hdtree;initialize_hdtree;initialize_hdtree;edges_intersection
0.24% main;cnf2ddnnf_cmd_line;load_hdtree_from_file;dtree_skeleton2hdtree;edges_union
0.23% main;get_cnf_from_file;set_validity
0.22% main;cnf2ddnnf_cmd_line;load_hdtree_from_file;__isoc99_fscanf;0x7f60d887ec54
0.21% main;cnf2ddnnf_cmd_line;load_hdtree_from_file;__isoc99_fscanf;0x7f60d887e251
0.21% main;cnf2ddnnf_cmd_line;load_hdtree_from_file;__isoc99_fscanf;0x7f60d887dbbd
0.21% main;__isoc99_fscanf;0x7f60d8867c32
0.20% main;__isoc99_fscanf;0x7f60d887edaf
0.19% main;__isoc99_fscanf;0x7f60d887df83
0.18% main;__isoc99_fscanf;0x7f60d887e261
    87.68%     0.00%  c2d      c2d                   [.] cnf2ddnnf_cmd_line
80.15% cnf2ddnnf_cmd_line;free_cache_manager
0.53% cnf2ddnnf_cmd_line;compile_cnf;compile_dt;compile_dt;compile_dt;compile_dt;decide_literal;set_literal
0.28% cnf2ddnnf_cmd_line;construct_cnf_manager;initialize_cnf_manager
0.28% cnf2ddnnf_cmd_line;construct_cnf_manager;construct_cnf_clauses;initialize_clause
0.28% cnf2ddnnf_cmd_line;construct_dtree_manager;hdtree_sizes_max;hdtree_sizes_max;hdtree_sizes_max;hdtree_sizes_max;hdtree_sizes_max;hdtree_sizes_max;hdtree_sizes_max;hdtree_sizes_max;hdtree_sizes_max;hdtree_sizes_max;hdtree_sizes_max;hdtree_sizes_max;hdtree_sizes_max;hdtree_sizes_max;hdtree_sizes_max;hdtree_sizes_max;hdtree_sizes_max;hdtree_sizes_max;hdtree_sizes_max;hdtree_sizes_max;hdtree_sizes_max;hdtree_sizes_max;hdtree_sizes_max;hdtree_sizes_max;hdtree_sizes_max
0.27% cnf2ddnnf_cmd_line;construct_dtree_manager;hdtree2dtree;hdtree2dtree;hdtree2dtree;hdtree2dtree;hdtree2dtree;hdtree2dtree;hdtree2dtree;hdtree2dtree;hdtree2dtree;hdtree2dtree;hdtree2dtree
0.27% cnf2ddnnf_cmd_line;construct_dtree_manager;hdtree2dtree;hdtree2dtree;hdtree2dtree;hdtree2dtree;hdtree2dtree;hdtree2dtree;hdtree2dtree;hdtree2dtree;hdtree2dtree;hdtree2dtree;hdtree2dtree;hdtree2dtree;hdtree2dtree
0.27% cnf2ddnnf_cmd_line;construct_dtree_manager;hdtree2dtree;hdtree2dtree;hdtree2dtree;hdtree2dtree;hdtree2dtree;hdtree2dtree;hdtree2dtree;hdtree2dtree;hdtree2dtree;hdtree2dtree;hdtree2dtree;hdtree2dtree;hdtree2dtree;hdtree2dtree;hdtree2dtree
0.27% cnf2ddnnf_cmd_line;construct_dtree_manager;hdtree2dtree;hdtree2dtree;hdtree2dtree;hdtree2dtree;hdtree2dtree;hdtree2dtree;hdtree2dtree;hdtree2dtree;hdtree2dtree;hdtree2dtree;hdtree2dtree;hdtree2dtree;hdtree2dtree;hdtree2dtree;hdtree2dtree;hdtree2dtree;hdtree2dtree;hdtree2dtree
0.27% cnf2ddnnf_cmd_line;construct_dtree_manager;initialize_dtree_separators;order_var_clauses_based_on_dtree;traverse_dtree;traverse_dtree;traverse_dtree;traverse_dtree;traverse_dtree;traverse_dtree;traverse_dtree;traverse_dtree;traverse_dtree;traverse_dtree;traverse_dtree;traverse_dtree;traverse_dtree;traverse_dtree;traverse_dtree;traverse_dtree
0.27% cnf2ddnnf_cmd_line;construct_dtree_manager;initialize_dtree_separators;order_var_clauses_based_on_dtree;traverse_dtree;traverse_dtree;traverse_dtree;traverse_dtree;traverse_dtree;traverse_dtree;traverse_dtree;traverse_dtree;traverse_dtree;traverse_dtree;traverse_dtree;traverse_dtree;traverse_dtree;traverse_dtree;traverse_dtree;traverse_dtree;traverse_dtree;traverse_dtree;traverse_dtree
0.27% cnf2ddnnf_cmd_line;construct_dtree_manager;initialize_dtree_separators;fill_separators;fill_separators;fill_separators;fill_separators;fill_separators;fill_separators;fill_separators;fill_separators;fill_separators;fill_separators;fill_separators;fill_separators
0.27% cnf2ddnnf_cmd_line;free_cache_manager;asm_exc_page_fault;exc_page_fault;do_user_addr_fault;handle_mm_fault;__handle_mm_fault;do_huge_pmd_anonymous_page;pte_alloc_one;__alloc_pages
0.27% cnf2ddnnf_cmd_line;free_cache_manager;asm_exc_page_fault;exc_page_fault;do_user_addr_fault;lock_mm_and_find_vma;find_vma;mt_find
0.27% cnf2ddnnf_cmd_line;free_cache_manager;asm_exc_page_fault;exc_page_fault;do_user_addr_fault;handle_mm_fault;__handle_mm_fault;do_huge_pmd_anonymous_page;pte_alloc_one;__alloc_pages;get_page_from_freelist;clear_page_rep
0.27% cnf2ddnnf_cmd_line;compile_cnf;compile_dt;compile_dt;compile_dt;compile_dt;compile_dt;compile_dt;compile_decomposed;lookup_or_compile_dt;compile_decomposed;lookup_or_compile_dt;compile_dt;compile_dt;compile_decomposed;lookup_or_compile_dt;compile_dt;select_separator;update_separator_score
0.27% cnf2ddnnf_cmd_line;compile_cnf;compile_dt;compile_dt;compile_dt;compile_dt;assert_cd_literal;set_literal;update_subsumption
0.27% cnf2ddnnf_cmd_line;free_cache_manager;asm_exc_page_fault;exc_page_fault;do_user_addr_fault;handle_mm_fault;__handle_mm_fault
0.27% cnf2ddnnf_cmd_line;free_hdtree;free_hdtree;free_hdtree;free_hdtree;free_hdtree;free_hdtree;free_hdtree;free_hdtree;free_hdtree;free_hdtree;free_hdtree;free_hdtree;free_hdtree;free_hdtree;free_hdtree;free_hdtree;free_hdtree;free_hdtree;free_hdtree;free_hdtree;free_hdtree;free_hdtree;free_hdtree;free_hdtree;free_hdtree;free_hdtree;free_hdtree;free_hdtree;free_hdtree
0.26% cnf2ddnnf_cmd_line;compile_cnf;compile_dt;compile_dt;compile_dt;compile_dt;compile_dt;decide_literal;set_literal
0.26% cnf2ddnnf_cmd_line;compile_cnf;compile_dt;compile_dt;decide_literal;set_literal
0.26% cnf2ddnnf_cmd_line;hdtree2node_order;fill_dfs_nodes;fill_dfs_nodes;fill_dfs_nodes;fill_dfs_nodes;fill_dfs_nodes;fill_dfs_nodes;fill_dfs_nodes;fill_dfs_nodes;fill_dfs_nodes;fill_dfs_nodes;fill_dfs_nodes;fill_dfs_nodes;fill_dfs_nodes;fill_dfs_nodes;fill_dfs_nodes;fill_dfs_nodes;fill_dfs_nodes;fill_dfs_nodes;fill_dfs_nodes
0.26% cnf2ddnnf_cmd_line;load_hdtree_from_file;dtree_skeleton2hdtree;initialize_hdtree;initialize_hdtree;initialize_hdtree;initialize_hdtree;initialize_hdtree;initialize_hdtree;initialize_hdtree;initialize_hdtree;initialize_hdtree;initialize_hdtree;initialize_hdtree;initialize_hdtree;initialize_hdtree;initialize_hdtree;initialize_hdtree;initialize_hdtree;initialize_hdtree;initialize_hdtree;initialize_hdtree;initialize_hdtree;initialize_hdtree;initialize_hdtree;initialize_hdtree;initialize_hdtree;initialize_hdtree;initialize_hdtree;edges_concat
0.25% cnf2ddnnf_cmd_line;load_hdtree_from_file;dtree_skeleton2hdtree;initialize_hdtree;initialize_hdtree;initialize_hdtree;initialize_hdtree;initialize_hdtree;initialize_hdtree;edges_minus
0.25% cnf2ddnnf_cmd_line;load_hdtree_from_file;dtree_skeleton2hdtree;initialize_hdtree;initialize_hdtree;initialize_hdtree;initialize_hdtree;initialize_hdtree;initialize_hdtree;initialize_hdtree;initialize_hdtree;initialize_hdtree;initialize_hdtree;initialize_hdtree;initialize_hdtree;initialize_hdtree;initialize_hdtree;initialize_hdtree;initialize_hdtree;initialize_hdtree;edges_intersection
0.24% cnf2ddnnf_cmd_line;load_hdtree_from_file;dtree_skeleton2hdtree;edges_union
0.22% cnf2ddnnf_cmd_line;load_hdtree_from_file;__isoc99_fscanf;0x7f60d887ec54
0.21% cnf2ddnnf_cmd_line;load_hdtree_from_file;__isoc99_fscanf;0x7f60d887e251
0.21% cnf2ddnnf_cmd_line;load_hdtree_from_file;__isoc99_fscanf;0x7f60d887dbbd
    81.21%    80.15%  c2d      c2d                   [.] free_cache_manager
80.15% 0x7f60d884624a;main;cnf2ddnnf_cmd_line;free_cache_manager
0.27% free_cache_manager;asm_exc_page_fault;exc_page_fault;do_user_addr_fault;handle_mm_fault;__handle_mm_fault;do_huge_pmd_anonymous_page;pte_alloc_one;__alloc_pages
0.27% free_cache_manager;asm_exc_page_fault;exc_page_fault;do_user_addr_fault;lock_mm_and_find_vma;find_vma;mt_find
0.27% free_cache_manager;asm_exc_page_fault;exc_page_fault;do_user_addr_fault;handle_mm_fault;__handle_mm_fault;do_huge_pmd_anonymous_page;pte_alloc_one;__alloc_pages;get_page_from_freelist;clear_page_rep
0.27% free_cache_manager;asm_exc_page_fault;exc_page_fault;do_user_addr_fault;handle_mm_fault;__handle_mm_fault
     3.84%     0.00%  c2d      [kernel.kallsyms]     [k] asm_exc_page_fault
0.76% asm_exc_page_fault;exc_page_fault;do_user_addr_fault;handle_mm_fault;__handle_mm_fault
0.54% asm_exc_page_fault;exc_page_fault;do_user_addr_fault;handle_mm_fault;__handle_mm_fault;vma_alloc_folio;__folio_alloc;__alloc_pages;get_page_from_freelist;clear_page_rep
0.27% asm_exc_page_fault;exc_page_fault;do_user_addr_fault;handle_mm_fault;__handle_mm_fault;__cgroup_throttle_swaprate;blk_cgroup_congested
0.27% asm_exc_page_fault;exc_page_fault;do_user_addr_fault;handle_mm_fault;__handle_mm_fault;do_huge_pmd_anonymous_page;pte_alloc_one;__alloc_pages
0.27% asm_exc_page_fault;exc_page_fault;do_user_addr_fault;lock_mm_and_find_vma;find_vma;mt_find
0.27% asm_exc_page_fault;exc_page_fault;do_user_addr_fault;handle_mm_fault;__handle_mm_fault;do_huge_pmd_anonymous_page;pte_alloc_one;__alloc_pages;get_page_from_freelist;clear_page_rep
0.26% asm_exc_page_fault;exc_page_fault;do_user_addr_fault;handle_mm_fault;__handle_mm_fault;do_fault;xfs_filemap_map_pages;filemap_map_pages
0.26% asm_exc_page_fault;exc_page_fault;do_user_addr_fault;handle_mm_fault;__handle_mm_fault;__mem_cgroup_charge;get_mem_cgroup_from_mm
0.25% asm_exc_page_fault;exc_page_fault;do_user_addr_fault;handle_mm_fault;__handle_mm_fault;folio_add_lru;folio_batch_move_lru
0.24% asm_exc_page_fault;exc_page_fault;do_user_addr_fault;handle_mm_fault;__handle_mm_fault;folio_add_lru;folio_batch_move_lru;lru_add_fn
0.24% asm_exc_page_fault;exc_page_fault;do_user_addr_fault;lock_mm_and_find_vma
0.21% asm_exc_page_fault;exc_page_fault;do_user_addr_fault;handle_mm_fault
     3.84%     0.00%  c2d      [kernel.kallsyms]     [k] exc_page_fault
0.76% exc_page_fault;do_user_addr_fault;handle_mm_fault;__handle_mm_fault
0.54% exc_page_fault;do_user_addr_fault;handle_mm_fault;__handle_mm_fault;vma_alloc_folio;__folio_alloc;__alloc_pages;get_page_from_freelist;clear_page_rep
0.27% exc_page_fault;do_user_addr_fault;handle_mm_fault;__handle_mm_fault;__cgroup_throttle_swaprate;blk_cgroup_congested
0.27% exc_page_fault;do_user_addr_fault;handle_mm_fault;__handle_mm_fault;do_huge_pmd_anonymous_page;pte_alloc_one;__alloc_pages
0.27% exc_page_fault;do_user_addr_fault;lock_mm_and_find_vma;find_vma;mt_find
0.27% exc_page_fault;do_user_addr_fault;handle_mm_fault;__handle_mm_fault;do_huge_pmd_anonymous_page;pte_alloc_one;__alloc_pages;get_page_from_freelist;clear_page_rep
0.26% exc_page_fault;do_user_addr_fault;handle_mm_fault;__handle_mm_fault;do_fault;xfs_filemap_map_pages;filemap_map_pages
0.26% exc_page_fault;do_user_addr_fault;handle_mm_fault;__handle_mm_fault;__mem_cgroup_charge;get_mem_cgroup_from_mm
0.25% exc_page_fault;do_user_addr_fault;handle_mm_fault;__handle_mm_fault;folio_add_lru;folio_batch_move_lru
0.24% exc_page_fault;do_user_addr_fault;handle_mm_fault;__handle_mm_fault;folio_add_lru;folio_batch_move_lru;lru_add_fn
0.24% exc_page_fault;do_user_addr_fault;lock_mm_and_find_vma
0.21% exc_page_fault;do_user_addr_fault;handle_mm_fault
     3.84%     0.00%  c2d      [kernel.kallsyms]     [k] do_user_addr_fault
0.76% do_user_addr_fault;handle_mm_fault;__handle_mm_fault
0.54% do_user_addr_fault;handle_mm_fault;__handle_mm_fault;vma_alloc_folio;__folio_alloc;__alloc_pages;get_page_from_freelist;clear_page_rep
0.27% do_user_addr_fault;handle_mm_fault;__handle_mm_fault;__cgroup_throttle_swaprate;blk_cgroup_congested
0.27% do_user_addr_fault;handle_mm_fault;__handle_mm_fault;do_huge_pmd_anonymous_page;pte_alloc_one;__alloc_pages
0.27% do_user_addr_fault;lock_mm_and_find_vma;find_vma;mt_find
0.27% do_user_addr_fault;handle_mm_fault;__handle_mm_fault;do_huge_pmd_anonymous_page;pte_alloc_one;__alloc_pages;get_page_from_freelist;clear_page_rep
0.26% do_user_addr_fault;handle_mm_fault;__handle_mm_fault;do_fault;xfs_filemap_map_pages;filemap_map_pages
0.26% do_user_addr_fault;handle_mm_fault;__handle_mm_fault;__mem_cgroup_charge;get_mem_cgroup_from_mm
0.25% do_user_addr_fault;handle_mm_fault;__handle_mm_fault;folio_add_lru;folio_batch_move_lru
0.24% do_user_addr_fault;handle_mm_fault;__handle_mm_fault;folio_add_lru;folio_batch_move_lru;lru_add_fn
0.24% do_user_addr_fault;lock_mm_and_find_vma
0.21% do_user_addr_fault;handle_mm_fault
     3.34%     0.21%  c2d      [kernel.kallsyms]     [k] handle_mm_fault
0.76% handle_mm_fault;__handle_mm_fault
0.54% handle_mm_fault;__handle_mm_fault;vma_alloc_folio;__folio_alloc;__alloc_pages;get_page_from_freelist;clear_page_rep
0.27% handle_mm_fault;__handle_mm_fault;__cgroup_throttle_swaprate;blk_cgroup_congested
0.27% handle_mm_fault;__handle_mm_fault;do_huge_pmd_anonymous_page;pte_alloc_one;__alloc_pages
0.27% handle_mm_fault;__handle_mm_fault;do_huge_pmd_anonymous_page;pte_alloc_one;__alloc_pages;get_page_from_freelist;clear_page_rep
0.26% handle_mm_fault;__handle_mm_fault;do_fault;xfs_filemap_map_pages;filemap_map_pages
0.26% handle_mm_fault;__handle_mm_fault;__mem_cgroup_charge;get_mem_cgroup_from_mm
0.25% handle_mm_fault;__handle_mm_fault;folio_add_lru;folio_batch_move_lru
0.24% handle_mm_fault;__handle_mm_fault;folio_add_lru;folio_batch_move_lru;lru_add_fn
0.21% 0x6b6e550a00642520;__isoc99_sscanf;0x7f60d8882883;asm_exc_page_fault;exc_page_fault;do_user_addr_fault;handle_mm_fault
     3.13%     0.76%  c2d      [kernel.kallsyms]     [k] __handle_mm_fault
0.54% __handle_mm_fault;vma_alloc_folio;__folio_alloc;__alloc_pages;get_page_from_freelist;clear_page_rep
0.27% __handle_mm_fault;__cgroup_throttle_swaprate;blk_cgroup_congested
0.27% __handle_mm_fault;do_huge_pmd_anonymous_page;pte_alloc_one;__alloc_pages
0.27% __handle_mm_fault;do_huge_pmd_anonymous_page;pte_alloc_one;__alloc_pages;get_page_from_freelist;clear_page_rep
0.27% 0x7f60d884624a;main;cnf2ddnnf_cmd_line;free_cache_manager;asm_exc_page_fault;exc_page_fault;do_user_addr_fault;handle_mm_fault;__handle_mm_fault
0.26% __handle_mm_fault;do_fault;xfs_filemap_map_pages;filemap_map_pages
0.26% __handle_mm_fault;__mem_cgroup_charge;get_mem_cgroup_from_mm
0.26% 0x1;0x7f60d88b70d9;asm_exc_page_fault;exc_page_fault;do_user_addr_fault;handle_mm_fault;__handle_mm_fault
0.25% __handle_mm_fault;folio_add_lru;folio_batch_move_lru
0.24% __handle_mm_fault;folio_add_lru;folio_batch_move_lru;lru_add_fn
0.24% 0;std::__timepunct<char>::__timepunct;asm_exc_page_fault;exc_page_fault;do_user_addr_fault;handle_mm_fault;__handle_mm_fault
     2.27%     0.00%  c2d      [kernel.kallsyms]     [k] entry_SYSCALL_64_after_hwframe
0.27% entry_SYSCALL_64_after_hwframe;do_syscall_64;__x64_sys_clock_gettime;posix_cpu_clock_get;cpu_clock_sample_group;thread_group_cputime;task_sched_runtime;task_rq_lock
0.26% entry_SYSCALL_64_after_hwframe;do_syscall_64;__do_sys_brk;do_mas_align_munmap;mas_preallocate;mas_alloc_nodes;kmem_cache_alloc_bulk;memset
0.26% entry_SYSCALL_64_after_hwframe;do_syscall_64;__x64_sys_exit_group;do_group_exit;do_exit;__mmput;exit_mmap;tlb_finish_mmu;tlb_batch_pages_flush;release_pages
0.26% entry_SYSCALL_64_after_hwframe;do_syscall_64;__x64_sys_exit_group;do_group_exit;do_exit;__mmput;exit_mmap;unmap_vmas;unmap_page_range;_compound_head
0.24% entry_SYSCALL_64_after_hwframe;do_syscall_64;ksys_mmap_pgoff;vm_mmap_pgoff;do_mmap;mmap_region;do_mas_munmap;do_mas_align_munmap;__split_vma;__vma_adjust;mas_preallocate;mas_alloc_nodes;kmem_cache_alloc_bulk
0.24% entry_SYSCALL_64_after_hwframe;do_syscall_64;ksys_mmap_pgoff;vm_mmap_pgoff;do_mmap;mmap_region;do_mas_munmap;do_mas_align_munmap;__split_vma;__vma_adjust;mas_store_prealloc;mas_wr_bnode;mas_wmb_replace;mas_descend_adopt
0.21% entry_SYSCALL_64_after_hwframe;do_syscall_64;syscall_exit_to_user_mode;exit_to_user_mode_prepare;task_work_run;__fput;__dentry_kill;iput
0.18% entry_SYSCALL_64_after_hwframe;do_syscall_64;__do_sys_newfstatat;vfs_fstatat;vfs_statx;filename_lookup;path_lookupat
0.15% entry_SYSCALL_64_after_hwframe;do_syscall_64;__x64_sys_execve;do_execveat_common.isra.0;bprm_execve;load_elf_binary;elf_map;vm_mmap_pgoff;do_mmap;mmap_region;vm_area_alloc;kmem_cache_alloc;memcg_slab_post_alloc_hook
0.10% entry_SYSCALL_64_after_hwframe;do_syscall_64;__x64_sys_openat;do_sys_openat2;do_filp_open;path_openat;xfs_vn_lookup;d_splice_alias;__d_add;__d_rehash
0.05% entry_SYSCALL_64_after_hwframe;do_syscall_64;__x64_sys_execve;do_execveat_common.isra.0;bprm_execve;load_elf_binary;begin_new_exec;commit_creds
0.03% entry_SYSCALL_64_after_hwframe;do_syscall_64;__x64_sys_openat;do_sys_openat2;do_filp_open;path_openat;xfs_vn_lookup;xfs_lookup;xfs_dir_lookup;xfs_dir2_node_lookup;xfs_da3_node_lookup_int;xfs_da_read_buf;xfs_buf_set_ref
     2.27%     0.00%  c2d      [kernel.kallsyms]     [k] do_syscall_64
0.27% do_syscall_64;__x64_sys_clock_gettime;posix_cpu_clock_get;cpu_clock_sample_group;thread_group_cputime;task_sched_runtime;task_rq_lock
0.26% do_syscall_64;__do_sys_brk;do_mas_align_munmap;mas_preallocate;mas_alloc_nodes;kmem_cache_alloc_bulk;memset
0.26% do_syscall_64;__x64_sys_exit_group;do_group_exit;do_exit;__mmput;exit_mmap;tlb_finish_mmu;tlb_batch_pages_flush;release_pages
0.26% do_syscall_64;__x64_sys_exit_group;do_group_exit;do_exit;__mmput;exit_mmap;unmap_vmas;unmap_page_range;_compound_head
0.24% do_syscall_64;ksys_mmap_pgoff;vm_mmap_pgoff;do_mmap;mmap_region;do_mas_munmap;do_mas_align_munmap;__split_vma;__vma_adjust;mas_preallocate;mas_alloc_nodes;kmem_cache_alloc_bulk
0.24% do_syscall_64;ksys_mmap_pgoff;vm_mmap_pgoff;do_mmap;mmap_region;do_mas_munmap;do_mas_align_munmap;__split_vma;__vma_adjust;mas_store_prealloc;mas_wr_bnode;mas_wmb_replace;mas_descend_adopt
0.21% do_syscall_64;syscall_exit_to_user_mode;exit_to_user_mode_prepare;task_work_run;__fput;__dentry_kill;iput
0.18% do_syscall_64;__do_sys_newfstatat;vfs_fstatat;vfs_statx;filename_lookup;path_lookupat
0.15% do_syscall_64;__x64_sys_execve;do_execveat_common.isra.0;bprm_execve;load_elf_binary;elf_map;vm_mmap_pgoff;do_mmap;mmap_region;vm_area_alloc;kmem_cache_alloc;memcg_slab_post_alloc_hook
0.10% do_syscall_64;__x64_sys_openat;do_sys_openat2;do_filp_open;path_openat;xfs_vn_lookup;d_splice_alias;__d_add;__d_rehash
0.05% do_syscall_64;__x64_sys_execve;do_execveat_common.isra.0;bprm_execve;load_elf_binary;begin_new_exec;commit_creds
0.03% do_syscall_64;__x64_sys_openat;do_sys_openat2;do_filp_open;path_openat;xfs_vn_lookup;xfs_lookup;xfs_dir_lookup;xfs_dir2_node_lookup;xfs_da3_node_lookup_int;xfs_da_read_buf;xfs_buf_set_ref
     2.21%     0.00%  c2d      [unknown]             [k] 0000000000000000
0.54% 0;0x7f60d88b70d9;asm_exc_page_fault;exc_page_fault;do_user_addr_fault;handle_mm_fault;__handle_mm_fault;vma_alloc_folio;__folio_alloc;__alloc_pages;get_page_from_freelist;clear_page_rep
0.27% 0;0x7f60d88b70d9;asm_exc_page_fault;exc_page_fault;do_user_addr_fault;handle_mm_fault;__handle_mm_fault;__cgroup_throttle_swaprate;blk_cgroup_congested
0.27% 0;0x7f60d88b6ca3
0.24% 0;0x7f60d88b70d9;asm_exc_page_fault;exc_page_fault;do_user_addr_fault;handle_mm_fault;__handle_mm_fault;folio_add_lru;folio_batch_move_lru;lru_add_fn
0.24% 0;std::__timepunct<char>::__timepunct;asm_exc_page_fault;exc_page_fault;do_user_addr_fault;handle_mm_fault;__handle_mm_fault
0.23% 0;0x7f60d88b70d9;__irqentry_text_end
0.23% 0;0x7f60d88b6368
0.18% 0;fstatat64;entry_SYSCALL_64_after_hwframe;do_syscall_64;__do_sys_newfstatat;vfs_fstatat;vfs_statx;filename_lookup;path_lookupat
     2.16%     0.00%  c2d      c2d                   [.] construct_dtree_manager
0.28% construct_dtree_manager;hdtree_sizes_max;hdtree_sizes_max;hdtree_sizes_max;hdtree_sizes_max;hdtree_sizes_max;hdtree_sizes_max;hdtree_sizes_max;hdtree_sizes_max;hdtree_sizes_max;hdtree_sizes_max;hdtree_sizes_max;hdtree_sizes_max;hdtree_sizes_max;hdtree_sizes_max;hdtree_sizes_max;hdtree_sizes_max;hdtree_sizes_max;hdtree_sizes_max;hdtree_sizes_max;hdtree_sizes_max;hdtree_sizes_max;hdtree_sizes_max;hdtree_sizes_max;hdtree_sizes_max;hdtree_sizes_max
0.27% construct_dtree_manager;hdtree2dtree;hdtree2dtree;hdtree2dtree;hdtree2dtree;hdtree2dtree;hdtree2dtree;hdtree2dtree;hdtree2dtree;hdtree2dtree;hdtree2dtree;hdtree2dtree
0.27% construct_dtree_manager;hdtree2dtree;hdtree2dtree;hdtree2dtree;hdtree2dtree;hdtree2dtree;hdtree2dtree;hdtree2dtree;hdtree2dtree;hdtree2dtree;hdtree2dtree;hdtree2dtree;hdtree2dtree;hdtree2dtree
0.27% construct_dtree_manager;hdtree2dtree;hdtree2dtree;hdtree2dtree;hdtree2dtree;hdtree2dtree;hdtree2dtree;hdtree2dtree;hdtree2dtree;hdtree2dtree;hdtree2dtree;hdtree2dtree;hdtree2dtree;hdtree2dtree;hdtree2dtree;hdtree2dtree
0.27% construct_dtree_manager;hdtree2dtree;hdtree2dtree;hdtree2dtree;hdtree2dtree;hdtree2dtree;hdtree2dtree;hdtree2dtree;hdtree2dtree;hdtree2dtree;hdtree2dtree;hdtree2dtree;hdtree2dtree;hdtree2dtree;hdtree2dtree;hdtree2dtree;hdtree2dtree;hdtree2dtree;hdtree2dtree
0.27% construct_dtree_manager;initialize_dtree_separators;order_var_clauses_based_on_dtree;traverse_dtree;traverse_dtree;traverse_dtree;traverse_dtree;traverse_dtree;traverse_dtree;traverse_dtree;traverse_dtree;traverse_dtree;traverse_dtree;traverse_dtree;traverse_dtree;traverse_dtree;traverse_dtree;traverse_dtree;traverse_dtree
0.27% construct_dtree_manager;initialize_dtree_separators;order_var_clauses_based_on_dtree;traverse_dtree;traverse_dtree;traverse_dtree;traverse_dtree;traverse_dtree;traverse_dtree;traverse_dtree;traverse_dtree;traverse_dtree;traverse_dtree;traverse_dtree;traverse_dtree;traverse_dtree;traverse_dtree;traverse_dtree;traverse_dtree;traverse_dtree;traverse_dtree;traverse_dtree
0.27% construct_dtree_manager;initialize_dtree_separators;fill_separators;fill_separators;fill_separators;fill_separators;fill_separators;fill_separators;fill_separators;fill_separators;fill_separators;fill_separators;fill_separators;fill_separators
     2.08%     0.00%  c2d      [unknown]             [k] 0x0000000000000001
0.80% 0x1;0x7f60d88b51b4
0.27% 0x1;0x7f60d88b518f
0.26% 0x1;0x7f60d88b70d9;asm_exc_page_fault;exc_page_fault;do_user_addr_fault;handle_mm_fault;__handle_mm_fault;__mem_cgroup_charge;get_mem_cgroup_from_mm
0.26% 0x1;0x7f60d88b70d9;asm_exc_page_fault;exc_page_fault;do_user_addr_fault;handle_mm_fault;__handle_mm_fault
0.25% 0x1;0x7f60d88b70dd
0.25% 0x1;0x7f60d88b70d9;asm_exc_page_fault;exc_page_fault;do_user_addr_fault;handle_mm_fault;__handle_mm_fault;folio_add_lru;folio_batch_move_lru
     2.06%     0.00%  c2d      libc.so.6             [.] 0x00007f60d88b70d9
0.54% 0x7f60d88b70d9;asm_exc_page_fault;exc_page_fault;do_user_addr_fault;handle_mm_fault;__handle_mm_fault;vma_alloc_folio;__folio_alloc;__alloc_pages;get_page_from_freelist;clear_page_rep
0.27% 0x7f60d88b70d9;asm_exc_page_fault;exc_page_fault;do_user_addr_fault;handle_mm_fault;__handle_mm_fault;__cgroup_throttle_swaprate;blk_cgroup_congested
0.26% 0x7f60d88b70d9;asm_exc_page_fault;exc_page_fault;do_user_addr_fault;handle_mm_fault;__handle_mm_fault;__mem_cgroup_charge;get_mem_cgroup_from_mm
0.26% 0x7f60d88b70d9;asm_exc_page_fault;exc_page_fault;do_user_addr_fault;handle_mm_fault;__handle_mm_fault
0.25% 0x7f60d88b70d9;asm_exc_page_fault;exc_page_fault;do_user_addr_fault;handle_mm_fault;__handle_mm_fault;folio_add_lru;folio_batch_move_lru
0.24% 0x7f60d88b70d9;asm_exc_page_fault;exc_page_fault;do_user_addr_fault;handle_mm_fault;__handle_mm_fault;folio_add_lru;folio_batch_move_lru;lru_add_fn
0.23% 0x7f60d88b70d9;__irqentry_text_end
     1.64%     0.00%  c2d      c2d                   [.] load_hdtree_from_file
0.26% load_hdtree_from_file;dtree_skeleton2hdtree;initialize_hdtree;initialize_hdtree;initialize_hdtree;initialize_hdtree;initialize_hdtree;initialize_hdtree;initialize_hdtree;initialize_hdtree;initialize_hdtree;initialize_hdtree;initialize_hdtree;initialize_hdtree;initialize_hdtree;initialize_hdtree;initialize_hdtree;initialize_hdtree;initialize_hdtree;initialize_hdtree;initialize_hdtree;initialize_hdtree;initialize_hdtree;initialize_hdtree;initialize_hdtree;initialize_hdtree;initialize_hdtree;initialize_hdtree;edges_concat
0.25% load_hdtree_from_file;dtree_skeleton2hdtree;initialize_hdtree;initialize_hdtree;initialize_hdtree;initialize_hdtree;initialize_hdtree;initialize_hdtree;edges_minus
0.25% load_hdtree_from_file;dtree_skeleton2hdtree;initialize_hdtree;initialize_hdtree;initialize_hdtree;initialize_hdtree;initialize_hdtree;initialize_hdtree;initialize_hdtree;initialize_hdtree;initialize_hdtree;initialize_hdtree;initialize_hdtree;initialize_hdtree;initialize_hdtree;initialize_hdtree;initialize_hdtree;initialize_hdtree;initialize_hdtree;edges_intersection
0.24% load_hdtree_from_file;dtree_skeleton2hdtree;edges_union
0.22% load_hdtree_from_file;__isoc99_fscanf;0x7f60d887ec54
0.21% load_hdtree_from_file;__isoc99_fscanf;0x7f60d887e251
0.21% load_hdtree_from_file;__isoc99_fscanf;0x7f60d887dbbd
     1.59%     0.00%  c2d      c2d                   [.] compile_cnf
0.53% compile_cnf;compile_dt;compile_dt;compile_dt;compile_dt;decide_literal;set_literal
0.27% compile_cnf;compile_dt;compile_dt;compile_dt;compile_dt;compile_dt;compile_dt;compile_decomposed;lookup_or_compile_dt;compile_decomposed;lookup_or_compile_dt;compile_dt;compile_dt;compile_decomposed;lookup_or_compile_dt;compile_dt;select_separator;update_separator_score
0.27% compile_cnf;compile_dt;compile_dt;compile_dt;compile_dt;assert_cd_literal;set_literal;update_subsumption
0.26% compile_cnf;compile_dt;compile_dt;compile_dt;compile_dt;compile_dt;decide_literal;set_literal
0.26% compile_cnf;compile_dt;compile_dt;decide_literal;set_literal
     1.59%     0.00%  c2d      c2d                   [.] compile_dt
0.53% compile_dt;compile_dt;compile_dt;compile_dt;decide_literal;set_literal
0.27% compile_dt;compile_dt;compile_dt;compile_dt;compile_dt;compile_dt;compile_decomposed;lookup_or_compile_dt;compile_decomposed;lookup_or_compile_dt;compile_dt;compile_dt;compile_decomposed;lookup_or_compile_dt;compile_dt;select_separator;update_separator_score
0.27% compile_dt;compile_dt;compile_dt;compile_dt;assert_cd_literal;set_literal;update_subsumption
0.26% compile_dt;compile_dt;compile_dt;compile_dt;compile_dt;decide_literal;set_literal
0.26% compile_dt;compile_dt;decide_literal;set_literal
     1.43%     0.00%  c2d      libc.so.6             [.] __isoc99_fscanf
0.22% __isoc99_fscanf;0x7f60d887ec54
0.21% __isoc99_fscanf;0x7f60d887e251
0.21% __isoc99_fscanf;0x7f60d887dbbd
0.21% __isoc99_fscanf;0x7f60d8867c32
0.20% __isoc99_fscanf;0x7f60d887edaf
0.19% __isoc99_fscanf;0x7f60d887df83
0.18% __isoc99_fscanf;0x7f60d887e261
     1.33%     1.06%  c2d      c2d                   [.] set_literal
0.53% 0x7f60d884624a;main;cnf2ddnnf_cmd_line;compile_cnf;compile_dt;compile_dt;compile_dt;compile_dt;decide_literal;set_literal
0.27% set_literal;update_subsumption
0.26% 0x7f60d884624a;main;cnf2ddnnf_cmd_line;compile_cnf;compile_dt;compile_dt;compile_dt;compile_dt;compile_dt;decide_literal;set_literal
0.26% 0x7f60d884624a;main;cnf2ddnnf_cmd_line;compile_cnf;compile_dt;compile_dt;decide_literal;set_literal
     1.08%     1.08%  c2d      c2d                   [.] hdtree2dtree
0.27% 0x7f60d884624a;main;cnf2ddnnf_cmd_line;construct_dtree_manager;hdtree2dtree;hdtree2dtree;hdtree2dtree;hdtree2dtree;hdtree2dtree;hdtree2dtree;hdtree2dtree;hdtree2dtree;hdtree2dtree;hdtree2dtree;hdtree2dtree
0.27% 0x7f60d884624a;main;cnf2ddnnf_cmd_line;construct_dtree_manager;hdtree2dtree;hdtree2dtree;hdtree2dtree;hdtree2dtree;hdtree2dtree;hdtree2dtree;hdtree2dtree;hdtree2dtree;hdtree2dtree;hdtree2dtree;hdtree2dtree;hdtree2dtree;hdtree2dtree
0.27% 0x7f60d884624a;main;cnf2ddnnf_cmd_line;construct_dtree_manager;hdtree2dtree;hdtree2dtree;hdtree2dtree;hdtree2dtree;hdtree2dtree;hdtree2dtree;hdtree2dtree;hdtree2dtree;hdtree2dtree;hdtree2dtree;hdtree2dtree;hdtree2dtree;hdtree2dtree;hdtree2dtree;hdtree2dtree
0.27% 0x7f60d884624a;main;cnf2ddnnf_cmd_line;construct_dtree_manager;hdtree2dtree;hdtree2dtree;hdtree2dtree;hdtree2dtree;hdtree2dtree;hdtree2dtree;hdtree2dtree;hdtree2dtree;hdtree2dtree;hdtree2dtree;hdtree2dtree;hdtree2dtree;hdtree2dtree;hdtree2dtree;hdtree2dtree;hdtree2dtree;hdtree2dtree;hdtree2dtree
     1.08%     0.27%  c2d      [kernel.kallsyms]     [k] __alloc_pages
0.81% __alloc_pages;get_page_from_freelist;clear_page_rep
0.27% 0x7f60d884624a;main;cnf2ddnnf_cmd_line;free_cache_manager;asm_exc_page_fault;exc_page_fault;do_user_addr_fault;handle_mm_fault;__handle_mm_fault;do_huge_pmd_anonymous_page;pte_alloc_one;__alloc_pages
     1.06%     0.00%  c2d      c2d                   [.] decide_literal
1.06% decide_literal;set_literal
     0.99%     0.00%  c2d      c2d                   [.] dtree_skeleton2hdtree
0.26% dtree_skeleton2hdtree;initialize_hdtree;initialize_hdtree;initialize_hdtree;initialize_hdtree;initialize_hdtree;initialize_hdtree;initialize_hdtree;initialize_hdtree;initialize_hdtree;initialize_hdtree;initialize_hdtree;initialize_hdtree;initialize_hdtree;initialize_hdtree;initialize_hdtree;initialize_hdtree;initialize_hdtree;initialize_hdtree;initialize_hdtree;initialize_hdtree;initialize_hdtree;initialize_hdtree;initialize_hdtree;initialize_hdtree;initialize_hdtree;initialize_hdtree;edges_concat
0.25% dtree_skeleton2hdtree;initialize_hdtree;initialize_hdtree;initialize_hdtree;initialize_hdtree;initialize_hdtree;initialize_hdtree;edges_minus
0.25% dtree_skeleton2hdtree;initialize_hdtree;initialize_hdtree;initialize_hdtree;initialize_hdtree;initialize_hdtree;initialize_hdtree;initialize_hdtree;initialize_hdtree;initialize_hdtree;initialize_hdtree;initialize_hdtree;initialize_hdtree;initialize_hdtree;initialize_hdtree;initialize_hdtree;initialize_hdtree;initialize_hdtree;edges_intersection
0.24% dtree_skeleton2hdtree;edges_union
     0.98%     0.00%  c2d      ld-linux-x86-64.so.2  [.] 0x00007f60d8d60a58
0.25% 0x7f60d8d60a58;0x7f60d8d6022f;0x7f60d8d63c99;0x7f60d8d54309
0.25% 0x7f60d8d60a58;0x7f60d8d6022f;0x7f60d8d63c99;0x7f60d8d54496
0.24% 0x7f60d8d60a58;0x7f60d8d6022f;0x7f60d8d63c99;0x7f60d8d53f51
0.24% 0x7f60d8d60a58;0x7f60d8d6022f;@plt;asm_exc_page_fault;exc_page_fault;do_user_addr_fault;lock_mm_and_find_vma
     0.98%     0.00%  c2d      ld-linux-x86-64.so.2  [.] 0x00007f60d8d6022f
0.25% 0x7f60d8d6022f;0x7f60d8d63c99;0x7f60d8d54309
0.25% 0x7f60d8d6022f;0x7f60d8d63c99;0x7f60d8d54496
0.24% 0x7f60d8d6022f;0x7f60d8d63c99;0x7f60d8d53f51
0.24% 0x7f60d8d6022f;@plt;asm_exc_page_fault;exc_page_fault;do_user_addr_fault;lock_mm_and_find_vma
     0.81%     0.81%  c2d      [kernel.kallsyms]     [k] clear_page_rep
0.54% 0;0x7f60d88b70d9;asm_exc_page_fault;exc_page_fault;do_user_addr_fault;handle_mm_fault;__handle_mm_fault;vma_alloc_folio;__folio_alloc;__alloc_pages;get_page_from_freelist;clear_page_rep
0.27% 0x7f60d884624a;main;cnf2ddnnf_cmd_line;free_cache_manager;asm_exc_page_fault;exc_page_fault;do_user_addr_fault;handle_mm_fault;__handle_mm_fault;do_huge_pmd_anonymous_page;pte_alloc_one;__alloc_pages;get_page_from_freelist;clear_page_rep
     0.81%     0.00%  c2d      [kernel.kallsyms]     [k] get_page_from_freelist
0.81% get_page_from_freelist;clear_page_rep
     0.80%     0.00%  c2d      c2d                   [.] initialize_dtree_separators
0.27% initialize_dtree_separators;order_var_clauses_based_on_dtree;traverse_dtree;traverse_dtree;traverse_dtree;traverse_dtree;traverse_dtree;traverse_dtree;traverse_dtree;traverse_dtree;traverse_dtree;traverse_dtree;traverse_dtree;traverse_dtree;traverse_dtree;traverse_dtree;traverse_dtree;traverse_dtree
0.27% initialize_dtree_separators;order_var_clauses_based_on_dtree;traverse_dtree;traverse_dtree;traverse_dtree;traverse_dtree;traverse_dtree;traverse_dtree;traverse_dtree;traverse_dtree;traverse_dtree;traverse_dtree;traverse_dtree;traverse_dtree;traverse_dtree;traverse_dtree;traverse_dtree;traverse_dtree;traverse_dtree;traverse_dtree;traverse_dtree
0.27% initialize_dtree_separators;fill_separators;fill_separators;fill_separators;fill_separators;fill_separators;fill_separators;fill_separators;fill_separators;fill_separators;fill_separators;fill_separators;fill_separators
     0.80%     0.80%  c2d      libc.so.6             [.] 0x00000000000961b0
0.80% 0x1;0x7f60d88b51b4
     0.80%     0.00%  c2d      libc.so.6             [.] 0x00007f60d88b51b4
0.80% 0x7f60d88b51b4
     0.76%     0.00%  c2d      c2d                   [.] initialize_hdtree
0.26% initialize_hdtree;initialize_hdtree;initialize_hdtree;initialize_hdtree;initialize_hdtree;initialize_hdtree;initialize_hdtree;initialize_hdtree;initialize_hdtree;initialize_hdtree;initialize_hdtree;initialize_hdtree;initialize_hdtree;initialize_hdtree;initialize_hdtree;initialize_hdtree;initialize_hdtree;initialize_hdtree;initialize_hdtree;initialize_hdtree;initialize_hdtree;initialize_hdtree;initialize_hdtree;initialize_hdtree;initialize_hdtree;initialize_hdtree;edges_concat
0.25% initialize_hdtree;initialize_hdtree;initialize_hdtree;initialize_hdtree;initialize_hdtree;initialize_hdtree;edges_minus
0.25% initialize_hdtree;initialize_hdtree;initialize_hdtree;initialize_hdtree;initialize_hdtree;initialize_hdtree;initialize_hdtree;initialize_hdtree;initialize_hdtree;initialize_hdtree;initialize_hdtree;initialize_hdtree;initialize_hdtree;initialize_hdtree;initialize_hdtree;initialize_hdtree;initialize_hdtree;edges_intersection
     0.74%     0.00%  c2d      [kernel.kallsyms]     [k] do_mas_align_munmap
0.26% do_mas_align_munmap;mas_preallocate;mas_alloc_nodes;kmem_cache_alloc_bulk;memset
0.24% do_mas_align_munmap;__split_vma;__vma_adjust;mas_preallocate;mas_alloc_nodes;kmem_cache_alloc_bulk
0.24% do_mas_align_munmap;__split_vma;__vma_adjust;mas_store_prealloc;mas_wr_bnode;mas_wmb_replace;mas_descend_adopt
     0.74%     0.00%  c2d      ld-linux-x86-64.so.2  [.] 0x00007f60d8d63c99
0.25% 0x7f60d8d63c99;0x7f60d8d54309
0.25% 0x7f60d8d63c99;0x7f60d8d54496
0.24% 0x7f60d8d63c99;0x7f60d8d53f51
     0.63%     0.00%  c2d      [kernel.kallsyms]     [k] vm_mmap_pgoff
0.24% vm_mmap_pgoff;do_mmap;mmap_region;do_mas_munmap;do_mas_align_munmap;__split_vma;__vma_adjust;mas_preallocate;mas_alloc_nodes;kmem_cache_alloc_bulk
0.24% vm_mmap_pgoff;do_mmap;mmap_region;do_mas_munmap;do_mas_align_munmap;__split_vma;__vma_adjust;mas_store_prealloc;mas_wr_bnode;mas_wmb_replace;mas_descend_adopt
0.15% vm_mmap_pgoff;do_mmap;mmap_region;vm_area_alloc;kmem_cache_alloc;memcg_slab_post_alloc_hook
     0.63%     0.00%  c2d      [kernel.kallsyms]     [k] do_mmap
0.24% do_mmap;mmap_region;do_mas_munmap;do_mas_align_munmap;__split_vma;__vma_adjust;mas_preallocate;mas_alloc_nodes;kmem_cache_alloc_bulk
0.24% do_mmap;mmap_region;do_mas_munmap;do_mas_align_munmap;__split_vma;__vma_adjust;mas_store_prealloc;mas_wr_bnode;mas_wmb_replace;mas_descend_adopt
0.15% do_mmap;mmap_region;vm_area_alloc;kmem_cache_alloc;memcg_slab_post_alloc_hook
     0.63%     0.00%  c2d      [kernel.kallsyms]     [k] mmap_region
0.24% mmap_region;do_mas_munmap;do_mas_align_munmap;__split_vma;__vma_adjust;mas_preallocate;mas_alloc_nodes;kmem_cache_alloc_bulk
0.24% mmap_region;do_mas_munmap;do_mas_align_munmap;__split_vma;__vma_adjust;mas_store_prealloc;mas_wr_bnode;mas_wmb_replace;mas_descend_adopt
0.15% mmap_region;vm_area_alloc;kmem_cache_alloc;memcg_slab_post_alloc_hook
     0.55%     0.00%  c2d      c2d                   [.] construct_cnf_manager
0.28% construct_cnf_manager;initialize_cnf_manager
0.28% construct_cnf_manager;construct_cnf_clauses;initialize_clause
     0.54%     0.00%  c2d      [kernel.kallsyms]     [k] vma_alloc_folio
0.54% vma_alloc_folio;__folio_alloc;__alloc_pages;get_page_from_freelist;clear_page_rep
     0.54%     0.00%  c2d      [kernel.kallsyms]     [k] __folio_alloc
0.54% __folio_alloc;__alloc_pages;get_page_from_freelist;clear_page_rep
     0.54%     0.54%  c2d      c2d                   [.] traverse_dtree
0.27% 0x7f60d884624a;main;cnf2ddnnf_cmd_line;construct_dtree_manager;initialize_dtree_separators;order_var_clauses_based_on_dtree;traverse_dtree;traverse_dtree;traverse_dtree;traverse_dtree;traverse_dtree;traverse_dtree;traverse_dtree;traverse_dtree;traverse_dtree;traverse_dtree;traverse_dtree;traverse_dtree;traverse_dtree;traverse_dtree;traverse_dtree;traverse_dtree
0.27% 0x7f60d884624a;main;cnf2ddnnf_cmd_line;construct_dtree_manager;initialize_dtree_separators;order_var_clauses_based_on_dtree;traverse_dtree;traverse_dtree;traverse_dtree;traverse_dtree;traverse_dtree;traverse_dtree;traverse_dtree;traverse_dtree;traverse_dtree;traverse_dtree;traverse_dtree;traverse_dtree;traverse_dtree;traverse_dtree;traverse_dtree;traverse_dtree;traverse_dtree;traverse_dtree;traverse_dtree
     0.54%     0.00%  c2d      c2d                   [.] order_var_clauses_based_on_dtree
0.27% order_var_clauses_based_on_dtree;traverse_dtree;traverse_dtree;traverse_dtree;traverse_dtree;traverse_dtree;traverse_dtree;traverse_dtree;traverse_dtree;traverse_dtree;traverse_dtree;traverse_dtree;traverse_dtree;traverse_dtree;traverse_dtree;traverse_dtree;traverse_dtree
0.27% order_var_clauses_based_on_dtree;traverse_dtree;traverse_dtree;traverse_dtree;traverse_dtree;traverse_dtree;traverse_dtree;traverse_dtree;traverse_dtree;traverse_dtree;traverse_dtree;traverse_dtree;traverse_dtree;traverse_dtree;traverse_dtree;traverse_dtree;traverse_dtree;traverse_dtree;traverse_dtree;traverse_dtree
     0.53%     0.00%  c2d      [kernel.kallsyms]     [k] do_huge_pmd_anonymous_page
0.27% do_huge_pmd_anonymous_page;pte_alloc_one;__alloc_pages
0.27% do_huge_pmd_anonymous_page;pte_alloc_one;__alloc_pages;get_page_from_freelist;clear_page_rep
     0.53%     0.00%  c2d      [kernel.kallsyms]     [k] pte_alloc_one
0.27% pte_alloc_one;__alloc_pages
0.27% pte_alloc_one;__alloc_pages;get_page_from_freelist;clear_page_rep
     0.52%     0.00%  c2d      [kernel.kallsyms]     [k] __x64_sys_exit_group
0.26% __x64_sys_exit_group;do_group_exit;do_exit;__mmput;exit_mmap;tlb_finish_mmu;tlb_batch_pages_flush;release_pages
0.26% __x64_sys_exit_group;do_group_exit;do_exit;__mmput;exit_mmap;unmap_vmas;unmap_page_range;_compound_head
     0.52%     0.00%  c2d      [kernel.kallsyms]     [k] do_group_exit
0.26% do_group_exit;do_exit;__mmput;exit_mmap;tlb_finish_mmu;tlb_batch_pages_flush;release_pages
0.26% do_group_exit;do_exit;__mmput;exit_mmap;unmap_vmas;unmap_page_range;_compound_head
     0.52%     0.00%  c2d      [kernel.kallsyms]     [k] do_exit
0.26% do_exit;__mmput;exit_mmap;tlb_finish_mmu;tlb_batch_pages_flush;release_pages
0.26% do_exit;__mmput;exit_mmap;unmap_vmas;unmap_page_range;_compound_head
     0.52%     0.00%  c2d      [kernel.kallsyms]     [k] __mmput
0.26% __mmput;exit_mmap;tlb_finish_mmu;tlb_batch_pages_flush;release_pages
0.26% __mmput;exit_mmap;unmap_vmas;unmap_page_range;_compound_head
     0.52%     0.00%  c2d      [kernel.kallsyms]     [k] exit_mmap
0.26% exit_mmap;tlb_finish_mmu;tlb_batch_pages_flush;release_pages
0.26% exit_mmap;unmap_vmas;unmap_page_range;_compound_head
     0.51%     0.25%  c2d      libc.so.6             [.] clock_gettime
0.27% clock_gettime;__vdso_clock_gettime;entry_SYSCALL_64_after_hwframe;do_syscall_64;__x64_sys_clock_gettime;posix_cpu_clock_get;cpu_clock_sample_group;thread_group_cputime;task_sched_runtime;task_rq_lock
0.25% 0x7f60d884624a;clock_gettime
     0.51%     0.24%  c2d      [kernel.kallsyms]     [k] lock_mm_and_find_vma
0.27% lock_mm_and_find_vma;find_vma;mt_find
0.24% 0x7f60d8d60a58;0x7f60d8d6022f;@plt;asm_exc_page_fault;exc_page_fault;do_user_addr_fault;lock_mm_and_find_vma
     0.50%     0.24%  c2d      [kernel.kallsyms]     [k] kmem_cache_alloc_bulk
0.26% kmem_cache_alloc_bulk;memset
0.24% 0x7f60d8d798a8;0x7f60d8d4e075;0x7f60d8d66ae3;entry_SYSCALL_64_after_hwframe;do_syscall_64;ksys_mmap_pgoff;vm_mmap_pgoff;do_mmap;mmap_region;do_mas_munmap;do_mas_align_munmap;__split_vma;__vma_adjust;mas_preallocate;mas_alloc_nodes;kmem_cache_alloc_bulk
     0.50%     0.00%  c2d      [kernel.kallsyms]     [k] mas_preallocate
0.26% mas_preallocate;mas_alloc_nodes;kmem_cache_alloc_bulk;memset
0.24% mas_preallocate;mas_alloc_nodes;kmem_cache_alloc_bulk
     0.50%     0.00%  c2d      [kernel.kallsyms]     [k] mas_alloc_nodes
0.26% mas_alloc_nodes;kmem_cache_alloc_bulk;memset
0.24% mas_alloc_nodes;kmem_cache_alloc_bulk
     0.50%     0.25%  c2d      [kernel.kallsyms]     [k] folio_batch_move_lru
0.25% 0x1;0x7f60d88b70d9;asm_exc_page_fault;exc_page_fault;do_user_addr_fault;handle_mm_fault;__handle_mm_fault;folio_add_lru;folio_batch_move_lru
0.24% folio_batch_move_lru;lru_add_fn
     0.50%     0.00%  c2d      [kernel.kallsyms]     [k] folio_add_lru
0.25% folio_add_lru;folio_batch_move_lru
0.24% folio_add_lru;folio_batch_move_lru;lru_add_fn
     0.49%     0.00%  c2d      [unknown]             [.] 0x00007f60d8a7a758
0.25% 0x7f60d8a7a758;0x7f60d8d4f973
0.24% 0x7f60d8a7a758;0x7f60d8d4f94a
     0.48%     0.00%  c2d      [unknown]             [k] 0x00007f60d8d798a8
0.24% 0x7f60d8d798a8;0x7f60d8d4e075;0x7f60d8d66ae3;entry_SYSCALL_64_after_hwframe;do_syscall_64;ksys_mmap_pgoff;vm_mmap_pgoff;do_mmap;mmap_region;do_mas_munmap;do_mas_align_munmap;__split_vma;__vma_adjust;mas_preallocate;mas_alloc_nodes;kmem_cache_alloc_bulk
0.24% 0x7f60d8d798a8;0x7f60d8d4e075;0x7f60d8d66ae3;entry_SYSCALL_64_after_hwframe;do_syscall_64;ksys_mmap_pgoff;vm_mmap_pgoff;do_mmap;mmap_region;do_mas_munmap;do_mas_align_munmap;__split_vma;__vma_adjust;mas_store_prealloc;mas_wr_bnode;mas_wmb_replace;mas_descend_adopt
     0.48%     0.00%  c2d      ld-linux-x86-64.so.2  [.] 0x00007f60d8d4e075
0.24% 0x7f60d8d4e075;0x7f60d8d66ae3;entry_SYSCALL_64_after_hwframe;do_syscall_64;ksys_mmap_pgoff;vm_mmap_pgoff;do_mmap;mmap_region;do_mas_munmap;do_mas_align_munmap;__split_vma;__vma_adjust;mas_preallocate;mas_alloc_nodes;kmem_cache_alloc_bulk
0.24% 0x7f60d8d4e075;0x7f60d8d66ae3;entry_SYSCALL_64_after_hwframe;do_syscall_64;ksys_mmap_pgoff;vm_mmap_pgoff;do_mmap;mmap_region;do_mas_munmap;do_mas_align_munmap;__split_vma;__vma_adjust;mas_store_prealloc;mas_wr_bnode;mas_wmb_replace;mas_descend_adopt
     0.48%     0.00%  c2d      ld-linux-x86-64.so.2  [.] 0x00007f60d8d66ae3
0.24% 0x7f60d8d66ae3;entry_SYSCALL_64_after_hwframe;do_syscall_64;ksys_mmap_pgoff;vm_mmap_pgoff;do_mmap;mmap_region;do_mas_munmap;do_mas_align_munmap;__split_vma;__vma_adjust;mas_preallocate;mas_alloc_nodes;kmem_cache_alloc_bulk
0.24% 0x7f60d8d66ae3;entry_SYSCALL_64_after_hwframe;do_syscall_64;ksys_mmap_pgoff;vm_mmap_pgoff;do_mmap;mmap_region;do_mas_munmap;do_mas_align_munmap;__split_vma;__vma_adjust;mas_store_prealloc;mas_wr_bnode;mas_wmb_replace;mas_descend_adopt
     0.48%     0.00%  c2d      [kernel.kallsyms]     [k] ksys_mmap_pgoff
0.24% ksys_mmap_pgoff;vm_mmap_pgoff;do_mmap;mmap_region;do_mas_munmap;do_mas_align_munmap;__split_vma;__vma_adjust;mas_preallocate;mas_alloc_nodes;kmem_cache_alloc_bulk
0.24% ksys_mmap_pgoff;vm_mmap_pgoff;do_mmap;mmap_region;do_mas_munmap;do_mas_align_munmap;__split_vma;__vma_adjust;mas_store_prealloc;mas_wr_bnode;mas_wmb_replace;mas_descend_adopt
     0.48%     0.00%  c2d      [kernel.kallsyms]     [k] do_mas_munmap
0.24% do_mas_munmap;do_mas_align_munmap;__split_vma;__vma_adjust;mas_preallocate;mas_alloc_nodes;kmem_cache_alloc_bulk
0.24% do_mas_munmap;do_mas_align_munmap;__split_vma;__vma_adjust;mas_store_prealloc;mas_wr_bnode;mas_wmb_replace;mas_descend_adopt
     0.48%     0.00%  c2d      [kernel.kallsyms]     [k] __split_vma
0.24% __split_vma;__vma_adjust;mas_preallocate;mas_alloc_nodes;kmem_cache_alloc_bulk
0.24% __split_vma;__vma_adjust;mas_store_prealloc;mas_wr_bnode;mas_wmb_replace;mas_descend_adopt
     0.48%     0.00%  c2d      [kernel.kallsyms]     [k] __vma_adjust
0.24% __vma_adjust;mas_preallocate;mas_alloc_nodes;kmem_cache_alloc_bulk
0.24% __vma_adjust;mas_store_prealloc;mas_wr_bnode;mas_wmb_replace;mas_descend_adopt
     0.28%     0.28%  c2d      c2d                   [.] initialize_cnf_manager
0.28% 0x7f60d884624a;main;cnf2ddnnf_cmd_line;construct_cnf_manager;initialize_cnf_manager
     0.28%     0.28%  c2d      c2d                   [.] index2literalp
0.28% 0x7f60d884624a;main;cnf2ddnnf_cmd_line;construct_cnf_manager;construct_cnf_clauses;initialize_clause
     0.28%     0.00%  c2d      c2d                   [.] construct_cnf_clauses
0.28% construct_cnf_clauses;initialize_clause
     0.28%     0.00%  c2d      c2d                   [.] initialize_clause
0.28% initialize_clause
     0.28%     0.28%  c2d      c2d                   [.] hdtree_sizes_max
0.28% 0x7f60d884624a;main;cnf2ddnnf_cmd_line;construct_dtree_manager;hdtree_sizes_max;hdtree_sizes_max;hdtree_sizes_max;hdtree_sizes_max;hdtree_sizes_max;hdtree_sizes_max;hdtree_sizes_max;hdtree_sizes_max;hdtree_sizes_max;hdtree_sizes_max;hdtree_sizes_max;hdtree_sizes_max;hdtree_sizes_max;hdtree_sizes_max;hdtree_sizes_max;hdtree_sizes_max;hdtree_sizes_max;hdtree_sizes_max;hdtree_sizes_max;hdtree_sizes_max;hdtree_sizes_max;hdtree_sizes_max;hdtree_sizes_max;hdtree_sizes_max;hdtree_sizes_max
     0.27%     0.27%  c2d      libc.so.6             [.] 0x000000000003faa9
0.27% 0x7f60d885eaad
     0.27%     0.00%  c2d      libc.so.6             [.] 0x00007f60d885eaad
0.27% 0x7f60d885eaad
     0.27%     0.27%  c2d      [kernel.kallsyms]     [k] blk_cgroup_congested
0.27% 0;0x7f60d88b70d9;asm_exc_page_fault;exc_page_fault;do_user_addr_fault;handle_mm_fault;__handle_mm_fault;__cgroup_throttle_swaprate;blk_cgroup_congested
     0.27%     0.00%  c2d      [kernel.kallsyms]     [k] __cgroup_throttle_swaprate
0.27% __cgroup_throttle_swaprate;blk_cgroup_congested
     0.27%     0.27%  c2d      c2d                   [.] fill_separators
0.27% 0x7f60d884624a;main;cnf2ddnnf_cmd_line;construct_dtree_manager;initialize_dtree_separators;fill_separators;fill_separators;fill_separators;fill_separators;fill_separators;fill_separators;fill_separators;fill_separators;fill_separators;fill_separators;fill_separators;fill_separators
     0.27%     0.27%  c2d      libc.so.6             [.] 0x0000000000097c9c
0.27% 0;0x7f60d88b6ca3
     0.27%     0.00%  c2d      libc.so.6             [.] 0x00007f60d88b6ca3
0.27% 0x7f60d88b6ca3
     0.27%     0.27%  c2d      libc.so.6             [.] 0x0000000000096189
0.27% 0x1;0x7f60d88b518f
     0.27%     0.00%  c2d      libc.so.6             [.] 0x00007f60d88b518f
0.27% 0x7f60d88b518f
     0.27%     0.27%  c2d      [kernel.kallsyms]     [k] mt_find
0.27% 0x7f60d884624a;main;cnf2ddnnf_cmd_line;free_cache_manager;asm_exc_page_fault;exc_page_fault;do_user_addr_fault;lock_mm_and_find_vma;find_vma;mt_find
     0.27%     0.00%  c2d      [kernel.kallsyms]     [k] find_vma
0.27% find_vma;mt_find
     0.27%     0.27%  c2d      libc.so.6             [.] 0x0000000000054e14
0.27% 0x7f60d887d04d;0x7f60d8873e1b
     0.27%     0.00%  c2d      libc.so.6             [.] 0x00007f60d887d04d
0.27% 0x7f60d887d04d;0x7f60d8873e1b
     0.27%     0.00%  c2d      libc.so.6             [.] 0x00007f60d8873e1b
0.27% 0x7f60d8873e1b
     0.27%     0.27%  c2d      libc.so.6             [.] cfree
0.27% cfree
     0.27%     0.27%  c2d      c2d                   [.] update_separator_score
0.27% 0x7f60d884624a;main;cnf2ddnnf_cmd_line;compile_cnf;compile_dt;compile_dt;compile_dt;compile_dt;compile_dt;compile_dt;compile_decomposed;lookup_or_compile_dt;compile_decomposed;lookup_or_compile_dt;compile_dt;compile_dt;compile_decomposed;lookup_or_compile_dt;compile_dt;select_separator;update_separator_score
     0.27%     0.00%  c2d      c2d                   [.] compile_decomposed
0.27% compile_decomposed;lookup_or_compile_dt;compile_decomposed;lookup_or_compile_dt;compile_dt;compile_dt;compile_decomposed;lookup_or_compile_dt;compile_dt;select_separator;update_separator_score
     0.27%     0.00%  c2d      c2d                   [.] lookup_or_compile_dt
0.27% lookup_or_compile_dt;compile_decomposed;lookup_or_compile_dt;compile_dt;compile_dt;compile_decomposed;lookup_or_compile_dt;compile_dt;select_separator;update_separator_score
     0.27%     0.00%  c2d      c2d                   [.] select_separator
0.27% select_separator;update_separator_score
     0.27%     0.27%  c2d      c2d                   [.] update_subsumption
0.27% 0x7f60d884624a;main;cnf2ddnnf_cmd_line;compile_cnf;compile_dt;compile_dt;compile_dt;compile_dt;assert_cd_literal;set_literal;update_subsumption
     0.27%     0.00%  c2d      c2d                   [.] assert_cd_literal
0.27% assert_cd_literal;set_literal;update_subsumption
     0.27%     0.27%  c2d      [kernel.kallsyms]     [k] task_rq_lock
0.27% 0x7f60d884624a;main;clock_gettime;__vdso_clock_gettime;entry_SYSCALL_64_after_hwframe;do_syscall_64;__x64_sys_clock_gettime;posix_cpu_clock_get;cpu_clock_sample_group;thread_group_cputime;task_sched_runtime;task_rq_lock
     0.27%     0.00%  c2d      [vdso]                [.] __vdso_clock_gettime
0.27% __vdso_clock_gettime;entry_SYSCALL_64_after_hwframe;do_syscall_64;__x64_sys_clock_gettime;posix_cpu_clock_get;cpu_clock_sample_group;thread_group_cputime;task_sched_runtime;task_rq_lock
     0.27%     0.00%  c2d      [kernel.kallsyms]     [k] __x64_sys_clock_gettime
0.27% __x64_sys_clock_gettime;posix_cpu_clock_get;cpu_clock_sample_group;thread_group_cputime;task_sched_runtime;task_rq_lock
     0.27%     0.00%  c2d      [kernel.kallsyms]     [k] posix_cpu_clock_get
0.27% posix_cpu_clock_get;cpu_clock_sample_group;thread_group_cputime;task_sched_runtime;task_rq_lock
     0.27%     0.00%  c2d      [kernel.kallsyms]     [k] cpu_clock_sample_group
0.27% cpu_clock_sample_group;thread_group_cputime;task_sched_runtime;task_rq_lock
     0.27%     0.00%  c2d      [kernel.kallsyms]     [k] thread_group_cputime
0.27% thread_group_cputime;task_sched_runtime;task_rq_lock
     0.27%     0.00%  c2d      [kernel.kallsyms]     [k] task_sched_runtime
0.27% task_sched_runtime;task_rq_lock
     0.27%     0.27%  c2d      libc.so.6             [.] 0x00000000000951dc
0.27% 0x7f60d88b41e0
     0.27%     0.00%  c2d      libc.so.6             [.] 0x00007f60d88b41e0
0.27% 0x7f60d88b41e0
     0.27%     0.27%  c2d      c2d                   [.] free_hdtree
0.27% 0x7f60d884624a;main;cnf2ddnnf_cmd_line;free_hdtree;free_hdtree;free_hdtree;free_hdtree;free_hdtree;free_hdtree;free_hdtree;free_hdtree;free_hdtree;free_hdtree;free_hdtree;free_hdtree;free_hdtree;free_hdtree;free_hdtree;free_hdtree;free_hdtree;free_hdtree;free_hdtree;free_hdtree;free_hdtree;free_hdtree;free_hdtree;free_hdtree;free_hdtree;free_hdtree;free_hdtree;free_hdtree;free_hdtree
     0.26%     0.26%  c2d      [kernel.kallsyms]     [k] memset
0.26% brk;entry_SYSCALL_64_after_hwframe;do_syscall_64;__do_sys_brk;do_mas_align_munmap;mas_preallocate;mas_alloc_nodes;kmem_cache_alloc_bulk;memset
     0.26%     0.00%  c2d      libc.so.6             [.] brk
0.26% brk;entry_SYSCALL_64_after_hwframe;do_syscall_64;__do_sys_brk;do_mas_align_munmap;mas_preallocate;mas_alloc_nodes;kmem_cache_alloc_bulk;memset
     0.26%     0.00%  c2d      [kernel.kallsyms]     [k] __do_sys_brk
0.26% __do_sys_brk;do_mas_align_munmap;mas_preallocate;mas_alloc_nodes;kmem_cache_alloc_bulk;memset
     0.26%     0.26%  c2d      libc.so.6             [.] 0x00000000000951bf
0.26% 0x7f60d88b41c3
     0.26%     0.00%  c2d      libc.so.6             [.] 0x00007f60d88b41c3
0.26% 0x7f60d88b41c3
     0.26%     0.26%  c2d      [kernel.kallsyms]     [k] filemap_map_pages
0.26% 0x7f60d885d55d;_fini;asm_exc_page_fault;exc_page_fault;do_user_addr_fault;handle_mm_fault;__handle_mm_fault;do_fault;xfs_filemap_map_pages;filemap_map_pages
     0.26%     0.00%  c2d      libc.so.6             [.] 0x00007f60d885d55d
0.26% 0x7f60d885d55d;_fini;asm_exc_page_fault;exc_page_fault;do_user_addr_fault;handle_mm_fault;__handle_mm_fault;do_fault;xfs_filemap_map_pages;filemap_map_pages
     0.26%     0.00%  c2d      c2d                   [.] _fini
0.26% _fini;asm_exc_page_fault;exc_page_fault;do_user_addr_fault;handle_mm_fault;__handle_mm_fault;do_fault;xfs_filemap_map_pages;filemap_map_pages
     0.26%     0.00%  c2d      [kernel.kallsyms]     [k] do_fault
0.26% do_fault;xfs_filemap_map_pages;filemap_map_pages
     0.26%     0.00%  c2d      [xfs]                 [k] xfs_filemap_map_pages
0.26% xfs_filemap_map_pages;filemap_map_pages
     0.26%     0.26%  c2d      [kernel.kallsyms]     [k] release_pages
0.26% entry_SYSCALL_64_after_hwframe;do_syscall_64;__x64_sys_exit_group;do_group_exit;do_exit;__mmput;exit_mmap;tlb_finish_mmu;tlb_batch_pages_flush;release_pages
     0.26%     0.00%  c2d      [kernel.kallsyms]     [k] tlb_finish_mmu
0.26% tlb_finish_mmu;tlb_batch_pages_flush;release_pages
     0.26%     0.00%  c2d      [kernel.kallsyms]     [k] tlb_batch_pages_flush
0.26% tlb_batch_pages_flush;release_pages
     0.26%     0.26%  c2d      [kernel.kallsyms]     [k] _compound_head
0.26% entry_SYSCALL_64_after_hwframe;do_syscall_64;__x64_sys_exit_group;do_group_exit;do_exit;__mmput;exit_mmap;unmap_vmas;unmap_page_range;_compound_head
     0.26%     0.00%  c2d      [kernel.kallsyms]     [k] unmap_vmas
0.26% unmap_vmas;unmap_page_range;_compound_head
     0.26%     0.00%  c2d      [kernel.kallsyms]     [k] unmap_page_range
0.26% unmap_page_range;_compound_head
     0.26%     0.26%  c2d      c2d                   [.] fill_dfs_nodes
0.26% 0x7f60d884624a;main;cnf2ddnnf_cmd_line;hdtree2node_order;fill_dfs_nodes;fill_dfs_nodes;fill_dfs_nodes;fill_dfs_nodes;fill_dfs_nodes;fill_dfs_nodes;fill_dfs_nodes;fill_dfs_nodes;fill_dfs_nodes;fill_dfs_nodes;fill_dfs_nodes;fill_dfs_nodes;fill_dfs_nodes;fill_dfs_nodes;fill_dfs_nodes;fill_dfs_nodes;fill_dfs_nodes;fill_dfs_nodes;fill_dfs_nodes
     0.26%     0.00%  c2d      c2d                   [.] hdtree2node_order
0.26% hdtree2node_order;fill_dfs_nodes;fill_dfs_nodes;fill_dfs_nodes;fill_dfs_nodes;fill_dfs_nodes;fill_dfs_nodes;fill_dfs_nodes;fill_dfs_nodes;fill_dfs_nodes;fill_dfs_nodes;fill_dfs_nodes;fill_dfs_nodes;fill_dfs_nodes;fill_dfs_nodes;fill_dfs_nodes;fill_dfs_nodes;fill_dfs_nodes;fill_dfs_nodes;fill_dfs_nodes
     0.26%     0.26%  c2d      c2d                   [.] edges_concat
0.26% 0x7f60d884624a;main;cnf2ddnnf_cmd_line;load_hdtree_from_file;dtree_skeleton2hdtree;initialize_hdtree;initialize_hdtree;initialize_hdtree;initialize_hdtree;initialize_hdtree;initialize_hdtree;initialize_hdtree;initialize_hdtree;initialize_hdtree;initialize_hdtree;initialize_hdtree;initialize_hdtree;initialize_hdtree;initialize_hdtree;initialize_hdtree;initialize_hdtree;initialize_hdtree;initialize_hdtree;initialize_hdtree;initialize_hdtree;initialize_hdtree;initialize_hdtree;initialize_hdtree;initialize_hdtree;initialize_hdtree;initialize_hdtree;edges_concat
     0.26%     0.26%  c2d      [kernel.kallsyms]     [k] get_mem_cgroup_from_mm
0.26% 0x1;0x7f60d88b70d9;asm_exc_page_fault;exc_page_fault;do_user_addr_fault;handle_mm_fault;__handle_mm_fault;__mem_cgroup_charge;get_mem_cgroup_from_mm
     0.26%     0.00%  c2d      [kernel.kallsyms]     [k] __mem_cgroup_charge
0.26% __mem_cgroup_charge;get_mem_cgroup_from_mm
     0.25%     0.25%  c2d      libc.so.6             [.] 0x00000000000980d9
0.25% 0x1;0x7f60d88b70dd
     0.25%     0.00%  c2d      libc.so.6             [.] 0x00007f60d88b70dd
0.25% 0x7f60d88b70dd
     0.25%     0.25%  c2d      ld-linux-x86-64.so.2  [.] 0x000000000000996c
0.25% 0x20fc90;0x7f60d8a7a758;0x7f60d8d4f973
     0.25%     0.00%  c2d      [unknown]             [.] 0x000000000020fc90
0.25% 0x20fc90;0x7f60d8a7a758;0x7f60d8d4f973
     0.25%     0.00%  c2d      ld-linux-x86-64.so.2  [.] 0x00007f60d8d4f973
0.25% 0x7f60d8d4f973
     0.25%     0.25%  c2d      ld-linux-x86-64.so.2  [.] 0x000000000000e305
0.25% 0x7f60d8d60a58;0x7f60d8d6022f;0x7f60d8d63c99;0x7f60d8d54309
     0.25%     0.00%  c2d      ld-linux-x86-64.so.2  [.] 0x00007f60d8d54309
0.25% 0x7f60d8d54309
     0.25%     0.25%  c2d      c2d                   [.] edges_minus
0.25% 0x7f60d884624a;main;cnf2ddnnf_cmd_line;load_hdtree_from_file;dtree_skeleton2hdtree;initialize_hdtree;initialize_hdtree;initialize_hdtree;initialize_hdtree;initialize_hdtree;initialize_hdtree;edges_minus
     0.25%     0.25%  c2d      c2d                   [.] edges_intersection
0.25% 0x7f60d884624a;main;cnf2ddnnf_cmd_line;load_hdtree_from_file;dtree_skeleton2hdtree;initialize_hdtree;initialize_hdtree;initialize_hdtree;initialize_hdtree;initialize_hdtree;initialize_hdtree;initialize_hdtree;initialize_hdtree;initialize_hdtree;initialize_hdtree;initialize_hdtree;initialize_hdtree;initialize_hdtree;initialize_hdtree;initialize_hdtree;initialize_hdtree;initialize_hdtree;edges_intersection
     0.25%     0.25%  c2d      ld-linux-x86-64.so.2  [.] 0x000000000000e492
0.25% 0x7f60d8d60a58;0x7f60d8d6022f;0x7f60d8d63c99;0x7f60d8d54496
     0.25%     0.00%  c2d      ld-linux-x86-64.so.2  [.] 0x00007f60d8d54496
0.25% 0x7f60d8d54496
     0.24%     0.24%  c2d      [kernel.kallsyms]     [k] lru_add_fn
0.24% 0;0x7f60d88b70d9;asm_exc_page_fault;exc_page_fault;do_user_addr_fault;handle_mm_fault;__handle_mm_fault;folio_add_lru;folio_batch_move_lru;lru_add_fn
     0.24%     0.24%  c2d      ld-linux-x86-64.so.2  [.] 0x000000000000df4d
0.24% 0x7f60d8d60a58;0x7f60d8d6022f;0x7f60d8d63c99;0x7f60d8d53f51
     0.24%     0.00%  c2d      ld-linux-x86-64.so.2  [.] 0x00007f60d8d53f51
0.24% 0x7f60d8d53f51
     0.24%     0.00%  c2d      libstdc++.so.6.0.30   [.] std::__timepunct<char>::__timepunct
0.24% std::__timepunct<char>::__timepunct;asm_exc_page_fault;exc_page_fault;do_user_addr_fault;handle_mm_fault;__handle_mm_fault
     0.24%     0.24%  c2d      libc.so.6             [.] malloc
0.24% malloc
     0.24%     0.24%  c2d      libc.so.6             [.] 0x0000000000048de1
0.24% 0x7f60d8867de6
     0.24%     0.00%  c2d      libc.so.6             [.] 0x00007f60d8867de6
0.24% 0x7f60d8867de6
     0.24%     0.00%  c2d      libc.so.6             [.] @plt
0.24% @plt;asm_exc_page_fault;exc_page_fault;do_user_addr_fault;lock_mm_and_find_vma
     0.24%     0.24%  c2d      ld-linux-x86-64.so.2  [.] 0x0000000000009947
0.24% 0x20ae70;0x7f60d8a7a758;0x7f60d8d4f94a
     0.24%     0.00%  c2d      [unknown]             [.] 0x000000000020ae70
0.24% 0x20ae70;0x7f60d8a7a758;0x7f60d8d4f94a
     0.24%     0.00%  c2d      ld-linux-x86-64.so.2  [.] 0x00007f60d8d4f94a
0.24% 0x7f60d8d4f94a
     0.24%     0.24%  c2d      c2d                   [.] edges_union
0.24% 0x7f60d884624a;main;cnf2ddnnf_cmd_line;load_hdtree_from_file;dtree_skeleton2hdtree;edges_union
     0.24%     0.24%  c2d      [kernel.kallsyms]     [k] mas_descend_adopt
0.24% 0x7f60d8d798a8;0x7f60d8d4e075;0x7f60d8d66ae3;entry_SYSCALL_64_after_hwframe;do_syscall_64;ksys_mmap_pgoff;vm_mmap_pgoff;do_mmap;mmap_region;do_mas_munmap;do_mas_align_munmap;__split_vma;__vma_adjust;mas_store_prealloc;mas_wr_bnode;mas_wmb_replace;mas_descend_adopt
     0.24%     0.00%  c2d      [kernel.kallsyms]     [k] mas_store_prealloc
0.24% mas_store_prealloc;mas_wr_bnode;mas_wmb_replace;mas_descend_adopt
     0.24%     0.00%  c2d      [kernel.kallsyms]     [k] mas_wr_bnode
0.24% mas_wr_bnode;mas_wmb_replace;mas_descend_adopt
     0.24%     0.00%  c2d      [kernel.kallsyms]     [k] mas_wmb_replace
0.24% mas_wmb_replace;mas_descend_adopt
     0.24%     0.24%  c2d      libc.so.6             [.] 0x000000000009fc40
0.24% 0xa6425000a642520;0x7f60d88bec42
     0.24%     0.00%  c2d      [unknown]             [.] 0x0a6425000a642520
0.24% 0xa6425000a642520;0x7f60d88bec42
     0.24%     0.00%  c2d      libc.so.6             [.] 0x00007f60d88bec42
0.24% 0x7f60d88bec42
     0.23%     0.23%  c2d      libc.so.6             [.] __libc_calloc
0.23% 0x21;__libc_calloc
     0.23%     0.00%  c2d      [unknown]             [.] 0x0000000000000021
0.23% 0x21;__libc_calloc
     0.23%     0.23%  c2d      [kernel.kallsyms]     [k] __irqentry_text_end
0.23% 0;0x7f60d88b70d9;__irqentry_text_end
     0.23%     0.23%  c2d      ld-linux-x86-64.so.2  [.] 0x0000000000012b6a
0.23% 0x500f;0x7f60d8d58b6e
     0.23%     0.00%  c2d      [unknown]             [.] 0x000000000000500f
0.23% 0x500f;0x7f60d8d58b6e
     0.23%     0.00%  c2d      ld-linux-x86-64.so.2  [.] 0x00007f60d8d58b6e
0.23% 0x7f60d8d58b6e
     0.23%     0.23%  c2d      libc.so.6             [.] 0x0000000000097362
0.23% 0;0x7f60d88b6368
     0.23%     0.00%  c2d      libc.so.6             [.] 0x00007f60d88b6368
0.23% 0x7f60d88b6368
     0.23%     0.23%  c2d      c2d                   [.] set_validity
0.23% 0x7f60d884624a;main;get_cnf_from_file;set_validity
     0.23%     0.00%  c2d      c2d                   [.] get_cnf_from_file
0.23% get_cnf_from_file;set_validity
     0.22%     0.22%  c2d      libc.so.6             [.] 0x000000000005fc50
0.22% 0x7f60d884624a;main;cnf2ddnnf_cmd_line;load_hdtree_from_file;__isoc99_fscanf;0x7f60d887ec54
     0.22%     0.00%  c2d      libc.so.6             [.] 0x00007f60d887ec54
0.22% 0x7f60d887ec54
     0.22%     0.22%  c2d      libc.so.6             [.] 0x00000000000a2dfd
0.22% 0xa3335392036;0x7f60d88c1dff
     0.22%     0.00%  c2d      [unknown]             [.] 0x00000a3335392036
0.22% 0xa3335392036;0x7f60d88c1dff
     0.22%     0.00%  c2d      libc.so.6             [.] 0x00007f60d88c1dff
0.22% 0x7f60d88c1dff
     0.21%     0.21%  c2d      libc.so.6             [.] 0x000000000005f24e
0.21% 0x7f60d884624a;main;cnf2ddnnf_cmd_line;load_hdtree_from_file;__isoc99_fscanf;0x7f60d887e251
     0.21%     0.00%  c2d      libc.so.6             [.] 0x00007f60d887e251
0.21% 0x7f60d887e251
     0.21%     0.21%  c2d      libc.so.6             [.] 0x000000000005ebba
0.21% 0x7f60d884624a;main;cnf2ddnnf_cmd_line;load_hdtree_from_file;__isoc99_fscanf;0x7f60d887dbbd
     0.21%     0.00%  c2d      libc.so.6             [.] 0x00007f60d887dbbd
0.21% 0x7f60d887dbbd
     0.21%     0.21%  c2d      [kernel.kallsyms]     [k] iput
0.21% 0x7f60d8d60a50;entry_SYSCALL_64_after_hwframe;do_syscall_64;syscall_exit_to_user_mode;exit_to_user_mode_prepare;task_work_run;__fput;__dentry_kill;iput
     0.21%     0.00%  c2d      ld-linux-x86-64.so.2  [.] 0x00007f60d8d60a50
0.21% 0x7f60d8d60a50;entry_SYSCALL_64_after_hwframe;do_syscall_64;syscall_exit_to_user_mode;exit_to_user_mode_prepare;task_work_run;__fput;__dentry_kill;iput
     0.21%     0.00%  c2d      [kernel.kallsyms]     [k] syscall_exit_to_user_mode
0.21% syscall_exit_to_user_mode;exit_to_user_mode_prepare;task_work_run;__fput;__dentry_kill;iput
     0.21%     0.00%  c2d      [kernel.kallsyms]     [k] exit_to_user_mode_prepare
0.21% exit_to_user_mode_prepare;task_work_run;__fput;__dentry_kill;iput
     0.21%     0.00%  c2d      [kernel.kallsyms]     [k] task_work_run
0.21% task_work_run;__fput;__dentry_kill;iput
     0.21%     0.00%  c2d      [kernel.kallsyms]     [k] __fput
0.21% __fput;__dentry_kill;iput
     0.21%     0.00%  c2d      [kernel.kallsyms]     [k] __dentry_kill
0.21% __dentry_kill;iput
     0.21%     0.00%  c2d      [unknown]             [k] 0x6b6e550a00642520
0.21% 0x6b6e550a00642520;__isoc99_sscanf;0x7f60d8882883;asm_exc_page_fault;exc_page_fault;do_user_addr_fault;handle_mm_fault
     0.21%     0.00%  c2d      libc.so.6             [.] __isoc99_sscanf
0.21% __isoc99_sscanf;0x7f60d8882883;asm_exc_page_fault;exc_page_fault;do_user_addr_fault;handle_mm_fault
     0.21%     0.00%  c2d      libc.so.6             [.] 0x00007f60d8882883
0.21% 0x7f60d8882883;asm_exc_page_fault;exc_page_fault;do_user_addr_fault;handle_mm_fault
     0.21%     0.21%  c2d      libc.so.6             [.] 0x0000000000048c30
0.21% 0x7f60d884624a;main;__isoc99_fscanf;0x7f60d8867c32
     0.21%     0.00%  c2d      libc.so.6             [.] 0x00007f60d8867c32
0.21% 0x7f60d8867c32
     0.21%     0.00%  c2d      [unknown]             [k] 0x00007fece58f3a97
0.15% 0x7fece58f3a97;entry_SYSCALL_64_after_hwframe;do_syscall_64;__x64_sys_execve;do_execveat_common.isra.0;bprm_execve;load_elf_binary;elf_map;vm_mmap_pgoff;do_mmap;mmap_region;vm_area_alloc;kmem_cache_alloc;memcg_slab_post_alloc_hook
0.05% 0x7fece58f3a97;entry_SYSCALL_64_after_hwframe;do_syscall_64;__x64_sys_execve;do_execveat_common.isra.0;bprm_execve;load_elf_binary;begin_new_exec;commit_creds
     0.21%     0.00%  c2d      [kernel.kallsyms]     [k] __x64_sys_execve
0.15% __x64_sys_execve;do_execveat_common.isra.0;bprm_execve;load_elf_binary;elf_map;vm_mmap_pgoff;do_mmap;mmap_region;vm_area_alloc;kmem_cache_alloc;memcg_slab_post_alloc_hook
0.05% __x64_sys_execve;do_execveat_common.isra.0;bprm_execve;load_elf_binary;begin_new_exec;commit_creds
     0.21%     0.00%  c2d      [kernel.kallsyms]     [k] do_execveat_common.isra.0
0.15% do_execveat_common.isra.0;bprm_execve;load_elf_binary;elf_map;vm_mmap_pgoff;do_mmap;mmap_region;vm_area_alloc;kmem_cache_alloc;memcg_slab_post_alloc_hook
0.05% do_execveat_common.isra.0;bprm_execve;load_elf_binary;begin_new_exec;commit_creds
     0.21%     0.00%  c2d      [kernel.kallsyms]     [k] bprm_execve
0.15% bprm_execve;load_elf_binary;elf_map;vm_mmap_pgoff;do_mmap;mmap_region;vm_area_alloc;kmem_cache_alloc;memcg_slab_post_alloc_hook
0.05% bprm_execve;load_elf_binary;begin_new_exec;commit_creds
     0.21%     0.00%  c2d      [kernel.kallsyms]     [k] load_elf_binary
0.15% load_elf_binary;elf_map;vm_mmap_pgoff;do_mmap;mmap_region;vm_area_alloc;kmem_cache_alloc;memcg_slab_post_alloc_hook
0.05% load_elf_binary;begin_new_exec;commit_creds
     0.20%     0.20%  c2d      libc.so.6             [.] 0x000000000005fda9
0.20% 0x7f60d884624a;main;__isoc99_fscanf;0x7f60d887edaf
     0.20%     0.00%  c2d      libc.so.6             [.] 0x00007f60d887edaf
0.20% 0x7f60d887edaf
     0.19%     0.19%  c2d      libc.so.6             [.] 0x000000000005ef81
0.19% 0x7f60d884624a;main;__isoc99_fscanf;0x7f60d887df83
     0.19%     0.00%  c2d      libc.so.6             [.] 0x00007f60d887df83
0.19% 0x7f60d887df83
     0.18%     0.18%  c2d      libc.so.6             [.] 0x000000000005f25a
0.18% 0x7f60d884624a;main;__isoc99_fscanf;0x7f60d887e261
     0.18%     0.00%  c2d      libc.so.6             [.] 0x00007f60d887e261
0.18% 0x7f60d887e261
     0.18%     0.18%  c2d      [kernel.kallsyms]     [k] path_lookupat
0.18% 0;fstatat64;entry_SYSCALL_64_after_hwframe;do_syscall_64;__do_sys_newfstatat;vfs_fstatat;vfs_statx;filename_lookup;path_lookupat
     0.18%     0.00%  c2d      libc.so.6             [.] fstatat64
0.18% fstatat64;entry_SYSCALL_64_after_hwframe;do_syscall_64;__do_sys_newfstatat;vfs_fstatat;vfs_statx;filename_lookup;path_lookupat
     0.18%     0.00%  c2d      [kernel.kallsyms]     [k] __do_sys_newfstatat
0.18% __do_sys_newfstatat;vfs_fstatat;vfs_statx;filename_lookup;path_lookupat
     0.18%     0.00%  c2d      [kernel.kallsyms]     [k] vfs_fstatat
0.18% vfs_fstatat;vfs_statx;filename_lookup;path_lookupat
     0.18%     0.00%  c2d      [kernel.kallsyms]     [k] vfs_statx
0.18% vfs_statx;filename_lookup;path_lookupat
     0.18%     0.00%  c2d      [kernel.kallsyms]     [k] filename_lookup
0.18% filename_lookup;path_lookupat
     0.15%     0.15%  c2d      [kernel.kallsyms]     [k] memcg_slab_post_alloc_hook
0.15% 0x7fece58f3a97;entry_SYSCALL_64_after_hwframe;do_syscall_64;__x64_sys_execve;do_execveat_common.isra.0;bprm_execve;load_elf_binary;elf_map;vm_mmap_pgoff;do_mmap;mmap_region;vm_area_alloc;kmem_cache_alloc;memcg_slab_post_alloc_hook
     0.15%     0.00%  c2d      [kernel.kallsyms]     [k] elf_map
0.15% elf_map;vm_mmap_pgoff;do_mmap;mmap_region;vm_area_alloc;kmem_cache_alloc;memcg_slab_post_alloc_hook
     0.15%     0.00%  c2d      [kernel.kallsyms]     [k] vm_area_alloc
0.15% vm_area_alloc;kmem_cache_alloc;memcg_slab_post_alloc_hook
     0.15%     0.00%  c2d      [kernel.kallsyms]     [k] kmem_cache_alloc
0.15% kmem_cache_alloc;memcg_slab_post_alloc_hook
     0.14%     0.00%  c2d      [unknown]             [k] 0x6e632e6d75696465
0.10% 0x6e632e6d75696465;open64;entry_SYSCALL_64_after_hwframe;do_syscall_64;__x64_sys_openat;do_sys_openat2;do_filp_open;path_openat;xfs_vn_lookup;d_splice_alias;__d_add;__d_rehash
0.03% 0x6e632e6d75696465;open64;entry_SYSCALL_64_after_hwframe;do_syscall_64;__x64_sys_openat;do_sys_openat2;do_filp_open;path_openat;xfs_vn_lookup;xfs_lookup;xfs_dir_lookup;xfs_dir2_node_lookup;xfs_da3_node_lookup_int;xfs_da_read_buf;xfs_buf_set_ref
     0.14%     0.00%  c2d      libc.so.6             [.] open64
0.10% open64;entry_SYSCALL_64_after_hwframe;do_syscall_64;__x64_sys_openat;do_sys_openat2;do_filp_open;path_openat;xfs_vn_lookup;d_splice_alias;__d_add;__d_rehash
0.03% open64;entry_SYSCALL_64_after_hwframe;do_syscall_64;__x64_sys_openat;do_sys_openat2;do_filp_open;path_openat;xfs_vn_lookup;xfs_lookup;xfs_dir_lookup;xfs_dir2_node_lookup;xfs_da3_node_lookup_int;xfs_da_read_buf;xfs_buf_set_ref
     0.14%     0.00%  c2d      [kernel.kallsyms]     [k] __x64_sys_openat
0.10% __x64_sys_openat;do_sys_openat2;do_filp_open;path_openat;xfs_vn_lookup;d_splice_alias;__d_add;__d_rehash
0.03% __x64_sys_openat;do_sys_openat2;do_filp_open;path_openat;xfs_vn_lookup;xfs_lookup;xfs_dir_lookup;xfs_dir2_node_lookup;xfs_da3_node_lookup_int;xfs_da_read_buf;xfs_buf_set_ref
     0.14%     0.00%  c2d      [kernel.kallsyms]     [k] do_sys_openat2
0.10% do_sys_openat2;do_filp_open;path_openat;xfs_vn_lookup;d_splice_alias;__d_add;__d_rehash
0.03% do_sys_openat2;do_filp_open;path_openat;xfs_vn_lookup;xfs_lookup;xfs_dir_lookup;xfs_dir2_node_lookup;xfs_da3_node_lookup_int;xfs_da_read_buf;xfs_buf_set_ref
     0.14%     0.00%  c2d      [kernel.kallsyms]     [k] do_filp_open
0.10% do_filp_open;path_openat;xfs_vn_lookup;d_splice_alias;__d_add;__d_rehash
0.03% do_filp_open;path_openat;xfs_vn_lookup;xfs_lookup;xfs_dir_lookup;xfs_dir2_node_lookup;xfs_da3_node_lookup_int;xfs_da_read_buf;xfs_buf_set_ref
     0.14%     0.00%  c2d      [kernel.kallsyms]     [k] path_openat
0.10% path_openat;xfs_vn_lookup;d_splice_alias;__d_add;__d_rehash
0.03% path_openat;xfs_vn_lookup;xfs_lookup;xfs_dir_lookup;xfs_dir2_node_lookup;xfs_da3_node_lookup_int;xfs_da_read_buf;xfs_buf_set_ref
     0.14%     0.00%  c2d      [xfs]                 [k] xfs_vn_lookup
0.10% xfs_vn_lookup;d_splice_alias;__d_add;__d_rehash
0.03% xfs_vn_lookup;xfs_lookup;xfs_dir_lookup;xfs_dir2_node_lookup;xfs_da3_node_lookup_int;xfs_da_read_buf;xfs_buf_set_ref
     0.10%     0.10%  c2d      [kernel.kallsyms]     [k] __d_rehash
0.10% 0x6e632e6d75696465;open64;entry_SYSCALL_64_after_hwframe;do_syscall_64;__x64_sys_openat;do_sys_openat2;do_filp_open;path_openat;xfs_vn_lookup;d_splice_alias;__d_add;__d_rehash
     0.10%     0.00%  c2d      [kernel.kallsyms]     [k] d_splice_alias
0.10% d_splice_alias;__d_add;__d_rehash
     0.10%     0.00%  c2d      [kernel.kallsyms]     [k] __d_add
0.10% __d_add;__d_rehash
     0.05%     0.05%  c2d      [kernel.kallsyms]     [k] commit_creds
0.05% 0x7fece58f3a97;entry_SYSCALL_64_after_hwframe;do_syscall_64;__x64_sys_execve;do_execveat_common.isra.0;bprm_execve;load_elf_binary;begin_new_exec;commit_creds
     0.05%     0.00%  c2d      [kernel.kallsyms]     [k] begin_new_exec
0.05% begin_new_exec;commit_creds
     0.04%     0.00%  c2d      [xfs]                 [k] xfs_lookup
0.03% xfs_lookup;xfs_dir_lookup;xfs_dir2_node_lookup;xfs_da3_node_lookup_int;xfs_da_read_buf;xfs_buf_set_ref
     0.04%     0.00%  c2d      [xfs]                 [k] xfs_dir_lookup
0.03% xfs_dir_lookup;xfs_dir2_node_lookup;xfs_da3_node_lookup_int;xfs_da_read_buf;xfs_buf_set_ref
     0.04%     0.00%  c2d      [xfs]                 [k] xfs_dir2_node_lookup
0.03% xfs_dir2_node_lookup;xfs_da3_node_lookup_int;xfs_da_read_buf;xfs_buf_set_ref
     0.04%     0.00%  c2d      [xfs]                 [k] xfs_da3_node_lookup_int
0.03% xfs_da3_node_lookup_int;xfs_da_read_buf;xfs_buf_set_ref
     0.04%     0.00%  c2d      [xfs]                 [k] xfs_da_read_buf
0.03% xfs_da_read_buf;xfs_buf_set_ref
     0.03%     0.03%  c2d      [xfs]                 [k] xfs_buf_set_ref
0.03% 0x6e632e6d75696465;open64;entry_SYSCALL_64_after_hwframe;do_syscall_64;__x64_sys_openat;do_sys_openat2;do_filp_open;path_openat;xfs_vn_lookup;xfs_lookup;xfs_dir_lookup;xfs_dir2_node_lookup;xfs_da3_node_lookup_int;xfs_da_read_buf;xfs_buf_set_ref
     0.02%     0.00%  perf-ex  [unknown]             [k] 0x00007fece58f3a97
0.01% 0x7fece58f3a97;entry_SYSCALL_64_after_hwframe;do_syscall_64;__x64_sys_execve;do_execveat_common.isra.0;bprm_execve;load_elf_binary;begin_new_exec;perf_event_exec;perf_lock_task_context
     0.02%     0.00%  perf-ex  [kernel.kallsyms]     [k] entry_SYSCALL_64_after_hwframe
0.01% entry_SYSCALL_64_after_hwframe;do_syscall_64;__x64_sys_execve;do_execveat_common.isra.0;bprm_execve;load_elf_binary;begin_new_exec;perf_event_exec;perf_lock_task_context
     0.02%     0.00%  perf-ex  [kernel.kallsyms]     [k] do_syscall_64
0.01% do_syscall_64;__x64_sys_execve;do_execveat_common.isra.0;bprm_execve;load_elf_binary;begin_new_exec;perf_event_exec;perf_lock_task_context
     0.02%     0.00%  perf-ex  [kernel.kallsyms]     [k] __x64_sys_execve
0.01% __x64_sys_execve;do_execveat_common.isra.0;bprm_execve;load_elf_binary;begin_new_exec;perf_event_exec;perf_lock_task_context
     0.02%     0.00%  perf-ex  [kernel.kallsyms]     [k] do_execveat_common.isra.0
0.01% do_execveat_common.isra.0;bprm_execve;load_elf_binary;begin_new_exec;perf_event_exec;perf_lock_task_context
     0.02%     0.00%  perf-ex  [kernel.kallsyms]     [k] bprm_execve
0.01% bprm_execve;load_elf_binary;begin_new_exec;perf_event_exec;perf_lock_task_context
     0.02%     0.00%  perf-ex  [kernel.kallsyms]     [k] load_elf_binary
0.01% load_elf_binary;begin_new_exec;perf_event_exec;perf_lock_task_context
     0.02%     0.00%  perf-ex  [kernel.kallsyms]     [k] begin_new_exec
0.01% begin_new_exec;perf_event_exec;perf_lock_task_context
     0.02%     0.00%  perf-ex  [kernel.kallsyms]     [k] perf_event_exec
0.01% perf_event_exec;perf_lock_task_context
     0.01%     0.01%  perf-ex  [kernel.kallsyms]     [k] perf_lock_task_context
0.01% 0x7fece58f3a97;entry_SYSCALL_64_after_hwframe;do_syscall_64;__x64_sys_execve;do_execveat_common.isra.0;bprm_execve;load_elf_binary;begin_new_exec;perf_event_exec;perf_lock_task_context
     0.01%     0.01%  c2d      [kernel.kallsyms]     [k] __intel_pmu_enable_all.constprop.0
     0.01%     0.00%  c2d      [kernel.kallsyms]     [k] native_write_msr
     0.01%     0.00%  c2d      [xfs]                 [k] xfs_trans_read_buf_map
     0.01%     0.00%  c2d      [xfs]                 [k] xfs_buf_read_map
     0.01%     0.00%  c2d      [xfs]                 [k] __xfs_buf_submit
     0.01%     0.00%  c2d      [xfs]                 [k] xfs_buf_iowait
     0.01%     0.00%  c2d      [kernel.kallsyms]     [k] wait_for_completion
     0.01%     0.00%  c2d      [kernel.kallsyms]     [k] schedule_timeout
     0.01%     0.00%  c2d      [kernel.kallsyms]     [k] schedule
     0.01%     0.00%  c2d      [kernel.kallsyms]     [k] __schedule
     0.01%     0.00%  c2d      [kernel.kallsyms]     [k] finish_task_switch.isra.0
     0.01%     0.00%  c2d      [kernel.kallsyms]     [k] __perf_event_task_sched_in
     0.00%     0.00%  perf-ex  [kernel.kallsyms]     [k] native_write_msr
     0.00%     0.00%  perf-ex  [kernel.kallsyms]     [k] __intel_pmu_enable_all.constprop.0
     0.00%     0.00%  perf-ex  [kernel.kallsyms]     [k] native_flush_tlb_one_user
     0.00%     0.00%  c2d      [kernel.kallsyms]     [k] __static_call_text_end
     0.00%     0.00%  perf-ex  [kernel.kallsyms]     [k] nmi_cpu_backtrace
     0.00%     0.00%  c2d      [kernel.kallsyms]     [k] perf_event_nmi_handler


#
# (Tip: Add -I to perf record to sample register values, which will be visible in perf report sample context.)
#
