# To display the perf.data header info, please use --header/--header-only options.
#
#
# Total Lost Samples: 0
#
# Samples: 364  of event 'cycles'
# Event count (approx.): 245131947
#
# Children      Self  Command  Shared Object         Symbol                                                             
# ........  ........  .......  ....................  ...................................................................
#
    93.36%     0.00%  c2d      libc.so.6             [.] 0x00007f124064624a
88.90% 0x7f124064624a;main;cnf2ddnnf_cmd_line;free_cache_manager
0.30% 0x7f124064624a;main;cnf2ddnnf_cmd_line;free_cache_manager;asm_exc_page_fault;exc_page_fault;do_user_addr_fault;handle_mm_fault;__handle_mm_fault;do_huge_pmd_anonymous_page;pte_alloc_one;__alloc_pages;get_page_from_freelist
0.30% 0x7f124064624a;main;cnf2ddnnf_cmd_line;free_cache_manager;asm_exc_page_fault;exc_page_fault;do_user_addr_fault;handle_mm_fault;__handle_mm_fault
0.29% 0x7f124064624a;main;cnf2ddnnf_cmd_line;free_cache_manager;asm_exc_page_fault;exc_page_fault;do_user_addr_fault;handle_mm_fault;__handle_mm_fault;do_huge_pmd_anonymous_page;set_pmd;native_set_pmd
0.29% 0x7f124064624a;main;cnf2ddnnf_cmd_line;free_dtree_manager;free_dtree;free_dtree;free_dtree;leaf_dtree
0.29% 0x7f124064624a;main;cnf2ddnnf_cmd_line;free_cache_manager;asm_exc_page_fault;exc_page_fault;do_user_addr_fault;lock_mm_and_find_vma;find_vma;mt_find
0.28% 0x7f124064624a;main;cnf2ddnnf_cmd_line;compile_cnf;compile_dt;compile_dt;compile_decomposed;lookup_or_compile_dt;compile_dt;compile_dt;compile_dt;compile_decomposed;lookup_or_compile_dt;compile_dt;select_separator;update_separator_score
0.28% 0x7f124064624a;main;cnf2ddnnf_cmd_line;compile_cnf;compile_dt;assert_cd_literal;set_literal;move_watched_literal;add_watched_clause
0.28% 0x7f124064624a;main;cnf2ddnnf_cmd_line;compile_cnf;compile_dt;compile_dt;compile_decomposed;lookup_or_compile_dt;compile_dt;compile_dt;compile_dt;compile_decomposed;lookup_or_compile_dt;compile_dt;compile_dt;assert_cd_literal;set_literal
0.28% 0x7f124064624a;main;cnf2ddnnf_cmd_line;compile_cnf;compile_dt;select_separator;update_separator_score;log2;asm_exc_page_fault;exc_page_fault;do_user_addr_fault;handle_mm_fault;__handle_mm_fault;do_fault;filemap_map_pages
0.28% 0x7f124064624a;main;cnf2ddnnf_cmd_line;construct_dtree_manager;initialize_dtree_separators;fill_separators;fill_separators;fill_separators;fill_separators;fill_separators;fill_separators;fill_separators;fill_separators;fill_separators;fill_separators;fill_separators;fill_separators
0.27% 0x7f124064624a;main;cnf2ddnnf_cmd_line;construct_dtree_manager;hdtree2dtree;hdtree2dtree;hdtree2dtree;hdtree2dtree;hdtree2dtree;hdtree2dtree;hdtree2dtree;hdtree2dtree;hdtree2dtree;hdtree2dtree;hdtree2dtree;hdtree2dtree;hdtree2dtree;edges_subset
0.27% 0x7f124064624a;main;cnf2ddnnf_cmd_line;construct_cnf_manager;initialize_cnf_manager
0.27% 0x7f124064624a;main;cnf2ddnnf_cmd_line;load_hdtree_from_file;__isoc99_fscanf;0x7f12406a5028
0.26% 0x7f124064624a;main;cnf2ddnnf_cmd_line;0x7f12406c26e3;asm_exc_page_fault
0.26% 0x7f124064624a;main;get_cnf_from_file;fix_corner_cases
0.25% 0x7f124064624a;main;__isoc99_fscanf;0x7f1240667c83
    93.36%     0.00%  c2d      c2d                   [.] main
88.90% main;cnf2ddnnf_cmd_line;free_cache_manager
0.30% main;cnf2ddnnf_cmd_line;free_cache_manager;asm_exc_page_fault;exc_page_fault;do_user_addr_fault;handle_mm_fault;__handle_mm_fault;do_huge_pmd_anonymous_page;pte_alloc_one;__alloc_pages;get_page_from_freelist
0.30% main;cnf2ddnnf_cmd_line;free_cache_manager;asm_exc_page_fault;exc_page_fault;do_user_addr_fault;handle_mm_fault;__handle_mm_fault
0.29% main;cnf2ddnnf_cmd_line;free_cache_manager;asm_exc_page_fault;exc_page_fault;do_user_addr_fault;handle_mm_fault;__handle_mm_fault;do_huge_pmd_anonymous_page;set_pmd;native_set_pmd
0.29% main;cnf2ddnnf_cmd_line;free_dtree_manager;free_dtree;free_dtree;free_dtree;leaf_dtree
0.29% main;cnf2ddnnf_cmd_line;free_cache_manager;asm_exc_page_fault;exc_page_fault;do_user_addr_fault;lock_mm_and_find_vma;find_vma;mt_find
0.28% main;cnf2ddnnf_cmd_line;compile_cnf;compile_dt;compile_dt;compile_decomposed;lookup_or_compile_dt;compile_dt;compile_dt;compile_dt;compile_decomposed;lookup_or_compile_dt;compile_dt;select_separator;update_separator_score
0.28% main;cnf2ddnnf_cmd_line;compile_cnf;compile_dt;assert_cd_literal;set_literal;move_watched_literal;add_watched_clause
0.28% main;cnf2ddnnf_cmd_line;compile_cnf;compile_dt;compile_dt;compile_decomposed;lookup_or_compile_dt;compile_dt;compile_dt;compile_dt;compile_decomposed;lookup_or_compile_dt;compile_dt;compile_dt;assert_cd_literal;set_literal
0.28% main;cnf2ddnnf_cmd_line;compile_cnf;compile_dt;select_separator;update_separator_score;log2;asm_exc_page_fault;exc_page_fault;do_user_addr_fault;handle_mm_fault;__handle_mm_fault;do_fault;filemap_map_pages
0.28% main;cnf2ddnnf_cmd_line;construct_dtree_manager;initialize_dtree_separators;fill_separators;fill_separators;fill_separators;fill_separators;fill_separators;fill_separators;fill_separators;fill_separators;fill_separators;fill_separators;fill_separators;fill_separators
0.27% main;cnf2ddnnf_cmd_line;construct_dtree_manager;hdtree2dtree;hdtree2dtree;hdtree2dtree;hdtree2dtree;hdtree2dtree;hdtree2dtree;hdtree2dtree;hdtree2dtree;hdtree2dtree;hdtree2dtree;hdtree2dtree;hdtree2dtree;hdtree2dtree;edges_subset
0.27% main;cnf2ddnnf_cmd_line;construct_cnf_manager;initialize_cnf_manager
0.27% main;cnf2ddnnf_cmd_line;load_hdtree_from_file;__isoc99_fscanf;0x7f12406a5028
0.26% main;cnf2ddnnf_cmd_line;0x7f12406c26e3;asm_exc_page_fault
0.26% main;get_cnf_from_file;fix_corner_cases
0.25% main;__isoc99_fscanf;0x7f1240667c83
    92.86%     0.00%  c2d      c2d                   [.] cnf2ddnnf_cmd_line
88.90% cnf2ddnnf_cmd_line;free_cache_manager
0.30% cnf2ddnnf_cmd_line;free_cache_manager;asm_exc_page_fault;exc_page_fault;do_user_addr_fault;handle_mm_fault;__handle_mm_fault;do_huge_pmd_anonymous_page;pte_alloc_one;__alloc_pages;get_page_from_freelist
0.30% cnf2ddnnf_cmd_line;free_cache_manager;asm_exc_page_fault;exc_page_fault;do_user_addr_fault;handle_mm_fault;__handle_mm_fault
0.29% cnf2ddnnf_cmd_line;free_cache_manager;asm_exc_page_fault;exc_page_fault;do_user_addr_fault;handle_mm_fault;__handle_mm_fault;do_huge_pmd_anonymous_page;set_pmd;native_set_pmd
0.29% cnf2ddnnf_cmd_line;free_dtree_manager;free_dtree;free_dtree;free_dtree;leaf_dtree
0.29% cnf2ddnnf_cmd_line;free_cache_manager;asm_exc_page_fault;exc_page_fault;do_user_addr_fault;lock_mm_and_find_vma;find_vma;mt_find
0.28% cnf2ddnnf_cmd_line;compile_cnf;compile_dt;compile_dt;compile_decomposed;lookup_or_compile_dt;compile_dt;compile_dt;compile_dt;compile_decomposed;lookup_or_compile_dt;compile_dt;select_separator;update_separator_score
0.28% cnf2ddnnf_cmd_line;compile_cnf;compile_dt;assert_cd_literal;set_literal;move_watched_literal;add_watched_clause
0.28% cnf2ddnnf_cmd_line;compile_cnf;compile_dt;compile_dt;compile_decomposed;lookup_or_compile_dt;compile_dt;compile_dt;compile_dt;compile_decomposed;lookup_or_compile_dt;compile_dt;compile_dt;assert_cd_literal;set_literal
0.28% cnf2ddnnf_cmd_line;compile_cnf;compile_dt;select_separator;update_separator_score;log2;asm_exc_page_fault;exc_page_fault;do_user_addr_fault;handle_mm_fault;__handle_mm_fault;do_fault;filemap_map_pages
0.28% cnf2ddnnf_cmd_line;construct_dtree_manager;initialize_dtree_separators;fill_separators;fill_separators;fill_separators;fill_separators;fill_separators;fill_separators;fill_separators;fill_separators;fill_separators;fill_separators;fill_separators;fill_separators
0.27% cnf2ddnnf_cmd_line;construct_dtree_manager;hdtree2dtree;hdtree2dtree;hdtree2dtree;hdtree2dtree;hdtree2dtree;hdtree2dtree;hdtree2dtree;hdtree2dtree;hdtree2dtree;hdtree2dtree;hdtree2dtree;hdtree2dtree;hdtree2dtree;edges_subset
0.27% cnf2ddnnf_cmd_line;construct_cnf_manager;initialize_cnf_manager
0.27% cnf2ddnnf_cmd_line;load_hdtree_from_file;__isoc99_fscanf;0x7f12406a5028
0.26% cnf2ddnnf_cmd_line;0x7f12406c26e3;asm_exc_page_fault
    90.08%    88.61%  c2d      c2d                   [.] free_cache_manager
88.61% 0x7f124064624a;main;cnf2ddnnf_cmd_line;free_cache_manager
0.30% free_cache_manager;asm_exc_page_fault;exc_page_fault;do_user_addr_fault;handle_mm_fault;__handle_mm_fault;do_huge_pmd_anonymous_page;pte_alloc_one;__alloc_pages;get_page_from_freelist
0.30% free_cache_manager;asm_exc_page_fault;exc_page_fault;do_user_addr_fault;handle_mm_fault;__handle_mm_fault
0.29% free_cache_manager;asm_exc_page_fault;exc_page_fault;do_user_addr_fault;handle_mm_fault;__handle_mm_fault;do_huge_pmd_anonymous_page;set_pmd;native_set_pmd
0.29% free_cache_manager
0.29% free_cache_manager;asm_exc_page_fault;exc_page_fault;do_user_addr_fault;lock_mm_and_find_vma;find_vma;mt_find
     3.01%     0.00%  c2d      [kernel.kallsyms]     [k] asm_exc_page_fault
0.30% asm_exc_page_fault;exc_page_fault;do_user_addr_fault;handle_mm_fault;__handle_mm_fault;do_huge_pmd_anonymous_page;pte_alloc_one;__alloc_pages;get_page_from_freelist
0.30% asm_exc_page_fault;exc_page_fault;do_user_addr_fault;handle_mm_fault;__handle_mm_fault
0.29% asm_exc_page_fault;exc_page_fault;do_user_addr_fault;handle_mm_fault;__handle_mm_fault;do_huge_pmd_anonymous_page;set_pmd;native_set_pmd
0.29% asm_exc_page_fault;exc_page_fault;do_user_addr_fault;lock_mm_and_find_vma;find_vma;mt_find
0.28% asm_exc_page_fault;exc_page_fault;do_user_addr_fault;handle_mm_fault;__handle_mm_fault;do_fault;filemap_map_pages
0.28% asm_exc_page_fault;exc_page_fault;do_user_addr_fault;handle_mm_fault;__handle_mm_fault;vma_alloc_folio;policy_node
0.26% asm_exc_page_fault;exc_page_fault;do_user_addr_fault;handle_mm_fault;__handle_mm_fault;do_fault;copy_page
0.26% asm_exc_page_fault
0.26% asm_exc_page_fault;exc_page_fault;do_user_addr_fault;handle_mm_fault;__handle_mm_fault;do_fault;filemap_map_pages;next_uptodate_page
0.25% asm_exc_page_fault;exc_page_fault;do_user_addr_fault;handle_mm_fault;__handle_mm_fault;do_fault;vma_alloc_folio;__folio_alloc;__alloc_pages;get_page_from_freelist;clear_page_rep
0.23% asm_exc_page_fault;exc_page_fault;do_user_addr_fault;handle_mm_fault;__handle_mm_fault;wp_page_copy;page_remove_rmap
     2.75%     0.00%  c2d      [kernel.kallsyms]     [k] exc_page_fault
0.30% exc_page_fault;do_user_addr_fault;handle_mm_fault;__handle_mm_fault;do_huge_pmd_anonymous_page;pte_alloc_one;__alloc_pages;get_page_from_freelist
0.30% exc_page_fault;do_user_addr_fault;handle_mm_fault;__handle_mm_fault
0.29% exc_page_fault;do_user_addr_fault;handle_mm_fault;__handle_mm_fault;do_huge_pmd_anonymous_page;set_pmd;native_set_pmd
0.29% exc_page_fault;do_user_addr_fault;lock_mm_and_find_vma;find_vma;mt_find
0.28% exc_page_fault;do_user_addr_fault;handle_mm_fault;__handle_mm_fault;do_fault;filemap_map_pages
0.28% exc_page_fault;do_user_addr_fault;handle_mm_fault;__handle_mm_fault;vma_alloc_folio;policy_node
0.26% exc_page_fault;do_user_addr_fault;handle_mm_fault;__handle_mm_fault;do_fault;copy_page
0.26% exc_page_fault;do_user_addr_fault;handle_mm_fault;__handle_mm_fault;do_fault;filemap_map_pages;next_uptodate_page
0.25% exc_page_fault;do_user_addr_fault;handle_mm_fault;__handle_mm_fault;do_fault;vma_alloc_folio;__folio_alloc;__alloc_pages;get_page_from_freelist;clear_page_rep
0.23% exc_page_fault;do_user_addr_fault;handle_mm_fault;__handle_mm_fault;wp_page_copy;page_remove_rmap
     2.75%     0.00%  c2d      [kernel.kallsyms]     [k] do_user_addr_fault
0.30% do_user_addr_fault;handle_mm_fault;__handle_mm_fault;do_huge_pmd_anonymous_page;pte_alloc_one;__alloc_pages;get_page_from_freelist
0.30% do_user_addr_fault;handle_mm_fault;__handle_mm_fault
0.29% do_user_addr_fault;handle_mm_fault;__handle_mm_fault;do_huge_pmd_anonymous_page;set_pmd;native_set_pmd
0.29% do_user_addr_fault;lock_mm_and_find_vma;find_vma;mt_find
0.28% do_user_addr_fault;handle_mm_fault;__handle_mm_fault;do_fault;filemap_map_pages
0.28% do_user_addr_fault;handle_mm_fault;__handle_mm_fault;vma_alloc_folio;policy_node
0.26% do_user_addr_fault;handle_mm_fault;__handle_mm_fault;do_fault;copy_page
0.26% do_user_addr_fault;handle_mm_fault;__handle_mm_fault;do_fault;filemap_map_pages;next_uptodate_page
0.25% do_user_addr_fault;handle_mm_fault;__handle_mm_fault;do_fault;vma_alloc_folio;__folio_alloc;__alloc_pages;get_page_from_freelist;clear_page_rep
0.23% do_user_addr_fault;handle_mm_fault;__handle_mm_fault;wp_page_copy;page_remove_rmap
     2.46%     0.30%  c2d      [kernel.kallsyms]     [k] __handle_mm_fault
0.30% __handle_mm_fault;do_huge_pmd_anonymous_page;pte_alloc_one;__alloc_pages;get_page_from_freelist
0.30% 0x7f124064624a;main;cnf2ddnnf_cmd_line;free_cache_manager;asm_exc_page_fault;exc_page_fault;do_user_addr_fault;handle_mm_fault;__handle_mm_fault
0.29% __handle_mm_fault;do_huge_pmd_anonymous_page;set_pmd;native_set_pmd
0.28% __handle_mm_fault;do_fault;filemap_map_pages
0.28% __handle_mm_fault;vma_alloc_folio;policy_node
0.26% __handle_mm_fault;do_fault;copy_page
0.26% __handle_mm_fault;do_fault;filemap_map_pages;next_uptodate_page
0.25% __handle_mm_fault;do_fault;vma_alloc_folio;__folio_alloc;__alloc_pages;get_page_from_freelist;clear_page_rep
0.23% __handle_mm_fault;wp_page_copy;page_remove_rmap
     2.46%     0.00%  c2d      [kernel.kallsyms]     [k] handle_mm_fault
0.30% handle_mm_fault;__handle_mm_fault;do_huge_pmd_anonymous_page;pte_alloc_one;__alloc_pages;get_page_from_freelist
0.30% handle_mm_fault;__handle_mm_fault
0.29% handle_mm_fault;__handle_mm_fault;do_huge_pmd_anonymous_page;set_pmd;native_set_pmd
0.28% handle_mm_fault;__handle_mm_fault;do_fault;filemap_map_pages
0.28% handle_mm_fault;__handle_mm_fault;vma_alloc_folio;policy_node
0.26% handle_mm_fault;__handle_mm_fault;do_fault;copy_page
0.26% handle_mm_fault;__handle_mm_fault;do_fault;filemap_map_pages;next_uptodate_page
0.25% handle_mm_fault;__handle_mm_fault;do_fault;vma_alloc_folio;__folio_alloc;__alloc_pages;get_page_from_freelist;clear_page_rep
0.23% handle_mm_fault;__handle_mm_fault;wp_page_copy;page_remove_rmap
     1.85%     0.00%  c2d      [kernel.kallsyms]     [k] entry_SYSCALL_64_after_hwframe
0.29% entry_SYSCALL_64_after_hwframe;do_syscall_64;ksys_write;vfs_write;security_file_permission;bpf_lsm_file_permission
0.29% entry_SYSCALL_64_after_hwframe;do_syscall_64;__x64_sys_exit_group;do_group_exit;do_exit;__mmput;exit_mmap;unmap_vmas;unmap_page_range;_compound_head
0.29% entry_SYSCALL_64_after_hwframe;do_syscall_64;__x64_sys_exit_group;do_group_exit;do_exit;__mmput;exit_mmap;unmap_vmas;unmap_page_range;vm_normal_page
0.27% entry_SYSCALL_64_after_hwframe;do_syscall_64;ksys_read;vfs_read;xfs_file_read_iter;xfs_file_buffered_read;filemap_read;filemap_get_pages;folio_wait_bit_common;io_schedule;schedule;__schedule;pick_next_task_fair;newidle_balance;load_balance;dequeue_task_fair
0.26% entry_SYSCALL_64_after_hwframe;do_syscall_64;__do_sys_brk;do_brk_flags;mas_store_prealloc;mas_wr_spanning_store.isra.0;mas_node_count_gfp
0.21% entry_SYSCALL_64_after_hwframe;do_syscall_64;__x64_sys_execve;do_execveat_common.isra.0;bprm_execve;load_elf_binary;__module_get
0.14% entry_SYSCALL_64_after_hwframe;do_syscall_64;__x64_sys_execve;do_execveat_common.isra.0;bprm_execve;load_elf_binary;setup_arg_pages;expand_downwards;may_expand_vm
0.05% entry_SYSCALL_64_after_hwframe;do_syscall_64;__x64_sys_execve;do_execveat_common.isra.0;bprm_execve;load_elf_binary;begin_new_exec;flush_signal_handlers
0.04% entry_SYSCALL_64_after_hwframe;do_syscall_64;ksys_read;vfs_read;xfs_file_read_iter;xfs_file_buffered_read;filemap_read
0.01% entry_SYSCALL_64_after_hwframe;do_syscall_64;ksys_read;vfs_read;xfs_file_read_iter;xfs_file_buffered_read;filemap_read;filemap_get_pages;folio_wait_bit_common;io_schedule;schedule;__schedule;finish_task_switch.isra.0;__perf_event_task_sched_in;__intel_pmu_enable_all.constprop.0;native_write_msr
     1.85%     0.00%  c2d      [kernel.kallsyms]     [k] do_syscall_64
0.29% do_syscall_64;ksys_write;vfs_write;security_file_permission;bpf_lsm_file_permission
0.29% do_syscall_64;__x64_sys_exit_group;do_group_exit;do_exit;__mmput;exit_mmap;unmap_vmas;unmap_page_range;_compound_head
0.29% do_syscall_64;__x64_sys_exit_group;do_group_exit;do_exit;__mmput;exit_mmap;unmap_vmas;unmap_page_range;vm_normal_page
0.27% do_syscall_64;ksys_read;vfs_read;xfs_file_read_iter;xfs_file_buffered_read;filemap_read;filemap_get_pages;folio_wait_bit_common;io_schedule;schedule;__schedule;pick_next_task_fair;newidle_balance;load_balance;dequeue_task_fair
0.26% do_syscall_64;__do_sys_brk;do_brk_flags;mas_store_prealloc;mas_wr_spanning_store.isra.0;mas_node_count_gfp
0.21% do_syscall_64;__x64_sys_execve;do_execveat_common.isra.0;bprm_execve;load_elf_binary;__module_get
0.14% do_syscall_64;__x64_sys_execve;do_execveat_common.isra.0;bprm_execve;load_elf_binary;setup_arg_pages;expand_downwards;may_expand_vm
0.05% do_syscall_64;__x64_sys_execve;do_execveat_common.isra.0;bprm_execve;load_elf_binary;begin_new_exec;flush_signal_handlers
0.04% do_syscall_64;ksys_read;vfs_read;xfs_file_read_iter;xfs_file_buffered_read;filemap_read
0.01% do_syscall_64;ksys_read;vfs_read;xfs_file_read_iter;xfs_file_buffered_read;filemap_read;filemap_get_pages;folio_wait_bit_common;io_schedule;schedule;__schedule;finish_task_switch.isra.0;__perf_event_task_sched_in;__intel_pmu_enable_all.constprop.0;native_write_msr
     1.42%     0.00%  c2d      [unknown]             [.] 0000000000000000
0.47% 0;0x7f12406b70d9;__irqentry_text_end
0.27% 0;read;entry_SYSCALL_64_after_hwframe;do_syscall_64;ksys_read;vfs_read;xfs_file_read_iter;xfs_file_buffered_read;filemap_read;filemap_get_pages;folio_wait_bit_common;io_schedule;schedule;__schedule;pick_next_task_fair;newidle_balance;load_balance;dequeue_task_fair
0.26% 0;0x7f12406b657d
0.26% 0;0x7f1240beca2b
0.12% 0;0x7f12406c1484
0.04% 0;read;entry_SYSCALL_64_after_hwframe;do_syscall_64;ksys_read;vfs_read;xfs_file_read_iter;xfs_file_buffered_read;filemap_read
0.01% 0;read;entry_SYSCALL_64_after_hwframe;do_syscall_64;ksys_read;vfs_read;xfs_file_read_iter;xfs_file_buffered_read;filemap_read;filemap_get_pages;folio_wait_bit_common;io_schedule;schedule;__schedule;finish_task_switch.isra.0;__perf_event_task_sched_in;__intel_pmu_enable_all.constprop.0;native_write_msr
     1.27%     0.00%  c2d      ld-linux-x86-64.so.2  [.] 0x00007f1240bfda58
0.26% 0x7f1240bfda58;0x7f1240bfd22f;0x7f1240c00c99;0x7f1240bf126c;asm_exc_page_fault;exc_page_fault;do_user_addr_fault;handle_mm_fault;__handle_mm_fault;do_fault;copy_page
0.26% 0x7f1240bfda58;0x7f1240bfd22f;0x7f12406aa980;asm_exc_page_fault;exc_page_fault;do_user_addr_fault;handle_mm_fault;__handle_mm_fault;do_fault;filemap_map_pages;next_uptodate_page
0.26% 0x7f1240bfda58;0x7f1240bfd22f;0x7f1240c00c99;0x7f1240bf0d7f
0.26% 0x7f1240bfda58;0x7f1240bfd22f;0x7f1240c00c99;0x7f1240bf135a
0.23% 0x7f1240bfda58;0x7f1240bfd22f;0x7f1240c008b4;asm_exc_page_fault;exc_page_fault;do_user_addr_fault;handle_mm_fault;__handle_mm_fault;wp_page_copy;page_remove_rmap
     1.27%     0.00%  c2d      ld-linux-x86-64.so.2  [.] 0x00007f1240bfd22f
0.26% 0x7f1240bfd22f;0x7f1240c00c99;0x7f1240bf126c;asm_exc_page_fault;exc_page_fault;do_user_addr_fault;handle_mm_fault;__handle_mm_fault;do_fault;copy_page
0.26% 0x7f1240bfd22f;0x7f12406aa980;asm_exc_page_fault;exc_page_fault;do_user_addr_fault;handle_mm_fault;__handle_mm_fault;do_fault;filemap_map_pages;next_uptodate_page
0.26% 0x7f1240bfd22f;0x7f1240c00c99;0x7f1240bf0d7f
0.26% 0x7f1240bfd22f;0x7f1240c00c99;0x7f1240bf135a
0.23% 0x7f1240bfd22f;0x7f1240c008b4;asm_exc_page_fault;exc_page_fault;do_user_addr_fault;handle_mm_fault;__handle_mm_fault;wp_page_copy;page_remove_rmap
     1.13%     0.00%  c2d      c2d                   [.] compile_cnf
0.28% compile_cnf;compile_dt;compile_dt;compile_decomposed;lookup_or_compile_dt;compile_dt;compile_dt;compile_dt;compile_decomposed;lookup_or_compile_dt;compile_dt;select_separator;update_separator_score
0.28% compile_cnf;compile_dt;assert_cd_literal;set_literal;move_watched_literal;add_watched_clause
0.28% compile_cnf;compile_dt;compile_dt;compile_decomposed;lookup_or_compile_dt;compile_dt;compile_dt;compile_dt;compile_decomposed;lookup_or_compile_dt;compile_dt;compile_dt;assert_cd_literal;set_literal
0.28% compile_cnf;compile_dt;select_separator;update_separator_score;log2;asm_exc_page_fault;exc_page_fault;do_user_addr_fault;handle_mm_fault;__handle_mm_fault;do_fault;filemap_map_pages
     1.13%     0.00%  c2d      c2d                   [.] compile_dt
0.28% compile_dt;compile_dt;compile_decomposed;lookup_or_compile_dt;compile_dt;compile_dt;compile_dt;compile_decomposed;lookup_or_compile_dt;compile_dt;select_separator;update_separator_score
0.28% compile_dt;assert_cd_literal;set_literal;move_watched_literal;add_watched_clause
0.28% compile_dt;compile_dt;compile_decomposed;lookup_or_compile_dt;compile_dt;compile_dt;compile_dt;compile_decomposed;lookup_or_compile_dt;compile_dt;compile_dt;assert_cd_literal;set_literal
0.28% compile_dt;select_separator;update_separator_score;log2;asm_exc_page_fault;exc_page_fault;do_user_addr_fault;handle_mm_fault;__handle_mm_fault;do_fault;filemap_map_pages
     1.06%     0.00%  c2d      [kernel.kallsyms]     [k] do_fault
0.28% do_fault;filemap_map_pages
0.26% do_fault;copy_page
0.26% do_fault;filemap_map_pages;next_uptodate_page
0.25% do_fault;vma_alloc_folio;__folio_alloc;__alloc_pages;get_page_from_freelist;clear_page_rep
     0.98%     0.98%  c2d      [kernel.kallsyms]     [k] __irqentry_text_end
0.47% 0;0x7f12406b70d9;__irqentry_text_end
0.27% 0x7f124067d04d;0x7f124066d230;__irqentry_text_end
0.25% 0x7f1240c168a8;0x7f1240beb075;0x7f1240bea035;__irqentry_text_end
     0.78%     0.00%  c2d      ld-linux-x86-64.so.2  [.] 0x00007f1240c00c99
0.26% 0x7f1240c00c99;0x7f1240bf126c;asm_exc_page_fault;exc_page_fault;do_user_addr_fault;handle_mm_fault;__handle_mm_fault;do_fault;copy_page
0.26% 0x7f1240c00c99;0x7f1240bf0d7f
0.26% 0x7f1240c00c99;0x7f1240bf135a
     0.75%     0.00%  c2d      [unknown]             [k] 0x00007f1240c168a8
0.26% 0x7f1240c168a8;0x7f1240be1170;0x6;0;0x7f1240beca2b
0.25% 0x7f1240c168a8;0x7f1240beb075;0x7f1240c04772;asm_exc_page_fault;exc_page_fault;do_user_addr_fault;handle_mm_fault;__handle_mm_fault;do_fault;vma_alloc_folio;__folio_alloc;__alloc_pages;get_page_from_freelist;clear_page_rep
0.25% 0x7f1240c168a8;0x7f1240beb075;0x7f1240bea035;__irqentry_text_end
     0.59%     0.00%  c2d      [kernel.kallsyms]     [k] do_huge_pmd_anonymous_page
0.30% do_huge_pmd_anonymous_page;pte_alloc_one;__alloc_pages;get_page_from_freelist
0.29% do_huge_pmd_anonymous_page;set_pmd;native_set_pmd
     0.59%     0.29%  c2d      [kernel.kallsyms]     [k] unmap_page_range
0.29% unmap_page_range;_compound_head
0.29% entry_SYSCALL_64_after_hwframe;do_syscall_64;__x64_sys_exit_group;do_group_exit;do_exit;__mmput;exit_mmap;unmap_vmas;unmap_page_range;vm_normal_page
     0.59%     0.00%  c2d      [kernel.kallsyms]     [k] __x64_sys_exit_group
0.29% __x64_sys_exit_group;do_group_exit;do_exit;__mmput;exit_mmap;unmap_vmas;unmap_page_range;_compound_head
0.29% __x64_sys_exit_group;do_group_exit;do_exit;__mmput;exit_mmap;unmap_vmas;unmap_page_range;vm_normal_page
     0.59%     0.00%  c2d      [kernel.kallsyms]     [k] do_group_exit
0.29% do_group_exit;do_exit;__mmput;exit_mmap;unmap_vmas;unmap_page_range;_compound_head
0.29% do_group_exit;do_exit;__mmput;exit_mmap;unmap_vmas;unmap_page_range;vm_normal_page
     0.59%     0.00%  c2d      [kernel.kallsyms]     [k] do_exit
0.29% do_exit;__mmput;exit_mmap;unmap_vmas;unmap_page_range;_compound_head
0.29% do_exit;__mmput;exit_mmap;unmap_vmas;unmap_page_range;vm_normal_page
     0.59%     0.00%  c2d      [kernel.kallsyms]     [k] __mmput
0.29% __mmput;exit_mmap;unmap_vmas;unmap_page_range;_compound_head
0.29% __mmput;exit_mmap;unmap_vmas;unmap_page_range;vm_normal_page
     0.59%     0.00%  c2d      [kernel.kallsyms]     [k] exit_mmap
0.29% exit_mmap;unmap_vmas;unmap_page_range;_compound_head
0.29% exit_mmap;unmap_vmas;unmap_page_range;vm_normal_page
     0.59%     0.00%  c2d      [kernel.kallsyms]     [k] unmap_vmas
0.29% unmap_vmas;unmap_page_range;_compound_head
0.29% unmap_vmas;unmap_page_range;vm_normal_page
     0.57%     0.00%  c2d      c2d                   [.] compile_decomposed
0.28% compile_decomposed;lookup_or_compile_dt;compile_dt;compile_dt;compile_dt;compile_decomposed;lookup_or_compile_dt;compile_dt;select_separator;update_separator_score
0.28% compile_decomposed;lookup_or_compile_dt;compile_dt;compile_dt;compile_dt;compile_decomposed;lookup_or_compile_dt;compile_dt;compile_dt;assert_cd_literal;set_literal
     0.57%     0.00%  c2d      c2d                   [.] lookup_or_compile_dt
0.28% lookup_or_compile_dt;compile_dt;compile_dt;compile_dt;compile_decomposed;lookup_or_compile_dt;compile_dt;select_separator;update_separator_score
0.28% lookup_or_compile_dt;compile_dt;compile_dt;compile_dt;compile_decomposed;lookup_or_compile_dt;compile_dt;compile_dt;assert_cd_literal;set_literal
     0.57%     0.28%  c2d      c2d                   [.] set_literal
0.28% set_literal;move_watched_literal;add_watched_clause
0.28% 0x7f124064624a;main;cnf2ddnnf_cmd_line;compile_cnf;compile_dt;compile_dt;compile_decomposed;lookup_or_compile_dt;compile_dt;compile_dt;compile_dt;compile_decomposed;lookup_or_compile_dt;compile_dt;compile_dt;assert_cd_literal;set_literal
     0.57%     0.00%  c2d      c2d                   [.] assert_cd_literal
0.28% assert_cd_literal;set_literal;move_watched_literal;add_watched_clause
0.28% assert_cd_literal;set_literal
     0.57%     0.28%  c2d      c2d                   [.] update_separator_score
0.28% 0x7f124064624a;main;cnf2ddnnf_cmd_line;compile_cnf;compile_dt;compile_dt;compile_decomposed;lookup_or_compile_dt;compile_dt;compile_dt;compile_dt;compile_decomposed;lookup_or_compile_dt;compile_dt;select_separator;update_separator_score
0.28% update_separator_score;log2;asm_exc_page_fault;exc_page_fault;do_user_addr_fault;handle_mm_fault;__handle_mm_fault;do_fault;filemap_map_pages
     0.57%     0.00%  c2d      c2d                   [.] select_separator
0.28% select_separator;update_separator_score
0.28% select_separator;update_separator_score;log2;asm_exc_page_fault;exc_page_fault;do_user_addr_fault;handle_mm_fault;__handle_mm_fault;do_fault;filemap_map_pages
     0.55%     0.00%  c2d      c2d                   [.] construct_dtree_manager
0.28% construct_dtree_manager;initialize_dtree_separators;fill_separators;fill_separators;fill_separators;fill_separators;fill_separators;fill_separators;fill_separators;fill_separators;fill_separators;fill_separators;fill_separators;fill_separators
0.27% construct_dtree_manager;hdtree2dtree;hdtree2dtree;hdtree2dtree;hdtree2dtree;hdtree2dtree;hdtree2dtree;hdtree2dtree;hdtree2dtree;hdtree2dtree;hdtree2dtree;hdtree2dtree;hdtree2dtree;hdtree2dtree;edges_subset
     0.55%     0.00%  c2d      [unknown]             [.] 0x0000000000000001
0.28% 0x1;0x7f12406b515c
0.27% 0x1;0x7f12406b6729
     0.55%     0.30%  c2d      [kernel.kallsyms]     [k] get_page_from_freelist
0.30% 0x7f124064624a;main;cnf2ddnnf_cmd_line;free_cache_manager;asm_exc_page_fault;exc_page_fault;do_user_addr_fault;handle_mm_fault;__handle_mm_fault;do_huge_pmd_anonymous_page;pte_alloc_one;__alloc_pages;get_page_from_freelist
0.25% get_page_from_freelist;clear_page_rep
     0.55%     0.00%  c2d      [kernel.kallsyms]     [k] __alloc_pages
0.30% __alloc_pages;get_page_from_freelist
0.25% __alloc_pages;get_page_from_freelist;clear_page_rep
     0.54%     0.28%  c2d      [kernel.kallsyms]     [k] filemap_map_pages
0.28% 0x7f124064624a;main;cnf2ddnnf_cmd_line;compile_cnf;compile_dt;select_separator;update_separator_score;log2;asm_exc_page_fault;exc_page_fault;do_user_addr_fault;handle_mm_fault;__handle_mm_fault;do_fault;filemap_map_pages
0.26% filemap_map_pages;next_uptodate_page
     0.53%     0.00%  c2d      [kernel.kallsyms]     [k] vma_alloc_folio
0.28% vma_alloc_folio;policy_node
0.25% vma_alloc_folio;__folio_alloc;__alloc_pages;get_page_from_freelist;clear_page_rep
     0.53%     0.26%  c2d      c2d                   [.] load_hdtree_from_file
0.27% load_hdtree_from_file;__isoc99_fscanf;0x7f12406a5028
0.26% 0x7f124064624a;main;cnf2ddnnf_cmd_line;0x7f12406c26e3;asm_exc_page_fault
     0.51%     0.00%  c2d      libc.so.6             [.] __isoc99_fscanf
0.27% __isoc99_fscanf;0x7f12406a5028
0.25% __isoc99_fscanf;0x7f1240667c83
     0.50%     0.00%  c2d      ld-linux-x86-64.so.2  [.] 0x00007f1240beb075
0.25% 0x7f1240beb075;0x7f1240c04772;asm_exc_page_fault;exc_page_fault;do_user_addr_fault;handle_mm_fault;__handle_mm_fault;do_fault;vma_alloc_folio;__folio_alloc;__alloc_pages;get_page_from_freelist;clear_page_rep
0.25% 0x7f1240beb075;0x7f1240bea035;__irqentry_text_end
     0.47%     0.00%  c2d      libc.so.6             [.] 0x00007f12406b70d9
0.47% 0x7f12406b70d9;__irqentry_text_end
     0.39%     0.00%  c2d      [unknown]             [k] 0x00007fc4a22f3a97
0.21% 0x7fc4a22f3a97;entry_SYSCALL_64_after_hwframe;do_syscall_64;__x64_sys_execve;do_execveat_common.isra.0;bprm_execve;load_elf_binary;__module_get
0.14% 0x7fc4a22f3a97;entry_SYSCALL_64_after_hwframe;do_syscall_64;__x64_sys_execve;do_execveat_common.isra.0;bprm_execve;load_elf_binary;setup_arg_pages;expand_downwards;may_expand_vm
0.05% 0x7fc4a22f3a97;entry_SYSCALL_64_after_hwframe;do_syscall_64;__x64_sys_execve;do_execveat_common.isra.0;bprm_execve;load_elf_binary;begin_new_exec;flush_signal_handlers
     0.39%     0.00%  c2d      [kernel.kallsyms]     [k] __x64_sys_execve
0.21% __x64_sys_execve;do_execveat_common.isra.0;bprm_execve;load_elf_binary;__module_get
0.14% __x64_sys_execve;do_execveat_common.isra.0;bprm_execve;load_elf_binary;setup_arg_pages;expand_downwards;may_expand_vm
0.05% __x64_sys_execve;do_execveat_common.isra.0;bprm_execve;load_elf_binary;begin_new_exec;flush_signal_handlers
     0.39%     0.00%  c2d      [kernel.kallsyms]     [k] do_execveat_common.isra.0
0.21% do_execveat_common.isra.0;bprm_execve;load_elf_binary;__module_get
0.14% do_execveat_common.isra.0;bprm_execve;load_elf_binary;setup_arg_pages;expand_downwards;may_expand_vm
0.05% do_execveat_common.isra.0;bprm_execve;load_elf_binary;begin_new_exec;flush_signal_handlers
     0.39%     0.00%  c2d      [kernel.kallsyms]     [k] bprm_execve
0.21% bprm_execve;load_elf_binary;__module_get
0.14% bprm_execve;load_elf_binary;setup_arg_pages;expand_downwards;may_expand_vm
0.05% bprm_execve;load_elf_binary;begin_new_exec;flush_signal_handlers
     0.39%     0.00%  c2d      [kernel.kallsyms]     [k] load_elf_binary
0.21% load_elf_binary;__module_get
0.14% load_elf_binary;setup_arg_pages;expand_downwards;may_expand_vm
0.05% load_elf_binary;begin_new_exec;flush_signal_handlers
     0.32%     0.00%  c2d      libc.so.6             [.] read
0.27% read;entry_SYSCALL_64_after_hwframe;do_syscall_64;ksys_read;vfs_read;xfs_file_read_iter;xfs_file_buffered_read;filemap_read;filemap_get_pages;folio_wait_bit_common;io_schedule;schedule;__schedule;pick_next_task_fair;newidle_balance;load_balance;dequeue_task_fair
0.04% read;entry_SYSCALL_64_after_hwframe;do_syscall_64;ksys_read;vfs_read;xfs_file_read_iter;xfs_file_buffered_read;filemap_read
0.01% read;entry_SYSCALL_64_after_hwframe;do_syscall_64;ksys_read;vfs_read;xfs_file_read_iter;xfs_file_buffered_read;filemap_read;filemap_get_pages;folio_wait_bit_common;io_schedule;schedule;__schedule;finish_task_switch.isra.0;__perf_event_task_sched_in;__intel_pmu_enable_all.constprop.0;native_write_msr
     0.32%     0.00%  c2d      [kernel.kallsyms]     [k] ksys_read
0.27% ksys_read;vfs_read;xfs_file_read_iter;xfs_file_buffered_read;filemap_read;filemap_get_pages;folio_wait_bit_common;io_schedule;schedule;__schedule;pick_next_task_fair;newidle_balance;load_balance;dequeue_task_fair
0.04% ksys_read;vfs_read;xfs_file_read_iter;xfs_file_buffered_read;filemap_read
0.01% ksys_read;vfs_read;xfs_file_read_iter;xfs_file_buffered_read;filemap_read;filemap_get_pages;folio_wait_bit_common;io_schedule;schedule;__schedule;finish_task_switch.isra.0;__perf_event_task_sched_in;__intel_pmu_enable_all.constprop.0;native_write_msr
     0.32%     0.00%  c2d      [kernel.kallsyms]     [k] vfs_read
0.27% vfs_read;xfs_file_read_iter;xfs_file_buffered_read;filemap_read;filemap_get_pages;folio_wait_bit_common;io_schedule;schedule;__schedule;pick_next_task_fair;newidle_balance;load_balance;dequeue_task_fair
0.04% vfs_read;xfs_file_read_iter;xfs_file_buffered_read;filemap_read
0.01% vfs_read;xfs_file_read_iter;xfs_file_buffered_read;filemap_read;filemap_get_pages;folio_wait_bit_common;io_schedule;schedule;__schedule;finish_task_switch.isra.0;__perf_event_task_sched_in;__intel_pmu_enable_all.constprop.0;native_write_msr
     0.32%     0.00%  c2d      [xfs]                 [k] xfs_file_read_iter
0.27% xfs_file_read_iter;xfs_file_buffered_read;filemap_read;filemap_get_pages;folio_wait_bit_common;io_schedule;schedule;__schedule;pick_next_task_fair;newidle_balance;load_balance;dequeue_task_fair
0.04% xfs_file_read_iter;xfs_file_buffered_read;filemap_read
0.01% xfs_file_read_iter;xfs_file_buffered_read;filemap_read;filemap_get_pages;folio_wait_bit_common;io_schedule;schedule;__schedule;finish_task_switch.isra.0;__perf_event_task_sched_in;__intel_pmu_enable_all.constprop.0;native_write_msr
     0.32%     0.00%  c2d      [xfs]                 [k] xfs_file_buffered_read
0.27% xfs_file_buffered_read;filemap_read;filemap_get_pages;folio_wait_bit_common;io_schedule;schedule;__schedule;pick_next_task_fair;newidle_balance;load_balance;dequeue_task_fair
0.04% xfs_file_buffered_read;filemap_read
0.01% xfs_file_buffered_read;filemap_read;filemap_get_pages;folio_wait_bit_common;io_schedule;schedule;__schedule;finish_task_switch.isra.0;__perf_event_task_sched_in;__intel_pmu_enable_all.constprop.0;native_write_msr
     0.32%     0.04%  c2d      [kernel.kallsyms]     [k] filemap_read
0.27% filemap_read;filemap_get_pages;folio_wait_bit_common;io_schedule;schedule;__schedule;pick_next_task_fair;newidle_balance;load_balance;dequeue_task_fair
0.04% 0;read;entry_SYSCALL_64_after_hwframe;do_syscall_64;ksys_read;vfs_read;xfs_file_read_iter;xfs_file_buffered_read;filemap_read
0.01% filemap_read;filemap_get_pages;folio_wait_bit_common;io_schedule;schedule;__schedule;finish_task_switch.isra.0;__perf_event_task_sched_in;__intel_pmu_enable_all.constprop.0;native_write_msr
     0.30%     0.00%  c2d      [kernel.kallsyms]     [k] pte_alloc_one
0.30% pte_alloc_one;__alloc_pages;get_page_from_freelist
     0.29%     0.29%  c2d      [kernel.kallsyms]     [k] native_set_pmd
0.29% 0x7f124064624a;main;cnf2ddnnf_cmd_line;free_cache_manager;asm_exc_page_fault;exc_page_fault;do_user_addr_fault;handle_mm_fault;__handle_mm_fault;do_huge_pmd_anonymous_page;set_pmd;native_set_pmd
     0.29%     0.00%  c2d      [kernel.kallsyms]     [k] set_pmd
0.29% set_pmd;native_set_pmd
     0.29%     0.29%  c2d      c2d                   [.] leaf_dtree
0.29% 0x7f124064624a;main;cnf2ddnnf_cmd_line;free_dtree_manager;free_dtree;free_dtree;free_dtree;leaf_dtree
     0.29%     0.00%  c2d      c2d                   [.] free_dtree_manager
0.29% free_dtree_manager;free_dtree;free_dtree;free_dtree;leaf_dtree
     0.29%     0.00%  c2d      c2d                   [.] free_dtree
0.29% free_dtree;free_dtree;free_dtree;leaf_dtree
     0.29%     0.29%  c2d      [kernel.kallsyms]     [k] native_irq_return_iret
0.29% 0x7f124064624a;main;cnf2ddnnf_cmd_line;free_cache_manager
     0.29%     0.29%  c2d      [kernel.kallsyms]     [k] bpf_lsm_file_permission
0.29% 0x67616e616d20464e;write;entry_SYSCALL_64_after_hwframe;do_syscall_64;ksys_write;vfs_write;security_file_permission;bpf_lsm_file_permission
     0.29%     0.00%  c2d      [unknown]             [k] 0x67616e616d20464e
0.29% 0x67616e616d20464e;write;entry_SYSCALL_64_after_hwframe;do_syscall_64;ksys_write;vfs_write;security_file_permission;bpf_lsm_file_permission
     0.29%     0.00%  c2d      libc.so.6             [.] write
0.29% write;entry_SYSCALL_64_after_hwframe;do_syscall_64;ksys_write;vfs_write;security_file_permission;bpf_lsm_file_permission
     0.29%     0.00%  c2d      [kernel.kallsyms]     [k] ksys_write
0.29% ksys_write;vfs_write;security_file_permission;bpf_lsm_file_permission
     0.29%     0.00%  c2d      [kernel.kallsyms]     [k] vfs_write
0.29% vfs_write;security_file_permission;bpf_lsm_file_permission
     0.29%     0.00%  c2d      [kernel.kallsyms]     [k] security_file_permission
0.29% security_file_permission;bpf_lsm_file_permission
     0.29%     0.29%  c2d      [kernel.kallsyms]     [k] mt_find
0.29% 0x7f124064624a;main;cnf2ddnnf_cmd_line;free_cache_manager;asm_exc_page_fault;exc_page_fault;do_user_addr_fault;lock_mm_and_find_vma;find_vma;mt_find
     0.29%     0.00%  c2d      [kernel.kallsyms]     [k] lock_mm_and_find_vma
0.29% lock_mm_and_find_vma;find_vma;mt_find
     0.29%     0.00%  c2d      [kernel.kallsyms]     [k] find_vma
0.29% find_vma;mt_find
     0.29%     0.29%  c2d      [kernel.kallsyms]     [k] _compound_head
0.29% entry_SYSCALL_64_after_hwframe;do_syscall_64;__x64_sys_exit_group;do_group_exit;do_exit;__mmput;exit_mmap;unmap_vmas;unmap_page_range;_compound_head
     0.29%     0.00%  c2d      [kernel.kallsyms]     [k] vm_normal_page
0.29% vm_normal_page
     0.28%     0.28%  c2d      c2d                   [.] add_watched_clause
0.28% 0x7f124064624a;main;cnf2ddnnf_cmd_line;compile_cnf;compile_dt;assert_cd_literal;set_literal;move_watched_literal;add_watched_clause
     0.28%     0.00%  c2d      c2d                   [.] move_watched_literal
0.28% move_watched_literal;add_watched_clause
     0.28%     0.00%  c2d      [kernel.kallsyms]     [k] filemap_get_pages
0.27% filemap_get_pages;folio_wait_bit_common;io_schedule;schedule;__schedule;pick_next_task_fair;newidle_balance;load_balance;dequeue_task_fair
0.01% filemap_get_pages;folio_wait_bit_common;io_schedule;schedule;__schedule;finish_task_switch.isra.0;__perf_event_task_sched_in;__intel_pmu_enable_all.constprop.0;native_write_msr
     0.28%     0.00%  c2d      [kernel.kallsyms]     [k] folio_wait_bit_common
0.27% folio_wait_bit_common;io_schedule;schedule;__schedule;pick_next_task_fair;newidle_balance;load_balance;dequeue_task_fair
0.01% folio_wait_bit_common;io_schedule;schedule;__schedule;finish_task_switch.isra.0;__perf_event_task_sched_in;__intel_pmu_enable_all.constprop.0;native_write_msr
     0.28%     0.00%  c2d      [kernel.kallsyms]     [k] io_schedule
0.27% io_schedule;schedule;__schedule;pick_next_task_fair;newidle_balance;load_balance;dequeue_task_fair
0.01% io_schedule;schedule;__schedule;finish_task_switch.isra.0;__perf_event_task_sched_in;__intel_pmu_enable_all.constprop.0;native_write_msr
     0.28%     0.00%  c2d      [kernel.kallsyms]     [k] schedule
0.27% schedule;__schedule;pick_next_task_fair;newidle_balance;load_balance;dequeue_task_fair
0.01% schedule;__schedule;finish_task_switch.isra.0;__perf_event_task_sched_in;__intel_pmu_enable_all.constprop.0;native_write_msr
     0.28%     0.00%  c2d      [kernel.kallsyms]     [k] __schedule
0.27% __schedule;pick_next_task_fair;newidle_balance;load_balance;dequeue_task_fair
0.01% __schedule;finish_task_switch.isra.0;__perf_event_task_sched_in;__intel_pmu_enable_all.constprop.0;native_write_msr
     0.28%     0.00%  c2d      libm.so.6             [.] log2
0.28% log2;asm_exc_page_fault;exc_page_fault;do_user_addr_fault;handle_mm_fault;__handle_mm_fault;do_fault;filemap_map_pages
     0.28%     0.28%  c2d      libc.so.6             [.] 0x0000000000096158
0.28% 0x1;0x7f12406b515c
     0.28%     0.00%  c2d      libc.so.6             [.] 0x00007f12406b515c
0.28% 0x7f12406b515c
     0.28%     0.28%  c2d      c2d                   [.] fill_separators
0.28% 0x7f124064624a;main;cnf2ddnnf_cmd_line;construct_dtree_manager;initialize_dtree_separators;fill_separators;fill_separators;fill_separators;fill_separators;fill_separators;fill_separators;fill_separators;fill_separators;fill_separators;fill_separators;fill_separators;fill_separators
     0.28%     0.00%  c2d      c2d                   [.] initialize_dtree_separators
0.28% initialize_dtree_separators;fill_separators;fill_separators;fill_separators;fill_separators;fill_separators;fill_separators;fill_separators;fill_separators;fill_separators;fill_separators;fill_separators;fill_separators
     0.28%     0.28%  c2d      [kernel.kallsyms]     [k] policy_node
0.28% 0x7f12406b5c68;asm_exc_page_fault;exc_page_fault;do_user_addr_fault;handle_mm_fault;__handle_mm_fault;vma_alloc_folio;policy_node
     0.28%     0.00%  c2d      libc.so.6             [.] 0x00007f12406b5c68
0.28% 0x7f12406b5c68;asm_exc_page_fault;exc_page_fault;do_user_addr_fault;handle_mm_fault;__handle_mm_fault;vma_alloc_folio;policy_node
     0.27%     0.27%  c2d      c2d                   [.] edges_subset
0.27% 0x7f124064624a;main;cnf2ddnnf_cmd_line;construct_dtree_manager;hdtree2dtree;hdtree2dtree;hdtree2dtree;hdtree2dtree;hdtree2dtree;hdtree2dtree;hdtree2dtree;hdtree2dtree;hdtree2dtree;hdtree2dtree;hdtree2dtree;hdtree2dtree;hdtree2dtree;edges_subset
     0.27%     0.00%  c2d      c2d                   [.] hdtree2dtree
0.27% hdtree2dtree;hdtree2dtree;hdtree2dtree;hdtree2dtree;hdtree2dtree;hdtree2dtree;hdtree2dtree;hdtree2dtree;hdtree2dtree;hdtree2dtree;hdtree2dtree;hdtree2dtree;hdtree2dtree;edges_subset
     0.27%     0.27%  c2d      [kernel.kallsyms]     [k] dequeue_task_fair
0.27% 0;read;entry_SYSCALL_64_after_hwframe;do_syscall_64;ksys_read;vfs_read;xfs_file_read_iter;xfs_file_buffered_read;filemap_read;filemap_get_pages;folio_wait_bit_common;io_schedule;schedule;__schedule;pick_next_task_fair;newidle_balance;load_balance;dequeue_task_fair
     0.27%     0.00%  c2d      [kernel.kallsyms]     [k] pick_next_task_fair
0.27% pick_next_task_fair;newidle_balance;load_balance;dequeue_task_fair
     0.27%     0.00%  c2d      [kernel.kallsyms]     [k] newidle_balance
0.27% newidle_balance;load_balance;dequeue_task_fair
     0.27%     0.00%  c2d      [kernel.kallsyms]     [k] load_balance
0.27% load_balance;dequeue_task_fair
     0.27%     0.27%  c2d      c2d                   [.] initialize_cnf_manager
0.27% 0x7f124064624a;main;cnf2ddnnf_cmd_line;construct_cnf_manager;initialize_cnf_manager
     0.27%     0.00%  c2d      c2d                   [.] construct_cnf_manager
0.27% construct_cnf_manager;initialize_cnf_manager
     0.27%     0.27%  c2d      ld-linux-x86-64.so.2  [.] 0x0000000000009016
0.27% 0x7f1240bec019
     0.27%     0.00%  c2d      ld-linux-x86-64.so.2  [.] 0x00007f1240bec019
0.27% 0x7f1240bec019
     0.27%     0.00%  c2d      libc.so.6             [.] 0x00007f124067d04d
0.27% 0x7f124067d04d;0x7f124066d230;__irqentry_text_end
     0.27%     0.00%  c2d      libc.so.6             [.] 0x00007f124066d230
0.27% 0x7f124066d230;__irqentry_text_end
     0.27%     0.27%  c2d      ld-linux-x86-64.so.2  [.] 0x0000000000009086
0.27% 0x7f1240bec088
     0.27%     0.00%  c2d      ld-linux-x86-64.so.2  [.] 0x00007f1240bec088
0.27% 0x7f1240bec088
     0.27%     0.27%  c2d      libc.so.6             [.] 0x0000000000097723
0.27% 0x1;0x7f12406b6729
     0.27%     0.00%  c2d      libc.so.6             [.] 0x00007f12406b6729
0.27% 0x7f12406b6729
     0.27%     0.27%  c2d      libc.so.6             [.] 0x000000000008601f
0.27% 0x7f124064624a;main;cnf2ddnnf_cmd_line;load_hdtree_from_file;__isoc99_fscanf;0x7f12406a5028
     0.27%     0.00%  c2d      libc.so.6             [.] 0x00007f12406a5028
0.27% 0x7f12406a5028
     0.27%     0.27%  c2d      libstdc++.so.6.0.30   [.] std::__cxx11::moneypunct<char, false>::_M_initialize_moneypunct
0.27% std::__cxx11::moneypunct<char, false>::_M_initialize_moneypunct
     0.26%     0.26%  c2d      [kernel.kallsyms]     [k] mas_node_count_gfp
0.26% brk;entry_SYSCALL_64_after_hwframe;do_syscall_64;__do_sys_brk;do_brk_flags;mas_store_prealloc;mas_wr_spanning_store.isra.0;mas_node_count_gfp
     0.26%     0.00%  c2d      libc.so.6             [.] brk
0.26% brk;entry_SYSCALL_64_after_hwframe;do_syscall_64;__do_sys_brk;do_brk_flags;mas_store_prealloc;mas_wr_spanning_store.isra.0;mas_node_count_gfp
     0.26%     0.00%  c2d      [kernel.kallsyms]     [k] __do_sys_brk
0.26% __do_sys_brk;do_brk_flags;mas_store_prealloc;mas_wr_spanning_store.isra.0;mas_node_count_gfp
     0.26%     0.00%  c2d      [kernel.kallsyms]     [k] do_brk_flags
0.26% do_brk_flags;mas_store_prealloc;mas_wr_spanning_store.isra.0;mas_node_count_gfp
     0.26%     0.00%  c2d      [kernel.kallsyms]     [k] mas_store_prealloc
0.26% mas_store_prealloc;mas_wr_spanning_store.isra.0;mas_node_count_gfp
     0.26%     0.00%  c2d      [kernel.kallsyms]     [k] mas_wr_spanning_store.isra.0
0.26% mas_wr_spanning_store.isra.0;mas_node_count_gfp
     0.26%     0.26%  c2d      [kernel.kallsyms]     [k] copy_page
0.26% 0x7f1240bfda58;0x7f1240bfd22f;0x7f1240c00c99;0x7f1240bf126c;asm_exc_page_fault;exc_page_fault;do_user_addr_fault;handle_mm_fault;__handle_mm_fault;do_fault;copy_page
     0.26%     0.00%  c2d      ld-linux-x86-64.so.2  [.] 0x00007f1240bf126c
0.26% 0x7f1240bf126c;asm_exc_page_fault;exc_page_fault;do_user_addr_fault;handle_mm_fault;__handle_mm_fault;do_fault;copy_page
     0.26%     0.00%  c2d      libc.so.6             [.] 0x00007f12406c26e3
0.26% 0x7f12406c26e3;asm_exc_page_fault
     0.26%     0.26%  c2d      [kernel.kallsyms]     [k] next_uptodate_page
0.26% 0x7f1240bfda58;0x7f1240bfd22f;0x7f12406aa980;asm_exc_page_fault;exc_page_fault;do_user_addr_fault;handle_mm_fault;__handle_mm_fault;do_fault;filemap_map_pages;next_uptodate_page
     0.26%     0.00%  c2d      libc.so.6             [.] 0x00007f12406aa980
0.26% 0x7f12406aa980;asm_exc_page_fault;exc_page_fault;do_user_addr_fault;handle_mm_fault;__handle_mm_fault;do_fault;filemap_map_pages;next_uptodate_page
     0.26%     0.26%  c2d      ld-linux-x86-64.so.2  [.] 0x000000000000dd7c
0.26% 0x7f1240bfda58;0x7f1240bfd22f;0x7f1240c00c99;0x7f1240bf0d7f
     0.26%     0.00%  c2d      ld-linux-x86-64.so.2  [.] 0x00007f1240bf0d7f
0.26% 0x7f1240bf0d7f
     0.26%     0.26%  c2d      libc.so.6             [.] 0x0000000000097579
0.26% 0;0x7f12406b657d
     0.26%     0.00%  c2d      libc.so.6             [.] 0x00007f12406b657d
0.26% 0x7f12406b657d
     0.26%     0.26%  c2d      ld-linux-x86-64.so.2  [.] 0x000000000000e354
0.26% 0x7f1240bfda58;0x7f1240bfd22f;0x7f1240c00c99;0x7f1240bf135a
     0.26%     0.00%  c2d      ld-linux-x86-64.so.2  [.] 0x00007f1240bf135a
0.26% 0x7f1240bf135a
     0.26%     0.26%  c2d      c2d                   [.] fix_corner_cases
0.26% 0x7f124064624a;main;get_cnf_from_file;fix_corner_cases
     0.26%     0.00%  c2d      c2d                   [.] get_cnf_from_file
0.26% get_cnf_from_file;fix_corner_cases
     0.26%     0.26%  c2d      ld-linux-x86-64.so.2  [.] 0x0000000000009a24
0.26% 0x7f1240c168a8;0x7f1240be1170;0x6;0;0x7f1240beca2b
     0.26%     0.00%  c2d      [unknown]             [.] 0x00007f1240be1170
0.26% 0x7f1240be1170;0x6;0;0x7f1240beca2b
     0.26%     0.00%  c2d      [unknown]             [.] 0x0000000000000006
0.26% 0x6;0;0x7f1240beca2b
     0.26%     0.00%  c2d      ld-linux-x86-64.so.2  [.] 0x00007f1240beca2b
0.26% 0x7f1240beca2b
     0.25%     0.25%  c2d      [kernel.kallsyms]     [k] clear_page_rep
0.25% 0x7f1240c168a8;0x7f1240beb075;0x7f1240c04772;asm_exc_page_fault;exc_page_fault;do_user_addr_fault;handle_mm_fault;__handle_mm_fault;do_fault;vma_alloc_folio;__folio_alloc;__alloc_pages;get_page_from_freelist;clear_page_rep
     0.25%     0.00%  c2d      ld-linux-x86-64.so.2  [.] 0x00007f1240c04772
0.25% 0x7f1240c04772;asm_exc_page_fault;exc_page_fault;do_user_addr_fault;handle_mm_fault;__handle_mm_fault;do_fault;vma_alloc_folio;__folio_alloc;__alloc_pages;get_page_from_freelist;clear_page_rep
     0.25%     0.00%  c2d      [kernel.kallsyms]     [k] __folio_alloc
0.25% __folio_alloc;__alloc_pages;get_page_from_freelist;clear_page_rep
     0.25%     0.00%  c2d      ld-linux-x86-64.so.2  [.] 0x00007f1240bea035
0.25% 0x7f1240bea035;__irqentry_text_end
     0.25%     0.25%  c2d      libc.so.6             [.] 0x0000000000048c7e
0.25% 0x7f124064624a;main;__isoc99_fscanf;0x7f1240667c83
     0.25%     0.00%  c2d      libc.so.6             [.] 0x00007f1240667c83
0.25% 0x7f1240667c83
     0.23%     0.23%  c2d      [kernel.kallsyms]     [k] page_remove_rmap
0.23% 0x7f1240bfda58;0x7f1240bfd22f;0x7f1240c008b4;asm_exc_page_fault;exc_page_fault;do_user_addr_fault;handle_mm_fault;__handle_mm_fault;wp_page_copy;page_remove_rmap
     0.23%     0.00%  c2d      ld-linux-x86-64.so.2  [.] 0x00007f1240c008b4
0.23% 0x7f1240c008b4;asm_exc_page_fault;exc_page_fault;do_user_addr_fault;handle_mm_fault;__handle_mm_fault;wp_page_copy;page_remove_rmap
     0.23%     0.00%  c2d      [kernel.kallsyms]     [k] wp_page_copy
0.23% wp_page_copy;page_remove_rmap
     0.21%     0.21%  c2d      [kernel.kallsyms]     [k] __module_get
0.21% 0x7fc4a22f3a97;entry_SYSCALL_64_after_hwframe;do_syscall_64;__x64_sys_execve;do_execveat_common.isra.0;bprm_execve;load_elf_binary;__module_get
     0.14%     0.14%  c2d      [kernel.kallsyms]     [k] may_expand_vm
0.14% 0x7fc4a22f3a97;entry_SYSCALL_64_after_hwframe;do_syscall_64;__x64_sys_execve;do_execveat_common.isra.0;bprm_execve;load_elf_binary;setup_arg_pages;expand_downwards;may_expand_vm
     0.14%     0.00%  c2d      [kernel.kallsyms]     [k] setup_arg_pages
0.14% setup_arg_pages;expand_downwards;may_expand_vm
     0.14%     0.00%  c2d      [kernel.kallsyms]     [k] expand_downwards
0.14% expand_downwards;may_expand_vm
     0.12%     0.12%  c2d      libc.so.6             [.] 0x00000000000a2480
0.12% 0;0x7f12406c1484
     0.12%     0.00%  c2d      libc.so.6             [.] 0x00007f12406c1484
0.12% 0x7f12406c1484
     0.05%     0.05%  c2d      [kernel.kallsyms]     [k] flush_signal_handlers
0.05% 0x7fc4a22f3a97;entry_SYSCALL_64_after_hwframe;do_syscall_64;__x64_sys_execve;do_execveat_common.isra.0;bprm_execve;load_elf_binary;begin_new_exec;flush_signal_handlers
     0.05%     0.00%  c2d      [kernel.kallsyms]     [k] begin_new_exec
0.05% begin_new_exec;flush_signal_handlers
     0.02%     0.00%  perf-ex  [kernel.kallsyms]     [k] native_write_msr
0.02% native_write_msr
     0.02%     0.00%  perf-ex  [unknown]             [k] 0x00007fc4a22f3a97
0.02% 0x7fc4a22f3a97;entry_SYSCALL_64_after_hwframe;do_syscall_64;__x64_sys_execve;do_execveat_common.isra.0;bprm_execve;load_elf_binary;begin_new_exec;perf_event_exec;__intel_pmu_enable_all.constprop.0;native_write_msr
     0.02%     0.00%  perf-ex  [kernel.kallsyms]     [k] entry_SYSCALL_64_after_hwframe
0.02% entry_SYSCALL_64_after_hwframe;do_syscall_64;__x64_sys_execve;do_execveat_common.isra.0;bprm_execve;load_elf_binary;begin_new_exec;perf_event_exec;__intel_pmu_enable_all.constprop.0;native_write_msr
     0.02%     0.00%  perf-ex  [kernel.kallsyms]     [k] do_syscall_64
0.02% do_syscall_64;__x64_sys_execve;do_execveat_common.isra.0;bprm_execve;load_elf_binary;begin_new_exec;perf_event_exec;__intel_pmu_enable_all.constprop.0;native_write_msr
     0.02%     0.00%  perf-ex  [kernel.kallsyms]     [k] __x64_sys_execve
0.02% __x64_sys_execve;do_execveat_common.isra.0;bprm_execve;load_elf_binary;begin_new_exec;perf_event_exec;__intel_pmu_enable_all.constprop.0;native_write_msr
     0.02%     0.00%  perf-ex  [kernel.kallsyms]     [k] do_execveat_common.isra.0
0.02% do_execveat_common.isra.0;bprm_execve;load_elf_binary;begin_new_exec;perf_event_exec;__intel_pmu_enable_all.constprop.0;native_write_msr
     0.02%     0.00%  perf-ex  [kernel.kallsyms]     [k] bprm_execve
0.02% bprm_execve;load_elf_binary;begin_new_exec;perf_event_exec;__intel_pmu_enable_all.constprop.0;native_write_msr
     0.02%     0.00%  perf-ex  [kernel.kallsyms]     [k] load_elf_binary
0.02% load_elf_binary;begin_new_exec;perf_event_exec;__intel_pmu_enable_all.constprop.0;native_write_msr
     0.02%     0.00%  perf-ex  [kernel.kallsyms]     [k] begin_new_exec
0.02% begin_new_exec;perf_event_exec;__intel_pmu_enable_all.constprop.0;native_write_msr
     0.02%     0.00%  perf-ex  [kernel.kallsyms]     [k] perf_event_exec
0.02% perf_event_exec;__intel_pmu_enable_all.constprop.0;native_write_msr
     0.02%     0.00%  perf-ex  [kernel.kallsyms]     [k] __intel_pmu_enable_all.constprop.0
0.02% __intel_pmu_enable_all.constprop.0;native_write_msr
     0.01%     0.01%  perf-ex  [kernel.kallsyms]     [k] native_sched_clock
0.01% 0x7fc4a22f3a97;entry_SYSCALL_64_after_hwframe;do_syscall_64;__x64_sys_execve;do_execveat_common.isra.0;bprm_execve;load_elf_binary;begin_new_exec;perf_event_exec;__intel_pmu_enable_all.constprop.0;native_write_msr
     0.01%     0.00%  c2d      [kernel.kallsyms]     [k] native_write_msr
0.01% native_write_msr
     0.01%     0.00%  c2d      [kernel.kallsyms]     [k] finish_task_switch.isra.0
0.01% finish_task_switch.isra.0;__perf_event_task_sched_in;__intel_pmu_enable_all.constprop.0;native_write_msr
     0.01%     0.00%  c2d      [kernel.kallsyms]     [k] __perf_event_task_sched_in
0.01% __perf_event_task_sched_in;__intel_pmu_enable_all.constprop.0;native_write_msr
     0.01%     0.00%  c2d      [kernel.kallsyms]     [k] __intel_pmu_enable_all.constprop.0
0.01% __intel_pmu_enable_all.constprop.0;native_write_msr
     0.01%     0.01%  c2d      [kernel.kallsyms]     [k] native_sched_clock
     0.00%     0.00%  perf-ex  [kernel.kallsyms]     [k] native_set_fixmap
     0.00%     0.00%  c2d      [kernel.kallsyms]     [k] native_set_pte


#
# (Tip: System-wide collection from all CPUs: perf record -a)
#
