# To display the perf.data header info, please use --header/--header-only options.
#
#
# Total Lost Samples: 0
#
# Samples: 357  of event 'cycles'
# Event count (approx.): 239836108
#
# Children      Self  Command  Shared Object         Symbol                                                       
# ........  ........  .......  ....................  .............................................................
#
    93.43%     0.00%  c2d      libc.so.6             [.] 0x00007f6f78a4624a
89.70% 0x7f6f78a4624a;main;cnf2ddnnf_cmd_line;free_cache_manager
0.30% 0x7f6f78a4624a;main;cnf2ddnnf_cmd_line;free_cache_manager;asm_exc_page_fault;exc_page_fault;do_user_addr_fault;handle_mm_fault;__handle_mm_fault;do_huge_pmd_anonymous_page;mm_get_huge_zero_page
0.30% 0x7f6f78a4624a;main;cnf2ddnnf_cmd_line;free_cache_manager;asm_exc_page_fault;exc_page_fault;do_user_addr_fault;handle_mm_fault;__handle_mm_fault;do_huge_pmd_anonymous_page;pte_alloc_one;__alloc_pages;get_page_from_freelist;rmqueue_bulk
0.28% 0x7f6f78a4624a;main;cnf2ddnnf_cmd_line;compile_cnf;compile_dt;compile_dt;compile_decomposed;lookup_or_compile_dt;compile_decomposed;lookup_or_compile_dt;compile_decomposed;lookup_or_compile_dt;compile_decomposed;lookup_or_compile_dt;compile_dt;assert_cd_literal;set_literal
0.28% 0x7f6f78a4624a;main;cnf2ddnnf_cmd_line;free_hdtree;free_hdtree;free_hdtree;free_hdtree;free_hdtree;free_hdtree;free_hdtree;free_hdtree;free_hdtree;free_hdtree;free_hdtree;free_hdtree;free_hdtree;free_hdtree;free_hdtree;free_hdtree
0.28% 0x7f6f78a4624a;main;cnf2ddnnf_cmd_line;compile_cnf;compile_dt;compile_dt;compile_decomposed;lookup_or_compile_dt;compile_dt;compile_dt;compile_decomposed;lookup_or_compile_dt;compile_decomposed;lookup_or_compile_dt;compile_decomposed;lookup_or_compile_dt;compile_dt;compile_dt;compile_dt;compile_decomposed;lookup_or_compile_dt;compile_dt;compile_dt;undo_decide_literal;erase_level
0.28% 0x7f6f78a4624a;main;cnf2ddnnf_cmd_line;construct_dtree_manager;initialize_dtree_separators;fill_separators;fill_separators;fill_separators;fill_separators;fill_separators;fill_separators;fill_separators;fill_separators
0.28% 0x7f6f78a4624a;main;cnf2ddnnf_cmd_line;compile_cnf;compile_dt;compile_dt;compile_decomposed;lookup_or_compile_dt;compile_dt;compile_dt;compile_decomposed;lookup_or_compile_dt;compile_decomposed;lookup_or_compile_dt;compile_decomposed;lookup_or_compile_dt;compile_dt;compile_dt;compile_dt;compile_decomposed;lookup_or_compile_dt;compile_dt;compile_dt;compile_dt;compile_decomposed;lookup_or_compile_dt;compile_dt;select_separator;update_separator_score
0.27% 0x7f6f78a4624a;main;cnf2ddnnf_cmd_line;construct_cnf_manager;construct_cnf_clauses;initialize_clause
0.26% 0x7f6f78a4624a;main;cnf2ddnnf_cmd_line;load_hdtree_from_file;__isoc99_fscanf;0x7f6f78a7ef0f
0.26% 0x7f6f78a4624a;main;cnf2ddnnf_cmd_line;load_hdtree_from_file;dtree_skeleton2hdtree;initialize_hdtree;initialize_hdtree;initialize_hdtree;initialize_hdtree;initialize_hdtree;initialize_hdtree;initialize_hdtree;initialize_hdtree;initialize_hdtree;initialize_hdtree;initialize_hdtree;initialize_hdtree;initialize_hdtree;initialize_hdtree;initialize_hdtree;initialize_hdtree;initialize_hdtree;initialize_hdtree;edges_intersection
0.25% 0x7f6f78a4624a;main;cnf2ddnnf_cmd_line;load_hdtree_from_file;dtree_skeleton2hdtree;edges_union
0.25% 0x7f6f78a4624a;main;cnf2ddnnf_cmd_line;0x7f6f78ac26c7;asm_exc_page_fault
0.24% 0x7f6f78a4624a;main;__isoc99_fscanf;0x7f6f78a7f7a9
0.21% 0x7f6f78a4624a;main;__isoc99_fscanf;0x7f6f78a7e25a
    93.43%     0.00%  c2d      c2d                   [.] main
89.70% main;cnf2ddnnf_cmd_line;free_cache_manager
0.30% main;cnf2ddnnf_cmd_line;free_cache_manager;asm_exc_page_fault;exc_page_fault;do_user_addr_fault;handle_mm_fault;__handle_mm_fault;do_huge_pmd_anonymous_page;mm_get_huge_zero_page
0.30% main;cnf2ddnnf_cmd_line;free_cache_manager;asm_exc_page_fault;exc_page_fault;do_user_addr_fault;handle_mm_fault;__handle_mm_fault;do_huge_pmd_anonymous_page;pte_alloc_one;__alloc_pages;get_page_from_freelist;rmqueue_bulk
0.28% main;cnf2ddnnf_cmd_line;compile_cnf;compile_dt;compile_dt;compile_decomposed;lookup_or_compile_dt;compile_decomposed;lookup_or_compile_dt;compile_decomposed;lookup_or_compile_dt;compile_decomposed;lookup_or_compile_dt;compile_dt;assert_cd_literal;set_literal
0.28% main;cnf2ddnnf_cmd_line;free_hdtree;free_hdtree;free_hdtree;free_hdtree;free_hdtree;free_hdtree;free_hdtree;free_hdtree;free_hdtree;free_hdtree;free_hdtree;free_hdtree;free_hdtree;free_hdtree;free_hdtree;free_hdtree
0.28% main;cnf2ddnnf_cmd_line;compile_cnf;compile_dt;compile_dt;compile_decomposed;lookup_or_compile_dt;compile_dt;compile_dt;compile_decomposed;lookup_or_compile_dt;compile_decomposed;lookup_or_compile_dt;compile_decomposed;lookup_or_compile_dt;compile_dt;compile_dt;compile_dt;compile_decomposed;lookup_or_compile_dt;compile_dt;compile_dt;undo_decide_literal;erase_level
0.28% main;cnf2ddnnf_cmd_line;construct_dtree_manager;initialize_dtree_separators;fill_separators;fill_separators;fill_separators;fill_separators;fill_separators;fill_separators;fill_separators;fill_separators
0.28% main;cnf2ddnnf_cmd_line;compile_cnf;compile_dt;compile_dt;compile_decomposed;lookup_or_compile_dt;compile_dt;compile_dt;compile_decomposed;lookup_or_compile_dt;compile_decomposed;lookup_or_compile_dt;compile_decomposed;lookup_or_compile_dt;compile_dt;compile_dt;compile_dt;compile_decomposed;lookup_or_compile_dt;compile_dt;compile_dt;compile_dt;compile_decomposed;lookup_or_compile_dt;compile_dt;select_separator;update_separator_score
0.27% main;cnf2ddnnf_cmd_line;construct_cnf_manager;construct_cnf_clauses;initialize_clause
0.26% main;cnf2ddnnf_cmd_line;load_hdtree_from_file;__isoc99_fscanf;0x7f6f78a7ef0f
0.26% main;cnf2ddnnf_cmd_line;load_hdtree_from_file;dtree_skeleton2hdtree;initialize_hdtree;initialize_hdtree;initialize_hdtree;initialize_hdtree;initialize_hdtree;initialize_hdtree;initialize_hdtree;initialize_hdtree;initialize_hdtree;initialize_hdtree;initialize_hdtree;initialize_hdtree;initialize_hdtree;initialize_hdtree;initialize_hdtree;initialize_hdtree;initialize_hdtree;initialize_hdtree;edges_intersection
0.25% main;cnf2ddnnf_cmd_line;load_hdtree_from_file;dtree_skeleton2hdtree;edges_union
0.25% main;cnf2ddnnf_cmd_line;0x7f6f78ac26c7;asm_exc_page_fault
0.24% main;__isoc99_fscanf;0x7f6f78a7f7a9
0.21% main;__isoc99_fscanf;0x7f6f78a7e25a
    92.99%     0.00%  c2d      c2d                   [.] cnf2ddnnf_cmd_line
89.70% cnf2ddnnf_cmd_line;free_cache_manager
0.30% cnf2ddnnf_cmd_line;free_cache_manager;asm_exc_page_fault;exc_page_fault;do_user_addr_fault;handle_mm_fault;__handle_mm_fault;do_huge_pmd_anonymous_page;mm_get_huge_zero_page
0.30% cnf2ddnnf_cmd_line;free_cache_manager;asm_exc_page_fault;exc_page_fault;do_user_addr_fault;handle_mm_fault;__handle_mm_fault;do_huge_pmd_anonymous_page;pte_alloc_one;__alloc_pages;get_page_from_freelist;rmqueue_bulk
0.28% cnf2ddnnf_cmd_line;compile_cnf;compile_dt;compile_dt;compile_decomposed;lookup_or_compile_dt;compile_decomposed;lookup_or_compile_dt;compile_decomposed;lookup_or_compile_dt;compile_decomposed;lookup_or_compile_dt;compile_dt;assert_cd_literal;set_literal
0.28% cnf2ddnnf_cmd_line;free_hdtree;free_hdtree;free_hdtree;free_hdtree;free_hdtree;free_hdtree;free_hdtree;free_hdtree;free_hdtree;free_hdtree;free_hdtree;free_hdtree;free_hdtree;free_hdtree;free_hdtree;free_hdtree
0.28% cnf2ddnnf_cmd_line;compile_cnf;compile_dt;compile_dt;compile_decomposed;lookup_or_compile_dt;compile_dt;compile_dt;compile_decomposed;lookup_or_compile_dt;compile_decomposed;lookup_or_compile_dt;compile_decomposed;lookup_or_compile_dt;compile_dt;compile_dt;compile_dt;compile_decomposed;lookup_or_compile_dt;compile_dt;compile_dt;undo_decide_literal;erase_level
0.28% cnf2ddnnf_cmd_line;construct_dtree_manager;initialize_dtree_separators;fill_separators;fill_separators;fill_separators;fill_separators;fill_separators;fill_separators;fill_separators;fill_separators
0.28% cnf2ddnnf_cmd_line;compile_cnf;compile_dt;compile_dt;compile_decomposed;lookup_or_compile_dt;compile_dt;compile_dt;compile_decomposed;lookup_or_compile_dt;compile_decomposed;lookup_or_compile_dt;compile_decomposed;lookup_or_compile_dt;compile_dt;compile_dt;compile_dt;compile_decomposed;lookup_or_compile_dt;compile_dt;compile_dt;compile_dt;compile_decomposed;lookup_or_compile_dt;compile_dt;select_separator;update_separator_score
0.27% cnf2ddnnf_cmd_line;construct_cnf_manager;construct_cnf_clauses;initialize_clause
0.26% cnf2ddnnf_cmd_line;load_hdtree_from_file;__isoc99_fscanf;0x7f6f78a7ef0f
0.26% cnf2ddnnf_cmd_line;load_hdtree_from_file;dtree_skeleton2hdtree;initialize_hdtree;initialize_hdtree;initialize_hdtree;initialize_hdtree;initialize_hdtree;initialize_hdtree;initialize_hdtree;initialize_hdtree;initialize_hdtree;initialize_hdtree;initialize_hdtree;initialize_hdtree;initialize_hdtree;initialize_hdtree;initialize_hdtree;initialize_hdtree;initialize_hdtree;initialize_hdtree;edges_intersection
0.25% cnf2ddnnf_cmd_line;load_hdtree_from_file;dtree_skeleton2hdtree;edges_union
0.25% cnf2ddnnf_cmd_line;0x7f6f78ac26c7;asm_exc_page_fault
    90.30%    89.70%  c2d      c2d                   [.] free_cache_manager
89.70% 0x7f6f78a4624a;main;cnf2ddnnf_cmd_line;free_cache_manager
0.30% free_cache_manager;asm_exc_page_fault;exc_page_fault;do_user_addr_fault;handle_mm_fault;__handle_mm_fault;do_huge_pmd_anonymous_page;mm_get_huge_zero_page
0.30% free_cache_manager;asm_exc_page_fault;exc_page_fault;do_user_addr_fault;handle_mm_fault;__handle_mm_fault;do_huge_pmd_anonymous_page;pte_alloc_one;__alloc_pages;get_page_from_freelist;rmqueue_bulk
     2.79%     0.05%  c2d      [kernel.kallsyms]     [k] entry_SYSCALL_64_after_hwframe
0.30% entry_SYSCALL_64_after_hwframe;do_syscall_64;ksys_write;vfs_write;xfs_file_buffered_write;iomap_file_buffered_write;iomap_iter;xfs_buffered_write_iomap_begin;xfs_qm_dqattach;xfs_qm_need_dqattach
0.30% entry_SYSCALL_64_after_hwframe;do_syscall_64;__x64_sys_exit_group;do_group_exit;do_exit;__mmput;exit_mmap;free_pgtables;unlink_anon_vmas
0.30% entry_SYSCALL_64_after_hwframe;do_syscall_64;__x64_sys_exit_group;do_group_exit;do_exit;__mmput;exit_mmap;unmap_vmas;unmap_page_range;_compound_head
0.28% entry_SYSCALL_64_after_hwframe;do_syscall_64;ksys_write;vfs_write;xfs_file_buffered_write;iomap_file_buffered_write;iomap_iter;xfs_buffered_write_iomap_end;iomap_file_buffered_write_punch_delalloc
0.28% entry_SYSCALL_64_after_hwframe;do_syscall_64;ksys_read;vfs_read;xfs_file_read_iter;xfs_file_buffered_read;filemap_read;filemap_get_pages;page_cache_ra_order;filemap_add_folio;__filemap_add_folio;xas_store
0.27% entry_SYSCALL_64_after_hwframe;do_syscall_64;ksys_mmap_pgoff;vm_mmap_pgoff;do_mmap;mmap_region;do_mas_munmap;do_mas_align_munmap;mas_prev;mas_prev_nentry
0.27% entry_SYSCALL_64_after_hwframe;do_syscall_64;ksys_mmap_pgoff;vm_mmap_pgoff;do_mmap;mmap_region;do_mas_munmap;do_mas_align_munmap;mas_store_prealloc;mas_update_gap
0.26% entry_SYSCALL_64_after_hwframe;do_syscall_64;ksys_read;vfs_read;xfs_file_read_iter;xfs_file_buffered_read;filemap_read;filemap_get_pages;page_cache_ra_order;read_pages;iomap_readahead;iomap_iter;xfs_read_iomap_begin;xfs_bmapi_read;xfs_iext_lookup_extent
0.24% entry_SYSCALL_64_after_hwframe;do_syscall_64;syscall_exit_to_user_mode;exit_to_user_mode_prepare;task_work_run;__fput;mntput_no_expire
0.18% entry_SYSCALL_64_after_hwframe;do_syscall_64;__x64_sys_execve;do_execveat_common.isra.0;bprm_execve;load_elf_binary;elf_map;vm_mmap_pgoff;do_mmap;mmap_region;perf_event_mmap;d_path;prepend_path
0.07% entry_SYSCALL_64_after_hwframe;do_syscall_64;__x64_sys_execve;do_execveat_common.isra.0;bprm_execve;load_elf_binary;begin_new_exec;security_bprm_committed_creds;tomoyo_bprm_committed_creds
0.05% 0;read;entry_SYSCALL_64_after_hwframe
0.01% entry_SYSCALL_64_after_hwframe;do_syscall_64;ksys_read;vfs_read;xfs_file_read_iter;xfs_file_buffered_read;filemap_read;filemap_get_pages;folio_wait_bit_common;io_schedule;schedule;__schedule;finish_task_switch.isra.0;__perf_event_task_sched_in;__intel_pmu_enable_all.constprop.0;native_write_msr
     2.75%     0.00%  c2d      [kernel.kallsyms]     [k] do_syscall_64
0.30% do_syscall_64;ksys_write;vfs_write;xfs_file_buffered_write;iomap_file_buffered_write;iomap_iter;xfs_buffered_write_iomap_begin;xfs_qm_dqattach;xfs_qm_need_dqattach
0.30% do_syscall_64;__x64_sys_exit_group;do_group_exit;do_exit;__mmput;exit_mmap;free_pgtables;unlink_anon_vmas
0.30% do_syscall_64;__x64_sys_exit_group;do_group_exit;do_exit;__mmput;exit_mmap;unmap_vmas;unmap_page_range;_compound_head
0.28% do_syscall_64;ksys_write;vfs_write;xfs_file_buffered_write;iomap_file_buffered_write;iomap_iter;xfs_buffered_write_iomap_end;iomap_file_buffered_write_punch_delalloc
0.28% do_syscall_64;ksys_read;vfs_read;xfs_file_read_iter;xfs_file_buffered_read;filemap_read;filemap_get_pages;page_cache_ra_order;filemap_add_folio;__filemap_add_folio;xas_store
0.27% do_syscall_64;ksys_mmap_pgoff;vm_mmap_pgoff;do_mmap;mmap_region;do_mas_munmap;do_mas_align_munmap;mas_prev;mas_prev_nentry
0.27% do_syscall_64;ksys_mmap_pgoff;vm_mmap_pgoff;do_mmap;mmap_region;do_mas_munmap;do_mas_align_munmap;mas_store_prealloc;mas_update_gap
0.26% do_syscall_64;ksys_read;vfs_read;xfs_file_read_iter;xfs_file_buffered_read;filemap_read;filemap_get_pages;page_cache_ra_order;read_pages;iomap_readahead;iomap_iter;xfs_read_iomap_begin;xfs_bmapi_read;xfs_iext_lookup_extent
0.24% do_syscall_64;syscall_exit_to_user_mode;exit_to_user_mode_prepare;task_work_run;__fput;mntput_no_expire
0.18% do_syscall_64;__x64_sys_execve;do_execveat_common.isra.0;bprm_execve;load_elf_binary;elf_map;vm_mmap_pgoff;do_mmap;mmap_region;perf_event_mmap;d_path;prepend_path
0.07% do_syscall_64;__x64_sys_execve;do_execveat_common.isra.0;bprm_execve;load_elf_binary;begin_new_exec;security_bprm_committed_creds;tomoyo_bprm_committed_creds
0.01% do_syscall_64;ksys_read;vfs_read;xfs_file_read_iter;xfs_file_buffered_read;filemap_read;filemap_get_pages;folio_wait_bit_common;io_schedule;schedule;__schedule;finish_task_switch.isra.0;__perf_event_task_sched_in;__intel_pmu_enable_all.constprop.0;native_write_msr
     1.73%     0.00%  c2d      [unknown]             [.] 0000000000000000
0.29% 0;0x7f6f78ab70d9;asm_exc_page_fault;exc_page_fault;do_user_addr_fault;handle_mm_fault;__handle_mm_fault;__mem_cgroup_charge;charge_memcg;memcg_check_events;__mem_cgroup_threshold
0.29% 0;0x7ffc18d94d5d;0x7f6f78f7090f
0.28% 0;read;entry_SYSCALL_64_after_hwframe;do_syscall_64;ksys_read;vfs_read;xfs_file_read_iter;xfs_file_buffered_read;filemap_read;filemap_get_pages;page_cache_ra_order;filemap_add_folio;__filemap_add_folio;xas_store
0.28% 0;0x7f6f78ab70d9;asm_exc_page_fault;exc_page_fault;do_user_addr_fault;handle_mm_fault;__handle_mm_fault;vma_alloc_folio;__folio_alloc;__alloc_pages;get_page_from_freelist;clear_page_rep
0.27% 0;0x7f6f78ab3960
0.26% 0;read;entry_SYSCALL_64_after_hwframe;do_syscall_64;ksys_read;vfs_read;xfs_file_read_iter;xfs_file_buffered_read;filemap_read;filemap_get_pages;page_cache_ra_order;read_pages;iomap_readahead;iomap_iter;xfs_read_iomap_begin;xfs_bmapi_read;xfs_iext_lookup_extent
0.05% 0;read;entry_SYSCALL_64_after_hwframe
0.01% 0;read;entry_SYSCALL_64_after_hwframe;do_syscall_64;ksys_read;vfs_read;xfs_file_read_iter;xfs_file_buffered_read;filemap_read;filemap_get_pages;folio_wait_bit_common;io_schedule;schedule;__schedule;finish_task_switch.isra.0;__perf_event_task_sched_in;__intel_pmu_enable_all.constprop.0;native_write_msr
     1.70%     0.00%  c2d      [kernel.kallsyms]     [k] asm_exc_page_fault
0.30% asm_exc_page_fault;exc_page_fault;do_user_addr_fault;handle_mm_fault;__handle_mm_fault;do_huge_pmd_anonymous_page;mm_get_huge_zero_page
0.30% asm_exc_page_fault;exc_page_fault;do_user_addr_fault;handle_mm_fault;__handle_mm_fault;do_huge_pmd_anonymous_page;pte_alloc_one;__alloc_pages;get_page_from_freelist;rmqueue_bulk
0.29% asm_exc_page_fault;exc_page_fault;do_user_addr_fault;handle_mm_fault;__handle_mm_fault;__mem_cgroup_charge;charge_memcg;memcg_check_events;__mem_cgroup_threshold
0.28% asm_exc_page_fault;exc_page_fault;do_user_addr_fault;handle_mm_fault;__handle_mm_fault;do_fault;filemap_map_pages
0.28% asm_exc_page_fault;exc_page_fault;do_user_addr_fault;handle_mm_fault;__handle_mm_fault;vma_alloc_folio;__folio_alloc;__alloc_pages;get_page_from_freelist;clear_page_rep
0.25% asm_exc_page_fault
     1.45%     0.00%  c2d      [kernel.kallsyms]     [k] exc_page_fault
0.30% exc_page_fault;do_user_addr_fault;handle_mm_fault;__handle_mm_fault;do_huge_pmd_anonymous_page;mm_get_huge_zero_page
0.30% exc_page_fault;do_user_addr_fault;handle_mm_fault;__handle_mm_fault;do_huge_pmd_anonymous_page;pte_alloc_one;__alloc_pages;get_page_from_freelist;rmqueue_bulk
0.29% exc_page_fault;do_user_addr_fault;handle_mm_fault;__handle_mm_fault;__mem_cgroup_charge;charge_memcg;memcg_check_events;__mem_cgroup_threshold
0.28% exc_page_fault;do_user_addr_fault;handle_mm_fault;__handle_mm_fault;do_fault;filemap_map_pages
0.28% exc_page_fault;do_user_addr_fault;handle_mm_fault;__handle_mm_fault;vma_alloc_folio;__folio_alloc;__alloc_pages;get_page_from_freelist;clear_page_rep
     1.45%     0.00%  c2d      [kernel.kallsyms]     [k] do_user_addr_fault
0.30% do_user_addr_fault;handle_mm_fault;__handle_mm_fault;do_huge_pmd_anonymous_page;mm_get_huge_zero_page
0.30% do_user_addr_fault;handle_mm_fault;__handle_mm_fault;do_huge_pmd_anonymous_page;pte_alloc_one;__alloc_pages;get_page_from_freelist;rmqueue_bulk
0.29% do_user_addr_fault;handle_mm_fault;__handle_mm_fault;__mem_cgroup_charge;charge_memcg;memcg_check_events;__mem_cgroup_threshold
0.28% do_user_addr_fault;handle_mm_fault;__handle_mm_fault;do_fault;filemap_map_pages
0.28% do_user_addr_fault;handle_mm_fault;__handle_mm_fault;vma_alloc_folio;__folio_alloc;__alloc_pages;get_page_from_freelist;clear_page_rep
     1.45%     0.00%  c2d      [kernel.kallsyms]     [k] handle_mm_fault
0.30% handle_mm_fault;__handle_mm_fault;do_huge_pmd_anonymous_page;mm_get_huge_zero_page
0.30% handle_mm_fault;__handle_mm_fault;do_huge_pmd_anonymous_page;pte_alloc_one;__alloc_pages;get_page_from_freelist;rmqueue_bulk
0.29% handle_mm_fault;__handle_mm_fault;__mem_cgroup_charge;charge_memcg;memcg_check_events;__mem_cgroup_threshold
0.28% handle_mm_fault;__handle_mm_fault;do_fault;filemap_map_pages
0.28% handle_mm_fault;__handle_mm_fault;vma_alloc_folio;__folio_alloc;__alloc_pages;get_page_from_freelist;clear_page_rep
     1.45%     0.00%  c2d      [kernel.kallsyms]     [k] __handle_mm_fault
0.30% __handle_mm_fault;do_huge_pmd_anonymous_page;mm_get_huge_zero_page
0.30% __handle_mm_fault;do_huge_pmd_anonymous_page;pte_alloc_one;__alloc_pages;get_page_from_freelist;rmqueue_bulk
0.29% __handle_mm_fault;__mem_cgroup_charge;charge_memcg;memcg_check_events;__mem_cgroup_threshold
0.28% __handle_mm_fault;do_fault;filemap_map_pages
0.28% __handle_mm_fault;vma_alloc_folio;__folio_alloc;__alloc_pages;get_page_from_freelist;clear_page_rep
     0.84%     0.00%  c2d      [kernel.kallsyms]     [k] iomap_iter
0.30% iomap_iter;xfs_buffered_write_iomap_begin;xfs_qm_dqattach;xfs_qm_need_dqattach
0.28% iomap_iter;xfs_buffered_write_iomap_end;iomap_file_buffered_write_punch_delalloc
0.26% iomap_iter;xfs_read_iomap_begin;xfs_bmapi_read;xfs_iext_lookup_extent
     0.84%     0.00%  c2d      c2d                   [.] compile_cnf
0.28% compile_cnf;compile_dt;compile_dt;compile_decomposed;lookup_or_compile_dt;compile_decomposed;lookup_or_compile_dt;compile_decomposed;lookup_or_compile_dt;compile_decomposed;lookup_or_compile_dt;compile_dt;assert_cd_literal;set_literal
0.28% compile_cnf;compile_dt;compile_dt;compile_decomposed;lookup_or_compile_dt;compile_dt;compile_dt;compile_decomposed;lookup_or_compile_dt;compile_decomposed;lookup_or_compile_dt;compile_decomposed;lookup_or_compile_dt;compile_dt;compile_dt;compile_dt;compile_decomposed;lookup_or_compile_dt;compile_dt;compile_dt;undo_decide_literal;erase_level
0.28% compile_cnf;compile_dt;compile_dt;compile_decomposed;lookup_or_compile_dt;compile_dt;compile_dt;compile_decomposed;lookup_or_compile_dt;compile_decomposed;lookup_or_compile_dt;compile_decomposed;lookup_or_compile_dt;compile_dt;compile_dt;compile_dt;compile_decomposed;lookup_or_compile_dt;compile_dt;compile_dt;compile_dt;compile_decomposed;lookup_or_compile_dt;compile_dt;select_separator;update_separator_score
     0.84%     0.00%  c2d      c2d                   [.] compile_dt
0.28% compile_dt;compile_dt;compile_decomposed;lookup_or_compile_dt;compile_decomposed;lookup_or_compile_dt;compile_decomposed;lookup_or_compile_dt;compile_decomposed;lookup_or_compile_dt;compile_dt;assert_cd_literal;set_literal
0.28% compile_dt;compile_dt;compile_decomposed;lookup_or_compile_dt;compile_dt;compile_dt;compile_decomposed;lookup_or_compile_dt;compile_decomposed;lookup_or_compile_dt;compile_decomposed;lookup_or_compile_dt;compile_dt;compile_dt;compile_dt;compile_decomposed;lookup_or_compile_dt;compile_dt;compile_dt;undo_decide_literal;erase_level
0.28% compile_dt;compile_dt;compile_decomposed;lookup_or_compile_dt;compile_dt;compile_dt;compile_decomposed;lookup_or_compile_dt;compile_decomposed;lookup_or_compile_dt;compile_decomposed;lookup_or_compile_dt;compile_dt;compile_dt;compile_dt;compile_decomposed;lookup_or_compile_dt;compile_dt;compile_dt;compile_dt;compile_decomposed;lookup_or_compile_dt;compile_dt;select_separator;update_separator_score
     0.84%     0.00%  c2d      c2d                   [.] compile_decomposed
0.28% compile_decomposed;lookup_or_compile_dt;compile_decomposed;lookup_or_compile_dt;compile_decomposed;lookup_or_compile_dt;compile_decomposed;lookup_or_compile_dt;compile_dt;assert_cd_literal;set_literal
0.28% compile_decomposed;lookup_or_compile_dt;compile_dt;compile_dt;compile_decomposed;lookup_or_compile_dt;compile_decomposed;lookup_or_compile_dt;compile_decomposed;lookup_or_compile_dt;compile_dt;compile_dt;compile_dt;compile_decomposed;lookup_or_compile_dt;compile_dt;compile_dt;undo_decide_literal;erase_level
0.28% compile_decomposed;lookup_or_compile_dt;compile_dt;compile_dt;compile_decomposed;lookup_or_compile_dt;compile_decomposed;lookup_or_compile_dt;compile_decomposed;lookup_or_compile_dt;compile_dt;compile_dt;compile_dt;compile_decomposed;lookup_or_compile_dt;compile_dt;compile_dt;compile_dt;compile_decomposed;lookup_or_compile_dt;compile_dt;select_separator;update_separator_score
     0.84%     0.00%  c2d      c2d                   [.] lookup_or_compile_dt
0.28% lookup_or_compile_dt;compile_decomposed;lookup_or_compile_dt;compile_decomposed;lookup_or_compile_dt;compile_decomposed;lookup_or_compile_dt;compile_dt;assert_cd_literal;set_literal
0.28% lookup_or_compile_dt;compile_dt;compile_dt;compile_decomposed;lookup_or_compile_dt;compile_decomposed;lookup_or_compile_dt;compile_decomposed;lookup_or_compile_dt;compile_dt;compile_dt;compile_dt;compile_decomposed;lookup_or_compile_dt;compile_dt;compile_dt;undo_decide_literal;erase_level
0.28% lookup_or_compile_dt;compile_dt;compile_dt;compile_decomposed;lookup_or_compile_dt;compile_decomposed;lookup_or_compile_dt;compile_decomposed;lookup_or_compile_dt;compile_dt;compile_dt;compile_dt;compile_decomposed;lookup_or_compile_dt;compile_dt;compile_dt;compile_dt;compile_decomposed;lookup_or_compile_dt;compile_dt;select_separator;update_separator_score
     0.80%     0.00%  c2d      [unknown]             [k] 0x00007f6f78fa08a8
0.27% 0x7f6f78fa08a8;0x7f6f78f75075;0x7f6f78f8dae3;entry_SYSCALL_64_after_hwframe;do_syscall_64;ksys_mmap_pgoff;vm_mmap_pgoff;do_mmap;mmap_region;do_mas_munmap;do_mas_align_munmap;mas_prev;mas_prev_nentry
0.27% 0x7f6f78fa08a8;0x7f6f78f75075;0x7f6f78f8dae3;entry_SYSCALL_64_after_hwframe;do_syscall_64;ksys_mmap_pgoff;vm_mmap_pgoff;do_mmap;mmap_region;do_mas_munmap;do_mas_align_munmap;mas_store_prealloc;mas_update_gap
0.26% 0x7f6f78fa08a8;0x7f6f78f75193;0x7f6f78f804b8
     0.78%     0.00%  c2d      c2d                   [.] load_hdtree_from_file
0.26% load_hdtree_from_file;__isoc99_fscanf;0x7f6f78a7ef0f
0.26% load_hdtree_from_file;dtree_skeleton2hdtree;initialize_hdtree;initialize_hdtree;initialize_hdtree;initialize_hdtree;initialize_hdtree;initialize_hdtree;initialize_hdtree;initialize_hdtree;initialize_hdtree;initialize_hdtree;initialize_hdtree;initialize_hdtree;initialize_hdtree;initialize_hdtree;initialize_hdtree;initialize_hdtree;initialize_hdtree;initialize_hdtree;edges_intersection
0.25% load_hdtree_from_file;dtree_skeleton2hdtree;edges_union
     0.71%     0.00%  c2d      [kernel.kallsyms]     [k] vm_mmap_pgoff
0.27% vm_mmap_pgoff;do_mmap;mmap_region;do_mas_munmap;do_mas_align_munmap;mas_prev;mas_prev_nentry
0.27% vm_mmap_pgoff;do_mmap;mmap_region;do_mas_munmap;do_mas_align_munmap;mas_store_prealloc;mas_update_gap
0.18% vm_mmap_pgoff;do_mmap;mmap_region;perf_event_mmap;d_path;prepend_path
     0.71%     0.00%  c2d      [kernel.kallsyms]     [k] do_mmap
0.27% do_mmap;mmap_region;do_mas_munmap;do_mas_align_munmap;mas_prev;mas_prev_nentry
0.27% do_mmap;mmap_region;do_mas_munmap;do_mas_align_munmap;mas_store_prealloc;mas_update_gap
0.18% do_mmap;mmap_region;perf_event_mmap;d_path;prepend_path
     0.71%     0.00%  c2d      [kernel.kallsyms]     [k] mmap_region
0.27% mmap_region;do_mas_munmap;do_mas_align_munmap;mas_prev;mas_prev_nentry
0.27% mmap_region;do_mas_munmap;do_mas_align_munmap;mas_store_prealloc;mas_update_gap
0.18% mmap_region;perf_event_mmap;d_path;prepend_path
     0.71%     0.00%  c2d      libc.so.6             [.] __isoc99_fscanf
0.26% __isoc99_fscanf;0x7f6f78a7ef0f
0.24% __isoc99_fscanf;0x7f6f78a7f7a9
0.21% __isoc99_fscanf;0x7f6f78a7e25a
     0.60%     0.00%  c2d      [kernel.kallsyms]     [k] do_huge_pmd_anonymous_page
0.30% do_huge_pmd_anonymous_page;mm_get_huge_zero_page
0.30% do_huge_pmd_anonymous_page;pte_alloc_one;__alloc_pages;get_page_from_freelist;rmqueue_bulk
     0.60%     0.00%  c2d      libc.so.6             [.] read
0.28% read;entry_SYSCALL_64_after_hwframe;do_syscall_64;ksys_read;vfs_read;xfs_file_read_iter;xfs_file_buffered_read;filemap_read;filemap_get_pages;page_cache_ra_order;filemap_add_folio;__filemap_add_folio;xas_store
0.26% read;entry_SYSCALL_64_after_hwframe;do_syscall_64;ksys_read;vfs_read;xfs_file_read_iter;xfs_file_buffered_read;filemap_read;filemap_get_pages;page_cache_ra_order;read_pages;iomap_readahead;iomap_iter;xfs_read_iomap_begin;xfs_bmapi_read;xfs_iext_lookup_extent
0.05% read;entry_SYSCALL_64_after_hwframe
0.01% read;entry_SYSCALL_64_after_hwframe;do_syscall_64;ksys_read;vfs_read;xfs_file_read_iter;xfs_file_buffered_read;filemap_read;filemap_get_pages;folio_wait_bit_common;io_schedule;schedule;__schedule;finish_task_switch.isra.0;__perf_event_task_sched_in;__intel_pmu_enable_all.constprop.0;native_write_msr
     0.59%     0.00%  c2d      [kernel.kallsyms]     [k] __x64_sys_exit_group
0.30% __x64_sys_exit_group;do_group_exit;do_exit;__mmput;exit_mmap;free_pgtables;unlink_anon_vmas
0.30% __x64_sys_exit_group;do_group_exit;do_exit;__mmput;exit_mmap;unmap_vmas;unmap_page_range;_compound_head
     0.59%     0.00%  c2d      [kernel.kallsyms]     [k] do_group_exit
0.30% do_group_exit;do_exit;__mmput;exit_mmap;free_pgtables;unlink_anon_vmas
0.30% do_group_exit;do_exit;__mmput;exit_mmap;unmap_vmas;unmap_page_range;_compound_head
     0.59%     0.00%  c2d      [kernel.kallsyms]     [k] do_exit
0.30% do_exit;__mmput;exit_mmap;free_pgtables;unlink_anon_vmas
0.30% do_exit;__mmput;exit_mmap;unmap_vmas;unmap_page_range;_compound_head
     0.59%     0.00%  c2d      [kernel.kallsyms]     [k] __mmput
0.30% __mmput;exit_mmap;free_pgtables;unlink_anon_vmas
0.30% __mmput;exit_mmap;unmap_vmas;unmap_page_range;_compound_head
     0.59%     0.00%  c2d      [kernel.kallsyms]     [k] exit_mmap
0.30% exit_mmap;free_pgtables;unlink_anon_vmas
0.30% exit_mmap;unmap_vmas;unmap_page_range;_compound_head
     0.58%     0.00%  c2d      libc.so.6             [.] write
0.30% write;entry_SYSCALL_64_after_hwframe;do_syscall_64;ksys_write;vfs_write;xfs_file_buffered_write;iomap_file_buffered_write;iomap_iter;xfs_buffered_write_iomap_begin;xfs_qm_dqattach;xfs_qm_need_dqattach
0.28% write;entry_SYSCALL_64_after_hwframe;do_syscall_64;ksys_write;vfs_write;xfs_file_buffered_write;iomap_file_buffered_write;iomap_iter;xfs_buffered_write_iomap_end;iomap_file_buffered_write_punch_delalloc
     0.58%     0.00%  c2d      [kernel.kallsyms]     [k] ksys_write
0.30% ksys_write;vfs_write;xfs_file_buffered_write;iomap_file_buffered_write;iomap_iter;xfs_buffered_write_iomap_begin;xfs_qm_dqattach;xfs_qm_need_dqattach
0.28% ksys_write;vfs_write;xfs_file_buffered_write;iomap_file_buffered_write;iomap_iter;xfs_buffered_write_iomap_end;iomap_file_buffered_write_punch_delalloc
     0.58%     0.00%  c2d      [kernel.kallsyms]     [k] vfs_write
0.30% vfs_write;xfs_file_buffered_write;iomap_file_buffered_write;iomap_iter;xfs_buffered_write_iomap_begin;xfs_qm_dqattach;xfs_qm_need_dqattach
0.28% vfs_write;xfs_file_buffered_write;iomap_file_buffered_write;iomap_iter;xfs_buffered_write_iomap_end;iomap_file_buffered_write_punch_delalloc
     0.58%     0.00%  c2d      [xfs]                 [k] xfs_file_buffered_write
0.30% xfs_file_buffered_write;iomap_file_buffered_write;iomap_iter;xfs_buffered_write_iomap_begin;xfs_qm_dqattach;xfs_qm_need_dqattach
0.28% xfs_file_buffered_write;iomap_file_buffered_write;iomap_iter;xfs_buffered_write_iomap_end;iomap_file_buffered_write_punch_delalloc
     0.58%     0.00%  c2d      [kernel.kallsyms]     [k] iomap_file_buffered_write
0.30% iomap_file_buffered_write;iomap_iter;xfs_buffered_write_iomap_begin;xfs_qm_dqattach;xfs_qm_need_dqattach
0.28% iomap_file_buffered_write;iomap_iter;xfs_buffered_write_iomap_end;iomap_file_buffered_write_punch_delalloc
     0.58%     0.00%  c2d      [kernel.kallsyms]     [k] __alloc_pages
0.30% __alloc_pages;get_page_from_freelist;rmqueue_bulk
0.28% __alloc_pages;get_page_from_freelist;clear_page_rep
     0.58%     0.00%  c2d      [kernel.kallsyms]     [k] get_page_from_freelist
0.30% get_page_from_freelist;rmqueue_bulk
0.28% get_page_from_freelist;clear_page_rep
     0.57%     0.00%  c2d      libc.so.6             [.] 0x00007f6f78ab70d9
0.29% 0x7f6f78ab70d9;asm_exc_page_fault;exc_page_fault;do_user_addr_fault;handle_mm_fault;__handle_mm_fault;__mem_cgroup_charge;charge_memcg;memcg_check_events;__mem_cgroup_threshold
0.28% 0x7f6f78ab70d9;asm_exc_page_fault;exc_page_fault;do_user_addr_fault;handle_mm_fault;__handle_mm_fault;vma_alloc_folio;__folio_alloc;__alloc_pages;get_page_from_freelist;clear_page_rep
     0.57%     0.57%  c2d      ld-linux-x86-64.so.2  [.] 0x000000000000e354
0.57% 0x7f6f78f87a58;0x7f6f78f8722f;0x7f6f78f8ac99;0x7f6f78f7b35a
     0.57%     0.00%  c2d      ld-linux-x86-64.so.2  [.] 0x00007f6f78f87a58
0.57% 0x7f6f78f87a58;0x7f6f78f8722f;0x7f6f78f8ac99;0x7f6f78f7b35a
     0.57%     0.00%  c2d      ld-linux-x86-64.so.2  [.] 0x00007f6f78f8722f
0.57% 0x7f6f78f8722f;0x7f6f78f8ac99;0x7f6f78f7b35a
     0.57%     0.00%  c2d      ld-linux-x86-64.so.2  [.] 0x00007f6f78f8ac99
0.57% 0x7f6f78f8ac99;0x7f6f78f7b35a
     0.57%     0.00%  c2d      ld-linux-x86-64.so.2  [.] 0x00007f6f78f7b35a
0.57% 0x7f6f78f7b35a
     0.55%     0.00%  c2d      [kernel.kallsyms]     [k] ksys_read
0.28% ksys_read;vfs_read;xfs_file_read_iter;xfs_file_buffered_read;filemap_read;filemap_get_pages;page_cache_ra_order;filemap_add_folio;__filemap_add_folio;xas_store
0.26% ksys_read;vfs_read;xfs_file_read_iter;xfs_file_buffered_read;filemap_read;filemap_get_pages;page_cache_ra_order;read_pages;iomap_readahead;iomap_iter;xfs_read_iomap_begin;xfs_bmapi_read;xfs_iext_lookup_extent
0.01% ksys_read;vfs_read;xfs_file_read_iter;xfs_file_buffered_read;filemap_read;filemap_get_pages;folio_wait_bit_common;io_schedule;schedule;__schedule;finish_task_switch.isra.0;__perf_event_task_sched_in;__intel_pmu_enable_all.constprop.0;native_write_msr
     0.55%     0.00%  c2d      [kernel.kallsyms]     [k] vfs_read
0.28% vfs_read;xfs_file_read_iter;xfs_file_buffered_read;filemap_read;filemap_get_pages;page_cache_ra_order;filemap_add_folio;__filemap_add_folio;xas_store
0.26% vfs_read;xfs_file_read_iter;xfs_file_buffered_read;filemap_read;filemap_get_pages;page_cache_ra_order;read_pages;iomap_readahead;iomap_iter;xfs_read_iomap_begin;xfs_bmapi_read;xfs_iext_lookup_extent
0.01% vfs_read;xfs_file_read_iter;xfs_file_buffered_read;filemap_read;filemap_get_pages;folio_wait_bit_common;io_schedule;schedule;__schedule;finish_task_switch.isra.0;__perf_event_task_sched_in;__intel_pmu_enable_all.constprop.0;native_write_msr
     0.55%     0.00%  c2d      [xfs]                 [k] xfs_file_read_iter
0.28% xfs_file_read_iter;xfs_file_buffered_read;filemap_read;filemap_get_pages;page_cache_ra_order;filemap_add_folio;__filemap_add_folio;xas_store
0.26% xfs_file_read_iter;xfs_file_buffered_read;filemap_read;filemap_get_pages;page_cache_ra_order;read_pages;iomap_readahead;iomap_iter;xfs_read_iomap_begin;xfs_bmapi_read;xfs_iext_lookup_extent
0.01% xfs_file_read_iter;xfs_file_buffered_read;filemap_read;filemap_get_pages;folio_wait_bit_common;io_schedule;schedule;__schedule;finish_task_switch.isra.0;__perf_event_task_sched_in;__intel_pmu_enable_all.constprop.0;native_write_msr
     0.55%     0.00%  c2d      [xfs]                 [k] xfs_file_buffered_read
0.28% xfs_file_buffered_read;filemap_read;filemap_get_pages;page_cache_ra_order;filemap_add_folio;__filemap_add_folio;xas_store
0.26% xfs_file_buffered_read;filemap_read;filemap_get_pages;page_cache_ra_order;read_pages;iomap_readahead;iomap_iter;xfs_read_iomap_begin;xfs_bmapi_read;xfs_iext_lookup_extent
0.01% xfs_file_buffered_read;filemap_read;filemap_get_pages;folio_wait_bit_common;io_schedule;schedule;__schedule;finish_task_switch.isra.0;__perf_event_task_sched_in;__intel_pmu_enable_all.constprop.0;native_write_msr
     0.55%     0.00%  c2d      [kernel.kallsyms]     [k] filemap_read
0.28% filemap_read;filemap_get_pages;page_cache_ra_order;filemap_add_folio;__filemap_add_folio;xas_store
0.26% filemap_read;filemap_get_pages;page_cache_ra_order;read_pages;iomap_readahead;iomap_iter;xfs_read_iomap_begin;xfs_bmapi_read;xfs_iext_lookup_extent
0.01% filemap_read;filemap_get_pages;folio_wait_bit_common;io_schedule;schedule;__schedule;finish_task_switch.isra.0;__perf_event_task_sched_in;__intel_pmu_enable_all.constprop.0;native_write_msr
     0.55%     0.00%  c2d      [kernel.kallsyms]     [k] filemap_get_pages
0.28% filemap_get_pages;page_cache_ra_order;filemap_add_folio;__filemap_add_folio;xas_store
0.26% filemap_get_pages;page_cache_ra_order;read_pages;iomap_readahead;iomap_iter;xfs_read_iomap_begin;xfs_bmapi_read;xfs_iext_lookup_extent
0.01% filemap_get_pages;folio_wait_bit_common;io_schedule;schedule;__schedule;finish_task_switch.isra.0;__perf_event_task_sched_in;__intel_pmu_enable_all.constprop.0;native_write_msr
     0.54%     0.00%  c2d      ld-linux-x86-64.so.2  [.] 0x00007f6f78f75075
0.27% 0x7f6f78f75075;0x7f6f78f8dae3;entry_SYSCALL_64_after_hwframe;do_syscall_64;ksys_mmap_pgoff;vm_mmap_pgoff;do_mmap;mmap_region;do_mas_munmap;do_mas_align_munmap;mas_prev;mas_prev_nentry
0.27% 0x7f6f78f75075;0x7f6f78f8dae3;entry_SYSCALL_64_after_hwframe;do_syscall_64;ksys_mmap_pgoff;vm_mmap_pgoff;do_mmap;mmap_region;do_mas_munmap;do_mas_align_munmap;mas_store_prealloc;mas_update_gap
     0.54%     0.00%  c2d      ld-linux-x86-64.so.2  [.] 0x00007f6f78f8dae3
0.27% 0x7f6f78f8dae3;entry_SYSCALL_64_after_hwframe;do_syscall_64;ksys_mmap_pgoff;vm_mmap_pgoff;do_mmap;mmap_region;do_mas_munmap;do_mas_align_munmap;mas_prev;mas_prev_nentry
0.27% 0x7f6f78f8dae3;entry_SYSCALL_64_after_hwframe;do_syscall_64;ksys_mmap_pgoff;vm_mmap_pgoff;do_mmap;mmap_region;do_mas_munmap;do_mas_align_munmap;mas_store_prealloc;mas_update_gap
     0.54%     0.00%  c2d      [kernel.kallsyms]     [k] ksys_mmap_pgoff
0.27% ksys_mmap_pgoff;vm_mmap_pgoff;do_mmap;mmap_region;do_mas_munmap;do_mas_align_munmap;mas_prev;mas_prev_nentry
0.27% ksys_mmap_pgoff;vm_mmap_pgoff;do_mmap;mmap_region;do_mas_munmap;do_mas_align_munmap;mas_store_prealloc;mas_update_gap
     0.54%     0.00%  c2d      [kernel.kallsyms]     [k] do_mas_munmap
0.27% do_mas_munmap;do_mas_align_munmap;mas_prev;mas_prev_nentry
0.27% do_mas_munmap;do_mas_align_munmap;mas_store_prealloc;mas_update_gap
     0.54%     0.00%  c2d      [kernel.kallsyms]     [k] do_mas_align_munmap
0.27% do_mas_align_munmap;mas_prev;mas_prev_nentry
0.27% do_mas_align_munmap;mas_store_prealloc;mas_update_gap
     0.54%     0.00%  c2d      [kernel.kallsyms]     [k] page_cache_ra_order
0.28% page_cache_ra_order;filemap_add_folio;__filemap_add_folio;xas_store
0.26% page_cache_ra_order;read_pages;iomap_readahead;iomap_iter;xfs_read_iomap_begin;xfs_bmapi_read;xfs_iext_lookup_extent
     0.51%     0.00%  c2d      c2d                   [.] dtree_skeleton2hdtree
0.26% dtree_skeleton2hdtree;initialize_hdtree;initialize_hdtree;initialize_hdtree;initialize_hdtree;initialize_hdtree;initialize_hdtree;initialize_hdtree;initialize_hdtree;initialize_hdtree;initialize_hdtree;initialize_hdtree;initialize_hdtree;initialize_hdtree;initialize_hdtree;initialize_hdtree;initialize_hdtree;initialize_hdtree;initialize_hdtree;edges_intersection
0.25% dtree_skeleton2hdtree;edges_union
     0.30%     0.30%  c2d      [kernel.kallsyms]     [k] mm_get_huge_zero_page
0.30% 0x7f6f78a4624a;main;cnf2ddnnf_cmd_line;free_cache_manager;asm_exc_page_fault;exc_page_fault;do_user_addr_fault;handle_mm_fault;__handle_mm_fault;do_huge_pmd_anonymous_page;mm_get_huge_zero_page
     0.30%     0.30%  c2d      [kernel.kallsyms]     [k] rmqueue_bulk
0.30% 0x7f6f78a4624a;main;cnf2ddnnf_cmd_line;free_cache_manager;asm_exc_page_fault;exc_page_fault;do_user_addr_fault;handle_mm_fault;__handle_mm_fault;do_huge_pmd_anonymous_page;pte_alloc_one;__alloc_pages;get_page_from_freelist;rmqueue_bulk
     0.30%     0.00%  c2d      [kernel.kallsyms]     [k] pte_alloc_one
0.30% pte_alloc_one;__alloc_pages;get_page_from_freelist;rmqueue_bulk
     0.30%     0.30%  c2d      libc.so.6             [.] 0x0000000000096189
0.30% 0x1;0x7f6f78ab518f
     0.30%     0.00%  c2d      [unknown]             [.] 0x0000000000000001
0.30% 0x1;0x7f6f78ab518f
     0.30%     0.00%  c2d      libc.so.6             [.] 0x00007f6f78ab518f
0.30% 0x7f6f78ab518f
     0.30%     0.30%  c2d      [xfs]                 [k] xfs_qm_need_dqattach
0.30% 0x67616e616d20464e;write;entry_SYSCALL_64_after_hwframe;do_syscall_64;ksys_write;vfs_write;xfs_file_buffered_write;iomap_file_buffered_write;iomap_iter;xfs_buffered_write_iomap_begin;xfs_qm_dqattach;xfs_qm_need_dqattach
     0.30%     0.00%  c2d      [unknown]             [k] 0x67616e616d20464e
0.30% 0x67616e616d20464e;write;entry_SYSCALL_64_after_hwframe;do_syscall_64;ksys_write;vfs_write;xfs_file_buffered_write;iomap_file_buffered_write;iomap_iter;xfs_buffered_write_iomap_begin;xfs_qm_dqattach;xfs_qm_need_dqattach
     0.30%     0.00%  c2d      [xfs]                 [k] xfs_buffered_write_iomap_begin
0.30% xfs_buffered_write_iomap_begin;xfs_qm_dqattach;xfs_qm_need_dqattach
     0.30%     0.00%  c2d      [xfs]                 [k] xfs_qm_dqattach
0.30% xfs_qm_dqattach;xfs_qm_need_dqattach
     0.30%     0.30%  c2d      [kernel.kallsyms]     [k] unlink_anon_vmas
0.30% entry_SYSCALL_64_after_hwframe;do_syscall_64;__x64_sys_exit_group;do_group_exit;do_exit;__mmput;exit_mmap;free_pgtables;unlink_anon_vmas
     0.30%     0.00%  c2d      [kernel.kallsyms]     [k] free_pgtables
0.30% free_pgtables;unlink_anon_vmas
     0.30%     0.30%  c2d      [kernel.kallsyms]     [k] _compound_head
0.30% entry_SYSCALL_64_after_hwframe;do_syscall_64;__x64_sys_exit_group;do_group_exit;do_exit;__mmput;exit_mmap;unmap_vmas;unmap_page_range;_compound_head
     0.30%     0.00%  c2d      [kernel.kallsyms]     [k] unmap_vmas
0.30% unmap_vmas;unmap_page_range;_compound_head
     0.30%     0.00%  c2d      [kernel.kallsyms]     [k] unmap_page_range
0.30% unmap_page_range;_compound_head
     0.29%     0.29%  c2d      [kernel.kallsyms]     [k] __mem_cgroup_threshold
0.29% 0;0x7f6f78ab70d9;asm_exc_page_fault;exc_page_fault;do_user_addr_fault;handle_mm_fault;__handle_mm_fault;__mem_cgroup_charge;charge_memcg;memcg_check_events;__mem_cgroup_threshold
     0.29%     0.00%  c2d      [kernel.kallsyms]     [k] __mem_cgroup_charge
0.29% __mem_cgroup_charge;charge_memcg;memcg_check_events;__mem_cgroup_threshold
     0.29%     0.00%  c2d      [kernel.kallsyms]     [k] charge_memcg
0.29% charge_memcg;memcg_check_events;__mem_cgroup_threshold
     0.29%     0.00%  c2d      [kernel.kallsyms]     [k] memcg_check_events
0.29% memcg_check_events;__mem_cgroup_threshold
     0.29%     0.29%  c2d      ld-linux-x86-64.so.2  [.] 0x0000000000003909
0.29% 0;0x7ffc18d94d5d;0x7f6f78f7090f
     0.29%     0.00%  c2d      [vdso]                [.] 0x00007ffc18d94d5d
0.29% 0x7ffc18d94d5d;0x7f6f78f7090f
     0.29%     0.00%  c2d      ld-linux-x86-64.so.2  [.] 0x00007f6f78f7090f
0.29% 0x7f6f78f7090f
     0.29%     0.29%  c2d      ld-linux-x86-64.so.2  [.] 0x0000000000009947
0.29% 0x18e320;0x7f6f78c7a758;0x7f6f78f7694a
     0.29%     0.00%  c2d      [unknown]             [.] 0x000000000018e320
0.29% 0x18e320;0x7f6f78c7a758;0x7f6f78f7694a
     0.29%     0.00%  c2d      [unknown]             [.] 0x00007f6f78c7a758
0.29% 0x7f6f78c7a758;0x7f6f78f7694a
     0.29%     0.00%  c2d      ld-linux-x86-64.so.2  [.] 0x00007f6f78f7694a
0.29% 0x7f6f78f7694a
     0.28%     0.28%  c2d      [kernel.kallsyms]     [k] iomap_file_buffered_write_punch_delalloc
0.28% 0x656572746420676e;write;entry_SYSCALL_64_after_hwframe;do_syscall_64;ksys_write;vfs_write;xfs_file_buffered_write;iomap_file_buffered_write;iomap_iter;xfs_buffered_write_iomap_end;iomap_file_buffered_write_punch_delalloc
     0.28%     0.00%  c2d      [unknown]             [k] 0x656572746420676e
0.28% 0x656572746420676e;write;entry_SYSCALL_64_after_hwframe;do_syscall_64;ksys_write;vfs_write;xfs_file_buffered_write;iomap_file_buffered_write;iomap_iter;xfs_buffered_write_iomap_end;iomap_file_buffered_write_punch_delalloc
     0.28%     0.00%  c2d      [xfs]                 [k] xfs_buffered_write_iomap_end
0.28% xfs_buffered_write_iomap_end;iomap_file_buffered_write_punch_delalloc
     0.28%     0.28%  c2d      c2d                   [.] set_literal
0.28% 0x7f6f78a4624a;main;cnf2ddnnf_cmd_line;compile_cnf;compile_dt;compile_dt;compile_decomposed;lookup_or_compile_dt;compile_decomposed;lookup_or_compile_dt;compile_decomposed;lookup_or_compile_dt;compile_decomposed;lookup_or_compile_dt;compile_dt;assert_cd_literal;set_literal
     0.28%     0.00%  c2d      c2d                   [.] assert_cd_literal
0.28% assert_cd_literal;set_literal
     0.28%     0.28%  c2d      c2d                   [.] free_hdtree
0.28% 0x7f6f78a4624a;main;cnf2ddnnf_cmd_line;free_hdtree;free_hdtree;free_hdtree;free_hdtree;free_hdtree;free_hdtree;free_hdtree;free_hdtree;free_hdtree;free_hdtree;free_hdtree;free_hdtree;free_hdtree;free_hdtree;free_hdtree;free_hdtree
     0.28%     0.28%  c2d      c2d                   [.] erase_level
0.28% 0x7f6f78a4624a;main;cnf2ddnnf_cmd_line;compile_cnf;compile_dt;compile_dt;compile_decomposed;lookup_or_compile_dt;compile_dt;compile_dt;compile_decomposed;lookup_or_compile_dt;compile_decomposed;lookup_or_compile_dt;compile_decomposed;lookup_or_compile_dt;compile_dt;compile_dt;compile_dt;compile_decomposed;lookup_or_compile_dt;compile_dt;compile_dt;undo_decide_literal;erase_level
     0.28%     0.00%  c2d      c2d                   [.] undo_decide_literal
0.28% undo_decide_literal;erase_level
     0.28%     0.28%  c2d      ld-linux-x86-64.so.2  [.] 0x000000000000906c
0.28% 0x7f6f78f76070
     0.28%     0.00%  c2d      ld-linux-x86-64.so.2  [.] 0x00007f6f78f76070
0.28% 0x7f6f78f76070
     0.28%     0.28%  c2d      [kernel.kallsyms]     [k] xas_store
0.28% 0;read;entry_SYSCALL_64_after_hwframe;do_syscall_64;ksys_read;vfs_read;xfs_file_read_iter;xfs_file_buffered_read;filemap_read;filemap_get_pages;page_cache_ra_order;filemap_add_folio;__filemap_add_folio;xas_store
     0.28%     0.00%  c2d      [kernel.kallsyms]     [k] filemap_add_folio
0.28% filemap_add_folio;__filemap_add_folio;xas_store
     0.28%     0.00%  c2d      [kernel.kallsyms]     [k] __filemap_add_folio
0.28% __filemap_add_folio;xas_store
     0.28%     0.28%  c2d      c2d                   [.] fill_separators
0.28% 0x7f6f78a4624a;main;cnf2ddnnf_cmd_line;construct_dtree_manager;initialize_dtree_separators;fill_separators;fill_separators;fill_separators;fill_separators;fill_separators;fill_separators;fill_separators;fill_separators
     0.28%     0.00%  c2d      c2d                   [.] construct_dtree_manager
0.28% construct_dtree_manager;initialize_dtree_separators;fill_separators;fill_separators;fill_separators;fill_separators;fill_separators;fill_separators;fill_separators;fill_separators
     0.28%     0.00%  c2d      c2d                   [.] initialize_dtree_separators
0.28% initialize_dtree_separators;fill_separators;fill_separators;fill_separators;fill_separators;fill_separators;fill_separators;fill_separators;fill_separators
     0.28%     0.28%  c2d      c2d                   [.] update_separator_score
0.28% 0x7f6f78a4624a;main;cnf2ddnnf_cmd_line;compile_cnf;compile_dt;compile_dt;compile_decomposed;lookup_or_compile_dt;compile_dt;compile_dt;compile_decomposed;lookup_or_compile_dt;compile_decomposed;lookup_or_compile_dt;compile_decomposed;lookup_or_compile_dt;compile_dt;compile_dt;compile_dt;compile_decomposed;lookup_or_compile_dt;compile_dt;compile_dt;compile_dt;compile_decomposed;lookup_or_compile_dt;compile_dt;select_separator;update_separator_score
     0.28%     0.00%  c2d      c2d                   [.] select_separator
0.28% select_separator;update_separator_score
     0.28%     0.28%  c2d      [kernel.kallsyms]     [k] filemap_map_pages
0.28% 0x4810c08348001696;__cxxabiv1::__vmi_class_type_info::~__vmi_class_type_info;0x7f6f78d9d318;__cxxabiv1::__vmi_class_type_info::__do_dyncast;asm_exc_page_fault;exc_page_fault;do_user_addr_fault;handle_mm_fault;__handle_mm_fault;do_fault;filemap_map_pages
     0.28%     0.00%  c2d      [unknown]             [k] 0x4810c08348001696
0.28% 0x4810c08348001696;__cxxabiv1::__vmi_class_type_info::~__vmi_class_type_info;0x7f6f78d9d318;__cxxabiv1::__vmi_class_type_info::__do_dyncast;asm_exc_page_fault;exc_page_fault;do_user_addr_fault;handle_mm_fault;__handle_mm_fault;do_fault;filemap_map_pages
     0.28%     0.00%  c2d      libstdc++.so.6.0.30   [.] __cxxabiv1::__vmi_class_type_info::~__vmi_class_type_info
0.28% __cxxabiv1::__vmi_class_type_info::~__vmi_class_type_info;0x7f6f78d9d318;__cxxabiv1::__vmi_class_type_info::__do_dyncast;asm_exc_page_fault;exc_page_fault;do_user_addr_fault;handle_mm_fault;__handle_mm_fault;do_fault;filemap_map_pages
     0.28%     0.00%  c2d      [unknown]             [.] 0x00007f6f78d9d318
0.28% 0x7f6f78d9d318;__cxxabiv1::__vmi_class_type_info::__do_dyncast;asm_exc_page_fault;exc_page_fault;do_user_addr_fault;handle_mm_fault;__handle_mm_fault;do_fault;filemap_map_pages
     0.28%     0.00%  c2d      libstdc++.so.6.0.30   [.] __cxxabiv1::__vmi_class_type_info::__do_dyncast
0.28% __cxxabiv1::__vmi_class_type_info::__do_dyncast;asm_exc_page_fault;exc_page_fault;do_user_addr_fault;handle_mm_fault;__handle_mm_fault;do_fault;filemap_map_pages
     0.28%     0.00%  c2d      [kernel.kallsyms]     [k] do_fault
0.28% do_fault;filemap_map_pages
     0.28%     0.28%  c2d      [kernel.kallsyms]     [k] clear_page_rep
0.28% 0;0x7f6f78ab70d9;asm_exc_page_fault;exc_page_fault;do_user_addr_fault;handle_mm_fault;__handle_mm_fault;vma_alloc_folio;__folio_alloc;__alloc_pages;get_page_from_freelist;clear_page_rep
     0.28%     0.00%  c2d      [kernel.kallsyms]     [k] vma_alloc_folio
0.28% vma_alloc_folio;__folio_alloc;__alloc_pages;get_page_from_freelist;clear_page_rep
     0.28%     0.00%  c2d      [kernel.kallsyms]     [k] __folio_alloc
0.28% __folio_alloc;__alloc_pages;get_page_from_freelist;clear_page_rep
     0.27%     0.27%  c2d      ld-linux-x86-64.so.2  [.] 0x0000000000009016
0.27% 0x7f6f78f76019
     0.27%     0.00%  c2d      ld-linux-x86-64.so.2  [.] 0x00007f6f78f76019
0.27% 0x7f6f78f76019
     0.27%     0.27%  c2d      libc.so.6             [.] 0x0000000000098068
0.27% 0;0x7f6f78ab3960
     0.27%     0.00%  c2d      libc.so.6             [.] 0x00007f6f78ab3960
0.27% 0x7f6f78ab3960
     0.27%     0.27%  c2d      [kernel.kallsyms]     [k] mas_prev_nentry
0.27% 0x7f6f78fa08a8;0x7f6f78f75075;0x7f6f78f8dae3;entry_SYSCALL_64_after_hwframe;do_syscall_64;ksys_mmap_pgoff;vm_mmap_pgoff;do_mmap;mmap_region;do_mas_munmap;do_mas_align_munmap;mas_prev;mas_prev_nentry
     0.27%     0.00%  c2d      [kernel.kallsyms]     [k] mas_prev
0.27% mas_prev;mas_prev_nentry
     0.27%     0.27%  c2d      c2d                   [.] initialize_clause
0.27% 0x7f6f78a4624a;main;cnf2ddnnf_cmd_line;construct_cnf_manager;construct_cnf_clauses;initialize_clause
     0.27%     0.00%  c2d      c2d                   [.] construct_cnf_manager
0.27% construct_cnf_manager;construct_cnf_clauses;initialize_clause
     0.27%     0.00%  c2d      c2d                   [.] construct_cnf_clauses
0.27% construct_cnf_clauses;initialize_clause
     0.27%     0.27%  c2d      [kernel.kallsyms]     [k] mas_update_gap
0.27% 0x7f6f78fa08a8;0x7f6f78f75075;0x7f6f78f8dae3;entry_SYSCALL_64_after_hwframe;do_syscall_64;ksys_mmap_pgoff;vm_mmap_pgoff;do_mmap;mmap_region;do_mas_munmap;do_mas_align_munmap;mas_store_prealloc;mas_update_gap
     0.27%     0.00%  c2d      [kernel.kallsyms]     [k] mas_store_prealloc
0.27% mas_store_prealloc;mas_update_gap
     0.26%     0.26%  c2d      libc.so.6             [.] 0x000000000005ff08
0.26% 0x7f6f78a4624a;main;cnf2ddnnf_cmd_line;load_hdtree_from_file;__isoc99_fscanf;0x7f6f78a7ef0f
     0.26%     0.00%  c2d      libc.so.6             [.] 0x00007f6f78a7ef0f
0.26% 0x7f6f78a7ef0f
     0.26%     0.26%  c2d      c2d                   [.] edges_intersection
0.26% 0x7f6f78a4624a;main;cnf2ddnnf_cmd_line;load_hdtree_from_file;dtree_skeleton2hdtree;initialize_hdtree;initialize_hdtree;initialize_hdtree;initialize_hdtree;initialize_hdtree;initialize_hdtree;initialize_hdtree;initialize_hdtree;initialize_hdtree;initialize_hdtree;initialize_hdtree;initialize_hdtree;initialize_hdtree;initialize_hdtree;initialize_hdtree;initialize_hdtree;initialize_hdtree;initialize_hdtree;edges_intersection
     0.26%     0.00%  c2d      c2d                   [.] initialize_hdtree
0.26% initialize_hdtree;initialize_hdtree;initialize_hdtree;initialize_hdtree;initialize_hdtree;initialize_hdtree;initialize_hdtree;initialize_hdtree;initialize_hdtree;initialize_hdtree;initialize_hdtree;initialize_hdtree;initialize_hdtree;initialize_hdtree;initialize_hdtree;initialize_hdtree;initialize_hdtree;initialize_hdtree;edges_intersection
     0.26%     0.26%  c2d      [xfs]                 [k] xfs_iext_lookup_extent
0.26% 0;read;entry_SYSCALL_64_after_hwframe;do_syscall_64;ksys_read;vfs_read;xfs_file_read_iter;xfs_file_buffered_read;filemap_read;filemap_get_pages;page_cache_ra_order;read_pages;iomap_readahead;iomap_iter;xfs_read_iomap_begin;xfs_bmapi_read;xfs_iext_lookup_extent
     0.26%     0.00%  c2d      [kernel.kallsyms]     [k] read_pages
0.26% read_pages;iomap_readahead;iomap_iter;xfs_read_iomap_begin;xfs_bmapi_read;xfs_iext_lookup_extent
     0.26%     0.00%  c2d      [kernel.kallsyms]     [k] iomap_readahead
0.26% iomap_readahead;iomap_iter;xfs_read_iomap_begin;xfs_bmapi_read;xfs_iext_lookup_extent
     0.26%     0.00%  c2d      [xfs]                 [k] xfs_read_iomap_begin
0.26% xfs_read_iomap_begin;xfs_bmapi_read;xfs_iext_lookup_extent
     0.26%     0.00%  c2d      [xfs]                 [k] xfs_bmapi_read
0.26% xfs_bmapi_read;xfs_iext_lookup_extent
     0.26%     0.26%  c2d      [kernel.kallsyms]     [k] native_irq_return_iret
0.26% 0x7f6f78fa08a8;0x7f6f78f75193;0x7f6f78f804b8
     0.26%     0.00%  c2d      ld-linux-x86-64.so.2  [.] 0x00007f6f78f75193
0.26% 0x7f6f78f75193;0x7f6f78f804b8
     0.26%     0.00%  c2d      ld-linux-x86-64.so.2  [.] 0x00007f6f78f804b8
0.26% 0x7f6f78f804b8
     0.26%     0.26%  c2d      libc.so.6             [.] malloc
0.26% malloc
     0.25%     0.25%  c2d      c2d                   [.] edges_union
0.25% 0x7f6f78a4624a;main;cnf2ddnnf_cmd_line;load_hdtree_from_file;dtree_skeleton2hdtree;edges_union
     0.25%     0.25%  c2d      libc.so.6             [.] 0x00000000000980d9
0.25% 0x7f6f78a4624a;main;cnf2ddnnf_cmd_line;0x7f6f78ac26c7;asm_exc_page_fault
     0.25%     0.00%  c2d      libc.so.6             [.] 0x00007f6f78ac26c7
0.25% 0x7f6f78ac26c7;asm_exc_page_fault
     0.24%     0.00%  c2d      [unknown]             [k] 0x00007efe46688a97
0.18% 0x7efe46688a97;entry_SYSCALL_64_after_hwframe;do_syscall_64;__x64_sys_execve;do_execveat_common.isra.0;bprm_execve;load_elf_binary;elf_map;vm_mmap_pgoff;do_mmap;mmap_region;perf_event_mmap;d_path;prepend_path
0.07% 0x7efe46688a97;entry_SYSCALL_64_after_hwframe;do_syscall_64;__x64_sys_execve;do_execveat_common.isra.0;bprm_execve;load_elf_binary;begin_new_exec;security_bprm_committed_creds;tomoyo_bprm_committed_creds
     0.24%     0.00%  c2d      [kernel.kallsyms]     [k] __x64_sys_execve
0.18% __x64_sys_execve;do_execveat_common.isra.0;bprm_execve;load_elf_binary;elf_map;vm_mmap_pgoff;do_mmap;mmap_region;perf_event_mmap;d_path;prepend_path
0.07% __x64_sys_execve;do_execveat_common.isra.0;bprm_execve;load_elf_binary;begin_new_exec;security_bprm_committed_creds;tomoyo_bprm_committed_creds
     0.24%     0.00%  c2d      [kernel.kallsyms]     [k] do_execveat_common.isra.0
0.18% do_execveat_common.isra.0;bprm_execve;load_elf_binary;elf_map;vm_mmap_pgoff;do_mmap;mmap_region;perf_event_mmap;d_path;prepend_path
0.07% do_execveat_common.isra.0;bprm_execve;load_elf_binary;begin_new_exec;security_bprm_committed_creds;tomoyo_bprm_committed_creds
     0.24%     0.00%  c2d      [kernel.kallsyms]     [k] bprm_execve
0.18% bprm_execve;load_elf_binary;elf_map;vm_mmap_pgoff;do_mmap;mmap_region;perf_event_mmap;d_path;prepend_path
0.07% bprm_execve;load_elf_binary;begin_new_exec;security_bprm_committed_creds;tomoyo_bprm_committed_creds
     0.24%     0.00%  c2d      [kernel.kallsyms]     [k] load_elf_binary
0.18% load_elf_binary;elf_map;vm_mmap_pgoff;do_mmap;mmap_region;perf_event_mmap;d_path;prepend_path
0.07% load_elf_binary;begin_new_exec;security_bprm_committed_creds;tomoyo_bprm_committed_creds
     0.24%     0.24%  c2d      [kernel.kallsyms]     [k] mntput_no_expire
0.24% 0x7f6f78f87a50;entry_SYSCALL_64_after_hwframe;do_syscall_64;syscall_exit_to_user_mode;exit_to_user_mode_prepare;task_work_run;__fput;mntput_no_expire
     0.24%     0.00%  c2d      ld-linux-x86-64.so.2  [.] 0x00007f6f78f87a50
0.24% 0x7f6f78f87a50;entry_SYSCALL_64_after_hwframe;do_syscall_64;syscall_exit_to_user_mode;exit_to_user_mode_prepare;task_work_run;__fput;mntput_no_expire
     0.24%     0.00%  c2d      [kernel.kallsyms]     [k] syscall_exit_to_user_mode
0.24% syscall_exit_to_user_mode;exit_to_user_mode_prepare;task_work_run;__fput;mntput_no_expire
     0.24%     0.00%  c2d      [kernel.kallsyms]     [k] exit_to_user_mode_prepare
0.24% exit_to_user_mode_prepare;task_work_run;__fput;mntput_no_expire
     0.24%     0.00%  c2d      [kernel.kallsyms]     [k] task_work_run
0.24% task_work_run;__fput;mntput_no_expire
     0.24%     0.00%  c2d      [kernel.kallsyms]     [k] __fput
0.24% __fput;mntput_no_expire
     0.24%     0.24%  c2d      libc.so.6             [.] 0x00000000000607a2
0.24% 0x7f6f78a4624a;main;__isoc99_fscanf;0x7f6f78a7f7a9
     0.24%     0.00%  c2d      libc.so.6             [.] 0x00007f6f78a7f7a9
0.24% 0x7f6f78a7f7a9
     0.21%     0.21%  c2d      libc.so.6             [.] 0x000000000005f254
0.21% 0x7f6f78a4624a;main;__isoc99_fscanf;0x7f6f78a7e25a
     0.21%     0.00%  c2d      libc.so.6             [.] 0x00007f6f78a7e25a
0.21% 0x7f6f78a7e25a
     0.18%     0.18%  c2d      [kernel.kallsyms]     [k] prepend_path
0.18% 0x7efe46688a97;entry_SYSCALL_64_after_hwframe;do_syscall_64;__x64_sys_execve;do_execveat_common.isra.0;bprm_execve;load_elf_binary;elf_map;vm_mmap_pgoff;do_mmap;mmap_region;perf_event_mmap;d_path;prepend_path
     0.18%     0.00%  c2d      [kernel.kallsyms]     [k] elf_map
0.18% elf_map;vm_mmap_pgoff;do_mmap;mmap_region;perf_event_mmap;d_path;prepend_path
     0.18%     0.00%  c2d      [kernel.kallsyms]     [k] perf_event_mmap
0.18% perf_event_mmap;d_path;prepend_path
     0.18%     0.00%  c2d      [kernel.kallsyms]     [k] d_path
0.18% d_path;prepend_path
     0.13%     0.13%  c2d      libc.so.6             [.] 0x00000000000633c3
0.13% 0x6b6e550a00642520;__isoc99_sscanf;0x7f6f78a823cd
     0.13%     0.00%  c2d      [unknown]             [.] 0x6b6e550a00642520
0.13% 0x6b6e550a00642520;__isoc99_sscanf;0x7f6f78a823cd
     0.13%     0.00%  c2d      libc.so.6             [.] __isoc99_sscanf
0.13% __isoc99_sscanf;0x7f6f78a823cd
     0.13%     0.00%  c2d      libc.so.6             [.] 0x00007f6f78a823cd
0.13% 0x7f6f78a823cd
     0.07%     0.07%  c2d      [kernel.kallsyms]     [k] tomoyo_bprm_committed_creds
0.07% 0x7efe46688a97;entry_SYSCALL_64_after_hwframe;do_syscall_64;__x64_sys_execve;do_execveat_common.isra.0;bprm_execve;load_elf_binary;begin_new_exec;security_bprm_committed_creds;tomoyo_bprm_committed_creds
     0.07%     0.00%  c2d      [kernel.kallsyms]     [k] begin_new_exec
0.07% begin_new_exec;security_bprm_committed_creds;tomoyo_bprm_committed_creds
     0.07%     0.00%  c2d      [kernel.kallsyms]     [k] security_bprm_committed_creds
0.07% security_bprm_committed_creds;tomoyo_bprm_committed_creds
     0.02%     0.00%  perf-ex  [unknown]             [k] 0x00007efe46688a97
0.01% 0x7efe46688a97;entry_SYSCALL_64_after_hwframe;do_syscall_64;__x64_sys_execve;do_execveat_common.isra.0;bprm_execve;load_elf_binary;begin_new_exec;perf_event_exec
     0.02%     0.00%  perf-ex  [kernel.kallsyms]     [k] entry_SYSCALL_64_after_hwframe
0.01% entry_SYSCALL_64_after_hwframe;do_syscall_64;__x64_sys_execve;do_execveat_common.isra.0;bprm_execve;load_elf_binary;begin_new_exec;perf_event_exec
     0.02%     0.01%  perf-ex  [kernel.kallsyms]     [k] perf_event_exec
0.01% 0x7efe46688a97;entry_SYSCALL_64_after_hwframe;do_syscall_64;__x64_sys_execve;do_execveat_common.isra.0;bprm_execve;load_elf_binary;begin_new_exec;perf_event_exec
     0.02%     0.00%  perf-ex  [kernel.kallsyms]     [k] do_syscall_64
0.01% do_syscall_64;__x64_sys_execve;do_execveat_common.isra.0;bprm_execve;load_elf_binary;begin_new_exec;perf_event_exec
     0.02%     0.00%  perf-ex  [kernel.kallsyms]     [k] __x64_sys_execve
0.01% __x64_sys_execve;do_execveat_common.isra.0;bprm_execve;load_elf_binary;begin_new_exec;perf_event_exec
     0.02%     0.00%  perf-ex  [kernel.kallsyms]     [k] do_execveat_common.isra.0
0.01% do_execveat_common.isra.0;bprm_execve;load_elf_binary;begin_new_exec;perf_event_exec
     0.02%     0.00%  perf-ex  [kernel.kallsyms]     [k] bprm_execve
0.01% bprm_execve;load_elf_binary;begin_new_exec;perf_event_exec
     0.02%     0.00%  perf-ex  [kernel.kallsyms]     [k] load_elf_binary
0.01% load_elf_binary;begin_new_exec;perf_event_exec
     0.02%     0.00%  perf-ex  [kernel.kallsyms]     [k] begin_new_exec
0.01% begin_new_exec;perf_event_exec
     0.01%     0.00%  c2d      [kernel.kallsyms]     [k] native_write_msr
0.01% native_write_msr
     0.01%     0.00%  c2d      [kernel.kallsyms]     [k] folio_wait_bit_common
0.01% folio_wait_bit_common;io_schedule;schedule;__schedule;finish_task_switch.isra.0;__perf_event_task_sched_in;__intel_pmu_enable_all.constprop.0;native_write_msr
     0.01%     0.00%  c2d      [kernel.kallsyms]     [k] io_schedule
0.01% io_schedule;schedule;__schedule;finish_task_switch.isra.0;__perf_event_task_sched_in;__intel_pmu_enable_all.constprop.0;native_write_msr
     0.01%     0.00%  c2d      [kernel.kallsyms]     [k] schedule
0.01% schedule;__schedule;finish_task_switch.isra.0;__perf_event_task_sched_in;__intel_pmu_enable_all.constprop.0;native_write_msr
     0.01%     0.00%  c2d      [kernel.kallsyms]     [k] __schedule
0.01% __schedule;finish_task_switch.isra.0;__perf_event_task_sched_in;__intel_pmu_enable_all.constprop.0;native_write_msr
     0.01%     0.00%  c2d      [kernel.kallsyms]     [k] finish_task_switch.isra.0
0.01% finish_task_switch.isra.0;__perf_event_task_sched_in;__intel_pmu_enable_all.constprop.0;native_write_msr
     0.01%     0.00%  c2d      [kernel.kallsyms]     [k] __perf_event_task_sched_in
0.01% __perf_event_task_sched_in;__intel_pmu_enable_all.constprop.0;native_write_msr
     0.01%     0.00%  c2d      [kernel.kallsyms]     [k] __intel_pmu_enable_all.constprop.0
0.01% __intel_pmu_enable_all.constprop.0;native_write_msr
     0.01%     0.01%  c2d      [kernel.kallsyms]     [k] ghes_notify_nmi
0.01% 0;read;entry_SYSCALL_64_after_hwframe;do_syscall_64;ksys_read;vfs_read;xfs_file_read_iter;xfs_file_buffered_read;filemap_read;filemap_get_pages;folio_wait_bit_common;io_schedule;schedule;__schedule;finish_task_switch.isra.0;__perf_event_task_sched_in;__intel_pmu_enable_all.constprop.0;native_write_msr
     0.00%     0.00%  perf-ex  [kernel.kallsyms]     [k] native_write_msr
     0.00%     0.00%  perf-ex  [kernel.kallsyms]     [k] __intel_pmu_enable_all.constprop.0
     0.00%     0.00%  perf-ex  [kernel.kallsyms]     [k] native_flush_tlb_one_user
     0.00%     0.00%  c2d      [kernel.kallsyms]     [k] ghes_copy_tofrom_phys
     0.00%     0.00%  perf-ex  [kernel.kallsyms]     [k] nmi_cpu_backtrace
     0.00%     0.00%  c2d      [kernel.kallsyms]     [k] nmi_cpu_backtrace_handler


#
# (Tip: See assembly instructions with percentage: perf annotate <symbol>)
#
