# To display the perf.data header info, please use --header/--header-only options.
#
#
# Total Lost Samples: 0
#
# Samples: 372  of event 'cycles'
# Event count (approx.): 249589498
#
# Children      Self  Command  Shared Object         Symbol                                
# ........  ........  .......  ....................  ......................................
#
    93.07%     0.00%  c2d      libc.so.6             [.] 0x00007fbbf916724a
88.82% 0x7fbbf916724a;main;cnf2ddnnf_cmd_line;free_cache_manager
0.29% 0x7fbbf916724a;main;cnf2ddnnf_cmd_line;free_cache_manager;asm_exc_page_fault;exc_page_fault;do_user_addr_fault;handle_mm_fault;count_memcg_events.constprop.0;__count_memcg_events;cgroup_rstat_updated
0.29% 0x7fbbf916724a;main;cnf2ddnnf_cmd_line;free_cache_manager;asm_common_interrupt;common_interrupt;__irq_exit_rcu;handle_softirqs;net_rx_action;__napi_poll;igb_poll
0.29% 0x7fbbf916724a;main;cnf2ddnnf_cmd_line;free_cache_manager;asm_exc_page_fault;exc_page_fault;do_user_addr_fault;handle_mm_fault;__handle_mm_fault;do_huge_pmd_anonymous_page;pte_alloc_one;__alloc_pages;__memcg_kmem_charge_page;try_charge_memcg
0.29% 0x7fbbf916724a;main;cnf2ddnnf_cmd_line;free_cache_manager;asm_exc_page_fault;exc_page_fault;do_user_addr_fault;lock_mm_and_find_vma;find_vma;mt_find;mtree_range_walk
0.29% 0x7fbbf916724a;main;cnf2ddnnf_cmd_line;free_cache_manager;error_entry;sync_regs
0.29% 0x7fbbf916724a;main;cnf2ddnnf_cmd_line;free_cache_manager;asm_exc_page_fault;exc_page_fault;do_user_addr_fault;handle_mm_fault;__handle_mm_fault
0.29% 0x7fbbf916724a;main;cnf2ddnnf_cmd_line;free_cache_manager;asm_exc_page_fault;exc_page_fault;do_user_addr_fault;up_read
0.28% 0x7fbbf916724a;main;cnf2ddnnf_cmd_line;free_cache_manager;asm_exc_page_fault;exc_page_fault
0.28% 0x7fbbf916724a;main;cnf2ddnnf_cmd_line;compile_cnf;compile_dt;compile_dt;compile_dt;compile_decomposed;lookup_or_compile_dt;compile_dt;compile_dt;compile_dt;compile_decomposed;lookup_or_compile_dt;compile_dt;undo_decide_literal;erase_level
0.27% 0x7fbbf916724a;main;0x7fbbf919c43a
0.26% 0x7fbbf916724a;main;cnf2ddnnf_cmd_line;construct_dtree_manager;initialize_dtree_separators;order_var_clauses_based_on_dtree;traverse_dtree;traverse_dtree;traverse_dtree;traverse_dtree;traverse_dtree;traverse_dtree;traverse_dtree;traverse_dtree;traverse_dtree;traverse_dtree;traverse_dtree;traverse_dtree;traverse_dtree;traverse_dtree;traverse_dtree;traverse_dtree
0.25% 0x7fbbf916724a;main;cnf2ddnnf_cmd_line;construct_cnf_manager;0x7fbbf91e36c7;error_entry
0.24% 0x7fbbf916724a;main;cnf2ddnnf_cmd_line;load_hdtree_from_file;__isoc99_fscanf;0x7fbbf919ebe5
0.24% 0x7fbbf916724a;main;cnf2ddnnf_cmd_line;load_hdtree_from_file;dtree_skeleton2hdtree;initialize_hdtree;initialize_hdtree;initialize_hdtree;initialize_hdtree;initialize_hdtree;initialize_hdtree;initialize_hdtree;initialize_hdtree;initialize_hdtree;initialize_hdtree;initialize_hdtree;initialize_hdtree;edges_intersection
0.23% 0x7fbbf916724a;main;cnf2ddnnf_cmd_line;load_hdtree_from_file;dtree_skeleton2hdtree;edges_union
0.17% 0x7fbbf916724a;main;isspace
    93.07%     0.00%  c2d      c2d                   [.] main
88.82% main;cnf2ddnnf_cmd_line;free_cache_manager
0.29% main;cnf2ddnnf_cmd_line;free_cache_manager;asm_exc_page_fault;exc_page_fault;do_user_addr_fault;handle_mm_fault;count_memcg_events.constprop.0;__count_memcg_events;cgroup_rstat_updated
0.29% main;cnf2ddnnf_cmd_line;free_cache_manager;asm_common_interrupt;common_interrupt;__irq_exit_rcu;handle_softirqs;net_rx_action;__napi_poll;igb_poll
0.29% main;cnf2ddnnf_cmd_line;free_cache_manager;asm_exc_page_fault;exc_page_fault;do_user_addr_fault;handle_mm_fault;__handle_mm_fault;do_huge_pmd_anonymous_page;pte_alloc_one;__alloc_pages;__memcg_kmem_charge_page;try_charge_memcg
0.29% main;cnf2ddnnf_cmd_line;free_cache_manager;asm_exc_page_fault;exc_page_fault;do_user_addr_fault;lock_mm_and_find_vma;find_vma;mt_find;mtree_range_walk
0.29% main;cnf2ddnnf_cmd_line;free_cache_manager;error_entry;sync_regs
0.29% main;cnf2ddnnf_cmd_line;free_cache_manager;asm_exc_page_fault;exc_page_fault;do_user_addr_fault;handle_mm_fault;__handle_mm_fault
0.29% main;cnf2ddnnf_cmd_line;free_cache_manager;asm_exc_page_fault;exc_page_fault;do_user_addr_fault;up_read
0.28% main;cnf2ddnnf_cmd_line;free_cache_manager;asm_exc_page_fault;exc_page_fault
0.28% main;cnf2ddnnf_cmd_line;compile_cnf;compile_dt;compile_dt;compile_dt;compile_decomposed;lookup_or_compile_dt;compile_dt;compile_dt;compile_dt;compile_decomposed;lookup_or_compile_dt;compile_dt;undo_decide_literal;erase_level
0.27% main;0x7fbbf919c43a
0.26% main;cnf2ddnnf_cmd_line;construct_dtree_manager;initialize_dtree_separators;order_var_clauses_based_on_dtree;traverse_dtree;traverse_dtree;traverse_dtree;traverse_dtree;traverse_dtree;traverse_dtree;traverse_dtree;traverse_dtree;traverse_dtree;traverse_dtree;traverse_dtree;traverse_dtree;traverse_dtree;traverse_dtree;traverse_dtree;traverse_dtree
0.25% main;cnf2ddnnf_cmd_line;construct_cnf_manager;0x7fbbf91e36c7;error_entry
0.24% main;cnf2ddnnf_cmd_line;load_hdtree_from_file;__isoc99_fscanf;0x7fbbf919ebe5
0.24% main;cnf2ddnnf_cmd_line;load_hdtree_from_file;dtree_skeleton2hdtree;initialize_hdtree;initialize_hdtree;initialize_hdtree;initialize_hdtree;initialize_hdtree;initialize_hdtree;initialize_hdtree;initialize_hdtree;initialize_hdtree;initialize_hdtree;initialize_hdtree;initialize_hdtree;edges_intersection
0.23% main;cnf2ddnnf_cmd_line;load_hdtree_from_file;dtree_skeleton2hdtree;edges_union
0.17% main;isspace
    92.63%     0.00%  c2d      c2d                   [.] cnf2ddnnf_cmd_line
88.82% cnf2ddnnf_cmd_line;free_cache_manager
0.29% cnf2ddnnf_cmd_line;free_cache_manager;asm_exc_page_fault;exc_page_fault;do_user_addr_fault;handle_mm_fault;count_memcg_events.constprop.0;__count_memcg_events;cgroup_rstat_updated
0.29% cnf2ddnnf_cmd_line;free_cache_manager;asm_common_interrupt;common_interrupt;__irq_exit_rcu;handle_softirqs;net_rx_action;__napi_poll;igb_poll
0.29% cnf2ddnnf_cmd_line;free_cache_manager;asm_exc_page_fault;exc_page_fault;do_user_addr_fault;handle_mm_fault;__handle_mm_fault;do_huge_pmd_anonymous_page;pte_alloc_one;__alloc_pages;__memcg_kmem_charge_page;try_charge_memcg
0.29% cnf2ddnnf_cmd_line;free_cache_manager;asm_exc_page_fault;exc_page_fault;do_user_addr_fault;lock_mm_and_find_vma;find_vma;mt_find;mtree_range_walk
0.29% cnf2ddnnf_cmd_line;free_cache_manager;error_entry;sync_regs
0.29% cnf2ddnnf_cmd_line;free_cache_manager;asm_exc_page_fault;exc_page_fault;do_user_addr_fault;handle_mm_fault;__handle_mm_fault
0.29% cnf2ddnnf_cmd_line;free_cache_manager;asm_exc_page_fault;exc_page_fault;do_user_addr_fault;up_read
0.28% cnf2ddnnf_cmd_line;free_cache_manager;asm_exc_page_fault;exc_page_fault
0.28% cnf2ddnnf_cmd_line;compile_cnf;compile_dt;compile_dt;compile_dt;compile_decomposed;lookup_or_compile_dt;compile_dt;compile_dt;compile_dt;compile_decomposed;lookup_or_compile_dt;compile_dt;undo_decide_literal;erase_level
0.26% cnf2ddnnf_cmd_line;construct_dtree_manager;initialize_dtree_separators;order_var_clauses_based_on_dtree;traverse_dtree;traverse_dtree;traverse_dtree;traverse_dtree;traverse_dtree;traverse_dtree;traverse_dtree;traverse_dtree;traverse_dtree;traverse_dtree;traverse_dtree;traverse_dtree;traverse_dtree;traverse_dtree;traverse_dtree;traverse_dtree
0.25% cnf2ddnnf_cmd_line;construct_cnf_manager;0x7fbbf91e36c7;error_entry
0.24% cnf2ddnnf_cmd_line;load_hdtree_from_file;__isoc99_fscanf;0x7fbbf919ebe5
0.24% cnf2ddnnf_cmd_line;load_hdtree_from_file;dtree_skeleton2hdtree;initialize_hdtree;initialize_hdtree;initialize_hdtree;initialize_hdtree;initialize_hdtree;initialize_hdtree;initialize_hdtree;initialize_hdtree;initialize_hdtree;initialize_hdtree;initialize_hdtree;initialize_hdtree;edges_intersection
0.23% cnf2ddnnf_cmd_line;load_hdtree_from_file;dtree_skeleton2hdtree;edges_union
    91.12%    88.82%  c2d      c2d                   [.] free_cache_manager
88.82% 0x7fbbf916724a;main;cnf2ddnnf_cmd_line;free_cache_manager
0.29% free_cache_manager;asm_exc_page_fault;exc_page_fault;do_user_addr_fault;handle_mm_fault;count_memcg_events.constprop.0;__count_memcg_events;cgroup_rstat_updated
0.29% free_cache_manager;asm_common_interrupt;common_interrupt;__irq_exit_rcu;handle_softirqs;net_rx_action;__napi_poll;igb_poll
0.29% free_cache_manager;asm_exc_page_fault;exc_page_fault;do_user_addr_fault;handle_mm_fault;__handle_mm_fault;do_huge_pmd_anonymous_page;pte_alloc_one;__alloc_pages;__memcg_kmem_charge_page;try_charge_memcg
0.29% free_cache_manager;asm_exc_page_fault;exc_page_fault;do_user_addr_fault;lock_mm_and_find_vma;find_vma;mt_find;mtree_range_walk
0.29% free_cache_manager;error_entry;sync_regs
0.29% free_cache_manager;asm_exc_page_fault;exc_page_fault;do_user_addr_fault;handle_mm_fault;__handle_mm_fault
0.29% free_cache_manager;asm_exc_page_fault;exc_page_fault;do_user_addr_fault;up_read
0.28% free_cache_manager;asm_exc_page_fault;exc_page_fault
     3.61%     0.00%  c2d      [kernel.kallsyms]     [k] asm_exc_page_fault
0.60% asm_exc_page_fault;exc_page_fault;do_user_addr_fault;handle_mm_fault;__handle_mm_fault;do_fault;filemap_map_pages;next_uptodate_page
0.29% asm_exc_page_fault;exc_page_fault;do_user_addr_fault;handle_mm_fault;count_memcg_events.constprop.0;__count_memcg_events;cgroup_rstat_updated
0.29% asm_exc_page_fault;exc_page_fault;do_user_addr_fault;handle_mm_fault;__handle_mm_fault;do_huge_pmd_anonymous_page;pte_alloc_one;__alloc_pages;__memcg_kmem_charge_page;try_charge_memcg
0.29% asm_exc_page_fault;exc_page_fault;do_user_addr_fault;lock_mm_and_find_vma;find_vma;mt_find;mtree_range_walk
0.29% asm_exc_page_fault;exc_page_fault;do_user_addr_fault;handle_mm_fault;__handle_mm_fault
0.29% asm_exc_page_fault;exc_page_fault;do_user_addr_fault;up_read
0.28% asm_exc_page_fault;exc_page_fault
0.28% asm_exc_page_fault;exc_page_fault;do_user_addr_fault;handle_mm_fault;count_memcg_events.constprop.0;__count_memcg_events
0.28% asm_exc_page_fault;exc_page_fault;do_user_addr_fault;handle_mm_fault;__handle_mm_fault;do_fault;xfs_filemap_map_pages;filemap_map_pages;do_set_pte;page_add_file_rmap
0.26% asm_exc_page_fault;exc_page_fault;do_user_addr_fault;handle_mm_fault;__handle_mm_fault;do_fault;filemap_map_pages;do_set_pte;page_add_file_rmap
0.26% asm_exc_page_fault;exc_page_fault;do_user_addr_fault;lock_mm_and_find_vma;find_vma;mt_find
0.23% asm_exc_page_fault;exc_page_fault;do_user_addr_fault;handle_mm_fault;__handle_mm_fault;do_fault;xfs_filemap_map_pages;filemap_map_pages;next_uptodate_page
     3.61%     0.28%  c2d      [kernel.kallsyms]     [k] exc_page_fault
0.60% exc_page_fault;do_user_addr_fault;handle_mm_fault;__handle_mm_fault;do_fault;filemap_map_pages;next_uptodate_page
0.29% exc_page_fault;do_user_addr_fault;handle_mm_fault;count_memcg_events.constprop.0;__count_memcg_events;cgroup_rstat_updated
0.29% exc_page_fault;do_user_addr_fault;handle_mm_fault;__handle_mm_fault;do_huge_pmd_anonymous_page;pte_alloc_one;__alloc_pages;__memcg_kmem_charge_page;try_charge_memcg
0.29% exc_page_fault;do_user_addr_fault;lock_mm_and_find_vma;find_vma;mt_find;mtree_range_walk
0.29% exc_page_fault;do_user_addr_fault;handle_mm_fault;__handle_mm_fault
0.29% exc_page_fault;do_user_addr_fault;up_read
0.28% 0x7fbbf916724a;main;cnf2ddnnf_cmd_line;free_cache_manager;asm_exc_page_fault;exc_page_fault
0.28% exc_page_fault;do_user_addr_fault;handle_mm_fault;count_memcg_events.constprop.0;__count_memcg_events
0.28% exc_page_fault;do_user_addr_fault;handle_mm_fault;__handle_mm_fault;do_fault;xfs_filemap_map_pages;filemap_map_pages;do_set_pte;page_add_file_rmap
0.26% exc_page_fault;do_user_addr_fault;handle_mm_fault;__handle_mm_fault;do_fault;filemap_map_pages;do_set_pte;page_add_file_rmap
0.26% exc_page_fault;do_user_addr_fault;lock_mm_and_find_vma;find_vma;mt_find
0.23% exc_page_fault;do_user_addr_fault;handle_mm_fault;__handle_mm_fault;do_fault;xfs_filemap_map_pages;filemap_map_pages;next_uptodate_page
     3.34%     0.00%  c2d      [kernel.kallsyms]     [k] do_user_addr_fault
0.60% do_user_addr_fault;handle_mm_fault;__handle_mm_fault;do_fault;filemap_map_pages;next_uptodate_page
0.29% do_user_addr_fault;handle_mm_fault;count_memcg_events.constprop.0;__count_memcg_events;cgroup_rstat_updated
0.29% do_user_addr_fault;handle_mm_fault;__handle_mm_fault;do_huge_pmd_anonymous_page;pte_alloc_one;__alloc_pages;__memcg_kmem_charge_page;try_charge_memcg
0.29% do_user_addr_fault;lock_mm_and_find_vma;find_vma;mt_find;mtree_range_walk
0.29% do_user_addr_fault;handle_mm_fault;__handle_mm_fault
0.29% do_user_addr_fault;up_read
0.28% do_user_addr_fault;handle_mm_fault;count_memcg_events.constprop.0;__count_memcg_events
0.28% do_user_addr_fault;handle_mm_fault;__handle_mm_fault;do_fault;xfs_filemap_map_pages;filemap_map_pages;do_set_pte;page_add_file_rmap
0.26% do_user_addr_fault;handle_mm_fault;__handle_mm_fault;do_fault;filemap_map_pages;do_set_pte;page_add_file_rmap
0.26% do_user_addr_fault;lock_mm_and_find_vma;find_vma;mt_find
0.23% do_user_addr_fault;handle_mm_fault;__handle_mm_fault;do_fault;xfs_filemap_map_pages;filemap_map_pages;next_uptodate_page
     2.67%     0.00%  c2d      [kernel.kallsyms]     [k] entry_SYSCALL_64_after_hwframe
0.29% entry_SYSCALL_64_after_hwframe;do_syscall_64;__x64_sys_exit_group;do_group_exit;do_exit;__mmput;exit_mmap;unmap_vmas;unmap_page_range;__tlb_remove_page_size;__get_free_pages;__alloc_pages;get_page_from_freelist
0.29% entry_SYSCALL_64_after_hwframe;do_syscall_64;__x64_sys_exit_group;do_group_exit;do_exit;__mmput;exit_mmap;unmap_vmas;unmap_page_range;_compound_head
0.29% entry_SYSCALL_64_after_hwframe;do_syscall_64;__x64_sys_exit_group;do_group_exit;do_exit;__mmput;exit_mmap;kmem_cache_free
0.28% entry_SYSCALL_64_after_hwframe;do_syscall_64;ksys_read;vfs_read;xfs_file_read_iter;xfs_file_buffered_read;filemap_read;filemap_get_pages;folio_wait_bit_common;io_schedule;schedule;__schedule;pick_next_task_fair;newidle_balance;update_blocked_averages;__update_load_avg_cfs_rq
0.28% entry_SYSCALL_64_after_hwframe;do_syscall_64;__x64_sys_mprotect;do_mprotect_pkey;mprotect_fixup;__split_vma;__vma_adjust;vma_interval_tree_remove
0.25% entry_SYSCALL_64_after_hwframe;do_syscall_64;ksys_mmap_pgoff;vm_mmap_pgoff;do_mmap;mmap_region;vm_area_alloc;kmem_cache_alloc;memset
0.25% entry_SYSCALL_64_after_hwframe;do_syscall_64;ksys_mmap_pgoff;vm_mmap_pgoff;do_mmap;mmap_region;do_mas_munmap;do_mas_align_munmap;mas_preallocate;mas_alloc_nodes
0.24% entry_SYSCALL_64_after_hwframe;do_syscall_64;__x64_sys_openat;do_sys_openat2;getname_flags.part.0;kmem_cache_alloc
0.24% entry_SYSCALL_64_after_hwframe;do_syscall_64;__x64_sys_openat;do_sys_openat2;getname
0.17% entry_SYSCALL_64_after_hwframe;do_syscall_64;__x64_sys_execve;do_execveat_common.isra.0;bprm_execve;load_elf_binary;elf_map;vm_mmap_pgoff;do_mmap;mmap_region;mas_preallocate;mas_alloc_nodes;kmem_cache_alloc_bulk;memset
0.07% entry_SYSCALL_64_after_hwframe;do_syscall_64;__x64_sys_execve;do_execveat_common.isra.0;bprm_execve;load_elf_binary;setup_new_exec;arch_setup_new_exec
0.04% entry_SYSCALL_64_after_hwframe;do_syscall_64;syscall_exit_to_user_mode;exit_to_user_mode_prepare;switch_fpu_return
0.01% entry_SYSCALL_64_after_hwframe;do_syscall_64;ksys_read;vfs_read;xfs_file_read_iter;xfs_file_buffered_read;filemap_read;filemap_get_pages;folio_wait_bit_common;io_schedule;schedule;__schedule;finish_task_switch.isra.0;__perf_event_task_sched_in;__intel_pmu_enable_all.constprop.0;native_write_msr
     2.67%     0.00%  c2d      [kernel.kallsyms]     [k] do_syscall_64
0.29% do_syscall_64;__x64_sys_exit_group;do_group_exit;do_exit;__mmput;exit_mmap;unmap_vmas;unmap_page_range;__tlb_remove_page_size;__get_free_pages;__alloc_pages;get_page_from_freelist
0.29% do_syscall_64;__x64_sys_exit_group;do_group_exit;do_exit;__mmput;exit_mmap;unmap_vmas;unmap_page_range;_compound_head
0.29% do_syscall_64;__x64_sys_exit_group;do_group_exit;do_exit;__mmput;exit_mmap;kmem_cache_free
0.28% do_syscall_64;ksys_read;vfs_read;xfs_file_read_iter;xfs_file_buffered_read;filemap_read;filemap_get_pages;folio_wait_bit_common;io_schedule;schedule;__schedule;pick_next_task_fair;newidle_balance;update_blocked_averages;__update_load_avg_cfs_rq
0.28% do_syscall_64;__x64_sys_mprotect;do_mprotect_pkey;mprotect_fixup;__split_vma;__vma_adjust;vma_interval_tree_remove
0.25% do_syscall_64;ksys_mmap_pgoff;vm_mmap_pgoff;do_mmap;mmap_region;vm_area_alloc;kmem_cache_alloc;memset
0.25% do_syscall_64;ksys_mmap_pgoff;vm_mmap_pgoff;do_mmap;mmap_region;do_mas_munmap;do_mas_align_munmap;mas_preallocate;mas_alloc_nodes
0.24% do_syscall_64;__x64_sys_openat;do_sys_openat2;getname_flags.part.0;kmem_cache_alloc
0.24% do_syscall_64;__x64_sys_openat;do_sys_openat2;getname
0.17% do_syscall_64;__x64_sys_execve;do_execveat_common.isra.0;bprm_execve;load_elf_binary;elf_map;vm_mmap_pgoff;do_mmap;mmap_region;mas_preallocate;mas_alloc_nodes;kmem_cache_alloc_bulk;memset
0.07% do_syscall_64;__x64_sys_execve;do_execveat_common.isra.0;bprm_execve;load_elf_binary;setup_new_exec;arch_setup_new_exec
0.04% do_syscall_64;syscall_exit_to_user_mode;exit_to_user_mode_prepare;switch_fpu_return
0.01% do_syscall_64;ksys_read;vfs_read;xfs_file_read_iter;xfs_file_buffered_read;filemap_read;filemap_get_pages;folio_wait_bit_common;io_schedule;schedule;__schedule;finish_task_switch.isra.0;__perf_event_task_sched_in;__intel_pmu_enable_all.constprop.0;native_write_msr
     2.50%     0.00%  c2d      [kernel.kallsyms]     [k] handle_mm_fault
0.60% handle_mm_fault;__handle_mm_fault;do_fault;filemap_map_pages;next_uptodate_page
0.29% handle_mm_fault;count_memcg_events.constprop.0;__count_memcg_events;cgroup_rstat_updated
0.29% handle_mm_fault;__handle_mm_fault;do_huge_pmd_anonymous_page;pte_alloc_one;__alloc_pages;__memcg_kmem_charge_page;try_charge_memcg
0.29% handle_mm_fault;__handle_mm_fault
0.28% handle_mm_fault;count_memcg_events.constprop.0;__count_memcg_events
0.28% handle_mm_fault;__handle_mm_fault;do_fault;xfs_filemap_map_pages;filemap_map_pages;do_set_pte;page_add_file_rmap
0.26% handle_mm_fault;__handle_mm_fault;do_fault;filemap_map_pages;do_set_pte;page_add_file_rmap
0.23% handle_mm_fault;__handle_mm_fault;do_fault;xfs_filemap_map_pages;filemap_map_pages;next_uptodate_page
     1.93%     0.29%  c2d      [kernel.kallsyms]     [k] __handle_mm_fault
0.60% __handle_mm_fault;do_fault;filemap_map_pages;next_uptodate_page
0.29% __handle_mm_fault;do_huge_pmd_anonymous_page;pte_alloc_one;__alloc_pages;__memcg_kmem_charge_page;try_charge_memcg
0.29% 0x7fbbf916724a;main;cnf2ddnnf_cmd_line;free_cache_manager;asm_exc_page_fault;exc_page_fault;do_user_addr_fault;handle_mm_fault;__handle_mm_fault
0.28% __handle_mm_fault;do_fault;xfs_filemap_map_pages;filemap_map_pages;do_set_pte;page_add_file_rmap
0.26% __handle_mm_fault;do_fault;filemap_map_pages;do_set_pte;page_add_file_rmap
0.23% __handle_mm_fault;do_fault;xfs_filemap_map_pages;filemap_map_pages;next_uptodate_page
     1.56%     0.00%  c2d      [unknown]             [k] 0000000000000000
0.28% 0;read;entry_SYSCALL_64_after_hwframe;do_syscall_64;ksys_read;vfs_read;xfs_file_read_iter;xfs_file_buffered_read;filemap_read;filemap_get_pages;folio_wait_bit_common;io_schedule;schedule;__schedule;pick_next_task_fair;newidle_balance;update_blocked_averages;__update_load_avg_cfs_rq
0.28% 0;_IO_file_doallocate;asm_exc_page_fault;exc_page_fault;do_user_addr_fault;handle_mm_fault;count_memcg_events.constprop.0;__count_memcg_events
0.26% 0;0x7fbbf91d7375
0.26% 0;0x7fbbf91d80d9;asm_exc_page_fault;exc_page_fault;do_user_addr_fault;lock_mm_and_find_vma;find_vma;mt_find
0.23% 0;_IO_fflush;__gmp_default_allocate;asm_exc_page_fault;exc_page_fault;do_user_addr_fault;handle_mm_fault;__handle_mm_fault;do_fault;xfs_filemap_map_pages;filemap_map_pages;next_uptodate_page
0.21% 0;0x7fbbf91d7587
0.04% 0;read;entry_SYSCALL_64_after_hwframe;do_syscall_64;syscall_exit_to_user_mode;exit_to_user_mode_prepare;switch_fpu_return
0.01% 0;read;entry_SYSCALL_64_after_hwframe;do_syscall_64;ksys_read;vfs_read;xfs_file_read_iter;xfs_file_buffered_read;filemap_read;filemap_get_pages;folio_wait_bit_common;io_schedule;schedule;__schedule;finish_task_switch.isra.0;__perf_event_task_sched_in;__intel_pmu_enable_all.constprop.0;native_write_msr
     1.36%     0.00%  c2d      [kernel.kallsyms]     [k] do_fault
0.60% do_fault;filemap_map_pages;next_uptodate_page
0.28% do_fault;xfs_filemap_map_pages;filemap_map_pages;do_set_pte;page_add_file_rmap
0.26% do_fault;filemap_map_pages;do_set_pte;page_add_file_rmap
0.23% do_fault;xfs_filemap_map_pages;filemap_map_pages;next_uptodate_page
     1.36%     0.00%  c2d      [kernel.kallsyms]     [k] filemap_map_pages
0.82% filemap_map_pages;next_uptodate_page
0.54% filemap_map_pages;do_set_pte;page_add_file_rmap
     0.86%     0.00%  c2d      [kernel.kallsyms]     [k] __x64_sys_exit_group
0.29% __x64_sys_exit_group;do_group_exit;do_exit;__mmput;exit_mmap;unmap_vmas;unmap_page_range;__tlb_remove_page_size;__get_free_pages;__alloc_pages;get_page_from_freelist
0.29% __x64_sys_exit_group;do_group_exit;do_exit;__mmput;exit_mmap;unmap_vmas;unmap_page_range;_compound_head
0.29% __x64_sys_exit_group;do_group_exit;do_exit;__mmput;exit_mmap;kmem_cache_free
     0.86%     0.00%  c2d      [kernel.kallsyms]     [k] do_group_exit
0.29% do_group_exit;do_exit;__mmput;exit_mmap;unmap_vmas;unmap_page_range;__tlb_remove_page_size;__get_free_pages;__alloc_pages;get_page_from_freelist
0.29% do_group_exit;do_exit;__mmput;exit_mmap;unmap_vmas;unmap_page_range;_compound_head
0.29% do_group_exit;do_exit;__mmput;exit_mmap;kmem_cache_free
     0.86%     0.00%  c2d      [kernel.kallsyms]     [k] do_exit
0.29% do_exit;__mmput;exit_mmap;unmap_vmas;unmap_page_range;__tlb_remove_page_size;__get_free_pages;__alloc_pages;get_page_from_freelist
0.29% do_exit;__mmput;exit_mmap;unmap_vmas;unmap_page_range;_compound_head
0.29% do_exit;__mmput;exit_mmap;kmem_cache_free
     0.86%     0.00%  c2d      [kernel.kallsyms]     [k] __mmput
0.29% __mmput;exit_mmap;unmap_vmas;unmap_page_range;__tlb_remove_page_size;__get_free_pages;__alloc_pages;get_page_from_freelist
0.29% __mmput;exit_mmap;unmap_vmas;unmap_page_range;_compound_head
0.29% __mmput;exit_mmap;kmem_cache_free
     0.86%     0.00%  c2d      [kernel.kallsyms]     [k] exit_mmap
0.29% exit_mmap;unmap_vmas;unmap_page_range;__tlb_remove_page_size;__get_free_pages;__alloc_pages;get_page_from_freelist
0.29% exit_mmap;unmap_vmas;unmap_page_range;_compound_head
0.29% exit_mmap;kmem_cache_free
     0.82%     0.82%  c2d      [kernel.kallsyms]     [k] next_uptodate_page
0.27% 0x1a14d0;0x7fbbf947a758;0x7fbbf96a0947;asm_exc_page_fault;exc_page_fault;do_user_addr_fault;handle_mm_fault;__handle_mm_fault;do_fault;filemap_map_pages;next_uptodate_page
0.23% 0;_IO_fflush;__gmp_default_allocate;asm_exc_page_fault;exc_page_fault;do_user_addr_fault;handle_mm_fault;__handle_mm_fault;do_fault;xfs_filemap_map_pages;filemap_map_pages;next_uptodate_page
0.22% 0x7fbbf96b1a50;asm_exc_page_fault;exc_page_fault;do_user_addr_fault;handle_mm_fault;__handle_mm_fault;do_fault;filemap_map_pages;next_uptodate_page
0.10% 0x6b6e550a00642520;__isoc99_sscanf;0x7fbbf91a3883;asm_exc_page_fault;exc_page_fault;do_user_addr_fault;handle_mm_fault;__handle_mm_fault;do_fault;filemap_map_pages;next_uptodate_page
     0.81%     0.00%  c2d      ld-linux-x86-64.so.2  [.] 0x00007fbbf96b1a58
0.28% 0x7fbbf96b1a58;0x7fbbf96b122f;0x7fbbf96b5881;0x7fbbf96b7b47;entry_SYSCALL_64_after_hwframe;do_syscall_64;__x64_sys_mprotect;do_mprotect_pkey;mprotect_fixup;__split_vma;__vma_adjust;vma_interval_tree_remove
0.27% 0x7fbbf96b1a58;0x7fbbf96b122f;0x7fbbf96b4c99;0x7fbbf96a52dc
0.26% 0x7fbbf96b1a58;0x7fbbf96b122f;0x7fbbf96b4c99;0x7fbbf91f0a20;asm_exc_page_fault;exc_page_fault;do_user_addr_fault;handle_mm_fault;__handle_mm_fault;do_fault;filemap_map_pages;do_set_pte;page_add_file_rmap
     0.81%     0.00%  c2d      ld-linux-x86-64.so.2  [.] 0x00007fbbf96b122f
0.28% 0x7fbbf96b122f;0x7fbbf96b5881;0x7fbbf96b7b47;entry_SYSCALL_64_after_hwframe;do_syscall_64;__x64_sys_mprotect;do_mprotect_pkey;mprotect_fixup;__split_vma;__vma_adjust;vma_interval_tree_remove
0.27% 0x7fbbf96b122f;0x7fbbf96b4c99;0x7fbbf96a52dc
0.26% 0x7fbbf96b122f;0x7fbbf96b4c99;0x7fbbf91f0a20;asm_exc_page_fault;exc_page_fault;do_user_addr_fault;handle_mm_fault;__handle_mm_fault;do_fault;filemap_map_pages;do_set_pte;page_add_file_rmap
     0.74%     0.00%  c2d      [unknown]             [k] 0x00007fbbf96ca8a8
0.25% 0x7fbbf96ca8a8;0x7fbbf969f075;0x7fbbf96b7ae3;entry_SYSCALL_64_after_hwframe;do_syscall_64;ksys_mmap_pgoff;vm_mmap_pgoff;do_mmap;mmap_region;vm_area_alloc;kmem_cache_alloc;memset
0.25% 0x7fbbf96ca8a8;0x7fbbf969f075;0x7fbbf96b7ae3;entry_SYSCALL_64_after_hwframe;do_syscall_64;ksys_mmap_pgoff;vm_mmap_pgoff;do_mmap;mmap_region;do_mas_munmap;do_mas_align_munmap;mas_preallocate;mas_alloc_nodes
0.24% 0x7fbbf96ca8a8;0x7fbbf969f1da;0x7fbbf96b795d;entry_SYSCALL_64_after_hwframe;do_syscall_64;__x64_sys_openat;do_sys_openat2;getname_flags.part.0;kmem_cache_alloc
     0.71%     0.00%  c2d      c2d                   [.] load_hdtree_from_file
0.24% load_hdtree_from_file;__isoc99_fscanf;0x7fbbf919ebe5
0.24% load_hdtree_from_file;dtree_skeleton2hdtree;initialize_hdtree;initialize_hdtree;initialize_hdtree;initialize_hdtree;initialize_hdtree;initialize_hdtree;initialize_hdtree;initialize_hdtree;initialize_hdtree;initialize_hdtree;initialize_hdtree;initialize_hdtree;edges_intersection
0.23% load_hdtree_from_file;dtree_skeleton2hdtree;edges_union
     0.67%     0.00%  c2d      [kernel.kallsyms]     [k] vm_mmap_pgoff
0.25% vm_mmap_pgoff;do_mmap;mmap_region;vm_area_alloc;kmem_cache_alloc;memset
0.25% vm_mmap_pgoff;do_mmap;mmap_region;do_mas_munmap;do_mas_align_munmap;mas_preallocate;mas_alloc_nodes
0.17% vm_mmap_pgoff;do_mmap;mmap_region;mas_preallocate;mas_alloc_nodes;kmem_cache_alloc_bulk;memset
     0.67%     0.00%  c2d      [kernel.kallsyms]     [k] do_mmap
0.25% do_mmap;mmap_region;vm_area_alloc;kmem_cache_alloc;memset
0.25% do_mmap;mmap_region;do_mas_munmap;do_mas_align_munmap;mas_preallocate;mas_alloc_nodes
0.17% do_mmap;mmap_region;mas_preallocate;mas_alloc_nodes;kmem_cache_alloc_bulk;memset
     0.67%     0.00%  c2d      [kernel.kallsyms]     [k] mmap_region
0.25% mmap_region;vm_area_alloc;kmem_cache_alloc;memset
0.25% mmap_region;do_mas_munmap;do_mas_align_munmap;mas_preallocate;mas_alloc_nodes
0.17% mmap_region;mas_preallocate;mas_alloc_nodes;kmem_cache_alloc_bulk;memset
     0.58%     0.00%  c2d      [kernel.kallsyms]     [k] __alloc_pages
0.29% __alloc_pages;__memcg_kmem_charge_page;try_charge_memcg
0.29% __alloc_pages;get_page_from_freelist
     0.57%     0.00%  c2d      [kernel.kallsyms]     [k] unmap_vmas
0.29% unmap_vmas;unmap_page_range;__tlb_remove_page_size;__get_free_pages;__alloc_pages;get_page_from_freelist
0.29% unmap_vmas;unmap_page_range;_compound_head
     0.57%     0.00%  c2d      [kernel.kallsyms]     [k] unmap_page_range
0.29% unmap_page_range;__tlb_remove_page_size;__get_free_pages;__alloc_pages;get_page_from_freelist
0.29% unmap_page_range;_compound_head
     0.57%     0.28%  c2d      [kernel.kallsyms]     [k] __count_memcg_events
0.29% __count_memcg_events;cgroup_rstat_updated
0.28% 0;_IO_file_doallocate;asm_exc_page_fault;exc_page_fault;do_user_addr_fault;handle_mm_fault;count_memcg_events.constprop.0;__count_memcg_events
     0.57%     0.00%  c2d      [kernel.kallsyms]     [k] count_memcg_events.constprop.0
0.29% count_memcg_events.constprop.0;__count_memcg_events;cgroup_rstat_updated
0.28% count_memcg_events.constprop.0;__count_memcg_events
     0.55%     0.26%  c2d      [kernel.kallsyms]     [k] mt_find
0.29% mt_find;mtree_range_walk
0.26% 0;0x7fbbf91d80d9;asm_exc_page_fault;exc_page_fault;do_user_addr_fault;lock_mm_and_find_vma;find_vma;mt_find
     0.55%     0.00%  c2d      [kernel.kallsyms]     [k] lock_mm_and_find_vma
0.29% lock_mm_and_find_vma;find_vma;mt_find;mtree_range_walk
0.26% lock_mm_and_find_vma;find_vma;mt_find
     0.55%     0.00%  c2d      [kernel.kallsyms]     [k] find_vma
0.29% find_vma;mt_find;mtree_range_walk
0.26% find_vma;mt_find
     0.54%     0.25%  c2d      [kernel.kallsyms]     [k] error_entry
0.29% error_entry;sync_regs
0.25% 0x7fbbf916724a;main;cnf2ddnnf_cmd_line;construct_cnf_manager;0x7fbbf91e36c7;error_entry
     0.54%     0.00%  c2d      [unknown]             [.] 0x00007fbbf947a758
0.27% 0x7fbbf947a758;0x7fbbf96a0947;asm_exc_page_fault;exc_page_fault;do_user_addr_fault;handle_mm_fault;__handle_mm_fault;do_fault;filemap_map_pages;next_uptodate_page
0.27% 0x7fbbf947a758;0x7fbbf96a0973
     0.54%     0.54%  c2d      [kernel.kallsyms]     [k] page_add_file_rmap
0.28% _start;asm_exc_page_fault;exc_page_fault;do_user_addr_fault;handle_mm_fault;__handle_mm_fault;do_fault;xfs_filemap_map_pages;filemap_map_pages;do_set_pte;page_add_file_rmap
0.26% 0x7fbbf96b1a58;0x7fbbf96b122f;0x7fbbf96b4c99;0x7fbbf91f0a20;asm_exc_page_fault;exc_page_fault;do_user_addr_fault;handle_mm_fault;__handle_mm_fault;do_fault;filemap_map_pages;do_set_pte;page_add_file_rmap
     0.54%     0.00%  c2d      [kernel.kallsyms]     [k] do_set_pte
0.54% do_set_pte;page_add_file_rmap
     0.53%     0.00%  c2d      ld-linux-x86-64.so.2  [.] 0x00007fbbf96b4c99
0.27% 0x7fbbf96b4c99;0x7fbbf96a52dc
0.26% 0x7fbbf96b4c99;0x7fbbf91f0a20;asm_exc_page_fault;exc_page_fault;do_user_addr_fault;handle_mm_fault;__handle_mm_fault;do_fault;filemap_map_pages;do_set_pte;page_add_file_rmap
     0.50%     0.00%  c2d      ld-linux-x86-64.so.2  [.] 0x00007fbbf969f075
0.25% 0x7fbbf969f075;0x7fbbf96b7ae3;entry_SYSCALL_64_after_hwframe;do_syscall_64;ksys_mmap_pgoff;vm_mmap_pgoff;do_mmap;mmap_region;vm_area_alloc;kmem_cache_alloc;memset
0.25% 0x7fbbf969f075;0x7fbbf96b7ae3;entry_SYSCALL_64_after_hwframe;do_syscall_64;ksys_mmap_pgoff;vm_mmap_pgoff;do_mmap;mmap_region;do_mas_munmap;do_mas_align_munmap;mas_preallocate;mas_alloc_nodes
     0.50%     0.00%  c2d      ld-linux-x86-64.so.2  [.] 0x00007fbbf96b7ae3
0.25% 0x7fbbf96b7ae3;entry_SYSCALL_64_after_hwframe;do_syscall_64;ksys_mmap_pgoff;vm_mmap_pgoff;do_mmap;mmap_region;vm_area_alloc;kmem_cache_alloc;memset
0.25% 0x7fbbf96b7ae3;entry_SYSCALL_64_after_hwframe;do_syscall_64;ksys_mmap_pgoff;vm_mmap_pgoff;do_mmap;mmap_region;do_mas_munmap;do_mas_align_munmap;mas_preallocate;mas_alloc_nodes
     0.50%     0.00%  c2d      [kernel.kallsyms]     [k] ksys_mmap_pgoff
0.25% ksys_mmap_pgoff;vm_mmap_pgoff;do_mmap;mmap_region;vm_area_alloc;kmem_cache_alloc;memset
0.25% ksys_mmap_pgoff;vm_mmap_pgoff;do_mmap;mmap_region;do_mas_munmap;do_mas_align_munmap;mas_preallocate;mas_alloc_nodes
     0.50%     0.00%  c2d      [xfs]                 [k] xfs_filemap_map_pages
0.28% xfs_filemap_map_pages;filemap_map_pages;do_set_pte;page_add_file_rmap
0.23% xfs_filemap_map_pages;filemap_map_pages;next_uptodate_page
     0.49%     0.24%  c2d      [kernel.kallsyms]     [k] kmem_cache_alloc
0.25% kmem_cache_alloc;memset
0.24% 0x7fbbf96ca8a8;0x7fbbf969f1da;0x7fbbf96b795d;entry_SYSCALL_64_after_hwframe;do_syscall_64;__x64_sys_openat;do_sys_openat2;getname_flags.part.0;kmem_cache_alloc
     0.48%     0.00%  c2d      [kernel.kallsyms]     [k] __x64_sys_openat
0.24% __x64_sys_openat;do_sys_openat2;getname_flags.part.0;kmem_cache_alloc
0.24% __x64_sys_openat;do_sys_openat2;getname
     0.48%     0.00%  c2d      [kernel.kallsyms]     [k] do_sys_openat2
0.24% do_sys_openat2;getname_flags.part.0;kmem_cache_alloc
0.24% do_sys_openat2;getname
     0.47%     0.00%  c2d      c2d                   [.] dtree_skeleton2hdtree
0.24% dtree_skeleton2hdtree;initialize_hdtree;initialize_hdtree;initialize_hdtree;initialize_hdtree;initialize_hdtree;initialize_hdtree;initialize_hdtree;initialize_hdtree;initialize_hdtree;initialize_hdtree;initialize_hdtree;initialize_hdtree;edges_intersection
0.23% dtree_skeleton2hdtree;edges_union
     0.42%     0.42%  c2d      [kernel.kallsyms]     [k] memset
0.25% 0x7fbbf96ca8a8;0x7fbbf969f075;0x7fbbf96b7ae3;entry_SYSCALL_64_after_hwframe;do_syscall_64;ksys_mmap_pgoff;vm_mmap_pgoff;do_mmap;mmap_region;vm_area_alloc;kmem_cache_alloc;memset
0.17% 0x7efdd84f3a97;entry_SYSCALL_64_after_hwframe;do_syscall_64;__x64_sys_execve;do_execveat_common.isra.0;bprm_execve;load_elf_binary;elf_map;vm_mmap_pgoff;do_mmap;mmap_region;mas_preallocate;mas_alloc_nodes;kmem_cache_alloc_bulk;memset
     0.41%     0.25%  c2d      [kernel.kallsyms]     [k] mas_alloc_nodes
0.25% 0x7fbbf96ca8a8;0x7fbbf969f075;0x7fbbf96b7ae3;entry_SYSCALL_64_after_hwframe;do_syscall_64;ksys_mmap_pgoff;vm_mmap_pgoff;do_mmap;mmap_region;do_mas_munmap;do_mas_align_munmap;mas_preallocate;mas_alloc_nodes
0.17% mas_alloc_nodes;kmem_cache_alloc_bulk;memset
     0.41%     0.00%  c2d      [kernel.kallsyms]     [k] mas_preallocate
0.25% mas_preallocate;mas_alloc_nodes
0.17% mas_preallocate;mas_alloc_nodes;kmem_cache_alloc_bulk;memset
     0.33%     0.00%  c2d      libc.so.6             [.] read
0.28% read;entry_SYSCALL_64_after_hwframe;do_syscall_64;ksys_read;vfs_read;xfs_file_read_iter;xfs_file_buffered_read;filemap_read;filemap_get_pages;folio_wait_bit_common;io_schedule;schedule;__schedule;pick_next_task_fair;newidle_balance;update_blocked_averages;__update_load_avg_cfs_rq
0.04% read;entry_SYSCALL_64_after_hwframe;do_syscall_64;syscall_exit_to_user_mode;exit_to_user_mode_prepare;switch_fpu_return
0.01% read;entry_SYSCALL_64_after_hwframe;do_syscall_64;ksys_read;vfs_read;xfs_file_read_iter;xfs_file_buffered_read;filemap_read;filemap_get_pages;folio_wait_bit_common;io_schedule;schedule;__schedule;finish_task_switch.isra.0;__perf_event_task_sched_in;__intel_pmu_enable_all.constprop.0;native_write_msr
     0.29%     0.00%  c2d      [kernel.kallsyms]     [k] ksys_read
0.28% ksys_read;vfs_read;xfs_file_read_iter;xfs_file_buffered_read;filemap_read;filemap_get_pages;folio_wait_bit_common;io_schedule;schedule;__schedule;pick_next_task_fair;newidle_balance;update_blocked_averages;__update_load_avg_cfs_rq
0.01% ksys_read;vfs_read;xfs_file_read_iter;xfs_file_buffered_read;filemap_read;filemap_get_pages;folio_wait_bit_common;io_schedule;schedule;__schedule;finish_task_switch.isra.0;__perf_event_task_sched_in;__intel_pmu_enable_all.constprop.0;native_write_msr
     0.29%     0.00%  c2d      [kernel.kallsyms]     [k] vfs_read
0.28% vfs_read;xfs_file_read_iter;xfs_file_buffered_read;filemap_read;filemap_get_pages;folio_wait_bit_common;io_schedule;schedule;__schedule;pick_next_task_fair;newidle_balance;update_blocked_averages;__update_load_avg_cfs_rq
0.01% vfs_read;xfs_file_read_iter;xfs_file_buffered_read;filemap_read;filemap_get_pages;folio_wait_bit_common;io_schedule;schedule;__schedule;finish_task_switch.isra.0;__perf_event_task_sched_in;__intel_pmu_enable_all.constprop.0;native_write_msr
     0.29%     0.00%  c2d      [xfs]                 [k] xfs_file_read_iter
0.28% xfs_file_read_iter;xfs_file_buffered_read;filemap_read;filemap_get_pages;folio_wait_bit_common;io_schedule;schedule;__schedule;pick_next_task_fair;newidle_balance;update_blocked_averages;__update_load_avg_cfs_rq
0.01% xfs_file_read_iter;xfs_file_buffered_read;filemap_read;filemap_get_pages;folio_wait_bit_common;io_schedule;schedule;__schedule;finish_task_switch.isra.0;__perf_event_task_sched_in;__intel_pmu_enable_all.constprop.0;native_write_msr
     0.29%     0.00%  c2d      [xfs]                 [k] xfs_file_buffered_read
0.28% xfs_file_buffered_read;filemap_read;filemap_get_pages;folio_wait_bit_common;io_schedule;schedule;__schedule;pick_next_task_fair;newidle_balance;update_blocked_averages;__update_load_avg_cfs_rq
0.01% xfs_file_buffered_read;filemap_read;filemap_get_pages;folio_wait_bit_common;io_schedule;schedule;__schedule;finish_task_switch.isra.0;__perf_event_task_sched_in;__intel_pmu_enable_all.constprop.0;native_write_msr
     0.29%     0.00%  c2d      [kernel.kallsyms]     [k] filemap_read
0.28% filemap_read;filemap_get_pages;folio_wait_bit_common;io_schedule;schedule;__schedule;pick_next_task_fair;newidle_balance;update_blocked_averages;__update_load_avg_cfs_rq
0.01% filemap_read;filemap_get_pages;folio_wait_bit_common;io_schedule;schedule;__schedule;finish_task_switch.isra.0;__perf_event_task_sched_in;__intel_pmu_enable_all.constprop.0;native_write_msr
     0.29%     0.00%  c2d      [kernel.kallsyms]     [k] filemap_get_pages
0.28% filemap_get_pages;folio_wait_bit_common;io_schedule;schedule;__schedule;pick_next_task_fair;newidle_balance;update_blocked_averages;__update_load_avg_cfs_rq
0.01% filemap_get_pages;folio_wait_bit_common;io_schedule;schedule;__schedule;finish_task_switch.isra.0;__perf_event_task_sched_in;__intel_pmu_enable_all.constprop.0;native_write_msr
     0.29%     0.00%  c2d      [kernel.kallsyms]     [k] folio_wait_bit_common
0.28% folio_wait_bit_common;io_schedule;schedule;__schedule;pick_next_task_fair;newidle_balance;update_blocked_averages;__update_load_avg_cfs_rq
0.01% folio_wait_bit_common;io_schedule;schedule;__schedule;finish_task_switch.isra.0;__perf_event_task_sched_in;__intel_pmu_enable_all.constprop.0;native_write_msr
     0.29%     0.00%  c2d      [kernel.kallsyms]     [k] io_schedule
0.28% io_schedule;schedule;__schedule;pick_next_task_fair;newidle_balance;update_blocked_averages;__update_load_avg_cfs_rq
0.01% io_schedule;schedule;__schedule;finish_task_switch.isra.0;__perf_event_task_sched_in;__intel_pmu_enable_all.constprop.0;native_write_msr
     0.29%     0.00%  c2d      [kernel.kallsyms]     [k] schedule
0.28% schedule;__schedule;pick_next_task_fair;newidle_balance;update_blocked_averages;__update_load_avg_cfs_rq
0.01% schedule;__schedule;finish_task_switch.isra.0;__perf_event_task_sched_in;__intel_pmu_enable_all.constprop.0;native_write_msr
     0.29%     0.00%  c2d      [kernel.kallsyms]     [k] __schedule
0.28% __schedule;pick_next_task_fair;newidle_balance;update_blocked_averages;__update_load_avg_cfs_rq
0.01% __schedule;finish_task_switch.isra.0;__perf_event_task_sched_in;__intel_pmu_enable_all.constprop.0;native_write_msr
     0.29%     0.29%  c2d      [kernel.kallsyms]     [k] cgroup_rstat_updated
0.29% 0x7fbbf916724a;main;cnf2ddnnf_cmd_line;free_cache_manager;asm_exc_page_fault;exc_page_fault;do_user_addr_fault;handle_mm_fault;count_memcg_events.constprop.0;__count_memcg_events;cgroup_rstat_updated
     0.29%     0.29%  c2d      [igb]                 [k] igb_poll
0.29% 0x7fbbf916724a;main;cnf2ddnnf_cmd_line;free_cache_manager;asm_common_interrupt;common_interrupt;__irq_exit_rcu;handle_softirqs;net_rx_action;__napi_poll;igb_poll
     0.29%     0.00%  c2d      [kernel.kallsyms]     [k] asm_common_interrupt
0.29% asm_common_interrupt;common_interrupt;__irq_exit_rcu;handle_softirqs;net_rx_action;__napi_poll;igb_poll
     0.29%     0.00%  c2d      [kernel.kallsyms]     [k] common_interrupt
0.29% common_interrupt;__irq_exit_rcu;handle_softirqs;net_rx_action;__napi_poll;igb_poll
     0.29%     0.00%  c2d      [kernel.kallsyms]     [k] __irq_exit_rcu
0.29% __irq_exit_rcu;handle_softirqs;net_rx_action;__napi_poll;igb_poll
     0.29%     0.00%  c2d      [kernel.kallsyms]     [k] handle_softirqs
0.29% handle_softirqs;net_rx_action;__napi_poll;igb_poll
     0.29%     0.00%  c2d      [kernel.kallsyms]     [k] net_rx_action
0.29% net_rx_action;__napi_poll;igb_poll
     0.29%     0.00%  c2d      [kernel.kallsyms]     [k] __napi_poll
0.29% __napi_poll;igb_poll
     0.29%     0.29%  c2d      [kernel.kallsyms]     [k] try_charge_memcg
0.29% 0x7fbbf916724a;main;cnf2ddnnf_cmd_line;free_cache_manager;asm_exc_page_fault;exc_page_fault;do_user_addr_fault;handle_mm_fault;__handle_mm_fault;do_huge_pmd_anonymous_page;pte_alloc_one;__alloc_pages;__memcg_kmem_charge_page;try_charge_memcg
     0.29%     0.29%  c2d      [kernel.kallsyms]     [k] mtree_range_walk
0.29% 0x7fbbf916724a;main;cnf2ddnnf_cmd_line;free_cache_manager;asm_exc_page_fault;exc_page_fault;do_user_addr_fault;lock_mm_and_find_vma;find_vma;mt_find;mtree_range_walk
     0.29%     0.00%  c2d      [kernel.kallsyms]     [k] do_huge_pmd_anonymous_page
0.29% do_huge_pmd_anonymous_page;pte_alloc_one;__alloc_pages;__memcg_kmem_charge_page;try_charge_memcg
     0.29%     0.00%  c2d      [kernel.kallsyms]     [k] pte_alloc_one
0.29% pte_alloc_one;__alloc_pages;__memcg_kmem_charge_page;try_charge_memcg
     0.29%     0.00%  c2d      [kernel.kallsyms]     [k] __memcg_kmem_charge_page
0.29% __memcg_kmem_charge_page;try_charge_memcg
     0.29%     0.29%  c2d      [kernel.kallsyms]     [k] sync_regs
0.29% 0x7fbbf916724a;main;cnf2ddnnf_cmd_line;free_cache_manager;error_entry;sync_regs
     0.29%     0.29%  c2d      [kernel.kallsyms]     [k] up_read
0.29% 0x7fbbf916724a;main;cnf2ddnnf_cmd_line;free_cache_manager;asm_exc_page_fault;exc_page_fault;do_user_addr_fault;up_read
     0.29%     0.29%  c2d      libc.so.6             [.] 0x00000000000961b0
0.29% 0x1;0x7fbbf91d61b4
     0.29%     0.00%  c2d      [unknown]             [.] 0x0000000000000001
0.29% 0x1;0x7fbbf91d61b4
     0.29%     0.00%  c2d      libc.so.6             [.] 0x00007fbbf91d61b4
0.29% 0x7fbbf91d61b4
     0.29%     0.29%  c2d      [kernel.kallsyms]     [k] get_page_from_freelist
0.29% entry_SYSCALL_64_after_hwframe;do_syscall_64;__x64_sys_exit_group;do_group_exit;do_exit;__mmput;exit_mmap;unmap_vmas;unmap_page_range;__tlb_remove_page_size;__get_free_pages;__alloc_pages;get_page_from_freelist
     0.29%     0.00%  c2d      [kernel.kallsyms]     [k] __tlb_remove_page_size
0.29% __tlb_remove_page_size;__get_free_pages;__alloc_pages;get_page_from_freelist
     0.29%     0.00%  c2d      [kernel.kallsyms]     [k] __get_free_pages
0.29% __get_free_pages;__alloc_pages;get_page_from_freelist
     0.29%     0.29%  c2d      [kernel.kallsyms]     [k] _compound_head
0.29% entry_SYSCALL_64_after_hwframe;do_syscall_64;__x64_sys_exit_group;do_group_exit;do_exit;__mmput;exit_mmap;unmap_vmas;unmap_page_range;_compound_head
     0.29%     0.29%  c2d      [kernel.kallsyms]     [k] kmem_cache_free
0.29% entry_SYSCALL_64_after_hwframe;do_syscall_64;__x64_sys_exit_group;do_group_exit;do_exit;__mmput;exit_mmap;kmem_cache_free
     0.28%     0.28%  c2d      [kernel.kallsyms]     [k] __update_load_avg_cfs_rq
0.28% 0;read;entry_SYSCALL_64_after_hwframe;do_syscall_64;ksys_read;vfs_read;xfs_file_read_iter;xfs_file_buffered_read;filemap_read;filemap_get_pages;folio_wait_bit_common;io_schedule;schedule;__schedule;pick_next_task_fair;newidle_balance;update_blocked_averages;__update_load_avg_cfs_rq
     0.28%     0.00%  c2d      [kernel.kallsyms]     [k] pick_next_task_fair
0.28% pick_next_task_fair;newidle_balance;update_blocked_averages;__update_load_avg_cfs_rq
     0.28%     0.00%  c2d      [kernel.kallsyms]     [k] newidle_balance
0.28% newidle_balance;update_blocked_averages;__update_load_avg_cfs_rq
     0.28%     0.00%  c2d      [kernel.kallsyms]     [k] update_blocked_averages
0.28% update_blocked_averages;__update_load_avg_cfs_rq
     0.28%     0.00%  c2d      libc.so.6             [.] _IO_file_doallocate
0.28% _IO_file_doallocate;asm_exc_page_fault;exc_page_fault;do_user_addr_fault;handle_mm_fault;count_memcg_events.constprop.0;__count_memcg_events
     0.28%     0.00%  c2d      c2d                   [.] _start
0.28% _start;asm_exc_page_fault;exc_page_fault;do_user_addr_fault;handle_mm_fault;__handle_mm_fault;do_fault;xfs_filemap_map_pages;filemap_map_pages;do_set_pte;page_add_file_rmap
     0.28%     0.28%  c2d      c2d                   [.] erase_level
0.28% 0x7fbbf916724a;main;cnf2ddnnf_cmd_line;compile_cnf;compile_dt;compile_dt;compile_dt;compile_decomposed;lookup_or_compile_dt;compile_dt;compile_dt;compile_dt;compile_decomposed;lookup_or_compile_dt;compile_dt;undo_decide_literal;erase_level
     0.28%     0.00%  c2d      c2d                   [.] compile_cnf
0.28% compile_cnf;compile_dt;compile_dt;compile_dt;compile_decomposed;lookup_or_compile_dt;compile_dt;compile_dt;compile_dt;compile_decomposed;lookup_or_compile_dt;compile_dt;undo_decide_literal;erase_level
     0.28%     0.00%  c2d      c2d                   [.] compile_dt
0.28% compile_dt;compile_dt;compile_dt;compile_decomposed;lookup_or_compile_dt;compile_dt;compile_dt;compile_dt;compile_decomposed;lookup_or_compile_dt;compile_dt;undo_decide_literal;erase_level
     0.28%     0.00%  c2d      c2d                   [.] compile_decomposed
0.28% compile_decomposed;lookup_or_compile_dt;compile_dt;compile_dt;compile_dt;compile_decomposed;lookup_or_compile_dt;compile_dt;undo_decide_literal;erase_level
     0.28%     0.00%  c2d      c2d                   [.] lookup_or_compile_dt
0.28% lookup_or_compile_dt;compile_dt;compile_dt;compile_dt;compile_decomposed;lookup_or_compile_dt;compile_dt;undo_decide_literal;erase_level
     0.28%     0.00%  c2d      c2d                   [.] undo_decide_literal
0.28% undo_decide_literal;erase_level
     0.28%     0.28%  c2d      [kernel.kallsyms]     [k] vma_interval_tree_remove
0.28% 0x7fbbf96b1a58;0x7fbbf96b122f;0x7fbbf96b5881;0x7fbbf96b7b47;entry_SYSCALL_64_after_hwframe;do_syscall_64;__x64_sys_mprotect;do_mprotect_pkey;mprotect_fixup;__split_vma;__vma_adjust;vma_interval_tree_remove
     0.28%     0.00%  c2d      ld-linux-x86-64.so.2  [.] 0x00007fbbf96b5881
0.28% 0x7fbbf96b5881;0x7fbbf96b7b47;entry_SYSCALL_64_after_hwframe;do_syscall_64;__x64_sys_mprotect;do_mprotect_pkey;mprotect_fixup;__split_vma;__vma_adjust;vma_interval_tree_remove
     0.28%     0.00%  c2d      ld-linux-x86-64.so.2  [.] 0x00007fbbf96b7b47
0.28% 0x7fbbf96b7b47;entry_SYSCALL_64_after_hwframe;do_syscall_64;__x64_sys_mprotect;do_mprotect_pkey;mprotect_fixup;__split_vma;__vma_adjust;vma_interval_tree_remove
     0.28%     0.00%  c2d      [kernel.kallsyms]     [k] __x64_sys_mprotect
0.28% __x64_sys_mprotect;do_mprotect_pkey;mprotect_fixup;__split_vma;__vma_adjust;vma_interval_tree_remove
     0.28%     0.00%  c2d      [kernel.kallsyms]     [k] do_mprotect_pkey
0.28% do_mprotect_pkey;mprotect_fixup;__split_vma;__vma_adjust;vma_interval_tree_remove
     0.28%     0.00%  c2d      [kernel.kallsyms]     [k] mprotect_fixup
0.28% mprotect_fixup;__split_vma;__vma_adjust;vma_interval_tree_remove
     0.28%     0.00%  c2d      [kernel.kallsyms]     [k] __split_vma
0.28% __split_vma;__vma_adjust;vma_interval_tree_remove
     0.28%     0.00%  c2d      [kernel.kallsyms]     [k] __vma_adjust
0.28% __vma_adjust;vma_interval_tree_remove
     0.27%     0.27%  c2d      c2d                   [.] nnf_node_cmp
0.27% 0x7fbbf917fb9d;nnf_node_cmp
     0.27%     0.00%  c2d      libc.so.6             [.] 0x00007fbbf917fb9d
0.27% 0x7fbbf917fb9d;nnf_node_cmp
     0.27%     0.27%  c2d      ld-linux-x86-64.so.2  [.] 0x000000000000e2d8
0.27% 0x7fbbf96b1a58;0x7fbbf96b122f;0x7fbbf96b4c99;0x7fbbf96a52dc
     0.27%     0.00%  c2d      ld-linux-x86-64.so.2  [.] 0x00007fbbf96a52dc
0.27% 0x7fbbf96a52dc
     0.27%     0.27%  c2d      libc.so.6             [.] 0x000000000005c437
0.27% 0x7fbbf916724a;main;0x7fbbf919c43a
     0.27%     0.00%  c2d      libc.so.6             [.] 0x00007fbbf919c43a
0.27% 0x7fbbf919c43a
     0.27%     0.00%  c2d      [unknown]             [k] 0x00000000001a14d0
0.27% 0x1a14d0;0x7fbbf947a758;0x7fbbf96a0947;asm_exc_page_fault;exc_page_fault;do_user_addr_fault;handle_mm_fault;__handle_mm_fault;do_fault;filemap_map_pages;next_uptodate_page
     0.27%     0.00%  c2d      ld-linux-x86-64.so.2  [.] 0x00007fbbf96a0947
0.27% 0x7fbbf96a0947;asm_exc_page_fault;exc_page_fault;do_user_addr_fault;handle_mm_fault;__handle_mm_fault;do_fault;filemap_map_pages;next_uptodate_page
     0.27%     0.27%  c2d      libc.so.6             [.] 0x00000000000960f2
0.27% 0x7fbbf91d60f4
     0.27%     0.00%  c2d      libc.so.6             [.] 0x00007fbbf91d60f4
0.27% 0x7fbbf91d60f4
     0.27%     0.27%  c2d      ld-linux-x86-64.so.2  [.] 0x000000000000996c
0.27% 0x19d210;0x7fbbf947a758;0x7fbbf96a0973
     0.27%     0.00%  c2d      [unknown]             [.] 0x000000000019d210
0.27% 0x19d210;0x7fbbf947a758;0x7fbbf96a0973
     0.27%     0.00%  c2d      ld-linux-x86-64.so.2  [.] 0x00007fbbf96a0973
0.27% 0x7fbbf96a0973
     0.26%     0.26%  c2d      c2d                   [.] traverse_dtree
0.26% 0x7fbbf916724a;main;cnf2ddnnf_cmd_line;construct_dtree_manager;initialize_dtree_separators;order_var_clauses_based_on_dtree;traverse_dtree;traverse_dtree;traverse_dtree;traverse_dtree;traverse_dtree;traverse_dtree;traverse_dtree;traverse_dtree;traverse_dtree;traverse_dtree;traverse_dtree;traverse_dtree;traverse_dtree;traverse_dtree;traverse_dtree;traverse_dtree
     0.26%     0.00%  c2d      c2d                   [.] construct_dtree_manager
0.26% construct_dtree_manager;initialize_dtree_separators;order_var_clauses_based_on_dtree;traverse_dtree;traverse_dtree;traverse_dtree;traverse_dtree;traverse_dtree;traverse_dtree;traverse_dtree;traverse_dtree;traverse_dtree;traverse_dtree;traverse_dtree;traverse_dtree;traverse_dtree;traverse_dtree;traverse_dtree;traverse_dtree
     0.26%     0.00%  c2d      c2d                   [.] initialize_dtree_separators
0.26% initialize_dtree_separators;order_var_clauses_based_on_dtree;traverse_dtree;traverse_dtree;traverse_dtree;traverse_dtree;traverse_dtree;traverse_dtree;traverse_dtree;traverse_dtree;traverse_dtree;traverse_dtree;traverse_dtree;traverse_dtree;traverse_dtree;traverse_dtree;traverse_dtree;traverse_dtree
     0.26%     0.00%  c2d      c2d                   [.] order_var_clauses_based_on_dtree
0.26% order_var_clauses_based_on_dtree;traverse_dtree;traverse_dtree;traverse_dtree;traverse_dtree;traverse_dtree;traverse_dtree;traverse_dtree;traverse_dtree;traverse_dtree;traverse_dtree;traverse_dtree;traverse_dtree;traverse_dtree;traverse_dtree;traverse_dtree;traverse_dtree
     0.26%     0.26%  c2d      ld-linux-x86-64.so.2  [.] 0x0000000000009016
0.26% 0x7fbbf96a0019
     0.26%     0.00%  c2d      ld-linux-x86-64.so.2  [.] 0x00007fbbf96a0019
0.26% 0x7fbbf96a0019
     0.26%     0.26%  c2d      libc.so.6             [.] 0x000000000009736f
0.26% 0;0x7fbbf91d7375
     0.26%     0.00%  c2d      libc.so.6             [.] 0x00007fbbf91d7375
0.26% 0x7fbbf91d7375
     0.26%     0.00%  c2d      libc.so.6             [.] 0x00007fbbf91f0a20
0.26% 0x7fbbf91f0a20;asm_exc_page_fault;exc_page_fault;do_user_addr_fault;handle_mm_fault;__handle_mm_fault;do_fault;filemap_map_pages;do_set_pte;page_add_file_rmap
     0.26%     0.00%  c2d      libc.so.6             [.] 0x00007fbbf91d80d9
0.26% 0x7fbbf91d80d9;asm_exc_page_fault;exc_page_fault;do_user_addr_fault;lock_mm_and_find_vma;find_vma;mt_find
     0.25%     0.00%  c2d      [kernel.kallsyms]     [k] vm_area_alloc
0.25% vm_area_alloc;kmem_cache_alloc;memset
     0.25%     0.00%  c2d      c2d                   [.] construct_cnf_manager
0.25% construct_cnf_manager;0x7fbbf91e36c7;error_entry
     0.25%     0.00%  c2d      libc.so.6             [.] 0x00007fbbf91e36c7
0.25% 0x7fbbf91e36c7;error_entry
     0.25%     0.00%  c2d      [kernel.kallsyms]     [k] do_mas_munmap
0.25% do_mas_munmap;do_mas_align_munmap;mas_preallocate;mas_alloc_nodes
     0.25%     0.00%  c2d      [kernel.kallsyms]     [k] do_mas_align_munmap
0.25% do_mas_align_munmap;mas_preallocate;mas_alloc_nodes
     0.24%     0.24%  c2d      libc.so.6             [.] 0x000000000009611c
0.24% 0x7fbbf91d611f
     0.24%     0.00%  c2d      libc.so.6             [.] 0x00007fbbf91d611f
0.24% 0x7fbbf91d611f
     0.24%     0.24%  c2d      libc.so.6             [.] 0x000000000005ebda
0.24% 0x7fbbf916724a;main;cnf2ddnnf_cmd_line;load_hdtree_from_file;__isoc99_fscanf;0x7fbbf919ebe5
     0.24%     0.00%  c2d      libc.so.6             [.] __isoc99_fscanf
0.24% __isoc99_fscanf;0x7fbbf919ebe5
     0.24%     0.00%  c2d      libc.so.6             [.] 0x00007fbbf919ebe5
0.24% 0x7fbbf919ebe5
     0.24%     0.00%  c2d      ld-linux-x86-64.so.2  [.] 0x00007fbbf969f1da
0.24% 0x7fbbf969f1da;0x7fbbf96b795d;entry_SYSCALL_64_after_hwframe;do_syscall_64;__x64_sys_openat;do_sys_openat2;getname_flags.part.0;kmem_cache_alloc
     0.24%     0.00%  c2d      ld-linux-x86-64.so.2  [.] 0x00007fbbf96b795d
0.24% 0x7fbbf96b795d;entry_SYSCALL_64_after_hwframe;do_syscall_64;__x64_sys_openat;do_sys_openat2;getname_flags.part.0;kmem_cache_alloc
     0.24%     0.00%  c2d      [kernel.kallsyms]     [k] getname_flags.part.0
0.24% getname_flags.part.0;kmem_cache_alloc
     0.24%     0.24%  c2d      c2d                   [.] edges_intersection
0.24% 0x7fbbf916724a;main;cnf2ddnnf_cmd_line;load_hdtree_from_file;dtree_skeleton2hdtree;initialize_hdtree;initialize_hdtree;initialize_hdtree;initialize_hdtree;initialize_hdtree;initialize_hdtree;initialize_hdtree;initialize_hdtree;initialize_hdtree;initialize_hdtree;initialize_hdtree;initialize_hdtree;edges_intersection
     0.24%     0.00%  c2d      c2d                   [.] initialize_hdtree
0.24% initialize_hdtree;initialize_hdtree;initialize_hdtree;initialize_hdtree;initialize_hdtree;initialize_hdtree;initialize_hdtree;initialize_hdtree;initialize_hdtree;initialize_hdtree;initialize_hdtree;initialize_hdtree;edges_intersection
     0.24%     0.24%  c2d      [kernel.kallsyms]     [k] getname
0.24% 0x2d342d387261702f;open64;entry_SYSCALL_64_after_hwframe;do_syscall_64;__x64_sys_openat;do_sys_openat2;getname
     0.24%     0.00%  c2d      [unknown]             [k] 0x2d342d387261702f
0.24% 0x2d342d387261702f;open64;entry_SYSCALL_64_after_hwframe;do_syscall_64;__x64_sys_openat;do_sys_openat2;getname
     0.24%     0.00%  c2d      libc.so.6             [.] open64
0.24% open64;entry_SYSCALL_64_after_hwframe;do_syscall_64;__x64_sys_openat;do_sys_openat2;getname
     0.23%     0.23%  c2d      c2d                   [.] edges_union
0.23% 0x7fbbf916724a;main;cnf2ddnnf_cmd_line;load_hdtree_from_file;dtree_skeleton2hdtree;edges_union
     0.23%     0.00%  c2d      [unknown]             [k] 0x00007efdd84f3a97
0.17% 0x7efdd84f3a97;entry_SYSCALL_64_after_hwframe;do_syscall_64;__x64_sys_execve;do_execveat_common.isra.0;bprm_execve;load_elf_binary;elf_map;vm_mmap_pgoff;do_mmap;mmap_region;mas_preallocate;mas_alloc_nodes;kmem_cache_alloc_bulk;memset
0.07% 0x7efdd84f3a97;entry_SYSCALL_64_after_hwframe;do_syscall_64;__x64_sys_execve;do_execveat_common.isra.0;bprm_execve;load_elf_binary;setup_new_exec;arch_setup_new_exec
     0.23%     0.00%  c2d      [kernel.kallsyms]     [k] __x64_sys_execve
0.17% __x64_sys_execve;do_execveat_common.isra.0;bprm_execve;load_elf_binary;elf_map;vm_mmap_pgoff;do_mmap;mmap_region;mas_preallocate;mas_alloc_nodes;kmem_cache_alloc_bulk;memset
0.07% __x64_sys_execve;do_execveat_common.isra.0;bprm_execve;load_elf_binary;setup_new_exec;arch_setup_new_exec
     0.23%     0.00%  c2d      [kernel.kallsyms]     [k] do_execveat_common.isra.0
0.17% do_execveat_common.isra.0;bprm_execve;load_elf_binary;elf_map;vm_mmap_pgoff;do_mmap;mmap_region;mas_preallocate;mas_alloc_nodes;kmem_cache_alloc_bulk;memset
0.07% do_execveat_common.isra.0;bprm_execve;load_elf_binary;setup_new_exec;arch_setup_new_exec
     0.23%     0.00%  c2d      [kernel.kallsyms]     [k] bprm_execve
0.17% bprm_execve;load_elf_binary;elf_map;vm_mmap_pgoff;do_mmap;mmap_region;mas_preallocate;mas_alloc_nodes;kmem_cache_alloc_bulk;memset
0.07% bprm_execve;load_elf_binary;setup_new_exec;arch_setup_new_exec
     0.23%     0.00%  c2d      [kernel.kallsyms]     [k] load_elf_binary
0.17% load_elf_binary;elf_map;vm_mmap_pgoff;do_mmap;mmap_region;mas_preallocate;mas_alloc_nodes;kmem_cache_alloc_bulk;memset
0.07% load_elf_binary;setup_new_exec;arch_setup_new_exec
     0.23%     0.00%  c2d      libc.so.6             [.] _IO_fflush
0.23% _IO_fflush;__gmp_default_allocate;asm_exc_page_fault;exc_page_fault;do_user_addr_fault;handle_mm_fault;__handle_mm_fault;do_fault;xfs_filemap_map_pages;filemap_map_pages;next_uptodate_page
     0.23%     0.00%  c2d      c2d                   [.] __gmp_default_allocate
0.23% __gmp_default_allocate;asm_exc_page_fault;exc_page_fault;do_user_addr_fault;handle_mm_fault;__handle_mm_fault;do_fault;xfs_filemap_map_pages;filemap_map_pages;next_uptodate_page
     0.22%     0.00%  c2d      ld-linux-x86-64.so.2  [.] 0x00007fbbf96b1a50
0.22% 0x7fbbf96b1a50;asm_exc_page_fault;exc_page_fault;do_user_addr_fault;handle_mm_fault;__handle_mm_fault;do_fault;filemap_map_pages;next_uptodate_page
     0.21%     0.21%  c2d      libc.so.6             [.] 0x0000000000097582
0.21% 0;0x7fbbf91d7587
     0.21%     0.00%  c2d      libc.so.6             [.] 0x00007fbbf91d7587
0.21% 0x7fbbf91d7587
     0.17%     0.17%  c2d      libc.so.6             [.] isspace
0.17% 0x7fbbf916724a;main;isspace
     0.17%     0.00%  c2d      [kernel.kallsyms]     [k] elf_map
0.17% elf_map;vm_mmap_pgoff;do_mmap;mmap_region;mas_preallocate;mas_alloc_nodes;kmem_cache_alloc_bulk;memset
     0.17%     0.00%  c2d      [kernel.kallsyms]     [k] kmem_cache_alloc_bulk
0.17% kmem_cache_alloc_bulk;memset
     0.10%     0.00%  c2d      [unknown]             [k] 0x6b6e550a00642520
0.10% 0x6b6e550a00642520;__isoc99_sscanf;0x7fbbf91a3883;asm_exc_page_fault;exc_page_fault;do_user_addr_fault;handle_mm_fault;__handle_mm_fault;do_fault;filemap_map_pages;next_uptodate_page
     0.10%     0.00%  c2d      libc.so.6             [.] __isoc99_sscanf
0.10% __isoc99_sscanf;0x7fbbf91a3883;asm_exc_page_fault;exc_page_fault;do_user_addr_fault;handle_mm_fault;__handle_mm_fault;do_fault;filemap_map_pages;next_uptodate_page
     0.10%     0.00%  c2d      libc.so.6             [.] 0x00007fbbf91a3883
0.10% 0x7fbbf91a3883;asm_exc_page_fault;exc_page_fault;do_user_addr_fault;handle_mm_fault;__handle_mm_fault;do_fault;filemap_map_pages;next_uptodate_page
     0.07%     0.07%  c2d      [kernel.kallsyms]     [k] arch_setup_new_exec
0.07% 0x7efdd84f3a97;entry_SYSCALL_64_after_hwframe;do_syscall_64;__x64_sys_execve;do_execveat_common.isra.0;bprm_execve;load_elf_binary;setup_new_exec;arch_setup_new_exec
     0.07%     0.00%  c2d      [kernel.kallsyms]     [k] setup_new_exec
0.07% setup_new_exec;arch_setup_new_exec
     0.04%     0.04%  c2d      [kernel.kallsyms]     [k] switch_fpu_return
0.04% 0;read;entry_SYSCALL_64_after_hwframe;do_syscall_64;syscall_exit_to_user_mode;exit_to_user_mode_prepare;switch_fpu_return
     0.04%     0.00%  c2d      [kernel.kallsyms]     [k] syscall_exit_to_user_mode
0.04% syscall_exit_to_user_mode;exit_to_user_mode_prepare;switch_fpu_return
     0.04%     0.00%  c2d      [kernel.kallsyms]     [k] exit_to_user_mode_prepare
0.04% exit_to_user_mode_prepare;switch_fpu_return
     0.02%     0.00%  perf-ex  [unknown]             [k] 0x00007efdd84f3a97
0.01% 0x7efdd84f3a97;entry_SYSCALL_64_after_hwframe;do_syscall_64;__x64_sys_execve;do_execveat_common.isra.0;bprm_execve;load_elf_binary;begin_new_exec;perf_event_exec
     0.02%     0.00%  perf-ex  [kernel.kallsyms]     [k] entry_SYSCALL_64_after_hwframe
0.01% entry_SYSCALL_64_after_hwframe;do_syscall_64;__x64_sys_execve;do_execveat_common.isra.0;bprm_execve;load_elf_binary;begin_new_exec;perf_event_exec
     0.02%     0.01%  perf-ex  [kernel.kallsyms]     [k] perf_event_exec
0.01% 0x7efdd84f3a97;entry_SYSCALL_64_after_hwframe;do_syscall_64;__x64_sys_execve;do_execveat_common.isra.0;bprm_execve;load_elf_binary;begin_new_exec;perf_event_exec
     0.02%     0.00%  perf-ex  [kernel.kallsyms]     [k] do_syscall_64
0.01% do_syscall_64;__x64_sys_execve;do_execveat_common.isra.0;bprm_execve;load_elf_binary;begin_new_exec;perf_event_exec
     0.02%     0.00%  perf-ex  [kernel.kallsyms]     [k] __x64_sys_execve
0.01% __x64_sys_execve;do_execveat_common.isra.0;bprm_execve;load_elf_binary;begin_new_exec;perf_event_exec
     0.02%     0.00%  perf-ex  [kernel.kallsyms]     [k] do_execveat_common.isra.0
0.01% do_execveat_common.isra.0;bprm_execve;load_elf_binary;begin_new_exec;perf_event_exec
     0.02%     0.00%  perf-ex  [kernel.kallsyms]     [k] bprm_execve
0.01% bprm_execve;load_elf_binary;begin_new_exec;perf_event_exec
     0.02%     0.00%  perf-ex  [kernel.kallsyms]     [k] load_elf_binary
0.01% load_elf_binary;begin_new_exec;perf_event_exec
     0.02%     0.00%  perf-ex  [kernel.kallsyms]     [k] begin_new_exec
0.01% begin_new_exec;perf_event_exec
     0.01%     0.00%  c2d      [kernel.kallsyms]     [k] native_write_msr
0.01% native_write_msr
     0.01%     0.00%  c2d      [kernel.kallsyms]     [k] finish_task_switch.isra.0
0.01% finish_task_switch.isra.0;__perf_event_task_sched_in;__intel_pmu_enable_all.constprop.0;native_write_msr
     0.01%     0.00%  c2d      [kernel.kallsyms]     [k] __perf_event_task_sched_in
0.01% __perf_event_task_sched_in;__intel_pmu_enable_all.constprop.0;native_write_msr
     0.01%     0.00%  c2d      [kernel.kallsyms]     [k] __intel_pmu_enable_all.constprop.0
0.01% __intel_pmu_enable_all.constprop.0;native_write_msr
     0.01%     0.01%  c2d      [kernel.kallsyms]     [k] native_flush_tlb_one_user
0.01% 0;read;entry_SYSCALL_64_after_hwframe;do_syscall_64;ksys_read;vfs_read;xfs_file_read_iter;xfs_file_buffered_read;filemap_read;filemap_get_pages;folio_wait_bit_common;io_schedule;schedule;__schedule;finish_task_switch.isra.0;__perf_event_task_sched_in;__intel_pmu_enable_all.constprop.0;native_write_msr
     0.00%     0.00%  perf-ex  [kernel.kallsyms]     [k] native_write_msr
     0.00%     0.00%  perf-ex  [kernel.kallsyms]     [k] __intel_pmu_enable_all.constprop.0
     0.00%     0.00%  perf-ex  [kernel.kallsyms]     [k] native_flush_tlb_one_user
     0.00%     0.00%  perf-ex  [kernel.kallsyms]     [k] nmi_cpu_backtrace_handler
     0.00%     0.00%  c2d      [kernel.kallsyms]     [k] native_sched_clock


#
# (Tip: Skip collecting build-id when recording: perf record -B)
#
