# To display the perf.data header info, please use --header/--header-only options.
#
#
# Total Lost Samples: 0
#
# Samples: 356  of event 'cycles'
# Event count (approx.): 248121361
#
# Children      Self  Command  Shared Object         Symbol                                
# ........  ........  .......  ....................  ......................................
#
    95.07%     0.00%  c2d      libc.so.6             [.] 0x00007fc08754724a
89.00% 0x7fc08754724a;main;cnf2ddnnf_cmd_line;free_cache_manager
0.58% 0x7fc08754724a;main;cnf2ddnnf_cmd_line;free_cache_manager;__irqentry_text_end
0.30% 0x7fc08754724a;main;cnf2ddnnf_cmd_line;construct_dtree_manager;initialize_dtree_separators;fill_separators;fill_separators;fill_separators
0.30% 0x7fc08754724a;main;cnf2ddnnf_cmd_line;free_hdtree;free_hdtree;free_hdtree;free_hdtree;free_hdtree
0.30% 0x7fc08754724a;main;cnf2ddnnf_cmd_line;compile_cnf;compile_dt;select_separator;0x7fc08778e1d0;asm_exc_page_fault;exc_page_fault;do_user_addr_fault;handle_mm_fault;__handle_mm_fault;do_fault;filemap_map_pages;do_set_pte;page_add_file_rmap;__mod_lruvec_page_state;__mod_memcg_lruvec_state;cgroup_rstat_updated
0.30% 0x7fc08754724a;main;cnf2ddnnf_cmd_line;compile_cnf;compile_dt;compile_dt;compile_decomposed;lookup_or_compile_dt;compile_dt;compile_dt;compile_dt;compile_decomposed;lookup_or_compile_dt;compile_dt;decide_literal;set_literal
0.29% 0x7fc08754724a;main;cnf2ddnnf_cmd_line;compile_cnf;compile_dt;compile_dt;compile_dt;compile_decomposed;lookup_or_compile_dt;compile_dt;compile_dt;compile_dt;compile_decomposed;conjoin_relevant_lits;get_and_node;asm_exc_page_fault;exc_page_fault;do_user_addr_fault;handle_mm_fault;__handle_mm_fault;do_huge_pmd_wp_page;__split_huge_pmd
0.29% 0x7fc08754724a;main;cnf2ddnnf_cmd_line;free_cache_manager;error_entry;sync_regs
0.29% 0x7fc08754724a;main;cnf2ddnnf_cmd_line;free_cache_manager;asm_exc_page_fault;exc_page_fault;do_user_addr_fault;handle_mm_fault;__handle_mm_fault;do_huge_pmd_anonymous_page;pte_alloc_one;__alloc_pages;__memcg_kmem_charge_page;try_charge_memcg
0.29% 0x7fc08754724a;main;cnf2ddnnf_cmd_line;free_cache_manager;asm_exc_page_fault;exc_page_fault;do_user_addr_fault;handle_mm_fault;__handle_mm_fault;do_huge_pmd_anonymous_page;pte_alloc_one;__alloc_pages;get_page_from_freelist;clear_page_rep
0.29% 0x7fc08754724a;main;cnf2ddnnf_cmd_line;free_cache_manager;asm_exc_page_fault;exc_page_fault;do_user_addr_fault;handle_mm_fault;__handle_mm_fault;do_huge_pmd_anonymous_page;pte_alloc_one
0.29% 0x7fc08754724a;main;cnf2ddnnf_cmd_line;free_cache_manager;asm_exc_page_fault;exc_page_fault;do_user_addr_fault;lock_mm_and_find_vma;find_vma;mt_find;mtree_range_walk
0.29% 0x7fc08754724a;main;cnf2ddnnf_cmd_line;free_dtree_manager;free_dtree;free_dtree;free_dtree;free_dtree;free_dtree;free_dtree;free_dtree;free_dtree;free_dtree;free_dtree;free_dtree;free_dtree
0.28% 0x7fc08754724a;main;cnf2ddnnf_cmd_line;construct_dtree_manager;hdtree2dtree;hdtree2dtree;hdtree2dtree;hdtree2dtree;hdtree2dtree;hdtree2dtree;hdtree2dtree;hdtree2dtree;hdtree2dtree;hdtree2dtree;hdtree2dtree;hdtree2dtree;hdtree2dtree;hdtree2dtree;hdtree2dtree;hdtree2dtree;hdtree2dtree;hdtree2dtree;hdtree2dtree;hdtree2dtree;hdtree2dtree
0.28% 0x7fc08754724a;main;cnf2ddnnf_cmd_line;construct_dtree_manager;qsort
0.28% 0x7fc08754724a;main;cnf2ddnnf_cmd_line;hdtree2edge_order;fill_dfs_edges;fill_dfs_edges;fill_dfs_edges;fill_dfs_edges;fill_dfs_edges;fill_dfs_edges;fill_dfs_edges;fill_dfs_edges;fill_dfs_edges;fill_dfs_edges;fill_dfs_edges;fill_dfs_edges;fill_dfs_edges;fill_dfs_edges;fill_dfs_edges;fill_dfs_edges;fill_dfs_edges;fill_dfs_edges;fill_dfs_edges
0.28% 0x7fc08754724a;main;cnf2ddnnf_cmd_line;load_hdtree_from_file;dtree_skeleton2hdtree;initialize_hdtree;initialize_hdtree;initialize_hdtree;initialize_hdtree;initialize_hdtree;initialize_hdtree;initialize_hdtree;initialize_hdtree;initialize_hdtree;initialize_hdtree;initialize_hdtree;initialize_hdtree;initialize_hdtree;initialize_hdtree;initialize_hdtree;initialize_hdtree;initialize_hdtree;initialize_hdtree;initialize_hdtree;edges_concat;new_hgr_edges
0.28% 0x7fc08754724a;main;cnf2ddnnf_cmd_line;load_hdtree_from_file;dtree_skeleton2hdtree;node2edges
0.28% 0x7fc08754724a;main;__isoc99_fscanf;0x7fc08757f00f
0.28% 0x7fc08754724a;main;get_cnf_from_file;read_line
0.28% 0x7fc08754724a;main;get_cnf_from_file;asm_exc_page_fault
    95.07%     0.00%  c2d      c2d                   [.] main
89.00% main;cnf2ddnnf_cmd_line;free_cache_manager
0.58% main;cnf2ddnnf_cmd_line;free_cache_manager;__irqentry_text_end
0.30% main;cnf2ddnnf_cmd_line;construct_dtree_manager;initialize_dtree_separators;fill_separators;fill_separators;fill_separators
0.30% main;cnf2ddnnf_cmd_line;free_hdtree;free_hdtree;free_hdtree;free_hdtree;free_hdtree
0.30% main;cnf2ddnnf_cmd_line;compile_cnf;compile_dt;select_separator;0x7fc08778e1d0;asm_exc_page_fault;exc_page_fault;do_user_addr_fault;handle_mm_fault;__handle_mm_fault;do_fault;filemap_map_pages;do_set_pte;page_add_file_rmap;__mod_lruvec_page_state;__mod_memcg_lruvec_state;cgroup_rstat_updated
0.30% main;cnf2ddnnf_cmd_line;compile_cnf;compile_dt;compile_dt;compile_decomposed;lookup_or_compile_dt;compile_dt;compile_dt;compile_dt;compile_decomposed;lookup_or_compile_dt;compile_dt;decide_literal;set_literal
0.29% main;cnf2ddnnf_cmd_line;compile_cnf;compile_dt;compile_dt;compile_dt;compile_decomposed;lookup_or_compile_dt;compile_dt;compile_dt;compile_dt;compile_decomposed;conjoin_relevant_lits;get_and_node;asm_exc_page_fault;exc_page_fault;do_user_addr_fault;handle_mm_fault;__handle_mm_fault;do_huge_pmd_wp_page;__split_huge_pmd
0.29% main;cnf2ddnnf_cmd_line;free_cache_manager;error_entry;sync_regs
0.29% main;cnf2ddnnf_cmd_line;free_cache_manager;asm_exc_page_fault;exc_page_fault;do_user_addr_fault;handle_mm_fault;__handle_mm_fault;do_huge_pmd_anonymous_page;pte_alloc_one;__alloc_pages;__memcg_kmem_charge_page;try_charge_memcg
0.29% main;cnf2ddnnf_cmd_line;free_cache_manager;asm_exc_page_fault;exc_page_fault;do_user_addr_fault;handle_mm_fault;__handle_mm_fault;do_huge_pmd_anonymous_page;pte_alloc_one;__alloc_pages;get_page_from_freelist;clear_page_rep
0.29% main;cnf2ddnnf_cmd_line;free_cache_manager;asm_exc_page_fault;exc_page_fault;do_user_addr_fault;handle_mm_fault;__handle_mm_fault;do_huge_pmd_anonymous_page;pte_alloc_one
0.29% main;cnf2ddnnf_cmd_line;free_cache_manager;asm_exc_page_fault;exc_page_fault;do_user_addr_fault;lock_mm_and_find_vma;find_vma;mt_find;mtree_range_walk
0.29% main;cnf2ddnnf_cmd_line;free_dtree_manager;free_dtree;free_dtree;free_dtree;free_dtree;free_dtree;free_dtree;free_dtree;free_dtree;free_dtree;free_dtree;free_dtree;free_dtree
0.28% main;cnf2ddnnf_cmd_line;construct_dtree_manager;hdtree2dtree;hdtree2dtree;hdtree2dtree;hdtree2dtree;hdtree2dtree;hdtree2dtree;hdtree2dtree;hdtree2dtree;hdtree2dtree;hdtree2dtree;hdtree2dtree;hdtree2dtree;hdtree2dtree;hdtree2dtree;hdtree2dtree;hdtree2dtree;hdtree2dtree;hdtree2dtree;hdtree2dtree;hdtree2dtree;hdtree2dtree
0.28% main;cnf2ddnnf_cmd_line;construct_dtree_manager;qsort
0.28% main;cnf2ddnnf_cmd_line;hdtree2edge_order;fill_dfs_edges;fill_dfs_edges;fill_dfs_edges;fill_dfs_edges;fill_dfs_edges;fill_dfs_edges;fill_dfs_edges;fill_dfs_edges;fill_dfs_edges;fill_dfs_edges;fill_dfs_edges;fill_dfs_edges;fill_dfs_edges;fill_dfs_edges;fill_dfs_edges;fill_dfs_edges;fill_dfs_edges;fill_dfs_edges;fill_dfs_edges
0.28% main;cnf2ddnnf_cmd_line;load_hdtree_from_file;dtree_skeleton2hdtree;initialize_hdtree;initialize_hdtree;initialize_hdtree;initialize_hdtree;initialize_hdtree;initialize_hdtree;initialize_hdtree;initialize_hdtree;initialize_hdtree;initialize_hdtree;initialize_hdtree;initialize_hdtree;initialize_hdtree;initialize_hdtree;initialize_hdtree;initialize_hdtree;initialize_hdtree;initialize_hdtree;initialize_hdtree;edges_concat;new_hgr_edges
0.28% main;cnf2ddnnf_cmd_line;load_hdtree_from_file;dtree_skeleton2hdtree;node2edges
0.28% main;__isoc99_fscanf;0x7fc08757f00f
0.28% main;get_cnf_from_file;read_line
0.28% main;get_cnf_from_file;asm_exc_page_fault
    94.23%     0.00%  c2d      c2d                   [.] cnf2ddnnf_cmd_line
89.00% cnf2ddnnf_cmd_line;free_cache_manager
0.58% cnf2ddnnf_cmd_line;free_cache_manager;__irqentry_text_end
0.30% cnf2ddnnf_cmd_line;construct_dtree_manager;initialize_dtree_separators;fill_separators;fill_separators;fill_separators
0.30% cnf2ddnnf_cmd_line;free_hdtree;free_hdtree;free_hdtree;free_hdtree;free_hdtree
0.30% cnf2ddnnf_cmd_line;compile_cnf;compile_dt;select_separator;0x7fc08778e1d0;asm_exc_page_fault;exc_page_fault;do_user_addr_fault;handle_mm_fault;__handle_mm_fault;do_fault;filemap_map_pages;do_set_pte;page_add_file_rmap;__mod_lruvec_page_state;__mod_memcg_lruvec_state;cgroup_rstat_updated
0.30% cnf2ddnnf_cmd_line;compile_cnf;compile_dt;compile_dt;compile_decomposed;lookup_or_compile_dt;compile_dt;compile_dt;compile_dt;compile_decomposed;lookup_or_compile_dt;compile_dt;decide_literal;set_literal
0.29% cnf2ddnnf_cmd_line;compile_cnf;compile_dt;compile_dt;compile_dt;compile_decomposed;lookup_or_compile_dt;compile_dt;compile_dt;compile_dt;compile_decomposed;conjoin_relevant_lits;get_and_node;asm_exc_page_fault;exc_page_fault;do_user_addr_fault;handle_mm_fault;__handle_mm_fault;do_huge_pmd_wp_page;__split_huge_pmd
0.29% cnf2ddnnf_cmd_line;free_cache_manager;error_entry;sync_regs
0.29% cnf2ddnnf_cmd_line;free_cache_manager;asm_exc_page_fault;exc_page_fault;do_user_addr_fault;handle_mm_fault;__handle_mm_fault;do_huge_pmd_anonymous_page;pte_alloc_one;__alloc_pages;__memcg_kmem_charge_page;try_charge_memcg
0.29% cnf2ddnnf_cmd_line;free_cache_manager;asm_exc_page_fault;exc_page_fault;do_user_addr_fault;handle_mm_fault;__handle_mm_fault;do_huge_pmd_anonymous_page;pte_alloc_one;__alloc_pages;get_page_from_freelist;clear_page_rep
0.29% cnf2ddnnf_cmd_line;free_cache_manager;asm_exc_page_fault;exc_page_fault;do_user_addr_fault;handle_mm_fault;__handle_mm_fault;do_huge_pmd_anonymous_page;pte_alloc_one
0.29% cnf2ddnnf_cmd_line;free_cache_manager;asm_exc_page_fault;exc_page_fault;do_user_addr_fault;lock_mm_and_find_vma;find_vma;mt_find;mtree_range_walk
0.29% cnf2ddnnf_cmd_line;free_dtree_manager;free_dtree;free_dtree;free_dtree;free_dtree;free_dtree;free_dtree;free_dtree;free_dtree;free_dtree;free_dtree;free_dtree;free_dtree
0.28% cnf2ddnnf_cmd_line;construct_dtree_manager;hdtree2dtree;hdtree2dtree;hdtree2dtree;hdtree2dtree;hdtree2dtree;hdtree2dtree;hdtree2dtree;hdtree2dtree;hdtree2dtree;hdtree2dtree;hdtree2dtree;hdtree2dtree;hdtree2dtree;hdtree2dtree;hdtree2dtree;hdtree2dtree;hdtree2dtree;hdtree2dtree;hdtree2dtree;hdtree2dtree;hdtree2dtree
0.28% cnf2ddnnf_cmd_line;construct_dtree_manager;qsort
0.28% cnf2ddnnf_cmd_line;hdtree2edge_order;fill_dfs_edges;fill_dfs_edges;fill_dfs_edges;fill_dfs_edges;fill_dfs_edges;fill_dfs_edges;fill_dfs_edges;fill_dfs_edges;fill_dfs_edges;fill_dfs_edges;fill_dfs_edges;fill_dfs_edges;fill_dfs_edges;fill_dfs_edges;fill_dfs_edges;fill_dfs_edges;fill_dfs_edges;fill_dfs_edges;fill_dfs_edges
0.28% cnf2ddnnf_cmd_line;load_hdtree_from_file;dtree_skeleton2hdtree;initialize_hdtree;initialize_hdtree;initialize_hdtree;initialize_hdtree;initialize_hdtree;initialize_hdtree;initialize_hdtree;initialize_hdtree;initialize_hdtree;initialize_hdtree;initialize_hdtree;initialize_hdtree;initialize_hdtree;initialize_hdtree;initialize_hdtree;initialize_hdtree;initialize_hdtree;initialize_hdtree;initialize_hdtree;edges_concat;new_hgr_edges
0.28% cnf2ddnnf_cmd_line;load_hdtree_from_file;dtree_skeleton2hdtree;node2edges
    91.04%    89.00%  c2d      c2d                   [.] free_cache_manager
89.00% 0x7fc08754724a;main;cnf2ddnnf_cmd_line;free_cache_manager
0.58% free_cache_manager;__irqentry_text_end
0.29% free_cache_manager;error_entry;sync_regs
0.29% free_cache_manager;asm_exc_page_fault;exc_page_fault;do_user_addr_fault;handle_mm_fault;__handle_mm_fault;do_huge_pmd_anonymous_page;pte_alloc_one;__alloc_pages;__memcg_kmem_charge_page;try_charge_memcg
0.29% free_cache_manager;asm_exc_page_fault;exc_page_fault;do_user_addr_fault;handle_mm_fault;__handle_mm_fault;do_huge_pmd_anonymous_page;pte_alloc_one;__alloc_pages;get_page_from_freelist;clear_page_rep
0.29% free_cache_manager;asm_exc_page_fault;exc_page_fault;do_user_addr_fault;handle_mm_fault;__handle_mm_fault;do_huge_pmd_anonymous_page;pte_alloc_one
0.29% free_cache_manager;asm_exc_page_fault;exc_page_fault;do_user_addr_fault;lock_mm_and_find_vma;find_vma;mt_find;mtree_range_walk
     2.49%     0.00%  c2d      [kernel.kallsyms]     [k] asm_exc_page_fault
0.30% asm_exc_page_fault;exc_page_fault;do_user_addr_fault;handle_mm_fault;__handle_mm_fault;do_fault;filemap_map_pages;do_set_pte;page_add_file_rmap;__mod_lruvec_page_state;__mod_memcg_lruvec_state;cgroup_rstat_updated
0.29% asm_exc_page_fault;exc_page_fault;do_user_addr_fault;handle_mm_fault;__handle_mm_fault;do_huge_pmd_wp_page;__split_huge_pmd
0.29% asm_exc_page_fault;exc_page_fault;do_user_addr_fault;handle_mm_fault;__handle_mm_fault;do_huge_pmd_anonymous_page;pte_alloc_one;__alloc_pages;__memcg_kmem_charge_page;try_charge_memcg
0.29% asm_exc_page_fault;exc_page_fault;do_user_addr_fault;handle_mm_fault;__handle_mm_fault;do_huge_pmd_anonymous_page;pte_alloc_one;__alloc_pages;get_page_from_freelist;clear_page_rep
0.29% asm_exc_page_fault;exc_page_fault;do_user_addr_fault;handle_mm_fault;__handle_mm_fault;do_huge_pmd_anonymous_page;pte_alloc_one
0.29% asm_exc_page_fault;exc_page_fault;do_user_addr_fault;lock_mm_and_find_vma;find_vma;mt_find;mtree_range_walk
0.28% asm_exc_page_fault
0.26% asm_exc_page_fault;exc_page_fault;do_user_addr_fault;handle_mm_fault;__handle_mm_fault;do_fault;filemap_map_pages;next_uptodate_page
0.20% asm_exc_page_fault;exc_page_fault;do_user_addr_fault;handle_mm_fault;__handle_mm_fault;__pmd_alloc;__alloc_pages;get_page_from_freelist;clear_page_rep
     2.21%     0.00%  c2d      [kernel.kallsyms]     [k] entry_SYSCALL_64_after_hwframe
0.29% entry_SYSCALL_64_after_hwframe;do_syscall_64;__x64_sys_exit_group;do_group_exit;do_exit;__mmput;exit_mmap;unmap_vmas;unmap_page_range;_compound_head
0.29% entry_SYSCALL_64_after_hwframe;do_syscall_64;__x64_sys_exit_group;do_group_exit;do_exit;__mmput;exit_mmap;tlb_finish_mmu;tlb_batch_pages_flush;release_pages
0.28% entry_SYSCALL_64_after_hwframe;do_syscall_64;ksys_read;vfs_read;xfs_file_read_iter;xfs_file_buffered_read;filemap_read;filemap_get_pages;page_cache_ra_order;read_pages;blk_finish_plug;__blk_flush_plug;blk_mq_flush_plug_list.part.0;blk_mq_sched_insert_requests;__blk_mq_run_hw_queue;blk_mq_sched_dispatch_requests;__blk_mq_sched_dispatch_requests;blk_mq_do_dispatch_sched;dd_dispatch_request;__dd_dispatch_request;deadline_remove_request
0.28% entry_SYSCALL_64_after_hwframe;do_syscall_64;syscall_exit_to_user_mode;exit_to_user_mode_prepare;task_work_run;__fput
0.24% entry_SYSCALL_64_after_hwframe;do_syscall_64;ksys_mmap_pgoff;vm_mmap_pgoff;do_mmap;mmap_region;do_mas_munmap;do_mas_align_munmap;__split_vma;__vma_adjust;vma_interval_tree_remove
0.24% entry_SYSCALL_64_after_hwframe;do_syscall_64;vm_mmap_pgoff;do_mmap;mmap_region;do_mas_munmap;do_mas_align_munmap;unmap_region;free_pgtables;unlink_file_vma;vma_interval_tree_remove
0.22% entry_SYSCALL_64_after_hwframe;do_syscall_64;vm_mmap_pgoff;do_mmap;mmap_region;mas_store_prealloc;mas_destroy
0.20% entry_SYSCALL_64_after_hwframe;do_syscall_64;__x64_sys_execve;do_execveat_common.isra.0;bprm_execve;load_elf_binary;padzero;clear_user_rep_good;asm_exc_page_fault;exc_page_fault;do_user_addr_fault;handle_mm_fault;__handle_mm_fault;__pmd_alloc;__alloc_pages;get_page_from_freelist;clear_page_rep
0.13% entry_SYSCALL_64_after_hwframe;do_syscall_64;__x64_sys_execve;do_execveat_common.isra.0;bprm_execve;load_elf_binary;setup_arg_pages;expand_downwards;mas_prev;mas_prev_node
0.04% entry_SYSCALL_64_after_hwframe;do_syscall_64;__x64_sys_execve;do_execveat_common.isra.0;bprm_execve;load_elf_binary;begin_new_exec;perf_event_comm;perf_iterate_sb;perf_iterate_ctx;perf_event_comm_output;__perf_event__output_id_sample;perf_output_copy;__output_copy
     2.21%     0.00%  c2d      [kernel.kallsyms]     [k] do_syscall_64
0.29% do_syscall_64;__x64_sys_exit_group;do_group_exit;do_exit;__mmput;exit_mmap;unmap_vmas;unmap_page_range;_compound_head
0.29% do_syscall_64;__x64_sys_exit_group;do_group_exit;do_exit;__mmput;exit_mmap;tlb_finish_mmu;tlb_batch_pages_flush;release_pages
0.28% do_syscall_64;ksys_read;vfs_read;xfs_file_read_iter;xfs_file_buffered_read;filemap_read;filemap_get_pages;page_cache_ra_order;read_pages;blk_finish_plug;__blk_flush_plug;blk_mq_flush_plug_list.part.0;blk_mq_sched_insert_requests;__blk_mq_run_hw_queue;blk_mq_sched_dispatch_requests;__blk_mq_sched_dispatch_requests;blk_mq_do_dispatch_sched;dd_dispatch_request;__dd_dispatch_request;deadline_remove_request
0.28% do_syscall_64;syscall_exit_to_user_mode;exit_to_user_mode_prepare;task_work_run;__fput
0.24% do_syscall_64;ksys_mmap_pgoff;vm_mmap_pgoff;do_mmap;mmap_region;do_mas_munmap;do_mas_align_munmap;__split_vma;__vma_adjust;vma_interval_tree_remove
0.24% do_syscall_64;vm_mmap_pgoff;do_mmap;mmap_region;do_mas_munmap;do_mas_align_munmap;unmap_region;free_pgtables;unlink_file_vma;vma_interval_tree_remove
0.22% do_syscall_64;vm_mmap_pgoff;do_mmap;mmap_region;mas_store_prealloc;mas_destroy
0.20% do_syscall_64;__x64_sys_execve;do_execveat_common.isra.0;bprm_execve;load_elf_binary;padzero;clear_user_rep_good;asm_exc_page_fault;exc_page_fault;do_user_addr_fault;handle_mm_fault;__handle_mm_fault;__pmd_alloc;__alloc_pages;get_page_from_freelist;clear_page_rep
0.13% do_syscall_64;__x64_sys_execve;do_execveat_common.isra.0;bprm_execve;load_elf_binary;setup_arg_pages;expand_downwards;mas_prev;mas_prev_node
0.04% do_syscall_64;__x64_sys_execve;do_execveat_common.isra.0;bprm_execve;load_elf_binary;begin_new_exec;perf_event_comm;perf_iterate_sb;perf_iterate_ctx;perf_event_comm_output;__perf_event__output_id_sample;perf_output_copy;__output_copy
     2.21%     0.00%  c2d      [kernel.kallsyms]     [k] exc_page_fault
0.30% exc_page_fault;do_user_addr_fault;handle_mm_fault;__handle_mm_fault;do_fault;filemap_map_pages;do_set_pte;page_add_file_rmap;__mod_lruvec_page_state;__mod_memcg_lruvec_state;cgroup_rstat_updated
0.29% exc_page_fault;do_user_addr_fault;handle_mm_fault;__handle_mm_fault;do_huge_pmd_wp_page;__split_huge_pmd
0.29% exc_page_fault;do_user_addr_fault;handle_mm_fault;__handle_mm_fault;do_huge_pmd_anonymous_page;pte_alloc_one;__alloc_pages;__memcg_kmem_charge_page;try_charge_memcg
0.29% exc_page_fault;do_user_addr_fault;handle_mm_fault;__handle_mm_fault;do_huge_pmd_anonymous_page;pte_alloc_one;__alloc_pages;get_page_from_freelist;clear_page_rep
0.29% exc_page_fault;do_user_addr_fault;handle_mm_fault;__handle_mm_fault;do_huge_pmd_anonymous_page;pte_alloc_one
0.29% exc_page_fault;do_user_addr_fault;lock_mm_and_find_vma;find_vma;mt_find;mtree_range_walk
0.26% exc_page_fault;do_user_addr_fault;handle_mm_fault;__handle_mm_fault;do_fault;filemap_map_pages;next_uptodate_page
0.20% exc_page_fault;do_user_addr_fault;handle_mm_fault;__handle_mm_fault;__pmd_alloc;__alloc_pages;get_page_from_freelist;clear_page_rep
     2.21%     0.00%  c2d      [kernel.kallsyms]     [k] do_user_addr_fault
0.30% do_user_addr_fault;handle_mm_fault;__handle_mm_fault;do_fault;filemap_map_pages;do_set_pte;page_add_file_rmap;__mod_lruvec_page_state;__mod_memcg_lruvec_state;cgroup_rstat_updated
0.29% do_user_addr_fault;handle_mm_fault;__handle_mm_fault;do_huge_pmd_wp_page;__split_huge_pmd
0.29% do_user_addr_fault;handle_mm_fault;__handle_mm_fault;do_huge_pmd_anonymous_page;pte_alloc_one;__alloc_pages;__memcg_kmem_charge_page;try_charge_memcg
0.29% do_user_addr_fault;handle_mm_fault;__handle_mm_fault;do_huge_pmd_anonymous_page;pte_alloc_one;__alloc_pages;get_page_from_freelist;clear_page_rep
0.29% do_user_addr_fault;handle_mm_fault;__handle_mm_fault;do_huge_pmd_anonymous_page;pte_alloc_one
0.29% do_user_addr_fault;lock_mm_and_find_vma;find_vma;mt_find;mtree_range_walk
0.26% do_user_addr_fault;handle_mm_fault;__handle_mm_fault;do_fault;filemap_map_pages;next_uptodate_page
0.20% do_user_addr_fault;handle_mm_fault;__handle_mm_fault;__pmd_alloc;__alloc_pages;get_page_from_freelist;clear_page_rep
     1.92%     0.00%  c2d      [kernel.kallsyms]     [k] handle_mm_fault
0.30% handle_mm_fault;__handle_mm_fault;do_fault;filemap_map_pages;do_set_pte;page_add_file_rmap;__mod_lruvec_page_state;__mod_memcg_lruvec_state;cgroup_rstat_updated
0.29% handle_mm_fault;__handle_mm_fault;do_huge_pmd_wp_page;__split_huge_pmd
0.29% handle_mm_fault;__handle_mm_fault;do_huge_pmd_anonymous_page;pte_alloc_one;__alloc_pages;__memcg_kmem_charge_page;try_charge_memcg
0.29% handle_mm_fault;__handle_mm_fault;do_huge_pmd_anonymous_page;pte_alloc_one;__alloc_pages;get_page_from_freelist;clear_page_rep
0.29% handle_mm_fault;__handle_mm_fault;do_huge_pmd_anonymous_page;pte_alloc_one
0.26% handle_mm_fault;__handle_mm_fault;do_fault;filemap_map_pages;next_uptodate_page
0.20% handle_mm_fault;__handle_mm_fault;__pmd_alloc;__alloc_pages;get_page_from_freelist;clear_page_rep
     1.92%     0.00%  c2d      [kernel.kallsyms]     [k] __handle_mm_fault
0.30% __handle_mm_fault;do_fault;filemap_map_pages;do_set_pte;page_add_file_rmap;__mod_lruvec_page_state;__mod_memcg_lruvec_state;cgroup_rstat_updated
0.29% __handle_mm_fault;do_huge_pmd_wp_page;__split_huge_pmd
0.29% __handle_mm_fault;do_huge_pmd_anonymous_page;pte_alloc_one;__alloc_pages;__memcg_kmem_charge_page;try_charge_memcg
0.29% __handle_mm_fault;do_huge_pmd_anonymous_page;pte_alloc_one;__alloc_pages;get_page_from_freelist;clear_page_rep
0.29% __handle_mm_fault;do_huge_pmd_anonymous_page;pte_alloc_one
0.26% __handle_mm_fault;do_fault;filemap_map_pages;next_uptodate_page
0.20% __handle_mm_fault;__pmd_alloc;__alloc_pages;get_page_from_freelist;clear_page_rep
     0.89%     0.00%  c2d      c2d                   [.] compile_cnf
0.30% compile_cnf;compile_dt;select_separator;0x7fc08778e1d0;asm_exc_page_fault;exc_page_fault;do_user_addr_fault;handle_mm_fault;__handle_mm_fault;do_fault;filemap_map_pages;do_set_pte;page_add_file_rmap;__mod_lruvec_page_state;__mod_memcg_lruvec_state;cgroup_rstat_updated
0.30% compile_cnf;compile_dt;compile_dt;compile_decomposed;lookup_or_compile_dt;compile_dt;compile_dt;compile_dt;compile_decomposed;lookup_or_compile_dt;compile_dt;decide_literal;set_literal
0.29% compile_cnf;compile_dt;compile_dt;compile_dt;compile_decomposed;lookup_or_compile_dt;compile_dt;compile_dt;compile_dt;compile_decomposed;conjoin_relevant_lits;get_and_node;asm_exc_page_fault;exc_page_fault;do_user_addr_fault;handle_mm_fault;__handle_mm_fault;do_huge_pmd_wp_page;__split_huge_pmd
     0.89%     0.00%  c2d      c2d                   [.] compile_dt
0.30% compile_dt;select_separator;0x7fc08778e1d0;asm_exc_page_fault;exc_page_fault;do_user_addr_fault;handle_mm_fault;__handle_mm_fault;do_fault;filemap_map_pages;do_set_pte;page_add_file_rmap;__mod_lruvec_page_state;__mod_memcg_lruvec_state;cgroup_rstat_updated
0.30% compile_dt;compile_dt;compile_decomposed;lookup_or_compile_dt;compile_dt;compile_dt;compile_dt;compile_decomposed;lookup_or_compile_dt;compile_dt;decide_literal;set_literal
0.29% compile_dt;compile_dt;compile_dt;compile_decomposed;lookup_or_compile_dt;compile_dt;compile_dt;compile_dt;compile_decomposed;conjoin_relevant_lits;get_and_node;asm_exc_page_fault;exc_page_fault;do_user_addr_fault;handle_mm_fault;__handle_mm_fault;do_huge_pmd_wp_page;__split_huge_pmd
     0.87%     0.29%  c2d      [kernel.kallsyms]     [k] pte_alloc_one
0.29% pte_alloc_one;__alloc_pages;__memcg_kmem_charge_page;try_charge_memcg
0.29% pte_alloc_one;__alloc_pages;get_page_from_freelist;clear_page_rep
0.29% 0x7fc08754724a;main;cnf2ddnnf_cmd_line;free_cache_manager;asm_exc_page_fault;exc_page_fault;do_user_addr_fault;handle_mm_fault;__handle_mm_fault;do_huge_pmd_anonymous_page;pte_alloc_one
     0.87%     0.00%  c2d      [kernel.kallsyms]     [k] do_huge_pmd_anonymous_page
0.29% do_huge_pmd_anonymous_page;pte_alloc_one;__alloc_pages;__memcg_kmem_charge_page;try_charge_memcg
0.29% do_huge_pmd_anonymous_page;pte_alloc_one;__alloc_pages;get_page_from_freelist;clear_page_rep
0.29% do_huge_pmd_anonymous_page;pte_alloc_one
     0.87%     0.00%  c2d      c2d                   [.] construct_dtree_manager
0.30% construct_dtree_manager;initialize_dtree_separators;fill_separators;fill_separators;fill_separators
0.28% construct_dtree_manager;hdtree2dtree;hdtree2dtree;hdtree2dtree;hdtree2dtree;hdtree2dtree;hdtree2dtree;hdtree2dtree;hdtree2dtree;hdtree2dtree;hdtree2dtree;hdtree2dtree;hdtree2dtree;hdtree2dtree;hdtree2dtree;hdtree2dtree;hdtree2dtree;hdtree2dtree;hdtree2dtree;hdtree2dtree;hdtree2dtree;hdtree2dtree
0.28% construct_dtree_manager;qsort
     0.86%     0.86%  c2d      [kernel.kallsyms]     [k] __irqentry_text_end
0.58% 0x7fc08754724a;main;cnf2ddnnf_cmd_line;free_cache_manager;__irqentry_text_end
0.28% 0x7fc0875c9d36;__irqentry_text_end
     0.80%     0.00%  c2d      ld-linux-x86-64.so.2  [.] 0x00007fc087a53a58
0.28% 0x7fc087a53a58;0x7fc087a5322f;0x7fc087a59b27;entry_SYSCALL_64_after_hwframe;do_syscall_64;syscall_exit_to_user_mode;exit_to_user_mode_prepare;task_work_run;__fput
0.27% 0x7fc087a53a58;0x7fc087a5322f;0x7fc087a56c99;0x7fc087a472dc
0.26% 0x7fc087a53a58;0x7fc087a5322f;0x7fc087a56c99;__exp_finite;asm_exc_page_fault;exc_page_fault;do_user_addr_fault;handle_mm_fault;__handle_mm_fault;do_fault;filemap_map_pages;next_uptodate_page
     0.80%     0.00%  c2d      ld-linux-x86-64.so.2  [.] 0x00007fc087a5322f
0.28% 0x7fc087a5322f;0x7fc087a59b27;entry_SYSCALL_64_after_hwframe;do_syscall_64;syscall_exit_to_user_mode;exit_to_user_mode_prepare;task_work_run;__fput
0.27% 0x7fc087a5322f;0x7fc087a56c99;0x7fc087a472dc
0.26% 0x7fc087a5322f;0x7fc087a56c99;__exp_finite;asm_exc_page_fault;exc_page_fault;do_user_addr_fault;handle_mm_fault;__handle_mm_fault;do_fault;filemap_map_pages;next_uptodate_page
     0.78%     0.00%  c2d      [kernel.kallsyms]     [k] __alloc_pages
0.49% __alloc_pages;get_page_from_freelist;clear_page_rep
0.29% __alloc_pages;__memcg_kmem_charge_page;try_charge_memcg
     0.71%     0.00%  c2d      ld-linux-x86-64.so.2  [.] 0x00007fc087a59ae3
0.24% 0x7fc087a59ae3;entry_SYSCALL_64_after_hwframe;do_syscall_64;ksys_mmap_pgoff;vm_mmap_pgoff;do_mmap;mmap_region;do_mas_munmap;do_mas_align_munmap;__split_vma;__vma_adjust;vma_interval_tree_remove
0.24% 0x7fc087a59ae3;entry_SYSCALL_64_after_hwframe;do_syscall_64;vm_mmap_pgoff;do_mmap;mmap_region;do_mas_munmap;do_mas_align_munmap;unmap_region;free_pgtables;unlink_file_vma;vma_interval_tree_remove
0.22% 0x7fc087a59ae3;entry_SYSCALL_64_after_hwframe;do_syscall_64;vm_mmap_pgoff;do_mmap;mmap_region;mas_store_prealloc;mas_destroy
     0.71%     0.00%  c2d      [kernel.kallsyms]     [k] vm_mmap_pgoff
0.24% vm_mmap_pgoff;do_mmap;mmap_region;do_mas_munmap;do_mas_align_munmap;__split_vma;__vma_adjust;vma_interval_tree_remove
0.24% vm_mmap_pgoff;do_mmap;mmap_region;do_mas_munmap;do_mas_align_munmap;unmap_region;free_pgtables;unlink_file_vma;vma_interval_tree_remove
0.22% vm_mmap_pgoff;do_mmap;mmap_region;mas_store_prealloc;mas_destroy
     0.71%     0.00%  c2d      [kernel.kallsyms]     [k] do_mmap
0.24% do_mmap;mmap_region;do_mas_munmap;do_mas_align_munmap;__split_vma;__vma_adjust;vma_interval_tree_remove
0.24% do_mmap;mmap_region;do_mas_munmap;do_mas_align_munmap;unmap_region;free_pgtables;unlink_file_vma;vma_interval_tree_remove
0.22% do_mmap;mmap_region;mas_store_prealloc;mas_destroy
     0.71%     0.00%  c2d      [kernel.kallsyms]     [k] mmap_region
0.24% mmap_region;do_mas_munmap;do_mas_align_munmap;__split_vma;__vma_adjust;vma_interval_tree_remove
0.24% mmap_region;do_mas_munmap;do_mas_align_munmap;unmap_region;free_pgtables;unlink_file_vma;vma_interval_tree_remove
0.22% mmap_region;mas_store_prealloc;mas_destroy
     0.59%     0.00%  c2d      c2d                   [.] compile_decomposed
0.30% compile_decomposed;lookup_or_compile_dt;compile_dt;compile_dt;compile_dt;compile_decomposed;lookup_or_compile_dt;compile_dt;decide_literal;set_literal
0.29% compile_decomposed;lookup_or_compile_dt;compile_dt;compile_dt;compile_dt;compile_decomposed;conjoin_relevant_lits;get_and_node;asm_exc_page_fault;exc_page_fault;do_user_addr_fault;handle_mm_fault;__handle_mm_fault;do_huge_pmd_wp_page;__split_huge_pmd
     0.59%     0.00%  c2d      c2d                   [.] lookup_or_compile_dt
0.30% lookup_or_compile_dt;compile_dt;compile_dt;compile_dt;compile_decomposed;lookup_or_compile_dt;compile_dt;decide_literal;set_literal
0.29% lookup_or_compile_dt;compile_dt;compile_dt;compile_dt;compile_decomposed;conjoin_relevant_lits;get_and_node;asm_exc_page_fault;exc_page_fault;do_user_addr_fault;handle_mm_fault;__handle_mm_fault;do_huge_pmd_wp_page;__split_huge_pmd
     0.58%     0.00%  c2d      [kernel.kallsyms]     [k] __x64_sys_exit_group
0.29% __x64_sys_exit_group;do_group_exit;do_exit;__mmput;exit_mmap;unmap_vmas;unmap_page_range;_compound_head
0.29% __x64_sys_exit_group;do_group_exit;do_exit;__mmput;exit_mmap;tlb_finish_mmu;tlb_batch_pages_flush;release_pages
     0.58%     0.00%  c2d      [kernel.kallsyms]     [k] do_group_exit
0.29% do_group_exit;do_exit;__mmput;exit_mmap;unmap_vmas;unmap_page_range;_compound_head
0.29% do_group_exit;do_exit;__mmput;exit_mmap;tlb_finish_mmu;tlb_batch_pages_flush;release_pages
     0.58%     0.00%  c2d      [kernel.kallsyms]     [k] do_exit
0.29% do_exit;__mmput;exit_mmap;unmap_vmas;unmap_page_range;_compound_head
0.29% do_exit;__mmput;exit_mmap;tlb_finish_mmu;tlb_batch_pages_flush;release_pages
     0.58%     0.00%  c2d      [kernel.kallsyms]     [k] __mmput
0.29% __mmput;exit_mmap;unmap_vmas;unmap_page_range;_compound_head
0.29% __mmput;exit_mmap;tlb_finish_mmu;tlb_batch_pages_flush;release_pages
     0.58%     0.00%  c2d      [kernel.kallsyms]     [k] exit_mmap
0.29% exit_mmap;unmap_vmas;unmap_page_range;_compound_head
0.29% exit_mmap;tlb_finish_mmu;tlb_batch_pages_flush;release_pages
     0.56%     0.00%  c2d      c2d                   [.] load_hdtree_from_file
0.28% load_hdtree_from_file;dtree_skeleton2hdtree;initialize_hdtree;initialize_hdtree;initialize_hdtree;initialize_hdtree;initialize_hdtree;initialize_hdtree;initialize_hdtree;initialize_hdtree;initialize_hdtree;initialize_hdtree;initialize_hdtree;initialize_hdtree;initialize_hdtree;initialize_hdtree;initialize_hdtree;initialize_hdtree;initialize_hdtree;initialize_hdtree;initialize_hdtree;edges_concat;new_hgr_edges
0.28% load_hdtree_from_file;dtree_skeleton2hdtree;node2edges
     0.56%     0.00%  c2d      c2d                   [.] dtree_skeleton2hdtree
0.28% dtree_skeleton2hdtree;initialize_hdtree;initialize_hdtree;initialize_hdtree;initialize_hdtree;initialize_hdtree;initialize_hdtree;initialize_hdtree;initialize_hdtree;initialize_hdtree;initialize_hdtree;initialize_hdtree;initialize_hdtree;initialize_hdtree;initialize_hdtree;initialize_hdtree;initialize_hdtree;initialize_hdtree;initialize_hdtree;initialize_hdtree;edges_concat;new_hgr_edges
0.28% dtree_skeleton2hdtree;node2edges
     0.56%     0.00%  c2d      c2d                   [.] get_cnf_from_file
0.28% get_cnf_from_file;read_line
0.28% get_cnf_from_file;asm_exc_page_fault
     0.56%     0.00%  c2d      [kernel.kallsyms]     [k] do_fault
0.30% do_fault;filemap_map_pages;do_set_pte;page_add_file_rmap;__mod_lruvec_page_state;__mod_memcg_lruvec_state;cgroup_rstat_updated
0.26% do_fault;filemap_map_pages;next_uptodate_page
     0.56%     0.00%  c2d      [kernel.kallsyms]     [k] filemap_map_pages
0.30% filemap_map_pages;do_set_pte;page_add_file_rmap;__mod_lruvec_page_state;__mod_memcg_lruvec_state;cgroup_rstat_updated
0.26% filemap_map_pages;next_uptodate_page
     0.53%     0.00%  c2d      ld-linux-x86-64.so.2  [.] 0x00007fc087a56c99
0.27% 0x7fc087a56c99;0x7fc087a472dc
0.26% 0x7fc087a56c99;__exp_finite;asm_exc_page_fault;exc_page_fault;do_user_addr_fault;handle_mm_fault;__handle_mm_fault;do_fault;filemap_map_pages;next_uptodate_page
     0.49%     0.49%  c2d      [kernel.kallsyms]     [k] clear_page_rep
0.29% 0x7fc08754724a;main;cnf2ddnnf_cmd_line;free_cache_manager;asm_exc_page_fault;exc_page_fault;do_user_addr_fault;handle_mm_fault;__handle_mm_fault;do_huge_pmd_anonymous_page;pte_alloc_one;__alloc_pages;get_page_from_freelist;clear_page_rep
0.20% 0x7f67f82f3a97;entry_SYSCALL_64_after_hwframe;do_syscall_64;__x64_sys_execve;do_execveat_common.isra.0;bprm_execve;load_elf_binary;padzero;clear_user_rep_good;asm_exc_page_fault;exc_page_fault;do_user_addr_fault;handle_mm_fault;__handle_mm_fault;__pmd_alloc;__alloc_pages;get_page_from_freelist;clear_page_rep
     0.49%     0.00%  c2d      [kernel.kallsyms]     [k] get_page_from_freelist
0.49% get_page_from_freelist;clear_page_rep
     0.48%     0.48%  c2d      [kernel.kallsyms]     [k] vma_interval_tree_remove
0.24% 0x7fc087a6c8a8;0x7fc087a41075;0x7fc087a59ae3;entry_SYSCALL_64_after_hwframe;do_syscall_64;ksys_mmap_pgoff;vm_mmap_pgoff;do_mmap;mmap_region;do_mas_munmap;do_mas_align_munmap;__split_vma;__vma_adjust;vma_interval_tree_remove
0.24% 0x7fc087a6c8a8;0x7fc087a41075;0x7fc087a59ae3;entry_SYSCALL_64_after_hwframe;do_syscall_64;vm_mmap_pgoff;do_mmap;mmap_region;do_mas_munmap;do_mas_align_munmap;unmap_region;free_pgtables;unlink_file_vma;vma_interval_tree_remove
     0.48%     0.00%  c2d      [unknown]             [k] 0x00007fc087a6c8a8
0.24% 0x7fc087a6c8a8;0x7fc087a41075;0x7fc087a59ae3;entry_SYSCALL_64_after_hwframe;do_syscall_64;ksys_mmap_pgoff;vm_mmap_pgoff;do_mmap;mmap_region;do_mas_munmap;do_mas_align_munmap;__split_vma;__vma_adjust;vma_interval_tree_remove
0.24% 0x7fc087a6c8a8;0x7fc087a41075;0x7fc087a59ae3;entry_SYSCALL_64_after_hwframe;do_syscall_64;vm_mmap_pgoff;do_mmap;mmap_region;do_mas_munmap;do_mas_align_munmap;unmap_region;free_pgtables;unlink_file_vma;vma_interval_tree_remove
     0.48%     0.00%  c2d      ld-linux-x86-64.so.2  [.] 0x00007fc087a41075
0.24% 0x7fc087a41075;0x7fc087a59ae3;entry_SYSCALL_64_after_hwframe;do_syscall_64;ksys_mmap_pgoff;vm_mmap_pgoff;do_mmap;mmap_region;do_mas_munmap;do_mas_align_munmap;__split_vma;__vma_adjust;vma_interval_tree_remove
0.24% 0x7fc087a41075;0x7fc087a59ae3;entry_SYSCALL_64_after_hwframe;do_syscall_64;vm_mmap_pgoff;do_mmap;mmap_region;do_mas_munmap;do_mas_align_munmap;unmap_region;free_pgtables;unlink_file_vma;vma_interval_tree_remove
     0.48%     0.00%  c2d      [kernel.kallsyms]     [k] do_mas_munmap
0.24% do_mas_munmap;do_mas_align_munmap;__split_vma;__vma_adjust;vma_interval_tree_remove
0.24% do_mas_munmap;do_mas_align_munmap;unmap_region;free_pgtables;unlink_file_vma;vma_interval_tree_remove
     0.48%     0.00%  c2d      [kernel.kallsyms]     [k] do_mas_align_munmap
0.24% do_mas_align_munmap;__split_vma;__vma_adjust;vma_interval_tree_remove
0.24% do_mas_align_munmap;unmap_region;free_pgtables;unlink_file_vma;vma_interval_tree_remove
     0.37%     0.00%  c2d      [unknown]             [k] 0x00007f67f82f3a97
0.20% 0x7f67f82f3a97;entry_SYSCALL_64_after_hwframe;do_syscall_64;__x64_sys_execve;do_execveat_common.isra.0;bprm_execve;load_elf_binary;padzero;clear_user_rep_good;asm_exc_page_fault;exc_page_fault;do_user_addr_fault;handle_mm_fault;__handle_mm_fault;__pmd_alloc;__alloc_pages;get_page_from_freelist;clear_page_rep
0.13% 0x7f67f82f3a97;entry_SYSCALL_64_after_hwframe;do_syscall_64;__x64_sys_execve;do_execveat_common.isra.0;bprm_execve;load_elf_binary;setup_arg_pages;expand_downwards;mas_prev;mas_prev_node
0.04% 0x7f67f82f3a97;entry_SYSCALL_64_after_hwframe;do_syscall_64;__x64_sys_execve;do_execveat_common.isra.0;bprm_execve;load_elf_binary;begin_new_exec;perf_event_comm;perf_iterate_sb;perf_iterate_ctx;perf_event_comm_output;__perf_event__output_id_sample;perf_output_copy;__output_copy
     0.37%     0.00%  c2d      [kernel.kallsyms]     [k] __x64_sys_execve
0.20% __x64_sys_execve;do_execveat_common.isra.0;bprm_execve;load_elf_binary;padzero;clear_user_rep_good;asm_exc_page_fault;exc_page_fault;do_user_addr_fault;handle_mm_fault;__handle_mm_fault;__pmd_alloc;__alloc_pages;get_page_from_freelist;clear_page_rep
0.13% __x64_sys_execve;do_execveat_common.isra.0;bprm_execve;load_elf_binary;setup_arg_pages;expand_downwards;mas_prev;mas_prev_node
0.04% __x64_sys_execve;do_execveat_common.isra.0;bprm_execve;load_elf_binary;begin_new_exec;perf_event_comm;perf_iterate_sb;perf_iterate_ctx;perf_event_comm_output;__perf_event__output_id_sample;perf_output_copy;__output_copy
     0.37%     0.00%  c2d      [kernel.kallsyms]     [k] do_execveat_common.isra.0
0.20% do_execveat_common.isra.0;bprm_execve;load_elf_binary;padzero;clear_user_rep_good;asm_exc_page_fault;exc_page_fault;do_user_addr_fault;handle_mm_fault;__handle_mm_fault;__pmd_alloc;__alloc_pages;get_page_from_freelist;clear_page_rep
0.13% do_execveat_common.isra.0;bprm_execve;load_elf_binary;setup_arg_pages;expand_downwards;mas_prev;mas_prev_node
0.04% do_execveat_common.isra.0;bprm_execve;load_elf_binary;begin_new_exec;perf_event_comm;perf_iterate_sb;perf_iterate_ctx;perf_event_comm_output;__perf_event__output_id_sample;perf_output_copy;__output_copy
     0.37%     0.00%  c2d      [kernel.kallsyms]     [k] bprm_execve
0.20% bprm_execve;load_elf_binary;padzero;clear_user_rep_good;asm_exc_page_fault;exc_page_fault;do_user_addr_fault;handle_mm_fault;__handle_mm_fault;__pmd_alloc;__alloc_pages;get_page_from_freelist;clear_page_rep
0.13% bprm_execve;load_elf_binary;setup_arg_pages;expand_downwards;mas_prev;mas_prev_node
0.04% bprm_execve;load_elf_binary;begin_new_exec;perf_event_comm;perf_iterate_sb;perf_iterate_ctx;perf_event_comm_output;__perf_event__output_id_sample;perf_output_copy;__output_copy
     0.37%     0.00%  c2d      [kernel.kallsyms]     [k] load_elf_binary
0.20% load_elf_binary;padzero;clear_user_rep_good;asm_exc_page_fault;exc_page_fault;do_user_addr_fault;handle_mm_fault;__handle_mm_fault;__pmd_alloc;__alloc_pages;get_page_from_freelist;clear_page_rep
0.13% load_elf_binary;setup_arg_pages;expand_downwards;mas_prev;mas_prev_node
0.04% load_elf_binary;begin_new_exec;perf_event_comm;perf_iterate_sb;perf_iterate_ctx;perf_event_comm_output;__perf_event__output_id_sample;perf_output_copy;__output_copy
     0.30%     0.30%  c2d      c2d                   [.] fill_separators
0.30% 0x7fc08754724a;main;cnf2ddnnf_cmd_line;construct_dtree_manager;initialize_dtree_separators;fill_separators;fill_separators;fill_separators
     0.30%     0.00%  c2d      c2d                   [.] initialize_dtree_separators
0.30% initialize_dtree_separators;fill_separators;fill_separators;fill_separators
     0.30%     0.30%  c2d      c2d                   [.] free_hdtree
0.30% 0x7fc08754724a;main;cnf2ddnnf_cmd_line;free_hdtree;free_hdtree;free_hdtree;free_hdtree;free_hdtree
     0.30%     0.30%  c2d      [kernel.kallsyms]     [k] cgroup_rstat_updated
0.30% 0x7fc08754724a;main;cnf2ddnnf_cmd_line;compile_cnf;compile_dt;select_separator;0x7fc08778e1d0;asm_exc_page_fault;exc_page_fault;do_user_addr_fault;handle_mm_fault;__handle_mm_fault;do_fault;filemap_map_pages;do_set_pte;page_add_file_rmap;__mod_lruvec_page_state;__mod_memcg_lruvec_state;cgroup_rstat_updated
     0.30%     0.00%  c2d      c2d                   [.] select_separator
0.30% select_separator;0x7fc08778e1d0;asm_exc_page_fault;exc_page_fault;do_user_addr_fault;handle_mm_fault;__handle_mm_fault;do_fault;filemap_map_pages;do_set_pte;page_add_file_rmap;__mod_lruvec_page_state;__mod_memcg_lruvec_state;cgroup_rstat_updated
     0.30%     0.00%  c2d      libm.so.6             [.] 0x00007fc08778e1d0
0.30% 0x7fc08778e1d0;asm_exc_page_fault;exc_page_fault;do_user_addr_fault;handle_mm_fault;__handle_mm_fault;do_fault;filemap_map_pages;do_set_pte;page_add_file_rmap;__mod_lruvec_page_state;__mod_memcg_lruvec_state;cgroup_rstat_updated
     0.30%     0.00%  c2d      [kernel.kallsyms]     [k] do_set_pte
0.30% do_set_pte;page_add_file_rmap;__mod_lruvec_page_state;__mod_memcg_lruvec_state;cgroup_rstat_updated
     0.30%     0.00%  c2d      [kernel.kallsyms]     [k] page_add_file_rmap
0.30% page_add_file_rmap;__mod_lruvec_page_state;__mod_memcg_lruvec_state;cgroup_rstat_updated
     0.30%     0.00%  c2d      [kernel.kallsyms]     [k] __mod_lruvec_page_state
0.30% __mod_lruvec_page_state;__mod_memcg_lruvec_state;cgroup_rstat_updated
     0.30%     0.00%  c2d      [kernel.kallsyms]     [k] __mod_memcg_lruvec_state
0.30% __mod_memcg_lruvec_state;cgroup_rstat_updated
     0.30%     0.30%  c2d      c2d                   [.] set_literal
0.30% 0x7fc08754724a;main;cnf2ddnnf_cmd_line;compile_cnf;compile_dt;compile_dt;compile_decomposed;lookup_or_compile_dt;compile_dt;compile_dt;compile_dt;compile_decomposed;lookup_or_compile_dt;compile_dt;decide_literal;set_literal
     0.30%     0.00%  c2d      c2d                   [.] decide_literal
0.30% decide_literal;set_literal
     0.29%     0.29%  c2d      [kernel.kallsyms]     [k] __split_huge_pmd
0.29% 0x7fc08754724a;main;cnf2ddnnf_cmd_line;compile_cnf;compile_dt;compile_dt;compile_dt;compile_decomposed;lookup_or_compile_dt;compile_dt;compile_dt;compile_dt;compile_decomposed;conjoin_relevant_lits;get_and_node;asm_exc_page_fault;exc_page_fault;do_user_addr_fault;handle_mm_fault;__handle_mm_fault;do_huge_pmd_wp_page;__split_huge_pmd
     0.29%     0.00%  c2d      c2d                   [.] conjoin_relevant_lits
0.29% conjoin_relevant_lits;get_and_node;asm_exc_page_fault;exc_page_fault;do_user_addr_fault;handle_mm_fault;__handle_mm_fault;do_huge_pmd_wp_page;__split_huge_pmd
     0.29%     0.00%  c2d      c2d                   [.] get_and_node
0.29% get_and_node;asm_exc_page_fault;exc_page_fault;do_user_addr_fault;handle_mm_fault;__handle_mm_fault;do_huge_pmd_wp_page;__split_huge_pmd
     0.29%     0.00%  c2d      [kernel.kallsyms]     [k] do_huge_pmd_wp_page
0.29% do_huge_pmd_wp_page;__split_huge_pmd
     0.29%     0.29%  c2d      [kernel.kallsyms]     [k] sync_regs
0.29% 0x7fc08754724a;main;cnf2ddnnf_cmd_line;free_cache_manager;error_entry;sync_regs
     0.29%     0.00%  c2d      [kernel.kallsyms]     [k] error_entry
0.29% error_entry;sync_regs
     0.29%     0.29%  c2d      [kernel.kallsyms]     [k] try_charge_memcg
0.29% 0x7fc08754724a;main;cnf2ddnnf_cmd_line;free_cache_manager;asm_exc_page_fault;exc_page_fault;do_user_addr_fault;handle_mm_fault;__handle_mm_fault;do_huge_pmd_anonymous_page;pte_alloc_one;__alloc_pages;__memcg_kmem_charge_page;try_charge_memcg
     0.29%     0.00%  c2d      [kernel.kallsyms]     [k] __memcg_kmem_charge_page
0.29% __memcg_kmem_charge_page;try_charge_memcg
     0.29%     0.29%  c2d      [kernel.kallsyms]     [k] mtree_range_walk
0.29% 0x7fc08754724a;main;cnf2ddnnf_cmd_line;free_cache_manager;asm_exc_page_fault;exc_page_fault;do_user_addr_fault;lock_mm_and_find_vma;find_vma;mt_find;mtree_range_walk
     0.29%     0.00%  c2d      [kernel.kallsyms]     [k] lock_mm_and_find_vma
0.29% lock_mm_and_find_vma;find_vma;mt_find;mtree_range_walk
     0.29%     0.00%  c2d      [kernel.kallsyms]     [k] find_vma
0.29% find_vma;mt_find;mtree_range_walk
     0.29%     0.00%  c2d      [kernel.kallsyms]     [k] mt_find
0.29% mt_find;mtree_range_walk
     0.29%     0.29%  c2d      [kernel.kallsyms]     [k] _compound_head
0.29% entry_SYSCALL_64_after_hwframe;do_syscall_64;__x64_sys_exit_group;do_group_exit;do_exit;__mmput;exit_mmap;unmap_vmas;unmap_page_range;_compound_head
     0.29%     0.00%  c2d      [kernel.kallsyms]     [k] unmap_vmas
0.29% unmap_vmas;unmap_page_range;_compound_head
     0.29%     0.00%  c2d      [kernel.kallsyms]     [k] unmap_page_range
0.29% unmap_page_range;_compound_head
     0.29%     0.29%  c2d      libc.so.6             [.] __cxa_finalize
0.29% 0x7fc087a0b0b0;0x7fc087a0b0b0;0x7fc087a0b0b0;0x7fc087a0b0b0;0x7fc087a0b0b0;0x7fc087a0b0b0;0x7fc087a0b0b0;0x7fc087a0b0b0;0x7fc087a0b0b0;0x7fc087a0b0b0;0x7fc087a0b0b0;0x7fc087a0b0b0;0x7fc087a0b0b0;0x7fc087a0b0b0;0x7fc087a0b0b0;0x7fc087a0b0b0;0x7fc087a0b0b0;0x7fc087a0b0b0;0x7fc087a0b0b0;0x7fc087a0b0b0;0x7fc087a0b0b0;0x7fc087a0b0b0;0x7fc087a0b0b0;0x7fc087a0b0b0;0x7fc087a0b0b0;0x7fc087a0b0b0;0x7fc087a0b0b0;0x7fc087a0b0b0;0x7fc087a0b0b0;0x7fc087a0b0b0;0x7fc087a0b0b0;0x7fc087a0b0b0;0x7fc087a0b0b0;0x7fc087a0b0b0;0x7fc087a0b0b0;0x7fc087a0b0b0;0x7fc087a0b0b0;0x7fc087a0b0b0;0x7fc087a0b0b0;0x7fc087a0b0b0;0x7fc087a0b0b0;0x7fc087a0b0b0;0x7fc087a0b0b0;0x7fc087a0b0b0;0x7fc087a0b0b0;0x7fc087a0b0b0;0x7fc087a0b0b0;0x7fc087a0b0b0;0x7fc087a0b0b0;0x7fc087a0b0b0;0x7fc087a0b0b0;0x7fc087a0b0b0;0x7fc087a0b0b0;0x7fc087a0b0b0;0x7fc087a0b0b0;0x7fc087a0b0b0;0x7fc087a0b0b0;0x7fc087a0b0b0;0x7fc087a0b0b0;0x7fc087a0b0b0;0x7fc087a0b0b0;0x7fc087a0b0b0;0x7fc087a0b0b0;0x7fc087a0b0b0;0x7fc087a0b0b0;0x7fc087a0b0b0;0x7fc087a0b0b0;0x7fc087a0b0b0;0x7fc087a0b0b0;0x7fc087a0b0b0;0x7fc087a0b0b0;0x7fc087a0b0b0;0x7fc087a0b0b0;0x7fc087a0b0b0;0x7fc087a0b0b0;0x7fc087a0b0b0;0x7fc087a0b0b0;0x7fc087a0b0b0;0x7fc087a0b0b0;0x7fc087a0b0b0;0x7fc087a0b0b0;0x7fc087a0b0b0;0x7fc087a0b0b0;0x7fc087a0b0b0;0x7fc087a0b0b0;0x7fc087a0b0b0;0x7fc087a0b0b0;0x7fc087a0b0b0;0x7fc087a0b0b0;0x7fc087a0b0b0;0x7fc087a0b0b0;0x7fc087a0b0b0;0x7fc087a0b0b0;0x7fc087a0b0b0;0x7fc087a0b0b0;0x7fc087a0b0b0;0x7fc087a0b0b0;0x7fc087a0b0b0;0x7fc087a0b0b0;0x7fc087a0b0b0;0x7fc087a0b0b0;0x7fc087a0b0b0;0x7fc087a0b0b0;0x7fc087a0b0b0;0x7fc087a0b0b0;0x7fc087a0b0b0;0x7fc087a0b0b0;0x7fc087a0b0b0;0x7fc087a0b0b0;0x7fc087a0b0b0;0x7fc087a0b0b0;0x7fc087a0b0b0;0x7fc087a0b0b0;0x7fc087a0b0b0;0x7fc087a0b0b0;0x7fc087a0b0b0;0x7fc087a0b0b0;0x7fc087a0b0b0;0x7fc087a0b0b0;0x7fc087a0b0b0;0x7fc087a0b0b0;0x7fc087a0b0b0;0x7fc087a0b0b0;0x7fc087a0b0b0;0x7fc087a0b0b0;0x7fc087a0b0b0;__cxa_finalize
     0.29%     0.00%  c2d      [unknown]             [.] 0x00007fc087a0b0b0
0.29% 0x7fc087a0b0b0;0x7fc087a0b0b0;0x7fc087a0b0b0;0x7fc087a0b0b0;0x7fc087a0b0b0;0x7fc087a0b0b0;0x7fc087a0b0b0;0x7fc087a0b0b0;0x7fc087a0b0b0;0x7fc087a0b0b0;0x7fc087a0b0b0;0x7fc087a0b0b0;0x7fc087a0b0b0;0x7fc087a0b0b0;0x7fc087a0b0b0;0x7fc087a0b0b0;0x7fc087a0b0b0;0x7fc087a0b0b0;0x7fc087a0b0b0;0x7fc087a0b0b0;0x7fc087a0b0b0;0x7fc087a0b0b0;0x7fc087a0b0b0;0x7fc087a0b0b0;0x7fc087a0b0b0;0x7fc087a0b0b0;0x7fc087a0b0b0;0x7fc087a0b0b0;0x7fc087a0b0b0;0x7fc087a0b0b0;0x7fc087a0b0b0;0x7fc087a0b0b0;0x7fc087a0b0b0;0x7fc087a0b0b0;0x7fc087a0b0b0;0x7fc087a0b0b0;0x7fc087a0b0b0;0x7fc087a0b0b0;0x7fc087a0b0b0;0x7fc087a0b0b0;0x7fc087a0b0b0;0x7fc087a0b0b0;0x7fc087a0b0b0;0x7fc087a0b0b0;0x7fc087a0b0b0;0x7fc087a0b0b0;0x7fc087a0b0b0;0x7fc087a0b0b0;0x7fc087a0b0b0;0x7fc087a0b0b0;0x7fc087a0b0b0;0x7fc087a0b0b0;0x7fc087a0b0b0;0x7fc087a0b0b0;0x7fc087a0b0b0;0x7fc087a0b0b0;0x7fc087a0b0b0;0x7fc087a0b0b0;0x7fc087a0b0b0;0x7fc087a0b0b0;0x7fc087a0b0b0;0x7fc087a0b0b0;0x7fc087a0b0b0;0x7fc087a0b0b0;0x7fc087a0b0b0;0x7fc087a0b0b0;0x7fc087a0b0b0;0x7fc087a0b0b0;0x7fc087a0b0b0;0x7fc087a0b0b0;0x7fc087a0b0b0;0x7fc087a0b0b0;0x7fc087a0b0b0;0x7fc087a0b0b0;0x7fc087a0b0b0;0x7fc087a0b0b0;0x7fc087a0b0b0;0x7fc087a0b0b0;0x7fc087a0b0b0;0x7fc087a0b0b0;0x7fc087a0b0b0;0x7fc087a0b0b0;0x7fc087a0b0b0;0x7fc087a0b0b0;0x7fc087a0b0b0;0x7fc087a0b0b0;0x7fc087a0b0b0;0x7fc087a0b0b0;0x7fc087a0b0b0;0x7fc087a0b0b0;0x7fc087a0b0b0;0x7fc087a0b0b0;0x7fc087a0b0b0;0x7fc087a0b0b0;0x7fc087a0b0b0;0x7fc087a0b0b0;0x7fc087a0b0b0;0x7fc087a0b0b0;0x7fc087a0b0b0;0x7fc087a0b0b0;0x7fc087a0b0b0;0x7fc087a0b0b0;0x7fc087a0b0b0;0x7fc087a0b0b0;0x7fc087a0b0b0;0x7fc087a0b0b0;0x7fc087a0b0b0;0x7fc087a0b0b0;0x7fc087a0b0b0;0x7fc087a0b0b0;0x7fc087a0b0b0;0x7fc087a0b0b0;0x7fc087a0b0b0;0x7fc087a0b0b0;0x7fc087a0b0b0;0x7fc087a0b0b0;0x7fc087a0b0b0;0x7fc087a0b0b0;0x7fc087a0b0b0;0x7fc087a0b0b0;0x7fc087a0b0b0;0x7fc087a0b0b0;0x7fc087a0b0b0;0x7fc087a0b0b0;0x7fc087a0b0b0;0x7fc087a0b0b0;__cxa_finalize
     0.29%     0.29%  c2d      c2d                   [.] free_dtree
0.29% 0x7fc08754724a;main;cnf2ddnnf_cmd_line;free_dtree_manager;free_dtree;free_dtree;free_dtree;free_dtree;free_dtree;free_dtree;free_dtree;free_dtree;free_dtree;free_dtree;free_dtree;free_dtree
     0.29%     0.00%  c2d      c2d                   [.] free_dtree_manager
0.29% free_dtree_manager;free_dtree;free_dtree;free_dtree;free_dtree;free_dtree;free_dtree;free_dtree;free_dtree;free_dtree;free_dtree;free_dtree;free_dtree
     0.29%     0.29%  c2d      [kernel.kallsyms]     [k] release_pages
0.29% entry_SYSCALL_64_after_hwframe;do_syscall_64;__x64_sys_exit_group;do_group_exit;do_exit;__mmput;exit_mmap;tlb_finish_mmu;tlb_batch_pages_flush;release_pages
     0.29%     0.00%  c2d      [kernel.kallsyms]     [k] tlb_finish_mmu
0.29% tlb_finish_mmu;tlb_batch_pages_flush;release_pages
     0.29%     0.00%  c2d      [kernel.kallsyms]     [k] tlb_batch_pages_flush
0.29% tlb_batch_pages_flush;release_pages
     0.28%     0.28%  c2d      c2d                   [.] hdtree2dtree
0.28% 0x7fc08754724a;main;cnf2ddnnf_cmd_line;construct_dtree_manager;hdtree2dtree;hdtree2dtree;hdtree2dtree;hdtree2dtree;hdtree2dtree;hdtree2dtree;hdtree2dtree;hdtree2dtree;hdtree2dtree;hdtree2dtree;hdtree2dtree;hdtree2dtree;hdtree2dtree;hdtree2dtree;hdtree2dtree;hdtree2dtree;hdtree2dtree;hdtree2dtree;hdtree2dtree;hdtree2dtree;hdtree2dtree
     0.28%     0.28%  c2d      libc.so.6             [.] qsort
0.28% 0x7fc08754724a;main;cnf2ddnnf_cmd_line;construct_dtree_manager;qsort
     0.28%     0.28%  c2d      c2d                   [.] fill_dfs_edges
0.28% 0x7fc08754724a;main;cnf2ddnnf_cmd_line;hdtree2edge_order;fill_dfs_edges;fill_dfs_edges;fill_dfs_edges;fill_dfs_edges;fill_dfs_edges;fill_dfs_edges;fill_dfs_edges;fill_dfs_edges;fill_dfs_edges;fill_dfs_edges;fill_dfs_edges;fill_dfs_edges;fill_dfs_edges;fill_dfs_edges;fill_dfs_edges;fill_dfs_edges;fill_dfs_edges;fill_dfs_edges;fill_dfs_edges
     0.28%     0.00%  c2d      c2d                   [.] hdtree2edge_order
0.28% hdtree2edge_order;fill_dfs_edges;fill_dfs_edges;fill_dfs_edges;fill_dfs_edges;fill_dfs_edges;fill_dfs_edges;fill_dfs_edges;fill_dfs_edges;fill_dfs_edges;fill_dfs_edges;fill_dfs_edges;fill_dfs_edges;fill_dfs_edges;fill_dfs_edges;fill_dfs_edges;fill_dfs_edges;fill_dfs_edges;fill_dfs_edges;fill_dfs_edges
     0.28%     0.28%  c2d      [kernel.kallsyms]     [k] deadline_remove_request
0.28% 0;read;entry_SYSCALL_64_after_hwframe;do_syscall_64;ksys_read;vfs_read;xfs_file_read_iter;xfs_file_buffered_read;filemap_read;filemap_get_pages;page_cache_ra_order;read_pages;blk_finish_plug;__blk_flush_plug;blk_mq_flush_plug_list.part.0;blk_mq_sched_insert_requests;__blk_mq_run_hw_queue;blk_mq_sched_dispatch_requests;__blk_mq_sched_dispatch_requests;blk_mq_do_dispatch_sched;dd_dispatch_request;__dd_dispatch_request;deadline_remove_request
     0.28%     0.00%  c2d      [unknown]             [k] 0000000000000000
0.28% 0;read;entry_SYSCALL_64_after_hwframe;do_syscall_64;ksys_read;vfs_read;xfs_file_read_iter;xfs_file_buffered_read;filemap_read;filemap_get_pages;page_cache_ra_order;read_pages;blk_finish_plug;__blk_flush_plug;blk_mq_flush_plug_list.part.0;blk_mq_sched_insert_requests;__blk_mq_run_hw_queue;blk_mq_sched_dispatch_requests;__blk_mq_sched_dispatch_requests;blk_mq_do_dispatch_sched;dd_dispatch_request;__dd_dispatch_request;deadline_remove_request
     0.28%     0.00%  c2d      libc.so.6             [.] read
0.28% read;entry_SYSCALL_64_after_hwframe;do_syscall_64;ksys_read;vfs_read;xfs_file_read_iter;xfs_file_buffered_read;filemap_read;filemap_get_pages;page_cache_ra_order;read_pages;blk_finish_plug;__blk_flush_plug;blk_mq_flush_plug_list.part.0;blk_mq_sched_insert_requests;__blk_mq_run_hw_queue;blk_mq_sched_dispatch_requests;__blk_mq_sched_dispatch_requests;blk_mq_do_dispatch_sched;dd_dispatch_request;__dd_dispatch_request;deadline_remove_request
     0.28%     0.00%  c2d      [kernel.kallsyms]     [k] ksys_read
0.28% ksys_read;vfs_read;xfs_file_read_iter;xfs_file_buffered_read;filemap_read;filemap_get_pages;page_cache_ra_order;read_pages;blk_finish_plug;__blk_flush_plug;blk_mq_flush_plug_list.part.0;blk_mq_sched_insert_requests;__blk_mq_run_hw_queue;blk_mq_sched_dispatch_requests;__blk_mq_sched_dispatch_requests;blk_mq_do_dispatch_sched;dd_dispatch_request;__dd_dispatch_request;deadline_remove_request
     0.28%     0.00%  c2d      [kernel.kallsyms]     [k] vfs_read
0.28% vfs_read;xfs_file_read_iter;xfs_file_buffered_read;filemap_read;filemap_get_pages;page_cache_ra_order;read_pages;blk_finish_plug;__blk_flush_plug;blk_mq_flush_plug_list.part.0;blk_mq_sched_insert_requests;__blk_mq_run_hw_queue;blk_mq_sched_dispatch_requests;__blk_mq_sched_dispatch_requests;blk_mq_do_dispatch_sched;dd_dispatch_request;__dd_dispatch_request;deadline_remove_request
     0.28%     0.00%  c2d      [xfs]                 [k] xfs_file_read_iter
0.28% xfs_file_read_iter;xfs_file_buffered_read;filemap_read;filemap_get_pages;page_cache_ra_order;read_pages;blk_finish_plug;__blk_flush_plug;blk_mq_flush_plug_list.part.0;blk_mq_sched_insert_requests;__blk_mq_run_hw_queue;blk_mq_sched_dispatch_requests;__blk_mq_sched_dispatch_requests;blk_mq_do_dispatch_sched;dd_dispatch_request;__dd_dispatch_request;deadline_remove_request
     0.28%     0.00%  c2d      [xfs]                 [k] xfs_file_buffered_read
0.28% xfs_file_buffered_read;filemap_read;filemap_get_pages;page_cache_ra_order;read_pages;blk_finish_plug;__blk_flush_plug;blk_mq_flush_plug_list.part.0;blk_mq_sched_insert_requests;__blk_mq_run_hw_queue;blk_mq_sched_dispatch_requests;__blk_mq_sched_dispatch_requests;blk_mq_do_dispatch_sched;dd_dispatch_request;__dd_dispatch_request;deadline_remove_request
     0.28%     0.00%  c2d      [kernel.kallsyms]     [k] filemap_read
0.28% filemap_read;filemap_get_pages;page_cache_ra_order;read_pages;blk_finish_plug;__blk_flush_plug;blk_mq_flush_plug_list.part.0;blk_mq_sched_insert_requests;__blk_mq_run_hw_queue;blk_mq_sched_dispatch_requests;__blk_mq_sched_dispatch_requests;blk_mq_do_dispatch_sched;dd_dispatch_request;__dd_dispatch_request;deadline_remove_request
     0.28%     0.00%  c2d      [kernel.kallsyms]     [k] filemap_get_pages
0.28% filemap_get_pages;page_cache_ra_order;read_pages;blk_finish_plug;__blk_flush_plug;blk_mq_flush_plug_list.part.0;blk_mq_sched_insert_requests;__blk_mq_run_hw_queue;blk_mq_sched_dispatch_requests;__blk_mq_sched_dispatch_requests;blk_mq_do_dispatch_sched;dd_dispatch_request;__dd_dispatch_request;deadline_remove_request
     0.28%     0.00%  c2d      [kernel.kallsyms]     [k] page_cache_ra_order
0.28% page_cache_ra_order;read_pages;blk_finish_plug;__blk_flush_plug;blk_mq_flush_plug_list.part.0;blk_mq_sched_insert_requests;__blk_mq_run_hw_queue;blk_mq_sched_dispatch_requests;__blk_mq_sched_dispatch_requests;blk_mq_do_dispatch_sched;dd_dispatch_request;__dd_dispatch_request;deadline_remove_request
     0.28%     0.00%  c2d      [kernel.kallsyms]     [k] read_pages
0.28% read_pages;blk_finish_plug;__blk_flush_plug;blk_mq_flush_plug_list.part.0;blk_mq_sched_insert_requests;__blk_mq_run_hw_queue;blk_mq_sched_dispatch_requests;__blk_mq_sched_dispatch_requests;blk_mq_do_dispatch_sched;dd_dispatch_request;__dd_dispatch_request;deadline_remove_request
     0.28%     0.00%  c2d      [kernel.kallsyms]     [k] blk_finish_plug
0.28% blk_finish_plug;__blk_flush_plug;blk_mq_flush_plug_list.part.0;blk_mq_sched_insert_requests;__blk_mq_run_hw_queue;blk_mq_sched_dispatch_requests;__blk_mq_sched_dispatch_requests;blk_mq_do_dispatch_sched;dd_dispatch_request;__dd_dispatch_request;deadline_remove_request
     0.28%     0.00%  c2d      [kernel.kallsyms]     [k] __blk_flush_plug
0.28% __blk_flush_plug;blk_mq_flush_plug_list.part.0;blk_mq_sched_insert_requests;__blk_mq_run_hw_queue;blk_mq_sched_dispatch_requests;__blk_mq_sched_dispatch_requests;blk_mq_do_dispatch_sched;dd_dispatch_request;__dd_dispatch_request;deadline_remove_request
     0.28%     0.00%  c2d      [kernel.kallsyms]     [k] blk_mq_flush_plug_list.part.0
0.28% blk_mq_flush_plug_list.part.0;blk_mq_sched_insert_requests;__blk_mq_run_hw_queue;blk_mq_sched_dispatch_requests;__blk_mq_sched_dispatch_requests;blk_mq_do_dispatch_sched;dd_dispatch_request;__dd_dispatch_request;deadline_remove_request
     0.28%     0.00%  c2d      [kernel.kallsyms]     [k] blk_mq_sched_insert_requests
0.28% blk_mq_sched_insert_requests;__blk_mq_run_hw_queue;blk_mq_sched_dispatch_requests;__blk_mq_sched_dispatch_requests;blk_mq_do_dispatch_sched;dd_dispatch_request;__dd_dispatch_request;deadline_remove_request
     0.28%     0.00%  c2d      [kernel.kallsyms]     [k] __blk_mq_run_hw_queue
0.28% __blk_mq_run_hw_queue;blk_mq_sched_dispatch_requests;__blk_mq_sched_dispatch_requests;blk_mq_do_dispatch_sched;dd_dispatch_request;__dd_dispatch_request;deadline_remove_request
     0.28%     0.00%  c2d      [kernel.kallsyms]     [k] blk_mq_sched_dispatch_requests
0.28% blk_mq_sched_dispatch_requests;__blk_mq_sched_dispatch_requests;blk_mq_do_dispatch_sched;dd_dispatch_request;__dd_dispatch_request;deadline_remove_request
     0.28%     0.00%  c2d      [kernel.kallsyms]     [k] __blk_mq_sched_dispatch_requests
0.28% __blk_mq_sched_dispatch_requests;blk_mq_do_dispatch_sched;dd_dispatch_request;__dd_dispatch_request;deadline_remove_request
     0.28%     0.00%  c2d      [kernel.kallsyms]     [k] blk_mq_do_dispatch_sched
0.28% blk_mq_do_dispatch_sched;dd_dispatch_request;__dd_dispatch_request;deadline_remove_request
     0.28%     0.00%  c2d      [kernel.kallsyms]     [k] dd_dispatch_request
0.28% dd_dispatch_request;__dd_dispatch_request;deadline_remove_request
     0.28%     0.00%  c2d      [kernel.kallsyms]     [k] __dd_dispatch_request
0.28% __dd_dispatch_request;deadline_remove_request
     0.28%     0.28%  c2d      c2d                   [.] new_hgr_edges
0.28% 0x7fc08754724a;main;cnf2ddnnf_cmd_line;load_hdtree_from_file;dtree_skeleton2hdtree;initialize_hdtree;initialize_hdtree;initialize_hdtree;initialize_hdtree;initialize_hdtree;initialize_hdtree;initialize_hdtree;initialize_hdtree;initialize_hdtree;initialize_hdtree;initialize_hdtree;initialize_hdtree;initialize_hdtree;initialize_hdtree;initialize_hdtree;initialize_hdtree;initialize_hdtree;initialize_hdtree;initialize_hdtree;edges_concat;new_hgr_edges
     0.28%     0.00%  c2d      c2d                   [.] initialize_hdtree
0.28% initialize_hdtree;initialize_hdtree;initialize_hdtree;initialize_hdtree;initialize_hdtree;initialize_hdtree;initialize_hdtree;initialize_hdtree;initialize_hdtree;initialize_hdtree;initialize_hdtree;initialize_hdtree;initialize_hdtree;initialize_hdtree;initialize_hdtree;initialize_hdtree;initialize_hdtree;initialize_hdtree;initialize_hdtree;edges_concat;new_hgr_edges
     0.28%     0.00%  c2d      c2d                   [.] edges_concat
0.28% edges_concat;new_hgr_edges
     0.28%     0.28%  c2d      ld-linux-x86-64.so.2  [.] 0x00000000000225bf
0.28% 0x7fc087a5b5c4
     0.28%     0.00%  c2d      ld-linux-x86-64.so.2  [.] 0x00007fc087a5b5c4
0.28% 0x7fc087a5b5c4
     0.28%     0.28%  c2d      c2d                   [.] node2edges
0.28% 0x7fc08754724a;main;cnf2ddnnf_cmd_line;load_hdtree_from_file;dtree_skeleton2hdtree;node2edges
     0.28%     0.28%  c2d      libc.so.6             [.] 0x0000000000048d78
0.28% 0x7fc087568d7a
     0.28%     0.00%  c2d      libc.so.6             [.] 0x00007fc087568d7a
0.28% 0x7fc087568d7a
     0.28%     0.28%  c2d      c2d                   [.] read_line
0.28% 0x7fc08754724a;main;get_cnf_from_file;read_line
     0.28%     0.28%  c2d      libc.so.6             [.] 0x000000000005f00b
0.28% 0x7fc08754724a;main;__isoc99_fscanf;0x7fc08757f00f
     0.28%     0.00%  c2d      libc.so.6             [.] __isoc99_fscanf
0.28% __isoc99_fscanf;0x7fc08757f00f
     0.28%     0.00%  c2d      libc.so.6             [.] 0x00007fc08757f00f
0.28% 0x7fc08757f00f
     0.28%     0.28%  c2d      ld-linux-x86-64.so.2  [.] 0x000000000000fea7
0.28% 0x7fc08754724a;main;get_cnf_from_file;asm_exc_page_fault
     0.28%     0.00%  c2d      libc.so.6             [.] 0x00007fc0875c9d36
0.28% 0x7fc0875c9d36;__irqentry_text_end
     0.28%     0.28%  c2d      [kernel.kallsyms]     [k] __fput
0.28% 0x7fc087a53a58;0x7fc087a5322f;0x7fc087a59b27;entry_SYSCALL_64_after_hwframe;do_syscall_64;syscall_exit_to_user_mode;exit_to_user_mode_prepare;task_work_run;__fput
     0.28%     0.00%  c2d      ld-linux-x86-64.so.2  [.] 0x00007fc087a59b27
0.28% 0x7fc087a59b27;entry_SYSCALL_64_after_hwframe;do_syscall_64;syscall_exit_to_user_mode;exit_to_user_mode_prepare;task_work_run;__fput
     0.28%     0.00%  c2d      [kernel.kallsyms]     [k] syscall_exit_to_user_mode
0.28% syscall_exit_to_user_mode;exit_to_user_mode_prepare;task_work_run;__fput
     0.28%     0.00%  c2d      [kernel.kallsyms]     [k] exit_to_user_mode_prepare
0.28% exit_to_user_mode_prepare;task_work_run;__fput
     0.28%     0.00%  c2d      [kernel.kallsyms]     [k] task_work_run
0.28% task_work_run;__fput
     0.27%     0.27%  c2d      ld-linux-x86-64.so.2  [.] 0x000000000000e2d8
0.27% 0x7fc087a53a58;0x7fc087a5322f;0x7fc087a56c99;0x7fc087a472dc
     0.27%     0.00%  c2d      ld-linux-x86-64.so.2  [.] 0x00007fc087a472dc
0.27% 0x7fc087a472dc
     0.27%     0.27%  c2d      ld-linux-x86-64.so.2  [.] 0x000000000000996c
0.27% 0x1148f0;0x7fc08787a758;0x7fc087a42973
     0.27%     0.00%  c2d      [unknown]             [.] 0x00000000001148f0
0.27% 0x1148f0;0x7fc08787a758;0x7fc087a42973
     0.27%     0.00%  c2d      [unknown]             [.] 0x00007fc08787a758
0.27% 0x7fc08787a758;0x7fc087a42973
     0.27%     0.00%  c2d      ld-linux-x86-64.so.2  [.] 0x00007fc087a42973
0.27% 0x7fc087a42973
     0.27%     0.27%  c2d      ld-linux-x86-64.so.2  [.] 0x0000000000008fdd
0.27% 0x7fc087a41fe3
     0.27%     0.00%  c2d      ld-linux-x86-64.so.2  [.] 0x00007fc087a41fe3
0.27% 0x7fc087a41fe3
     0.26%     0.26%  c2d      ld-linux-x86-64.so.2  [.] 0x000000000000906c
0.26% 0x7fc087a42070
     0.26%     0.00%  c2d      ld-linux-x86-64.so.2  [.] 0x00007fc087a42070
0.26% 0x7fc087a42070
     0.26%     0.26%  c2d      [kernel.kallsyms]     [k] next_uptodate_page
0.26% 0x7fc087a53a58;0x7fc087a5322f;0x7fc087a56c99;__exp_finite;asm_exc_page_fault;exc_page_fault;do_user_addr_fault;handle_mm_fault;__handle_mm_fault;do_fault;filemap_map_pages;next_uptodate_page
     0.26%     0.00%  c2d      libm.so.6             [.] __exp_finite
0.26% __exp_finite;asm_exc_page_fault;exc_page_fault;do_user_addr_fault;handle_mm_fault;__handle_mm_fault;do_fault;filemap_map_pages;next_uptodate_page
     0.25%     0.25%  c2d      ld-linux-x86-64.so.2  [.] 0x00000000000123d2
0.25% 0x1409691972;0x7fc087a4b3d7
     0.25%     0.00%  c2d      [unknown]             [.] 0x0000001409691972
0.25% 0x1409691972;0x7fc087a4b3d7
     0.25%     0.00%  c2d      ld-linux-x86-64.so.2  [.] 0x00007fc087a4b3d7
0.25% 0x7fc087a4b3d7
     0.24%     0.00%  c2d      [kernel.kallsyms]     [k] ksys_mmap_pgoff
0.24% ksys_mmap_pgoff;vm_mmap_pgoff;do_mmap;mmap_region;do_mas_munmap;do_mas_align_munmap;__split_vma;__vma_adjust;vma_interval_tree_remove
     0.24%     0.00%  c2d      [kernel.kallsyms]     [k] __split_vma
0.24% __split_vma;__vma_adjust;vma_interval_tree_remove
     0.24%     0.00%  c2d      [kernel.kallsyms]     [k] __vma_adjust
0.24% __vma_adjust;vma_interval_tree_remove
     0.24%     0.00%  c2d      [kernel.kallsyms]     [k] unmap_region
0.24% unmap_region;free_pgtables;unlink_file_vma;vma_interval_tree_remove
     0.24%     0.00%  c2d      [kernel.kallsyms]     [k] free_pgtables
0.24% free_pgtables;unlink_file_vma;vma_interval_tree_remove
     0.24%     0.00%  c2d      [kernel.kallsyms]     [k] unlink_file_vma
0.24% unlink_file_vma;vma_interval_tree_remove
     0.22%     0.22%  c2d      [kernel.kallsyms]     [k] mas_destroy
0.22% 0x7fc087a59ae3;entry_SYSCALL_64_after_hwframe;do_syscall_64;vm_mmap_pgoff;do_mmap;mmap_region;mas_store_prealloc;mas_destroy
     0.22%     0.00%  c2d      [kernel.kallsyms]     [k] mas_store_prealloc
0.22% mas_store_prealloc;mas_destroy
     0.20%     0.00%  c2d      [kernel.kallsyms]     [k] padzero
0.20% padzero;clear_user_rep_good;asm_exc_page_fault;exc_page_fault;do_user_addr_fault;handle_mm_fault;__handle_mm_fault;__pmd_alloc;__alloc_pages;get_page_from_freelist;clear_page_rep
     0.20%     0.00%  c2d      [kernel.kallsyms]     [k] clear_user_rep_good
0.20% clear_user_rep_good;asm_exc_page_fault;exc_page_fault;do_user_addr_fault;handle_mm_fault;__handle_mm_fault;__pmd_alloc;__alloc_pages;get_page_from_freelist;clear_page_rep
     0.20%     0.00%  c2d      [kernel.kallsyms]     [k] __pmd_alloc
0.20% __pmd_alloc;__alloc_pages;get_page_from_freelist;clear_page_rep
     0.13%     0.13%  c2d      [kernel.kallsyms]     [k] mas_prev_node
0.13% 0x7f67f82f3a97;entry_SYSCALL_64_after_hwframe;do_syscall_64;__x64_sys_execve;do_execveat_common.isra.0;bprm_execve;load_elf_binary;setup_arg_pages;expand_downwards;mas_prev;mas_prev_node
     0.13%     0.00%  c2d      [kernel.kallsyms]     [k] setup_arg_pages
0.13% setup_arg_pages;expand_downwards;mas_prev;mas_prev_node
     0.13%     0.00%  c2d      [kernel.kallsyms]     [k] expand_downwards
0.13% expand_downwards;mas_prev;mas_prev_node
     0.13%     0.00%  c2d      [kernel.kallsyms]     [k] mas_prev
0.13% mas_prev;mas_prev_node
     0.04%     0.04%  c2d      [kernel.kallsyms]     [k] perf_output_copy
0.04% 0x7f67f82f3a97;entry_SYSCALL_64_after_hwframe;do_syscall_64;__x64_sys_execve;do_execveat_common.isra.0;bprm_execve;load_elf_binary;begin_new_exec;perf_event_comm;perf_iterate_sb;perf_iterate_ctx;perf_event_comm_output;__perf_event__output_id_sample;perf_output_copy;__output_copy
     0.04%     0.00%  c2d      [kernel.kallsyms]     [k] begin_new_exec
0.04% begin_new_exec;perf_event_comm;perf_iterate_sb;perf_iterate_ctx;perf_event_comm_output;__perf_event__output_id_sample;perf_output_copy;__output_copy
     0.04%     0.00%  c2d      [kernel.kallsyms]     [k] perf_event_comm
0.04% perf_event_comm;perf_iterate_sb;perf_iterate_ctx;perf_event_comm_output;__perf_event__output_id_sample;perf_output_copy;__output_copy
     0.04%     0.00%  c2d      [kernel.kallsyms]     [k] perf_iterate_sb
0.04% perf_iterate_sb;perf_iterate_ctx;perf_event_comm_output;__perf_event__output_id_sample;perf_output_copy;__output_copy
     0.04%     0.00%  c2d      [kernel.kallsyms]     [k] perf_iterate_ctx
0.04% perf_iterate_ctx;perf_event_comm_output;__perf_event__output_id_sample;perf_output_copy;__output_copy
     0.04%     0.00%  c2d      [kernel.kallsyms]     [k] perf_event_comm_output
0.04% perf_event_comm_output;__perf_event__output_id_sample;perf_output_copy;__output_copy
     0.04%     0.00%  c2d      [kernel.kallsyms]     [k] __perf_event__output_id_sample
0.04% __perf_event__output_id_sample;perf_output_copy;__output_copy
     0.04%     0.00%  c2d      [kernel.kallsyms]     [k] __output_copy
0.04% __output_copy
     0.01%     0.00%  perf-ex  [kernel.kallsyms]     [k] native_write_msr
0.01% native_write_msr
     0.01%     0.00%  perf-ex  [unknown]             [k] 0x00007f67f82f3a97
0.01% 0x7f67f82f3a97;entry_SYSCALL_64_after_hwframe;do_syscall_64;__x64_sys_execve;do_execveat_common.isra.0;bprm_execve;load_elf_binary;begin_new_exec;perf_event_exec;__intel_pmu_enable_all.constprop.0;native_write_msr
     0.01%     0.00%  perf-ex  [kernel.kallsyms]     [k] entry_SYSCALL_64_after_hwframe
0.01% entry_SYSCALL_64_after_hwframe;do_syscall_64;__x64_sys_execve;do_execveat_common.isra.0;bprm_execve;load_elf_binary;begin_new_exec;perf_event_exec;__intel_pmu_enable_all.constprop.0;native_write_msr
     0.01%     0.00%  perf-ex  [kernel.kallsyms]     [k] do_syscall_64
0.01% do_syscall_64;__x64_sys_execve;do_execveat_common.isra.0;bprm_execve;load_elf_binary;begin_new_exec;perf_event_exec;__intel_pmu_enable_all.constprop.0;native_write_msr
     0.01%     0.00%  perf-ex  [kernel.kallsyms]     [k] __x64_sys_execve
0.01% __x64_sys_execve;do_execveat_common.isra.0;bprm_execve;load_elf_binary;begin_new_exec;perf_event_exec;__intel_pmu_enable_all.constprop.0;native_write_msr
     0.01%     0.00%  perf-ex  [kernel.kallsyms]     [k] do_execveat_common.isra.0
0.01% do_execveat_common.isra.0;bprm_execve;load_elf_binary;begin_new_exec;perf_event_exec;__intel_pmu_enable_all.constprop.0;native_write_msr
     0.01%     0.00%  perf-ex  [kernel.kallsyms]     [k] bprm_execve
0.01% bprm_execve;load_elf_binary;begin_new_exec;perf_event_exec;__intel_pmu_enable_all.constprop.0;native_write_msr
     0.01%     0.00%  perf-ex  [kernel.kallsyms]     [k] load_elf_binary
0.01% load_elf_binary;begin_new_exec;perf_event_exec;__intel_pmu_enable_all.constprop.0;native_write_msr
     0.01%     0.00%  perf-ex  [kernel.kallsyms]     [k] begin_new_exec
0.01% begin_new_exec;perf_event_exec;__intel_pmu_enable_all.constprop.0;native_write_msr
     0.01%     0.00%  perf-ex  [kernel.kallsyms]     [k] perf_event_exec
0.01% perf_event_exec;__intel_pmu_enable_all.constprop.0;native_write_msr
     0.01%     0.00%  perf-ex  [kernel.kallsyms]     [k] __intel_pmu_enable_all.constprop.0
0.01% __intel_pmu_enable_all.constprop.0;native_write_msr
     0.01%     0.01%  perf-ex  [kernel.kallsyms]     [k] native_flush_tlb_one_user
0.01% 0x7f67f82f3a97;entry_SYSCALL_64_after_hwframe;do_syscall_64;__x64_sys_execve;do_execveat_common.isra.0;bprm_execve;load_elf_binary;begin_new_exec;perf_event_exec;__intel_pmu_enable_all.constprop.0;native_write_msr
     0.00%     0.00%  perf-ex  [kernel.kallsyms]     [k] native_sched_clock


#
# (Tip: To show IPC for sampling periods use perf record -e '{cycles,instructions}:S' and then browse context)
#
