# To display the perf.data header info, please use --header/--header-only options.
#
#
# Total Lost Samples: 0
#
# Samples: 367  of event 'cycles'
# Event count (approx.): 246072676
#
# Children      Self  Command  Shared Object         Symbol                                
# ........  ........  .......  ....................  ......................................
#
    94.07%     0.00%  c2d      libc.so.6             [.] 0x00007fe2d8e4624a
88.03% 0x7fe2d8e4624a;main;cnf2ddnnf_cmd_line;free_cache_manager
0.59% 0x7fe2d8e4624a;main;cnf2ddnnf_cmd_line;free_cache_manager;__irqentry_text_end
0.29% 0x7fe2d8e4624a;main;cnf2ddnnf_cmd_line;free_cache_manager;asm_sysvec_apic_timer_interrupt;sysvec_apic_timer_interrupt;__irq_exit_rcu
0.29% 0x7fe2d8e4624a;main;cnf2ddnnf_cmd_line;free_cache_manager;asm_exc_page_fault;exc_page_fault;do_user_addr_fault;handle_mm_fault;__handle_mm_fault;do_huge_pmd_anonymous_page;pte_alloc_one;__alloc_pages;get_page_from_freelist;clear_page_rep
0.29% 0x7fe2d8e4624a;main;cnf2ddnnf_cmd_line;free_cache_manager;asm_exc_page_fault;exc_page_fault;do_user_addr_fault;handle_mm_fault;__handle_mm_fault;do_huge_pmd_anonymous_page;pte_alloc_one;alloc_pages;policy_node
0.29% 0x7fe2d8e4624a;main;cnf2ddnnf_cmd_line;free_cache_manager;asm_sysvec_apic_timer_interrupt;sysvec_apic_timer_interrupt;__irq_exit_rcu;handle_softirqs;run_timer_softirq;__run_timers;call_timer_fn;fq_flush_timeout;_raw_spin_lock_irqsave
0.28% 0x7fe2d8e4624a;main;cnf2ddnnf_cmd_line;compile_cnf;compile_dt;compile_decomposed;lookup_or_compile_dt;compile_decomposed;lookup_or_compile_dt;compile_decomposed;lookup_or_compile_dt;compile_decomposed;lookup_or_compile_dt;compile_dt;compile_dt;compile_decomposed;lookup_or_compile_dt;compile_dt;compile_dt;compile_dt;compile_decomposed;lookup_or_compile_dt;compile_decomposed;lookup_or_compile_dt;compile_decomposed;lookup_or_compile_dt;compile_decomposed;lookup_or_compile_dt;compile_decomposed;lookup_or_compile_dt;compile_dt;compile_dt;compile_decomposed;lookup_or_compile_dt;compile_dt;compile_dt;compile_decomposed;lookup_or_compile_dt;compile_decomposed;lookup_or_compile_dt;compile_decomposed;lookup_or_compile_dt;compile_decomposed;lookup_or_compile_dt;compile_decomposed;lookup_or_compile_dt;compile_decomposed;lookup_or_compile_dt;compile_dt;compile_dt;compile_decomposed;conjoin_nnfs_lits;conjoin_relevant_lits;get_and_node;asm_exc_page_fault;exc_page_fault;do_user_addr_fault;handle_mm_fault;__handle_mm_fault;do_huge_pmd_anonymous_page;pgtable_trans_huge_deposit;__list_add_valid
0.27% 0x7fe2d8e4624a;main;cnf2ddnnf_cmd_line;construct_dtree_manager;initialize_dtree_separators;fill_separators;fill_separators;fill_separators;fill_separators;fill_separators;fill_separators;fill_separators;fill_separators;fill_separators;fill_separators;fill_separators;fill_separators;fill_separators;fill_separators;fill_separators;fill_separators;fill_separators;fill_separators;fill_separators;fill_separators;fill_separators;fill_separators
0.27% 0x7fe2d8e4624a;main;cnf2ddnnf_cmd_line;compile_cnf;compile_dt;compile_decomposed;lookup_or_compile_dt;compile_decomposed;lookup_or_compile_dt;compile_decomposed;lookup_or_compile_dt;compile_decomposed;lookup_or_compile_dt;compile_dt;compile_dt;compile_decomposed;lookup_or_compile_dt;compile_dt;compile_dt;compile_dt;compile_decomposed;lookup_or_compile_dt;compile_decomposed;lookup_or_compile_dt;compile_decomposed;lookup_or_compile_dt;compile_decomposed;lookup_or_compile_dt;compile_decomposed;lookup_or_compile_dt;compile_decomposed;lookup_or_compile_dt;compile_decomposed;lookup_or_compile_dt;compile_decomposed;lookup_or_compile_dt;compile_decomposed;lookup_or_compile_dt;compile_decomposed;lookup_or_compile_dt;compile_decomposed;lookup_or_compile_dt;compile_decomposed;lookup_or_compile_dt;compile_dt;compile_dt;compile_decomposed;lookup_or_compile_dt;compile_dt;compile_dt;compile_decomposed;conjoin_relevant_lits;get_and_node;asm_exc_page_fault;exc_page_fault;do_user_addr_fault;handle_mm_fault;__handle_mm_fault;wp_page_copy;vma_alloc_folio;__folio_alloc;__alloc_pages;get_page_from_freelist;__list_del_entry_valid
0.27% 0x7fe2d8e4624a;main;cnf2ddnnf_cmd_line;construct_dtree_manager;hdtree2dtree;hdtree2dtree;hdtree2dtree;hdtree2dtree;hdtree2dtree;hdtree2dtree;hdtree2dtree;hdtree2dtree;hdtree2dtree;hdtree2dtree;hdtree2dtree;hdtree2dtree;hdtree2dtree;hdtree2dtree;hdtree2dtree;hdtree2dtree;hdtree2dtree;hdtree2dtree;hdtree2dtree;hdtree2dtree;hdtree2dtree;hdtree2dtree;hdtree2dtree
0.27% 0x7fe2d8e4624a;main;cnf2ddnnf_cmd_line;compile_cnf;compile_dt;compile_decomposed;lookup_or_compile_dt;compile_decomposed;lookup_or_compile_dt;compile_decomposed;lookup_or_compile_dt;compile_decomposed;lookup_or_compile_dt;compile_dt;compile_dt;compile_decomposed;lookup_or_compile_dt;compile_dt;compile_dt;compile_decomposed;lookup_or_compile_dt;compile_dt;compile_dt;compile_decomposed;lookup_or_compile_dt;compile_decomposed;lookup_or_compile_dt;compile_decomposed;lookup_or_compile_dt;compile_decomposed;lookup_or_compile_dt;compile_decomposed;lookup_or_compile_dt;compile_decomposed;lookup_or_compile_dt;compile_decomposed;lookup_or_compile_dt;compile_decomposed;lookup_or_compile_dt;compile_decomposed;lookup_or_compile_dt;compile_decomposed;lookup_or_compile_dt;compile_decomposed;lookup_or_compile_dt;compile_dt;compile_dt;compile_decomposed;lookup_or_compile_dt;compile_dt;compile_dt;compile_decomposed;conjoin_relevant_lits;get_and_node;__irqentry_text_end
0.27% 0x7fe2d8e4624a;main;cnf2ddnnf_cmd_line;free_cache_manager;asm_exc_page_fault;exc_page_fault;do_user_addr_fault;lock_mm_and_find_vma
0.27% 0x7fe2d8e4624a;main;cnf2ddnnf_cmd_line;construct_cnf_manager;construct_cnf_clauses;initialize_clause
0.27% 0x7fe2d8e4624a;main;cnf2ddnnf_cmd_line;compile_cnf;compile_dt;compile_decomposed;lookup_or_compile_dt;compile_decomposed;lookup_or_compile_dt;compile_decomposed;lookup_or_compile_dt;compile_decomposed;lookup_or_compile_dt;compile_dt;compile_dt;compile_decomposed;lookup_or_compile_dt;compile_dt;compile_dt;compile_decomposed;conjoin_nnfs_lits;conjoin_relevant_lits;get_and_node;asm_exc_page_fault;exc_page_fault;do_user_addr_fault;handle_mm_fault
0.27% 0x7fe2d8e4624a;0x7fe2d8f905f7;asm_exc_page_fault;exc_page_fault;do_user_addr_fault;handle_mm_fault;__handle_mm_fault;do_fault;xfs_filemap_map_pages;filemap_map_pages;next_uptodate_page
0.26% 0x7fe2d8e4624a;main;cnf2ddnnf_cmd_line;compile_cnf;compile_dt;compile_decomposed;lookup_or_compile_dt;compile_decomposed;lookup_or_compile_dt;compile_decomposed;lookup_or_compile_dt;compile_decomposed;lookup_or_compile_dt;compile_dt;compile_dt;compile_decomposed;lookup_or_compile_dt;compile_dt;compile_dt;compile_decomposed;lookup_or_compile_dt;compile_decomposed;lookup_or_compile_dt;compile_decomposed;lookup_or_compile_dt;compile_decomposed;lookup_or_compile_dt;compile_decomposed;lookup_or_compile_dt;compile_decomposed;lookup_or_compile_dt;compile_decomposed;lookup_or_compile_dt;compile_decomposed;lookup_or_compile_dt;compile_decomposed;lookup_or_compile_dt;compile_decomposed;lookup_or_compile_dt;compile_decomposed;lookup_or_compile_dt;compile_decomposed;lookup_or_compile_dt;compile_dt;compile_dt;compile_decomposed;conjoin_relevant_lits;get_and_node;asm_exc_page_fault;exc_page_fault;do_user_addr_fault;handle_mm_fault;__handle_mm_fault;do_huge_pmd_anonymous_page;pte_alloc_one;__alloc_pages;get_page_from_freelist;clear_page_rep
0.26% 0x7fe2d8e4624a;main;cnf2ddnnf_cmd_line;load_hdtree_from_file;dtree_skeleton2hdtree;initialize_hdtree;initialize_hdtree;initialize_hdtree;initialize_hdtree;initialize_hdtree;initialize_hdtree;initialize_hdtree;initialize_hdtree;initialize_hdtree;initialize_hdtree;initialize_hdtree;initialize_hdtree;initialize_hdtree;initialize_hdtree;initialize_hdtree;initialize_hdtree;initialize_hdtree;initialize_hdtree;initialize_hdtree;edges_intersection
0.26% 0x7fe2d8e4624a;main;cnf2ddnnf_cmd_line;compile_cnf;compile_dt;compile_decomposed;lookup_or_compile_dt;compile_decomposed;lookup_or_compile_dt;compile_decomposed;lookup_or_compile_dt;compile_decomposed;lookup_or_compile_dt;compile_dt;disjoin_nnfs;disjoin_nnfs_i;get_or_node;asm_exc_page_fault;exc_page_fault;do_user_addr_fault;handle_mm_fault;__handle_mm_fault;wp_page_copy;vma_alloc_folio;__folio_alloc;__alloc_pages;get_page_from_freelist;clear_page_rep
0.26% 0x7fe2d8e4624a;main;cnf2ddnnf_cmd_line;load_hdtree_from_file;dtree_skeleton2hdtree
0.26% 0x7fe2d8e4624a;main;cnf2ddnnf_cmd_line;load_hdtree_from_file;__isoc99_fscanf;0x7fe2d8e7ef1c
0.25% 0x7fe2d8e4624a;main;cnf2ddnnf_cmd_line;cnf2hgr;compute_clause_size
0.19% 0x7fe2d8e4624a;main;ungetc
0.10% 0x7fe2d8e4624a;main;ungetc@plt
    93.80%     0.00%  c2d      c2d                   [.] main
88.03% main;cnf2ddnnf_cmd_line;free_cache_manager
0.59% main;cnf2ddnnf_cmd_line;free_cache_manager;__irqentry_text_end
0.29% main;cnf2ddnnf_cmd_line;free_cache_manager;asm_sysvec_apic_timer_interrupt;sysvec_apic_timer_interrupt;__irq_exit_rcu
0.29% main;cnf2ddnnf_cmd_line;free_cache_manager;asm_exc_page_fault;exc_page_fault;do_user_addr_fault;handle_mm_fault;__handle_mm_fault;do_huge_pmd_anonymous_page;pte_alloc_one;__alloc_pages;get_page_from_freelist;clear_page_rep
0.29% main;cnf2ddnnf_cmd_line;free_cache_manager;asm_exc_page_fault;exc_page_fault;do_user_addr_fault;handle_mm_fault;__handle_mm_fault;do_huge_pmd_anonymous_page;pte_alloc_one;alloc_pages;policy_node
0.29% main;cnf2ddnnf_cmd_line;free_cache_manager;asm_sysvec_apic_timer_interrupt;sysvec_apic_timer_interrupt;__irq_exit_rcu;handle_softirqs;run_timer_softirq;__run_timers;call_timer_fn;fq_flush_timeout;_raw_spin_lock_irqsave
0.28% main;cnf2ddnnf_cmd_line;compile_cnf;compile_dt;compile_decomposed;lookup_or_compile_dt;compile_decomposed;lookup_or_compile_dt;compile_decomposed;lookup_or_compile_dt;compile_decomposed;lookup_or_compile_dt;compile_dt;compile_dt;compile_decomposed;lookup_or_compile_dt;compile_dt;compile_dt;compile_dt;compile_decomposed;lookup_or_compile_dt;compile_decomposed;lookup_or_compile_dt;compile_decomposed;lookup_or_compile_dt;compile_decomposed;lookup_or_compile_dt;compile_decomposed;lookup_or_compile_dt;compile_dt;compile_dt;compile_decomposed;lookup_or_compile_dt;compile_dt;compile_dt;compile_decomposed;lookup_or_compile_dt;compile_decomposed;lookup_or_compile_dt;compile_decomposed;lookup_or_compile_dt;compile_decomposed;lookup_or_compile_dt;compile_decomposed;lookup_or_compile_dt;compile_decomposed;lookup_or_compile_dt;compile_dt;compile_dt;compile_decomposed;conjoin_nnfs_lits;conjoin_relevant_lits;get_and_node;asm_exc_page_fault;exc_page_fault;do_user_addr_fault;handle_mm_fault;__handle_mm_fault;do_huge_pmd_anonymous_page;pgtable_trans_huge_deposit;__list_add_valid
0.27% main;cnf2ddnnf_cmd_line;construct_dtree_manager;initialize_dtree_separators;fill_separators;fill_separators;fill_separators;fill_separators;fill_separators;fill_separators;fill_separators;fill_separators;fill_separators;fill_separators;fill_separators;fill_separators;fill_separators;fill_separators;fill_separators;fill_separators;fill_separators;fill_separators;fill_separators;fill_separators;fill_separators;fill_separators
0.27% main;cnf2ddnnf_cmd_line;compile_cnf;compile_dt;compile_decomposed;lookup_or_compile_dt;compile_decomposed;lookup_or_compile_dt;compile_decomposed;lookup_or_compile_dt;compile_decomposed;lookup_or_compile_dt;compile_dt;compile_dt;compile_decomposed;lookup_or_compile_dt;compile_dt;compile_dt;compile_dt;compile_decomposed;lookup_or_compile_dt;compile_decomposed;lookup_or_compile_dt;compile_decomposed;lookup_or_compile_dt;compile_decomposed;lookup_or_compile_dt;compile_decomposed;lookup_or_compile_dt;compile_decomposed;lookup_or_compile_dt;compile_decomposed;lookup_or_compile_dt;compile_decomposed;lookup_or_compile_dt;compile_decomposed;lookup_or_compile_dt;compile_decomposed;lookup_or_compile_dt;compile_decomposed;lookup_or_compile_dt;compile_decomposed;lookup_or_compile_dt;compile_dt;compile_dt;compile_decomposed;lookup_or_compile_dt;compile_dt;compile_dt;compile_decomposed;conjoin_relevant_lits;get_and_node;asm_exc_page_fault;exc_page_fault;do_user_addr_fault;handle_mm_fault;__handle_mm_fault;wp_page_copy;vma_alloc_folio;__folio_alloc;__alloc_pages;get_page_from_freelist;__list_del_entry_valid
0.27% main;cnf2ddnnf_cmd_line;construct_dtree_manager;hdtree2dtree;hdtree2dtree;hdtree2dtree;hdtree2dtree;hdtree2dtree;hdtree2dtree;hdtree2dtree;hdtree2dtree;hdtree2dtree;hdtree2dtree;hdtree2dtree;hdtree2dtree;hdtree2dtree;hdtree2dtree;hdtree2dtree;hdtree2dtree;hdtree2dtree;hdtree2dtree;hdtree2dtree;hdtree2dtree;hdtree2dtree;hdtree2dtree;hdtree2dtree
0.27% main;cnf2ddnnf_cmd_line;compile_cnf;compile_dt;compile_decomposed;lookup_or_compile_dt;compile_decomposed;lookup_or_compile_dt;compile_decomposed;lookup_or_compile_dt;compile_decomposed;lookup_or_compile_dt;compile_dt;compile_dt;compile_decomposed;lookup_or_compile_dt;compile_dt;compile_dt;compile_decomposed;lookup_or_compile_dt;compile_dt;compile_dt;compile_decomposed;lookup_or_compile_dt;compile_decomposed;lookup_or_compile_dt;compile_decomposed;lookup_or_compile_dt;compile_decomposed;lookup_or_compile_dt;compile_decomposed;lookup_or_compile_dt;compile_decomposed;lookup_or_compile_dt;compile_decomposed;lookup_or_compile_dt;compile_decomposed;lookup_or_compile_dt;compile_decomposed;lookup_or_compile_dt;compile_decomposed;lookup_or_compile_dt;compile_decomposed;lookup_or_compile_dt;compile_dt;compile_dt;compile_decomposed;lookup_or_compile_dt;compile_dt;compile_dt;compile_decomposed;conjoin_relevant_lits;get_and_node;__irqentry_text_end
0.27% main;cnf2ddnnf_cmd_line;free_cache_manager;asm_exc_page_fault;exc_page_fault;do_user_addr_fault;lock_mm_and_find_vma
0.27% main;cnf2ddnnf_cmd_line;construct_cnf_manager;construct_cnf_clauses;initialize_clause
0.27% main;cnf2ddnnf_cmd_line;compile_cnf;compile_dt;compile_decomposed;lookup_or_compile_dt;compile_decomposed;lookup_or_compile_dt;compile_decomposed;lookup_or_compile_dt;compile_decomposed;lookup_or_compile_dt;compile_dt;compile_dt;compile_decomposed;lookup_or_compile_dt;compile_dt;compile_dt;compile_decomposed;conjoin_nnfs_lits;conjoin_relevant_lits;get_and_node;asm_exc_page_fault;exc_page_fault;do_user_addr_fault;handle_mm_fault
0.26% main;cnf2ddnnf_cmd_line;compile_cnf;compile_dt;compile_decomposed;lookup_or_compile_dt;compile_decomposed;lookup_or_compile_dt;compile_decomposed;lookup_or_compile_dt;compile_decomposed;lookup_or_compile_dt;compile_dt;compile_dt;compile_decomposed;lookup_or_compile_dt;compile_dt;compile_dt;compile_decomposed;lookup_or_compile_dt;compile_decomposed;lookup_or_compile_dt;compile_decomposed;lookup_or_compile_dt;compile_decomposed;lookup_or_compile_dt;compile_decomposed;lookup_or_compile_dt;compile_decomposed;lookup_or_compile_dt;compile_decomposed;lookup_or_compile_dt;compile_decomposed;lookup_or_compile_dt;compile_decomposed;lookup_or_compile_dt;compile_decomposed;lookup_or_compile_dt;compile_decomposed;lookup_or_compile_dt;compile_decomposed;lookup_or_compile_dt;compile_dt;compile_dt;compile_decomposed;conjoin_relevant_lits;get_and_node;asm_exc_page_fault;exc_page_fault;do_user_addr_fault;handle_mm_fault;__handle_mm_fault;do_huge_pmd_anonymous_page;pte_alloc_one;__alloc_pages;get_page_from_freelist;clear_page_rep
0.26% main;cnf2ddnnf_cmd_line;load_hdtree_from_file;dtree_skeleton2hdtree;initialize_hdtree;initialize_hdtree;initialize_hdtree;initialize_hdtree;initialize_hdtree;initialize_hdtree;initialize_hdtree;initialize_hdtree;initialize_hdtree;initialize_hdtree;initialize_hdtree;initialize_hdtree;initialize_hdtree;initialize_hdtree;initialize_hdtree;initialize_hdtree;initialize_hdtree;initialize_hdtree;initialize_hdtree;edges_intersection
0.26% main;cnf2ddnnf_cmd_line;compile_cnf;compile_dt;compile_decomposed;lookup_or_compile_dt;compile_decomposed;lookup_or_compile_dt;compile_decomposed;lookup_or_compile_dt;compile_decomposed;lookup_or_compile_dt;compile_dt;disjoin_nnfs;disjoin_nnfs_i;get_or_node;asm_exc_page_fault;exc_page_fault;do_user_addr_fault;handle_mm_fault;__handle_mm_fault;wp_page_copy;vma_alloc_folio;__folio_alloc;__alloc_pages;get_page_from_freelist;clear_page_rep
0.26% main;cnf2ddnnf_cmd_line;load_hdtree_from_file;dtree_skeleton2hdtree
0.26% main;cnf2ddnnf_cmd_line;load_hdtree_from_file;__isoc99_fscanf;0x7fe2d8e7ef1c
0.25% main;cnf2ddnnf_cmd_line;cnf2hgr;compute_clause_size
0.19% main;ungetc
0.10% main;ungetc@plt
    93.51%     0.00%  c2d      c2d                   [.] cnf2ddnnf_cmd_line
88.03% cnf2ddnnf_cmd_line;free_cache_manager
0.59% cnf2ddnnf_cmd_line;free_cache_manager;__irqentry_text_end
0.29% cnf2ddnnf_cmd_line;free_cache_manager;asm_sysvec_apic_timer_interrupt;sysvec_apic_timer_interrupt;__irq_exit_rcu
0.29% cnf2ddnnf_cmd_line;free_cache_manager;asm_exc_page_fault;exc_page_fault;do_user_addr_fault;handle_mm_fault;__handle_mm_fault;do_huge_pmd_anonymous_page;pte_alloc_one;__alloc_pages;get_page_from_freelist;clear_page_rep
0.29% cnf2ddnnf_cmd_line;free_cache_manager;asm_exc_page_fault;exc_page_fault;do_user_addr_fault;handle_mm_fault;__handle_mm_fault;do_huge_pmd_anonymous_page;pte_alloc_one;alloc_pages;policy_node
0.29% cnf2ddnnf_cmd_line;free_cache_manager;asm_sysvec_apic_timer_interrupt;sysvec_apic_timer_interrupt;__irq_exit_rcu;handle_softirqs;run_timer_softirq;__run_timers;call_timer_fn;fq_flush_timeout;_raw_spin_lock_irqsave
0.28% cnf2ddnnf_cmd_line;compile_cnf;compile_dt;compile_decomposed;lookup_or_compile_dt;compile_decomposed;lookup_or_compile_dt;compile_decomposed;lookup_or_compile_dt;compile_decomposed;lookup_or_compile_dt;compile_dt;compile_dt;compile_decomposed;lookup_or_compile_dt;compile_dt;compile_dt;compile_dt;compile_decomposed;lookup_or_compile_dt;compile_decomposed;lookup_or_compile_dt;compile_decomposed;lookup_or_compile_dt;compile_decomposed;lookup_or_compile_dt;compile_decomposed;lookup_or_compile_dt;compile_dt;compile_dt;compile_decomposed;lookup_or_compile_dt;compile_dt;compile_dt;compile_decomposed;lookup_or_compile_dt;compile_decomposed;lookup_or_compile_dt;compile_decomposed;lookup_or_compile_dt;compile_decomposed;lookup_or_compile_dt;compile_decomposed;lookup_or_compile_dt;compile_decomposed;lookup_or_compile_dt;compile_dt;compile_dt;compile_decomposed;conjoin_nnfs_lits;conjoin_relevant_lits;get_and_node;asm_exc_page_fault;exc_page_fault;do_user_addr_fault;handle_mm_fault;__handle_mm_fault;do_huge_pmd_anonymous_page;pgtable_trans_huge_deposit;__list_add_valid
0.27% cnf2ddnnf_cmd_line;construct_dtree_manager;initialize_dtree_separators;fill_separators;fill_separators;fill_separators;fill_separators;fill_separators;fill_separators;fill_separators;fill_separators;fill_separators;fill_separators;fill_separators;fill_separators;fill_separators;fill_separators;fill_separators;fill_separators;fill_separators;fill_separators;fill_separators;fill_separators;fill_separators;fill_separators
0.27% cnf2ddnnf_cmd_line;compile_cnf;compile_dt;compile_decomposed;lookup_or_compile_dt;compile_decomposed;lookup_or_compile_dt;compile_decomposed;lookup_or_compile_dt;compile_decomposed;lookup_or_compile_dt;compile_dt;compile_dt;compile_decomposed;lookup_or_compile_dt;compile_dt;compile_dt;compile_dt;compile_decomposed;lookup_or_compile_dt;compile_decomposed;lookup_or_compile_dt;compile_decomposed;lookup_or_compile_dt;compile_decomposed;lookup_or_compile_dt;compile_decomposed;lookup_or_compile_dt;compile_decomposed;lookup_or_compile_dt;compile_decomposed;lookup_or_compile_dt;compile_decomposed;lookup_or_compile_dt;compile_decomposed;lookup_or_compile_dt;compile_decomposed;lookup_or_compile_dt;compile_decomposed;lookup_or_compile_dt;compile_decomposed;lookup_or_compile_dt;compile_dt;compile_dt;compile_decomposed;lookup_or_compile_dt;compile_dt;compile_dt;compile_decomposed;conjoin_relevant_lits;get_and_node;asm_exc_page_fault;exc_page_fault;do_user_addr_fault;handle_mm_fault;__handle_mm_fault;wp_page_copy;vma_alloc_folio;__folio_alloc;__alloc_pages;get_page_from_freelist;__list_del_entry_valid
0.27% cnf2ddnnf_cmd_line;construct_dtree_manager;hdtree2dtree;hdtree2dtree;hdtree2dtree;hdtree2dtree;hdtree2dtree;hdtree2dtree;hdtree2dtree;hdtree2dtree;hdtree2dtree;hdtree2dtree;hdtree2dtree;hdtree2dtree;hdtree2dtree;hdtree2dtree;hdtree2dtree;hdtree2dtree;hdtree2dtree;hdtree2dtree;hdtree2dtree;hdtree2dtree;hdtree2dtree;hdtree2dtree;hdtree2dtree
0.27% cnf2ddnnf_cmd_line;compile_cnf;compile_dt;compile_decomposed;lookup_or_compile_dt;compile_decomposed;lookup_or_compile_dt;compile_decomposed;lookup_or_compile_dt;compile_decomposed;lookup_or_compile_dt;compile_dt;compile_dt;compile_decomposed;lookup_or_compile_dt;compile_dt;compile_dt;compile_decomposed;lookup_or_compile_dt;compile_dt;compile_dt;compile_decomposed;lookup_or_compile_dt;compile_decomposed;lookup_or_compile_dt;compile_decomposed;lookup_or_compile_dt;compile_decomposed;lookup_or_compile_dt;compile_decomposed;lookup_or_compile_dt;compile_decomposed;lookup_or_compile_dt;compile_decomposed;lookup_or_compile_dt;compile_decomposed;lookup_or_compile_dt;compile_decomposed;lookup_or_compile_dt;compile_decomposed;lookup_or_compile_dt;compile_decomposed;lookup_or_compile_dt;compile_dt;compile_dt;compile_decomposed;lookup_or_compile_dt;compile_dt;compile_dt;compile_decomposed;conjoin_relevant_lits;get_and_node;__irqentry_text_end
0.27% cnf2ddnnf_cmd_line;free_cache_manager;asm_exc_page_fault;exc_page_fault;do_user_addr_fault;lock_mm_and_find_vma
0.27% cnf2ddnnf_cmd_line;construct_cnf_manager;construct_cnf_clauses;initialize_clause
0.27% cnf2ddnnf_cmd_line;compile_cnf;compile_dt;compile_decomposed;lookup_or_compile_dt;compile_decomposed;lookup_or_compile_dt;compile_decomposed;lookup_or_compile_dt;compile_decomposed;lookup_or_compile_dt;compile_dt;compile_dt;compile_decomposed;lookup_or_compile_dt;compile_dt;compile_dt;compile_decomposed;conjoin_nnfs_lits;conjoin_relevant_lits;get_and_node;asm_exc_page_fault;exc_page_fault;do_user_addr_fault;handle_mm_fault
0.26% cnf2ddnnf_cmd_line;compile_cnf;compile_dt;compile_decomposed;lookup_or_compile_dt;compile_decomposed;lookup_or_compile_dt;compile_decomposed;lookup_or_compile_dt;compile_decomposed;lookup_or_compile_dt;compile_dt;compile_dt;compile_decomposed;lookup_or_compile_dt;compile_dt;compile_dt;compile_decomposed;lookup_or_compile_dt;compile_decomposed;lookup_or_compile_dt;compile_decomposed;lookup_or_compile_dt;compile_decomposed;lookup_or_compile_dt;compile_decomposed;lookup_or_compile_dt;compile_decomposed;lookup_or_compile_dt;compile_decomposed;lookup_or_compile_dt;compile_decomposed;lookup_or_compile_dt;compile_decomposed;lookup_or_compile_dt;compile_decomposed;lookup_or_compile_dt;compile_decomposed;lookup_or_compile_dt;compile_decomposed;lookup_or_compile_dt;compile_dt;compile_dt;compile_decomposed;conjoin_relevant_lits;get_and_node;asm_exc_page_fault;exc_page_fault;do_user_addr_fault;handle_mm_fault;__handle_mm_fault;do_huge_pmd_anonymous_page;pte_alloc_one;__alloc_pages;get_page_from_freelist;clear_page_rep
0.26% cnf2ddnnf_cmd_line;load_hdtree_from_file;dtree_skeleton2hdtree;initialize_hdtree;initialize_hdtree;initialize_hdtree;initialize_hdtree;initialize_hdtree;initialize_hdtree;initialize_hdtree;initialize_hdtree;initialize_hdtree;initialize_hdtree;initialize_hdtree;initialize_hdtree;initialize_hdtree;initialize_hdtree;initialize_hdtree;initialize_hdtree;initialize_hdtree;initialize_hdtree;initialize_hdtree;edges_intersection
0.26% cnf2ddnnf_cmd_line;compile_cnf;compile_dt;compile_decomposed;lookup_or_compile_dt;compile_decomposed;lookup_or_compile_dt;compile_decomposed;lookup_or_compile_dt;compile_decomposed;lookup_or_compile_dt;compile_dt;disjoin_nnfs;disjoin_nnfs_i;get_or_node;asm_exc_page_fault;exc_page_fault;do_user_addr_fault;handle_mm_fault;__handle_mm_fault;wp_page_copy;vma_alloc_folio;__folio_alloc;__alloc_pages;get_page_from_freelist;clear_page_rep
0.26% cnf2ddnnf_cmd_line;load_hdtree_from_file;dtree_skeleton2hdtree
0.26% cnf2ddnnf_cmd_line;load_hdtree_from_file;__isoc99_fscanf;0x7fe2d8e7ef1c
0.25% cnf2ddnnf_cmd_line;cnf2hgr;compute_clause_size
    90.06%    88.03%  c2d      c2d                   [.] free_cache_manager
88.03% 0x7fe2d8e4624a;main;cnf2ddnnf_cmd_line;free_cache_manager
0.59% free_cache_manager;__irqentry_text_end
0.29% free_cache_manager;asm_sysvec_apic_timer_interrupt;sysvec_apic_timer_interrupt;__irq_exit_rcu
0.29% free_cache_manager;asm_exc_page_fault;exc_page_fault;do_user_addr_fault;handle_mm_fault;__handle_mm_fault;do_huge_pmd_anonymous_page;pte_alloc_one;__alloc_pages;get_page_from_freelist;clear_page_rep
0.29% free_cache_manager;asm_exc_page_fault;exc_page_fault;do_user_addr_fault;handle_mm_fault;__handle_mm_fault;do_huge_pmd_anonymous_page;pte_alloc_one;alloc_pages;policy_node
0.29% free_cache_manager;asm_sysvec_apic_timer_interrupt;sysvec_apic_timer_interrupt;__irq_exit_rcu;handle_softirqs;run_timer_softirq;__run_timers;call_timer_fn;fq_flush_timeout;_raw_spin_lock_irqsave
0.27% free_cache_manager;asm_exc_page_fault;exc_page_fault;do_user_addr_fault;lock_mm_and_find_vma
     3.20%     0.00%  c2d      [kernel.kallsyms]     [k] entry_SYSCALL_64_after_hwframe
0.29% entry_SYSCALL_64_after_hwframe;do_syscall_64;__x64_sys_munmap;__vm_munmap;do_mas_munmap;do_mas_align_munmap;unmap_region;unmap_vmas;unmap_page_range
0.29% entry_SYSCALL_64_after_hwframe;do_syscall_64;__x64_sys_exit_group;do_group_exit;do_exit;__mmput;exit_mmap;free_pgtables;free_pgd_range;___pmd_free_tlb
0.29% entry_SYSCALL_64_after_hwframe;do_syscall_64;__x64_sys_exit_group;do_group_exit;do_exit;__mmput;exit_mmap;unmap_vmas;unmap_page_range;page_remove_rmap;folio_memcg_lock.part.0
0.29% entry_SYSCALL_64_after_hwframe;do_syscall_64;__x64_sys_exit_group;do_group_exit;do_exit;__mmput;exit_mmap;unmap_vmas;unmap_page_range
0.27% entry_SYSCALL_64_after_hwframe;do_syscall_64;ksys_read;vfs_read;xfs_file_read_iter;xfs_file_buffered_read;filemap_read;filemap_get_pages;page_cache_ra_order;read_pages;blk_finish_plug;__blk_flush_plug;blk_mq_flush_plug_list.part.0;blk_mq_sched_insert_requests;blk_mq_run_hw_queue;blk_mq_hctx_has_pending;sbitmap_any_bit_set
0.26% entry_SYSCALL_64_after_hwframe;do_syscall_64;vm_mmap_pgoff;do_mmap;get_unmapped_area;arch_get_unmapped_area_topdown
0.26% entry_SYSCALL_64_after_hwframe;do_syscall_64;ksys_mmap_pgoff;vm_mmap_pgoff;do_mmap;mmap_region
0.26% entry_SYSCALL_64_after_hwframe;do_syscall_64;ksys_mmap_pgoff;vm_mmap_pgoff;do_mmap;mmap_region;do_mas_munmap;do_mas_align_munmap;__split_vma;__vma_adjust;mas_store_prealloc;mas_wr_bnode;mas_pop_node
0.25% entry_SYSCALL_64_after_hwframe;do_syscall_64;ksys_mmap_pgoff;vm_mmap_pgoff;do_mmap;mmap_region;down_write
0.23% entry_SYSCALL_64_after_hwframe;do_syscall_64;x64_sys_call
0.23% entry_SYSCALL_64_after_hwframe;do_syscall_64;syscall_exit_to_user_mode;exit_to_user_mode_prepare;task_work_run;__fput;__dentry_kill;destroy_inode;__destroy_inode;security_inode_free
0.17% entry_SYSCALL_64_after_hwframe;do_syscall_64;__x64_sys_execve;do_execveat_common.isra.0;bprm_execve;load_elf_binary;elf_map;vm_mmap_pgoff;do_mmap;mmap_region;vma_interval_tree_insert
0.07% entry_SYSCALL_64_after_hwframe;do_syscall_64;__x64_sys_execve;do_execveat_common.isra.0;bprm_execve;load_elf_binary;begin_new_exec;commit_creds
0.03% entry_SYSCALL_64_after_hwframe;do_syscall_64;ksys_read;vfs_read;xfs_file_read_iter;xfs_file_buffered_read;filemap_read;filemap_get_pages
     3.20%     0.00%  c2d      [kernel.kallsyms]     [k] do_syscall_64
0.29% do_syscall_64;__x64_sys_munmap;__vm_munmap;do_mas_munmap;do_mas_align_munmap;unmap_region;unmap_vmas;unmap_page_range
0.29% do_syscall_64;__x64_sys_exit_group;do_group_exit;do_exit;__mmput;exit_mmap;free_pgtables;free_pgd_range;___pmd_free_tlb
0.29% do_syscall_64;__x64_sys_exit_group;do_group_exit;do_exit;__mmput;exit_mmap;unmap_vmas;unmap_page_range;page_remove_rmap;folio_memcg_lock.part.0
0.29% do_syscall_64;__x64_sys_exit_group;do_group_exit;do_exit;__mmput;exit_mmap;unmap_vmas;unmap_page_range
0.27% do_syscall_64;ksys_read;vfs_read;xfs_file_read_iter;xfs_file_buffered_read;filemap_read;filemap_get_pages;page_cache_ra_order;read_pages;blk_finish_plug;__blk_flush_plug;blk_mq_flush_plug_list.part.0;blk_mq_sched_insert_requests;blk_mq_run_hw_queue;blk_mq_hctx_has_pending;sbitmap_any_bit_set
0.26% do_syscall_64;vm_mmap_pgoff;do_mmap;get_unmapped_area;arch_get_unmapped_area_topdown
0.26% do_syscall_64;ksys_mmap_pgoff;vm_mmap_pgoff;do_mmap;mmap_region
0.26% do_syscall_64;ksys_mmap_pgoff;vm_mmap_pgoff;do_mmap;mmap_region;do_mas_munmap;do_mas_align_munmap;__split_vma;__vma_adjust;mas_store_prealloc;mas_wr_bnode;mas_pop_node
0.25% do_syscall_64;ksys_mmap_pgoff;vm_mmap_pgoff;do_mmap;mmap_region;down_write
0.23% do_syscall_64;x64_sys_call
0.23% do_syscall_64;syscall_exit_to_user_mode;exit_to_user_mode_prepare;task_work_run;__fput;__dentry_kill;destroy_inode;__destroy_inode;security_inode_free
0.17% do_syscall_64;__x64_sys_execve;do_execveat_common.isra.0;bprm_execve;load_elf_binary;elf_map;vm_mmap_pgoff;do_mmap;mmap_region;vma_interval_tree_insert
0.07% do_syscall_64;__x64_sys_execve;do_execveat_common.isra.0;bprm_execve;load_elf_binary;begin_new_exec;commit_creds
0.03% do_syscall_64;ksys_read;vfs_read;xfs_file_read_iter;xfs_file_buffered_read;filemap_read;filemap_get_pages
     2.73%     0.00%  c2d      [kernel.kallsyms]     [k] asm_exc_page_fault
0.56% asm_exc_page_fault;exc_page_fault;do_user_addr_fault;handle_mm_fault;__handle_mm_fault;do_huge_pmd_anonymous_page;pte_alloc_one;__alloc_pages;get_page_from_freelist;clear_page_rep
0.29% asm_exc_page_fault;exc_page_fault;do_user_addr_fault;handle_mm_fault;__handle_mm_fault;do_huge_pmd_anonymous_page;pte_alloc_one;alloc_pages;policy_node
0.28% asm_exc_page_fault;exc_page_fault;do_user_addr_fault;handle_mm_fault;__handle_mm_fault;do_huge_pmd_anonymous_page;pgtable_trans_huge_deposit;__list_add_valid
0.27% asm_exc_page_fault;exc_page_fault;do_user_addr_fault;handle_mm_fault;__handle_mm_fault;wp_page_copy;vma_alloc_folio;__folio_alloc;__alloc_pages;get_page_from_freelist;__list_del_entry_valid
0.27% asm_exc_page_fault;exc_page_fault;do_user_addr_fault;lock_mm_and_find_vma
0.27% asm_exc_page_fault;exc_page_fault;do_user_addr_fault;handle_mm_fault
0.27% asm_exc_page_fault;exc_page_fault;do_user_addr_fault;handle_mm_fault;__handle_mm_fault;do_fault;xfs_filemap_map_pages;filemap_map_pages;next_uptodate_page
0.26% asm_exc_page_fault;exc_page_fault;do_user_addr_fault;lock_mm_and_find_vma;find_vma;mt_find;mtree_range_walk
0.26% asm_exc_page_fault;exc_page_fault;do_user_addr_fault;handle_mm_fault;__handle_mm_fault;wp_page_copy;vma_alloc_folio;__folio_alloc;__alloc_pages;get_page_from_freelist;clear_page_rep
     2.73%     0.00%  c2d      [kernel.kallsyms]     [k] exc_page_fault
0.56% exc_page_fault;do_user_addr_fault;handle_mm_fault;__handle_mm_fault;do_huge_pmd_anonymous_page;pte_alloc_one;__alloc_pages;get_page_from_freelist;clear_page_rep
0.29% exc_page_fault;do_user_addr_fault;handle_mm_fault;__handle_mm_fault;do_huge_pmd_anonymous_page;pte_alloc_one;alloc_pages;policy_node
0.28% exc_page_fault;do_user_addr_fault;handle_mm_fault;__handle_mm_fault;do_huge_pmd_anonymous_page;pgtable_trans_huge_deposit;__list_add_valid
0.27% exc_page_fault;do_user_addr_fault;handle_mm_fault;__handle_mm_fault;wp_page_copy;vma_alloc_folio;__folio_alloc;__alloc_pages;get_page_from_freelist;__list_del_entry_valid
0.27% exc_page_fault;do_user_addr_fault;lock_mm_and_find_vma
0.27% exc_page_fault;do_user_addr_fault;handle_mm_fault
0.27% exc_page_fault;do_user_addr_fault;handle_mm_fault;__handle_mm_fault;do_fault;xfs_filemap_map_pages;filemap_map_pages;next_uptodate_page
0.26% exc_page_fault;do_user_addr_fault;lock_mm_and_find_vma;find_vma;mt_find;mtree_range_walk
0.26% exc_page_fault;do_user_addr_fault;handle_mm_fault;__handle_mm_fault;wp_page_copy;vma_alloc_folio;__folio_alloc;__alloc_pages;get_page_from_freelist;clear_page_rep
     2.73%     0.00%  c2d      [kernel.kallsyms]     [k] do_user_addr_fault
0.56% do_user_addr_fault;handle_mm_fault;__handle_mm_fault;do_huge_pmd_anonymous_page;pte_alloc_one;__alloc_pages;get_page_from_freelist;clear_page_rep
0.29% do_user_addr_fault;handle_mm_fault;__handle_mm_fault;do_huge_pmd_anonymous_page;pte_alloc_one;alloc_pages;policy_node
0.28% do_user_addr_fault;handle_mm_fault;__handle_mm_fault;do_huge_pmd_anonymous_page;pgtable_trans_huge_deposit;__list_add_valid
0.27% do_user_addr_fault;handle_mm_fault;__handle_mm_fault;wp_page_copy;vma_alloc_folio;__folio_alloc;__alloc_pages;get_page_from_freelist;__list_del_entry_valid
0.27% do_user_addr_fault;lock_mm_and_find_vma
0.27% do_user_addr_fault;handle_mm_fault
0.27% do_user_addr_fault;handle_mm_fault;__handle_mm_fault;do_fault;xfs_filemap_map_pages;filemap_map_pages;next_uptodate_page
0.26% do_user_addr_fault;lock_mm_and_find_vma;find_vma;mt_find;mtree_range_walk
0.26% do_user_addr_fault;handle_mm_fault;__handle_mm_fault;wp_page_copy;vma_alloc_folio;__folio_alloc;__alloc_pages;get_page_from_freelist;clear_page_rep
     2.20%     0.27%  c2d      [kernel.kallsyms]     [k] handle_mm_fault
0.56% handle_mm_fault;__handle_mm_fault;do_huge_pmd_anonymous_page;pte_alloc_one;__alloc_pages;get_page_from_freelist;clear_page_rep
0.29% handle_mm_fault;__handle_mm_fault;do_huge_pmd_anonymous_page;pte_alloc_one;alloc_pages;policy_node
0.28% handle_mm_fault;__handle_mm_fault;do_huge_pmd_anonymous_page;pgtable_trans_huge_deposit;__list_add_valid
0.27% handle_mm_fault;__handle_mm_fault;wp_page_copy;vma_alloc_folio;__folio_alloc;__alloc_pages;get_page_from_freelist;__list_del_entry_valid
0.27% 0x7fe2d8e4624a;main;cnf2ddnnf_cmd_line;compile_cnf;compile_dt;compile_decomposed;lookup_or_compile_dt;compile_decomposed;lookup_or_compile_dt;compile_decomposed;lookup_or_compile_dt;compile_decomposed;lookup_or_compile_dt;compile_dt;compile_dt;compile_decomposed;lookup_or_compile_dt;compile_dt;compile_dt;compile_decomposed;conjoin_nnfs_lits;conjoin_relevant_lits;get_and_node;asm_exc_page_fault;exc_page_fault;do_user_addr_fault;handle_mm_fault
0.27% handle_mm_fault;__handle_mm_fault;do_fault;xfs_filemap_map_pages;filemap_map_pages;next_uptodate_page
0.26% handle_mm_fault;__handle_mm_fault;wp_page_copy;vma_alloc_folio;__folio_alloc;__alloc_pages;get_page_from_freelist;clear_page_rep
     1.93%     0.00%  c2d      [kernel.kallsyms]     [k] __handle_mm_fault
0.56% __handle_mm_fault;do_huge_pmd_anonymous_page;pte_alloc_one;__alloc_pages;get_page_from_freelist;clear_page_rep
0.29% __handle_mm_fault;do_huge_pmd_anonymous_page;pte_alloc_one;alloc_pages;policy_node
0.28% __handle_mm_fault;do_huge_pmd_anonymous_page;pgtable_trans_huge_deposit;__list_add_valid
0.27% __handle_mm_fault;wp_page_copy;vma_alloc_folio;__folio_alloc;__alloc_pages;get_page_from_freelist;__list_del_entry_valid
0.27% __handle_mm_fault;do_fault;xfs_filemap_map_pages;filemap_map_pages;next_uptodate_page
0.26% __handle_mm_fault;wp_page_copy;vma_alloc_folio;__folio_alloc;__alloc_pages;get_page_from_freelist;clear_page_rep
     1.61%     0.00%  c2d      c2d                   [.] compile_cnf
0.28% compile_cnf;compile_dt;compile_decomposed;lookup_or_compile_dt;compile_decomposed;lookup_or_compile_dt;compile_decomposed;lookup_or_compile_dt;compile_decomposed;lookup_or_compile_dt;compile_dt;compile_dt;compile_decomposed;lookup_or_compile_dt;compile_dt;compile_dt;compile_dt;compile_decomposed;lookup_or_compile_dt;compile_decomposed;lookup_or_compile_dt;compile_decomposed;lookup_or_compile_dt;compile_decomposed;lookup_or_compile_dt;compile_decomposed;lookup_or_compile_dt;compile_dt;compile_dt;compile_decomposed;lookup_or_compile_dt;compile_dt;compile_dt;compile_decomposed;lookup_or_compile_dt;compile_decomposed;lookup_or_compile_dt;compile_decomposed;lookup_or_compile_dt;compile_decomposed;lookup_or_compile_dt;compile_decomposed;lookup_or_compile_dt;compile_decomposed;lookup_or_compile_dt;compile_dt;compile_dt;compile_decomposed;conjoin_nnfs_lits;conjoin_relevant_lits;get_and_node;asm_exc_page_fault;exc_page_fault;do_user_addr_fault;handle_mm_fault;__handle_mm_fault;do_huge_pmd_anonymous_page;pgtable_trans_huge_deposit;__list_add_valid
0.27% compile_cnf;compile_dt;compile_decomposed;lookup_or_compile_dt;compile_decomposed;lookup_or_compile_dt;compile_decomposed;lookup_or_compile_dt;compile_decomposed;lookup_or_compile_dt;compile_dt;compile_dt;compile_decomposed;lookup_or_compile_dt;compile_dt;compile_dt;compile_dt;compile_decomposed;lookup_or_compile_dt;compile_decomposed;lookup_or_compile_dt;compile_decomposed;lookup_or_compile_dt;compile_decomposed;lookup_or_compile_dt;compile_decomposed;lookup_or_compile_dt;compile_decomposed;lookup_or_compile_dt;compile_decomposed;lookup_or_compile_dt;compile_decomposed;lookup_or_compile_dt;compile_decomposed;lookup_or_compile_dt;compile_decomposed;lookup_or_compile_dt;compile_decomposed;lookup_or_compile_dt;compile_decomposed;lookup_or_compile_dt;compile_dt;compile_dt;compile_decomposed;lookup_or_compile_dt;compile_dt;compile_dt;compile_decomposed;conjoin_relevant_lits;get_and_node;asm_exc_page_fault;exc_page_fault;do_user_addr_fault;handle_mm_fault;__handle_mm_fault;wp_page_copy;vma_alloc_folio;__folio_alloc;__alloc_pages;get_page_from_freelist;__list_del_entry_valid
0.27% compile_cnf;compile_dt;compile_decomposed;lookup_or_compile_dt;compile_decomposed;lookup_or_compile_dt;compile_decomposed;lookup_or_compile_dt;compile_decomposed;lookup_or_compile_dt;compile_dt;compile_dt;compile_decomposed;lookup_or_compile_dt;compile_dt;compile_dt;compile_decomposed;lookup_or_compile_dt;compile_dt;compile_dt;compile_decomposed;lookup_or_compile_dt;compile_decomposed;lookup_or_compile_dt;compile_decomposed;lookup_or_compile_dt;compile_decomposed;lookup_or_compile_dt;compile_decomposed;lookup_or_compile_dt;compile_decomposed;lookup_or_compile_dt;compile_decomposed;lookup_or_compile_dt;compile_decomposed;lookup_or_compile_dt;compile_decomposed;lookup_or_compile_dt;compile_decomposed;lookup_or_compile_dt;compile_decomposed;lookup_or_compile_dt;compile_dt;compile_dt;compile_decomposed;lookup_or_compile_dt;compile_dt;compile_dt;compile_decomposed;conjoin_relevant_lits;get_and_node;__irqentry_text_end
0.27% compile_cnf;compile_dt;compile_decomposed;lookup_or_compile_dt;compile_decomposed;lookup_or_compile_dt;compile_decomposed;lookup_or_compile_dt;compile_decomposed;lookup_or_compile_dt;compile_dt;compile_dt;compile_decomposed;lookup_or_compile_dt;compile_dt;compile_dt;compile_decomposed;conjoin_nnfs_lits;conjoin_relevant_lits;get_and_node;asm_exc_page_fault;exc_page_fault;do_user_addr_fault;handle_mm_fault
0.26% compile_cnf;compile_dt;compile_decomposed;lookup_or_compile_dt;compile_decomposed;lookup_or_compile_dt;compile_decomposed;lookup_or_compile_dt;compile_decomposed;lookup_or_compile_dt;compile_dt;compile_dt;compile_decomposed;lookup_or_compile_dt;compile_dt;compile_dt;compile_decomposed;lookup_or_compile_dt;compile_decomposed;lookup_or_compile_dt;compile_decomposed;lookup_or_compile_dt;compile_decomposed;lookup_or_compile_dt;compile_decomposed;lookup_or_compile_dt;compile_decomposed;lookup_or_compile_dt;compile_decomposed;lookup_or_compile_dt;compile_decomposed;lookup_or_compile_dt;compile_decomposed;lookup_or_compile_dt;compile_decomposed;lookup_or_compile_dt;compile_decomposed;lookup_or_compile_dt;compile_decomposed;lookup_or_compile_dt;compile_dt;compile_dt;compile_decomposed;conjoin_relevant_lits;get_and_node;asm_exc_page_fault;exc_page_fault;do_user_addr_fault;handle_mm_fault;__handle_mm_fault;do_huge_pmd_anonymous_page;pte_alloc_one;__alloc_pages;get_page_from_freelist;clear_page_rep
0.26% compile_cnf;compile_dt;compile_decomposed;lookup_or_compile_dt;compile_decomposed;lookup_or_compile_dt;compile_decomposed;lookup_or_compile_dt;compile_decomposed;lookup_or_compile_dt;compile_dt;disjoin_nnfs;disjoin_nnfs_i;get_or_node;asm_exc_page_fault;exc_page_fault;do_user_addr_fault;handle_mm_fault;__handle_mm_fault;wp_page_copy;vma_alloc_folio;__folio_alloc;__alloc_pages;get_page_from_freelist;clear_page_rep
     1.61%     0.00%  c2d      c2d                   [.] compile_dt
0.28% compile_dt;compile_decomposed;lookup_or_compile_dt;compile_decomposed;lookup_or_compile_dt;compile_decomposed;lookup_or_compile_dt;compile_decomposed;lookup_or_compile_dt;compile_dt;compile_dt;compile_decomposed;lookup_or_compile_dt;compile_dt;compile_dt;compile_dt;compile_decomposed;lookup_or_compile_dt;compile_decomposed;lookup_or_compile_dt;compile_decomposed;lookup_or_compile_dt;compile_decomposed;lookup_or_compile_dt;compile_decomposed;lookup_or_compile_dt;compile_dt;compile_dt;compile_decomposed;lookup_or_compile_dt;compile_dt;compile_dt;compile_decomposed;lookup_or_compile_dt;compile_decomposed;lookup_or_compile_dt;compile_decomposed;lookup_or_compile_dt;compile_decomposed;lookup_or_compile_dt;compile_decomposed;lookup_or_compile_dt;compile_decomposed;lookup_or_compile_dt;compile_dt;compile_dt;compile_decomposed;conjoin_nnfs_lits;conjoin_relevant_lits;get_and_node;asm_exc_page_fault;exc_page_fault;do_user_addr_fault;handle_mm_fault;__handle_mm_fault;do_huge_pmd_anonymous_page;pgtable_trans_huge_deposit;__list_add_valid
0.27% compile_dt;compile_decomposed;lookup_or_compile_dt;compile_decomposed;lookup_or_compile_dt;compile_decomposed;lookup_or_compile_dt;compile_decomposed;lookup_or_compile_dt;compile_dt;compile_dt;compile_decomposed;lookup_or_compile_dt;compile_dt;compile_dt;compile_dt;compile_decomposed;lookup_or_compile_dt;compile_decomposed;lookup_or_compile_dt;compile_decomposed;lookup_or_compile_dt;compile_decomposed;lookup_or_compile_dt;compile_decomposed;lookup_or_compile_dt;compile_decomposed;lookup_or_compile_dt;compile_decomposed;lookup_or_compile_dt;compile_decomposed;lookup_or_compile_dt;compile_decomposed;lookup_or_compile_dt;compile_decomposed;lookup_or_compile_dt;compile_decomposed;lookup_or_compile_dt;compile_decomposed;lookup_or_compile_dt;compile_dt;compile_dt;compile_decomposed;lookup_or_compile_dt;compile_dt;compile_dt;compile_decomposed;conjoin_relevant_lits;get_and_node;asm_exc_page_fault;exc_page_fault;do_user_addr_fault;handle_mm_fault;__handle_mm_fault;wp_page_copy;vma_alloc_folio;__folio_alloc;__alloc_pages;get_page_from_freelist;__list_del_entry_valid
0.27% compile_dt;compile_decomposed;lookup_or_compile_dt;compile_decomposed;lookup_or_compile_dt;compile_decomposed;lookup_or_compile_dt;compile_decomposed;lookup_or_compile_dt;compile_dt;compile_dt;compile_decomposed;lookup_or_compile_dt;compile_dt;compile_dt;compile_decomposed;lookup_or_compile_dt;compile_dt;compile_dt;compile_decomposed;lookup_or_compile_dt;compile_decomposed;lookup_or_compile_dt;compile_decomposed;lookup_or_compile_dt;compile_decomposed;lookup_or_compile_dt;compile_decomposed;lookup_or_compile_dt;compile_decomposed;lookup_or_compile_dt;compile_decomposed;lookup_or_compile_dt;compile_decomposed;lookup_or_compile_dt;compile_decomposed;lookup_or_compile_dt;compile_decomposed;lookup_or_compile_dt;compile_decomposed;lookup_or_compile_dt;compile_dt;compile_dt;compile_decomposed;lookup_or_compile_dt;compile_dt;compile_dt;compile_decomposed;conjoin_relevant_lits;get_and_node;__irqentry_text_end
0.27% compile_dt;compile_decomposed;lookup_or_compile_dt;compile_decomposed;lookup_or_compile_dt;compile_decomposed;lookup_or_compile_dt;compile_decomposed;lookup_or_compile_dt;compile_dt;compile_dt;compile_decomposed;lookup_or_compile_dt;compile_dt;compile_dt;compile_decomposed;conjoin_nnfs_lits;conjoin_relevant_lits;get_and_node;asm_exc_page_fault;exc_page_fault;do_user_addr_fault;handle_mm_fault
0.26% compile_dt;compile_decomposed;lookup_or_compile_dt;compile_decomposed;lookup_or_compile_dt;compile_decomposed;lookup_or_compile_dt;compile_decomposed;lookup_or_compile_dt;compile_dt;compile_dt;compile_decomposed;lookup_or_compile_dt;compile_dt;compile_dt;compile_decomposed;lookup_or_compile_dt;compile_decomposed;lookup_or_compile_dt;compile_decomposed;lookup_or_compile_dt;compile_decomposed;lookup_or_compile_dt;compile_decomposed;lookup_or_compile_dt;compile_decomposed;lookup_or_compile_dt;compile_decomposed;lookup_or_compile_dt;compile_decomposed;lookup_or_compile_dt;compile_decomposed;lookup_or_compile_dt;compile_decomposed;lookup_or_compile_dt;compile_decomposed;lookup_or_compile_dt;compile_decomposed;lookup_or_compile_dt;compile_dt;compile_dt;compile_decomposed;conjoin_relevant_lits;get_and_node;asm_exc_page_fault;exc_page_fault;do_user_addr_fault;handle_mm_fault;__handle_mm_fault;do_huge_pmd_anonymous_page;pte_alloc_one;__alloc_pages;get_page_from_freelist;clear_page_rep
0.26% compile_dt;compile_decomposed;lookup_or_compile_dt;compile_decomposed;lookup_or_compile_dt;compile_decomposed;lookup_or_compile_dt;compile_decomposed;lookup_or_compile_dt;compile_dt;disjoin_nnfs;disjoin_nnfs_i;get_or_node;asm_exc_page_fault;exc_page_fault;do_user_addr_fault;handle_mm_fault;__handle_mm_fault;wp_page_copy;vma_alloc_folio;__folio_alloc;__alloc_pages;get_page_from_freelist;clear_page_rep
     1.61%     0.00%  c2d      c2d                   [.] compile_decomposed
0.28% compile_decomposed;lookup_or_compile_dt;compile_decomposed;lookup_or_compile_dt;compile_decomposed;lookup_or_compile_dt;compile_decomposed;lookup_or_compile_dt;compile_dt;compile_dt;compile_decomposed;lookup_or_compile_dt;compile_dt;compile_dt;compile_dt;compile_decomposed;lookup_or_compile_dt;compile_decomposed;lookup_or_compile_dt;compile_decomposed;lookup_or_compile_dt;compile_decomposed;lookup_or_compile_dt;compile_decomposed;lookup_or_compile_dt;compile_dt;compile_dt;compile_decomposed;lookup_or_compile_dt;compile_dt;compile_dt;compile_decomposed;lookup_or_compile_dt;compile_decomposed;lookup_or_compile_dt;compile_decomposed;lookup_or_compile_dt;compile_decomposed;lookup_or_compile_dt;compile_decomposed;lookup_or_compile_dt;compile_decomposed;lookup_or_compile_dt;compile_dt;compile_dt;compile_decomposed;conjoin_nnfs_lits;conjoin_relevant_lits;get_and_node;asm_exc_page_fault;exc_page_fault;do_user_addr_fault;handle_mm_fault;__handle_mm_fault;do_huge_pmd_anonymous_page;pgtable_trans_huge_deposit;__list_add_valid
0.27% compile_decomposed;lookup_or_compile_dt;compile_decomposed;lookup_or_compile_dt;compile_decomposed;lookup_or_compile_dt;compile_decomposed;lookup_or_compile_dt;compile_dt;compile_dt;compile_decomposed;lookup_or_compile_dt;compile_dt;compile_dt;compile_dt;compile_decomposed;lookup_or_compile_dt;compile_decomposed;lookup_or_compile_dt;compile_decomposed;lookup_or_compile_dt;compile_decomposed;lookup_or_compile_dt;compile_decomposed;lookup_or_compile_dt;compile_decomposed;lookup_or_compile_dt;compile_decomposed;lookup_or_compile_dt;compile_decomposed;lookup_or_compile_dt;compile_decomposed;lookup_or_compile_dt;compile_decomposed;lookup_or_compile_dt;compile_decomposed;lookup_or_compile_dt;compile_decomposed;lookup_or_compile_dt;compile_dt;compile_dt;compile_decomposed;lookup_or_compile_dt;compile_dt;compile_dt;compile_decomposed;conjoin_relevant_lits;get_and_node;asm_exc_page_fault;exc_page_fault;do_user_addr_fault;handle_mm_fault;__handle_mm_fault;wp_page_copy;vma_alloc_folio;__folio_alloc;__alloc_pages;get_page_from_freelist;__list_del_entry_valid
0.27% compile_decomposed;lookup_or_compile_dt;compile_decomposed;lookup_or_compile_dt;compile_decomposed;lookup_or_compile_dt;compile_decomposed;lookup_or_compile_dt;compile_dt;compile_dt;compile_decomposed;lookup_or_compile_dt;compile_dt;compile_dt;compile_decomposed;lookup_or_compile_dt;compile_dt;compile_dt;compile_decomposed;lookup_or_compile_dt;compile_decomposed;lookup_or_compile_dt;compile_decomposed;lookup_or_compile_dt;compile_decomposed;lookup_or_compile_dt;compile_decomposed;lookup_or_compile_dt;compile_decomposed;lookup_or_compile_dt;compile_decomposed;lookup_or_compile_dt;compile_decomposed;lookup_or_compile_dt;compile_decomposed;lookup_or_compile_dt;compile_decomposed;lookup_or_compile_dt;compile_decomposed;lookup_or_compile_dt;compile_dt;compile_dt;compile_decomposed;lookup_or_compile_dt;compile_dt;compile_dt;compile_decomposed;conjoin_relevant_lits;get_and_node;__irqentry_text_end
0.27% compile_decomposed;lookup_or_compile_dt;compile_decomposed;lookup_or_compile_dt;compile_decomposed;lookup_or_compile_dt;compile_decomposed;lookup_or_compile_dt;compile_dt;compile_dt;compile_decomposed;lookup_or_compile_dt;compile_dt;compile_dt;compile_decomposed;conjoin_nnfs_lits;conjoin_relevant_lits;get_and_node;asm_exc_page_fault;exc_page_fault;do_user_addr_fault;handle_mm_fault
0.26% compile_decomposed;lookup_or_compile_dt;compile_decomposed;lookup_or_compile_dt;compile_decomposed;lookup_or_compile_dt;compile_decomposed;lookup_or_compile_dt;compile_dt;compile_dt;compile_decomposed;lookup_or_compile_dt;compile_dt;compile_dt;compile_decomposed;lookup_or_compile_dt;compile_decomposed;lookup_or_compile_dt;compile_decomposed;lookup_or_compile_dt;compile_decomposed;lookup_or_compile_dt;compile_decomposed;lookup_or_compile_dt;compile_decomposed;lookup_or_compile_dt;compile_decomposed;lookup_or_compile_dt;compile_decomposed;lookup_or_compile_dt;compile_decomposed;lookup_or_compile_dt;compile_decomposed;lookup_or_compile_dt;compile_decomposed;lookup_or_compile_dt;compile_decomposed;lookup_or_compile_dt;compile_dt;compile_dt;compile_decomposed;conjoin_relevant_lits;get_and_node;asm_exc_page_fault;exc_page_fault;do_user_addr_fault;handle_mm_fault;__handle_mm_fault;do_huge_pmd_anonymous_page;pte_alloc_one;__alloc_pages;get_page_from_freelist;clear_page_rep
0.26% compile_decomposed;lookup_or_compile_dt;compile_decomposed;lookup_or_compile_dt;compile_decomposed;lookup_or_compile_dt;compile_decomposed;lookup_or_compile_dt;compile_dt;disjoin_nnfs;disjoin_nnfs_i;get_or_node;asm_exc_page_fault;exc_page_fault;do_user_addr_fault;handle_mm_fault;__handle_mm_fault;wp_page_copy;vma_alloc_folio;__folio_alloc;__alloc_pages;get_page_from_freelist;clear_page_rep
     1.61%     0.00%  c2d      c2d                   [.] lookup_or_compile_dt
0.28% lookup_or_compile_dt;compile_decomposed;lookup_or_compile_dt;compile_decomposed;lookup_or_compile_dt;compile_decomposed;lookup_or_compile_dt;compile_dt;compile_dt;compile_decomposed;lookup_or_compile_dt;compile_dt;compile_dt;compile_dt;compile_decomposed;lookup_or_compile_dt;compile_decomposed;lookup_or_compile_dt;compile_decomposed;lookup_or_compile_dt;compile_decomposed;lookup_or_compile_dt;compile_decomposed;lookup_or_compile_dt;compile_dt;compile_dt;compile_decomposed;lookup_or_compile_dt;compile_dt;compile_dt;compile_decomposed;lookup_or_compile_dt;compile_decomposed;lookup_or_compile_dt;compile_decomposed;lookup_or_compile_dt;compile_decomposed;lookup_or_compile_dt;compile_decomposed;lookup_or_compile_dt;compile_decomposed;lookup_or_compile_dt;compile_dt;compile_dt;compile_decomposed;conjoin_nnfs_lits;conjoin_relevant_lits;get_and_node;asm_exc_page_fault;exc_page_fault;do_user_addr_fault;handle_mm_fault;__handle_mm_fault;do_huge_pmd_anonymous_page;pgtable_trans_huge_deposit;__list_add_valid
0.27% lookup_or_compile_dt;compile_decomposed;lookup_or_compile_dt;compile_decomposed;lookup_or_compile_dt;compile_decomposed;lookup_or_compile_dt;compile_dt;compile_dt;compile_decomposed;lookup_or_compile_dt;compile_dt;compile_dt;compile_dt;compile_decomposed;lookup_or_compile_dt;compile_decomposed;lookup_or_compile_dt;compile_decomposed;lookup_or_compile_dt;compile_decomposed;lookup_or_compile_dt;compile_decomposed;lookup_or_compile_dt;compile_decomposed;lookup_or_compile_dt;compile_decomposed;lookup_or_compile_dt;compile_decomposed;lookup_or_compile_dt;compile_decomposed;lookup_or_compile_dt;compile_decomposed;lookup_or_compile_dt;compile_decomposed;lookup_or_compile_dt;compile_decomposed;lookup_or_compile_dt;compile_dt;compile_dt;compile_decomposed;lookup_or_compile_dt;compile_dt;compile_dt;compile_decomposed;conjoin_relevant_lits;get_and_node;asm_exc_page_fault;exc_page_fault;do_user_addr_fault;handle_mm_fault;__handle_mm_fault;wp_page_copy;vma_alloc_folio;__folio_alloc;__alloc_pages;get_page_from_freelist;__list_del_entry_valid
0.27% lookup_or_compile_dt;compile_decomposed;lookup_or_compile_dt;compile_decomposed;lookup_or_compile_dt;compile_decomposed;lookup_or_compile_dt;compile_dt;compile_dt;compile_decomposed;lookup_or_compile_dt;compile_dt;compile_dt;compile_decomposed;lookup_or_compile_dt;compile_dt;compile_dt;compile_decomposed;lookup_or_compile_dt;compile_decomposed;lookup_or_compile_dt;compile_decomposed;lookup_or_compile_dt;compile_decomposed;lookup_or_compile_dt;compile_decomposed;lookup_or_compile_dt;compile_decomposed;lookup_or_compile_dt;compile_decomposed;lookup_or_compile_dt;compile_decomposed;lookup_or_compile_dt;compile_decomposed;lookup_or_compile_dt;compile_decomposed;lookup_or_compile_dt;compile_decomposed;lookup_or_compile_dt;compile_dt;compile_dt;compile_decomposed;lookup_or_compile_dt;compile_dt;compile_dt;compile_decomposed;conjoin_relevant_lits;get_and_node;__irqentry_text_end
0.27% lookup_or_compile_dt;compile_decomposed;lookup_or_compile_dt;compile_decomposed;lookup_or_compile_dt;compile_decomposed;lookup_or_compile_dt;compile_dt;compile_dt;compile_decomposed;lookup_or_compile_dt;compile_dt;compile_dt;compile_decomposed;conjoin_nnfs_lits;conjoin_relevant_lits;get_and_node;asm_exc_page_fault;exc_page_fault;do_user_addr_fault;handle_mm_fault
0.26% lookup_or_compile_dt;compile_decomposed;lookup_or_compile_dt;compile_decomposed;lookup_or_compile_dt;compile_decomposed;lookup_or_compile_dt;compile_dt;compile_dt;compile_decomposed;lookup_or_compile_dt;compile_dt;compile_dt;compile_decomposed;lookup_or_compile_dt;compile_decomposed;lookup_or_compile_dt;compile_decomposed;lookup_or_compile_dt;compile_decomposed;lookup_or_compile_dt;compile_decomposed;lookup_or_compile_dt;compile_decomposed;lookup_or_compile_dt;compile_decomposed;lookup_or_compile_dt;compile_decomposed;lookup_or_compile_dt;compile_decomposed;lookup_or_compile_dt;compile_decomposed;lookup_or_compile_dt;compile_decomposed;lookup_or_compile_dt;compile_decomposed;lookup_or_compile_dt;compile_dt;compile_dt;compile_decomposed;conjoin_relevant_lits;get_and_node;asm_exc_page_fault;exc_page_fault;do_user_addr_fault;handle_mm_fault;__handle_mm_fault;do_huge_pmd_anonymous_page;pte_alloc_one;__alloc_pages;get_page_from_freelist;clear_page_rep
0.26% lookup_or_compile_dt;compile_decomposed;lookup_or_compile_dt;compile_decomposed;lookup_or_compile_dt;compile_decomposed;lookup_or_compile_dt;compile_dt;disjoin_nnfs;disjoin_nnfs_i;get_or_node;asm_exc_page_fault;exc_page_fault;do_user_addr_fault;handle_mm_fault;__handle_mm_fault;wp_page_copy;vma_alloc_folio;__folio_alloc;__alloc_pages;get_page_from_freelist;clear_page_rep
     1.35%     0.00%  c2d      c2d                   [.] conjoin_relevant_lits
0.28% conjoin_relevant_lits;get_and_node;asm_exc_page_fault;exc_page_fault;do_user_addr_fault;handle_mm_fault;__handle_mm_fault;do_huge_pmd_anonymous_page;pgtable_trans_huge_deposit;__list_add_valid
0.27% conjoin_relevant_lits;get_and_node;asm_exc_page_fault;exc_page_fault;do_user_addr_fault;handle_mm_fault;__handle_mm_fault;wp_page_copy;vma_alloc_folio;__folio_alloc;__alloc_pages;get_page_from_freelist;__list_del_entry_valid
0.27% conjoin_relevant_lits;get_and_node;__irqentry_text_end
0.27% conjoin_relevant_lits;get_and_node;asm_exc_page_fault;exc_page_fault;do_user_addr_fault;handle_mm_fault
0.26% conjoin_relevant_lits;get_and_node;asm_exc_page_fault;exc_page_fault;do_user_addr_fault;handle_mm_fault;__handle_mm_fault;do_huge_pmd_anonymous_page;pte_alloc_one;__alloc_pages;get_page_from_freelist;clear_page_rep
     1.35%     0.00%  c2d      c2d                   [.] get_and_node
0.28% get_and_node;asm_exc_page_fault;exc_page_fault;do_user_addr_fault;handle_mm_fault;__handle_mm_fault;do_huge_pmd_anonymous_page;pgtable_trans_huge_deposit;__list_add_valid
0.27% get_and_node;asm_exc_page_fault;exc_page_fault;do_user_addr_fault;handle_mm_fault;__handle_mm_fault;wp_page_copy;vma_alloc_folio;__folio_alloc;__alloc_pages;get_page_from_freelist;__list_del_entry_valid
0.27% get_and_node;__irqentry_text_end
0.27% get_and_node;asm_exc_page_fault;exc_page_fault;do_user_addr_fault;handle_mm_fault
0.26% get_and_node;asm_exc_page_fault;exc_page_fault;do_user_addr_fault;handle_mm_fault;__handle_mm_fault;do_huge_pmd_anonymous_page;pte_alloc_one;__alloc_pages;get_page_from_freelist;clear_page_rep
     1.20%     0.00%  c2d      [kernel.kallsyms]     [k] vm_mmap_pgoff
0.26% vm_mmap_pgoff;do_mmap;get_unmapped_area;arch_get_unmapped_area_topdown
0.26% vm_mmap_pgoff;do_mmap;mmap_region
0.26% vm_mmap_pgoff;do_mmap;mmap_region;do_mas_munmap;do_mas_align_munmap;__split_vma;__vma_adjust;mas_store_prealloc;mas_wr_bnode;mas_pop_node
0.25% vm_mmap_pgoff;do_mmap;mmap_region;down_write
0.17% vm_mmap_pgoff;do_mmap;mmap_region;vma_interval_tree_insert
     1.20%     0.00%  c2d      [kernel.kallsyms]     [k] do_mmap
0.26% do_mmap;get_unmapped_area;arch_get_unmapped_area_topdown
0.26% do_mmap;mmap_region
0.26% do_mmap;mmap_region;do_mas_munmap;do_mas_align_munmap;__split_vma;__vma_adjust;mas_store_prealloc;mas_wr_bnode;mas_pop_node
0.25% do_mmap;mmap_region;down_write
0.17% do_mmap;mmap_region;vma_interval_tree_insert
     1.13%     0.00%  c2d      [kernel.kallsyms]     [k] do_huge_pmd_anonymous_page
0.56% do_huge_pmd_anonymous_page;pte_alloc_one;__alloc_pages;get_page_from_freelist;clear_page_rep
0.29% do_huge_pmd_anonymous_page;pte_alloc_one;alloc_pages;policy_node
0.28% do_huge_pmd_anonymous_page;pgtable_trans_huge_deposit;__list_add_valid
     1.09%     0.00%  c2d      [kernel.kallsyms]     [k] __alloc_pages
0.82% __alloc_pages;get_page_from_freelist;clear_page_rep
0.27% __alloc_pages;get_page_from_freelist;__list_del_entry_valid
     1.09%     0.00%  c2d      [kernel.kallsyms]     [k] get_page_from_freelist
0.82% get_page_from_freelist;clear_page_rep
0.27% get_page_from_freelist;__list_del_entry_valid
     1.04%     0.00%  c2d      [unknown]             [k] 0000000000000000
0.27% 0;read;entry_SYSCALL_64_after_hwframe;do_syscall_64;ksys_read;vfs_read;xfs_file_read_iter;xfs_file_buffered_read;filemap_read;filemap_get_pages;page_cache_ra_order;read_pages;blk_finish_plug;__blk_flush_plug;blk_mq_flush_plug_list.part.0;blk_mq_sched_insert_requests;blk_mq_run_hw_queue;blk_mq_hctx_has_pending;sbitmap_any_bit_set
0.26% 0;read;entry_SYSRETQ_unsafe_stack
0.25% 0;0x7fe2d93fcae3;entry_SYSCALL_64_after_hwframe;do_syscall_64;ksys_mmap_pgoff;vm_mmap_pgoff;do_mmap;mmap_region;down_write
0.23% 0;read;entry_SYSCALL_64_after_hwframe;do_syscall_64;x64_sys_call
0.03% 0;read;entry_SYSCALL_64_after_hwframe;do_syscall_64;ksys_read;vfs_read;xfs_file_read_iter;xfs_file_buffered_read;filemap_read;filemap_get_pages
     0.93%     0.26%  c2d      [kernel.kallsyms]     [k] mmap_region
0.26% 0x7fe2d940f8a8;0x7fe2d93e4075;0x7fe2d93fcae3;entry_SYSCALL_64_after_hwframe;do_syscall_64;ksys_mmap_pgoff;vm_mmap_pgoff;do_mmap;mmap_region
0.26% mmap_region;do_mas_munmap;do_mas_align_munmap;__split_vma;__vma_adjust;mas_store_prealloc;mas_wr_bnode;mas_pop_node
0.25% mmap_region;down_write
0.17% mmap_region;vma_interval_tree_insert
     0.88%     0.58%  c2d      [kernel.kallsyms]     [k] unmap_page_range
0.29% __munmap;entry_SYSCALL_64_after_hwframe;do_syscall_64;__x64_sys_munmap;__vm_munmap;do_mas_munmap;do_mas_align_munmap;unmap_region;unmap_vmas;unmap_page_range
0.29% unmap_page_range;page_remove_rmap;folio_memcg_lock.part.0
0.29% entry_SYSCALL_64_after_hwframe;do_syscall_64;__x64_sys_exit_group;do_group_exit;do_exit;__mmput;exit_mmap;unmap_vmas;unmap_page_range
     0.88%     0.00%  c2d      [kernel.kallsyms]     [k] unmap_vmas
0.58% unmap_vmas;unmap_page_range
0.29% unmap_vmas;unmap_page_range;page_remove_rmap;folio_memcg_lock.part.0
     0.88%     0.00%  c2d      [kernel.kallsyms]     [k] __x64_sys_exit_group
0.29% __x64_sys_exit_group;do_group_exit;do_exit;__mmput;exit_mmap;free_pgtables;free_pgd_range;___pmd_free_tlb
0.29% __x64_sys_exit_group;do_group_exit;do_exit;__mmput;exit_mmap;unmap_vmas;unmap_page_range;page_remove_rmap;folio_memcg_lock.part.0
0.29% __x64_sys_exit_group;do_group_exit;do_exit;__mmput;exit_mmap;unmap_vmas;unmap_page_range
     0.88%     0.00%  c2d      [kernel.kallsyms]     [k] do_group_exit
0.29% do_group_exit;do_exit;__mmput;exit_mmap;free_pgtables;free_pgd_range;___pmd_free_tlb
0.29% do_group_exit;do_exit;__mmput;exit_mmap;unmap_vmas;unmap_page_range;page_remove_rmap;folio_memcg_lock.part.0
0.29% do_group_exit;do_exit;__mmput;exit_mmap;unmap_vmas;unmap_page_range
     0.88%     0.00%  c2d      [kernel.kallsyms]     [k] do_exit
0.29% do_exit;__mmput;exit_mmap;free_pgtables;free_pgd_range;___pmd_free_tlb
0.29% do_exit;__mmput;exit_mmap;unmap_vmas;unmap_page_range;page_remove_rmap;folio_memcg_lock.part.0
0.29% do_exit;__mmput;exit_mmap;unmap_vmas;unmap_page_range
     0.88%     0.00%  c2d      [kernel.kallsyms]     [k] __mmput
0.29% __mmput;exit_mmap;free_pgtables;free_pgd_range;___pmd_free_tlb
0.29% __mmput;exit_mmap;unmap_vmas;unmap_page_range;page_remove_rmap;folio_memcg_lock.part.0
0.29% __mmput;exit_mmap;unmap_vmas;unmap_page_range
     0.88%     0.00%  c2d      [kernel.kallsyms]     [k] exit_mmap
0.29% exit_mmap;free_pgtables;free_pgd_range;___pmd_free_tlb
0.29% exit_mmap;unmap_vmas;unmap_page_range;page_remove_rmap;folio_memcg_lock.part.0
0.29% exit_mmap;unmap_vmas;unmap_page_range
     0.86%     0.86%  c2d      [kernel.kallsyms]     [k] __irqentry_text_end
0.59% 0x7fe2d8e4624a;main;cnf2ddnnf_cmd_line;free_cache_manager;__irqentry_text_end
0.27% 0x7fe2d8e4624a;main;cnf2ddnnf_cmd_line;compile_cnf;compile_dt;compile_decomposed;lookup_or_compile_dt;compile_decomposed;lookup_or_compile_dt;compile_decomposed;lookup_or_compile_dt;compile_decomposed;lookup_or_compile_dt;compile_dt;compile_dt;compile_decomposed;lookup_or_compile_dt;compile_dt;compile_dt;compile_decomposed;lookup_or_compile_dt;compile_dt;compile_dt;compile_decomposed;lookup_or_compile_dt;compile_decomposed;lookup_or_compile_dt;compile_decomposed;lookup_or_compile_dt;compile_decomposed;lookup_or_compile_dt;compile_decomposed;lookup_or_compile_dt;compile_decomposed;lookup_or_compile_dt;compile_decomposed;lookup_or_compile_dt;compile_decomposed;lookup_or_compile_dt;compile_decomposed;lookup_or_compile_dt;compile_decomposed;lookup_or_compile_dt;compile_decomposed;lookup_or_compile_dt;compile_dt;compile_dt;compile_decomposed;lookup_or_compile_dt;compile_dt;compile_dt;compile_decomposed;conjoin_relevant_lits;get_and_node;__irqentry_text_end
     0.85%     0.00%  c2d      [kernel.kallsyms]     [k] pte_alloc_one
0.56% pte_alloc_one;__alloc_pages;get_page_from_freelist;clear_page_rep
0.29% pte_alloc_one;alloc_pages;policy_node
     0.82%     0.82%  c2d      [kernel.kallsyms]     [k] clear_page_rep
0.29% 0x7fe2d8e4624a;main;cnf2ddnnf_cmd_line;free_cache_manager;asm_exc_page_fault;exc_page_fault;do_user_addr_fault;handle_mm_fault;__handle_mm_fault;do_huge_pmd_anonymous_page;pte_alloc_one;__alloc_pages;get_page_from_freelist;clear_page_rep
0.26% 0x7fe2d8e4624a;main;cnf2ddnnf_cmd_line;compile_cnf;compile_dt;compile_decomposed;lookup_or_compile_dt;compile_decomposed;lookup_or_compile_dt;compile_decomposed;lookup_or_compile_dt;compile_decomposed;lookup_or_compile_dt;compile_dt;compile_dt;compile_decomposed;lookup_or_compile_dt;compile_dt;compile_dt;compile_decomposed;lookup_or_compile_dt;compile_decomposed;lookup_or_compile_dt;compile_decomposed;lookup_or_compile_dt;compile_decomposed;lookup_or_compile_dt;compile_decomposed;lookup_or_compile_dt;compile_decomposed;lookup_or_compile_dt;compile_decomposed;lookup_or_compile_dt;compile_decomposed;lookup_or_compile_dt;compile_decomposed;lookup_or_compile_dt;compile_decomposed;lookup_or_compile_dt;compile_decomposed;lookup_or_compile_dt;compile_decomposed;lookup_or_compile_dt;compile_dt;compile_dt;compile_decomposed;conjoin_relevant_lits;get_and_node;asm_exc_page_fault;exc_page_fault;do_user_addr_fault;handle_mm_fault;__handle_mm_fault;do_huge_pmd_anonymous_page;pte_alloc_one;__alloc_pages;get_page_from_freelist;clear_page_rep
0.26% 0x7fe2d8e4624a;main;cnf2ddnnf_cmd_line;compile_cnf;compile_dt;compile_decomposed;lookup_or_compile_dt;compile_decomposed;lookup_or_compile_dt;compile_decomposed;lookup_or_compile_dt;compile_decomposed;lookup_or_compile_dt;compile_dt;disjoin_nnfs;disjoin_nnfs_i;get_or_node;asm_exc_page_fault;exc_page_fault;do_user_addr_fault;handle_mm_fault;__handle_mm_fault;wp_page_copy;vma_alloc_folio;__folio_alloc;__alloc_pages;get_page_from_freelist;clear_page_rep
     0.81%     0.00%  c2d      ld-linux-x86-64.so.2  [.] 0x00007fe2d93f6a58
0.28% 0x7fe2d93f6a58;0x7fe2d93f622f;0x7fe2d93f9c99;0x7fe2d93ea35a
0.27% 0x7fe2d93f6a58;0x7fe2d93f622f;0x7fe2d93f9c99;0x7fe2d93ea2dc
0.26% 0x7fe2d93f6a58;0x7fe2d93f622f;0x7fe2d93dffb7
     0.81%     0.00%  c2d      ld-linux-x86-64.so.2  [.] 0x00007fe2d93f622f
0.28% 0x7fe2d93f622f;0x7fe2d93f9c99;0x7fe2d93ea35a
0.27% 0x7fe2d93f622f;0x7fe2d93f9c99;0x7fe2d93ea2dc
0.26% 0x7fe2d93f622f;0x7fe2d93dffb7
     0.79%     0.00%  c2d      libc.so.6             [.] read
0.27% read;entry_SYSCALL_64_after_hwframe;do_syscall_64;ksys_read;vfs_read;xfs_file_read_iter;xfs_file_buffered_read;filemap_read;filemap_get_pages;page_cache_ra_order;read_pages;blk_finish_plug;__blk_flush_plug;blk_mq_flush_plug_list.part.0;blk_mq_sched_insert_requests;blk_mq_run_hw_queue;blk_mq_hctx_has_pending;sbitmap_any_bit_set
0.26% read;entry_SYSRETQ_unsafe_stack
0.23% read;entry_SYSCALL_64_after_hwframe;do_syscall_64;x64_sys_call
0.03% read;entry_SYSCALL_64_after_hwframe;do_syscall_64;ksys_read;vfs_read;xfs_file_read_iter;xfs_file_buffered_read;filemap_read;filemap_get_pages
     0.78%     0.00%  c2d      c2d                   [.] load_hdtree_from_file
0.26% load_hdtree_from_file;dtree_skeleton2hdtree;initialize_hdtree;initialize_hdtree;initialize_hdtree;initialize_hdtree;initialize_hdtree;initialize_hdtree;initialize_hdtree;initialize_hdtree;initialize_hdtree;initialize_hdtree;initialize_hdtree;initialize_hdtree;initialize_hdtree;initialize_hdtree;initialize_hdtree;initialize_hdtree;initialize_hdtree;initialize_hdtree;initialize_hdtree;edges_intersection
0.26% load_hdtree_from_file;dtree_skeleton2hdtree
0.26% load_hdtree_from_file;__isoc99_fscanf;0x7fe2d8e7ef1c
     0.76%     0.00%  c2d      ld-linux-x86-64.so.2  [.] 0x00007fe2d93fcae3
0.26% 0x7fe2d93fcae3;entry_SYSCALL_64_after_hwframe;do_syscall_64;ksys_mmap_pgoff;vm_mmap_pgoff;do_mmap;mmap_region
0.26% 0x7fe2d93fcae3;entry_SYSCALL_64_after_hwframe;do_syscall_64;ksys_mmap_pgoff;vm_mmap_pgoff;do_mmap;mmap_region;do_mas_munmap;do_mas_align_munmap;__split_vma;__vma_adjust;mas_store_prealloc;mas_wr_bnode;mas_pop_node
0.25% 0x7fe2d93fcae3;entry_SYSCALL_64_after_hwframe;do_syscall_64;ksys_mmap_pgoff;vm_mmap_pgoff;do_mmap;mmap_region;down_write
     0.76%     0.00%  c2d      [kernel.kallsyms]     [k] ksys_mmap_pgoff
0.26% ksys_mmap_pgoff;vm_mmap_pgoff;do_mmap;mmap_region
0.26% ksys_mmap_pgoff;vm_mmap_pgoff;do_mmap;mmap_region;do_mas_munmap;do_mas_align_munmap;__split_vma;__vma_adjust;mas_store_prealloc;mas_wr_bnode;mas_pop_node
0.25% ksys_mmap_pgoff;vm_mmap_pgoff;do_mmap;mmap_region;down_write
     0.58%     0.00%  c2d      [kernel.kallsyms]     [k] asm_sysvec_apic_timer_interrupt
0.29% asm_sysvec_apic_timer_interrupt;sysvec_apic_timer_interrupt;__irq_exit_rcu
0.29% asm_sysvec_apic_timer_interrupt;sysvec_apic_timer_interrupt;__irq_exit_rcu;handle_softirqs;run_timer_softirq;__run_timers;call_timer_fn;fq_flush_timeout;_raw_spin_lock_irqsave
     0.58%     0.00%  c2d      [kernel.kallsyms]     [k] sysvec_apic_timer_interrupt
0.29% sysvec_apic_timer_interrupt;__irq_exit_rcu
0.29% sysvec_apic_timer_interrupt;__irq_exit_rcu;handle_softirqs;run_timer_softirq;__run_timers;call_timer_fn;fq_flush_timeout;_raw_spin_lock_irqsave
     0.58%     0.29%  c2d      [kernel.kallsyms]     [k] __irq_exit_rcu
0.29% 0x7fe2d8e4624a;main;cnf2ddnnf_cmd_line;free_cache_manager;asm_sysvec_apic_timer_interrupt;sysvec_apic_timer_interrupt;__irq_exit_rcu
0.29% __irq_exit_rcu;handle_softirqs;run_timer_softirq;__run_timers;call_timer_fn;fq_flush_timeout;_raw_spin_lock_irqsave
     0.55%     0.00%  c2d      [kernel.kallsyms]     [k] do_mas_munmap
0.29% do_mas_munmap;do_mas_align_munmap;unmap_region;unmap_vmas;unmap_page_range
0.26% do_mas_munmap;do_mas_align_munmap;__split_vma;__vma_adjust;mas_store_prealloc;mas_wr_bnode;mas_pop_node
     0.55%     0.00%  c2d      [kernel.kallsyms]     [k] do_mas_align_munmap
0.29% do_mas_align_munmap;unmap_region;unmap_vmas;unmap_page_range
0.26% do_mas_align_munmap;__split_vma;__vma_adjust;mas_store_prealloc;mas_wr_bnode;mas_pop_node
     0.55%     0.00%  c2d      ld-linux-x86-64.so.2  [.] 0x00007fe2d93f9c99
0.28% 0x7fe2d93f9c99;0x7fe2d93ea35a
0.27% 0x7fe2d93f9c99;0x7fe2d93ea2dc
     0.55%     0.00%  c2d      c2d                   [.] construct_dtree_manager
0.27% construct_dtree_manager;initialize_dtree_separators;fill_separators;fill_separators;fill_separators;fill_separators;fill_separators;fill_separators;fill_separators;fill_separators;fill_separators;fill_separators;fill_separators;fill_separators;fill_separators;fill_separators;fill_separators;fill_separators;fill_separators;fill_separators;fill_separators;fill_separators;fill_separators;fill_separators
0.27% construct_dtree_manager;hdtree2dtree;hdtree2dtree;hdtree2dtree;hdtree2dtree;hdtree2dtree;hdtree2dtree;hdtree2dtree;hdtree2dtree;hdtree2dtree;hdtree2dtree;hdtree2dtree;hdtree2dtree;hdtree2dtree;hdtree2dtree;hdtree2dtree;hdtree2dtree;hdtree2dtree;hdtree2dtree;hdtree2dtree;hdtree2dtree;hdtree2dtree;hdtree2dtree;hdtree2dtree
     0.54%     0.00%  c2d      c2d                   [.] conjoin_nnfs_lits
0.28% conjoin_nnfs_lits;conjoin_relevant_lits;get_and_node;asm_exc_page_fault;exc_page_fault;do_user_addr_fault;handle_mm_fault;__handle_mm_fault;do_huge_pmd_anonymous_page;pgtable_trans_huge_deposit;__list_add_valid
0.27% conjoin_nnfs_lits;conjoin_relevant_lits;get_and_node;asm_exc_page_fault;exc_page_fault;do_user_addr_fault;handle_mm_fault
     0.54%     0.27%  c2d      [kernel.kallsyms]     [k] lock_mm_and_find_vma
0.27% 0x7fe2d8e4624a;main;cnf2ddnnf_cmd_line;free_cache_manager;asm_exc_page_fault;exc_page_fault;do_user_addr_fault;lock_mm_and_find_vma
0.26% lock_mm_and_find_vma;find_vma;mt_find;mtree_range_walk
     0.53%     0.00%  c2d      [kernel.kallsyms]     [k] wp_page_copy
0.27% wp_page_copy;vma_alloc_folio;__folio_alloc;__alloc_pages;get_page_from_freelist;__list_del_entry_valid
0.26% wp_page_copy;vma_alloc_folio;__folio_alloc;__alloc_pages;get_page_from_freelist;clear_page_rep
     0.53%     0.00%  c2d      [kernel.kallsyms]     [k] vma_alloc_folio
0.27% vma_alloc_folio;__folio_alloc;__alloc_pages;get_page_from_freelist;__list_del_entry_valid
0.26% vma_alloc_folio;__folio_alloc;__alloc_pages;get_page_from_freelist;clear_page_rep
     0.53%     0.00%  c2d      [kernel.kallsyms]     [k] __folio_alloc
0.27% __folio_alloc;__alloc_pages;get_page_from_freelist;__list_del_entry_valid
0.26% __folio_alloc;__alloc_pages;get_page_from_freelist;clear_page_rep
     0.52%     0.26%  c2d      c2d                   [.] dtree_skeleton2hdtree
0.26% dtree_skeleton2hdtree;initialize_hdtree;initialize_hdtree;initialize_hdtree;initialize_hdtree;initialize_hdtree;initialize_hdtree;initialize_hdtree;initialize_hdtree;initialize_hdtree;initialize_hdtree;initialize_hdtree;initialize_hdtree;initialize_hdtree;initialize_hdtree;initialize_hdtree;initialize_hdtree;initialize_hdtree;initialize_hdtree;initialize_hdtree;edges_intersection
0.26% 0x7fe2d8e4624a;main;cnf2ddnnf_cmd_line;load_hdtree_from_file;dtree_skeleton2hdtree
     0.52%     0.00%  c2d      [unknown]             [k] 0x00007fe2d940f8a8
0.26% 0x7fe2d940f8a8;0x7fe2d93e4075;0x7fe2d93fcae3;entry_SYSCALL_64_after_hwframe;do_syscall_64;ksys_mmap_pgoff;vm_mmap_pgoff;do_mmap;mmap_region
0.26% 0x7fe2d940f8a8;0x7fe2d93e4075;0x7fe2d93fcae3;entry_SYSCALL_64_after_hwframe;do_syscall_64;ksys_mmap_pgoff;vm_mmap_pgoff;do_mmap;mmap_region;do_mas_munmap;do_mas_align_munmap;__split_vma;__vma_adjust;mas_store_prealloc;mas_wr_bnode;mas_pop_node
     0.52%     0.00%  c2d      ld-linux-x86-64.so.2  [.] 0x00007fe2d93e4075
0.26% 0x7fe2d93e4075;0x7fe2d93fcae3;entry_SYSCALL_64_after_hwframe;do_syscall_64;ksys_mmap_pgoff;vm_mmap_pgoff;do_mmap;mmap_region
0.26% 0x7fe2d93e4075;0x7fe2d93fcae3;entry_SYSCALL_64_after_hwframe;do_syscall_64;ksys_mmap_pgoff;vm_mmap_pgoff;do_mmap;mmap_region;do_mas_munmap;do_mas_align_munmap;__split_vma;__vma_adjust;mas_store_prealloc;mas_wr_bnode;mas_pop_node
     0.31%     0.00%  c2d      [kernel.kallsyms]     [k] ksys_read
0.27% ksys_read;vfs_read;xfs_file_read_iter;xfs_file_buffered_read;filemap_read;filemap_get_pages;page_cache_ra_order;read_pages;blk_finish_plug;__blk_flush_plug;blk_mq_flush_plug_list.part.0;blk_mq_sched_insert_requests;blk_mq_run_hw_queue;blk_mq_hctx_has_pending;sbitmap_any_bit_set
0.03% ksys_read;vfs_read;xfs_file_read_iter;xfs_file_buffered_read;filemap_read;filemap_get_pages
     0.31%     0.00%  c2d      [kernel.kallsyms]     [k] vfs_read
0.27% vfs_read;xfs_file_read_iter;xfs_file_buffered_read;filemap_read;filemap_get_pages;page_cache_ra_order;read_pages;blk_finish_plug;__blk_flush_plug;blk_mq_flush_plug_list.part.0;blk_mq_sched_insert_requests;blk_mq_run_hw_queue;blk_mq_hctx_has_pending;sbitmap_any_bit_set
0.03% vfs_read;xfs_file_read_iter;xfs_file_buffered_read;filemap_read;filemap_get_pages
     0.31%     0.00%  c2d      [xfs]                 [k] xfs_file_read_iter
0.27% xfs_file_read_iter;xfs_file_buffered_read;filemap_read;filemap_get_pages;page_cache_ra_order;read_pages;blk_finish_plug;__blk_flush_plug;blk_mq_flush_plug_list.part.0;blk_mq_sched_insert_requests;blk_mq_run_hw_queue;blk_mq_hctx_has_pending;sbitmap_any_bit_set
0.03% xfs_file_read_iter;xfs_file_buffered_read;filemap_read;filemap_get_pages
     0.31%     0.00%  c2d      [xfs]                 [k] xfs_file_buffered_read
0.27% xfs_file_buffered_read;filemap_read;filemap_get_pages;page_cache_ra_order;read_pages;blk_finish_plug;__blk_flush_plug;blk_mq_flush_plug_list.part.0;blk_mq_sched_insert_requests;blk_mq_run_hw_queue;blk_mq_hctx_has_pending;sbitmap_any_bit_set
0.03% xfs_file_buffered_read;filemap_read;filemap_get_pages
     0.31%     0.00%  c2d      [kernel.kallsyms]     [k] filemap_read
0.27% filemap_read;filemap_get_pages;page_cache_ra_order;read_pages;blk_finish_plug;__blk_flush_plug;blk_mq_flush_plug_list.part.0;blk_mq_sched_insert_requests;blk_mq_run_hw_queue;blk_mq_hctx_has_pending;sbitmap_any_bit_set
0.03% filemap_read;filemap_get_pages
     0.31%     0.03%  c2d      [kernel.kallsyms]     [k] filemap_get_pages
0.27% filemap_get_pages;page_cache_ra_order;read_pages;blk_finish_plug;__blk_flush_plug;blk_mq_flush_plug_list.part.0;blk_mq_sched_insert_requests;blk_mq_run_hw_queue;blk_mq_hctx_has_pending;sbitmap_any_bit_set
0.03% 0;read;entry_SYSCALL_64_after_hwframe;do_syscall_64;ksys_read;vfs_read;xfs_file_read_iter;xfs_file_buffered_read;filemap_read;filemap_get_pages
     0.29%     0.00%  c2d      libc.so.6             [.] __munmap
0.29% __munmap;entry_SYSCALL_64_after_hwframe;do_syscall_64;__x64_sys_munmap;__vm_munmap;do_mas_munmap;do_mas_align_munmap;unmap_region;unmap_vmas;unmap_page_range
     0.29%     0.00%  c2d      [kernel.kallsyms]     [k] __x64_sys_munmap
0.29% __x64_sys_munmap;__vm_munmap;do_mas_munmap;do_mas_align_munmap;unmap_region;unmap_vmas;unmap_page_range
     0.29%     0.00%  c2d      [kernel.kallsyms]     [k] __vm_munmap
0.29% __vm_munmap;do_mas_munmap;do_mas_align_munmap;unmap_region;unmap_vmas;unmap_page_range
     0.29%     0.00%  c2d      [kernel.kallsyms]     [k] unmap_region
0.29% unmap_region;unmap_vmas;unmap_page_range
     0.29%     0.29%  c2d      [kernel.kallsyms]     [k] policy_node
0.29% 0x7fe2d8e4624a;main;cnf2ddnnf_cmd_line;free_cache_manager;asm_exc_page_fault;exc_page_fault;do_user_addr_fault;handle_mm_fault;__handle_mm_fault;do_huge_pmd_anonymous_page;pte_alloc_one;alloc_pages;policy_node
     0.29%     0.00%  c2d      [kernel.kallsyms]     [k] alloc_pages
0.29% alloc_pages;policy_node
     0.29%     0.29%  c2d      [kernel.kallsyms]     [k] ___pmd_free_tlb
0.29% entry_SYSCALL_64_after_hwframe;do_syscall_64;__x64_sys_exit_group;do_group_exit;do_exit;__mmput;exit_mmap;free_pgtables;free_pgd_range;___pmd_free_tlb
     0.29%     0.00%  c2d      [kernel.kallsyms]     [k] free_pgtables
0.29% free_pgtables;free_pgd_range;___pmd_free_tlb
     0.29%     0.00%  c2d      [kernel.kallsyms]     [k] free_pgd_range
0.29% free_pgd_range;___pmd_free_tlb
     0.29%     0.29%  c2d      [kernel.kallsyms]     [k] folio_memcg_lock.part.0
0.29% entry_SYSCALL_64_after_hwframe;do_syscall_64;__x64_sys_exit_group;do_group_exit;do_exit;__mmput;exit_mmap;unmap_vmas;unmap_page_range;page_remove_rmap;folio_memcg_lock.part.0
     0.29%     0.00%  c2d      [kernel.kallsyms]     [k] page_remove_rmap
0.29% page_remove_rmap;folio_memcg_lock.part.0
     0.29%     0.29%  c2d      ld-linux-x86-64.so.2  [.] 0x0000000000008dd6
0.29% 0x7fe2d93e4dda
     0.29%     0.00%  c2d      ld-linux-x86-64.so.2  [.] 0x00007fe2d93e4dda
0.29% 0x7fe2d93e4dda
     0.29%     0.29%  c2d      [kernel.kallsyms]     [k] _raw_spin_lock_irqsave
0.29% 0x7fe2d8e4624a;main;cnf2ddnnf_cmd_line;free_cache_manager;asm_sysvec_apic_timer_interrupt;sysvec_apic_timer_interrupt;__irq_exit_rcu;handle_softirqs;run_timer_softirq;__run_timers;call_timer_fn;fq_flush_timeout;_raw_spin_lock_irqsave
     0.29%     0.00%  c2d      [kernel.kallsyms]     [k] handle_softirqs
0.29% handle_softirqs;run_timer_softirq;__run_timers;call_timer_fn;fq_flush_timeout;_raw_spin_lock_irqsave
     0.29%     0.00%  c2d      [kernel.kallsyms]     [k] run_timer_softirq
0.29% run_timer_softirq;__run_timers;call_timer_fn;fq_flush_timeout;_raw_spin_lock_irqsave
     0.29%     0.00%  c2d      [kernel.kallsyms]     [k] __run_timers
0.29% __run_timers;call_timer_fn;fq_flush_timeout;_raw_spin_lock_irqsave
     0.29%     0.00%  c2d      [kernel.kallsyms]     [k] call_timer_fn
0.29% call_timer_fn;fq_flush_timeout;_raw_spin_lock_irqsave
     0.29%     0.00%  c2d      [kernel.kallsyms]     [k] fq_flush_timeout
0.29% fq_flush_timeout;_raw_spin_lock_irqsave
     0.29%     0.29%  c2d      c2d                   [.] ungetc@plt
0.19% 0x7fe2d8e4624a;main;ungetc
0.10% 0x7fe2d8e4624a;main;ungetc@plt
     0.28%     0.28%  c2d      ld-linux-x86-64.so.2  [.] 0x000000000000e354
0.28% 0x7fe2d93f6a58;0x7fe2d93f622f;0x7fe2d93f9c99;0x7fe2d93ea35a
     0.28%     0.00%  c2d      ld-linux-x86-64.so.2  [.] 0x00007fe2d93ea35a
0.28% 0x7fe2d93ea35a
     0.28%     0.28%  c2d      libc.so.6             [.] 0x00000000000a9d10
0.28% 0x7fe2d8ec8d14
     0.28%     0.00%  c2d      libc.so.6             [.] 0x00007fe2d8ec8d14
0.28% 0x7fe2d8ec8d14
     0.28%     0.28%  c2d      [kernel.kallsyms]     [k] __list_add_valid
0.28% 0x7fe2d8e4624a;main;cnf2ddnnf_cmd_line;compile_cnf;compile_dt;compile_decomposed;lookup_or_compile_dt;compile_decomposed;lookup_or_compile_dt;compile_decomposed;lookup_or_compile_dt;compile_decomposed;lookup_or_compile_dt;compile_dt;compile_dt;compile_decomposed;lookup_or_compile_dt;compile_dt;compile_dt;compile_dt;compile_decomposed;lookup_or_compile_dt;compile_decomposed;lookup_or_compile_dt;compile_decomposed;lookup_or_compile_dt;compile_decomposed;lookup_or_compile_dt;compile_decomposed;lookup_or_compile_dt;compile_dt;compile_dt;compile_decomposed;lookup_or_compile_dt;compile_dt;compile_dt;compile_decomposed;lookup_or_compile_dt;compile_decomposed;lookup_or_compile_dt;compile_decomposed;lookup_or_compile_dt;compile_decomposed;lookup_or_compile_dt;compile_decomposed;lookup_or_compile_dt;compile_decomposed;lookup_or_compile_dt;compile_dt;compile_dt;compile_decomposed;conjoin_nnfs_lits;conjoin_relevant_lits;get_and_node;asm_exc_page_fault;exc_page_fault;do_user_addr_fault;handle_mm_fault;__handle_mm_fault;do_huge_pmd_anonymous_page;pgtable_trans_huge_deposit;__list_add_valid
     0.28%     0.00%  c2d      [kernel.kallsyms]     [k] pgtable_trans_huge_deposit
0.28% pgtable_trans_huge_deposit;__list_add_valid
     0.28%     0.28%  c2d      ld-linux-x86-64.so.2  [.] 0x0000000000008dbb
0.28% 0x7fe2d93e4dbe
     0.28%     0.00%  c2d      ld-linux-x86-64.so.2  [.] 0x00007fe2d93e4dbe
0.28% 0x7fe2d93e4dbe
     0.27%     0.27%  c2d      c2d                   [.] fill_separators
0.27% 0x7fe2d8e4624a;main;cnf2ddnnf_cmd_line;construct_dtree_manager;initialize_dtree_separators;fill_separators;fill_separators;fill_separators;fill_separators;fill_separators;fill_separators;fill_separators;fill_separators;fill_separators;fill_separators;fill_separators;fill_separators;fill_separators;fill_separators;fill_separators;fill_separators;fill_separators;fill_separators;fill_separators;fill_separators;fill_separators;fill_separators
     0.27%     0.00%  c2d      c2d                   [.] initialize_dtree_separators
0.27% initialize_dtree_separators;fill_separators;fill_separators;fill_separators;fill_separators;fill_separators;fill_separators;fill_separators;fill_separators;fill_separators;fill_separators;fill_separators;fill_separators;fill_separators;fill_separators;fill_separators;fill_separators;fill_separators;fill_separators;fill_separators;fill_separators;fill_separators;fill_separators
     0.27%     0.27%  c2d      [kernel.kallsyms]     [k] __list_del_entry_valid
0.27% 0x7fe2d8e4624a;main;cnf2ddnnf_cmd_line;compile_cnf;compile_dt;compile_decomposed;lookup_or_compile_dt;compile_decomposed;lookup_or_compile_dt;compile_decomposed;lookup_or_compile_dt;compile_decomposed;lookup_or_compile_dt;compile_dt;compile_dt;compile_decomposed;lookup_or_compile_dt;compile_dt;compile_dt;compile_dt;compile_decomposed;lookup_or_compile_dt;compile_decomposed;lookup_or_compile_dt;compile_decomposed;lookup_or_compile_dt;compile_decomposed;lookup_or_compile_dt;compile_decomposed;lookup_or_compile_dt;compile_decomposed;lookup_or_compile_dt;compile_decomposed;lookup_or_compile_dt;compile_decomposed;lookup_or_compile_dt;compile_decomposed;lookup_or_compile_dt;compile_decomposed;lookup_or_compile_dt;compile_decomposed;lookup_or_compile_dt;compile_decomposed;lookup_or_compile_dt;compile_dt;compile_dt;compile_decomposed;lookup_or_compile_dt;compile_dt;compile_dt;compile_decomposed;conjoin_relevant_lits;get_and_node;asm_exc_page_fault;exc_page_fault;do_user_addr_fault;handle_mm_fault;__handle_mm_fault;wp_page_copy;vma_alloc_folio;__folio_alloc;__alloc_pages;get_page_from_freelist;__list_del_entry_valid
     0.27%     0.27%  c2d      ld-linux-x86-64.so.2  [.] 0x0000000000009086
0.27% 0x7fe2d93e5088
     0.27%     0.00%  c2d      ld-linux-x86-64.so.2  [.] 0x00007fe2d93e5088
0.27% 0x7fe2d93e5088
     0.27%     0.27%  c2d      c2d                   [.] hdtree2dtree
0.27% 0x7fe2d8e4624a;main;cnf2ddnnf_cmd_line;construct_dtree_manager;hdtree2dtree;hdtree2dtree;hdtree2dtree;hdtree2dtree;hdtree2dtree;hdtree2dtree;hdtree2dtree;hdtree2dtree;hdtree2dtree;hdtree2dtree;hdtree2dtree;hdtree2dtree;hdtree2dtree;hdtree2dtree;hdtree2dtree;hdtree2dtree;hdtree2dtree;hdtree2dtree;hdtree2dtree;hdtree2dtree;hdtree2dtree;hdtree2dtree;hdtree2dtree
     0.27%     0.27%  c2d      [kernel.kallsyms]     [k] sbitmap_any_bit_set
0.27% 0;read;entry_SYSCALL_64_after_hwframe;do_syscall_64;ksys_read;vfs_read;xfs_file_read_iter;xfs_file_buffered_read;filemap_read;filemap_get_pages;page_cache_ra_order;read_pages;blk_finish_plug;__blk_flush_plug;blk_mq_flush_plug_list.part.0;blk_mq_sched_insert_requests;blk_mq_run_hw_queue;blk_mq_hctx_has_pending;sbitmap_any_bit_set
     0.27%     0.00%  c2d      [kernel.kallsyms]     [k] page_cache_ra_order
0.27% page_cache_ra_order;read_pages;blk_finish_plug;__blk_flush_plug;blk_mq_flush_plug_list.part.0;blk_mq_sched_insert_requests;blk_mq_run_hw_queue;blk_mq_hctx_has_pending;sbitmap_any_bit_set
     0.27%     0.00%  c2d      [kernel.kallsyms]     [k] read_pages
0.27% read_pages;blk_finish_plug;__blk_flush_plug;blk_mq_flush_plug_list.part.0;blk_mq_sched_insert_requests;blk_mq_run_hw_queue;blk_mq_hctx_has_pending;sbitmap_any_bit_set
     0.27%     0.00%  c2d      [kernel.kallsyms]     [k] blk_finish_plug
0.27% blk_finish_plug;__blk_flush_plug;blk_mq_flush_plug_list.part.0;blk_mq_sched_insert_requests;blk_mq_run_hw_queue;blk_mq_hctx_has_pending;sbitmap_any_bit_set
     0.27%     0.00%  c2d      [kernel.kallsyms]     [k] __blk_flush_plug
0.27% __blk_flush_plug;blk_mq_flush_plug_list.part.0;blk_mq_sched_insert_requests;blk_mq_run_hw_queue;blk_mq_hctx_has_pending;sbitmap_any_bit_set
     0.27%     0.00%  c2d      [kernel.kallsyms]     [k] blk_mq_flush_plug_list.part.0
0.27% blk_mq_flush_plug_list.part.0;blk_mq_sched_insert_requests;blk_mq_run_hw_queue;blk_mq_hctx_has_pending;sbitmap_any_bit_set
     0.27%     0.00%  c2d      [kernel.kallsyms]     [k] blk_mq_sched_insert_requests
0.27% blk_mq_sched_insert_requests;blk_mq_run_hw_queue;blk_mq_hctx_has_pending;sbitmap_any_bit_set
     0.27%     0.00%  c2d      [kernel.kallsyms]     [k] blk_mq_run_hw_queue
0.27% blk_mq_run_hw_queue;blk_mq_hctx_has_pending;sbitmap_any_bit_set
     0.27%     0.00%  c2d      [kernel.kallsyms]     [k] blk_mq_hctx_has_pending
0.27% blk_mq_hctx_has_pending;sbitmap_any_bit_set
     0.27%     0.27%  c2d      ld-linux-x86-64.so.2  [.] 0x000000000000e2d8
0.27% 0x7fe2d93f6a58;0x7fe2d93f622f;0x7fe2d93f9c99;0x7fe2d93ea2dc
     0.27%     0.00%  c2d      ld-linux-x86-64.so.2  [.] 0x00007fe2d93ea2dc
0.27% 0x7fe2d93ea2dc
     0.27%     0.27%  c2d      c2d                   [.] initialize_clause
0.27% 0x7fe2d8e4624a;main;cnf2ddnnf_cmd_line;construct_cnf_manager;construct_cnf_clauses;initialize_clause
     0.27%     0.00%  c2d      c2d                   [.] construct_cnf_manager
0.27% construct_cnf_manager;construct_cnf_clauses;initialize_clause
     0.27%     0.00%  c2d      c2d                   [.] construct_cnf_clauses
0.27% construct_cnf_clauses;initialize_clause
     0.27%     0.27%  c2d      [kernel.kallsyms]     [k] next_uptodate_page
0.27% 0x7fe2d8e4624a;0x7fe2d8f905f7;asm_exc_page_fault;exc_page_fault;do_user_addr_fault;handle_mm_fault;__handle_mm_fault;do_fault;xfs_filemap_map_pages;filemap_map_pages;next_uptodate_page
     0.27%     0.00%  c2d      libc.so.6             [.] 0x00007fe2d8f905f7
0.27% 0x7fe2d8f905f7;asm_exc_page_fault;exc_page_fault;do_user_addr_fault;handle_mm_fault;__handle_mm_fault;do_fault;xfs_filemap_map_pages;filemap_map_pages;next_uptodate_page
     0.27%     0.00%  c2d      [kernel.kallsyms]     [k] do_fault
0.27% do_fault;xfs_filemap_map_pages;filemap_map_pages;next_uptodate_page
     0.27%     0.00%  c2d      [xfs]                 [k] xfs_filemap_map_pages
0.27% xfs_filemap_map_pages;filemap_map_pages;next_uptodate_page
     0.27%     0.00%  c2d      [kernel.kallsyms]     [k] filemap_map_pages
0.27% filemap_map_pages;next_uptodate_page
     0.26%     0.26%  c2d      [kernel.kallsyms]     [k] mtree_range_walk
0.26% 0x7fe2d90a58e4;asm_exc_page_fault;exc_page_fault;do_user_addr_fault;lock_mm_and_find_vma;find_vma;mt_find;mtree_range_walk
     0.26%     0.00%  c2d      libstdc++.so.6.0.30   [.] 0x00007fe2d90a58e4
0.26% 0x7fe2d90a58e4;asm_exc_page_fault;exc_page_fault;do_user_addr_fault;lock_mm_and_find_vma;find_vma;mt_find;mtree_range_walk
     0.26%     0.00%  c2d      [kernel.kallsyms]     [k] find_vma
0.26% find_vma;mt_find;mtree_range_walk
     0.26%     0.00%  c2d      [kernel.kallsyms]     [k] mt_find
0.26% mt_find;mtree_range_walk
     0.26%     0.26%  c2d      ld-linux-x86-64.so.2  [.] 0x000000000000906c
0.26% 0x7fe2d93e5070
     0.26%     0.00%  c2d      ld-linux-x86-64.so.2  [.] 0x00007fe2d93e5070
0.26% 0x7fe2d93e5070
     0.26%     0.26%  c2d      ld-linux-x86-64.so.2  [.] 0x0000000000003fb0
0.26% 0x7fe2d93f6a58;0x7fe2d93f622f;0x7fe2d93dffb7
     0.26%     0.00%  c2d      ld-linux-x86-64.so.2  [.] 0x00007fe2d93dffb7
0.26% 0x7fe2d93dffb7
     0.26%     0.26%  c2d      c2d                   [.] edges_intersection
0.26% 0x7fe2d8e4624a;main;cnf2ddnnf_cmd_line;load_hdtree_from_file;dtree_skeleton2hdtree;initialize_hdtree;initialize_hdtree;initialize_hdtree;initialize_hdtree;initialize_hdtree;initialize_hdtree;initialize_hdtree;initialize_hdtree;initialize_hdtree;initialize_hdtree;initialize_hdtree;initialize_hdtree;initialize_hdtree;initialize_hdtree;initialize_hdtree;initialize_hdtree;initialize_hdtree;initialize_hdtree;initialize_hdtree;edges_intersection
     0.26%     0.00%  c2d      c2d                   [.] initialize_hdtree
0.26% initialize_hdtree;initialize_hdtree;initialize_hdtree;initialize_hdtree;initialize_hdtree;initialize_hdtree;initialize_hdtree;initialize_hdtree;initialize_hdtree;initialize_hdtree;initialize_hdtree;initialize_hdtree;initialize_hdtree;initialize_hdtree;initialize_hdtree;initialize_hdtree;initialize_hdtree;initialize_hdtree;initialize_hdtree;edges_intersection
     0.26%     0.26%  c2d      [kernel.kallsyms]     [k] arch_get_unmapped_area_topdown
0.26% __mmap;entry_SYSCALL_64_after_hwframe;do_syscall_64;vm_mmap_pgoff;do_mmap;get_unmapped_area;arch_get_unmapped_area_topdown
     0.26%     0.00%  c2d      libc.so.6             [.] __mmap
0.26% __mmap;entry_SYSCALL_64_after_hwframe;do_syscall_64;vm_mmap_pgoff;do_mmap;get_unmapped_area;arch_get_unmapped_area_topdown
     0.26%     0.00%  c2d      [kernel.kallsyms]     [k] get_unmapped_area
0.26% get_unmapped_area;arch_get_unmapped_area_topdown
     0.26%     0.00%  c2d      c2d                   [.] disjoin_nnfs
0.26% disjoin_nnfs;disjoin_nnfs_i;get_or_node;asm_exc_page_fault;exc_page_fault;do_user_addr_fault;handle_mm_fault;__handle_mm_fault;wp_page_copy;vma_alloc_folio;__folio_alloc;__alloc_pages;get_page_from_freelist;clear_page_rep
     0.26%     0.00%  c2d      c2d                   [.] disjoin_nnfs_i
0.26% disjoin_nnfs_i;get_or_node;asm_exc_page_fault;exc_page_fault;do_user_addr_fault;handle_mm_fault;__handle_mm_fault;wp_page_copy;vma_alloc_folio;__folio_alloc;__alloc_pages;get_page_from_freelist;clear_page_rep
     0.26%     0.00%  c2d      c2d                   [.] get_or_node
0.26% get_or_node;asm_exc_page_fault;exc_page_fault;do_user_addr_fault;handle_mm_fault;__handle_mm_fault;wp_page_copy;vma_alloc_folio;__folio_alloc;__alloc_pages;get_page_from_freelist;clear_page_rep
     0.26%     0.26%  c2d      [kernel.kallsyms]     [k] mas_pop_node
0.26% 0x7fe2d940f8a8;0x7fe2d93e4075;0x7fe2d93fcae3;entry_SYSCALL_64_after_hwframe;do_syscall_64;ksys_mmap_pgoff;vm_mmap_pgoff;do_mmap;mmap_region;do_mas_munmap;do_mas_align_munmap;__split_vma;__vma_adjust;mas_store_prealloc;mas_wr_bnode;mas_pop_node
     0.26%     0.00%  c2d      [kernel.kallsyms]     [k] __split_vma
0.26% __split_vma;__vma_adjust;mas_store_prealloc;mas_wr_bnode;mas_pop_node
     0.26%     0.00%  c2d      [kernel.kallsyms]     [k] __vma_adjust
0.26% __vma_adjust;mas_store_prealloc;mas_wr_bnode;mas_pop_node
     0.26%     0.00%  c2d      [kernel.kallsyms]     [k] mas_store_prealloc
0.26% mas_store_prealloc;mas_wr_bnode;mas_pop_node
     0.26%     0.00%  c2d      [kernel.kallsyms]     [k] mas_wr_bnode
0.26% mas_wr_bnode;mas_pop_node
     0.26%     0.26%  c2d      libc.so.6             [.] 0x000000000005ff16
0.26% 0x7fe2d8e4624a;main;cnf2ddnnf_cmd_line;load_hdtree_from_file;__isoc99_fscanf;0x7fe2d8e7ef1c
     0.26%     0.26%  c2d      [kernel.kallsyms]     [k] entry_SYSRETQ_unsafe_stack
0.26% 0;read;entry_SYSRETQ_unsafe_stack
     0.26%     0.00%  c2d      libc.so.6             [.] __isoc99_fscanf
0.26% __isoc99_fscanf;0x7fe2d8e7ef1c
     0.26%     0.00%  c2d      libc.so.6             [.] 0x00007fe2d8e7ef1c
0.26% 0x7fe2d8e7ef1c
     0.25%     0.25%  c2d      [kernel.kallsyms]     [k] down_write
0.25% 0;0x7fe2d93fcae3;entry_SYSCALL_64_after_hwframe;do_syscall_64;ksys_mmap_pgoff;vm_mmap_pgoff;do_mmap;mmap_region;down_write
     0.25%     0.25%  c2d      c2d                   [.] compute_clause_size
0.25% 0x7fe2d8e4624a;main;cnf2ddnnf_cmd_line;cnf2hgr;compute_clause_size
     0.25%     0.00%  c2d      c2d                   [.] cnf2hgr
0.25% cnf2hgr;compute_clause_size
     0.24%     0.00%  c2d      [unknown]             [k] 0x00007f50598f3a97
0.17% 0x7f50598f3a97;entry_SYSCALL_64_after_hwframe;do_syscall_64;__x64_sys_execve;do_execveat_common.isra.0;bprm_execve;load_elf_binary;elf_map;vm_mmap_pgoff;do_mmap;mmap_region;vma_interval_tree_insert
0.07% 0x7f50598f3a97;entry_SYSCALL_64_after_hwframe;do_syscall_64;__x64_sys_execve;do_execveat_common.isra.0;bprm_execve;load_elf_binary;begin_new_exec;commit_creds
     0.24%     0.00%  c2d      [kernel.kallsyms]     [k] __x64_sys_execve
0.17% __x64_sys_execve;do_execveat_common.isra.0;bprm_execve;load_elf_binary;elf_map;vm_mmap_pgoff;do_mmap;mmap_region;vma_interval_tree_insert
0.07% __x64_sys_execve;do_execveat_common.isra.0;bprm_execve;load_elf_binary;begin_new_exec;commit_creds
     0.24%     0.00%  c2d      [kernel.kallsyms]     [k] do_execveat_common.isra.0
0.17% do_execveat_common.isra.0;bprm_execve;load_elf_binary;elf_map;vm_mmap_pgoff;do_mmap;mmap_region;vma_interval_tree_insert
0.07% do_execveat_common.isra.0;bprm_execve;load_elf_binary;begin_new_exec;commit_creds
     0.24%     0.00%  c2d      [kernel.kallsyms]     [k] bprm_execve
0.17% bprm_execve;load_elf_binary;elf_map;vm_mmap_pgoff;do_mmap;mmap_region;vma_interval_tree_insert
0.07% bprm_execve;load_elf_binary;begin_new_exec;commit_creds
     0.24%     0.00%  c2d      [kernel.kallsyms]     [k] load_elf_binary
0.17% load_elf_binary;elf_map;vm_mmap_pgoff;do_mmap;mmap_region;vma_interval_tree_insert
0.07% load_elf_binary;begin_new_exec;commit_creds
     0.23%     0.23%  c2d      [kernel.kallsyms]     [k] x64_sys_call
0.23% 0;read;entry_SYSCALL_64_after_hwframe;do_syscall_64;x64_sys_call
     0.23%     0.23%  c2d      [kernel.kallsyms]     [k] security_inode_free
0.23% 0x7fe2d93f6a50;entry_SYSCALL_64_after_hwframe;do_syscall_64;syscall_exit_to_user_mode;exit_to_user_mode_prepare;task_work_run;__fput;__dentry_kill;destroy_inode;__destroy_inode;security_inode_free
     0.23%     0.00%  c2d      ld-linux-x86-64.so.2  [.] 0x00007fe2d93f6a50
0.23% 0x7fe2d93f6a50;entry_SYSCALL_64_after_hwframe;do_syscall_64;syscall_exit_to_user_mode;exit_to_user_mode_prepare;task_work_run;__fput;__dentry_kill;destroy_inode;__destroy_inode;security_inode_free
     0.23%     0.00%  c2d      [kernel.kallsyms]     [k] syscall_exit_to_user_mode
0.23% syscall_exit_to_user_mode;exit_to_user_mode_prepare;task_work_run;__fput;__dentry_kill;destroy_inode;__destroy_inode;security_inode_free
     0.23%     0.00%  c2d      [kernel.kallsyms]     [k] exit_to_user_mode_prepare
0.23% exit_to_user_mode_prepare;task_work_run;__fput;__dentry_kill;destroy_inode;__destroy_inode;security_inode_free
     0.23%     0.00%  c2d      [kernel.kallsyms]     [k] task_work_run
0.23% task_work_run;__fput;__dentry_kill;destroy_inode;__destroy_inode;security_inode_free
     0.23%     0.00%  c2d      [kernel.kallsyms]     [k] __fput
0.23% __fput;__dentry_kill;destroy_inode;__destroy_inode;security_inode_free
     0.23%     0.00%  c2d      [kernel.kallsyms]     [k] __dentry_kill
0.23% __dentry_kill;destroy_inode;__destroy_inode;security_inode_free
     0.23%     0.00%  c2d      [kernel.kallsyms]     [k] destroy_inode
0.23% destroy_inode;__destroy_inode;security_inode_free
     0.23%     0.00%  c2d      [kernel.kallsyms]     [k] __destroy_inode
0.23% __destroy_inode;security_inode_free
     0.19%     0.00%  c2d      libc.so.6             [.] ungetc
0.19% ungetc
     0.17%     0.17%  c2d      [kernel.kallsyms]     [k] vma_interval_tree_insert
0.17% 0x7f50598f3a97;entry_SYSCALL_64_after_hwframe;do_syscall_64;__x64_sys_execve;do_execveat_common.isra.0;bprm_execve;load_elf_binary;elf_map;vm_mmap_pgoff;do_mmap;mmap_region;vma_interval_tree_insert
     0.17%     0.00%  c2d      [kernel.kallsyms]     [k] elf_map
0.17% elf_map;vm_mmap_pgoff;do_mmap;mmap_region;vma_interval_tree_insert
     0.07%     0.07%  c2d      [kernel.kallsyms]     [k] commit_creds
0.07% 0x7f50598f3a97;entry_SYSCALL_64_after_hwframe;do_syscall_64;__x64_sys_execve;do_execveat_common.isra.0;bprm_execve;load_elf_binary;begin_new_exec;commit_creds
     0.07%     0.00%  c2d      [kernel.kallsyms]     [k] begin_new_exec
0.07% begin_new_exec;commit_creds
     0.02%     0.00%  perf-ex  [unknown]             [k] 0x00007f50598f3a97
0.01% 0x7f50598f3a97;entry_SYSCALL_64_after_hwframe;do_syscall_64;__x64_sys_execve;do_execveat_common.isra.0;bprm_execve;load_elf_binary;begin_new_exec;perf_event_exec;perf_lock_task_context
     0.02%     0.00%  perf-ex  [kernel.kallsyms]     [k] entry_SYSCALL_64_after_hwframe
0.01% entry_SYSCALL_64_after_hwframe;do_syscall_64;__x64_sys_execve;do_execveat_common.isra.0;bprm_execve;load_elf_binary;begin_new_exec;perf_event_exec;perf_lock_task_context
     0.02%     0.00%  perf-ex  [kernel.kallsyms]     [k] do_syscall_64
0.01% do_syscall_64;__x64_sys_execve;do_execveat_common.isra.0;bprm_execve;load_elf_binary;begin_new_exec;perf_event_exec;perf_lock_task_context
     0.02%     0.00%  perf-ex  [kernel.kallsyms]     [k] __x64_sys_execve
0.01% __x64_sys_execve;do_execveat_common.isra.0;bprm_execve;load_elf_binary;begin_new_exec;perf_event_exec;perf_lock_task_context
     0.02%     0.00%  perf-ex  [kernel.kallsyms]     [k] do_execveat_common.isra.0
0.01% do_execveat_common.isra.0;bprm_execve;load_elf_binary;begin_new_exec;perf_event_exec;perf_lock_task_context
     0.02%     0.00%  perf-ex  [kernel.kallsyms]     [k] bprm_execve
0.01% bprm_execve;load_elf_binary;begin_new_exec;perf_event_exec;perf_lock_task_context
     0.02%     0.00%  perf-ex  [kernel.kallsyms]     [k] load_elf_binary
0.01% load_elf_binary;begin_new_exec;perf_event_exec;perf_lock_task_context
     0.02%     0.00%  perf-ex  [kernel.kallsyms]     [k] begin_new_exec
0.01% begin_new_exec;perf_event_exec;perf_lock_task_context
     0.02%     0.00%  perf-ex  [kernel.kallsyms]     [k] perf_event_exec
0.01% perf_event_exec;perf_lock_task_context
     0.01%     0.01%  perf-ex  [kernel.kallsyms]     [k] perf_lock_task_context
0.01% 0x7f50598f3a97;entry_SYSCALL_64_after_hwframe;do_syscall_64;__x64_sys_execve;do_execveat_common.isra.0;bprm_execve;load_elf_binary;begin_new_exec;perf_event_exec;perf_lock_task_context
     0.01%     0.01%  c2d      [kernel.kallsyms]     [k] finish_task_switch.isra.0
     0.01%     0.00%  c2d      [kernel.kallsyms]     [k] folio_wait_bit_common
     0.01%     0.00%  c2d      [kernel.kallsyms]     [k] io_schedule
     0.01%     0.00%  c2d      [kernel.kallsyms]     [k] schedule
     0.01%     0.00%  c2d      [kernel.kallsyms]     [k] __schedule
     0.00%     0.00%  perf-ex  [kernel.kallsyms]     [k] native_write_msr
     0.00%     0.00%  perf-ex  [kernel.kallsyms]     [k] __intel_pmu_enable_all.constprop.0
     0.00%     0.00%  perf-ex  [kernel.kallsyms]     [k] fill_pud
     0.00%     0.00%  c2d      [kernel.kallsyms]     [k] native_write_msr
     0.00%     0.00%  c2d      [kernel.kallsyms]     [k] __perf_event_task_sched_in
     0.00%     0.00%  c2d      [kernel.kallsyms]     [k] __intel_pmu_enable_all.constprop.0
     0.00%     0.00%  c2d      [kernel.kallsyms]     [k] native_flush_tlb_one_user
     0.00%     0.00%  perf-ex  [kernel.kallsyms]     [k] native_sched_clock
     0.00%     0.00%  c2d      [kernel.kallsyms]     [k] native_sched_clock


#
# (Tip: For tracepoint events, try: perf report -s trace_fields)
#
