# To display the perf.data header info, please use --header/--header-only options.
#
#
# Total Lost Samples: 0
#
# Samples: 375  of event 'cycles'
# Event count (approx.): 243027977
#
# Children      Self  Command  Shared Object         Symbol                                                       
# ........  ........  .......  ....................  .............................................................
#
    93.08%     0.00%  c2d      libc.so.6             [.] 0x00007fecdab6724a
88.64% 0x7fecdab6724a;main;cnf2ddnnf_cmd_line;free_cache_manager
0.59% 0x7fecdab6724a;main;cnf2ddnnf_cmd_line;free_cache_manager;error_entry;sync_regs
0.30% 0x7fecdab6724a;main;cnf2ddnnf_cmd_line;free_cache_manager;asm_sysvec_apic_timer_interrupt
0.30% 0x7fecdab6724a;main;cnf2ddnnf_cmd_line;free_cache_manager;asm_sysvec_apic_timer_interrupt;sysvec_apic_timer_interrupt;__sysvec_apic_timer_interrupt;hrtimer_interrupt;__hrtimer_run_queues;tick_sched_timer;ktime_get
0.30% 0x7fecdab6724a;main;cnf2ddnnf_cmd_line;free_cache_manager;__irqentry_text_end
0.28% 0x7fecdab6724a;main;cnf2ddnnf_cmd_line;free_cache_manager;asm_exc_page_fault;exc_page_fault;do_user_addr_fault;lock_mm_and_find_vma
0.28% 0x7fecdab6724a;main;cnf2ddnnf_cmd_line;free_cache_manager;asm_exc_page_fault
0.27% 0x7fecdab6724a;main;cnf2ddnnf_cmd_line;free_cache_manager;asm_exc_page_fault;exc_page_fault;do_user_addr_fault;lock_mm_and_find_vma;find_vma;mt_find
0.27% 0x7fecdab6724a;main;cnf2ddnnf_cmd_line;compile_cnf;compile_dt;compile_decomposed;lookup_or_compile_dt;compile_decomposed;lookup_or_compile_dt;compile_decomposed;lookup_or_compile_dt;compile_dt;compile_dt;compile_decomposed;lookup_or_compile_dt;compile_dt;compile_dt;compile_decomposed;lookup_or_compile_dt;compile_dt;compile_dt;compile_decomposed;conjoin_nnfs_lits;conjoin_relevant_lits;get_and_node;asm_exc_page_fault;exc_page_fault;do_user_addr_fault;handle_mm_fault;__handle_mm_fault;wp_page_copy;vma_alloc_folio;__folio_alloc;__alloc_pages;get_page_from_freelist;clear_page_rep
0.26% 0x7fecdab6724a;main;cnf2ddnnf_cmd_line;compile_cnf;compile_dt;compile_decomposed;lookup_or_compile_dt;compile_decomposed;lookup_or_compile_dt;compile_decomposed;lookup_or_compile_dt;compile_dt;compile_dt;compile_decomposed;lookup_or_compile_dt;compile_dt;select_separator;update_separator_score
0.25% 0x7fecdab6724a;main;cnf2ddnnf_cmd_line;compile_cnf;compile_dt;compile_decomposed;lookup_or_compile_dt;compile_decomposed;lookup_or_compile_dt;compile_decomposed;lookup_or_compile_dt;compile_dt;compile_dt;compile_decomposed;lookup_or_compile_dt;compile_dt;compile_dt;compile_decomposed;lookup_or_compile_dt;compile_decomposed;lookup_or_compile_dt;compile_decomposed;lookup_or_compile_dt;compile_decomposed;lookup_or_compile_dt;compile_decomposed;lookup_or_compile_dt;compile_decomposed;lookup_or_compile_dt;compile_decomposed;lookup_or_compile_dt;compile_decomposed;lookup_or_compile_dt;compile_dt;compile_dt;compile_decomposed;conjoin_nnfs_lits;get_and_node;asm_exc_page_fault;exc_page_fault;do_user_addr_fault;handle_mm_fault;__handle_mm_fault;do_huge_pmd_wp_page;__split_huge_pmd;native_set_pte
0.25% 0x7fecdab6724a;main;cnf2ddnnf_cmd_line;load_dtree_skeleton_from_file
0.25% 0x7fecdab6724a;main;cnf2ddnnf_cmd_line;compile_cnf;compile_dt;compile_decomposed;lookup_or_compile_dt;compile_decomposed;lookup_or_compile_dt;compile_decomposed;lookup_or_compile_dt;compile_dt;select_separator;update_separator_score
0.24% 0x7fecdab6724a;main;cnf2ddnnf_cmd_line;free_hdtree;free_hdtree;free_hdtree;free_hdtree;free_hdtree;free_hdtree;free_hdtree;free_hdtree;free_hdtree;free_hdtree;free_hdtree;free_hdtree;free_hdtree;free_hdtree;free_hdtree;free_hdtree
0.23% 0x7fecdab6724a;main;cnf2ddnnf_cmd_line;load_hdtree_from_file;dtree_skeleton2hdtree
0.20% 0x7fecdab6724a;main;get_cnf_from_file
0.19% 0x7fecdab6724a;main;cnf2ddnnf_cmd_line;load_hdtree_from_file;__isoc99_fscanf;0x7fecdab9f0e1
    93.08%     0.00%  c2d      c2d                   [.] main
88.64% main;cnf2ddnnf_cmd_line;free_cache_manager
0.59% main;cnf2ddnnf_cmd_line;free_cache_manager;error_entry;sync_regs
0.30% main;cnf2ddnnf_cmd_line;free_cache_manager;asm_sysvec_apic_timer_interrupt
0.30% main;cnf2ddnnf_cmd_line;free_cache_manager;asm_sysvec_apic_timer_interrupt;sysvec_apic_timer_interrupt;__sysvec_apic_timer_interrupt;hrtimer_interrupt;__hrtimer_run_queues;tick_sched_timer;ktime_get
0.30% main;cnf2ddnnf_cmd_line;free_cache_manager;__irqentry_text_end
0.28% main;cnf2ddnnf_cmd_line;free_cache_manager;asm_exc_page_fault;exc_page_fault;do_user_addr_fault;lock_mm_and_find_vma
0.28% main;cnf2ddnnf_cmd_line;free_cache_manager;asm_exc_page_fault
0.27% main;cnf2ddnnf_cmd_line;free_cache_manager;asm_exc_page_fault;exc_page_fault;do_user_addr_fault;lock_mm_and_find_vma;find_vma;mt_find
0.27% main;cnf2ddnnf_cmd_line;compile_cnf;compile_dt;compile_decomposed;lookup_or_compile_dt;compile_decomposed;lookup_or_compile_dt;compile_decomposed;lookup_or_compile_dt;compile_dt;compile_dt;compile_decomposed;lookup_or_compile_dt;compile_dt;compile_dt;compile_decomposed;lookup_or_compile_dt;compile_dt;compile_dt;compile_decomposed;conjoin_nnfs_lits;conjoin_relevant_lits;get_and_node;asm_exc_page_fault;exc_page_fault;do_user_addr_fault;handle_mm_fault;__handle_mm_fault;wp_page_copy;vma_alloc_folio;__folio_alloc;__alloc_pages;get_page_from_freelist;clear_page_rep
0.26% main;cnf2ddnnf_cmd_line;compile_cnf;compile_dt;compile_decomposed;lookup_or_compile_dt;compile_decomposed;lookup_or_compile_dt;compile_decomposed;lookup_or_compile_dt;compile_dt;compile_dt;compile_decomposed;lookup_or_compile_dt;compile_dt;select_separator;update_separator_score
0.25% main;cnf2ddnnf_cmd_line;compile_cnf;compile_dt;compile_decomposed;lookup_or_compile_dt;compile_decomposed;lookup_or_compile_dt;compile_decomposed;lookup_or_compile_dt;compile_dt;compile_dt;compile_decomposed;lookup_or_compile_dt;compile_dt;compile_dt;compile_decomposed;lookup_or_compile_dt;compile_decomposed;lookup_or_compile_dt;compile_decomposed;lookup_or_compile_dt;compile_decomposed;lookup_or_compile_dt;compile_decomposed;lookup_or_compile_dt;compile_decomposed;lookup_or_compile_dt;compile_decomposed;lookup_or_compile_dt;compile_decomposed;lookup_or_compile_dt;compile_dt;compile_dt;compile_decomposed;conjoin_nnfs_lits;get_and_node;asm_exc_page_fault;exc_page_fault;do_user_addr_fault;handle_mm_fault;__handle_mm_fault;do_huge_pmd_wp_page;__split_huge_pmd;native_set_pte
0.25% main;cnf2ddnnf_cmd_line;load_dtree_skeleton_from_file
0.25% main;cnf2ddnnf_cmd_line;compile_cnf;compile_dt;compile_decomposed;lookup_or_compile_dt;compile_decomposed;lookup_or_compile_dt;compile_decomposed;lookup_or_compile_dt;compile_dt;select_separator;update_separator_score
0.24% main;cnf2ddnnf_cmd_line;free_hdtree;free_hdtree;free_hdtree;free_hdtree;free_hdtree;free_hdtree;free_hdtree;free_hdtree;free_hdtree;free_hdtree;free_hdtree;free_hdtree;free_hdtree;free_hdtree;free_hdtree;free_hdtree
0.23% main;cnf2ddnnf_cmd_line;load_hdtree_from_file;dtree_skeleton2hdtree
0.20% main;get_cnf_from_file
0.19% main;cnf2ddnnf_cmd_line;load_hdtree_from_file;__isoc99_fscanf;0x7fecdab9f0e1
    92.88%     0.00%  c2d      c2d                   [.] cnf2ddnnf_cmd_line
88.64% cnf2ddnnf_cmd_line;free_cache_manager
0.59% cnf2ddnnf_cmd_line;free_cache_manager;error_entry;sync_regs
0.30% cnf2ddnnf_cmd_line;free_cache_manager;asm_sysvec_apic_timer_interrupt
0.30% cnf2ddnnf_cmd_line;free_cache_manager;asm_sysvec_apic_timer_interrupt;sysvec_apic_timer_interrupt;__sysvec_apic_timer_interrupt;hrtimer_interrupt;__hrtimer_run_queues;tick_sched_timer;ktime_get
0.30% cnf2ddnnf_cmd_line;free_cache_manager;__irqentry_text_end
0.28% cnf2ddnnf_cmd_line;free_cache_manager;asm_exc_page_fault;exc_page_fault;do_user_addr_fault;lock_mm_and_find_vma
0.28% cnf2ddnnf_cmd_line;free_cache_manager;asm_exc_page_fault
0.27% cnf2ddnnf_cmd_line;free_cache_manager;asm_exc_page_fault;exc_page_fault;do_user_addr_fault;lock_mm_and_find_vma;find_vma;mt_find
0.27% cnf2ddnnf_cmd_line;compile_cnf;compile_dt;compile_decomposed;lookup_or_compile_dt;compile_decomposed;lookup_or_compile_dt;compile_decomposed;lookup_or_compile_dt;compile_dt;compile_dt;compile_decomposed;lookup_or_compile_dt;compile_dt;compile_dt;compile_decomposed;lookup_or_compile_dt;compile_dt;compile_dt;compile_decomposed;conjoin_nnfs_lits;conjoin_relevant_lits;get_and_node;asm_exc_page_fault;exc_page_fault;do_user_addr_fault;handle_mm_fault;__handle_mm_fault;wp_page_copy;vma_alloc_folio;__folio_alloc;__alloc_pages;get_page_from_freelist;clear_page_rep
0.26% cnf2ddnnf_cmd_line;compile_cnf;compile_dt;compile_decomposed;lookup_or_compile_dt;compile_decomposed;lookup_or_compile_dt;compile_decomposed;lookup_or_compile_dt;compile_dt;compile_dt;compile_decomposed;lookup_or_compile_dt;compile_dt;select_separator;update_separator_score
0.25% cnf2ddnnf_cmd_line;compile_cnf;compile_dt;compile_decomposed;lookup_or_compile_dt;compile_decomposed;lookup_or_compile_dt;compile_decomposed;lookup_or_compile_dt;compile_dt;compile_dt;compile_decomposed;lookup_or_compile_dt;compile_dt;compile_dt;compile_decomposed;lookup_or_compile_dt;compile_decomposed;lookup_or_compile_dt;compile_decomposed;lookup_or_compile_dt;compile_decomposed;lookup_or_compile_dt;compile_decomposed;lookup_or_compile_dt;compile_decomposed;lookup_or_compile_dt;compile_decomposed;lookup_or_compile_dt;compile_decomposed;lookup_or_compile_dt;compile_dt;compile_dt;compile_decomposed;conjoin_nnfs_lits;get_and_node;asm_exc_page_fault;exc_page_fault;do_user_addr_fault;handle_mm_fault;__handle_mm_fault;do_huge_pmd_wp_page;__split_huge_pmd;native_set_pte
0.25% cnf2ddnnf_cmd_line;load_dtree_skeleton_from_file
0.25% cnf2ddnnf_cmd_line;compile_cnf;compile_dt;compile_decomposed;lookup_or_compile_dt;compile_decomposed;lookup_or_compile_dt;compile_decomposed;lookup_or_compile_dt;compile_dt;select_separator;update_separator_score
0.24% cnf2ddnnf_cmd_line;free_hdtree;free_hdtree;free_hdtree;free_hdtree;free_hdtree;free_hdtree;free_hdtree;free_hdtree;free_hdtree;free_hdtree;free_hdtree;free_hdtree;free_hdtree;free_hdtree;free_hdtree;free_hdtree
0.23% cnf2ddnnf_cmd_line;load_hdtree_from_file;dtree_skeleton2hdtree
0.19% cnf2ddnnf_cmd_line;load_hdtree_from_file;__isoc99_fscanf;0x7fecdab9f0e1
    90.95%    89.21%  c2d      c2d                   [.] free_cache_manager
88.64% 0x7fecdab6724a;main;cnf2ddnnf_cmd_line;free_cache_manager
0.59% free_cache_manager;error_entry;sync_regs
0.30% 0x7fecdab6724a;main;cnf2ddnnf_cmd_line;free_cache_manager;asm_sysvec_apic_timer_interrupt
0.30% free_cache_manager;asm_sysvec_apic_timer_interrupt;sysvec_apic_timer_interrupt;__sysvec_apic_timer_interrupt;hrtimer_interrupt;__hrtimer_run_queues;tick_sched_timer;ktime_get
0.30% free_cache_manager;__irqentry_text_end
0.28% free_cache_manager;asm_exc_page_fault;exc_page_fault;do_user_addr_fault;lock_mm_and_find_vma
0.28% 0x7fecdab6724a;main;cnf2ddnnf_cmd_line;free_cache_manager;asm_exc_page_fault
0.27% free_cache_manager;asm_exc_page_fault;exc_page_fault;do_user_addr_fault;lock_mm_and_find_vma;find_vma;mt_find
     3.27%     0.00%  c2d      [kernel.kallsyms]     [k] asm_exc_page_fault
0.53% asm_exc_page_fault
0.53% asm_exc_page_fault;exc_page_fault;do_user_addr_fault;handle_mm_fault;__handle_mm_fault;wp_page_copy;vma_alloc_folio;__folio_alloc;__alloc_pages;get_page_from_freelist;clear_page_rep
0.37% asm_exc_page_fault;exc_page_fault;do_user_addr_fault;handle_mm_fault;__handle_mm_fault
0.30% asm_exc_page_fault;exc_page_fault;do_user_addr_fault;handle_mm_fault;__handle_mm_fault;do_fault;filemap_map_pages;xas_find;xas_load;xas_start
0.28% asm_exc_page_fault;exc_page_fault;do_user_addr_fault;lock_mm_and_find_vma
0.27% asm_exc_page_fault;exc_page_fault;do_user_addr_fault;lock_mm_and_find_vma;find_vma;mt_find
0.25% asm_exc_page_fault;exc_page_fault;do_user_addr_fault;handle_mm_fault;__handle_mm_fault;do_huge_pmd_wp_page;__split_huge_pmd;native_set_pte
0.25% asm_exc_page_fault;exc_page_fault;do_user_addr_fault;handle_mm_fault;__handle_mm_fault;vma_alloc_folio;__folio_alloc;__alloc_pages;get_page_from_freelist;__list_del_entry_valid
0.25% asm_exc_page_fault;exc_page_fault;do_user_addr_fault;handle_mm_fault;__handle_mm_fault;do_fault;filemap_map_pages;next_uptodate_page
0.24% asm_exc_page_fault;exc_page_fault;do_user_addr_fault;handle_mm_fault;__handle_mm_fault;wp_page_copy;copy_mc_to_kernel;memcpy
     2.73%     0.00%  c2d      [kernel.kallsyms]     [k] exc_page_fault
0.53% exc_page_fault;do_user_addr_fault;handle_mm_fault;__handle_mm_fault;wp_page_copy;vma_alloc_folio;__folio_alloc;__alloc_pages;get_page_from_freelist;clear_page_rep
0.37% exc_page_fault;do_user_addr_fault;handle_mm_fault;__handle_mm_fault
0.30% exc_page_fault;do_user_addr_fault;handle_mm_fault;__handle_mm_fault;do_fault;filemap_map_pages;xas_find;xas_load;xas_start
0.28% exc_page_fault;do_user_addr_fault;lock_mm_and_find_vma
0.27% exc_page_fault;do_user_addr_fault;lock_mm_and_find_vma;find_vma;mt_find
0.25% exc_page_fault;do_user_addr_fault;handle_mm_fault;__handle_mm_fault;do_huge_pmd_wp_page;__split_huge_pmd;native_set_pte
0.25% exc_page_fault;do_user_addr_fault;handle_mm_fault;__handle_mm_fault;vma_alloc_folio;__folio_alloc;__alloc_pages;get_page_from_freelist;__list_del_entry_valid
0.25% exc_page_fault;do_user_addr_fault;handle_mm_fault;__handle_mm_fault;do_fault;filemap_map_pages;next_uptodate_page
0.24% exc_page_fault;do_user_addr_fault;handle_mm_fault;__handle_mm_fault;wp_page_copy;copy_mc_to_kernel;memcpy
     2.73%     0.00%  c2d      [kernel.kallsyms]     [k] do_user_addr_fault
0.53% do_user_addr_fault;handle_mm_fault;__handle_mm_fault;wp_page_copy;vma_alloc_folio;__folio_alloc;__alloc_pages;get_page_from_freelist;clear_page_rep
0.37% do_user_addr_fault;handle_mm_fault;__handle_mm_fault
0.30% do_user_addr_fault;handle_mm_fault;__handle_mm_fault;do_fault;filemap_map_pages;xas_find;xas_load;xas_start
0.28% do_user_addr_fault;lock_mm_and_find_vma
0.27% do_user_addr_fault;lock_mm_and_find_vma;find_vma;mt_find
0.25% do_user_addr_fault;handle_mm_fault;__handle_mm_fault;do_huge_pmd_wp_page;__split_huge_pmd;native_set_pte
0.25% do_user_addr_fault;handle_mm_fault;__handle_mm_fault;vma_alloc_folio;__folio_alloc;__alloc_pages;get_page_from_freelist;__list_del_entry_valid
0.25% do_user_addr_fault;handle_mm_fault;__handle_mm_fault;do_fault;filemap_map_pages;next_uptodate_page
0.24% do_user_addr_fault;handle_mm_fault;__handle_mm_fault;wp_page_copy;copy_mc_to_kernel;memcpy
     2.45%     0.00%  c2d      [kernel.kallsyms]     [k] entry_SYSCALL_64_after_hwframe
0.30% entry_SYSCALL_64_after_hwframe;do_syscall_64;__x64_sys_munmap;__vm_munmap;do_mas_munmap
0.30% entry_SYSCALL_64_after_hwframe;do_syscall_64;__x64_sys_exit_group;do_group_exit;do_exit;__mmput;exit_mmap;unmap_vmas;unmap_page_range
0.30% entry_SYSCALL_64_after_hwframe;do_syscall_64;__x64_sys_exit_group;do_group_exit;do_exit;__mmput;exit_mmap;unmap_vmas;unmap_page_range;_compound_head
0.28% entry_SYSCALL_64_after_hwframe;do_syscall_64;ksys_read;vfs_read;xfs_file_read_iter;xfs_file_buffered_read;filemap_read;filemap_get_pages;page_cache_ra_order;read_pages;iomap_readahead;submit_bio_noacct_nocheck;ktime_get
0.28% entry_SYSCALL_64_after_hwframe;do_syscall_64;__x64_sys_mprotect;do_mprotect_pkey;mprotect_fixup;__split_vma;__vma_adjust;mas_preallocate;mas_alloc_nodes
0.25% entry_SYSCALL_64_after_hwframe;do_syscall_64;ksys_mmap_pgoff;vm_mmap_pgoff;do_mmap;mmap_region;do_mas_munmap;do_mas_align_munmap;mas_store_prealloc;mas_destroy;kmem_cache_free
0.24% entry_SYSCALL_64_after_hwframe;do_syscall_64;ksys_write;vfs_write;xfs_file_buffered_write;iomap_file_buffered_write;iomap_iter;xfs_buffered_write_iomap_begin
0.21% entry_SYSCALL_64_after_hwframe;do_syscall_64;__x64_sys_execve;do_execveat_common.isra.0;bprm_execve;load_elf_binary;map_vdso_randomized;__get_random_u32_below;get_random_u32;_get_random_bytes;crng_make_state;crng_fast_key_erasure;chacha_block_generic;chacha_permute
0.15% entry_SYSCALL_64_after_hwframe;do_syscall_64;__x64_sys_execve;do_execveat_common.isra.0;bprm_execve;load_elf_binary;setup_arg_pages;shift_arg_pages;__vma_adjust
0.06% entry_SYSCALL_64_after_hwframe;do_syscall_64;__x64_sys_execve;do_execveat_common.isra.0;bprm_execve;load_elf_binary;begin_new_exec;security_bprm_committed_creds
0.04% entry_SYSCALL_64_after_hwframe;do_syscall_64;ksys_read;vfs_read;xfs_file_read_iter;xfs_file_buffered_read;filemap_read;copy_page_to_iter;_copy_to_iter;copy_user_generic_string
0.03% entry_SYSCALL_64_after_hwframe;do_syscall_64;ksys_read;vfs_read;xfs_file_read_iter;xfs_file_buffered_read;filemap_read;copy_page_to_iter;_copy_to_iter
0.01% entry_SYSCALL_64_after_hwframe;do_syscall_64;ksys_read;vfs_read;xfs_file_read_iter;xfs_file_buffered_read;filemap_read;filemap_get_pages;folio_wait_bit_common;io_schedule;schedule;__schedule;finish_task_switch.isra.0;__perf_event_task_sched_in;__intel_pmu_enable_all.constprop.0;native_write_msr
     2.45%     0.00%  c2d      [kernel.kallsyms]     [k] do_syscall_64
0.30% do_syscall_64;__x64_sys_munmap;__vm_munmap;do_mas_munmap
0.30% do_syscall_64;__x64_sys_exit_group;do_group_exit;do_exit;__mmput;exit_mmap;unmap_vmas;unmap_page_range
0.30% do_syscall_64;__x64_sys_exit_group;do_group_exit;do_exit;__mmput;exit_mmap;unmap_vmas;unmap_page_range;_compound_head
0.28% do_syscall_64;ksys_read;vfs_read;xfs_file_read_iter;xfs_file_buffered_read;filemap_read;filemap_get_pages;page_cache_ra_order;read_pages;iomap_readahead;submit_bio_noacct_nocheck;ktime_get
0.28% do_syscall_64;__x64_sys_mprotect;do_mprotect_pkey;mprotect_fixup;__split_vma;__vma_adjust;mas_preallocate;mas_alloc_nodes
0.25% do_syscall_64;ksys_mmap_pgoff;vm_mmap_pgoff;do_mmap;mmap_region;do_mas_munmap;do_mas_align_munmap;mas_store_prealloc;mas_destroy;kmem_cache_free
0.24% do_syscall_64;ksys_write;vfs_write;xfs_file_buffered_write;iomap_file_buffered_write;iomap_iter;xfs_buffered_write_iomap_begin
0.21% do_syscall_64;__x64_sys_execve;do_execveat_common.isra.0;bprm_execve;load_elf_binary;map_vdso_randomized;__get_random_u32_below;get_random_u32;_get_random_bytes;crng_make_state;crng_fast_key_erasure;chacha_block_generic;chacha_permute
0.15% do_syscall_64;__x64_sys_execve;do_execveat_common.isra.0;bprm_execve;load_elf_binary;setup_arg_pages;shift_arg_pages;__vma_adjust
0.06% do_syscall_64;__x64_sys_execve;do_execveat_common.isra.0;bprm_execve;load_elf_binary;begin_new_exec;security_bprm_committed_creds
0.04% do_syscall_64;ksys_read;vfs_read;xfs_file_read_iter;xfs_file_buffered_read;filemap_read;copy_page_to_iter;_copy_to_iter;copy_user_generic_string
0.03% do_syscall_64;ksys_read;vfs_read;xfs_file_read_iter;xfs_file_buffered_read;filemap_read;copy_page_to_iter;_copy_to_iter
0.01% do_syscall_64;ksys_read;vfs_read;xfs_file_read_iter;xfs_file_buffered_read;filemap_read;filemap_get_pages;folio_wait_bit_common;io_schedule;schedule;__schedule;finish_task_switch.isra.0;__perf_event_task_sched_in;__intel_pmu_enable_all.constprop.0;native_write_msr
     2.18%     0.00%  c2d      [kernel.kallsyms]     [k] handle_mm_fault
0.53% handle_mm_fault;__handle_mm_fault;wp_page_copy;vma_alloc_folio;__folio_alloc;__alloc_pages;get_page_from_freelist;clear_page_rep
0.37% handle_mm_fault;__handle_mm_fault
0.30% handle_mm_fault;__handle_mm_fault;do_fault;filemap_map_pages;xas_find;xas_load;xas_start
0.25% handle_mm_fault;__handle_mm_fault;do_huge_pmd_wp_page;__split_huge_pmd;native_set_pte
0.25% handle_mm_fault;__handle_mm_fault;vma_alloc_folio;__folio_alloc;__alloc_pages;get_page_from_freelist;__list_del_entry_valid
0.25% handle_mm_fault;__handle_mm_fault;do_fault;filemap_map_pages;next_uptodate_page
0.24% handle_mm_fault;__handle_mm_fault;wp_page_copy;copy_mc_to_kernel;memcpy
     2.18%     0.37%  c2d      [kernel.kallsyms]     [k] __handle_mm_fault
0.53% __handle_mm_fault;wp_page_copy;vma_alloc_folio;__folio_alloc;__alloc_pages;get_page_from_freelist;clear_page_rep
0.37% 0;0x7fecdabd80d9;asm_exc_page_fault;exc_page_fault;do_user_addr_fault;handle_mm_fault;__handle_mm_fault
0.30% __handle_mm_fault;do_fault;filemap_map_pages;xas_find;xas_load;xas_start
0.25% __handle_mm_fault;do_huge_pmd_wp_page;__split_huge_pmd;native_set_pte
0.25% __handle_mm_fault;vma_alloc_folio;__folio_alloc;__alloc_pages;get_page_from_freelist;__list_del_entry_valid
0.25% __handle_mm_fault;do_fault;filemap_map_pages;next_uptodate_page
0.24% __handle_mm_fault;wp_page_copy;copy_mc_to_kernel;memcpy
     1.26%     0.00%  c2d      [unknown]             [.] 0000000000000000
0.37% 0;0x7fecdabd80d9;asm_exc_page_fault;exc_page_fault;do_user_addr_fault;handle_mm_fault;__handle_mm_fault
0.28% 0;read;entry_SYSCALL_64_after_hwframe;do_syscall_64;ksys_read;vfs_read;xfs_file_read_iter;xfs_file_buffered_read;filemap_read;filemap_get_pages;page_cache_ra_order;read_pages;iomap_readahead;submit_bio_noacct_nocheck;ktime_get
0.27% 0;0x7fecdb0b4a33
0.25% 0;0x7fecdabd80d9;asm_exc_page_fault;exc_page_fault;do_user_addr_fault;handle_mm_fault;__handle_mm_fault;vma_alloc_folio;__folio_alloc;__alloc_pages;get_page_from_freelist;__list_del_entry_valid
0.04% 0;read;entry_SYSCALL_64_after_hwframe;do_syscall_64;ksys_read;vfs_read;xfs_file_read_iter;xfs_file_buffered_read;filemap_read;copy_page_to_iter;_copy_to_iter;copy_user_generic_string
0.03% 0;read;entry_SYSCALL_64_after_hwframe;do_syscall_64;ksys_read;vfs_read;xfs_file_read_iter;xfs_file_buffered_read;filemap_read;copy_page_to_iter;_copy_to_iter
0.01% 0;read;entry_SYSCALL_64_after_hwframe;do_syscall_64;ksys_read;vfs_read;xfs_file_read_iter;xfs_file_buffered_read;filemap_read;filemap_get_pages;folio_wait_bit_common;io_schedule;schedule;__schedule;finish_task_switch.isra.0;__perf_event_task_sched_in;__intel_pmu_enable_all.constprop.0;native_write_msr
     1.15%     0.55%  c2d      [kernel.kallsyms]     [k] error_entry
0.59% error_entry;sync_regs
0.28% 0x4810c08348001696;__cxxabiv1::__vmi_class_type_info::~__vmi_class_type_info;0x7fecdaf9d318;__cxxabiv1::__vmi_class_type_info::__do_dyncast;error_entry
0.27% 0x124;0x7fecc3ef5cd8;0x2;get_and_node;error_entry
     1.03%     0.00%  c2d      c2d                   [.] compile_cnf
0.27% compile_cnf;compile_dt;compile_decomposed;lookup_or_compile_dt;compile_decomposed;lookup_or_compile_dt;compile_decomposed;lookup_or_compile_dt;compile_dt;compile_dt;compile_decomposed;lookup_or_compile_dt;compile_dt;compile_dt;compile_decomposed;lookup_or_compile_dt;compile_dt;compile_dt;compile_decomposed;conjoin_nnfs_lits;conjoin_relevant_lits;get_and_node;asm_exc_page_fault;exc_page_fault;do_user_addr_fault;handle_mm_fault;__handle_mm_fault;wp_page_copy;vma_alloc_folio;__folio_alloc;__alloc_pages;get_page_from_freelist;clear_page_rep
0.26% compile_cnf;compile_dt;compile_decomposed;lookup_or_compile_dt;compile_decomposed;lookup_or_compile_dt;compile_decomposed;lookup_or_compile_dt;compile_dt;compile_dt;compile_decomposed;lookup_or_compile_dt;compile_dt;select_separator;update_separator_score
0.25% compile_cnf;compile_dt;compile_decomposed;lookup_or_compile_dt;compile_decomposed;lookup_or_compile_dt;compile_decomposed;lookup_or_compile_dt;compile_dt;compile_dt;compile_decomposed;lookup_or_compile_dt;compile_dt;compile_dt;compile_decomposed;lookup_or_compile_dt;compile_decomposed;lookup_or_compile_dt;compile_decomposed;lookup_or_compile_dt;compile_decomposed;lookup_or_compile_dt;compile_decomposed;lookup_or_compile_dt;compile_decomposed;lookup_or_compile_dt;compile_decomposed;lookup_or_compile_dt;compile_decomposed;lookup_or_compile_dt;compile_dt;compile_dt;compile_decomposed;conjoin_nnfs_lits;get_and_node;asm_exc_page_fault;exc_page_fault;do_user_addr_fault;handle_mm_fault;__handle_mm_fault;do_huge_pmd_wp_page;__split_huge_pmd;native_set_pte
0.25% compile_cnf;compile_dt;compile_decomposed;lookup_or_compile_dt;compile_decomposed;lookup_or_compile_dt;compile_decomposed;lookup_or_compile_dt;compile_dt;select_separator;update_separator_score
     1.03%     0.00%  c2d      c2d                   [.] compile_dt
0.27% compile_dt;compile_decomposed;lookup_or_compile_dt;compile_decomposed;lookup_or_compile_dt;compile_decomposed;lookup_or_compile_dt;compile_dt;compile_dt;compile_decomposed;lookup_or_compile_dt;compile_dt;compile_dt;compile_decomposed;lookup_or_compile_dt;compile_dt;compile_dt;compile_decomposed;conjoin_nnfs_lits;conjoin_relevant_lits;get_and_node;asm_exc_page_fault;exc_page_fault;do_user_addr_fault;handle_mm_fault;__handle_mm_fault;wp_page_copy;vma_alloc_folio;__folio_alloc;__alloc_pages;get_page_from_freelist;clear_page_rep
0.26% compile_dt;compile_decomposed;lookup_or_compile_dt;compile_decomposed;lookup_or_compile_dt;compile_decomposed;lookup_or_compile_dt;compile_dt;compile_dt;compile_decomposed;lookup_or_compile_dt;compile_dt;select_separator;update_separator_score
0.25% compile_dt;compile_decomposed;lookup_or_compile_dt;compile_decomposed;lookup_or_compile_dt;compile_decomposed;lookup_or_compile_dt;compile_dt;compile_dt;compile_decomposed;lookup_or_compile_dt;compile_dt;compile_dt;compile_decomposed;lookup_or_compile_dt;compile_decomposed;lookup_or_compile_dt;compile_decomposed;lookup_or_compile_dt;compile_decomposed;lookup_or_compile_dt;compile_decomposed;lookup_or_compile_dt;compile_decomposed;lookup_or_compile_dt;compile_decomposed;lookup_or_compile_dt;compile_decomposed;lookup_or_compile_dt;compile_dt;compile_dt;compile_decomposed;conjoin_nnfs_lits;get_and_node;asm_exc_page_fault;exc_page_fault;do_user_addr_fault;handle_mm_fault;__handle_mm_fault;do_huge_pmd_wp_page;__split_huge_pmd;native_set_pte
0.25% compile_dt;compile_decomposed;lookup_or_compile_dt;compile_decomposed;lookup_or_compile_dt;compile_decomposed;lookup_or_compile_dt;compile_dt;select_separator;update_separator_score
     1.03%     0.00%  c2d      c2d                   [.] compile_decomposed
0.27% compile_decomposed;lookup_or_compile_dt;compile_decomposed;lookup_or_compile_dt;compile_decomposed;lookup_or_compile_dt;compile_dt;compile_dt;compile_decomposed;lookup_or_compile_dt;compile_dt;compile_dt;compile_decomposed;lookup_or_compile_dt;compile_dt;compile_dt;compile_decomposed;conjoin_nnfs_lits;conjoin_relevant_lits;get_and_node;asm_exc_page_fault;exc_page_fault;do_user_addr_fault;handle_mm_fault;__handle_mm_fault;wp_page_copy;vma_alloc_folio;__folio_alloc;__alloc_pages;get_page_from_freelist;clear_page_rep
0.26% compile_decomposed;lookup_or_compile_dt;compile_decomposed;lookup_or_compile_dt;compile_decomposed;lookup_or_compile_dt;compile_dt;compile_dt;compile_decomposed;lookup_or_compile_dt;compile_dt;select_separator;update_separator_score
0.25% compile_decomposed;lookup_or_compile_dt;compile_decomposed;lookup_or_compile_dt;compile_decomposed;lookup_or_compile_dt;compile_dt;compile_dt;compile_decomposed;lookup_or_compile_dt;compile_dt;compile_dt;compile_decomposed;lookup_or_compile_dt;compile_decomposed;lookup_or_compile_dt;compile_decomposed;lookup_or_compile_dt;compile_decomposed;lookup_or_compile_dt;compile_decomposed;lookup_or_compile_dt;compile_decomposed;lookup_or_compile_dt;compile_decomposed;lookup_or_compile_dt;compile_decomposed;lookup_or_compile_dt;compile_dt;compile_dt;compile_decomposed;conjoin_nnfs_lits;get_and_node;asm_exc_page_fault;exc_page_fault;do_user_addr_fault;handle_mm_fault;__handle_mm_fault;do_huge_pmd_wp_page;__split_huge_pmd;native_set_pte
0.25% compile_decomposed;lookup_or_compile_dt;compile_decomposed;lookup_or_compile_dt;compile_decomposed;lookup_or_compile_dt;compile_dt;select_separator;update_separator_score
     1.03%     0.00%  c2d      c2d                   [.] lookup_or_compile_dt
0.27% lookup_or_compile_dt;compile_decomposed;lookup_or_compile_dt;compile_decomposed;lookup_or_compile_dt;compile_dt;compile_dt;compile_decomposed;lookup_or_compile_dt;compile_dt;compile_dt;compile_decomposed;lookup_or_compile_dt;compile_dt;compile_dt;compile_decomposed;conjoin_nnfs_lits;conjoin_relevant_lits;get_and_node;asm_exc_page_fault;exc_page_fault;do_user_addr_fault;handle_mm_fault;__handle_mm_fault;wp_page_copy;vma_alloc_folio;__folio_alloc;__alloc_pages;get_page_from_freelist;clear_page_rep
0.26% lookup_or_compile_dt;compile_decomposed;lookup_or_compile_dt;compile_decomposed;lookup_or_compile_dt;compile_dt;compile_dt;compile_decomposed;lookup_or_compile_dt;compile_dt;select_separator;update_separator_score
0.25% lookup_or_compile_dt;compile_decomposed;lookup_or_compile_dt;compile_decomposed;lookup_or_compile_dt;compile_dt;compile_dt;compile_decomposed;lookup_or_compile_dt;compile_dt;compile_dt;compile_decomposed;lookup_or_compile_dt;compile_decomposed;lookup_or_compile_dt;compile_decomposed;lookup_or_compile_dt;compile_decomposed;lookup_or_compile_dt;compile_decomposed;lookup_or_compile_dt;compile_decomposed;lookup_or_compile_dt;compile_decomposed;lookup_or_compile_dt;compile_decomposed;lookup_or_compile_dt;compile_dt;compile_dt;compile_decomposed;conjoin_nnfs_lits;get_and_node;asm_exc_page_fault;exc_page_fault;do_user_addr_fault;handle_mm_fault;__handle_mm_fault;do_huge_pmd_wp_page;__split_huge_pmd;native_set_pte
0.25% lookup_or_compile_dt;compile_decomposed;lookup_or_compile_dt;compile_decomposed;lookup_or_compile_dt;compile_dt;select_separator;update_separator_score
     0.79%     0.00%  c2d      c2d                   [.] get_and_node
0.27% get_and_node;error_entry
0.27% get_and_node;asm_exc_page_fault;exc_page_fault;do_user_addr_fault;handle_mm_fault;__handle_mm_fault;wp_page_copy;vma_alloc_folio;__folio_alloc;__alloc_pages;get_page_from_freelist;clear_page_rep
0.25% get_and_node;asm_exc_page_fault;exc_page_fault;do_user_addr_fault;handle_mm_fault;__handle_mm_fault;do_huge_pmd_wp_page;__split_huge_pmd;native_set_pte
     0.78%     0.00%  c2d      [kernel.kallsyms]     [k] vma_alloc_folio
0.53% vma_alloc_folio;__folio_alloc;__alloc_pages;get_page_from_freelist;clear_page_rep
0.25% vma_alloc_folio;__folio_alloc;__alloc_pages;get_page_from_freelist;__list_del_entry_valid
     0.78%     0.00%  c2d      [kernel.kallsyms]     [k] __folio_alloc
0.53% __folio_alloc;__alloc_pages;get_page_from_freelist;clear_page_rep
0.25% __folio_alloc;__alloc_pages;get_page_from_freelist;__list_del_entry_valid
     0.78%     0.00%  c2d      [kernel.kallsyms]     [k] __alloc_pages
0.53% __alloc_pages;get_page_from_freelist;clear_page_rep
0.25% __alloc_pages;get_page_from_freelist;__list_del_entry_valid
     0.78%     0.00%  c2d      [kernel.kallsyms]     [k] get_page_from_freelist
0.53% get_page_from_freelist;clear_page_rep
0.25% get_page_from_freelist;__list_del_entry_valid
     0.78%     0.00%  c2d      ld-linux-x86-64.so.2  [.] 0x00007fecdb0c5a58
0.28% 0x7fecdb0c5a58;0x7fecdb0c522f;0x7fecdb0c8c99;0x7fecdb0cbb47;entry_SYSCALL_64_after_hwframe;do_syscall_64;__x64_sys_mprotect;do_mprotect_pkey;mprotect_fixup;__split_vma;__vma_adjust;mas_preallocate;mas_alloc_nodes
0.26% 0x7fecdb0c5a58;0x7fecdb0c522f;0x7fecdb0c8c99;0x7fecdb0b8cc7;asm_exc_page_fault;exc_page_fault;do_user_addr_fault;handle_mm_fault;__handle_mm_fault;wp_page_copy;vma_alloc_folio;__folio_alloc;__alloc_pages;get_page_from_freelist;clear_page_rep
0.24% 0x7fecdb0c5a58;0x7fecdb0c522f;0x7fecdb0c88b4;asm_exc_page_fault;exc_page_fault;do_user_addr_fault;handle_mm_fault;__handle_mm_fault;wp_page_copy;copy_mc_to_kernel;memcpy
     0.78%     0.00%  c2d      ld-linux-x86-64.so.2  [.] 0x00007fecdb0c522f
0.28% 0x7fecdb0c522f;0x7fecdb0c8c99;0x7fecdb0cbb47;entry_SYSCALL_64_after_hwframe;do_syscall_64;__x64_sys_mprotect;do_mprotect_pkey;mprotect_fixup;__split_vma;__vma_adjust;mas_preallocate;mas_alloc_nodes
0.26% 0x7fecdb0c522f;0x7fecdb0c8c99;0x7fecdb0b8cc7;asm_exc_page_fault;exc_page_fault;do_user_addr_fault;handle_mm_fault;__handle_mm_fault;wp_page_copy;vma_alloc_folio;__folio_alloc;__alloc_pages;get_page_from_freelist;clear_page_rep
0.24% 0x7fecdb0c522f;0x7fecdb0c88b4;asm_exc_page_fault;exc_page_fault;do_user_addr_fault;handle_mm_fault;__handle_mm_fault;wp_page_copy;copy_mc_to_kernel;memcpy
     0.77%     0.00%  c2d      [unknown]             [k] 0x00007fecdb0de8a8
0.27% 0x7fecdb0de8a8;0x7fecdb0a9170;0x6;0;0x7fecdb0b4a33
0.25% 0x7fecdb0de8a8;0x7fecdb0b3075;0x7fecdb0cbae3;entry_SYSCALL_64_after_hwframe;do_syscall_64;ksys_mmap_pgoff;vm_mmap_pgoff;do_mmap;mmap_region;do_mas_munmap;do_mas_align_munmap;mas_store_prealloc;mas_destroy;kmem_cache_free
0.25% 0x7fecdb0de8a8;0x7fecdb0b3075;0x7fecdb0b1da9;asm_exc_page_fault;exc_page_fault;do_user_addr_fault;handle_mm_fault;__handle_mm_fault;do_fault;filemap_map_pages;next_uptodate_page
     0.77%     0.00%  c2d      [kernel.kallsyms]     [k] wp_page_copy
0.53% wp_page_copy;vma_alloc_folio;__folio_alloc;__alloc_pages;get_page_from_freelist;clear_page_rep
0.24% wp_page_copy;copy_mc_to_kernel;memcpy
     0.62%     0.00%  c2d      libc.so.6             [.] 0x00007fecdabd80d9
0.37% 0x7fecdabd80d9;asm_exc_page_fault;exc_page_fault;do_user_addr_fault;handle_mm_fault;__handle_mm_fault
0.25% 0x7fecdabd80d9;asm_exc_page_fault;exc_page_fault;do_user_addr_fault;handle_mm_fault;__handle_mm_fault;vma_alloc_folio;__folio_alloc;__alloc_pages;get_page_from_freelist;__list_del_entry_valid
     0.59%     0.59%  c2d      [kernel.kallsyms]     [k] sync_regs
0.59% 0x7fecdab6724a;main;cnf2ddnnf_cmd_line;free_cache_manager;error_entry;sync_regs
     0.59%     0.00%  c2d      [kernel.kallsyms]     [k] asm_sysvec_apic_timer_interrupt
0.30% asm_sysvec_apic_timer_interrupt
0.30% asm_sysvec_apic_timer_interrupt;sysvec_apic_timer_interrupt;__sysvec_apic_timer_interrupt;hrtimer_interrupt;__hrtimer_run_queues;tick_sched_timer;ktime_get
     0.59%     0.30%  c2d      [kernel.kallsyms]     [k] unmap_page_range
0.30% entry_SYSCALL_64_after_hwframe;do_syscall_64;__x64_sys_exit_group;do_group_exit;do_exit;__mmput;exit_mmap;unmap_vmas;unmap_page_range
0.30% unmap_page_range;_compound_head
     0.59%     0.00%  c2d      [kernel.kallsyms]     [k] __x64_sys_exit_group
0.30% __x64_sys_exit_group;do_group_exit;do_exit;__mmput;exit_mmap;unmap_vmas;unmap_page_range
0.30% __x64_sys_exit_group;do_group_exit;do_exit;__mmput;exit_mmap;unmap_vmas;unmap_page_range;_compound_head
     0.59%     0.00%  c2d      [kernel.kallsyms]     [k] do_group_exit
0.30% do_group_exit;do_exit;__mmput;exit_mmap;unmap_vmas;unmap_page_range
0.30% do_group_exit;do_exit;__mmput;exit_mmap;unmap_vmas;unmap_page_range;_compound_head
     0.59%     0.00%  c2d      [kernel.kallsyms]     [k] do_exit
0.30% do_exit;__mmput;exit_mmap;unmap_vmas;unmap_page_range
0.30% do_exit;__mmput;exit_mmap;unmap_vmas;unmap_page_range;_compound_head
     0.59%     0.00%  c2d      [kernel.kallsyms]     [k] __mmput
0.30% __mmput;exit_mmap;unmap_vmas;unmap_page_range
0.30% __mmput;exit_mmap;unmap_vmas;unmap_page_range;_compound_head
     0.59%     0.00%  c2d      [kernel.kallsyms]     [k] exit_mmap
0.30% exit_mmap;unmap_vmas;unmap_page_range
0.30% exit_mmap;unmap_vmas;unmap_page_range;_compound_head
     0.59%     0.00%  c2d      [kernel.kallsyms]     [k] unmap_vmas
0.30% unmap_vmas;unmap_page_range
0.30% unmap_vmas;unmap_page_range;_compound_head
     0.58%     0.58%  c2d      [kernel.kallsyms]     [k] ktime_get
0.30% 0x7fecdab6724a;main;cnf2ddnnf_cmd_line;free_cache_manager;asm_sysvec_apic_timer_interrupt;sysvec_apic_timer_interrupt;__sysvec_apic_timer_interrupt;hrtimer_interrupt;__hrtimer_run_queues;tick_sched_timer;ktime_get
0.28% 0;read;entry_SYSCALL_64_after_hwframe;do_syscall_64;ksys_read;vfs_read;xfs_file_read_iter;xfs_file_buffered_read;filemap_read;filemap_get_pages;page_cache_ra_order;read_pages;iomap_readahead;submit_bio_noacct_nocheck;ktime_get
     0.55%     0.28%  c2d      [kernel.kallsyms]     [k] lock_mm_and_find_vma
0.28% 0x7fecdab6724a;main;cnf2ddnnf_cmd_line;free_cache_manager;asm_exc_page_fault;exc_page_fault;do_user_addr_fault;lock_mm_and_find_vma
0.27% lock_mm_and_find_vma;find_vma;mt_find
     0.55%     0.30%  c2d      [kernel.kallsyms]     [k] do_mas_munmap
0.30% __munmap;entry_SYSCALL_64_after_hwframe;do_syscall_64;__x64_sys_munmap;__vm_munmap;do_mas_munmap
0.25% do_mas_munmap;do_mas_align_munmap;mas_store_prealloc;mas_destroy;kmem_cache_free
     0.54%     0.00%  c2d      ld-linux-x86-64.so.2  [.] 0x00007fecdb0c8c99
0.28% 0x7fecdb0c8c99;0x7fecdb0cbb47;entry_SYSCALL_64_after_hwframe;do_syscall_64;__x64_sys_mprotect;do_mprotect_pkey;mprotect_fixup;__split_vma;__vma_adjust;mas_preallocate;mas_alloc_nodes
0.26% 0x7fecdb0c8c99;0x7fecdb0b8cc7;asm_exc_page_fault;exc_page_fault;do_user_addr_fault;handle_mm_fault;__handle_mm_fault;wp_page_copy;vma_alloc_folio;__folio_alloc;__alloc_pages;get_page_from_freelist;clear_page_rep
     0.54%     0.00%  c2d      [kernel.kallsyms]     [k] do_fault
0.30% do_fault;filemap_map_pages;xas_find;xas_load;xas_start
0.25% do_fault;filemap_map_pages;next_uptodate_page
     0.54%     0.00%  c2d      [kernel.kallsyms]     [k] filemap_map_pages
0.30% filemap_map_pages;xas_find;xas_load;xas_start
0.25% filemap_map_pages;next_uptodate_page
     0.53%     0.53%  c2d      [kernel.kallsyms]     [k] clear_page_rep
0.27% 0x7fecdab6724a;main;cnf2ddnnf_cmd_line;compile_cnf;compile_dt;compile_decomposed;lookup_or_compile_dt;compile_decomposed;lookup_or_compile_dt;compile_decomposed;lookup_or_compile_dt;compile_dt;compile_dt;compile_decomposed;lookup_or_compile_dt;compile_dt;compile_dt;compile_decomposed;lookup_or_compile_dt;compile_dt;compile_dt;compile_decomposed;conjoin_nnfs_lits;conjoin_relevant_lits;get_and_node;asm_exc_page_fault;exc_page_fault;do_user_addr_fault;handle_mm_fault;__handle_mm_fault;wp_page_copy;vma_alloc_folio;__folio_alloc;__alloc_pages;get_page_from_freelist;clear_page_rep
0.26% 0x7fecdb0c5a58;0x7fecdb0c522f;0x7fecdb0c8c99;0x7fecdb0b8cc7;asm_exc_page_fault;exc_page_fault;do_user_addr_fault;handle_mm_fault;__handle_mm_fault;wp_page_copy;vma_alloc_folio;__folio_alloc;__alloc_pages;get_page_from_freelist;clear_page_rep
     0.52%     0.00%  c2d      c2d                   [.] conjoin_nnfs_lits
0.27% conjoin_nnfs_lits;conjoin_relevant_lits;get_and_node;asm_exc_page_fault;exc_page_fault;do_user_addr_fault;handle_mm_fault;__handle_mm_fault;wp_page_copy;vma_alloc_folio;__folio_alloc;__alloc_pages;get_page_from_freelist;clear_page_rep
0.25% conjoin_nnfs_lits;get_and_node;asm_exc_page_fault;exc_page_fault;do_user_addr_fault;handle_mm_fault;__handle_mm_fault;do_huge_pmd_wp_page;__split_huge_pmd;native_set_pte
     0.51%     0.51%  c2d      c2d                   [.] update_separator_score
0.26% 0x7fecdab6724a;main;cnf2ddnnf_cmd_line;compile_cnf;compile_dt;compile_decomposed;lookup_or_compile_dt;compile_decomposed;lookup_or_compile_dt;compile_decomposed;lookup_or_compile_dt;compile_dt;compile_dt;compile_decomposed;lookup_or_compile_dt;compile_dt;select_separator;update_separator_score
0.25% 0x7fecdab6724a;main;cnf2ddnnf_cmd_line;compile_cnf;compile_dt;compile_decomposed;lookup_or_compile_dt;compile_decomposed;lookup_or_compile_dt;compile_decomposed;lookup_or_compile_dt;compile_dt;select_separator;update_separator_score
     0.51%     0.00%  c2d      c2d                   [.] select_separator
0.51% select_separator;update_separator_score
     0.50%     0.00%  c2d      ld-linux-x86-64.so.2  [.] 0x00007fecdb0b3075
0.25% 0x7fecdb0b3075;0x7fecdb0cbae3;entry_SYSCALL_64_after_hwframe;do_syscall_64;ksys_mmap_pgoff;vm_mmap_pgoff;do_mmap;mmap_region;do_mas_munmap;do_mas_align_munmap;mas_store_prealloc;mas_destroy;kmem_cache_free
0.25% 0x7fecdb0b3075;0x7fecdb0b1da9;asm_exc_page_fault;exc_page_fault;do_user_addr_fault;handle_mm_fault;__handle_mm_fault;do_fault;filemap_map_pages;next_uptodate_page
     0.43%     0.15%  c2d      [kernel.kallsyms]     [k] __vma_adjust
0.28% __vma_adjust;mas_preallocate;mas_alloc_nodes
0.15% 0x7f504bef3a97;entry_SYSCALL_64_after_hwframe;do_syscall_64;__x64_sys_execve;do_execveat_common.isra.0;bprm_execve;load_elf_binary;setup_arg_pages;shift_arg_pages;__vma_adjust
     0.42%     0.00%  c2d      [unknown]             [k] 0x00007f504bef3a97
0.21% 0x7f504bef3a97;entry_SYSCALL_64_after_hwframe;do_syscall_64;__x64_sys_execve;do_execveat_common.isra.0;bprm_execve;load_elf_binary;map_vdso_randomized;__get_random_u32_below;get_random_u32;_get_random_bytes;crng_make_state;crng_fast_key_erasure;chacha_block_generic;chacha_permute
0.15% 0x7f504bef3a97;entry_SYSCALL_64_after_hwframe;do_syscall_64;__x64_sys_execve;do_execveat_common.isra.0;bprm_execve;load_elf_binary;setup_arg_pages;shift_arg_pages;__vma_adjust
0.06% 0x7f504bef3a97;entry_SYSCALL_64_after_hwframe;do_syscall_64;__x64_sys_execve;do_execveat_common.isra.0;bprm_execve;load_elf_binary;begin_new_exec;security_bprm_committed_creds
     0.42%     0.00%  c2d      [kernel.kallsyms]     [k] __x64_sys_execve
0.21% __x64_sys_execve;do_execveat_common.isra.0;bprm_execve;load_elf_binary;map_vdso_randomized;__get_random_u32_below;get_random_u32;_get_random_bytes;crng_make_state;crng_fast_key_erasure;chacha_block_generic;chacha_permute
0.15% __x64_sys_execve;do_execveat_common.isra.0;bprm_execve;load_elf_binary;setup_arg_pages;shift_arg_pages;__vma_adjust
0.06% __x64_sys_execve;do_execveat_common.isra.0;bprm_execve;load_elf_binary;begin_new_exec;security_bprm_committed_creds
     0.42%     0.00%  c2d      [kernel.kallsyms]     [k] do_execveat_common.isra.0
0.21% do_execveat_common.isra.0;bprm_execve;load_elf_binary;map_vdso_randomized;__get_random_u32_below;get_random_u32;_get_random_bytes;crng_make_state;crng_fast_key_erasure;chacha_block_generic;chacha_permute
0.15% do_execveat_common.isra.0;bprm_execve;load_elf_binary;setup_arg_pages;shift_arg_pages;__vma_adjust
0.06% do_execveat_common.isra.0;bprm_execve;load_elf_binary;begin_new_exec;security_bprm_committed_creds
     0.42%     0.00%  c2d      [kernel.kallsyms]     [k] bprm_execve
0.21% bprm_execve;load_elf_binary;map_vdso_randomized;__get_random_u32_below;get_random_u32;_get_random_bytes;crng_make_state;crng_fast_key_erasure;chacha_block_generic;chacha_permute
0.15% bprm_execve;load_elf_binary;setup_arg_pages;shift_arg_pages;__vma_adjust
0.06% bprm_execve;load_elf_binary;begin_new_exec;security_bprm_committed_creds
     0.42%     0.00%  c2d      [kernel.kallsyms]     [k] load_elf_binary
0.21% load_elf_binary;map_vdso_randomized;__get_random_u32_below;get_random_u32;_get_random_bytes;crng_make_state;crng_fast_key_erasure;chacha_block_generic;chacha_permute
0.15% load_elf_binary;setup_arg_pages;shift_arg_pages;__vma_adjust
0.06% load_elf_binary;begin_new_exec;security_bprm_committed_creds
     0.42%     0.00%  c2d      c2d                   [.] load_hdtree_from_file
0.23% load_hdtree_from_file;dtree_skeleton2hdtree
0.19% load_hdtree_from_file;__isoc99_fscanf;0x7fecdab9f0e1
     0.38%     0.00%  c2d      libc.so.6             [.] read
0.28% read;entry_SYSCALL_64_after_hwframe;do_syscall_64;ksys_read;vfs_read;xfs_file_read_iter;xfs_file_buffered_read;filemap_read;filemap_get_pages;page_cache_ra_order;read_pages;iomap_readahead;submit_bio_noacct_nocheck;ktime_get
0.04% read;entry_SYSCALL_64_after_hwframe;do_syscall_64;ksys_read;vfs_read;xfs_file_read_iter;xfs_file_buffered_read;filemap_read;copy_page_to_iter;_copy_to_iter;copy_user_generic_string
0.03% read;entry_SYSCALL_64_after_hwframe;do_syscall_64;ksys_read;vfs_read;xfs_file_read_iter;xfs_file_buffered_read;filemap_read;copy_page_to_iter;_copy_to_iter
0.01% read;entry_SYSCALL_64_after_hwframe;do_syscall_64;ksys_read;vfs_read;xfs_file_read_iter;xfs_file_buffered_read;filemap_read;filemap_get_pages;folio_wait_bit_common;io_schedule;schedule;__schedule;finish_task_switch.isra.0;__perf_event_task_sched_in;__intel_pmu_enable_all.constprop.0;native_write_msr
     0.38%     0.00%  c2d      [kernel.kallsyms]     [k] ksys_read
0.28% ksys_read;vfs_read;xfs_file_read_iter;xfs_file_buffered_read;filemap_read;filemap_get_pages;page_cache_ra_order;read_pages;iomap_readahead;submit_bio_noacct_nocheck;ktime_get
0.04% ksys_read;vfs_read;xfs_file_read_iter;xfs_file_buffered_read;filemap_read;copy_page_to_iter;_copy_to_iter;copy_user_generic_string
0.03% ksys_read;vfs_read;xfs_file_read_iter;xfs_file_buffered_read;filemap_read;copy_page_to_iter;_copy_to_iter
0.01% ksys_read;vfs_read;xfs_file_read_iter;xfs_file_buffered_read;filemap_read;filemap_get_pages;folio_wait_bit_common;io_schedule;schedule;__schedule;finish_task_switch.isra.0;__perf_event_task_sched_in;__intel_pmu_enable_all.constprop.0;native_write_msr
     0.38%     0.00%  c2d      [kernel.kallsyms]     [k] vfs_read
0.28% vfs_read;xfs_file_read_iter;xfs_file_buffered_read;filemap_read;filemap_get_pages;page_cache_ra_order;read_pages;iomap_readahead;submit_bio_noacct_nocheck;ktime_get
0.04% vfs_read;xfs_file_read_iter;xfs_file_buffered_read;filemap_read;copy_page_to_iter;_copy_to_iter;copy_user_generic_string
0.03% vfs_read;xfs_file_read_iter;xfs_file_buffered_read;filemap_read;copy_page_to_iter;_copy_to_iter
0.01% vfs_read;xfs_file_read_iter;xfs_file_buffered_read;filemap_read;filemap_get_pages;folio_wait_bit_common;io_schedule;schedule;__schedule;finish_task_switch.isra.0;__perf_event_task_sched_in;__intel_pmu_enable_all.constprop.0;native_write_msr
     0.38%     0.00%  c2d      [xfs]                 [k] xfs_file_read_iter
0.28% xfs_file_read_iter;xfs_file_buffered_read;filemap_read;filemap_get_pages;page_cache_ra_order;read_pages;iomap_readahead;submit_bio_noacct_nocheck;ktime_get
0.04% xfs_file_read_iter;xfs_file_buffered_read;filemap_read;copy_page_to_iter;_copy_to_iter;copy_user_generic_string
0.03% xfs_file_read_iter;xfs_file_buffered_read;filemap_read;copy_page_to_iter;_copy_to_iter
0.01% xfs_file_read_iter;xfs_file_buffered_read;filemap_read;filemap_get_pages;folio_wait_bit_common;io_schedule;schedule;__schedule;finish_task_switch.isra.0;__perf_event_task_sched_in;__intel_pmu_enable_all.constprop.0;native_write_msr
     0.38%     0.00%  c2d      [xfs]                 [k] xfs_file_buffered_read
0.28% xfs_file_buffered_read;filemap_read;filemap_get_pages;page_cache_ra_order;read_pages;iomap_readahead;submit_bio_noacct_nocheck;ktime_get
0.04% xfs_file_buffered_read;filemap_read;copy_page_to_iter;_copy_to_iter;copy_user_generic_string
0.03% xfs_file_buffered_read;filemap_read;copy_page_to_iter;_copy_to_iter
0.01% xfs_file_buffered_read;filemap_read;filemap_get_pages;folio_wait_bit_common;io_schedule;schedule;__schedule;finish_task_switch.isra.0;__perf_event_task_sched_in;__intel_pmu_enable_all.constprop.0;native_write_msr
     0.38%     0.00%  c2d      [kernel.kallsyms]     [k] filemap_read
0.28% filemap_read;filemap_get_pages;page_cache_ra_order;read_pages;iomap_readahead;submit_bio_noacct_nocheck;ktime_get
0.04% filemap_read;copy_page_to_iter;_copy_to_iter;copy_user_generic_string
0.03% filemap_read;copy_page_to_iter;_copy_to_iter
0.01% filemap_read;filemap_get_pages;folio_wait_bit_common;io_schedule;schedule;__schedule;finish_task_switch.isra.0;__perf_event_task_sched_in;__intel_pmu_enable_all.constprop.0;native_write_msr
     0.30%     0.00%  c2d      [kernel.kallsyms]     [k] filemap_get_pages
0.28% filemap_get_pages;page_cache_ra_order;read_pages;iomap_readahead;submit_bio_noacct_nocheck;ktime_get
0.01% filemap_get_pages;folio_wait_bit_common;io_schedule;schedule;__schedule;finish_task_switch.isra.0;__perf_event_task_sched_in;__intel_pmu_enable_all.constprop.0;native_write_msr
     0.30%     0.00%  c2d      [kernel.kallsyms]     [k] sysvec_apic_timer_interrupt
0.30% sysvec_apic_timer_interrupt;__sysvec_apic_timer_interrupt;hrtimer_interrupt;__hrtimer_run_queues;tick_sched_timer;ktime_get
     0.30%     0.00%  c2d      [kernel.kallsyms]     [k] __sysvec_apic_timer_interrupt
0.30% __sysvec_apic_timer_interrupt;hrtimer_interrupt;__hrtimer_run_queues;tick_sched_timer;ktime_get
     0.30%     0.00%  c2d      [kernel.kallsyms]     [k] hrtimer_interrupt
0.30% hrtimer_interrupt;__hrtimer_run_queues;tick_sched_timer;ktime_get
     0.30%     0.00%  c2d      [kernel.kallsyms]     [k] __hrtimer_run_queues
0.30% __hrtimer_run_queues;tick_sched_timer;ktime_get
     0.30%     0.00%  c2d      [kernel.kallsyms]     [k] tick_sched_timer
0.30% tick_sched_timer;ktime_get
     0.30%     0.30%  c2d      [kernel.kallsyms]     [k] __irqentry_text_end
0.30% 0x7fecdab6724a;main;cnf2ddnnf_cmd_line;free_cache_manager;__irqentry_text_end
     0.30%     0.00%  c2d      libc.so.6             [.] __munmap
0.30% __munmap;entry_SYSCALL_64_after_hwframe;do_syscall_64;__x64_sys_munmap;__vm_munmap;do_mas_munmap
     0.30%     0.00%  c2d      [kernel.kallsyms]     [k] __x64_sys_munmap
0.30% __x64_sys_munmap;__vm_munmap;do_mas_munmap
     0.30%     0.00%  c2d      [kernel.kallsyms]     [k] __vm_munmap
0.30% __vm_munmap;do_mas_munmap
     0.30%     0.30%  c2d      [kernel.kallsyms]     [k] xas_start
0.30% 0x7fecdab7e55d;0x7fecdada3a28;asm_exc_page_fault;exc_page_fault;do_user_addr_fault;handle_mm_fault;__handle_mm_fault;do_fault;filemap_map_pages;xas_find;xas_load;xas_start
     0.30%     0.00%  c2d      libc.so.6             [.] 0x00007fecdab7e55d
0.30% 0x7fecdab7e55d;0x7fecdada3a28;asm_exc_page_fault;exc_page_fault;do_user_addr_fault;handle_mm_fault;__handle_mm_fault;do_fault;filemap_map_pages;xas_find;xas_load;xas_start
     0.30%     0.00%  c2d      libm.so.6             [.] 0x00007fecdada3a28
0.30% 0x7fecdada3a28;asm_exc_page_fault;exc_page_fault;do_user_addr_fault;handle_mm_fault;__handle_mm_fault;do_fault;filemap_map_pages;xas_find;xas_load;xas_start
     0.30%     0.00%  c2d      [kernel.kallsyms]     [k] xas_find
0.30% xas_find;xas_load;xas_start
     0.30%     0.00%  c2d      [kernel.kallsyms]     [k] xas_load
0.30% xas_load;xas_start
     0.30%     0.30%  c2d      libc.so.6             [.] 0x0000000000096255
0.30% 0x7fecdabd6257
     0.30%     0.00%  c2d      libc.so.6             [.] 0x00007fecdabd6257
0.30% 0x7fecdabd6257
     0.30%     0.30%  c2d      [kernel.kallsyms]     [k] _compound_head
0.30% entry_SYSCALL_64_after_hwframe;do_syscall_64;__x64_sys_exit_group;do_group_exit;do_exit;__mmput;exit_mmap;unmap_vmas;unmap_page_range;_compound_head
     0.28%     0.00%  c2d      [kernel.kallsyms]     [k] page_cache_ra_order
0.28% page_cache_ra_order;read_pages;iomap_readahead;submit_bio_noacct_nocheck;ktime_get
     0.28%     0.00%  c2d      [kernel.kallsyms]     [k] read_pages
0.28% read_pages;iomap_readahead;submit_bio_noacct_nocheck;ktime_get
     0.28%     0.00%  c2d      [kernel.kallsyms]     [k] iomap_readahead
0.28% iomap_readahead;submit_bio_noacct_nocheck;ktime_get
     0.28%     0.00%  c2d      [kernel.kallsyms]     [k] submit_bio_noacct_nocheck
0.28% submit_bio_noacct_nocheck;ktime_get
     0.28%     0.00%  c2d      [unknown]             [k] 0x4810c08348001696
0.28% 0x4810c08348001696;__cxxabiv1::__vmi_class_type_info::~__vmi_class_type_info;0x7fecdaf9d318;__cxxabiv1::__vmi_class_type_info::__do_dyncast;error_entry
     0.28%     0.00%  c2d      libstdc++.so.6.0.30   [.] __cxxabiv1::__vmi_class_type_info::~__vmi_class_type_info
0.28% __cxxabiv1::__vmi_class_type_info::~__vmi_class_type_info;0x7fecdaf9d318;__cxxabiv1::__vmi_class_type_info::__do_dyncast;error_entry
     0.28%     0.00%  c2d      [unknown]             [.] 0x00007fecdaf9d318
0.28% 0x7fecdaf9d318;__cxxabiv1::__vmi_class_type_info::__do_dyncast;error_entry
     0.28%     0.00%  c2d      libstdc++.so.6.0.30   [.] __cxxabiv1::__vmi_class_type_info::__do_dyncast
0.28% __cxxabiv1::__vmi_class_type_info::__do_dyncast;error_entry
     0.28%     0.28%  c2d      libc.so.6             [.] 0x000000000003ddd2
0.28% 0x1;0x7fecdab7ddd9
     0.28%     0.00%  c2d      [unknown]             [.] 0x0000000000000001
0.28% 0x1;0x7fecdab7ddd9
     0.28%     0.00%  c2d      libc.so.6             [.] 0x00007fecdab7ddd9
0.28% 0x7fecdab7ddd9
     0.28%     0.28%  c2d      [kernel.kallsyms]     [k] mas_alloc_nodes
0.28% 0x7fecdb0c5a58;0x7fecdb0c522f;0x7fecdb0c8c99;0x7fecdb0cbb47;entry_SYSCALL_64_after_hwframe;do_syscall_64;__x64_sys_mprotect;do_mprotect_pkey;mprotect_fixup;__split_vma;__vma_adjust;mas_preallocate;mas_alloc_nodes
     0.28%     0.00%  c2d      ld-linux-x86-64.so.2  [.] 0x00007fecdb0cbb47
0.28% 0x7fecdb0cbb47;entry_SYSCALL_64_after_hwframe;do_syscall_64;__x64_sys_mprotect;do_mprotect_pkey;mprotect_fixup;__split_vma;__vma_adjust;mas_preallocate;mas_alloc_nodes
     0.28%     0.00%  c2d      [kernel.kallsyms]     [k] __x64_sys_mprotect
0.28% __x64_sys_mprotect;do_mprotect_pkey;mprotect_fixup;__split_vma;__vma_adjust;mas_preallocate;mas_alloc_nodes
     0.28%     0.00%  c2d      [kernel.kallsyms]     [k] do_mprotect_pkey
0.28% do_mprotect_pkey;mprotect_fixup;__split_vma;__vma_adjust;mas_preallocate;mas_alloc_nodes
     0.28%     0.00%  c2d      [kernel.kallsyms]     [k] mprotect_fixup
0.28% mprotect_fixup;__split_vma;__vma_adjust;mas_preallocate;mas_alloc_nodes
     0.28%     0.00%  c2d      [kernel.kallsyms]     [k] __split_vma
0.28% __split_vma;__vma_adjust;mas_preallocate;mas_alloc_nodes
     0.28%     0.00%  c2d      [kernel.kallsyms]     [k] mas_preallocate
0.28% mas_preallocate;mas_alloc_nodes
     0.28%     0.28%  c2d      ld-linux-x86-64.so.2  [.] 0x0000000000009947
0.28% 0x135b40;0x7fecdae7a758;0x7fecdb0b494a
     0.28%     0.00%  c2d      [unknown]             [.] 0x0000000000135b40
0.28% 0x135b40;0x7fecdae7a758;0x7fecdb0b494a
     0.28%     0.00%  c2d      [unknown]             [.] 0x00007fecdae7a758
0.28% 0x7fecdae7a758;0x7fecdb0b494a
     0.28%     0.00%  c2d      ld-linux-x86-64.so.2  [.] 0x00007fecdb0b494a
0.28% 0x7fecdb0b494a
     0.27%     0.27%  c2d      [kernel.kallsyms]     [k] mt_find
0.27% 0x7fecdab6724a;main;cnf2ddnnf_cmd_line;free_cache_manager;asm_exc_page_fault;exc_page_fault;do_user_addr_fault;lock_mm_and_find_vma;find_vma;mt_find
     0.27%     0.00%  c2d      [kernel.kallsyms]     [k] find_vma
0.27% find_vma;mt_find
     0.27%     0.27%  c2d      ld-linux-x86-64.so.2  [.] 0x0000000000008d97
0.27% 0x7fecdb0b3d9b
     0.27%     0.00%  c2d      ld-linux-x86-64.so.2  [.] 0x00007fecdb0b3d9b
0.27% 0x7fecdb0b3d9b
     0.27%     0.00%  c2d      [unknown]             [k] 0x0000000000000124
0.27% 0x124;0x7fecc3ef5cd8;0x2;get_and_node;error_entry
     0.27%     0.00%  c2d      [unknown]             [k] 0x00007fecc3ef5cd8
0.27% 0x7fecc3ef5cd8;0x2;get_and_node;error_entry
     0.27%     0.00%  c2d      [unknown]             [k] 0x0000000000000002
0.27% 0x2;get_and_node;error_entry
     0.27%     0.27%  c2d      ld-linux-x86-64.so.2  [.] 0x0000000000009a32
0.27% 0x7fecdb0de8a8;0x7fecdb0a9170;0x6;0;0x7fecdb0b4a33
     0.27%     0.00%  c2d      [unknown]             [.] 0x00007fecdb0a9170
0.27% 0x7fecdb0a9170;0x6;0;0x7fecdb0b4a33
     0.27%     0.00%  c2d      [unknown]             [.] 0x0000000000000006
0.27% 0x6;0;0x7fecdb0b4a33
     0.27%     0.00%  c2d      ld-linux-x86-64.so.2  [.] 0x00007fecdb0b4a33
0.27% 0x7fecdb0b4a33
     0.27%     0.00%  c2d      c2d                   [.] conjoin_relevant_lits
0.27% conjoin_relevant_lits;get_and_node;asm_exc_page_fault;exc_page_fault;do_user_addr_fault;handle_mm_fault;__handle_mm_fault;wp_page_copy;vma_alloc_folio;__folio_alloc;__alloc_pages;get_page_from_freelist;clear_page_rep
     0.26%     0.00%  c2d      ld-linux-x86-64.so.2  [.] 0x00007fecdb0b8cc7
0.26% 0x7fecdb0b8cc7;asm_exc_page_fault;exc_page_fault;do_user_addr_fault;handle_mm_fault;__handle_mm_fault;wp_page_copy;vma_alloc_folio;__folio_alloc;__alloc_pages;get_page_from_freelist;clear_page_rep
     0.26%     0.26%  c2d      ld-linux-x86-64.so.2  [.] 0x000000000000dd57
0.26% 0x7fecdb0bce08;asm_exc_page_fault
     0.26%     0.00%  c2d      ld-linux-x86-64.so.2  [.] 0x00007fecdb0bce08
0.26% 0x7fecdb0bce08;asm_exc_page_fault
     0.25%     0.25%  c2d      [kernel.kallsyms]     [k] native_set_pte
0.25% 0x7fecdab6724a;main;cnf2ddnnf_cmd_line;compile_cnf;compile_dt;compile_decomposed;lookup_or_compile_dt;compile_decomposed;lookup_or_compile_dt;compile_decomposed;lookup_or_compile_dt;compile_dt;compile_dt;compile_decomposed;lookup_or_compile_dt;compile_dt;compile_dt;compile_decomposed;lookup_or_compile_dt;compile_decomposed;lookup_or_compile_dt;compile_decomposed;lookup_or_compile_dt;compile_decomposed;lookup_or_compile_dt;compile_decomposed;lookup_or_compile_dt;compile_decomposed;lookup_or_compile_dt;compile_decomposed;lookup_or_compile_dt;compile_decomposed;lookup_or_compile_dt;compile_dt;compile_dt;compile_decomposed;conjoin_nnfs_lits;get_and_node;asm_exc_page_fault;exc_page_fault;do_user_addr_fault;handle_mm_fault;__handle_mm_fault;do_huge_pmd_wp_page;__split_huge_pmd;native_set_pte
     0.25%     0.00%  c2d      [kernel.kallsyms]     [k] do_huge_pmd_wp_page
0.25% do_huge_pmd_wp_page;__split_huge_pmd;native_set_pte
     0.25%     0.00%  c2d      [kernel.kallsyms]     [k] __split_huge_pmd
0.25% __split_huge_pmd;native_set_pte
     0.25%     0.25%  c2d      [kernel.kallsyms]     [k] kmem_cache_free
0.25% 0x7fecdb0de8a8;0x7fecdb0b3075;0x7fecdb0cbae3;entry_SYSCALL_64_after_hwframe;do_syscall_64;ksys_mmap_pgoff;vm_mmap_pgoff;do_mmap;mmap_region;do_mas_munmap;do_mas_align_munmap;mas_store_prealloc;mas_destroy;kmem_cache_free
     0.25%     0.00%  c2d      ld-linux-x86-64.so.2  [.] 0x00007fecdb0cbae3
0.25% 0x7fecdb0cbae3;entry_SYSCALL_64_after_hwframe;do_syscall_64;ksys_mmap_pgoff;vm_mmap_pgoff;do_mmap;mmap_region;do_mas_munmap;do_mas_align_munmap;mas_store_prealloc;mas_destroy;kmem_cache_free
     0.25%     0.00%  c2d      [kernel.kallsyms]     [k] ksys_mmap_pgoff
0.25% ksys_mmap_pgoff;vm_mmap_pgoff;do_mmap;mmap_region;do_mas_munmap;do_mas_align_munmap;mas_store_prealloc;mas_destroy;kmem_cache_free
     0.25%     0.00%  c2d      [kernel.kallsyms]     [k] vm_mmap_pgoff
0.25% vm_mmap_pgoff;do_mmap;mmap_region;do_mas_munmap;do_mas_align_munmap;mas_store_prealloc;mas_destroy;kmem_cache_free
     0.25%     0.00%  c2d      [kernel.kallsyms]     [k] do_mmap
0.25% do_mmap;mmap_region;do_mas_munmap;do_mas_align_munmap;mas_store_prealloc;mas_destroy;kmem_cache_free
     0.25%     0.00%  c2d      [kernel.kallsyms]     [k] mmap_region
0.25% mmap_region;do_mas_munmap;do_mas_align_munmap;mas_store_prealloc;mas_destroy;kmem_cache_free
     0.25%     0.00%  c2d      [kernel.kallsyms]     [k] do_mas_align_munmap
0.25% do_mas_align_munmap;mas_store_prealloc;mas_destroy;kmem_cache_free
     0.25%     0.00%  c2d      [kernel.kallsyms]     [k] mas_store_prealloc
0.25% mas_store_prealloc;mas_destroy;kmem_cache_free
     0.25%     0.00%  c2d      [kernel.kallsyms]     [k] mas_destroy
0.25% mas_destroy;kmem_cache_free
     0.25%     0.25%  c2d      [kernel.kallsyms]     [k] __list_del_entry_valid
0.25% 0;0x7fecdabd80d9;asm_exc_page_fault;exc_page_fault;do_user_addr_fault;handle_mm_fault;__handle_mm_fault;vma_alloc_folio;__folio_alloc;__alloc_pages;get_page_from_freelist;__list_del_entry_valid
     0.25%     0.25%  c2d      c2d                   [.] load_dtree_skeleton_from_file
0.25% 0x7fecdab6724a;main;cnf2ddnnf_cmd_line;load_dtree_skeleton_from_file
     0.25%     0.25%  c2d      [kernel.kallsyms]     [k] next_uptodate_page
0.25% 0x7fecdb0de8a8;0x7fecdb0b3075;0x7fecdb0b1da9;asm_exc_page_fault;exc_page_fault;do_user_addr_fault;handle_mm_fault;__handle_mm_fault;do_fault;filemap_map_pages;next_uptodate_page
     0.25%     0.00%  c2d      ld-linux-x86-64.so.2  [.] 0x00007fecdb0b1da9
0.25% 0x7fecdb0b1da9;asm_exc_page_fault;exc_page_fault;do_user_addr_fault;handle_mm_fault;__handle_mm_fault;do_fault;filemap_map_pages;next_uptodate_page
     0.24%     0.24%  c2d      libc.so.6             [.] 0x000000000009610e
0.24% 0x7fecdabd6113
     0.24%     0.00%  c2d      libc.so.6             [.] 0x00007fecdabd6113
0.24% 0x7fecdabd6113
     0.24%     0.24%  c2d      [xfs]                 [k] xfs_buffered_write_iomap_begin
0.24% 0x656572746420676e;write;entry_SYSCALL_64_after_hwframe;do_syscall_64;ksys_write;vfs_write;xfs_file_buffered_write;iomap_file_buffered_write;iomap_iter;xfs_buffered_write_iomap_begin
     0.24%     0.00%  c2d      [unknown]             [k] 0x656572746420676e
0.24% 0x656572746420676e;write;entry_SYSCALL_64_after_hwframe;do_syscall_64;ksys_write;vfs_write;xfs_file_buffered_write;iomap_file_buffered_write;iomap_iter;xfs_buffered_write_iomap_begin
     0.24%     0.00%  c2d      libc.so.6             [.] write
0.24% write;entry_SYSCALL_64_after_hwframe;do_syscall_64;ksys_write;vfs_write;xfs_file_buffered_write;iomap_file_buffered_write;iomap_iter;xfs_buffered_write_iomap_begin
     0.24%     0.00%  c2d      [kernel.kallsyms]     [k] ksys_write
0.24% ksys_write;vfs_write;xfs_file_buffered_write;iomap_file_buffered_write;iomap_iter;xfs_buffered_write_iomap_begin
     0.24%     0.00%  c2d      [kernel.kallsyms]     [k] vfs_write
0.24% vfs_write;xfs_file_buffered_write;iomap_file_buffered_write;iomap_iter;xfs_buffered_write_iomap_begin
     0.24%     0.00%  c2d      [xfs]                 [k] xfs_file_buffered_write
0.24% xfs_file_buffered_write;iomap_file_buffered_write;iomap_iter;xfs_buffered_write_iomap_begin
     0.24%     0.00%  c2d      [kernel.kallsyms]     [k] iomap_file_buffered_write
0.24% iomap_file_buffered_write;iomap_iter;xfs_buffered_write_iomap_begin
     0.24%     0.00%  c2d      [kernel.kallsyms]     [k] iomap_iter
0.24% iomap_iter;xfs_buffered_write_iomap_begin
     0.24%     0.24%  c2d      c2d                   [.] free_hdtree
0.24% 0x7fecdab6724a;main;cnf2ddnnf_cmd_line;free_hdtree;free_hdtree;free_hdtree;free_hdtree;free_hdtree;free_hdtree;free_hdtree;free_hdtree;free_hdtree;free_hdtree;free_hdtree;free_hdtree;free_hdtree;free_hdtree;free_hdtree;free_hdtree
     0.24%     0.24%  c2d      [kernel.kallsyms]     [k] memcpy
0.24% 0x7fecdb0c5a58;0x7fecdb0c522f;0x7fecdb0c88b4;asm_exc_page_fault;exc_page_fault;do_user_addr_fault;handle_mm_fault;__handle_mm_fault;wp_page_copy;copy_mc_to_kernel;memcpy
     0.24%     0.00%  c2d      ld-linux-x86-64.so.2  [.] 0x00007fecdb0c88b4
0.24% 0x7fecdb0c88b4;asm_exc_page_fault;exc_page_fault;do_user_addr_fault;handle_mm_fault;__handle_mm_fault;wp_page_copy;copy_mc_to_kernel;memcpy
     0.24%     0.00%  c2d      [kernel.kallsyms]     [k] copy_mc_to_kernel
0.24% copy_mc_to_kernel;memcpy
     0.24%     0.24%  c2d      libc.so.6             [.] 0x00000000000519e0
0.24% 0x7fecdab919e2
     0.24%     0.00%  c2d      libc.so.6             [.] 0x00007fecdab919e2
0.24% 0x7fecdab919e2
     0.23%     0.23%  c2d      c2d                   [.] dtree_skeleton2hdtree
0.23% 0x7fecdab6724a;main;cnf2ddnnf_cmd_line;load_hdtree_from_file;dtree_skeleton2hdtree
     0.21%     0.21%  c2d      [kernel.kallsyms]     [k] chacha_permute
0.21% 0x7f504bef3a97;entry_SYSCALL_64_after_hwframe;do_syscall_64;__x64_sys_execve;do_execveat_common.isra.0;bprm_execve;load_elf_binary;map_vdso_randomized;__get_random_u32_below;get_random_u32;_get_random_bytes;crng_make_state;crng_fast_key_erasure;chacha_block_generic;chacha_permute
     0.21%     0.00%  c2d      [kernel.kallsyms]     [k] map_vdso_randomized
0.21% map_vdso_randomized;__get_random_u32_below;get_random_u32;_get_random_bytes;crng_make_state;crng_fast_key_erasure;chacha_block_generic;chacha_permute
     0.21%     0.00%  c2d      [kernel.kallsyms]     [k] __get_random_u32_below
0.21% __get_random_u32_below;get_random_u32;_get_random_bytes;crng_make_state;crng_fast_key_erasure;chacha_block_generic;chacha_permute
     0.21%     0.00%  c2d      [kernel.kallsyms]     [k] get_random_u32
0.21% get_random_u32;_get_random_bytes;crng_make_state;crng_fast_key_erasure;chacha_block_generic;chacha_permute
     0.21%     0.00%  c2d      [kernel.kallsyms]     [k] _get_random_bytes
0.21% _get_random_bytes;crng_make_state;crng_fast_key_erasure;chacha_block_generic;chacha_permute
     0.21%     0.00%  c2d      [kernel.kallsyms]     [k] crng_make_state
0.21% crng_make_state;crng_fast_key_erasure;chacha_block_generic;chacha_permute
     0.21%     0.00%  c2d      [kernel.kallsyms]     [k] crng_fast_key_erasure
0.21% crng_fast_key_erasure;chacha_block_generic;chacha_permute
     0.21%     0.00%  c2d      [kernel.kallsyms]     [k] chacha_block_generic
0.21% chacha_block_generic;chacha_permute
     0.20%     0.20%  c2d      c2d                   [.] get_cnf_from_file
0.20% 0x7fecdab6724a;main;get_cnf_from_file
     0.19%     0.19%  c2d      libc.so.6             [.] 0x000000000005f0de
0.19% 0x7fecdab6724a;main;cnf2ddnnf_cmd_line;load_hdtree_from_file;__isoc99_fscanf;0x7fecdab9f0e1
     0.19%     0.00%  c2d      libc.so.6             [.] __isoc99_fscanf
0.19% __isoc99_fscanf;0x7fecdab9f0e1
     0.19%     0.00%  c2d      libc.so.6             [.] 0x00007fecdab9f0e1
0.19% 0x7fecdab9f0e1
     0.15%     0.00%  c2d      [kernel.kallsyms]     [k] setup_arg_pages
0.15% setup_arg_pages;shift_arg_pages;__vma_adjust
     0.15%     0.00%  c2d      [kernel.kallsyms]     [k] shift_arg_pages
0.15% shift_arg_pages;__vma_adjust
     0.11%     0.11%  c2d      ld-linux-x86-64.so.2  [.] 0x0000000000008dd6
0.11% 0x7fecdb0b3dda
     0.11%     0.00%  c2d      ld-linux-x86-64.so.2  [.] 0x00007fecdb0b3dda
0.11% 0x7fecdb0b3dda
     0.07%     0.03%  c2d      [kernel.kallsyms]     [k] _copy_to_iter
0.04% _copy_to_iter;copy_user_generic_string
0.03% 0;read;entry_SYSCALL_64_after_hwframe;do_syscall_64;ksys_read;vfs_read;xfs_file_read_iter;xfs_file_buffered_read;filemap_read;copy_page_to_iter;_copy_to_iter
     0.07%     0.00%  c2d      [kernel.kallsyms]     [k] copy_page_to_iter
0.04% copy_page_to_iter;_copy_to_iter;copy_user_generic_string
0.03% copy_page_to_iter;_copy_to_iter
     0.06%     0.06%  c2d      [kernel.kallsyms]     [k] security_bprm_committed_creds
0.06% 0x7f504bef3a97;entry_SYSCALL_64_after_hwframe;do_syscall_64;__x64_sys_execve;do_execveat_common.isra.0;bprm_execve;load_elf_binary;begin_new_exec;security_bprm_committed_creds
     0.06%     0.00%  c2d      [kernel.kallsyms]     [k] begin_new_exec
0.06% begin_new_exec;security_bprm_committed_creds
     0.04%     0.04%  c2d      [kernel.kallsyms]     [k] copy_user_generic_string
0.04% 0;read;entry_SYSCALL_64_after_hwframe;do_syscall_64;ksys_read;vfs_read;xfs_file_read_iter;xfs_file_buffered_read;filemap_read;copy_page_to_iter;_copy_to_iter;copy_user_generic_string
     0.02%     0.01%  c2d      [kernel.kallsyms]     [k] io_schedule
0.01% io_schedule;schedule;__schedule;finish_task_switch.isra.0;__perf_event_task_sched_in;__intel_pmu_enable_all.constprop.0;native_write_msr
     0.02%     0.00%  c2d      [kernel.kallsyms]     [k] folio_wait_bit_common
0.01% folio_wait_bit_common;io_schedule;schedule;__schedule;finish_task_switch.isra.0;__perf_event_task_sched_in;__intel_pmu_enable_all.constprop.0;native_write_msr
     0.02%     0.00%  perf-ex  [unknown]             [k] 0x00007f504bef3a97
0.01% 0x7f504bef3a97;entry_SYSCALL_64_after_hwframe;do_syscall_64;__x64_sys_execve;do_execveat_common.isra.0;bprm_execve;load_elf_binary;begin_new_exec;perf_event_exec;_raw_spin_unlock_irqrestore
     0.02%     0.00%  perf-ex  [kernel.kallsyms]     [k] entry_SYSCALL_64_after_hwframe
0.01% entry_SYSCALL_64_after_hwframe;do_syscall_64;__x64_sys_execve;do_execveat_common.isra.0;bprm_execve;load_elf_binary;begin_new_exec;perf_event_exec;_raw_spin_unlock_irqrestore
     0.02%     0.00%  perf-ex  [kernel.kallsyms]     [k] do_syscall_64
0.01% do_syscall_64;__x64_sys_execve;do_execveat_common.isra.0;bprm_execve;load_elf_binary;begin_new_exec;perf_event_exec;_raw_spin_unlock_irqrestore
     0.02%     0.00%  perf-ex  [kernel.kallsyms]     [k] __x64_sys_execve
0.01% __x64_sys_execve;do_execveat_common.isra.0;bprm_execve;load_elf_binary;begin_new_exec;perf_event_exec;_raw_spin_unlock_irqrestore
     0.02%     0.00%  perf-ex  [kernel.kallsyms]     [k] do_execveat_common.isra.0
0.01% do_execveat_common.isra.0;bprm_execve;load_elf_binary;begin_new_exec;perf_event_exec;_raw_spin_unlock_irqrestore
     0.02%     0.00%  perf-ex  [kernel.kallsyms]     [k] bprm_execve
0.01% bprm_execve;load_elf_binary;begin_new_exec;perf_event_exec;_raw_spin_unlock_irqrestore
     0.02%     0.00%  perf-ex  [kernel.kallsyms]     [k] load_elf_binary
0.01% load_elf_binary;begin_new_exec;perf_event_exec;_raw_spin_unlock_irqrestore
     0.02%     0.00%  perf-ex  [kernel.kallsyms]     [k] begin_new_exec
0.01% begin_new_exec;perf_event_exec;_raw_spin_unlock_irqrestore
     0.02%     0.00%  perf-ex  [kernel.kallsyms]     [k] perf_event_exec
0.01% perf_event_exec;_raw_spin_unlock_irqrestore
     0.01%     0.01%  perf-ex  [kernel.kallsyms]     [k] _raw_spin_unlock_irqrestore
0.01% 0x7f504bef3a97;entry_SYSCALL_64_after_hwframe;do_syscall_64;__x64_sys_execve;do_execveat_common.isra.0;bprm_execve;load_elf_binary;begin_new_exec;perf_event_exec;_raw_spin_unlock_irqrestore
     0.01%     0.00%  c2d      [kernel.kallsyms]     [k] native_write_msr
0.01% native_write_msr
     0.01%     0.00%  c2d      [kernel.kallsyms]     [k] schedule
0.01% schedule;__schedule;finish_task_switch.isra.0;__perf_event_task_sched_in;__intel_pmu_enable_all.constprop.0;native_write_msr
     0.01%     0.00%  c2d      [kernel.kallsyms]     [k] __schedule
0.01% __schedule;finish_task_switch.isra.0;__perf_event_task_sched_in;__intel_pmu_enable_all.constprop.0;native_write_msr
     0.01%     0.00%  c2d      [kernel.kallsyms]     [k] finish_task_switch.isra.0
0.01% finish_task_switch.isra.0;__perf_event_task_sched_in;__intel_pmu_enable_all.constprop.0;native_write_msr
     0.01%     0.00%  c2d      [kernel.kallsyms]     [k] __perf_event_task_sched_in
0.01% __perf_event_task_sched_in;__intel_pmu_enable_all.constprop.0;native_write_msr
     0.01%     0.00%  c2d      [kernel.kallsyms]     [k] __intel_pmu_enable_all.constprop.0
0.01% __intel_pmu_enable_all.constprop.0;native_write_msr
     0.01%     0.01%  c2d      [kernel.kallsyms]     [k] native_flush_tlb_one_user
0.01% 0;read;entry_SYSCALL_64_after_hwframe;do_syscall_64;ksys_read;vfs_read;xfs_file_read_iter;xfs_file_buffered_read;filemap_read;filemap_get_pages;folio_wait_bit_common;io_schedule;schedule;__schedule;finish_task_switch.isra.0;__perf_event_task_sched_in;__intel_pmu_enable_all.constprop.0;native_write_msr
     0.00%     0.00%  perf-ex  [kernel.kallsyms]     [k] native_write_msr
     0.00%     0.00%  perf-ex  [kernel.kallsyms]     [k] __intel_pmu_enable_all.constprop.0
     0.00%     0.00%  perf-ex  [kernel.kallsyms]     [k] memcpy_fromio
     0.00%     0.00%  c2d      [kernel.kallsyms]     [k] native_set_fixmap
     0.00%     0.00%  c2d      [kernel.kallsyms]     [k] nmi_handle
     0.00%     0.00%  perf-ex  [kernel.kallsyms]     [k] nmi_cpu_backtrace_handler


#
# (Tip: Customize output of perf script with: perf script -F event,ip,sym)
#
