# To display the perf.data header info, please use --header/--header-only options.
#
#
# Total Lost Samples: 0
#
# Samples: 355  of event 'cycles'
# Event count (approx.): 247304660
#
# Children      Self  Command  Shared Object         Symbol                                
# ........  ........  .......  ....................  ......................................
#
    92.64%     0.00%  c2d      libc.so.6             [.] 0x00007efe86c2624a
87.49% 0x7efe86c2624a;main;cnf2ddnnf_cmd_line;free_cache_manager
0.31% 0x7efe86c2624a;main;cnf2ddnnf_cmd_line;compile_cnf;compile_dt;compile_decomposed;lookup_or_compile_dt;compile_decomposed;lookup_or_compile_dt;compile_decomposed;lookup_or_compile_dt;compile_decomposed;lookup_or_compile_dt;compile_dt;compile_dt;compile_decomposed;lookup_or_compile_dt;compile_dt;compile_dt;compile_dt;compile_decomposed;lookup_or_compile_dt;compile_decomposed;lookup_or_compile_dt;compile_decomposed;lookup_or_compile_dt;compile_decomposed;lookup_or_compile_dt;compile_decomposed;lookup_or_compile_dt;compile_dt;compile_dt;compile_decomposed;lookup_or_compile_dt;compile_dt;compile_dt;compile_decomposed;lookup_or_compile_dt;compile_decomposed;lookup_or_compile_dt;compile_decomposed;lookup_or_compile_dt;compile_dt;compile_dt;compile_decomposed;lookup_or_compile_dt;compile_decomposed;lookup_or_compile_dt;compile_decomposed;lookup_or_compile_dt;compile_decomposed;lookup_or_compile_dt;compile_decomposed;lookup_or_compile_dt;compile_dt;select_separator;update_separator_score;std::log2<unsigned long>
0.31% 0x7efe86c2624a;main;cnf2ddnnf_cmd_line;compile_cnf;compile_dt;compile_decomposed;lookup_or_compile_dt;compile_decomposed;lookup_or_compile_dt;compile_decomposed;lookup_or_compile_dt;compile_decomposed;lookup_or_compile_dt;compile_dt;compile_dt;compile_decomposed;lookup_or_compile_dt;compile_dt;compile_dt;compile_dt;compile_decomposed;lookup_or_compile_dt;compile_decomposed;lookup_or_compile_dt;compile_decomposed;lookup_or_compile_dt;compile_decomposed;lookup_or_compile_dt;compile_decomposed;lookup_or_compile_dt;compile_dt;compile_dt;compile_decomposed;lookup_or_compile_dt;compile_dt;compile_dt;compile_decomposed;lookup_or_compile_dt;compile_decomposed;lookup_or_compile_dt;insert_cnf_cache;add_cache_entry;asm_exc_page_fault;exc_page_fault;do_user_addr_fault;handle_mm_fault;__handle_mm_fault;wp_page_copy;vma_alloc_folio;__folio_alloc;__alloc_pages;get_page_from_freelist;clear_page_rep
0.29% 0x7efe86c2624a;main;cnf2ddnnf_cmd_line;free_cache_manager;asm_exc_page_fault;exc_page_fault;do_user_addr_fault;handle_mm_fault;__handle_mm_fault;hugepage_vma_check
0.29% 0x7efe86c2624a;main;cnf2ddnnf_cmd_line;free_cache_manager;asm_exc_page_fault;exc_page_fault;do_user_addr_fault;handle_mm_fault;__handle_mm_fault;do_huge_pmd_anonymous_page;khugepaged_enter_vma
0.29% 0x7efe86c2624a;main;cnf2ddnnf_cmd_line;free_cache_manager;asm_exc_page_fault
0.29% 0x7efe86c2624a;main;cnf2ddnnf_cmd_line;free_cache_manager;asm_exc_page_fault;exc_page_fault;do_user_addr_fault;lock_mm_and_find_vma;find_vma;mt_find
0.29% 0x7efe86c2624a;main;cnf2ddnnf_cmd_line;free_cache_manager;asm_exc_page_fault;exc_page_fault;do_user_addr_fault;handle_mm_fault;__handle_mm_fault;_raw_spin_lock
0.29% 0x7efe86c2624a;main;cnf2ddnnf_cmd_line;free_cache_manager;asm_exc_page_fault;exc_page_fault;do_user_addr_fault;handle_mm_fault;__handle_mm_fault;do_huge_pmd_anonymous_page
0.29% 0x7efe86c2624a;main;cnf2ddnnf_cmd_line;free_cache_manager;asm_exc_page_fault;exc_page_fault;do_user_addr_fault;handle_mm_fault;__handle_mm_fault
0.28% 0x7efe86c2624a;main;cnf2ddnnf_cmd_line;compile_cnf;compile_dt;compile_decomposed;lookup_or_compile_dt;compile_decomposed;lookup_or_compile_dt;compile_decomposed;lookup_or_compile_dt;compile_decomposed;lookup_or_compile_dt;compile_dt;compile_dt;compile_decomposed;lookup_or_compile_dt;compile_dt;compile_dt;compile_decomposed;lookup_or_compile_dt;compile_dt;compile_dt;compile_decomposed;lookup_or_compile_dt;compile_decomposed;lookup_or_compile_dt;compile_decomposed;lookup_or_compile_dt;compile_decomposed;lookup_or_compile_dt;get_cnf_key;apply_to_vars;pack_var_2bits;update_relevance_bit
0.28% 0x7efe86c2624a;main;cnf2ddnnf_cmd_line;compile_cnf;compile_dt;compile_decomposed;lookup_or_compile_dt;compile_decomposed;lookup_or_compile_dt;compile_decomposed;lookup_or_compile_dt;compile_decomposed;lookup_or_compile_dt;compile_dt;compile_dt;compile_decomposed;lookup_or_compile_dt;compile_dt;compile_dt;compile_decomposed;lookup_or_compile_dt;compile_decomposed;lookup_or_compile_dt;compile_decomposed;lookup_or_compile_dt;compile_decomposed;lookup_or_compile_dt;compile_decomposed;lookup_or_compile_dt;compile_decomposed;lookup_or_compile_dt;compile_decomposed;lookup_or_compile_dt;compile_decomposed;lookup_or_compile_dt;compile_decomposed;lookup_or_compile_dt;compile_decomposed;lookup_or_compile_dt;compile_dt;compile_dt;compile_decomposed;conjoin_nnfs_lits;conjoin_relevant_lits;literal2nnf_node
0.28% 0x7efe86c2624a;main;cnf2ddnnf_cmd_line;compile_cnf;compile_dt;compile_decomposed;lookup_or_compile_dt;compile_decomposed;lookup_or_compile_dt;compile_decomposed;lookup_or_compile_dt;compile_decomposed;lookup_or_compile_dt;compile_dt;compile_dt;compile_decomposed;lookup_or_compile_dt;compile_dt;compile_dt;compile_decomposed;lookup_or_compile_dt;compile_decomposed;lookup_or_compile_dt;compile_decomposed;lookup_or_compile_dt;compile_decomposed;lookup_or_compile_dt;compile_decomposed;lookup_or_compile_dt;compile_decomposed;lookup_or_compile_dt;compile_decomposed;lookup_or_compile_dt;compile_decomposed;lookup_or_compile_dt;compile_decomposed;lookup_or_compile_dt;compile_decomposed;lookup_or_compile_dt;compile_decomposed;lookup_or_compile_dt;compile_decomposed;lookup_or_compile_dt;compile_decomposed;lookup_or_compile_dt;compile_decomposed;lookup_or_compile_dt;compile_dt;compile_dt;compile_decomposed;conjoin_nnfs_lits;get_and_node;asm_exc_page_fault;exc_page_fault;do_user_addr_fault;handle_mm_fault;__handle_mm_fault;wp_page_copy
0.28% 0x7efe86c2624a;main;cnf2ddnnf_cmd_line;compile_cnf;compile_dt;compile_decomposed;lookup_or_compile_dt;compile_decomposed;lookup_or_compile_dt;compile_decomposed;lookup_or_compile_dt;compile_decomposed;lookup_or_compile_dt;compile_decomposed;conjoin_nnfs_lits;get_and_node;__irqentry_text_end
0.28% 0x7efe86c2624a;main;clock_gettime;__vdso_clock_gettime;entry_SYSCALL_64_after_hwframe;do_syscall_64;x64_sys_call
0.27% 0x7efe86c2624a;main;cnf2ddnnf_cmd_line;construct_dtree_manager;hdtree2dtree;hdtree2dtree;hdtree2dtree;hdtree2dtree;hdtree2dtree;hdtree2dtree;hdtree2dtree;hdtree2dtree;hdtree2dtree
0.27% 0x7efe86c2624a;main;cnf2ddnnf_cmd_line;load_hdtree_from_file;__isoc99_fscanf;0x7efe86c5e26b
0.27% 0x7efe86c2624a;main;cnf2ddnnf_cmd_line;construct_cnf_manager;construct_cnf_clauses;initialize_clause
0.27% 0x7efe86c2624a;main;cnf2ddnnf_cmd_line;cnf2hgr;compute_clause_size
    92.64%     0.00%  c2d      c2d                   [.] main
87.49% main;cnf2ddnnf_cmd_line;free_cache_manager
0.31% main;cnf2ddnnf_cmd_line;compile_cnf;compile_dt;compile_decomposed;lookup_or_compile_dt;compile_decomposed;lookup_or_compile_dt;compile_decomposed;lookup_or_compile_dt;compile_decomposed;lookup_or_compile_dt;compile_dt;compile_dt;compile_decomposed;lookup_or_compile_dt;compile_dt;compile_dt;compile_dt;compile_decomposed;lookup_or_compile_dt;compile_decomposed;lookup_or_compile_dt;compile_decomposed;lookup_or_compile_dt;compile_decomposed;lookup_or_compile_dt;compile_decomposed;lookup_or_compile_dt;compile_dt;compile_dt;compile_decomposed;lookup_or_compile_dt;compile_dt;compile_dt;compile_decomposed;lookup_or_compile_dt;compile_decomposed;lookup_or_compile_dt;compile_decomposed;lookup_or_compile_dt;compile_dt;compile_dt;compile_decomposed;lookup_or_compile_dt;compile_decomposed;lookup_or_compile_dt;compile_decomposed;lookup_or_compile_dt;compile_decomposed;lookup_or_compile_dt;compile_decomposed;lookup_or_compile_dt;compile_dt;select_separator;update_separator_score;std::log2<unsigned long>
0.31% main;cnf2ddnnf_cmd_line;compile_cnf;compile_dt;compile_decomposed;lookup_or_compile_dt;compile_decomposed;lookup_or_compile_dt;compile_decomposed;lookup_or_compile_dt;compile_decomposed;lookup_or_compile_dt;compile_dt;compile_dt;compile_decomposed;lookup_or_compile_dt;compile_dt;compile_dt;compile_dt;compile_decomposed;lookup_or_compile_dt;compile_decomposed;lookup_or_compile_dt;compile_decomposed;lookup_or_compile_dt;compile_decomposed;lookup_or_compile_dt;compile_decomposed;lookup_or_compile_dt;compile_dt;compile_dt;compile_decomposed;lookup_or_compile_dt;compile_dt;compile_dt;compile_decomposed;lookup_or_compile_dt;compile_decomposed;lookup_or_compile_dt;insert_cnf_cache;add_cache_entry;asm_exc_page_fault;exc_page_fault;do_user_addr_fault;handle_mm_fault;__handle_mm_fault;wp_page_copy;vma_alloc_folio;__folio_alloc;__alloc_pages;get_page_from_freelist;clear_page_rep
0.29% main;cnf2ddnnf_cmd_line;free_cache_manager;asm_exc_page_fault;exc_page_fault;do_user_addr_fault;handle_mm_fault;__handle_mm_fault;hugepage_vma_check
0.29% main;cnf2ddnnf_cmd_line;free_cache_manager;asm_exc_page_fault;exc_page_fault;do_user_addr_fault;handle_mm_fault;__handle_mm_fault;do_huge_pmd_anonymous_page;khugepaged_enter_vma
0.29% main;cnf2ddnnf_cmd_line;free_cache_manager;asm_exc_page_fault
0.29% main;cnf2ddnnf_cmd_line;free_cache_manager;asm_exc_page_fault;exc_page_fault;do_user_addr_fault;lock_mm_and_find_vma;find_vma;mt_find
0.29% main;cnf2ddnnf_cmd_line;free_cache_manager;asm_exc_page_fault;exc_page_fault;do_user_addr_fault;handle_mm_fault;__handle_mm_fault;_raw_spin_lock
0.29% main;cnf2ddnnf_cmd_line;free_cache_manager;asm_exc_page_fault;exc_page_fault;do_user_addr_fault;handle_mm_fault;__handle_mm_fault;do_huge_pmd_anonymous_page
0.29% main;cnf2ddnnf_cmd_line;free_cache_manager;asm_exc_page_fault;exc_page_fault;do_user_addr_fault;handle_mm_fault;__handle_mm_fault
0.28% main;cnf2ddnnf_cmd_line;compile_cnf;compile_dt;compile_decomposed;lookup_or_compile_dt;compile_decomposed;lookup_or_compile_dt;compile_decomposed;lookup_or_compile_dt;compile_decomposed;lookup_or_compile_dt;compile_dt;compile_dt;compile_decomposed;lookup_or_compile_dt;compile_dt;compile_dt;compile_decomposed;lookup_or_compile_dt;compile_dt;compile_dt;compile_decomposed;lookup_or_compile_dt;compile_decomposed;lookup_or_compile_dt;compile_decomposed;lookup_or_compile_dt;compile_decomposed;lookup_or_compile_dt;get_cnf_key;apply_to_vars;pack_var_2bits;update_relevance_bit
0.28% main;cnf2ddnnf_cmd_line;compile_cnf;compile_dt;compile_decomposed;lookup_or_compile_dt;compile_decomposed;lookup_or_compile_dt;compile_decomposed;lookup_or_compile_dt;compile_decomposed;lookup_or_compile_dt;compile_dt;compile_dt;compile_decomposed;lookup_or_compile_dt;compile_dt;compile_dt;compile_decomposed;lookup_or_compile_dt;compile_decomposed;lookup_or_compile_dt;compile_decomposed;lookup_or_compile_dt;compile_decomposed;lookup_or_compile_dt;compile_decomposed;lookup_or_compile_dt;compile_decomposed;lookup_or_compile_dt;compile_decomposed;lookup_or_compile_dt;compile_decomposed;lookup_or_compile_dt;compile_decomposed;lookup_or_compile_dt;compile_decomposed;lookup_or_compile_dt;compile_dt;compile_dt;compile_decomposed;conjoin_nnfs_lits;conjoin_relevant_lits;literal2nnf_node
0.28% main;cnf2ddnnf_cmd_line;compile_cnf;compile_dt;compile_decomposed;lookup_or_compile_dt;compile_decomposed;lookup_or_compile_dt;compile_decomposed;lookup_or_compile_dt;compile_decomposed;lookup_or_compile_dt;compile_dt;compile_dt;compile_decomposed;lookup_or_compile_dt;compile_dt;compile_dt;compile_decomposed;lookup_or_compile_dt;compile_decomposed;lookup_or_compile_dt;compile_decomposed;lookup_or_compile_dt;compile_decomposed;lookup_or_compile_dt;compile_decomposed;lookup_or_compile_dt;compile_decomposed;lookup_or_compile_dt;compile_decomposed;lookup_or_compile_dt;compile_decomposed;lookup_or_compile_dt;compile_decomposed;lookup_or_compile_dt;compile_decomposed;lookup_or_compile_dt;compile_decomposed;lookup_or_compile_dt;compile_decomposed;lookup_or_compile_dt;compile_decomposed;lookup_or_compile_dt;compile_decomposed;lookup_or_compile_dt;compile_dt;compile_dt;compile_decomposed;conjoin_nnfs_lits;get_and_node;asm_exc_page_fault;exc_page_fault;do_user_addr_fault;handle_mm_fault;__handle_mm_fault;wp_page_copy
0.28% main;cnf2ddnnf_cmd_line;compile_cnf;compile_dt;compile_decomposed;lookup_or_compile_dt;compile_decomposed;lookup_or_compile_dt;compile_decomposed;lookup_or_compile_dt;compile_decomposed;lookup_or_compile_dt;compile_decomposed;conjoin_nnfs_lits;get_and_node;__irqentry_text_end
0.28% main;clock_gettime;__vdso_clock_gettime;entry_SYSCALL_64_after_hwframe;do_syscall_64;x64_sys_call
0.27% main;cnf2ddnnf_cmd_line;construct_dtree_manager;hdtree2dtree;hdtree2dtree;hdtree2dtree;hdtree2dtree;hdtree2dtree;hdtree2dtree;hdtree2dtree;hdtree2dtree;hdtree2dtree
0.27% main;cnf2ddnnf_cmd_line;load_hdtree_from_file;__isoc99_fscanf;0x7efe86c5e26b
0.27% main;cnf2ddnnf_cmd_line;construct_cnf_manager;construct_cnf_clauses;initialize_clause
0.27% main;cnf2ddnnf_cmd_line;cnf2hgr;compute_clause_size
    92.36%     0.00%  c2d      c2d                   [.] cnf2ddnnf_cmd_line
87.49% cnf2ddnnf_cmd_line;free_cache_manager
0.31% cnf2ddnnf_cmd_line;compile_cnf;compile_dt;compile_decomposed;lookup_or_compile_dt;compile_decomposed;lookup_or_compile_dt;compile_decomposed;lookup_or_compile_dt;compile_decomposed;lookup_or_compile_dt;compile_dt;compile_dt;compile_decomposed;lookup_or_compile_dt;compile_dt;compile_dt;compile_dt;compile_decomposed;lookup_or_compile_dt;compile_decomposed;lookup_or_compile_dt;compile_decomposed;lookup_or_compile_dt;compile_decomposed;lookup_or_compile_dt;compile_decomposed;lookup_or_compile_dt;compile_dt;compile_dt;compile_decomposed;lookup_or_compile_dt;compile_dt;compile_dt;compile_decomposed;lookup_or_compile_dt;compile_decomposed;lookup_or_compile_dt;compile_decomposed;lookup_or_compile_dt;compile_dt;compile_dt;compile_decomposed;lookup_or_compile_dt;compile_decomposed;lookup_or_compile_dt;compile_decomposed;lookup_or_compile_dt;compile_decomposed;lookup_or_compile_dt;compile_decomposed;lookup_or_compile_dt;compile_dt;select_separator;update_separator_score;std::log2<unsigned long>
0.31% cnf2ddnnf_cmd_line;compile_cnf;compile_dt;compile_decomposed;lookup_or_compile_dt;compile_decomposed;lookup_or_compile_dt;compile_decomposed;lookup_or_compile_dt;compile_decomposed;lookup_or_compile_dt;compile_dt;compile_dt;compile_decomposed;lookup_or_compile_dt;compile_dt;compile_dt;compile_dt;compile_decomposed;lookup_or_compile_dt;compile_decomposed;lookup_or_compile_dt;compile_decomposed;lookup_or_compile_dt;compile_decomposed;lookup_or_compile_dt;compile_decomposed;lookup_or_compile_dt;compile_dt;compile_dt;compile_decomposed;lookup_or_compile_dt;compile_dt;compile_dt;compile_decomposed;lookup_or_compile_dt;compile_decomposed;lookup_or_compile_dt;insert_cnf_cache;add_cache_entry;asm_exc_page_fault;exc_page_fault;do_user_addr_fault;handle_mm_fault;__handle_mm_fault;wp_page_copy;vma_alloc_folio;__folio_alloc;__alloc_pages;get_page_from_freelist;clear_page_rep
0.29% cnf2ddnnf_cmd_line;free_cache_manager;asm_exc_page_fault;exc_page_fault;do_user_addr_fault;handle_mm_fault;__handle_mm_fault;hugepage_vma_check
0.29% cnf2ddnnf_cmd_line;free_cache_manager;asm_exc_page_fault;exc_page_fault;do_user_addr_fault;handle_mm_fault;__handle_mm_fault;do_huge_pmd_anonymous_page;khugepaged_enter_vma
0.29% cnf2ddnnf_cmd_line;free_cache_manager;asm_exc_page_fault
0.29% cnf2ddnnf_cmd_line;free_cache_manager;asm_exc_page_fault;exc_page_fault;do_user_addr_fault;lock_mm_and_find_vma;find_vma;mt_find
0.29% cnf2ddnnf_cmd_line;free_cache_manager;asm_exc_page_fault;exc_page_fault;do_user_addr_fault;handle_mm_fault;__handle_mm_fault;_raw_spin_lock
0.29% cnf2ddnnf_cmd_line;free_cache_manager;asm_exc_page_fault;exc_page_fault;do_user_addr_fault;handle_mm_fault;__handle_mm_fault;do_huge_pmd_anonymous_page
0.29% cnf2ddnnf_cmd_line;free_cache_manager;asm_exc_page_fault;exc_page_fault;do_user_addr_fault;handle_mm_fault;__handle_mm_fault
0.28% cnf2ddnnf_cmd_line;compile_cnf;compile_dt;compile_decomposed;lookup_or_compile_dt;compile_decomposed;lookup_or_compile_dt;compile_decomposed;lookup_or_compile_dt;compile_decomposed;lookup_or_compile_dt;compile_dt;compile_dt;compile_decomposed;lookup_or_compile_dt;compile_dt;compile_dt;compile_decomposed;lookup_or_compile_dt;compile_dt;compile_dt;compile_decomposed;lookup_or_compile_dt;compile_decomposed;lookup_or_compile_dt;compile_decomposed;lookup_or_compile_dt;compile_decomposed;lookup_or_compile_dt;get_cnf_key;apply_to_vars;pack_var_2bits;update_relevance_bit
0.28% cnf2ddnnf_cmd_line;compile_cnf;compile_dt;compile_decomposed;lookup_or_compile_dt;compile_decomposed;lookup_or_compile_dt;compile_decomposed;lookup_or_compile_dt;compile_decomposed;lookup_or_compile_dt;compile_dt;compile_dt;compile_decomposed;lookup_or_compile_dt;compile_dt;compile_dt;compile_decomposed;lookup_or_compile_dt;compile_decomposed;lookup_or_compile_dt;compile_decomposed;lookup_or_compile_dt;compile_decomposed;lookup_or_compile_dt;compile_decomposed;lookup_or_compile_dt;compile_decomposed;lookup_or_compile_dt;compile_decomposed;lookup_or_compile_dt;compile_decomposed;lookup_or_compile_dt;compile_decomposed;lookup_or_compile_dt;compile_decomposed;lookup_or_compile_dt;compile_dt;compile_dt;compile_decomposed;conjoin_nnfs_lits;conjoin_relevant_lits;literal2nnf_node
0.28% cnf2ddnnf_cmd_line;compile_cnf;compile_dt;compile_decomposed;lookup_or_compile_dt;compile_decomposed;lookup_or_compile_dt;compile_decomposed;lookup_or_compile_dt;compile_decomposed;lookup_or_compile_dt;compile_dt;compile_dt;compile_decomposed;lookup_or_compile_dt;compile_dt;compile_dt;compile_decomposed;lookup_or_compile_dt;compile_decomposed;lookup_or_compile_dt;compile_decomposed;lookup_or_compile_dt;compile_decomposed;lookup_or_compile_dt;compile_decomposed;lookup_or_compile_dt;compile_decomposed;lookup_or_compile_dt;compile_decomposed;lookup_or_compile_dt;compile_decomposed;lookup_or_compile_dt;compile_decomposed;lookup_or_compile_dt;compile_decomposed;lookup_or_compile_dt;compile_decomposed;lookup_or_compile_dt;compile_decomposed;lookup_or_compile_dt;compile_decomposed;lookup_or_compile_dt;compile_decomposed;lookup_or_compile_dt;compile_dt;compile_dt;compile_decomposed;conjoin_nnfs_lits;get_and_node;asm_exc_page_fault;exc_page_fault;do_user_addr_fault;handle_mm_fault;__handle_mm_fault;wp_page_copy
0.28% cnf2ddnnf_cmd_line;compile_cnf;compile_dt;compile_decomposed;lookup_or_compile_dt;compile_decomposed;lookup_or_compile_dt;compile_decomposed;lookup_or_compile_dt;compile_decomposed;lookup_or_compile_dt;compile_decomposed;conjoin_nnfs_lits;get_and_node;__irqentry_text_end
0.27% cnf2ddnnf_cmd_line;construct_dtree_manager;hdtree2dtree;hdtree2dtree;hdtree2dtree;hdtree2dtree;hdtree2dtree;hdtree2dtree;hdtree2dtree;hdtree2dtree;hdtree2dtree
0.27% cnf2ddnnf_cmd_line;load_hdtree_from_file;__isoc99_fscanf;0x7efe86c5e26b
0.27% cnf2ddnnf_cmd_line;construct_cnf_manager;construct_cnf_clauses;initialize_clause
0.27% cnf2ddnnf_cmd_line;cnf2hgr;compute_clause_size
    89.53%    87.78%  c2d      c2d                   [.] free_cache_manager
87.49% 0x7efe86c2624a;main;cnf2ddnnf_cmd_line;free_cache_manager
0.29% free_cache_manager;asm_exc_page_fault;exc_page_fault;do_user_addr_fault;handle_mm_fault;__handle_mm_fault;hugepage_vma_check
0.29% free_cache_manager;asm_exc_page_fault;exc_page_fault;do_user_addr_fault;handle_mm_fault;__handle_mm_fault;do_huge_pmd_anonymous_page;khugepaged_enter_vma
0.29% 0x7efe86c2624a;main;cnf2ddnnf_cmd_line;free_cache_manager;asm_exc_page_fault
0.29% free_cache_manager;asm_exc_page_fault;exc_page_fault;do_user_addr_fault;lock_mm_and_find_vma;find_vma;mt_find
0.29% free_cache_manager;asm_exc_page_fault;exc_page_fault;do_user_addr_fault;handle_mm_fault;__handle_mm_fault;_raw_spin_lock
0.29% free_cache_manager;asm_exc_page_fault;exc_page_fault;do_user_addr_fault;handle_mm_fault;__handle_mm_fault;do_huge_pmd_anonymous_page
0.29% free_cache_manager;asm_exc_page_fault;exc_page_fault;do_user_addr_fault;handle_mm_fault;__handle_mm_fault
     4.07%     0.00%  c2d      [kernel.kallsyms]     [k] entry_SYSCALL_64_after_hwframe
0.29% entry_SYSCALL_64_after_hwframe;do_syscall_64;__x64_sys_munmap;__vm_munmap;do_mas_munmap;do_mas_align_munmap;__split_vma;vm_area_dup;kmem_cache_alloc;memcg_slab_post_alloc_hook
0.29% entry_SYSCALL_64_after_hwframe;do_syscall_64;__x64_sys_munmap;__vm_munmap;do_mas_munmap;do_mas_align_munmap;percpu_counter_add_batch
0.29% entry_SYSCALL_64_after_hwframe;do_syscall_64;ksys_write;vfs_write;xfs_file_buffered_write;xfs_file_write_checks;file_modified_flags;xfs_vn_update_time;xfs_trans_alloc;kmem_cache_alloc
0.29% entry_SYSCALL_64_after_hwframe;do_syscall_64;__x64_sys_exit_group;do_group_exit;do_exit;__mmput;exit_mmap;free_pgtables;free_pgd_range
0.29% entry_SYSCALL_64_after_hwframe;do_syscall_64;__x64_sys_exit_group;do_group_exit;do_exit;__mmput;exit_mmap;unmap_vmas;unmap_page_range;_compound_head
0.29% entry_SYSCALL_64_after_hwframe;do_syscall_64;__x64_sys_exit_group;do_group_exit;do_exit;__mmput;exit_mmap;unmap_vmas;unmap_page_range
0.28% entry_SYSCALL_64_after_hwframe;do_syscall_64;ksys_read;vfs_read;xfs_file_read_iter;xfs_file_buffered_read;filemap_read;touch_atime;atime_needs_update
0.28% entry_SYSCALL_64_after_hwframe;do_syscall_64;__do_sys_newfstatat;vfs_fstatat;vfs_statx;security_inode_getattr;apparmor_inode_getattr
0.28% entry_SYSCALL_64_after_hwframe;do_syscall_64;__x64_sys_mprotect;do_mprotect_pkey;mprotect_fixup;__split_vma;__vma_adjust;mas_store_prealloc;mas_wr_bnode;mas_push_data
0.28% entry_SYSCALL_64_after_hwframe;do_syscall_64;x64_sys_call
0.26% entry_SYSCALL_64_after_hwframe;do_syscall_64;ksys_mmap_pgoff;vm_mmap_pgoff;do_mmap;mmap_region;do_mas_munmap;mas_find
0.26% entry_SYSCALL_64_after_hwframe;do_syscall_64;ksys_mmap_pgoff;vm_mmap_pgoff;do_mmap;mmap_region;vm_area_alloc;kmem_cache_alloc;get_obj_cgroup_from_current
0.25% entry_SYSCALL_64_after_hwframe;do_syscall_64;__x64_sys_openat;do_sys_openat2;alloc_fd;expand_files
0.23% entry_SYSCALL_64_after_hwframe;do_syscall_64;__x64_sys_execve;do_execveat_common.isra.0;bprm_execve;load_elf_binary;_copy_to_user;copy_user_generic_string;asm_exc_page_fault;exc_page_fault;do_user_addr_fault;handle_mm_fault;__handle_mm_fault
0.16% entry_SYSCALL_64_after_hwframe;do_syscall_64;__x64_sys_execve;do_execveat_common.isra.0;bprm_execve;load_elf_binary;elf_map
0.06% entry_SYSCALL_64_after_hwframe;do_syscall_64;__x64_sys_execve;do_execveat_common.isra.0;bprm_execve;load_elf_binary;begin_new_exec;perf_event_comm;perf_iterate_sb;perf_iterate_ctx;perf_event_comm_output;__perf_event__output_id_sample
     4.07%     0.00%  c2d      [kernel.kallsyms]     [k] do_syscall_64
0.29% do_syscall_64;__x64_sys_munmap;__vm_munmap;do_mas_munmap;do_mas_align_munmap;__split_vma;vm_area_dup;kmem_cache_alloc;memcg_slab_post_alloc_hook
0.29% do_syscall_64;__x64_sys_munmap;__vm_munmap;do_mas_munmap;do_mas_align_munmap;percpu_counter_add_batch
0.29% do_syscall_64;ksys_write;vfs_write;xfs_file_buffered_write;xfs_file_write_checks;file_modified_flags;xfs_vn_update_time;xfs_trans_alloc;kmem_cache_alloc
0.29% do_syscall_64;__x64_sys_exit_group;do_group_exit;do_exit;__mmput;exit_mmap;free_pgtables;free_pgd_range
0.29% do_syscall_64;__x64_sys_exit_group;do_group_exit;do_exit;__mmput;exit_mmap;unmap_vmas;unmap_page_range;_compound_head
0.29% do_syscall_64;__x64_sys_exit_group;do_group_exit;do_exit;__mmput;exit_mmap;unmap_vmas;unmap_page_range
0.28% do_syscall_64;ksys_read;vfs_read;xfs_file_read_iter;xfs_file_buffered_read;filemap_read;touch_atime;atime_needs_update
0.28% do_syscall_64;__do_sys_newfstatat;vfs_fstatat;vfs_statx;security_inode_getattr;apparmor_inode_getattr
0.28% do_syscall_64;__x64_sys_mprotect;do_mprotect_pkey;mprotect_fixup;__split_vma;__vma_adjust;mas_store_prealloc;mas_wr_bnode;mas_push_data
0.28% do_syscall_64;x64_sys_call
0.26% do_syscall_64;ksys_mmap_pgoff;vm_mmap_pgoff;do_mmap;mmap_region;do_mas_munmap;mas_find
0.26% do_syscall_64;ksys_mmap_pgoff;vm_mmap_pgoff;do_mmap;mmap_region;vm_area_alloc;kmem_cache_alloc;get_obj_cgroup_from_current
0.25% do_syscall_64;__x64_sys_openat;do_sys_openat2;alloc_fd;expand_files
0.23% do_syscall_64;__x64_sys_execve;do_execveat_common.isra.0;bprm_execve;load_elf_binary;_copy_to_user;copy_user_generic_string;asm_exc_page_fault;exc_page_fault;do_user_addr_fault;handle_mm_fault;__handle_mm_fault
0.16% do_syscall_64;__x64_sys_execve;do_execveat_common.isra.0;bprm_execve;load_elf_binary;elf_map
0.06% do_syscall_64;__x64_sys_execve;do_execveat_common.isra.0;bprm_execve;load_elf_binary;begin_new_exec;perf_event_comm;perf_iterate_sb;perf_iterate_ctx;perf_event_comm_output;__perf_event__output_id_sample
     3.67%     0.00%  c2d      [kernel.kallsyms]     [k] asm_exc_page_fault
0.52% asm_exc_page_fault;exc_page_fault;do_user_addr_fault;handle_mm_fault;__handle_mm_fault
0.31% asm_exc_page_fault;exc_page_fault;do_user_addr_fault;handle_mm_fault;__handle_mm_fault;wp_page_copy;vma_alloc_folio;__folio_alloc;__alloc_pages;get_page_from_freelist;clear_page_rep
0.29% asm_exc_page_fault;exc_page_fault;do_user_addr_fault;handle_mm_fault;__handle_mm_fault;hugepage_vma_check
0.29% asm_exc_page_fault;exc_page_fault;do_user_addr_fault;handle_mm_fault;__handle_mm_fault;do_huge_pmd_anonymous_page;khugepaged_enter_vma
0.29% asm_exc_page_fault
0.29% asm_exc_page_fault;exc_page_fault;do_user_addr_fault;lock_mm_and_find_vma;find_vma;mt_find
0.29% asm_exc_page_fault;exc_page_fault;do_user_addr_fault;handle_mm_fault;__handle_mm_fault;_raw_spin_lock
0.29% asm_exc_page_fault;exc_page_fault;do_user_addr_fault;handle_mm_fault;__handle_mm_fault;do_huge_pmd_anonymous_page
0.28% asm_exc_page_fault;exc_page_fault;do_user_addr_fault;handle_mm_fault;__handle_mm_fault;wp_page_copy
0.27% asm_exc_page_fault;exc_page_fault;do_user_addr_fault;handle_mm_fault;__handle_mm_fault;vma_alloc_folio;__folio_alloc;__alloc_pages;get_page_from_freelist;clear_page_rep
0.27% asm_exc_page_fault;exc_page_fault;do_user_addr_fault;handle_mm_fault;__handle_mm_fault;do_fault;filemap_map_pages;do_set_pte;page_add_file_rmap
0.27% asm_exc_page_fault;exc_page_fault;do_user_addr_fault;handle_mm_fault;__handle_mm_fault;vma_alloc_folio;__folio_alloc;__alloc_pages;get_page_from_freelist;rmqueue_bulk
     3.38%     0.00%  c2d      [kernel.kallsyms]     [k] exc_page_fault
0.52% exc_page_fault;do_user_addr_fault;handle_mm_fault;__handle_mm_fault
0.31% exc_page_fault;do_user_addr_fault;handle_mm_fault;__handle_mm_fault;wp_page_copy;vma_alloc_folio;__folio_alloc;__alloc_pages;get_page_from_freelist;clear_page_rep
0.29% exc_page_fault;do_user_addr_fault;handle_mm_fault;__handle_mm_fault;hugepage_vma_check
0.29% exc_page_fault;do_user_addr_fault;handle_mm_fault;__handle_mm_fault;do_huge_pmd_anonymous_page;khugepaged_enter_vma
0.29% exc_page_fault;do_user_addr_fault;lock_mm_and_find_vma;find_vma;mt_find
0.29% exc_page_fault;do_user_addr_fault;handle_mm_fault;__handle_mm_fault;_raw_spin_lock
0.29% exc_page_fault;do_user_addr_fault;handle_mm_fault;__handle_mm_fault;do_huge_pmd_anonymous_page
0.28% exc_page_fault;do_user_addr_fault;handle_mm_fault;__handle_mm_fault;wp_page_copy
0.27% exc_page_fault;do_user_addr_fault;handle_mm_fault;__handle_mm_fault;vma_alloc_folio;__folio_alloc;__alloc_pages;get_page_from_freelist;clear_page_rep
0.27% exc_page_fault;do_user_addr_fault;handle_mm_fault;__handle_mm_fault;do_fault;filemap_map_pages;do_set_pte;page_add_file_rmap
0.27% exc_page_fault;do_user_addr_fault;handle_mm_fault;__handle_mm_fault;vma_alloc_folio;__folio_alloc;__alloc_pages;get_page_from_freelist;rmqueue_bulk
     3.38%     0.00%  c2d      [kernel.kallsyms]     [k] do_user_addr_fault
0.52% do_user_addr_fault;handle_mm_fault;__handle_mm_fault
0.31% do_user_addr_fault;handle_mm_fault;__handle_mm_fault;wp_page_copy;vma_alloc_folio;__folio_alloc;__alloc_pages;get_page_from_freelist;clear_page_rep
0.29% do_user_addr_fault;handle_mm_fault;__handle_mm_fault;hugepage_vma_check
0.29% do_user_addr_fault;handle_mm_fault;__handle_mm_fault;do_huge_pmd_anonymous_page;khugepaged_enter_vma
0.29% do_user_addr_fault;lock_mm_and_find_vma;find_vma;mt_find
0.29% do_user_addr_fault;handle_mm_fault;__handle_mm_fault;_raw_spin_lock
0.29% do_user_addr_fault;handle_mm_fault;__handle_mm_fault;do_huge_pmd_anonymous_page
0.28% do_user_addr_fault;handle_mm_fault;__handle_mm_fault;wp_page_copy
0.27% do_user_addr_fault;handle_mm_fault;__handle_mm_fault;vma_alloc_folio;__folio_alloc;__alloc_pages;get_page_from_freelist;clear_page_rep
0.27% do_user_addr_fault;handle_mm_fault;__handle_mm_fault;do_fault;filemap_map_pages;do_set_pte;page_add_file_rmap
0.27% do_user_addr_fault;handle_mm_fault;__handle_mm_fault;vma_alloc_folio;__folio_alloc;__alloc_pages;get_page_from_freelist;rmqueue_bulk
     3.08%     0.52%  c2d      [kernel.kallsyms]     [k] __handle_mm_fault
0.31% __handle_mm_fault;wp_page_copy;vma_alloc_folio;__folio_alloc;__alloc_pages;get_page_from_freelist;clear_page_rep
0.29% __handle_mm_fault;hugepage_vma_check
0.29% __handle_mm_fault;do_huge_pmd_anonymous_page;khugepaged_enter_vma
0.29% __handle_mm_fault;_raw_spin_lock
0.29% __handle_mm_fault;do_huge_pmd_anonymous_page
0.29% 0x7efe86c2624a;main;cnf2ddnnf_cmd_line;free_cache_manager;asm_exc_page_fault;exc_page_fault;do_user_addr_fault;handle_mm_fault;__handle_mm_fault
0.28% __handle_mm_fault;wp_page_copy
0.27% __handle_mm_fault;vma_alloc_folio;__folio_alloc;__alloc_pages;get_page_from_freelist;clear_page_rep
0.27% __handle_mm_fault;do_fault;filemap_map_pages;do_set_pte;page_add_file_rmap
0.27% __handle_mm_fault;vma_alloc_folio;__folio_alloc;__alloc_pages;get_page_from_freelist;rmqueue_bulk
0.23% 0x7fe450cf3a97;entry_SYSCALL_64_after_hwframe;do_syscall_64;__x64_sys_execve;do_execveat_common.isra.0;bprm_execve;load_elf_binary;_copy_to_user;copy_user_generic_string;asm_exc_page_fault;exc_page_fault;do_user_addr_fault;handle_mm_fault;__handle_mm_fault
     3.08%     0.00%  c2d      [kernel.kallsyms]     [k] handle_mm_fault
0.52% handle_mm_fault;__handle_mm_fault
0.31% handle_mm_fault;__handle_mm_fault;wp_page_copy;vma_alloc_folio;__folio_alloc;__alloc_pages;get_page_from_freelist;clear_page_rep
0.29% handle_mm_fault;__handle_mm_fault;hugepage_vma_check
0.29% handle_mm_fault;__handle_mm_fault;do_huge_pmd_anonymous_page;khugepaged_enter_vma
0.29% handle_mm_fault;__handle_mm_fault;_raw_spin_lock
0.29% handle_mm_fault;__handle_mm_fault;do_huge_pmd_anonymous_page
0.28% handle_mm_fault;__handle_mm_fault;wp_page_copy
0.27% handle_mm_fault;__handle_mm_fault;vma_alloc_folio;__folio_alloc;__alloc_pages;get_page_from_freelist;clear_page_rep
0.27% handle_mm_fault;__handle_mm_fault;do_fault;filemap_map_pages;do_set_pte;page_add_file_rmap
0.27% handle_mm_fault;__handle_mm_fault;vma_alloc_folio;__folio_alloc;__alloc_pages;get_page_from_freelist;rmqueue_bulk
     1.75%     0.00%  c2d      c2d                   [.] compile_cnf
0.31% compile_cnf;compile_dt;compile_decomposed;lookup_or_compile_dt;compile_decomposed;lookup_or_compile_dt;compile_decomposed;lookup_or_compile_dt;compile_decomposed;lookup_or_compile_dt;compile_dt;compile_dt;compile_decomposed;lookup_or_compile_dt;compile_dt;compile_dt;compile_dt;compile_decomposed;lookup_or_compile_dt;compile_decomposed;lookup_or_compile_dt;compile_decomposed;lookup_or_compile_dt;compile_decomposed;lookup_or_compile_dt;compile_decomposed;lookup_or_compile_dt;compile_dt;compile_dt;compile_decomposed;lookup_or_compile_dt;compile_dt;compile_dt;compile_decomposed;lookup_or_compile_dt;compile_decomposed;lookup_or_compile_dt;compile_decomposed;lookup_or_compile_dt;compile_dt;compile_dt;compile_decomposed;lookup_or_compile_dt;compile_decomposed;lookup_or_compile_dt;compile_decomposed;lookup_or_compile_dt;compile_decomposed;lookup_or_compile_dt;compile_decomposed;lookup_or_compile_dt;compile_dt;select_separator;update_separator_score;std::log2<unsigned long>
0.31% compile_cnf;compile_dt;compile_decomposed;lookup_or_compile_dt;compile_decomposed;lookup_or_compile_dt;compile_decomposed;lookup_or_compile_dt;compile_decomposed;lookup_or_compile_dt;compile_dt;compile_dt;compile_decomposed;lookup_or_compile_dt;compile_dt;compile_dt;compile_dt;compile_decomposed;lookup_or_compile_dt;compile_decomposed;lookup_or_compile_dt;compile_decomposed;lookup_or_compile_dt;compile_decomposed;lookup_or_compile_dt;compile_decomposed;lookup_or_compile_dt;compile_dt;compile_dt;compile_decomposed;lookup_or_compile_dt;compile_dt;compile_dt;compile_decomposed;lookup_or_compile_dt;compile_decomposed;lookup_or_compile_dt;insert_cnf_cache;add_cache_entry;asm_exc_page_fault;exc_page_fault;do_user_addr_fault;handle_mm_fault;__handle_mm_fault;wp_page_copy;vma_alloc_folio;__folio_alloc;__alloc_pages;get_page_from_freelist;clear_page_rep
0.28% compile_cnf;compile_dt;compile_decomposed;lookup_or_compile_dt;compile_decomposed;lookup_or_compile_dt;compile_decomposed;lookup_or_compile_dt;compile_decomposed;lookup_or_compile_dt;compile_dt;compile_dt;compile_decomposed;lookup_or_compile_dt;compile_dt;compile_dt;compile_decomposed;lookup_or_compile_dt;compile_dt;compile_dt;compile_decomposed;lookup_or_compile_dt;compile_decomposed;lookup_or_compile_dt;compile_decomposed;lookup_or_compile_dt;compile_decomposed;lookup_or_compile_dt;get_cnf_key;apply_to_vars;pack_var_2bits;update_relevance_bit
0.28% compile_cnf;compile_dt;compile_decomposed;lookup_or_compile_dt;compile_decomposed;lookup_or_compile_dt;compile_decomposed;lookup_or_compile_dt;compile_decomposed;lookup_or_compile_dt;compile_dt;compile_dt;compile_decomposed;lookup_or_compile_dt;compile_dt;compile_dt;compile_decomposed;lookup_or_compile_dt;compile_decomposed;lookup_or_compile_dt;compile_decomposed;lookup_or_compile_dt;compile_decomposed;lookup_or_compile_dt;compile_decomposed;lookup_or_compile_dt;compile_decomposed;lookup_or_compile_dt;compile_decomposed;lookup_or_compile_dt;compile_decomposed;lookup_or_compile_dt;compile_decomposed;lookup_or_compile_dt;compile_decomposed;lookup_or_compile_dt;compile_dt;compile_dt;compile_decomposed;conjoin_nnfs_lits;conjoin_relevant_lits;literal2nnf_node
0.28% compile_cnf;compile_dt;compile_decomposed;lookup_or_compile_dt;compile_decomposed;lookup_or_compile_dt;compile_decomposed;lookup_or_compile_dt;compile_decomposed;lookup_or_compile_dt;compile_dt;compile_dt;compile_decomposed;lookup_or_compile_dt;compile_dt;compile_dt;compile_decomposed;lookup_or_compile_dt;compile_decomposed;lookup_or_compile_dt;compile_decomposed;lookup_or_compile_dt;compile_decomposed;lookup_or_compile_dt;compile_decomposed;lookup_or_compile_dt;compile_decomposed;lookup_or_compile_dt;compile_decomposed;lookup_or_compile_dt;compile_decomposed;lookup_or_compile_dt;compile_decomposed;lookup_or_compile_dt;compile_decomposed;lookup_or_compile_dt;compile_decomposed;lookup_or_compile_dt;compile_decomposed;lookup_or_compile_dt;compile_decomposed;lookup_or_compile_dt;compile_decomposed;lookup_or_compile_dt;compile_dt;compile_dt;compile_decomposed;conjoin_nnfs_lits;get_and_node;asm_exc_page_fault;exc_page_fault;do_user_addr_fault;handle_mm_fault;__handle_mm_fault;wp_page_copy
0.28% compile_cnf;compile_dt;compile_decomposed;lookup_or_compile_dt;compile_decomposed;lookup_or_compile_dt;compile_decomposed;lookup_or_compile_dt;compile_decomposed;lookup_or_compile_dt;compile_decomposed;conjoin_nnfs_lits;get_and_node;__irqentry_text_end
     1.75%     0.00%  c2d      c2d                   [.] compile_dt
0.31% compile_dt;compile_decomposed;lookup_or_compile_dt;compile_decomposed;lookup_or_compile_dt;compile_decomposed;lookup_or_compile_dt;compile_decomposed;lookup_or_compile_dt;compile_dt;compile_dt;compile_decomposed;lookup_or_compile_dt;compile_dt;compile_dt;compile_dt;compile_decomposed;lookup_or_compile_dt;compile_decomposed;lookup_or_compile_dt;compile_decomposed;lookup_or_compile_dt;compile_decomposed;lookup_or_compile_dt;compile_decomposed;lookup_or_compile_dt;compile_dt;compile_dt;compile_decomposed;lookup_or_compile_dt;compile_dt;compile_dt;compile_decomposed;lookup_or_compile_dt;compile_decomposed;lookup_or_compile_dt;compile_decomposed;lookup_or_compile_dt;compile_dt;compile_dt;compile_decomposed;lookup_or_compile_dt;compile_decomposed;lookup_or_compile_dt;compile_decomposed;lookup_or_compile_dt;compile_decomposed;lookup_or_compile_dt;compile_decomposed;lookup_or_compile_dt;compile_dt;select_separator;update_separator_score;std::log2<unsigned long>
0.31% compile_dt;compile_decomposed;lookup_or_compile_dt;compile_decomposed;lookup_or_compile_dt;compile_decomposed;lookup_or_compile_dt;compile_decomposed;lookup_or_compile_dt;compile_dt;compile_dt;compile_decomposed;lookup_or_compile_dt;compile_dt;compile_dt;compile_dt;compile_decomposed;lookup_or_compile_dt;compile_decomposed;lookup_or_compile_dt;compile_decomposed;lookup_or_compile_dt;compile_decomposed;lookup_or_compile_dt;compile_decomposed;lookup_or_compile_dt;compile_dt;compile_dt;compile_decomposed;lookup_or_compile_dt;compile_dt;compile_dt;compile_decomposed;lookup_or_compile_dt;compile_decomposed;lookup_or_compile_dt;insert_cnf_cache;add_cache_entry;asm_exc_page_fault;exc_page_fault;do_user_addr_fault;handle_mm_fault;__handle_mm_fault;wp_page_copy;vma_alloc_folio;__folio_alloc;__alloc_pages;get_page_from_freelist;clear_page_rep
0.28% compile_dt;compile_decomposed;lookup_or_compile_dt;compile_decomposed;lookup_or_compile_dt;compile_decomposed;lookup_or_compile_dt;compile_decomposed;lookup_or_compile_dt;compile_dt;compile_dt;compile_decomposed;lookup_or_compile_dt;compile_dt;compile_dt;compile_decomposed;lookup_or_compile_dt;compile_dt;compile_dt;compile_decomposed;lookup_or_compile_dt;compile_decomposed;lookup_or_compile_dt;compile_decomposed;lookup_or_compile_dt;compile_decomposed;lookup_or_compile_dt;get_cnf_key;apply_to_vars;pack_var_2bits;update_relevance_bit
0.28% compile_dt;compile_decomposed;lookup_or_compile_dt;compile_decomposed;lookup_or_compile_dt;compile_decomposed;lookup_or_compile_dt;compile_decomposed;lookup_or_compile_dt;compile_dt;compile_dt;compile_decomposed;lookup_or_compile_dt;compile_dt;compile_dt;compile_decomposed;lookup_or_compile_dt;compile_decomposed;lookup_or_compile_dt;compile_decomposed;lookup_or_compile_dt;compile_decomposed;lookup_or_compile_dt;compile_decomposed;lookup_or_compile_dt;compile_decomposed;lookup_or_compile_dt;compile_decomposed;lookup_or_compile_dt;compile_decomposed;lookup_or_compile_dt;compile_decomposed;lookup_or_compile_dt;compile_decomposed;lookup_or_compile_dt;compile_dt;compile_dt;compile_decomposed;conjoin_nnfs_lits;conjoin_relevant_lits;literal2nnf_node
0.28% compile_dt;compile_decomposed;lookup_or_compile_dt;compile_decomposed;lookup_or_compile_dt;compile_decomposed;lookup_or_compile_dt;compile_decomposed;lookup_or_compile_dt;compile_dt;compile_dt;compile_decomposed;lookup_or_compile_dt;compile_dt;compile_dt;compile_decomposed;lookup_or_compile_dt;compile_decomposed;lookup_or_compile_dt;compile_decomposed;lookup_or_compile_dt;compile_decomposed;lookup_or_compile_dt;compile_decomposed;lookup_or_compile_dt;compile_decomposed;lookup_or_compile_dt;compile_decomposed;lookup_or_compile_dt;compile_decomposed;lookup_or_compile_dt;compile_decomposed;lookup_or_compile_dt;compile_decomposed;lookup_or_compile_dt;compile_decomposed;lookup_or_compile_dt;compile_decomposed;lookup_or_compile_dt;compile_decomposed;lookup_or_compile_dt;compile_decomposed;lookup_or_compile_dt;compile_dt;compile_dt;compile_decomposed;conjoin_nnfs_lits;get_and_node;asm_exc_page_fault;exc_page_fault;do_user_addr_fault;handle_mm_fault;__handle_mm_fault;wp_page_copy
0.28% compile_dt;compile_decomposed;lookup_or_compile_dt;compile_decomposed;lookup_or_compile_dt;compile_decomposed;lookup_or_compile_dt;compile_decomposed;lookup_or_compile_dt;compile_decomposed;conjoin_nnfs_lits;get_and_node;__irqentry_text_end
     1.75%     0.00%  c2d      c2d                   [.] compile_decomposed
0.31% compile_decomposed;lookup_or_compile_dt;compile_decomposed;lookup_or_compile_dt;compile_decomposed;lookup_or_compile_dt;compile_decomposed;lookup_or_compile_dt;compile_dt;compile_dt;compile_decomposed;lookup_or_compile_dt;compile_dt;compile_dt;compile_dt;compile_decomposed;lookup_or_compile_dt;compile_decomposed;lookup_or_compile_dt;compile_decomposed;lookup_or_compile_dt;compile_decomposed;lookup_or_compile_dt;compile_decomposed;lookup_or_compile_dt;compile_dt;compile_dt;compile_decomposed;lookup_or_compile_dt;compile_dt;compile_dt;compile_decomposed;lookup_or_compile_dt;compile_decomposed;lookup_or_compile_dt;compile_decomposed;lookup_or_compile_dt;compile_dt;compile_dt;compile_decomposed;lookup_or_compile_dt;compile_decomposed;lookup_or_compile_dt;compile_decomposed;lookup_or_compile_dt;compile_decomposed;lookup_or_compile_dt;compile_decomposed;lookup_or_compile_dt;compile_dt;select_separator;update_separator_score;std::log2<unsigned long>
0.31% compile_decomposed;lookup_or_compile_dt;compile_decomposed;lookup_or_compile_dt;compile_decomposed;lookup_or_compile_dt;compile_decomposed;lookup_or_compile_dt;compile_dt;compile_dt;compile_decomposed;lookup_or_compile_dt;compile_dt;compile_dt;compile_dt;compile_decomposed;lookup_or_compile_dt;compile_decomposed;lookup_or_compile_dt;compile_decomposed;lookup_or_compile_dt;compile_decomposed;lookup_or_compile_dt;compile_decomposed;lookup_or_compile_dt;compile_dt;compile_dt;compile_decomposed;lookup_or_compile_dt;compile_dt;compile_dt;compile_decomposed;lookup_or_compile_dt;compile_decomposed;lookup_or_compile_dt;insert_cnf_cache;add_cache_entry;asm_exc_page_fault;exc_page_fault;do_user_addr_fault;handle_mm_fault;__handle_mm_fault;wp_page_copy;vma_alloc_folio;__folio_alloc;__alloc_pages;get_page_from_freelist;clear_page_rep
0.28% compile_decomposed;lookup_or_compile_dt;compile_decomposed;lookup_or_compile_dt;compile_decomposed;lookup_or_compile_dt;compile_decomposed;lookup_or_compile_dt;compile_dt;compile_dt;compile_decomposed;lookup_or_compile_dt;compile_dt;compile_dt;compile_decomposed;lookup_or_compile_dt;compile_dt;compile_dt;compile_decomposed;lookup_or_compile_dt;compile_decomposed;lookup_or_compile_dt;compile_decomposed;lookup_or_compile_dt;compile_decomposed;lookup_or_compile_dt;get_cnf_key;apply_to_vars;pack_var_2bits;update_relevance_bit
0.28% compile_decomposed;lookup_or_compile_dt;compile_decomposed;lookup_or_compile_dt;compile_decomposed;lookup_or_compile_dt;compile_decomposed;lookup_or_compile_dt;compile_dt;compile_dt;compile_decomposed;lookup_or_compile_dt;compile_dt;compile_dt;compile_decomposed;lookup_or_compile_dt;compile_decomposed;lookup_or_compile_dt;compile_decomposed;lookup_or_compile_dt;compile_decomposed;lookup_or_compile_dt;compile_decomposed;lookup_or_compile_dt;compile_decomposed;lookup_or_compile_dt;compile_decomposed;lookup_or_compile_dt;compile_decomposed;lookup_or_compile_dt;compile_decomposed;lookup_or_compile_dt;compile_decomposed;lookup_or_compile_dt;compile_dt;compile_dt;compile_decomposed;conjoin_nnfs_lits;conjoin_relevant_lits;literal2nnf_node
0.28% compile_decomposed;lookup_or_compile_dt;compile_decomposed;lookup_or_compile_dt;compile_decomposed;lookup_or_compile_dt;compile_decomposed;lookup_or_compile_dt;compile_dt;compile_dt;compile_decomposed;lookup_or_compile_dt;compile_dt;compile_dt;compile_decomposed;lookup_or_compile_dt;compile_decomposed;lookup_or_compile_dt;compile_decomposed;lookup_or_compile_dt;compile_decomposed;lookup_or_compile_dt;compile_decomposed;lookup_or_compile_dt;compile_decomposed;lookup_or_compile_dt;compile_decomposed;lookup_or_compile_dt;compile_decomposed;lookup_or_compile_dt;compile_decomposed;lookup_or_compile_dt;compile_decomposed;lookup_or_compile_dt;compile_decomposed;lookup_or_compile_dt;compile_decomposed;lookup_or_compile_dt;compile_decomposed;lookup_or_compile_dt;compile_decomposed;lookup_or_compile_dt;compile_dt;compile_dt;compile_decomposed;conjoin_nnfs_lits;get_and_node;asm_exc_page_fault;exc_page_fault;do_user_addr_fault;handle_mm_fault;__handle_mm_fault;wp_page_copy
0.28% compile_decomposed;lookup_or_compile_dt;compile_decomposed;lookup_or_compile_dt;compile_decomposed;lookup_or_compile_dt;compile_decomposed;lookup_or_compile_dt;compile_decomposed;conjoin_nnfs_lits;get_and_node;__irqentry_text_end
     1.75%     0.00%  c2d      c2d                   [.] lookup_or_compile_dt
0.31% lookup_or_compile_dt;compile_decomposed;lookup_or_compile_dt;compile_decomposed;lookup_or_compile_dt;compile_decomposed;lookup_or_compile_dt;compile_dt;compile_dt;compile_decomposed;lookup_or_compile_dt;compile_dt;compile_dt;compile_dt;compile_decomposed;lookup_or_compile_dt;compile_decomposed;lookup_or_compile_dt;compile_decomposed;lookup_or_compile_dt;compile_decomposed;lookup_or_compile_dt;compile_decomposed;lookup_or_compile_dt;compile_dt;compile_dt;compile_decomposed;lookup_or_compile_dt;compile_dt;compile_dt;compile_decomposed;lookup_or_compile_dt;compile_decomposed;lookup_or_compile_dt;compile_decomposed;lookup_or_compile_dt;compile_dt;compile_dt;compile_decomposed;lookup_or_compile_dt;compile_decomposed;lookup_or_compile_dt;compile_decomposed;lookup_or_compile_dt;compile_decomposed;lookup_or_compile_dt;compile_decomposed;lookup_or_compile_dt;compile_dt;select_separator;update_separator_score;std::log2<unsigned long>
0.31% lookup_or_compile_dt;compile_decomposed;lookup_or_compile_dt;compile_decomposed;lookup_or_compile_dt;compile_decomposed;lookup_or_compile_dt;compile_dt;compile_dt;compile_decomposed;lookup_or_compile_dt;compile_dt;compile_dt;compile_dt;compile_decomposed;lookup_or_compile_dt;compile_decomposed;lookup_or_compile_dt;compile_decomposed;lookup_or_compile_dt;compile_decomposed;lookup_or_compile_dt;compile_decomposed;lookup_or_compile_dt;compile_dt;compile_dt;compile_decomposed;lookup_or_compile_dt;compile_dt;compile_dt;compile_decomposed;lookup_or_compile_dt;compile_decomposed;lookup_or_compile_dt;insert_cnf_cache;add_cache_entry;asm_exc_page_fault;exc_page_fault;do_user_addr_fault;handle_mm_fault;__handle_mm_fault;wp_page_copy;vma_alloc_folio;__folio_alloc;__alloc_pages;get_page_from_freelist;clear_page_rep
0.28% lookup_or_compile_dt;compile_decomposed;lookup_or_compile_dt;compile_decomposed;lookup_or_compile_dt;compile_decomposed;lookup_or_compile_dt;compile_dt;compile_dt;compile_decomposed;lookup_or_compile_dt;compile_dt;compile_dt;compile_decomposed;lookup_or_compile_dt;compile_dt;compile_dt;compile_decomposed;lookup_or_compile_dt;compile_decomposed;lookup_or_compile_dt;compile_decomposed;lookup_or_compile_dt;compile_decomposed;lookup_or_compile_dt;get_cnf_key;apply_to_vars;pack_var_2bits;update_relevance_bit
0.28% lookup_or_compile_dt;compile_decomposed;lookup_or_compile_dt;compile_decomposed;lookup_or_compile_dt;compile_decomposed;lookup_or_compile_dt;compile_dt;compile_dt;compile_decomposed;lookup_or_compile_dt;compile_dt;compile_dt;compile_decomposed;lookup_or_compile_dt;compile_decomposed;lookup_or_compile_dt;compile_decomposed;lookup_or_compile_dt;compile_decomposed;lookup_or_compile_dt;compile_decomposed;lookup_or_compile_dt;compile_decomposed;lookup_or_compile_dt;compile_decomposed;lookup_or_compile_dt;compile_decomposed;lookup_or_compile_dt;compile_decomposed;lookup_or_compile_dt;compile_decomposed;lookup_or_compile_dt;compile_dt;compile_dt;compile_decomposed;conjoin_nnfs_lits;conjoin_relevant_lits;literal2nnf_node
0.28% lookup_or_compile_dt;compile_decomposed;lookup_or_compile_dt;compile_decomposed;lookup_or_compile_dt;compile_decomposed;lookup_or_compile_dt;compile_dt;compile_dt;compile_decomposed;lookup_or_compile_dt;compile_dt;compile_dt;compile_decomposed;lookup_or_compile_dt;compile_decomposed;lookup_or_compile_dt;compile_decomposed;lookup_or_compile_dt;compile_decomposed;lookup_or_compile_dt;compile_decomposed;lookup_or_compile_dt;compile_decomposed;lookup_or_compile_dt;compile_decomposed;lookup_or_compile_dt;compile_decomposed;lookup_or_compile_dt;compile_decomposed;lookup_or_compile_dt;compile_decomposed;lookup_or_compile_dt;compile_decomposed;lookup_or_compile_dt;compile_decomposed;lookup_or_compile_dt;compile_decomposed;lookup_or_compile_dt;compile_decomposed;lookup_or_compile_dt;compile_dt;compile_dt;compile_decomposed;conjoin_nnfs_lits;get_and_node;asm_exc_page_fault;exc_page_fault;do_user_addr_fault;handle_mm_fault;__handle_mm_fault;wp_page_copy
0.28% lookup_or_compile_dt;compile_decomposed;lookup_or_compile_dt;compile_decomposed;lookup_or_compile_dt;compile_decomposed;lookup_or_compile_dt;compile_decomposed;conjoin_nnfs_lits;get_and_node;__irqentry_text_end
     1.35%     0.00%  c2d      [unknown]             [k] 0000000000000000
0.28% 0;read;entry_SYSCALL_64_after_hwframe;do_syscall_64;ksys_read;vfs_read;xfs_file_read_iter;xfs_file_buffered_read;filemap_read;touch_atime;atime_needs_update
0.28% 0;fstatat64;entry_SYSCALL_64_after_hwframe;do_syscall_64;__do_sys_newfstatat;vfs_fstatat;vfs_statx;security_inode_getattr;apparmor_inode_getattr
0.27% 0;0x7efe86c970d9;asm_exc_page_fault;exc_page_fault;do_user_addr_fault;handle_mm_fault;__handle_mm_fault;vma_alloc_folio;__folio_alloc;__alloc_pages;get_page_from_freelist;clear_page_rep
0.27% 0;0x7efe86c970d9;asm_exc_page_fault;exc_page_fault;do_user_addr_fault;handle_mm_fault;__handle_mm_fault;vma_alloc_folio;__folio_alloc;__alloc_pages;get_page_from_freelist;rmqueue_bulk
0.25% 0;0x7efe8713595d;entry_SYSCALL_64_after_hwframe;do_syscall_64;__x64_sys_openat;do_sys_openat2;alloc_fd;expand_files
     0.86%     0.00%  c2d      [kernel.kallsyms]     [k] __x64_sys_exit_group
0.29% __x64_sys_exit_group;do_group_exit;do_exit;__mmput;exit_mmap;free_pgtables;free_pgd_range
0.29% __x64_sys_exit_group;do_group_exit;do_exit;__mmput;exit_mmap;unmap_vmas;unmap_page_range;_compound_head
0.29% __x64_sys_exit_group;do_group_exit;do_exit;__mmput;exit_mmap;unmap_vmas;unmap_page_range
     0.86%     0.00%  c2d      [kernel.kallsyms]     [k] do_group_exit
0.29% do_group_exit;do_exit;__mmput;exit_mmap;free_pgtables;free_pgd_range
0.29% do_group_exit;do_exit;__mmput;exit_mmap;unmap_vmas;unmap_page_range;_compound_head
0.29% do_group_exit;do_exit;__mmput;exit_mmap;unmap_vmas;unmap_page_range
     0.86%     0.00%  c2d      [kernel.kallsyms]     [k] do_exit
0.29% do_exit;__mmput;exit_mmap;free_pgtables;free_pgd_range
0.29% do_exit;__mmput;exit_mmap;unmap_vmas;unmap_page_range;_compound_head
0.29% do_exit;__mmput;exit_mmap;unmap_vmas;unmap_page_range
     0.86%     0.00%  c2d      [kernel.kallsyms]     [k] __mmput
0.29% __mmput;exit_mmap;free_pgtables;free_pgd_range
0.29% __mmput;exit_mmap;unmap_vmas;unmap_page_range;_compound_head
0.29% __mmput;exit_mmap;unmap_vmas;unmap_page_range
     0.86%     0.00%  c2d      [kernel.kallsyms]     [k] exit_mmap
0.29% exit_mmap;free_pgtables;free_pgd_range
0.29% exit_mmap;unmap_vmas;unmap_page_range;_compound_head
0.29% exit_mmap;unmap_vmas;unmap_page_range
     0.85%     0.00%  c2d      [kernel.kallsyms]     [k] vma_alloc_folio
0.58% vma_alloc_folio;__folio_alloc;__alloc_pages;get_page_from_freelist;clear_page_rep
0.27% vma_alloc_folio;__folio_alloc;__alloc_pages;get_page_from_freelist;rmqueue_bulk
     0.85%     0.00%  c2d      [kernel.kallsyms]     [k] __folio_alloc
0.58% __folio_alloc;__alloc_pages;get_page_from_freelist;clear_page_rep
0.27% __folio_alloc;__alloc_pages;get_page_from_freelist;rmqueue_bulk
     0.85%     0.00%  c2d      [kernel.kallsyms]     [k] __alloc_pages
0.58% __alloc_pages;get_page_from_freelist;clear_page_rep
0.27% __alloc_pages;get_page_from_freelist;rmqueue_bulk
     0.85%     0.00%  c2d      [kernel.kallsyms]     [k] get_page_from_freelist
0.58% get_page_from_freelist;clear_page_rep
0.27% get_page_from_freelist;rmqueue_bulk
     0.84%     0.00%  c2d      c2d                   [.] conjoin_nnfs_lits
0.28% conjoin_nnfs_lits;conjoin_relevant_lits;literal2nnf_node
0.28% conjoin_nnfs_lits;get_and_node;asm_exc_page_fault;exc_page_fault;do_user_addr_fault;handle_mm_fault;__handle_mm_fault;wp_page_copy
0.28% conjoin_nnfs_lits;get_and_node;__irqentry_text_end
     0.84%     0.00%  c2d      [kernel.kallsyms]     [k] do_mas_munmap
0.29% do_mas_munmap;do_mas_align_munmap;__split_vma;vm_area_dup;kmem_cache_alloc;memcg_slab_post_alloc_hook
0.29% do_mas_munmap;do_mas_align_munmap;percpu_counter_add_batch
0.26% do_mas_munmap;mas_find
     0.84%     0.29%  c2d      [kernel.kallsyms]     [k] kmem_cache_alloc
0.29% kmem_cache_alloc;memcg_slab_post_alloc_hook
0.29% 0x67616e616d20464e;write;entry_SYSCALL_64_after_hwframe;do_syscall_64;ksys_write;vfs_write;xfs_file_buffered_write;xfs_file_write_checks;file_modified_flags;xfs_vn_update_time;xfs_trans_alloc;kmem_cache_alloc
0.26% kmem_cache_alloc;get_obj_cgroup_from_current
     0.82%     0.00%  c2d      ld-linux-x86-64.so.2  [.] 0x00007efe8712fa58
0.28% 0x7efe8712fa58;0x7efe8712f22f;0x7efe87133881;0x7efe87135b47;entry_SYSCALL_64_after_hwframe;do_syscall_64;__x64_sys_mprotect;do_mprotect_pkey;mprotect_fixup;__split_vma;__vma_adjust;mas_store_prealloc;mas_wr_bnode;mas_push_data
0.27% 0x7efe8712fa58;0x7efe8712f22f;0x7efe87132c99;0x7efe871233e9
0.27% 0x7efe8712fa58;0x7efe8712f22f;0x7efe87132c99;0x7efe87123354;asm_exc_page_fault;exc_page_fault;do_user_addr_fault;handle_mm_fault;__handle_mm_fault;do_fault;filemap_map_pages;do_set_pte;page_add_file_rmap
     0.82%     0.00%  c2d      ld-linux-x86-64.so.2  [.] 0x00007efe8712f22f
0.28% 0x7efe8712f22f;0x7efe87133881;0x7efe87135b47;entry_SYSCALL_64_after_hwframe;do_syscall_64;__x64_sys_mprotect;do_mprotect_pkey;mprotect_fixup;__split_vma;__vma_adjust;mas_store_prealloc;mas_wr_bnode;mas_push_data
0.27% 0x7efe8712f22f;0x7efe87132c99;0x7efe871233e9
0.27% 0x7efe8712f22f;0x7efe87132c99;0x7efe87123354;asm_exc_page_fault;exc_page_fault;do_user_addr_fault;handle_mm_fault;__handle_mm_fault;do_fault;filemap_map_pages;do_set_pte;page_add_file_rmap
     0.59%     0.28%  c2d      [kernel.kallsyms]     [k] wp_page_copy
0.31% wp_page_copy;vma_alloc_folio;__folio_alloc;__alloc_pages;get_page_from_freelist;clear_page_rep
0.28% 0x7efe86c2624a;main;cnf2ddnnf_cmd_line;compile_cnf;compile_dt;compile_decomposed;lookup_or_compile_dt;compile_decomposed;lookup_or_compile_dt;compile_decomposed;lookup_or_compile_dt;compile_decomposed;lookup_or_compile_dt;compile_dt;compile_dt;compile_decomposed;lookup_or_compile_dt;compile_dt;compile_dt;compile_decomposed;lookup_or_compile_dt;compile_decomposed;lookup_or_compile_dt;compile_decomposed;lookup_or_compile_dt;compile_decomposed;lookup_or_compile_dt;compile_decomposed;lookup_or_compile_dt;compile_decomposed;lookup_or_compile_dt;compile_decomposed;lookup_or_compile_dt;compile_decomposed;lookup_or_compile_dt;compile_decomposed;lookup_or_compile_dt;compile_decomposed;lookup_or_compile_dt;compile_decomposed;lookup_or_compile_dt;compile_decomposed;lookup_or_compile_dt;compile_decomposed;lookup_or_compile_dt;compile_decomposed;lookup_or_compile_dt;compile_dt;compile_dt;compile_decomposed;conjoin_nnfs_lits;get_and_node;asm_exc_page_fault;exc_page_fault;do_user_addr_fault;handle_mm_fault;__handle_mm_fault;wp_page_copy
     0.58%     0.29%  c2d      [kernel.kallsyms]     [k] do_huge_pmd_anonymous_page
0.29% do_huge_pmd_anonymous_page;khugepaged_enter_vma
0.29% 0x7efe86c2624a;main;cnf2ddnnf_cmd_line;free_cache_manager;asm_exc_page_fault;exc_page_fault;do_user_addr_fault;handle_mm_fault;__handle_mm_fault;do_huge_pmd_anonymous_page
     0.58%     0.58%  c2d      [kernel.kallsyms]     [k] clear_page_rep
0.31% 0x7efe86c2624a;main;cnf2ddnnf_cmd_line;compile_cnf;compile_dt;compile_decomposed;lookup_or_compile_dt;compile_decomposed;lookup_or_compile_dt;compile_decomposed;lookup_or_compile_dt;compile_decomposed;lookup_or_compile_dt;compile_dt;compile_dt;compile_decomposed;lookup_or_compile_dt;compile_dt;compile_dt;compile_dt;compile_decomposed;lookup_or_compile_dt;compile_decomposed;lookup_or_compile_dt;compile_decomposed;lookup_or_compile_dt;compile_decomposed;lookup_or_compile_dt;compile_decomposed;lookup_or_compile_dt;compile_dt;compile_dt;compile_decomposed;lookup_or_compile_dt;compile_dt;compile_dt;compile_decomposed;lookup_or_compile_dt;compile_decomposed;lookup_or_compile_dt;insert_cnf_cache;add_cache_entry;asm_exc_page_fault;exc_page_fault;do_user_addr_fault;handle_mm_fault;__handle_mm_fault;wp_page_copy;vma_alloc_folio;__folio_alloc;__alloc_pages;get_page_from_freelist;clear_page_rep
0.27% 0;0x7efe86c970d9;asm_exc_page_fault;exc_page_fault;do_user_addr_fault;handle_mm_fault;__handle_mm_fault;vma_alloc_folio;__folio_alloc;__alloc_pages;get_page_from_freelist;clear_page_rep
     0.58%     0.00%  c2d      libc.so.6             [.] __munmap
0.29% __munmap;entry_SYSCALL_64_after_hwframe;do_syscall_64;__x64_sys_munmap;__vm_munmap;do_mas_munmap;do_mas_align_munmap;__split_vma;vm_area_dup;kmem_cache_alloc;memcg_slab_post_alloc_hook
0.29% __munmap;entry_SYSCALL_64_after_hwframe;do_syscall_64;__x64_sys_munmap;__vm_munmap;do_mas_munmap;do_mas_align_munmap;percpu_counter_add_batch
     0.58%     0.00%  c2d      [kernel.kallsyms]     [k] __x64_sys_munmap
0.29% __x64_sys_munmap;__vm_munmap;do_mas_munmap;do_mas_align_munmap;__split_vma;vm_area_dup;kmem_cache_alloc;memcg_slab_post_alloc_hook
0.29% __x64_sys_munmap;__vm_munmap;do_mas_munmap;do_mas_align_munmap;percpu_counter_add_batch
     0.58%     0.00%  c2d      [kernel.kallsyms]     [k] __vm_munmap
0.29% __vm_munmap;do_mas_munmap;do_mas_align_munmap;__split_vma;vm_area_dup;kmem_cache_alloc;memcg_slab_post_alloc_hook
0.29% __vm_munmap;do_mas_munmap;do_mas_align_munmap;percpu_counter_add_batch
     0.58%     0.00%  c2d      [kernel.kallsyms]     [k] do_mas_align_munmap
0.29% do_mas_align_munmap;__split_vma;vm_area_dup;kmem_cache_alloc;memcg_slab_post_alloc_hook
0.29% do_mas_align_munmap;percpu_counter_add_batch
     0.58%     0.29%  c2d      [kernel.kallsyms]     [k] unmap_page_range
0.29% unmap_page_range;_compound_head
0.29% entry_SYSCALL_64_after_hwframe;do_syscall_64;__x64_sys_exit_group;do_group_exit;do_exit;__mmput;exit_mmap;unmap_vmas;unmap_page_range
     0.58%     0.00%  c2d      [kernel.kallsyms]     [k] unmap_vmas
0.29% unmap_vmas;unmap_page_range;_compound_head
0.29% unmap_vmas;unmap_page_range
     0.57%     0.57%  c2d      libc.so.6             [.] malloc
0.57% malloc
     0.57%     0.00%  c2d      [kernel.kallsyms]     [k] __split_vma
0.29% __split_vma;vm_area_dup;kmem_cache_alloc;memcg_slab_post_alloc_hook
0.28% __split_vma;__vma_adjust;mas_store_prealloc;mas_wr_bnode;mas_push_data
     0.56%     0.00%  c2d      c2d                   [.] get_and_node
0.28% get_and_node;asm_exc_page_fault;exc_page_fault;do_user_addr_fault;handle_mm_fault;__handle_mm_fault;wp_page_copy
0.28% get_and_node;__irqentry_text_end
     0.55%     0.00%  c2d      [unknown]             [.] 0x00007efe86e7a758
0.28% 0x7efe86e7a758;0x7efe8711e94a
0.27% 0x7efe86e7a758;0x7efe8711e96c
     0.54%     0.00%  c2d      libc.so.6             [.] 0x00007efe86c970d9
0.27% 0x7efe86c970d9;asm_exc_page_fault;exc_page_fault;do_user_addr_fault;handle_mm_fault;__handle_mm_fault;vma_alloc_folio;__folio_alloc;__alloc_pages;get_page_from_freelist;clear_page_rep
0.27% 0x7efe86c970d9;asm_exc_page_fault;exc_page_fault;do_user_addr_fault;handle_mm_fault;__handle_mm_fault;vma_alloc_folio;__folio_alloc;__alloc_pages;get_page_from_freelist;rmqueue_bulk
     0.54%     0.00%  c2d      ld-linux-x86-64.so.2  [.] 0x00007efe87132c99
0.27% 0x7efe87132c99;0x7efe871233e9
0.27% 0x7efe87132c99;0x7efe87123354;asm_exc_page_fault;exc_page_fault;do_user_addr_fault;handle_mm_fault;__handle_mm_fault;do_fault;filemap_map_pages;do_set_pte;page_add_file_rmap
     0.52%     0.00%  c2d      [unknown]             [k] 0x00007efe871488a8
0.26% 0x7efe871488a8;0x7efe8711d075;0x7efe87135ae3;entry_SYSCALL_64_after_hwframe;do_syscall_64;ksys_mmap_pgoff;vm_mmap_pgoff;do_mmap;mmap_region;do_mas_munmap;mas_find
0.26% 0x7efe871488a8;0x7efe8711d075;0x7efe87135ae3;entry_SYSCALL_64_after_hwframe;do_syscall_64;ksys_mmap_pgoff;vm_mmap_pgoff;do_mmap;mmap_region;vm_area_alloc;kmem_cache_alloc;get_obj_cgroup_from_current
     0.52%     0.00%  c2d      ld-linux-x86-64.so.2  [.] 0x00007efe8711d075
0.26% 0x7efe8711d075;0x7efe87135ae3;entry_SYSCALL_64_after_hwframe;do_syscall_64;ksys_mmap_pgoff;vm_mmap_pgoff;do_mmap;mmap_region;do_mas_munmap;mas_find
0.26% 0x7efe8711d075;0x7efe87135ae3;entry_SYSCALL_64_after_hwframe;do_syscall_64;ksys_mmap_pgoff;vm_mmap_pgoff;do_mmap;mmap_region;vm_area_alloc;kmem_cache_alloc;get_obj_cgroup_from_current
     0.52%     0.00%  c2d      ld-linux-x86-64.so.2  [.] 0x00007efe87135ae3
0.26% 0x7efe87135ae3;entry_SYSCALL_64_after_hwframe;do_syscall_64;ksys_mmap_pgoff;vm_mmap_pgoff;do_mmap;mmap_region;do_mas_munmap;mas_find
0.26% 0x7efe87135ae3;entry_SYSCALL_64_after_hwframe;do_syscall_64;ksys_mmap_pgoff;vm_mmap_pgoff;do_mmap;mmap_region;vm_area_alloc;kmem_cache_alloc;get_obj_cgroup_from_current
     0.52%     0.00%  c2d      [kernel.kallsyms]     [k] ksys_mmap_pgoff
0.26% ksys_mmap_pgoff;vm_mmap_pgoff;do_mmap;mmap_region;do_mas_munmap;mas_find
0.26% ksys_mmap_pgoff;vm_mmap_pgoff;do_mmap;mmap_region;vm_area_alloc;kmem_cache_alloc;get_obj_cgroup_from_current
     0.52%     0.00%  c2d      [kernel.kallsyms]     [k] vm_mmap_pgoff
0.26% vm_mmap_pgoff;do_mmap;mmap_region;do_mas_munmap;mas_find
0.26% vm_mmap_pgoff;do_mmap;mmap_region;vm_area_alloc;kmem_cache_alloc;get_obj_cgroup_from_current
     0.52%     0.00%  c2d      [kernel.kallsyms]     [k] do_mmap
0.26% do_mmap;mmap_region;do_mas_munmap;mas_find
0.26% do_mmap;mmap_region;vm_area_alloc;kmem_cache_alloc;get_obj_cgroup_from_current
     0.52%     0.00%  c2d      [kernel.kallsyms]     [k] mmap_region
0.26% mmap_region;do_mas_munmap;mas_find
0.26% mmap_region;vm_area_alloc;kmem_cache_alloc;get_obj_cgroup_from_current
     0.45%     0.00%  c2d      [unknown]             [k] 0x00007fe450cf3a97
0.23% 0x7fe450cf3a97;entry_SYSCALL_64_after_hwframe;do_syscall_64;__x64_sys_execve;do_execveat_common.isra.0;bprm_execve;load_elf_binary;_copy_to_user;copy_user_generic_string;asm_exc_page_fault;exc_page_fault;do_user_addr_fault;handle_mm_fault;__handle_mm_fault
0.16% 0x7fe450cf3a97;entry_SYSCALL_64_after_hwframe;do_syscall_64;__x64_sys_execve;do_execveat_common.isra.0;bprm_execve;load_elf_binary;elf_map
0.06% 0x7fe450cf3a97;entry_SYSCALL_64_after_hwframe;do_syscall_64;__x64_sys_execve;do_execveat_common.isra.0;bprm_execve;load_elf_binary;begin_new_exec;perf_event_comm;perf_iterate_sb;perf_iterate_ctx;perf_event_comm_output;__perf_event__output_id_sample
     0.45%     0.00%  c2d      [kernel.kallsyms]     [k] __x64_sys_execve
0.23% __x64_sys_execve;do_execveat_common.isra.0;bprm_execve;load_elf_binary;_copy_to_user;copy_user_generic_string;asm_exc_page_fault;exc_page_fault;do_user_addr_fault;handle_mm_fault;__handle_mm_fault
0.16% __x64_sys_execve;do_execveat_common.isra.0;bprm_execve;load_elf_binary;elf_map
0.06% __x64_sys_execve;do_execveat_common.isra.0;bprm_execve;load_elf_binary;begin_new_exec;perf_event_comm;perf_iterate_sb;perf_iterate_ctx;perf_event_comm_output;__perf_event__output_id_sample
     0.45%     0.00%  c2d      [kernel.kallsyms]     [k] do_execveat_common.isra.0
0.23% do_execveat_common.isra.0;bprm_execve;load_elf_binary;_copy_to_user;copy_user_generic_string;asm_exc_page_fault;exc_page_fault;do_user_addr_fault;handle_mm_fault;__handle_mm_fault
0.16% do_execveat_common.isra.0;bprm_execve;load_elf_binary;elf_map
0.06% do_execveat_common.isra.0;bprm_execve;load_elf_binary;begin_new_exec;perf_event_comm;perf_iterate_sb;perf_iterate_ctx;perf_event_comm_output;__perf_event__output_id_sample
     0.45%     0.00%  c2d      [kernel.kallsyms]     [k] bprm_execve
0.23% bprm_execve;load_elf_binary;_copy_to_user;copy_user_generic_string;asm_exc_page_fault;exc_page_fault;do_user_addr_fault;handle_mm_fault;__handle_mm_fault
0.16% bprm_execve;load_elf_binary;elf_map
0.06% bprm_execve;load_elf_binary;begin_new_exec;perf_event_comm;perf_iterate_sb;perf_iterate_ctx;perf_event_comm_output;__perf_event__output_id_sample
     0.45%     0.00%  c2d      [kernel.kallsyms]     [k] load_elf_binary
0.23% load_elf_binary;_copy_to_user;copy_user_generic_string;asm_exc_page_fault;exc_page_fault;do_user_addr_fault;handle_mm_fault;__handle_mm_fault
0.16% load_elf_binary;elf_map
0.06% load_elf_binary;begin_new_exec;perf_event_comm;perf_iterate_sb;perf_iterate_ctx;perf_event_comm_output;__perf_event__output_id_sample
     0.31%     0.31%  c2d      c2d                   [.] std::log2<unsigned long>
0.31% 0x7efe86c2624a;main;cnf2ddnnf_cmd_line;compile_cnf;compile_dt;compile_decomposed;lookup_or_compile_dt;compile_decomposed;lookup_or_compile_dt;compile_decomposed;lookup_or_compile_dt;compile_decomposed;lookup_or_compile_dt;compile_dt;compile_dt;compile_decomposed;lookup_or_compile_dt;compile_dt;compile_dt;compile_dt;compile_decomposed;lookup_or_compile_dt;compile_decomposed;lookup_or_compile_dt;compile_decomposed;lookup_or_compile_dt;compile_decomposed;lookup_or_compile_dt;compile_decomposed;lookup_or_compile_dt;compile_dt;compile_dt;compile_decomposed;lookup_or_compile_dt;compile_dt;compile_dt;compile_decomposed;lookup_or_compile_dt;compile_decomposed;lookup_or_compile_dt;compile_decomposed;lookup_or_compile_dt;compile_dt;compile_dt;compile_decomposed;lookup_or_compile_dt;compile_decomposed;lookup_or_compile_dt;compile_decomposed;lookup_or_compile_dt;compile_decomposed;lookup_or_compile_dt;compile_decomposed;lookup_or_compile_dt;compile_dt;select_separator;update_separator_score;std::log2<unsigned long>
     0.31%     0.00%  c2d      c2d                   [.] select_separator
0.31% select_separator;update_separator_score;std::log2<unsigned long>
     0.31%     0.00%  c2d      c2d                   [.] update_separator_score
0.31% update_separator_score;std::log2<unsigned long>
     0.31%     0.00%  c2d      c2d                   [.] insert_cnf_cache
0.31% insert_cnf_cache;add_cache_entry;asm_exc_page_fault;exc_page_fault;do_user_addr_fault;handle_mm_fault;__handle_mm_fault;wp_page_copy;vma_alloc_folio;__folio_alloc;__alloc_pages;get_page_from_freelist;clear_page_rep
     0.31%     0.00%  c2d      c2d                   [.] add_cache_entry
0.31% add_cache_entry;asm_exc_page_fault;exc_page_fault;do_user_addr_fault;handle_mm_fault;__handle_mm_fault;wp_page_copy;vma_alloc_folio;__folio_alloc;__alloc_pages;get_page_from_freelist;clear_page_rep
     0.29%     0.29%  c2d      [kernel.kallsyms]     [k] hugepage_vma_check
0.29% 0x7efe86c2624a;main;cnf2ddnnf_cmd_line;free_cache_manager;asm_exc_page_fault;exc_page_fault;do_user_addr_fault;handle_mm_fault;__handle_mm_fault;hugepage_vma_check
     0.29%     0.29%  c2d      [kernel.kallsyms]     [k] khugepaged_enter_vma
0.29% 0x7efe86c2624a;main;cnf2ddnnf_cmd_line;free_cache_manager;asm_exc_page_fault;exc_page_fault;do_user_addr_fault;handle_mm_fault;__handle_mm_fault;do_huge_pmd_anonymous_page;khugepaged_enter_vma
     0.29%     0.29%  c2d      [kernel.kallsyms]     [k] mt_find
0.29% 0x7efe86c2624a;main;cnf2ddnnf_cmd_line;free_cache_manager;asm_exc_page_fault;exc_page_fault;do_user_addr_fault;lock_mm_and_find_vma;find_vma;mt_find
     0.29%     0.00%  c2d      [kernel.kallsyms]     [k] lock_mm_and_find_vma
0.29% lock_mm_and_find_vma;find_vma;mt_find
     0.29%     0.00%  c2d      [kernel.kallsyms]     [k] find_vma
0.29% find_vma;mt_find
     0.29%     0.29%  c2d      [kernel.kallsyms]     [k] _raw_spin_lock
0.29% 0x7efe86c2624a;main;cnf2ddnnf_cmd_line;free_cache_manager;asm_exc_page_fault;exc_page_fault;do_user_addr_fault;handle_mm_fault;__handle_mm_fault;_raw_spin_lock
     0.29%     0.29%  c2d      [kernel.kallsyms]     [k] memcg_slab_post_alloc_hook
0.29% __munmap;entry_SYSCALL_64_after_hwframe;do_syscall_64;__x64_sys_munmap;__vm_munmap;do_mas_munmap;do_mas_align_munmap;__split_vma;vm_area_dup;kmem_cache_alloc;memcg_slab_post_alloc_hook
     0.29%     0.00%  c2d      [kernel.kallsyms]     [k] vm_area_dup
0.29% vm_area_dup;kmem_cache_alloc;memcg_slab_post_alloc_hook
     0.29%     0.29%  c2d      [kernel.kallsyms]     [k] percpu_counter_add_batch
0.29% __munmap;entry_SYSCALL_64_after_hwframe;do_syscall_64;__x64_sys_munmap;__vm_munmap;do_mas_munmap;do_mas_align_munmap;percpu_counter_add_batch
     0.29%     0.00%  c2d      [unknown]             [k] 0x67616e616d20464e
0.29% 0x67616e616d20464e;write;entry_SYSCALL_64_after_hwframe;do_syscall_64;ksys_write;vfs_write;xfs_file_buffered_write;xfs_file_write_checks;file_modified_flags;xfs_vn_update_time;xfs_trans_alloc;kmem_cache_alloc
     0.29%     0.00%  c2d      libc.so.6             [.] write
0.29% write;entry_SYSCALL_64_after_hwframe;do_syscall_64;ksys_write;vfs_write;xfs_file_buffered_write;xfs_file_write_checks;file_modified_flags;xfs_vn_update_time;xfs_trans_alloc;kmem_cache_alloc
     0.29%     0.00%  c2d      [kernel.kallsyms]     [k] ksys_write
0.29% ksys_write;vfs_write;xfs_file_buffered_write;xfs_file_write_checks;file_modified_flags;xfs_vn_update_time;xfs_trans_alloc;kmem_cache_alloc
     0.29%     0.00%  c2d      [kernel.kallsyms]     [k] vfs_write
0.29% vfs_write;xfs_file_buffered_write;xfs_file_write_checks;file_modified_flags;xfs_vn_update_time;xfs_trans_alloc;kmem_cache_alloc
     0.29%     0.00%  c2d      [xfs]                 [k] xfs_file_buffered_write
0.29% xfs_file_buffered_write;xfs_file_write_checks;file_modified_flags;xfs_vn_update_time;xfs_trans_alloc;kmem_cache_alloc
     0.29%     0.00%  c2d      [xfs]                 [k] xfs_file_write_checks
0.29% xfs_file_write_checks;file_modified_flags;xfs_vn_update_time;xfs_trans_alloc;kmem_cache_alloc
     0.29%     0.00%  c2d      [kernel.kallsyms]     [k] file_modified_flags
0.29% file_modified_flags;xfs_vn_update_time;xfs_trans_alloc;kmem_cache_alloc
     0.29%     0.00%  c2d      [xfs]                 [k] xfs_vn_update_time
0.29% xfs_vn_update_time;xfs_trans_alloc;kmem_cache_alloc
     0.29%     0.00%  c2d      [xfs]                 [k] xfs_trans_alloc
0.29% xfs_trans_alloc;kmem_cache_alloc
     0.29%     0.29%  c2d      [kernel.kallsyms]     [k] free_pgd_range
0.29% entry_SYSCALL_64_after_hwframe;do_syscall_64;__x64_sys_exit_group;do_group_exit;do_exit;__mmput;exit_mmap;free_pgtables;free_pgd_range
     0.29%     0.00%  c2d      [kernel.kallsyms]     [k] free_pgtables
0.29% free_pgtables;free_pgd_range
     0.29%     0.29%  c2d      [kernel.kallsyms]     [k] _compound_head
0.29% entry_SYSCALL_64_after_hwframe;do_syscall_64;__x64_sys_exit_group;do_group_exit;do_exit;__mmput;exit_mmap;unmap_vmas;unmap_page_range;_compound_head
     0.28%     0.28%  c2d      c2d                   [.] update_relevance_bit
0.28% 0x7efe86c2624a;main;cnf2ddnnf_cmd_line;compile_cnf;compile_dt;compile_decomposed;lookup_or_compile_dt;compile_decomposed;lookup_or_compile_dt;compile_decomposed;lookup_or_compile_dt;compile_decomposed;lookup_or_compile_dt;compile_dt;compile_dt;compile_decomposed;lookup_or_compile_dt;compile_dt;compile_dt;compile_decomposed;lookup_or_compile_dt;compile_dt;compile_dt;compile_decomposed;lookup_or_compile_dt;compile_decomposed;lookup_or_compile_dt;compile_decomposed;lookup_or_compile_dt;compile_decomposed;lookup_or_compile_dt;get_cnf_key;apply_to_vars;pack_var_2bits;update_relevance_bit
     0.28%     0.00%  c2d      c2d                   [.] get_cnf_key
0.28% get_cnf_key;apply_to_vars;pack_var_2bits;update_relevance_bit
     0.28%     0.00%  c2d      c2d                   [.] apply_to_vars
0.28% apply_to_vars;pack_var_2bits;update_relevance_bit
     0.28%     0.00%  c2d      c2d                   [.] pack_var_2bits
0.28% pack_var_2bits;update_relevance_bit
     0.28%     0.28%  c2d      [kernel.kallsyms]     [k] atime_needs_update
0.28% 0;read;entry_SYSCALL_64_after_hwframe;do_syscall_64;ksys_read;vfs_read;xfs_file_read_iter;xfs_file_buffered_read;filemap_read;touch_atime;atime_needs_update
     0.28%     0.00%  c2d      libc.so.6             [.] read
0.28% read;entry_SYSCALL_64_after_hwframe;do_syscall_64;ksys_read;vfs_read;xfs_file_read_iter;xfs_file_buffered_read;filemap_read;touch_atime;atime_needs_update
     0.28%     0.00%  c2d      [kernel.kallsyms]     [k] ksys_read
0.28% ksys_read;vfs_read;xfs_file_read_iter;xfs_file_buffered_read;filemap_read;touch_atime;atime_needs_update
     0.28%     0.00%  c2d      [kernel.kallsyms]     [k] vfs_read
0.28% vfs_read;xfs_file_read_iter;xfs_file_buffered_read;filemap_read;touch_atime;atime_needs_update
     0.28%     0.00%  c2d      [xfs]                 [k] xfs_file_read_iter
0.28% xfs_file_read_iter;xfs_file_buffered_read;filemap_read;touch_atime;atime_needs_update
     0.28%     0.00%  c2d      [xfs]                 [k] xfs_file_buffered_read
0.28% xfs_file_buffered_read;filemap_read;touch_atime;atime_needs_update
     0.28%     0.00%  c2d      [kernel.kallsyms]     [k] filemap_read
0.28% filemap_read;touch_atime;atime_needs_update
     0.28%     0.00%  c2d      [kernel.kallsyms]     [k] touch_atime
0.28% touch_atime;atime_needs_update
     0.28%     0.28%  c2d      c2d                   [.] literal2nnf_node
0.28% 0x7efe86c2624a;main;cnf2ddnnf_cmd_line;compile_cnf;compile_dt;compile_decomposed;lookup_or_compile_dt;compile_decomposed;lookup_or_compile_dt;compile_decomposed;lookup_or_compile_dt;compile_decomposed;lookup_or_compile_dt;compile_dt;compile_dt;compile_decomposed;lookup_or_compile_dt;compile_dt;compile_dt;compile_decomposed;lookup_or_compile_dt;compile_decomposed;lookup_or_compile_dt;compile_decomposed;lookup_or_compile_dt;compile_decomposed;lookup_or_compile_dt;compile_decomposed;lookup_or_compile_dt;compile_decomposed;lookup_or_compile_dt;compile_decomposed;lookup_or_compile_dt;compile_decomposed;lookup_or_compile_dt;compile_decomposed;lookup_or_compile_dt;compile_decomposed;lookup_or_compile_dt;compile_dt;compile_dt;compile_decomposed;conjoin_nnfs_lits;conjoin_relevant_lits;literal2nnf_node
     0.28%     0.00%  c2d      c2d                   [.] conjoin_relevant_lits
0.28% conjoin_relevant_lits;literal2nnf_node
     0.28%     0.28%  c2d      [kernel.kallsyms]     [k] apparmor_inode_getattr
0.28% 0;fstatat64;entry_SYSCALL_64_after_hwframe;do_syscall_64;__do_sys_newfstatat;vfs_fstatat;vfs_statx;security_inode_getattr;apparmor_inode_getattr
     0.28%     0.00%  c2d      libc.so.6             [.] fstatat64
0.28% fstatat64;entry_SYSCALL_64_after_hwframe;do_syscall_64;__do_sys_newfstatat;vfs_fstatat;vfs_statx;security_inode_getattr;apparmor_inode_getattr
     0.28%     0.00%  c2d      [kernel.kallsyms]     [k] __do_sys_newfstatat
0.28% __do_sys_newfstatat;vfs_fstatat;vfs_statx;security_inode_getattr;apparmor_inode_getattr
     0.28%     0.00%  c2d      [kernel.kallsyms]     [k] vfs_fstatat
0.28% vfs_fstatat;vfs_statx;security_inode_getattr;apparmor_inode_getattr
     0.28%     0.00%  c2d      [kernel.kallsyms]     [k] vfs_statx
0.28% vfs_statx;security_inode_getattr;apparmor_inode_getattr
     0.28%     0.00%  c2d      [kernel.kallsyms]     [k] security_inode_getattr
0.28% security_inode_getattr;apparmor_inode_getattr
     0.28%     0.28%  c2d      [kernel.kallsyms]     [k] __irqentry_text_end
0.28% 0x7efe86c2624a;main;cnf2ddnnf_cmd_line;compile_cnf;compile_dt;compile_decomposed;lookup_or_compile_dt;compile_decomposed;lookup_or_compile_dt;compile_decomposed;lookup_or_compile_dt;compile_decomposed;lookup_or_compile_dt;compile_decomposed;conjoin_nnfs_lits;get_and_node;__irqentry_text_end
     0.28%     0.28%  c2d      libstdc++.so.6.0.30   [.] std::ios_base::Init::Init
0.28% __libc_start_main;_GLOBAL__sub_I__ZN5GraphC2EP3cnf;std::ios_base::Init::Init
     0.28%     0.00%  c2d      libc.so.6             [.] __libc_start_main
0.28% __libc_start_main;_GLOBAL__sub_I__ZN5GraphC2EP3cnf;std::ios_base::Init::Init
     0.28%     0.00%  c2d      c2d                   [.] _GLOBAL__sub_I__ZN5GraphC2EP3cnf
0.28% _GLOBAL__sub_I__ZN5GraphC2EP3cnf;std::ios_base::Init::Init
     0.28%     0.28%  c2d      [kernel.kallsyms]     [k] mas_push_data
0.28% 0x7efe8712fa58;0x7efe8712f22f;0x7efe87133881;0x7efe87135b47;entry_SYSCALL_64_after_hwframe;do_syscall_64;__x64_sys_mprotect;do_mprotect_pkey;mprotect_fixup;__split_vma;__vma_adjust;mas_store_prealloc;mas_wr_bnode;mas_push_data
     0.28%     0.00%  c2d      ld-linux-x86-64.so.2  [.] 0x00007efe87133881
0.28% 0x7efe87133881;0x7efe87135b47;entry_SYSCALL_64_after_hwframe;do_syscall_64;__x64_sys_mprotect;do_mprotect_pkey;mprotect_fixup;__split_vma;__vma_adjust;mas_store_prealloc;mas_wr_bnode;mas_push_data
     0.28%     0.00%  c2d      ld-linux-x86-64.so.2  [.] 0x00007efe87135b47
0.28% 0x7efe87135b47;entry_SYSCALL_64_after_hwframe;do_syscall_64;__x64_sys_mprotect;do_mprotect_pkey;mprotect_fixup;__split_vma;__vma_adjust;mas_store_prealloc;mas_wr_bnode;mas_push_data
     0.28%     0.00%  c2d      [kernel.kallsyms]     [k] __x64_sys_mprotect
0.28% __x64_sys_mprotect;do_mprotect_pkey;mprotect_fixup;__split_vma;__vma_adjust;mas_store_prealloc;mas_wr_bnode;mas_push_data
     0.28%     0.00%  c2d      [kernel.kallsyms]     [k] do_mprotect_pkey
0.28% do_mprotect_pkey;mprotect_fixup;__split_vma;__vma_adjust;mas_store_prealloc;mas_wr_bnode;mas_push_data
     0.28%     0.00%  c2d      [kernel.kallsyms]     [k] mprotect_fixup
0.28% mprotect_fixup;__split_vma;__vma_adjust;mas_store_prealloc;mas_wr_bnode;mas_push_data
     0.28%     0.00%  c2d      [kernel.kallsyms]     [k] __vma_adjust
0.28% __vma_adjust;mas_store_prealloc;mas_wr_bnode;mas_push_data
     0.28%     0.00%  c2d      [kernel.kallsyms]     [k] mas_store_prealloc
0.28% mas_store_prealloc;mas_wr_bnode;mas_push_data
     0.28%     0.00%  c2d      [kernel.kallsyms]     [k] mas_wr_bnode
0.28% mas_wr_bnode;mas_push_data
     0.28%     0.28%  c2d      [kernel.kallsyms]     [k] x64_sys_call
0.28% 0x7efe86c2624a;main;clock_gettime;__vdso_clock_gettime;entry_SYSCALL_64_after_hwframe;do_syscall_64;x64_sys_call
     0.28%     0.00%  c2d      libc.so.6             [.] clock_gettime
0.28% clock_gettime;__vdso_clock_gettime;entry_SYSCALL_64_after_hwframe;do_syscall_64;x64_sys_call
     0.28%     0.00%  c2d      [vdso]                [.] __vdso_clock_gettime
0.28% __vdso_clock_gettime;entry_SYSCALL_64_after_hwframe;do_syscall_64;x64_sys_call
     0.28%     0.28%  c2d      ld-linux-x86-64.so.2  [.] 0x0000000000009947
0.28% 0x1c5520;0x7efe86e7a758;0x7efe8711e94a
     0.28%     0.00%  c2d      [unknown]             [.] 0x00000000001c5520
0.28% 0x1c5520;0x7efe86e7a758;0x7efe8711e94a
     0.28%     0.00%  c2d      ld-linux-x86-64.so.2  [.] 0x00007efe8711e94a
0.28% 0x7efe8711e94a
     0.28%     0.28%  c2d      libc.so.6             [.] cfree
0.28% cfree
     0.27%     0.27%  c2d      ld-linux-x86-64.so.2  [.] 0x0000000000009966
0.27% 0x1a12a0;0x7efe86e7a758;0x7efe8711e96c
     0.27%     0.00%  c2d      [unknown]             [.] 0x00000000001a12a0
0.27% 0x1a12a0;0x7efe86e7a758;0x7efe8711e96c
     0.27%     0.00%  c2d      ld-linux-x86-64.so.2  [.] 0x00007efe8711e96c
0.27% 0x7efe8711e96c
     0.27%     0.27%  c2d      c2d                   [.] hdtree2dtree
0.27% 0x7efe86c2624a;main;cnf2ddnnf_cmd_line;construct_dtree_manager;hdtree2dtree;hdtree2dtree;hdtree2dtree;hdtree2dtree;hdtree2dtree;hdtree2dtree;hdtree2dtree;hdtree2dtree;hdtree2dtree
     0.27%     0.00%  c2d      c2d                   [.] construct_dtree_manager
0.27% construct_dtree_manager;hdtree2dtree;hdtree2dtree;hdtree2dtree;hdtree2dtree;hdtree2dtree;hdtree2dtree;hdtree2dtree;hdtree2dtree;hdtree2dtree
     0.27%     0.27%  c2d      ld-linux-x86-64.so.2  [.] 0x000000000000e3e7
0.27% 0x7efe8712fa58;0x7efe8712f22f;0x7efe87132c99;0x7efe871233e9
     0.27%     0.00%  c2d      ld-linux-x86-64.so.2  [.] 0x00007efe871233e9
0.27% 0x7efe871233e9
     0.27%     0.27%  c2d      libc.so.6             [.] 0x000000000005f268
0.27% 0x7efe86c2624a;main;cnf2ddnnf_cmd_line;load_hdtree_from_file;__isoc99_fscanf;0x7efe86c5e26b
     0.27%     0.00%  c2d      c2d                   [.] load_hdtree_from_file
0.27% load_hdtree_from_file;__isoc99_fscanf;0x7efe86c5e26b
     0.27%     0.00%  c2d      libc.so.6             [.] __isoc99_fscanf
0.27% __isoc99_fscanf;0x7efe86c5e26b
     0.27%     0.00%  c2d      libc.so.6             [.] 0x00007efe86c5e26b
0.27% 0x7efe86c5e26b
     0.27%     0.27%  c2d      c2d                   [.] initialize_clause
0.27% 0x7efe86c2624a;main;cnf2ddnnf_cmd_line;construct_cnf_manager;construct_cnf_clauses;initialize_clause
     0.27%     0.00%  c2d      c2d                   [.] construct_cnf_manager
0.27% construct_cnf_manager;construct_cnf_clauses;initialize_clause
     0.27%     0.00%  c2d      c2d                   [.] construct_cnf_clauses
0.27% construct_cnf_clauses;initialize_clause
     0.27%     0.27%  c2d      c2d                   [.] compute_clause_size
0.27% 0x7efe86c2624a;main;cnf2ddnnf_cmd_line;cnf2hgr;compute_clause_size
     0.27%     0.00%  c2d      c2d                   [.] cnf2hgr
0.27% cnf2hgr;compute_clause_size
     0.27%     0.27%  c2d      [kernel.kallsyms]     [k] __rcu_read_unlock
0.27% 0x7efe8712fa58;0x7efe8712f22f;0x7efe87132c99;0x7efe87123354;asm_exc_page_fault;exc_page_fault;do_user_addr_fault;handle_mm_fault;__handle_mm_fault;do_fault;filemap_map_pages;do_set_pte;page_add_file_rmap
     0.27%     0.00%  c2d      ld-linux-x86-64.so.2  [.] 0x00007efe87123354
0.27% 0x7efe87123354;asm_exc_page_fault;exc_page_fault;do_user_addr_fault;handle_mm_fault;__handle_mm_fault;do_fault;filemap_map_pages;do_set_pte;page_add_file_rmap
     0.27%     0.00%  c2d      [kernel.kallsyms]     [k] do_fault
0.27% do_fault;filemap_map_pages;do_set_pte;page_add_file_rmap
     0.27%     0.00%  c2d      [kernel.kallsyms]     [k] filemap_map_pages
0.27% filemap_map_pages;do_set_pte;page_add_file_rmap
     0.27%     0.00%  c2d      [kernel.kallsyms]     [k] do_set_pte
0.27% do_set_pte;page_add_file_rmap
     0.27%     0.00%  c2d      [kernel.kallsyms]     [k] page_add_file_rmap
0.27% page_add_file_rmap
     0.27%     0.27%  c2d      [kernel.kallsyms]     [k] rmqueue_bulk
0.27% 0;0x7efe86c970d9;asm_exc_page_fault;exc_page_fault;do_user_addr_fault;handle_mm_fault;__handle_mm_fault;vma_alloc_folio;__folio_alloc;__alloc_pages;get_page_from_freelist;rmqueue_bulk
     0.27%     0.27%  c2d      libc.so.6             [.] 0x0000000000096125
0.27% 0x7efe86c9512b
     0.27%     0.00%  c2d      libc.so.6             [.] 0x00007efe86c9512b
0.27% 0x7efe86c9512b
     0.27%     0.27%  c2d      ld-linux-x86-64.so.2  [.] 0x0000000000009016
0.27% 0x7efe8711e019
     0.27%     0.00%  c2d      ld-linux-x86-64.so.2  [.] 0x00007efe8711e019
0.27% 0x7efe8711e019
     0.26%     0.26%  c2d      libc.so.6             [.] 0x0000000000096259
0.26% 0x7efe86c9525b
     0.26%     0.00%  c2d      libc.so.6             [.] 0x00007efe86c9525b
0.26% 0x7efe86c9525b
     0.26%     0.26%  c2d      [kernel.kallsyms]     [k] mas_find
0.26% 0x7efe871488a8;0x7efe8711d075;0x7efe87135ae3;entry_SYSCALL_64_after_hwframe;do_syscall_64;ksys_mmap_pgoff;vm_mmap_pgoff;do_mmap;mmap_region;do_mas_munmap;mas_find
     0.26%     0.26%  c2d      [kernel.kallsyms]     [k] get_obj_cgroup_from_current
0.26% 0x7efe871488a8;0x7efe8711d075;0x7efe87135ae3;entry_SYSCALL_64_after_hwframe;do_syscall_64;ksys_mmap_pgoff;vm_mmap_pgoff;do_mmap;mmap_region;vm_area_alloc;kmem_cache_alloc;get_obj_cgroup_from_current
     0.26%     0.00%  c2d      [kernel.kallsyms]     [k] vm_area_alloc
0.26% vm_area_alloc;kmem_cache_alloc;get_obj_cgroup_from_current
     0.25%     0.25%  c2d      [kernel.kallsyms]     [k] expand_files
0.25% 0;0x7efe8713595d;entry_SYSCALL_64_after_hwframe;do_syscall_64;__x64_sys_openat;do_sys_openat2;alloc_fd;expand_files
     0.25%     0.00%  c2d      ld-linux-x86-64.so.2  [.] 0x00007efe8713595d
0.25% 0x7efe8713595d;entry_SYSCALL_64_after_hwframe;do_syscall_64;__x64_sys_openat;do_sys_openat2;alloc_fd;expand_files
     0.25%     0.00%  c2d      [kernel.kallsyms]     [k] __x64_sys_openat
0.25% __x64_sys_openat;do_sys_openat2;alloc_fd;expand_files
     0.25%     0.00%  c2d      [kernel.kallsyms]     [k] do_sys_openat2
0.25% do_sys_openat2;alloc_fd;expand_files
     0.25%     0.00%  c2d      [kernel.kallsyms]     [k] alloc_fd
0.25% alloc_fd;expand_files
     0.23%     0.00%  c2d      [kernel.kallsyms]     [k] _copy_to_user
0.23% _copy_to_user;copy_user_generic_string;asm_exc_page_fault;exc_page_fault;do_user_addr_fault;handle_mm_fault;__handle_mm_fault
     0.23%     0.00%  c2d      [kernel.kallsyms]     [k] copy_user_generic_string
0.23% copy_user_generic_string;asm_exc_page_fault;exc_page_fault;do_user_addr_fault;handle_mm_fault;__handle_mm_fault
     0.16%     0.16%  c2d      [kernel.kallsyms]     [k] elf_map
0.16% 0x7fe450cf3a97;entry_SYSCALL_64_after_hwframe;do_syscall_64;__x64_sys_execve;do_execveat_common.isra.0;bprm_execve;load_elf_binary;elf_map
     0.06%     0.06%  c2d      [kernel.kallsyms]     [k] __perf_event__output_id_sample
0.06% 0x7fe450cf3a97;entry_SYSCALL_64_after_hwframe;do_syscall_64;__x64_sys_execve;do_execveat_common.isra.0;bprm_execve;load_elf_binary;begin_new_exec;perf_event_comm;perf_iterate_sb;perf_iterate_ctx;perf_event_comm_output;__perf_event__output_id_sample
     0.06%     0.00%  c2d      [kernel.kallsyms]     [k] begin_new_exec
0.06% begin_new_exec;perf_event_comm;perf_iterate_sb;perf_iterate_ctx;perf_event_comm_output;__perf_event__output_id_sample
     0.06%     0.00%  c2d      [kernel.kallsyms]     [k] perf_event_comm
0.06% perf_event_comm;perf_iterate_sb;perf_iterate_ctx;perf_event_comm_output;__perf_event__output_id_sample
     0.06%     0.00%  c2d      [kernel.kallsyms]     [k] perf_iterate_sb
0.06% perf_iterate_sb;perf_iterate_ctx;perf_event_comm_output;__perf_event__output_id_sample
     0.06%     0.00%  c2d      [kernel.kallsyms]     [k] perf_iterate_ctx
0.06% perf_iterate_ctx;perf_event_comm_output;__perf_event__output_id_sample
     0.06%     0.00%  c2d      [kernel.kallsyms]     [k] perf_event_comm_output
0.06% perf_event_comm_output;__perf_event__output_id_sample
     0.02%     0.00%  perf-ex  [kernel.kallsyms]     [k] native_write_msr
0.02% native_write_msr
     0.02%     0.00%  perf-ex  [unknown]             [k] 0x00007fe450cf3a97
0.02% 0x7fe450cf3a97;entry_SYSCALL_64_after_hwframe;do_syscall_64;__x64_sys_execve;do_execveat_common.isra.0;bprm_execve;load_elf_binary;begin_new_exec;perf_event_exec;__intel_pmu_enable_all.constprop.0;native_write_msr
     0.02%     0.00%  perf-ex  [kernel.kallsyms]     [k] entry_SYSCALL_64_after_hwframe
0.02% entry_SYSCALL_64_after_hwframe;do_syscall_64;__x64_sys_execve;do_execveat_common.isra.0;bprm_execve;load_elf_binary;begin_new_exec;perf_event_exec;__intel_pmu_enable_all.constprop.0;native_write_msr
     0.02%     0.00%  perf-ex  [kernel.kallsyms]     [k] do_syscall_64
0.02% do_syscall_64;__x64_sys_execve;do_execveat_common.isra.0;bprm_execve;load_elf_binary;begin_new_exec;perf_event_exec;__intel_pmu_enable_all.constprop.0;native_write_msr
     0.02%     0.00%  perf-ex  [kernel.kallsyms]     [k] __x64_sys_execve
0.02% __x64_sys_execve;do_execveat_common.isra.0;bprm_execve;load_elf_binary;begin_new_exec;perf_event_exec;__intel_pmu_enable_all.constprop.0;native_write_msr
     0.02%     0.00%  perf-ex  [kernel.kallsyms]     [k] do_execveat_common.isra.0
0.02% do_execveat_common.isra.0;bprm_execve;load_elf_binary;begin_new_exec;perf_event_exec;__intel_pmu_enable_all.constprop.0;native_write_msr
     0.02%     0.00%  perf-ex  [kernel.kallsyms]     [k] bprm_execve
0.02% bprm_execve;load_elf_binary;begin_new_exec;perf_event_exec;__intel_pmu_enable_all.constprop.0;native_write_msr
     0.02%     0.00%  perf-ex  [kernel.kallsyms]     [k] load_elf_binary
0.02% load_elf_binary;begin_new_exec;perf_event_exec;__intel_pmu_enable_all.constprop.0;native_write_msr
     0.02%     0.00%  perf-ex  [kernel.kallsyms]     [k] begin_new_exec
0.02% begin_new_exec;perf_event_exec;__intel_pmu_enable_all.constprop.0;native_write_msr
     0.02%     0.00%  perf-ex  [kernel.kallsyms]     [k] perf_event_exec
0.02% perf_event_exec;__intel_pmu_enable_all.constprop.0;native_write_msr
     0.02%     0.00%  perf-ex  [kernel.kallsyms]     [k] __intel_pmu_enable_all.constprop.0
0.02% __intel_pmu_enable_all.constprop.0;native_write_msr
     0.01%     0.01%  perf-ex  [kernel.kallsyms]     [k] nmi_restore
0.01% 0x7fe450cf3a97;entry_SYSCALL_64_after_hwframe;do_syscall_64;__x64_sys_execve;do_execveat_common.isra.0;bprm_execve;load_elf_binary;begin_new_exec;perf_event_exec;__intel_pmu_enable_all.constprop.0;native_write_msr
     0.00%     0.00%  perf-ex  [kernel.kallsyms]     [k] memcpy_fromio
     0.00%     0.00%  perf-ex  [kernel.kallsyms]     [k] native_sched_clock


#
# (Tip: Treat branches as callchains: perf report --branch-history)
#
