# To display the perf.data header info, please use --header/--header-only options.
#
#
# Total Lost Samples: 0
#
# Samples: 365  of event 'cycles'
# Event count (approx.): 244839103
#
# Children      Self  Command  Shared Object         Symbol                                
# ........  ........  .......  ....................  ......................................
#
    92.46%     0.00%  c2d      libc.so.6             [.] 0x00007f06a076724a
86.52% 0x7f06a076724a;main;cnf2ddnnf_cmd_line;free_cache_manager
0.30% 0x7f06a076724a;main;cnf2ddnnf_cmd_line;free_cache_manager;cfree
0.29% 0x7f06a076724a;main;cnf2ddnnf_cmd_line;free_cache_manager;asm_exc_page_fault;exc_page_fault;do_user_addr_fault;lock_mm_and_find_vma;find_vma;mt_find
0.29% 0x7f06a076724a;main;cnf2ddnnf_cmd_line;free_cache_manager;error_entry
0.29% 0x7f06a076724a;main;cnf2ddnnf_cmd_line;free_cache_manager;asm_exc_page_fault;exc_page_fault;do_user_addr_fault;handle_mm_fault;__handle_mm_fault;do_huge_pmd_anonymous_page;pte_alloc_one;mod_lruvec_page_state.constprop.0;__mod_lruvec_page_state;__mod_memcg_lruvec_state
0.29% 0x7f06a076724a;main;cnf2ddnnf_cmd_line;free_cache_manager;__irqentry_text_end
0.29% 0x7f06a076724a;main;cnf2ddnnf_cmd_line;compile_cnf;compile_dt;compile_dt;compile_dt;compile_dt;compile_dt;compile_dt;compile_decomposed;lookup_or_compile_dt;compile_dt;compile_dt;compile_dt;compile_dt;compile_dt;compile_dt;compile_dt;compile_decomposed;conjoin_relevant_lits;get_and_node;asm_exc_page_fault;exc_page_fault;do_user_addr_fault;handle_mm_fault;__handle_mm_fault;wp_page_copy;vma_alloc_folio;__folio_alloc;__alloc_pages;get_page_from_freelist;__list_del_entry_valid
0.29% 0x7f06a076724a;main;cnf2ddnnf_cmd_line;compile_cnf;compile_dt;compile_dt;compile_dt;compile_dt;undo_decide_literal;erase_level
0.28% 0x7f06a076724a;main;cnf2ddnnf_cmd_line;compile_cnf;compile_dt;compile_dt;compile_dt;compile_dt;compile_dt;compile_decomposed;lookup_or_compile_dt;compile_dt;compile_dt;compile_decomposed;lookup_or_compile_dt;compile_dt;compile_dt;compile_decomposed;lookup_or_compile_dt;compile_decomposed;lookup_or_compile_dt;compile_decomposed;lookup_or_compile_dt;compile_decomposed;lookup_or_compile_dt;compile_decomposed;lookup_or_compile_dt;compile_decomposed;lookup_or_compile_dt;compile_decomposed;lookup_or_compile_dt;compile_decomposed;lookup_or_compile_dt;compile_decomposed;lookup_or_compile_dt;compile_decomposed;lookup_or_compile_dt;compile_decomposed;lookup_or_compile_dt;compile_decomposed;lookup_or_compile_dt;insert_cnf_cache;add_cache_entry;asm_exc_page_fault;exc_page_fault;do_user_addr_fault;handle_mm_fault;__handle_mm_fault;do_huge_pmd_wp_page;__split_huge_pmd
0.28% 0x7f06a076724a;main;cnf2ddnnf_cmd_line;compile_cnf;compile_dt;compile_dt;compile_dt;compile_dt;compile_dt;compile_decomposed;lookup_or_compile_dt;compile_dt;compile_dt;compile_dt;compile_dt;compile_dt;compile_dt;compile_dt;compile_decomposed;lookup_or_compile_dt;get_cnf_key;apply_to_vars;pack_var_2bits;update_relevance_bit
0.28% 0x7f06a076724a;main;cnf2ddnnf_cmd_line;compile_cnf;compile_dt;compile_dt;compile_dt;compile_dt;compile_dt;compile_decomposed;lookup_or_compile_dt;compile_dt;compile_dt;compile_dt;compile_dt;compile_dt;compile_dt;compile_decomposed;lookup_or_compile_dt;compile_decomposed;lookup_or_compile_dt;compile_decomposed;lookup_or_compile_dt;compile_decomposed;lookup_or_compile_dt;compile_decomposed;lookup_or_compile_dt;compile_decomposed;lookup_or_compile_dt;compile_decomposed;lookup_or_compile_dt;compile_dt;select_separator;update_separator_score;log2
0.28% 0x7f06a076724a;main;cnf2ddnnf_cmd_line;compile_cnf;compile_dt;compile_dt;compile_dt;compile_dt;compile_dt;compile_decomposed;lookup_or_compile_dt;compile_dt;compile_dt;compile_dt;compile_dt;compile_decomposed;lookup_or_compile_dt;active_separator_count;push_items_to_end;eliminated;weakly_eliminated;subs_cls
0.28% 0x7f06a076724a;main;cnf2ddnnf_cmd_line;compile_cnf;compile_dt;compile_dt;compile_dt;conjoin_nnfs_lits;conjoin_relevant_lits;get_and_node;asm_exc_page_fault;exc_page_fault;do_user_addr_fault;handle_mm_fault;__handle_mm_fault;wp_page_copy;vma_alloc_folio;__folio_alloc;__alloc_pages;get_page_from_freelist;clear_page_rep
0.28% 0x7f06a076724a;main;cnf2ddnnf_cmd_line;compile_cnf;compile_dt;compile_dt;compile_dt;conjoin_nnfs_lits;get_and_node;asm_exc_page_fault;exc_page_fault;do_user_addr_fault;handle_mm_fault;__handle_mm_fault;wp_page_copy;vma_alloc_folio;__folio_alloc;__alloc_pages;get_page_from_freelist;clear_page_rep
0.28% 0x7f06a076724a;main;cnf2ddnnf_cmd_line;compile_cnf;compile_dt;decide_literal;set_literal;update_subsumption
0.27% 0x7f06a076724a;main;cnf2ddnnf_cmd_line;construct_dtree_manager;initialize_dtree_separators;fill_separators;fill_separators;fill_separators;fill_separators;fill_separators;fill_separators;fill_separators;fill_separators;fill_separators
0.26% 0x7f06a076724a;main;cnf2ddnnf_cmd_line;construct_cnf_manager;0x7f06a07e36c0
0.25% 0x7f06a076724a;main;cnf2ddnnf_cmd_line;load_hdtree_from_file;__isoc99_fscanf;_IO_sputbackc
0.25% 0x7f06a076724a;main;cnf2ddnnf_cmd_line;load_hdtree_from_file;dtree_skeleton2hdtree;initialize_hdtree;initialize_hdtree;initialize_hdtree;initialize_hdtree;initialize_hdtree;initialize_hdtree;initialize_hdtree;initialize_hdtree;initialize_hdtree;edges_intersection
0.25% 0x7f06a076724a;main;cnf2ddnnf_cmd_line;load_hdtree_from_file;dtree_skeleton2hdtree;initialize_hdtree;initialize_hdtree;initialize_hdtree;initialize_hdtree;initialize_hdtree;edges_intersection
0.24% 0x7f06a076724a;cnf2ddnnf_cmd_line
0.22% 0x7f06a076724a;main;__isoc99_fscanf
0.18% 0x7f06a076724a;main;__isoc99_fscanf;0x7f06a07c6013
    92.22%     0.00%  c2d      c2d                   [.] main
86.52% main;cnf2ddnnf_cmd_line;free_cache_manager
0.30% main;cnf2ddnnf_cmd_line;free_cache_manager;cfree
0.29% main;cnf2ddnnf_cmd_line;free_cache_manager;asm_exc_page_fault;exc_page_fault;do_user_addr_fault;lock_mm_and_find_vma;find_vma;mt_find
0.29% main;cnf2ddnnf_cmd_line;free_cache_manager;error_entry
0.29% main;cnf2ddnnf_cmd_line;free_cache_manager;asm_exc_page_fault;exc_page_fault;do_user_addr_fault;handle_mm_fault;__handle_mm_fault;do_huge_pmd_anonymous_page;pte_alloc_one;mod_lruvec_page_state.constprop.0;__mod_lruvec_page_state;__mod_memcg_lruvec_state
0.29% main;cnf2ddnnf_cmd_line;free_cache_manager;__irqentry_text_end
0.29% main;cnf2ddnnf_cmd_line;compile_cnf;compile_dt;compile_dt;compile_dt;compile_dt;compile_dt;compile_dt;compile_decomposed;lookup_or_compile_dt;compile_dt;compile_dt;compile_dt;compile_dt;compile_dt;compile_dt;compile_dt;compile_decomposed;conjoin_relevant_lits;get_and_node;asm_exc_page_fault;exc_page_fault;do_user_addr_fault;handle_mm_fault;__handle_mm_fault;wp_page_copy;vma_alloc_folio;__folio_alloc;__alloc_pages;get_page_from_freelist;__list_del_entry_valid
0.29% main;cnf2ddnnf_cmd_line;compile_cnf;compile_dt;compile_dt;compile_dt;compile_dt;undo_decide_literal;erase_level
0.28% main;cnf2ddnnf_cmd_line;compile_cnf;compile_dt;compile_dt;compile_dt;compile_dt;compile_dt;compile_decomposed;lookup_or_compile_dt;compile_dt;compile_dt;compile_decomposed;lookup_or_compile_dt;compile_dt;compile_dt;compile_decomposed;lookup_or_compile_dt;compile_decomposed;lookup_or_compile_dt;compile_decomposed;lookup_or_compile_dt;compile_decomposed;lookup_or_compile_dt;compile_decomposed;lookup_or_compile_dt;compile_decomposed;lookup_or_compile_dt;compile_decomposed;lookup_or_compile_dt;compile_decomposed;lookup_or_compile_dt;compile_decomposed;lookup_or_compile_dt;compile_decomposed;lookup_or_compile_dt;compile_decomposed;lookup_or_compile_dt;compile_decomposed;lookup_or_compile_dt;insert_cnf_cache;add_cache_entry;asm_exc_page_fault;exc_page_fault;do_user_addr_fault;handle_mm_fault;__handle_mm_fault;do_huge_pmd_wp_page;__split_huge_pmd
0.28% main;cnf2ddnnf_cmd_line;compile_cnf;compile_dt;compile_dt;compile_dt;compile_dt;compile_dt;compile_decomposed;lookup_or_compile_dt;compile_dt;compile_dt;compile_dt;compile_dt;compile_dt;compile_dt;compile_dt;compile_decomposed;lookup_or_compile_dt;get_cnf_key;apply_to_vars;pack_var_2bits;update_relevance_bit
0.28% main;cnf2ddnnf_cmd_line;compile_cnf;compile_dt;compile_dt;compile_dt;compile_dt;compile_dt;compile_decomposed;lookup_or_compile_dt;compile_dt;compile_dt;compile_dt;compile_dt;compile_dt;compile_dt;compile_decomposed;lookup_or_compile_dt;compile_decomposed;lookup_or_compile_dt;compile_decomposed;lookup_or_compile_dt;compile_decomposed;lookup_or_compile_dt;compile_decomposed;lookup_or_compile_dt;compile_decomposed;lookup_or_compile_dt;compile_decomposed;lookup_or_compile_dt;compile_dt;select_separator;update_separator_score;log2
0.28% main;cnf2ddnnf_cmd_line;compile_cnf;compile_dt;compile_dt;compile_dt;compile_dt;compile_dt;compile_decomposed;lookup_or_compile_dt;compile_dt;compile_dt;compile_dt;compile_dt;compile_decomposed;lookup_or_compile_dt;active_separator_count;push_items_to_end;eliminated;weakly_eliminated;subs_cls
0.28% main;cnf2ddnnf_cmd_line;compile_cnf;compile_dt;compile_dt;compile_dt;conjoin_nnfs_lits;conjoin_relevant_lits;get_and_node;asm_exc_page_fault;exc_page_fault;do_user_addr_fault;handle_mm_fault;__handle_mm_fault;wp_page_copy;vma_alloc_folio;__folio_alloc;__alloc_pages;get_page_from_freelist;clear_page_rep
0.28% main;cnf2ddnnf_cmd_line;compile_cnf;compile_dt;compile_dt;compile_dt;conjoin_nnfs_lits;get_and_node;asm_exc_page_fault;exc_page_fault;do_user_addr_fault;handle_mm_fault;__handle_mm_fault;wp_page_copy;vma_alloc_folio;__folio_alloc;__alloc_pages;get_page_from_freelist;clear_page_rep
0.28% main;cnf2ddnnf_cmd_line;compile_cnf;compile_dt;decide_literal;set_literal;update_subsumption
0.27% main;cnf2ddnnf_cmd_line;construct_dtree_manager;initialize_dtree_separators;fill_separators;fill_separators;fill_separators;fill_separators;fill_separators;fill_separators;fill_separators;fill_separators;fill_separators
0.26% main;cnf2ddnnf_cmd_line;construct_cnf_manager;0x7f06a07e36c0
0.25% main;cnf2ddnnf_cmd_line;load_hdtree_from_file;__isoc99_fscanf;_IO_sputbackc
0.25% main;cnf2ddnnf_cmd_line;load_hdtree_from_file;dtree_skeleton2hdtree;initialize_hdtree;initialize_hdtree;initialize_hdtree;initialize_hdtree;initialize_hdtree;initialize_hdtree;initialize_hdtree;initialize_hdtree;initialize_hdtree;edges_intersection
0.25% main;cnf2ddnnf_cmd_line;load_hdtree_from_file;dtree_skeleton2hdtree;initialize_hdtree;initialize_hdtree;initialize_hdtree;initialize_hdtree;initialize_hdtree;edges_intersection
0.22% main;__isoc99_fscanf
0.18% main;__isoc99_fscanf;0x7f06a07c6013
    92.06%     0.24%  c2d      c2d                   [.] cnf2ddnnf_cmd_line
86.52% cnf2ddnnf_cmd_line;free_cache_manager
0.30% cnf2ddnnf_cmd_line;free_cache_manager;cfree
0.29% cnf2ddnnf_cmd_line;free_cache_manager;asm_exc_page_fault;exc_page_fault;do_user_addr_fault;lock_mm_and_find_vma;find_vma;mt_find
0.29% cnf2ddnnf_cmd_line;free_cache_manager;error_entry
0.29% cnf2ddnnf_cmd_line;free_cache_manager;asm_exc_page_fault;exc_page_fault;do_user_addr_fault;handle_mm_fault;__handle_mm_fault;do_huge_pmd_anonymous_page;pte_alloc_one;mod_lruvec_page_state.constprop.0;__mod_lruvec_page_state;__mod_memcg_lruvec_state
0.29% cnf2ddnnf_cmd_line;free_cache_manager;__irqentry_text_end
0.29% cnf2ddnnf_cmd_line;compile_cnf;compile_dt;compile_dt;compile_dt;compile_dt;compile_dt;compile_dt;compile_decomposed;lookup_or_compile_dt;compile_dt;compile_dt;compile_dt;compile_dt;compile_dt;compile_dt;compile_dt;compile_decomposed;conjoin_relevant_lits;get_and_node;asm_exc_page_fault;exc_page_fault;do_user_addr_fault;handle_mm_fault;__handle_mm_fault;wp_page_copy;vma_alloc_folio;__folio_alloc;__alloc_pages;get_page_from_freelist;__list_del_entry_valid
0.29% cnf2ddnnf_cmd_line;compile_cnf;compile_dt;compile_dt;compile_dt;compile_dt;undo_decide_literal;erase_level
0.28% cnf2ddnnf_cmd_line;compile_cnf;compile_dt;compile_dt;compile_dt;compile_dt;compile_dt;compile_decomposed;lookup_or_compile_dt;compile_dt;compile_dt;compile_decomposed;lookup_or_compile_dt;compile_dt;compile_dt;compile_decomposed;lookup_or_compile_dt;compile_decomposed;lookup_or_compile_dt;compile_decomposed;lookup_or_compile_dt;compile_decomposed;lookup_or_compile_dt;compile_decomposed;lookup_or_compile_dt;compile_decomposed;lookup_or_compile_dt;compile_decomposed;lookup_or_compile_dt;compile_decomposed;lookup_or_compile_dt;compile_decomposed;lookup_or_compile_dt;compile_decomposed;lookup_or_compile_dt;compile_decomposed;lookup_or_compile_dt;compile_decomposed;lookup_or_compile_dt;insert_cnf_cache;add_cache_entry;asm_exc_page_fault;exc_page_fault;do_user_addr_fault;handle_mm_fault;__handle_mm_fault;do_huge_pmd_wp_page;__split_huge_pmd
0.28% cnf2ddnnf_cmd_line;compile_cnf;compile_dt;compile_dt;compile_dt;compile_dt;compile_dt;compile_decomposed;lookup_or_compile_dt;compile_dt;compile_dt;compile_dt;compile_dt;compile_dt;compile_dt;compile_dt;compile_decomposed;lookup_or_compile_dt;get_cnf_key;apply_to_vars;pack_var_2bits;update_relevance_bit
0.28% cnf2ddnnf_cmd_line;compile_cnf;compile_dt;compile_dt;compile_dt;compile_dt;compile_dt;compile_decomposed;lookup_or_compile_dt;compile_dt;compile_dt;compile_dt;compile_dt;compile_dt;compile_dt;compile_decomposed;lookup_or_compile_dt;compile_decomposed;lookup_or_compile_dt;compile_decomposed;lookup_or_compile_dt;compile_decomposed;lookup_or_compile_dt;compile_decomposed;lookup_or_compile_dt;compile_decomposed;lookup_or_compile_dt;compile_decomposed;lookup_or_compile_dt;compile_dt;select_separator;update_separator_score;log2
0.28% cnf2ddnnf_cmd_line;compile_cnf;compile_dt;compile_dt;compile_dt;compile_dt;compile_dt;compile_decomposed;lookup_or_compile_dt;compile_dt;compile_dt;compile_dt;compile_dt;compile_decomposed;lookup_or_compile_dt;active_separator_count;push_items_to_end;eliminated;weakly_eliminated;subs_cls
0.28% cnf2ddnnf_cmd_line;compile_cnf;compile_dt;compile_dt;compile_dt;conjoin_nnfs_lits;conjoin_relevant_lits;get_and_node;asm_exc_page_fault;exc_page_fault;do_user_addr_fault;handle_mm_fault;__handle_mm_fault;wp_page_copy;vma_alloc_folio;__folio_alloc;__alloc_pages;get_page_from_freelist;clear_page_rep
0.28% cnf2ddnnf_cmd_line;compile_cnf;compile_dt;compile_dt;compile_dt;conjoin_nnfs_lits;get_and_node;asm_exc_page_fault;exc_page_fault;do_user_addr_fault;handle_mm_fault;__handle_mm_fault;wp_page_copy;vma_alloc_folio;__folio_alloc;__alloc_pages;get_page_from_freelist;clear_page_rep
0.28% cnf2ddnnf_cmd_line;compile_cnf;compile_dt;decide_literal;set_literal;update_subsumption
0.27% cnf2ddnnf_cmd_line;construct_dtree_manager;initialize_dtree_separators;fill_separators;fill_separators;fill_separators;fill_separators;fill_separators;fill_separators;fill_separators;fill_separators;fill_separators
0.26% cnf2ddnnf_cmd_line;construct_cnf_manager;0x7f06a07e36c0
0.25% cnf2ddnnf_cmd_line;load_hdtree_from_file;__isoc99_fscanf;_IO_sputbackc
0.25% cnf2ddnnf_cmd_line;load_hdtree_from_file;dtree_skeleton2hdtree;initialize_hdtree;initialize_hdtree;initialize_hdtree;initialize_hdtree;initialize_hdtree;initialize_hdtree;initialize_hdtree;initialize_hdtree;initialize_hdtree;edges_intersection
0.25% cnf2ddnnf_cmd_line;load_hdtree_from_file;dtree_skeleton2hdtree;initialize_hdtree;initialize_hdtree;initialize_hdtree;initialize_hdtree;initialize_hdtree;edges_intersection
0.24% 0x7f06a076724a;cnf2ddnnf_cmd_line
    87.99%    86.52%  c2d      c2d                   [.] free_cache_manager
86.52% 0x7f06a076724a;main;cnf2ddnnf_cmd_line;free_cache_manager
0.30% free_cache_manager;cfree
0.29% free_cache_manager;asm_exc_page_fault;exc_page_fault;do_user_addr_fault;lock_mm_and_find_vma;find_vma;mt_find
0.29% free_cache_manager;error_entry
0.29% free_cache_manager;asm_exc_page_fault;exc_page_fault;do_user_addr_fault;handle_mm_fault;__handle_mm_fault;do_huge_pmd_anonymous_page;pte_alloc_one;mod_lruvec_page_state.constprop.0;__mod_lruvec_page_state;__mod_memcg_lruvec_state
0.29% free_cache_manager;__irqentry_text_end
     3.59%     0.00%  c2d      [kernel.kallsyms]     [k] entry_SYSCALL_64_after_hwframe
0.58% entry_SYSCALL_64_after_hwframe;do_syscall_64;__x64_sys_exit_group;do_group_exit;do_exit;__mmput;exit_mmap;unmap_vmas;unmap_page_range
0.29% entry_SYSCALL_64_after_hwframe;do_syscall_64;__x64_sys_munmap;__vm_munmap;do_mas_munmap;do_mas_align_munmap;unmap_region;unmap_vmas;unmap_page_range
0.29% entry_SYSCALL_64_after_hwframe;do_syscall_64;ksys_write;vfs_write;xfs_file_buffered_write;xfs_file_write_checks;file_modified_flags;xfs_vn_update_time;xfs_trans_alloc;xfs_trans_reserve;xfs_log_reserve;xlog_ticket_alloc;get_random_u32
0.29% entry_SYSCALL_64_after_hwframe;do_syscall_64;__x64_sys_exit_group;do_group_exit;do_exit;perf_event_exit_task;ctx_sched_out
0.29% entry_SYSCALL_64_after_hwframe;do_syscall_64;__x64_sys_exit_group;do_group_exit;do_exit;__mmput;exit_mmap;unmap_vmas;unmap_page_range;_compound_head
0.27% entry_SYSCALL_64_after_hwframe;do_syscall_64;ksys_read;vfs_read;xfs_file_read_iter;xfs_file_buffered_read;filemap_read;filemap_get_pages;folio_wait_bit_common;io_schedule;schedule;__schedule;psi_task_switch;psi_group_change
0.27% entry_SYSCALL_64_after_hwframe;do_syscall_64;ksys_mmap_pgoff;vm_mmap_pgoff;do_mmap;mmap_region;vma_expand;vma_adjust_trans_huge
0.26% entry_SYSCALL_64_after_hwframe;do_syscall_64;ksys_mmap_pgoff;vm_mmap_pgoff;do_mmap;mmap_region;do_mas_munmap;do_mas_align_munmap;__split_vma;__vma_adjust;vma_interval_tree_remove
0.25% entry_SYSCALL_64_after_hwframe;do_syscall_64;ksys_mmap_pgoff;vm_mmap_pgoff;do_mmap;mmap_region;perf_event_mmap;perf_iterate_sb;perf_iterate_ctx
0.25% entry_SYSCALL_64_after_hwframe;do_syscall_64;ksys_read;vfs_read;xfs_file_read_iter;xfs_file_buffered_read;filemap_read;filemap_get_pages;filemap_get_read_batch;xas_load;xas_start
0.24% entry_SYSCALL_64_after_hwframe;do_syscall_64;syscall_exit_to_user_mode;exit_to_user_mode_prepare;task_work_run;__fput;__dentry_kill;destroy_inode;kmem_cache_free
0.18% entry_SYSCALL_64_after_hwframe;do_syscall_64;__x64_sys_execve;do_execveat_common.isra.0;bprm_execve;load_elf_binary;elf_map;vm_mmap_pgoff;do_mmap;mmap_region;perf_event_mmap;d_path;prepend_path
0.07% entry_SYSCALL_64_after_hwframe;do_syscall_64;__x64_sys_execve;do_execveat_common.isra.0;bprm_execve;load_elf_binary;set_personality_64bit
0.04% entry_SYSCALL_64_after_hwframe;do_syscall_64;ksys_read;vfs_read;xfs_file_read_iter;xfs_file_buffered_read;filemap_read;copy_page_to_iter;_copy_to_iter;copy_user_generic_string
0.01% entry_SYSCALL_64_after_hwframe;do_syscall_64;ksys_read;vfs_read;xfs_file_read_iter;xfs_file_buffered_read;filemap_read;filemap_get_pages;folio_wait_bit_common;io_schedule;schedule;__schedule;finish_task_switch.isra.0;__perf_event_task_sched_in;__intel_pmu_enable_all.constprop.0;native_write_msr
     3.59%     0.00%  c2d      [kernel.kallsyms]     [k] do_syscall_64
0.58% do_syscall_64;__x64_sys_exit_group;do_group_exit;do_exit;__mmput;exit_mmap;unmap_vmas;unmap_page_range
0.29% do_syscall_64;__x64_sys_munmap;__vm_munmap;do_mas_munmap;do_mas_align_munmap;unmap_region;unmap_vmas;unmap_page_range
0.29% do_syscall_64;ksys_write;vfs_write;xfs_file_buffered_write;xfs_file_write_checks;file_modified_flags;xfs_vn_update_time;xfs_trans_alloc;xfs_trans_reserve;xfs_log_reserve;xlog_ticket_alloc;get_random_u32
0.29% do_syscall_64;__x64_sys_exit_group;do_group_exit;do_exit;perf_event_exit_task;ctx_sched_out
0.29% do_syscall_64;__x64_sys_exit_group;do_group_exit;do_exit;__mmput;exit_mmap;unmap_vmas;unmap_page_range;_compound_head
0.27% do_syscall_64;ksys_read;vfs_read;xfs_file_read_iter;xfs_file_buffered_read;filemap_read;filemap_get_pages;folio_wait_bit_common;io_schedule;schedule;__schedule;psi_task_switch;psi_group_change
0.27% do_syscall_64;ksys_mmap_pgoff;vm_mmap_pgoff;do_mmap;mmap_region;vma_expand;vma_adjust_trans_huge
0.26% do_syscall_64;ksys_mmap_pgoff;vm_mmap_pgoff;do_mmap;mmap_region;do_mas_munmap;do_mas_align_munmap;__split_vma;__vma_adjust;vma_interval_tree_remove
0.25% do_syscall_64;ksys_mmap_pgoff;vm_mmap_pgoff;do_mmap;mmap_region;perf_event_mmap;perf_iterate_sb;perf_iterate_ctx
0.25% do_syscall_64;ksys_read;vfs_read;xfs_file_read_iter;xfs_file_buffered_read;filemap_read;filemap_get_pages;filemap_get_read_batch;xas_load;xas_start
0.24% do_syscall_64;syscall_exit_to_user_mode;exit_to_user_mode_prepare;task_work_run;__fput;__dentry_kill;destroy_inode;kmem_cache_free
0.18% do_syscall_64;__x64_sys_execve;do_execveat_common.isra.0;bprm_execve;load_elf_binary;elf_map;vm_mmap_pgoff;do_mmap;mmap_region;perf_event_mmap;d_path;prepend_path
0.07% do_syscall_64;__x64_sys_execve;do_execveat_common.isra.0;bprm_execve;load_elf_binary;set_personality_64bit
0.04% do_syscall_64;ksys_read;vfs_read;xfs_file_read_iter;xfs_file_buffered_read;filemap_read;copy_page_to_iter;_copy_to_iter;copy_user_generic_string
0.01% do_syscall_64;ksys_read;vfs_read;xfs_file_read_iter;xfs_file_buffered_read;filemap_read;filemap_get_pages;folio_wait_bit_common;io_schedule;schedule;__schedule;finish_task_switch.isra.0;__perf_event_task_sched_in;__intel_pmu_enable_all.constprop.0;native_write_msr
     2.54%     0.00%  c2d      c2d                   [.] compile_cnf
0.29% compile_cnf;compile_dt;compile_dt;compile_dt;compile_dt;compile_dt;compile_dt;compile_decomposed;lookup_or_compile_dt;compile_dt;compile_dt;compile_dt;compile_dt;compile_dt;compile_dt;compile_dt;compile_decomposed;conjoin_relevant_lits;get_and_node;asm_exc_page_fault;exc_page_fault;do_user_addr_fault;handle_mm_fault;__handle_mm_fault;wp_page_copy;vma_alloc_folio;__folio_alloc;__alloc_pages;get_page_from_freelist;__list_del_entry_valid
0.29% compile_cnf;compile_dt;compile_dt;compile_dt;compile_dt;undo_decide_literal;erase_level
0.28% compile_cnf;compile_dt;compile_dt;compile_dt;compile_dt;compile_dt;compile_decomposed;lookup_or_compile_dt;compile_dt;compile_dt;compile_decomposed;lookup_or_compile_dt;compile_dt;compile_dt;compile_decomposed;lookup_or_compile_dt;compile_decomposed;lookup_or_compile_dt;compile_decomposed;lookup_or_compile_dt;compile_decomposed;lookup_or_compile_dt;compile_decomposed;lookup_or_compile_dt;compile_decomposed;lookup_or_compile_dt;compile_decomposed;lookup_or_compile_dt;compile_decomposed;lookup_or_compile_dt;compile_decomposed;lookup_or_compile_dt;compile_decomposed;lookup_or_compile_dt;compile_decomposed;lookup_or_compile_dt;compile_decomposed;lookup_or_compile_dt;insert_cnf_cache;add_cache_entry;asm_exc_page_fault;exc_page_fault;do_user_addr_fault;handle_mm_fault;__handle_mm_fault;do_huge_pmd_wp_page;__split_huge_pmd
0.28% compile_cnf;compile_dt;compile_dt;compile_dt;compile_dt;compile_dt;compile_decomposed;lookup_or_compile_dt;compile_dt;compile_dt;compile_dt;compile_dt;compile_dt;compile_dt;compile_dt;compile_decomposed;lookup_or_compile_dt;get_cnf_key;apply_to_vars;pack_var_2bits;update_relevance_bit
0.28% compile_cnf;compile_dt;compile_dt;compile_dt;compile_dt;compile_dt;compile_decomposed;lookup_or_compile_dt;compile_dt;compile_dt;compile_dt;compile_dt;compile_dt;compile_dt;compile_decomposed;lookup_or_compile_dt;compile_decomposed;lookup_or_compile_dt;compile_decomposed;lookup_or_compile_dt;compile_decomposed;lookup_or_compile_dt;compile_decomposed;lookup_or_compile_dt;compile_decomposed;lookup_or_compile_dt;compile_decomposed;lookup_or_compile_dt;compile_dt;select_separator;update_separator_score;log2
0.28% compile_cnf;compile_dt;compile_dt;compile_dt;compile_dt;compile_dt;compile_decomposed;lookup_or_compile_dt;compile_dt;compile_dt;compile_dt;compile_dt;compile_decomposed;lookup_or_compile_dt;active_separator_count;push_items_to_end;eliminated;weakly_eliminated;subs_cls
0.28% compile_cnf;compile_dt;compile_dt;compile_dt;conjoin_nnfs_lits;conjoin_relevant_lits;get_and_node;asm_exc_page_fault;exc_page_fault;do_user_addr_fault;handle_mm_fault;__handle_mm_fault;wp_page_copy;vma_alloc_folio;__folio_alloc;__alloc_pages;get_page_from_freelist;clear_page_rep
0.28% compile_cnf;compile_dt;compile_dt;compile_dt;conjoin_nnfs_lits;get_and_node;asm_exc_page_fault;exc_page_fault;do_user_addr_fault;handle_mm_fault;__handle_mm_fault;wp_page_copy;vma_alloc_folio;__folio_alloc;__alloc_pages;get_page_from_freelist;clear_page_rep
0.28% compile_cnf;compile_dt;decide_literal;set_literal;update_subsumption
     2.54%     0.00%  c2d      c2d                   [.] compile_dt
0.29% compile_dt;compile_dt;compile_dt;compile_dt;compile_dt;compile_dt;compile_decomposed;lookup_or_compile_dt;compile_dt;compile_dt;compile_dt;compile_dt;compile_dt;compile_dt;compile_dt;compile_decomposed;conjoin_relevant_lits;get_and_node;asm_exc_page_fault;exc_page_fault;do_user_addr_fault;handle_mm_fault;__handle_mm_fault;wp_page_copy;vma_alloc_folio;__folio_alloc;__alloc_pages;get_page_from_freelist;__list_del_entry_valid
0.29% compile_dt;compile_dt;compile_dt;compile_dt;undo_decide_literal;erase_level
0.28% compile_dt;compile_dt;compile_dt;compile_dt;compile_dt;compile_decomposed;lookup_or_compile_dt;compile_dt;compile_dt;compile_decomposed;lookup_or_compile_dt;compile_dt;compile_dt;compile_decomposed;lookup_or_compile_dt;compile_decomposed;lookup_or_compile_dt;compile_decomposed;lookup_or_compile_dt;compile_decomposed;lookup_or_compile_dt;compile_decomposed;lookup_or_compile_dt;compile_decomposed;lookup_or_compile_dt;compile_decomposed;lookup_or_compile_dt;compile_decomposed;lookup_or_compile_dt;compile_decomposed;lookup_or_compile_dt;compile_decomposed;lookup_or_compile_dt;compile_decomposed;lookup_or_compile_dt;compile_decomposed;lookup_or_compile_dt;insert_cnf_cache;add_cache_entry;asm_exc_page_fault;exc_page_fault;do_user_addr_fault;handle_mm_fault;__handle_mm_fault;do_huge_pmd_wp_page;__split_huge_pmd
0.28% compile_dt;compile_dt;compile_dt;compile_dt;compile_dt;compile_decomposed;lookup_or_compile_dt;compile_dt;compile_dt;compile_dt;compile_dt;compile_dt;compile_dt;compile_dt;compile_decomposed;lookup_or_compile_dt;get_cnf_key;apply_to_vars;pack_var_2bits;update_relevance_bit
0.28% compile_dt;compile_dt;compile_dt;compile_dt;compile_dt;compile_decomposed;lookup_or_compile_dt;compile_dt;compile_dt;compile_dt;compile_dt;compile_dt;compile_dt;compile_decomposed;lookup_or_compile_dt;compile_decomposed;lookup_or_compile_dt;compile_decomposed;lookup_or_compile_dt;compile_decomposed;lookup_or_compile_dt;compile_decomposed;lookup_or_compile_dt;compile_decomposed;lookup_or_compile_dt;compile_decomposed;lookup_or_compile_dt;compile_dt;select_separator;update_separator_score;log2
0.28% compile_dt;compile_dt;compile_dt;compile_dt;compile_dt;compile_decomposed;lookup_or_compile_dt;compile_dt;compile_dt;compile_dt;compile_dt;compile_decomposed;lookup_or_compile_dt;active_separator_count;push_items_to_end;eliminated;weakly_eliminated;subs_cls
0.28% compile_dt;compile_dt;compile_dt;conjoin_nnfs_lits;conjoin_relevant_lits;get_and_node;asm_exc_page_fault;exc_page_fault;do_user_addr_fault;handle_mm_fault;__handle_mm_fault;wp_page_copy;vma_alloc_folio;__folio_alloc;__alloc_pages;get_page_from_freelist;clear_page_rep
0.28% compile_dt;compile_dt;compile_dt;conjoin_nnfs_lits;get_and_node;asm_exc_page_fault;exc_page_fault;do_user_addr_fault;handle_mm_fault;__handle_mm_fault;wp_page_copy;vma_alloc_folio;__folio_alloc;__alloc_pages;get_page_from_freelist;clear_page_rep
0.28% compile_dt;decide_literal;set_literal;update_subsumption
     2.50%     0.00%  c2d      [kernel.kallsyms]     [k] asm_exc_page_fault
0.56% asm_exc_page_fault;exc_page_fault;do_user_addr_fault;handle_mm_fault;__handle_mm_fault;wp_page_copy;vma_alloc_folio;__folio_alloc;__alloc_pages;get_page_from_freelist;clear_page_rep
0.29% asm_exc_page_fault;exc_page_fault;do_user_addr_fault;lock_mm_and_find_vma;find_vma;mt_find
0.29% asm_exc_page_fault;exc_page_fault;do_user_addr_fault;handle_mm_fault;__handle_mm_fault;do_huge_pmd_anonymous_page;pte_alloc_one;mod_lruvec_page_state.constprop.0;__mod_lruvec_page_state;__mod_memcg_lruvec_state
0.29% asm_exc_page_fault;exc_page_fault;do_user_addr_fault;handle_mm_fault;__handle_mm_fault;wp_page_copy;vma_alloc_folio;__folio_alloc;__alloc_pages;get_page_from_freelist;__list_del_entry_valid
0.28% asm_exc_page_fault;exc_page_fault;do_user_addr_fault;handle_mm_fault;__handle_mm_fault;do_huge_pmd_wp_page;__split_huge_pmd
0.27% asm_exc_page_fault;exc_page_fault;do_user_addr_fault;handle_mm_fault;__handle_mm_fault;do_fault;filemap_map_pages;next_uptodate_page
0.26% asm_exc_page_fault;exc_page_fault;do_user_addr_fault;handle_mm_fault;__handle_mm_fault;vma_alloc_folio;__folio_alloc;__alloc_pages;get_page_from_freelist;clear_page_rep
0.24% asm_exc_page_fault;exc_page_fault;do_user_addr_fault;handle_mm_fault;__handle_mm_fault;folio_add_lru;folio_batch_move_lru;lru_add_fn;__mod_zone_page_state
     2.50%     0.00%  c2d      [kernel.kallsyms]     [k] exc_page_fault
0.56% exc_page_fault;do_user_addr_fault;handle_mm_fault;__handle_mm_fault;wp_page_copy;vma_alloc_folio;__folio_alloc;__alloc_pages;get_page_from_freelist;clear_page_rep
0.29% exc_page_fault;do_user_addr_fault;lock_mm_and_find_vma;find_vma;mt_find
0.29% exc_page_fault;do_user_addr_fault;handle_mm_fault;__handle_mm_fault;do_huge_pmd_anonymous_page;pte_alloc_one;mod_lruvec_page_state.constprop.0;__mod_lruvec_page_state;__mod_memcg_lruvec_state
0.29% exc_page_fault;do_user_addr_fault;handle_mm_fault;__handle_mm_fault;wp_page_copy;vma_alloc_folio;__folio_alloc;__alloc_pages;get_page_from_freelist;__list_del_entry_valid
0.28% exc_page_fault;do_user_addr_fault;handle_mm_fault;__handle_mm_fault;do_huge_pmd_wp_page;__split_huge_pmd
0.27% exc_page_fault;do_user_addr_fault;handle_mm_fault;__handle_mm_fault;do_fault;filemap_map_pages;next_uptodate_page
0.26% exc_page_fault;do_user_addr_fault;handle_mm_fault;__handle_mm_fault;vma_alloc_folio;__folio_alloc;__alloc_pages;get_page_from_freelist;clear_page_rep
0.24% exc_page_fault;do_user_addr_fault;handle_mm_fault;__handle_mm_fault;folio_add_lru;folio_batch_move_lru;lru_add_fn;__mod_zone_page_state
     2.50%     0.00%  c2d      [kernel.kallsyms]     [k] do_user_addr_fault
0.56% do_user_addr_fault;handle_mm_fault;__handle_mm_fault;wp_page_copy;vma_alloc_folio;__folio_alloc;__alloc_pages;get_page_from_freelist;clear_page_rep
0.29% do_user_addr_fault;lock_mm_and_find_vma;find_vma;mt_find
0.29% do_user_addr_fault;handle_mm_fault;__handle_mm_fault;do_huge_pmd_anonymous_page;pte_alloc_one;mod_lruvec_page_state.constprop.0;__mod_lruvec_page_state;__mod_memcg_lruvec_state
0.29% do_user_addr_fault;handle_mm_fault;__handle_mm_fault;wp_page_copy;vma_alloc_folio;__folio_alloc;__alloc_pages;get_page_from_freelist;__list_del_entry_valid
0.28% do_user_addr_fault;handle_mm_fault;__handle_mm_fault;do_huge_pmd_wp_page;__split_huge_pmd
0.27% do_user_addr_fault;handle_mm_fault;__handle_mm_fault;do_fault;filemap_map_pages;next_uptodate_page
0.26% do_user_addr_fault;handle_mm_fault;__handle_mm_fault;vma_alloc_folio;__folio_alloc;__alloc_pages;get_page_from_freelist;clear_page_rep
0.24% do_user_addr_fault;handle_mm_fault;__handle_mm_fault;folio_add_lru;folio_batch_move_lru;lru_add_fn;__mod_zone_page_state
     2.20%     0.00%  c2d      [kernel.kallsyms]     [k] handle_mm_fault
0.56% handle_mm_fault;__handle_mm_fault;wp_page_copy;vma_alloc_folio;__folio_alloc;__alloc_pages;get_page_from_freelist;clear_page_rep
0.29% handle_mm_fault;__handle_mm_fault;do_huge_pmd_anonymous_page;pte_alloc_one;mod_lruvec_page_state.constprop.0;__mod_lruvec_page_state;__mod_memcg_lruvec_state
0.29% handle_mm_fault;__handle_mm_fault;wp_page_copy;vma_alloc_folio;__folio_alloc;__alloc_pages;get_page_from_freelist;__list_del_entry_valid
0.28% handle_mm_fault;__handle_mm_fault;do_huge_pmd_wp_page;__split_huge_pmd
0.27% handle_mm_fault;__handle_mm_fault;do_fault;filemap_map_pages;next_uptodate_page
0.26% handle_mm_fault;__handle_mm_fault;vma_alloc_folio;__folio_alloc;__alloc_pages;get_page_from_freelist;clear_page_rep
0.24% handle_mm_fault;__handle_mm_fault;folio_add_lru;folio_batch_move_lru;lru_add_fn;__mod_zone_page_state
     2.20%     0.00%  c2d      [kernel.kallsyms]     [k] __handle_mm_fault
0.56% __handle_mm_fault;wp_page_copy;vma_alloc_folio;__folio_alloc;__alloc_pages;get_page_from_freelist;clear_page_rep
0.29% __handle_mm_fault;do_huge_pmd_anonymous_page;pte_alloc_one;mod_lruvec_page_state.constprop.0;__mod_lruvec_page_state;__mod_memcg_lruvec_state
0.29% __handle_mm_fault;wp_page_copy;vma_alloc_folio;__folio_alloc;__alloc_pages;get_page_from_freelist;__list_del_entry_valid
0.28% __handle_mm_fault;do_huge_pmd_wp_page;__split_huge_pmd
0.27% __handle_mm_fault;do_fault;filemap_map_pages;next_uptodate_page
0.26% __handle_mm_fault;vma_alloc_folio;__folio_alloc;__alloc_pages;get_page_from_freelist;clear_page_rep
0.24% __handle_mm_fault;folio_add_lru;folio_batch_move_lru;lru_add_fn;__mod_zone_page_state
     1.60%     0.00%  c2d      [unknown]             [k] 0000000000000000
0.27% 0;read;entry_SYSCALL_64_after_hwframe;do_syscall_64;ksys_read;vfs_read;xfs_file_read_iter;xfs_file_buffered_read;filemap_read;filemap_get_pages;folio_wait_bit_common;io_schedule;schedule;__schedule;psi_task_switch;psi_group_change
0.27% 0;0x7f06a07d7a8f
0.26% 0;0x7f06a07d80d9;asm_exc_page_fault;exc_page_fault;do_user_addr_fault;handle_mm_fault;__handle_mm_fault;vma_alloc_folio;__folio_alloc;__alloc_pages;get_page_from_freelist;clear_page_rep
0.25% 0;0x7f06a0cc9ae3;entry_SYSCALL_64_after_hwframe;do_syscall_64;ksys_mmap_pgoff;vm_mmap_pgoff;do_mmap;mmap_region;perf_event_mmap;perf_iterate_sb;perf_iterate_ctx
0.25% 0;read;entry_SYSCALL_64_after_hwframe;do_syscall_64;ksys_read;vfs_read;xfs_file_read_iter;xfs_file_buffered_read;filemap_read;filemap_get_pages;filemap_get_read_batch;xas_load;xas_start
0.24% 0;0x7f06a07d80d9;asm_exc_page_fault;exc_page_fault;do_user_addr_fault;handle_mm_fault;__handle_mm_fault;folio_add_lru;folio_batch_move_lru;lru_add_fn;__mod_zone_page_state
0.04% 0;read;entry_SYSCALL_64_after_hwframe;do_syscall_64;ksys_read;vfs_read;xfs_file_read_iter;xfs_file_buffered_read;filemap_read;copy_page_to_iter;_copy_to_iter;copy_user_generic_string
0.01% 0;read;entry_SYSCALL_64_after_hwframe;do_syscall_64;ksys_read;vfs_read;xfs_file_read_iter;xfs_file_buffered_read;filemap_read;filemap_get_pages;folio_wait_bit_common;io_schedule;schedule;__schedule;finish_task_switch.isra.0;__perf_event_task_sched_in;__intel_pmu_enable_all.constprop.0;native_write_msr
     1.42%     0.00%  c2d      c2d                   [.] compile_decomposed
0.29% compile_decomposed;lookup_or_compile_dt;compile_dt;compile_dt;compile_dt;compile_dt;compile_dt;compile_dt;compile_dt;compile_decomposed;conjoin_relevant_lits;get_and_node;asm_exc_page_fault;exc_page_fault;do_user_addr_fault;handle_mm_fault;__handle_mm_fault;wp_page_copy;vma_alloc_folio;__folio_alloc;__alloc_pages;get_page_from_freelist;__list_del_entry_valid
0.28% compile_decomposed;lookup_or_compile_dt;compile_dt;compile_dt;compile_decomposed;lookup_or_compile_dt;compile_dt;compile_dt;compile_decomposed;lookup_or_compile_dt;compile_decomposed;lookup_or_compile_dt;compile_decomposed;lookup_or_compile_dt;compile_decomposed;lookup_or_compile_dt;compile_decomposed;lookup_or_compile_dt;compile_decomposed;lookup_or_compile_dt;compile_decomposed;lookup_or_compile_dt;compile_decomposed;lookup_or_compile_dt;compile_decomposed;lookup_or_compile_dt;compile_decomposed;lookup_or_compile_dt;compile_decomposed;lookup_or_compile_dt;compile_decomposed;lookup_or_compile_dt;insert_cnf_cache;add_cache_entry;asm_exc_page_fault;exc_page_fault;do_user_addr_fault;handle_mm_fault;__handle_mm_fault;do_huge_pmd_wp_page;__split_huge_pmd
0.28% compile_decomposed;lookup_or_compile_dt;compile_dt;compile_dt;compile_dt;compile_dt;compile_dt;compile_dt;compile_dt;compile_decomposed;lookup_or_compile_dt;get_cnf_key;apply_to_vars;pack_var_2bits;update_relevance_bit
0.28% compile_decomposed;lookup_or_compile_dt;compile_dt;compile_dt;compile_dt;compile_dt;compile_dt;compile_dt;compile_decomposed;lookup_or_compile_dt;compile_decomposed;lookup_or_compile_dt;compile_decomposed;lookup_or_compile_dt;compile_decomposed;lookup_or_compile_dt;compile_decomposed;lookup_or_compile_dt;compile_decomposed;lookup_or_compile_dt;compile_decomposed;lookup_or_compile_dt;compile_dt;select_separator;update_separator_score;log2
0.28% compile_decomposed;lookup_or_compile_dt;compile_dt;compile_dt;compile_dt;compile_dt;compile_decomposed;lookup_or_compile_dt;active_separator_count;push_items_to_end;eliminated;weakly_eliminated;subs_cls
     1.42%     0.00%  c2d      c2d                   [.] lookup_or_compile_dt
0.29% lookup_or_compile_dt;compile_dt;compile_dt;compile_dt;compile_dt;compile_dt;compile_dt;compile_dt;compile_decomposed;conjoin_relevant_lits;get_and_node;asm_exc_page_fault;exc_page_fault;do_user_addr_fault;handle_mm_fault;__handle_mm_fault;wp_page_copy;vma_alloc_folio;__folio_alloc;__alloc_pages;get_page_from_freelist;__list_del_entry_valid
0.28% lookup_or_compile_dt;compile_dt;compile_dt;compile_decomposed;lookup_or_compile_dt;compile_dt;compile_dt;compile_decomposed;lookup_or_compile_dt;compile_decomposed;lookup_or_compile_dt;compile_decomposed;lookup_or_compile_dt;compile_decomposed;lookup_or_compile_dt;compile_decomposed;lookup_or_compile_dt;compile_decomposed;lookup_or_compile_dt;compile_decomposed;lookup_or_compile_dt;compile_decomposed;lookup_or_compile_dt;compile_decomposed;lookup_or_compile_dt;compile_decomposed;lookup_or_compile_dt;compile_decomposed;lookup_or_compile_dt;compile_decomposed;lookup_or_compile_dt;insert_cnf_cache;add_cache_entry;asm_exc_page_fault;exc_page_fault;do_user_addr_fault;handle_mm_fault;__handle_mm_fault;do_huge_pmd_wp_page;__split_huge_pmd
0.28% lookup_or_compile_dt;compile_dt;compile_dt;compile_dt;compile_dt;compile_dt;compile_dt;compile_dt;compile_decomposed;lookup_or_compile_dt;get_cnf_key;apply_to_vars;pack_var_2bits;update_relevance_bit
0.28% lookup_or_compile_dt;compile_dt;compile_dt;compile_dt;compile_dt;compile_dt;compile_dt;compile_decomposed;lookup_or_compile_dt;compile_decomposed;lookup_or_compile_dt;compile_decomposed;lookup_or_compile_dt;compile_decomposed;lookup_or_compile_dt;compile_decomposed;lookup_or_compile_dt;compile_decomposed;lookup_or_compile_dt;compile_decomposed;lookup_or_compile_dt;compile_dt;select_separator;update_separator_score;log2
0.28% lookup_or_compile_dt;compile_dt;compile_dt;compile_dt;compile_dt;compile_decomposed;lookup_or_compile_dt;active_separator_count;push_items_to_end;eliminated;weakly_eliminated;subs_cls
     1.17%     0.87%  c2d      [kernel.kallsyms]     [k] unmap_page_range
0.58% entry_SYSCALL_64_after_hwframe;do_syscall_64;__x64_sys_exit_group;do_group_exit;do_exit;__mmput;exit_mmap;unmap_vmas;unmap_page_range
0.29% __munmap;entry_SYSCALL_64_after_hwframe;do_syscall_64;__x64_sys_munmap;__vm_munmap;do_mas_munmap;do_mas_align_munmap;unmap_region;unmap_vmas;unmap_page_range
0.29% unmap_page_range;_compound_head
     1.17%     0.00%  c2d      [kernel.kallsyms]     [k] unmap_vmas
0.87% unmap_vmas;unmap_page_range
0.29% unmap_vmas;unmap_page_range;_compound_head
     1.17%     0.00%  c2d      [kernel.kallsyms]     [k] __x64_sys_exit_group
0.58% __x64_sys_exit_group;do_group_exit;do_exit;__mmput;exit_mmap;unmap_vmas;unmap_page_range
0.29% __x64_sys_exit_group;do_group_exit;do_exit;perf_event_exit_task;ctx_sched_out
0.29% __x64_sys_exit_group;do_group_exit;do_exit;__mmput;exit_mmap;unmap_vmas;unmap_page_range;_compound_head
     1.17%     0.00%  c2d      [kernel.kallsyms]     [k] do_group_exit
0.58% do_group_exit;do_exit;__mmput;exit_mmap;unmap_vmas;unmap_page_range
0.29% do_group_exit;do_exit;perf_event_exit_task;ctx_sched_out
0.29% do_group_exit;do_exit;__mmput;exit_mmap;unmap_vmas;unmap_page_range;_compound_head
     1.17%     0.00%  c2d      [kernel.kallsyms]     [k] do_exit
0.58% do_exit;__mmput;exit_mmap;unmap_vmas;unmap_page_range
0.29% do_exit;perf_event_exit_task;ctx_sched_out
0.29% do_exit;__mmput;exit_mmap;unmap_vmas;unmap_page_range;_compound_head
     1.11%     0.00%  c2d      [kernel.kallsyms]     [k] vma_alloc_folio
0.83% vma_alloc_folio;__folio_alloc;__alloc_pages;get_page_from_freelist;clear_page_rep
0.29% vma_alloc_folio;__folio_alloc;__alloc_pages;get_page_from_freelist;__list_del_entry_valid
     1.11%     0.00%  c2d      [kernel.kallsyms]     [k] __folio_alloc
0.83% __folio_alloc;__alloc_pages;get_page_from_freelist;clear_page_rep
0.29% __folio_alloc;__alloc_pages;get_page_from_freelist;__list_del_entry_valid
     1.11%     0.00%  c2d      [kernel.kallsyms]     [k] __alloc_pages
0.83% __alloc_pages;get_page_from_freelist;clear_page_rep
0.29% __alloc_pages;get_page_from_freelist;__list_del_entry_valid
     1.11%     0.00%  c2d      [kernel.kallsyms]     [k] get_page_from_freelist
0.83% get_page_from_freelist;clear_page_rep
0.29% get_page_from_freelist;__list_del_entry_valid
     0.96%     0.00%  c2d      [kernel.kallsyms]     [k] vm_mmap_pgoff
0.27% vm_mmap_pgoff;do_mmap;mmap_region;vma_expand;vma_adjust_trans_huge
0.26% vm_mmap_pgoff;do_mmap;mmap_region;do_mas_munmap;do_mas_align_munmap;__split_vma;__vma_adjust;vma_interval_tree_remove
0.25% vm_mmap_pgoff;do_mmap;mmap_region;perf_event_mmap;perf_iterate_sb;perf_iterate_ctx
0.18% vm_mmap_pgoff;do_mmap;mmap_region;perf_event_mmap;d_path;prepend_path
     0.96%     0.00%  c2d      [kernel.kallsyms]     [k] do_mmap
0.27% do_mmap;mmap_region;vma_expand;vma_adjust_trans_huge
0.26% do_mmap;mmap_region;do_mas_munmap;do_mas_align_munmap;__split_vma;__vma_adjust;vma_interval_tree_remove
0.25% do_mmap;mmap_region;perf_event_mmap;perf_iterate_sb;perf_iterate_ctx
0.18% do_mmap;mmap_region;perf_event_mmap;d_path;prepend_path
     0.96%     0.00%  c2d      [kernel.kallsyms]     [k] mmap_region
0.27% mmap_region;vma_expand;vma_adjust_trans_huge
0.26% mmap_region;do_mas_munmap;do_mas_align_munmap;__split_vma;__vma_adjust;vma_interval_tree_remove
0.25% mmap_region;perf_event_mmap;perf_iterate_sb;perf_iterate_ctx
0.18% mmap_region;perf_event_mmap;d_path;prepend_path
     0.87%     0.00%  c2d      [kernel.kallsyms]     [k] __mmput
0.58% __mmput;exit_mmap;unmap_vmas;unmap_page_range
0.29% __mmput;exit_mmap;unmap_vmas;unmap_page_range;_compound_head
     0.87%     0.00%  c2d      [kernel.kallsyms]     [k] exit_mmap
0.58% exit_mmap;unmap_vmas;unmap_page_range
0.29% exit_mmap;unmap_vmas;unmap_page_range;_compound_head
     0.85%     0.00%  c2d      c2d                   [.] get_and_node
0.56% get_and_node;asm_exc_page_fault;exc_page_fault;do_user_addr_fault;handle_mm_fault;__handle_mm_fault;wp_page_copy;vma_alloc_folio;__folio_alloc;__alloc_pages;get_page_from_freelist;clear_page_rep
0.29% get_and_node;asm_exc_page_fault;exc_page_fault;do_user_addr_fault;handle_mm_fault;__handle_mm_fault;wp_page_copy;vma_alloc_folio;__folio_alloc;__alloc_pages;get_page_from_freelist;__list_del_entry_valid
     0.85%     0.00%  c2d      [kernel.kallsyms]     [k] wp_page_copy
0.56% wp_page_copy;vma_alloc_folio;__folio_alloc;__alloc_pages;get_page_from_freelist;clear_page_rep
0.29% wp_page_copy;vma_alloc_folio;__folio_alloc;__alloc_pages;get_page_from_freelist;__list_del_entry_valid
     0.83%     0.83%  c2d      [kernel.kallsyms]     [k] clear_page_rep
0.28% 0x7f06a076724a;main;cnf2ddnnf_cmd_line;compile_cnf;compile_dt;compile_dt;compile_dt;conjoin_nnfs_lits;conjoin_relevant_lits;get_and_node;asm_exc_page_fault;exc_page_fault;do_user_addr_fault;handle_mm_fault;__handle_mm_fault;wp_page_copy;vma_alloc_folio;__folio_alloc;__alloc_pages;get_page_from_freelist;clear_page_rep
0.28% 0x7f06a076724a;main;cnf2ddnnf_cmd_line;compile_cnf;compile_dt;compile_dt;compile_dt;conjoin_nnfs_lits;get_and_node;asm_exc_page_fault;exc_page_fault;do_user_addr_fault;handle_mm_fault;__handle_mm_fault;wp_page_copy;vma_alloc_folio;__folio_alloc;__alloc_pages;get_page_from_freelist;clear_page_rep
0.26% 0;0x7f06a07d80d9;asm_exc_page_fault;exc_page_fault;do_user_addr_fault;handle_mm_fault;__handle_mm_fault;vma_alloc_folio;__folio_alloc;__alloc_pages;get_page_from_freelist;clear_page_rep
     0.78%     0.00%  c2d      ld-linux-x86-64.so.2  [.] 0x00007f06a0cc9ae3
0.27% 0x7f06a0cc9ae3;entry_SYSCALL_64_after_hwframe;do_syscall_64;ksys_mmap_pgoff;vm_mmap_pgoff;do_mmap;mmap_region;vma_expand;vma_adjust_trans_huge
0.26% 0x7f06a0cc9ae3;entry_SYSCALL_64_after_hwframe;do_syscall_64;ksys_mmap_pgoff;vm_mmap_pgoff;do_mmap;mmap_region;do_mas_munmap;do_mas_align_munmap;__split_vma;__vma_adjust;vma_interval_tree_remove
0.25% 0x7f06a0cc9ae3;entry_SYSCALL_64_after_hwframe;do_syscall_64;ksys_mmap_pgoff;vm_mmap_pgoff;do_mmap;mmap_region;perf_event_mmap;perf_iterate_sb;perf_iterate_ctx
     0.78%     0.00%  c2d      [kernel.kallsyms]     [k] ksys_mmap_pgoff
0.27% ksys_mmap_pgoff;vm_mmap_pgoff;do_mmap;mmap_region;vma_expand;vma_adjust_trans_huge
0.26% ksys_mmap_pgoff;vm_mmap_pgoff;do_mmap;mmap_region;do_mas_munmap;do_mas_align_munmap;__split_vma;__vma_adjust;vma_interval_tree_remove
0.25% ksys_mmap_pgoff;vm_mmap_pgoff;do_mmap;mmap_region;perf_event_mmap;perf_iterate_sb;perf_iterate_ctx
     0.75%     0.00%  c2d      c2d                   [.] load_hdtree_from_file
0.25% load_hdtree_from_file;__isoc99_fscanf;_IO_sputbackc
0.25% load_hdtree_from_file;dtree_skeleton2hdtree;initialize_hdtree;initialize_hdtree;initialize_hdtree;initialize_hdtree;initialize_hdtree;initialize_hdtree;initialize_hdtree;initialize_hdtree;initialize_hdtree;edges_intersection
0.25% load_hdtree_from_file;dtree_skeleton2hdtree;initialize_hdtree;initialize_hdtree;initialize_hdtree;initialize_hdtree;initialize_hdtree;edges_intersection
     0.66%     0.22%  c2d      libc.so.6             [.] __isoc99_fscanf
0.25% __isoc99_fscanf;_IO_sputbackc
0.22% 0x7f06a076724a;main;__isoc99_fscanf
0.18% __isoc99_fscanf;0x7f06a07c6013
     0.57%     0.00%  c2d      libc.so.6             [.] read
0.27% read;entry_SYSCALL_64_after_hwframe;do_syscall_64;ksys_read;vfs_read;xfs_file_read_iter;xfs_file_buffered_read;filemap_read;filemap_get_pages;folio_wait_bit_common;io_schedule;schedule;__schedule;psi_task_switch;psi_group_change
0.25% read;entry_SYSCALL_64_after_hwframe;do_syscall_64;ksys_read;vfs_read;xfs_file_read_iter;xfs_file_buffered_read;filemap_read;filemap_get_pages;filemap_get_read_batch;xas_load;xas_start
0.04% read;entry_SYSCALL_64_after_hwframe;do_syscall_64;ksys_read;vfs_read;xfs_file_read_iter;xfs_file_buffered_read;filemap_read;copy_page_to_iter;_copy_to_iter;copy_user_generic_string
0.01% read;entry_SYSCALL_64_after_hwframe;do_syscall_64;ksys_read;vfs_read;xfs_file_read_iter;xfs_file_buffered_read;filemap_read;filemap_get_pages;folio_wait_bit_common;io_schedule;schedule;__schedule;finish_task_switch.isra.0;__perf_event_task_sched_in;__intel_pmu_enable_all.constprop.0;native_write_msr
     0.57%     0.00%  c2d      [kernel.kallsyms]     [k] ksys_read
0.27% ksys_read;vfs_read;xfs_file_read_iter;xfs_file_buffered_read;filemap_read;filemap_get_pages;folio_wait_bit_common;io_schedule;schedule;__schedule;psi_task_switch;psi_group_change
0.25% ksys_read;vfs_read;xfs_file_read_iter;xfs_file_buffered_read;filemap_read;filemap_get_pages;filemap_get_read_batch;xas_load;xas_start
0.04% ksys_read;vfs_read;xfs_file_read_iter;xfs_file_buffered_read;filemap_read;copy_page_to_iter;_copy_to_iter;copy_user_generic_string
0.01% ksys_read;vfs_read;xfs_file_read_iter;xfs_file_buffered_read;filemap_read;filemap_get_pages;folio_wait_bit_common;io_schedule;schedule;__schedule;finish_task_switch.isra.0;__perf_event_task_sched_in;__intel_pmu_enable_all.constprop.0;native_write_msr
     0.57%     0.00%  c2d      [kernel.kallsyms]     [k] vfs_read
0.27% vfs_read;xfs_file_read_iter;xfs_file_buffered_read;filemap_read;filemap_get_pages;folio_wait_bit_common;io_schedule;schedule;__schedule;psi_task_switch;psi_group_change
0.25% vfs_read;xfs_file_read_iter;xfs_file_buffered_read;filemap_read;filemap_get_pages;filemap_get_read_batch;xas_load;xas_start
0.04% vfs_read;xfs_file_read_iter;xfs_file_buffered_read;filemap_read;copy_page_to_iter;_copy_to_iter;copy_user_generic_string
0.01% vfs_read;xfs_file_read_iter;xfs_file_buffered_read;filemap_read;filemap_get_pages;folio_wait_bit_common;io_schedule;schedule;__schedule;finish_task_switch.isra.0;__perf_event_task_sched_in;__intel_pmu_enable_all.constprop.0;native_write_msr
     0.57%     0.00%  c2d      [xfs]                 [k] xfs_file_read_iter
0.27% xfs_file_read_iter;xfs_file_buffered_read;filemap_read;filemap_get_pages;folio_wait_bit_common;io_schedule;schedule;__schedule;psi_task_switch;psi_group_change
0.25% xfs_file_read_iter;xfs_file_buffered_read;filemap_read;filemap_get_pages;filemap_get_read_batch;xas_load;xas_start
0.04% xfs_file_read_iter;xfs_file_buffered_read;filemap_read;copy_page_to_iter;_copy_to_iter;copy_user_generic_string
0.01% xfs_file_read_iter;xfs_file_buffered_read;filemap_read;filemap_get_pages;folio_wait_bit_common;io_schedule;schedule;__schedule;finish_task_switch.isra.0;__perf_event_task_sched_in;__intel_pmu_enable_all.constprop.0;native_write_msr
     0.57%     0.00%  c2d      [xfs]                 [k] xfs_file_buffered_read
0.27% xfs_file_buffered_read;filemap_read;filemap_get_pages;folio_wait_bit_common;io_schedule;schedule;__schedule;psi_task_switch;psi_group_change
0.25% xfs_file_buffered_read;filemap_read;filemap_get_pages;filemap_get_read_batch;xas_load;xas_start
0.04% xfs_file_buffered_read;filemap_read;copy_page_to_iter;_copy_to_iter;copy_user_generic_string
0.01% xfs_file_buffered_read;filemap_read;filemap_get_pages;folio_wait_bit_common;io_schedule;schedule;__schedule;finish_task_switch.isra.0;__perf_event_task_sched_in;__intel_pmu_enable_all.constprop.0;native_write_msr
     0.57%     0.00%  c2d      [kernel.kallsyms]     [k] filemap_read
0.27% filemap_read;filemap_get_pages;folio_wait_bit_common;io_schedule;schedule;__schedule;psi_task_switch;psi_group_change
0.25% filemap_read;filemap_get_pages;filemap_get_read_batch;xas_load;xas_start
0.04% filemap_read;copy_page_to_iter;_copy_to_iter;copy_user_generic_string
0.01% filemap_read;filemap_get_pages;folio_wait_bit_common;io_schedule;schedule;__schedule;finish_task_switch.isra.0;__perf_event_task_sched_in;__intel_pmu_enable_all.constprop.0;native_write_msr
     0.57%     0.00%  c2d      c2d                   [.] conjoin_relevant_lits
0.29% conjoin_relevant_lits;get_and_node;asm_exc_page_fault;exc_page_fault;do_user_addr_fault;handle_mm_fault;__handle_mm_fault;wp_page_copy;vma_alloc_folio;__folio_alloc;__alloc_pages;get_page_from_freelist;__list_del_entry_valid
0.28% conjoin_relevant_lits;get_and_node;asm_exc_page_fault;exc_page_fault;do_user_addr_fault;handle_mm_fault;__handle_mm_fault;wp_page_copy;vma_alloc_folio;__folio_alloc;__alloc_pages;get_page_from_freelist;clear_page_rep
     0.56%     0.00%  c2d      c2d                   [.] conjoin_nnfs_lits
0.28% conjoin_nnfs_lits;conjoin_relevant_lits;get_and_node;asm_exc_page_fault;exc_page_fault;do_user_addr_fault;handle_mm_fault;__handle_mm_fault;wp_page_copy;vma_alloc_folio;__folio_alloc;__alloc_pages;get_page_from_freelist;clear_page_rep
0.28% conjoin_nnfs_lits;get_and_node;asm_exc_page_fault;exc_page_fault;do_user_addr_fault;handle_mm_fault;__handle_mm_fault;wp_page_copy;vma_alloc_folio;__folio_alloc;__alloc_pages;get_page_from_freelist;clear_page_rep
     0.55%     0.00%  c2d      [kernel.kallsyms]     [k] do_mas_munmap
0.29% do_mas_munmap;do_mas_align_munmap;unmap_region;unmap_vmas;unmap_page_range
0.26% do_mas_munmap;do_mas_align_munmap;__split_vma;__vma_adjust;vma_interval_tree_remove
     0.55%     0.00%  c2d      [kernel.kallsyms]     [k] do_mas_align_munmap
0.29% do_mas_align_munmap;unmap_region;unmap_vmas;unmap_page_range
0.26% do_mas_align_munmap;__split_vma;__vma_adjust;vma_interval_tree_remove
     0.55%     0.00%  c2d      ld-linux-x86-64.so.2  [.] 0x00007f06a0cc3a58
0.28% 0x7f06a0cc3a58;0x7f06a0cc322f;0x7f06a07cb991
0.27% 0x7f06a0cc3a58;0x7f06a0cc322f;0x7f06a0cc6c99;0x7f06a07f0a20;asm_exc_page_fault;exc_page_fault;do_user_addr_fault;handle_mm_fault;__handle_mm_fault;do_fault;filemap_map_pages;next_uptodate_page
     0.55%     0.00%  c2d      ld-linux-x86-64.so.2  [.] 0x00007f06a0cc322f
0.28% 0x7f06a0cc322f;0x7f06a07cb991
0.27% 0x7f06a0cc322f;0x7f06a0cc6c99;0x7f06a07f0a20;asm_exc_page_fault;exc_page_fault;do_user_addr_fault;handle_mm_fault;__handle_mm_fault;do_fault;filemap_map_pages;next_uptodate_page
     0.54%     0.00%  c2d      [kernel.kallsyms]     [k] filemap_get_pages
0.27% filemap_get_pages;folio_wait_bit_common;io_schedule;schedule;__schedule;psi_task_switch;psi_group_change
0.25% filemap_get_pages;filemap_get_read_batch;xas_load;xas_start
0.01% filemap_get_pages;folio_wait_bit_common;io_schedule;schedule;__schedule;finish_task_switch.isra.0;__perf_event_task_sched_in;__intel_pmu_enable_all.constprop.0;native_write_msr
     0.53%     0.00%  c2d      [unknown]             [k] 0x00007f06a0cdc8a8
0.27% 0x7f06a0cdc8a8;0x7f06a0cb1075;0x7f06a0cc9ae3;entry_SYSCALL_64_after_hwframe;do_syscall_64;ksys_mmap_pgoff;vm_mmap_pgoff;do_mmap;mmap_region;vma_expand;vma_adjust_trans_huge
0.26% 0x7f06a0cdc8a8;0x7f06a0cb1075;0x7f06a0cc9ae3;entry_SYSCALL_64_after_hwframe;do_syscall_64;ksys_mmap_pgoff;vm_mmap_pgoff;do_mmap;mmap_region;do_mas_munmap;do_mas_align_munmap;__split_vma;__vma_adjust;vma_interval_tree_remove
     0.53%     0.00%  c2d      ld-linux-x86-64.so.2  [.] 0x00007f06a0cb1075
0.27% 0x7f06a0cb1075;0x7f06a0cc9ae3;entry_SYSCALL_64_after_hwframe;do_syscall_64;ksys_mmap_pgoff;vm_mmap_pgoff;do_mmap;mmap_region;vma_expand;vma_adjust_trans_huge
0.26% 0x7f06a0cb1075;0x7f06a0cc9ae3;entry_SYSCALL_64_after_hwframe;do_syscall_64;ksys_mmap_pgoff;vm_mmap_pgoff;do_mmap;mmap_region;do_mas_munmap;do_mas_align_munmap;__split_vma;__vma_adjust;vma_interval_tree_remove
     0.51%     0.00%  c2d      libc.so.6             [.] 0x00007f06a07d80d9
0.26% 0x7f06a07d80d9;asm_exc_page_fault;exc_page_fault;do_user_addr_fault;handle_mm_fault;__handle_mm_fault;vma_alloc_folio;__folio_alloc;__alloc_pages;get_page_from_freelist;clear_page_rep
0.24% 0x7f06a07d80d9;asm_exc_page_fault;exc_page_fault;do_user_addr_fault;handle_mm_fault;__handle_mm_fault;folio_add_lru;folio_batch_move_lru;lru_add_fn;__mod_zone_page_state
     0.50%     0.50%  c2d      c2d                   [.] edges_intersection
0.25% 0x7f06a076724a;main;cnf2ddnnf_cmd_line;load_hdtree_from_file;dtree_skeleton2hdtree;initialize_hdtree;initialize_hdtree;initialize_hdtree;initialize_hdtree;initialize_hdtree;initialize_hdtree;initialize_hdtree;initialize_hdtree;initialize_hdtree;edges_intersection
0.25% 0x7f06a076724a;main;cnf2ddnnf_cmd_line;load_hdtree_from_file;dtree_skeleton2hdtree;initialize_hdtree;initialize_hdtree;initialize_hdtree;initialize_hdtree;initialize_hdtree;edges_intersection
     0.50%     0.00%  c2d      c2d                   [.] dtree_skeleton2hdtree
0.25% dtree_skeleton2hdtree;initialize_hdtree;initialize_hdtree;initialize_hdtree;initialize_hdtree;initialize_hdtree;initialize_hdtree;initialize_hdtree;initialize_hdtree;initialize_hdtree;edges_intersection
0.25% dtree_skeleton2hdtree;initialize_hdtree;initialize_hdtree;initialize_hdtree;initialize_hdtree;initialize_hdtree;edges_intersection
     0.50%     0.00%  c2d      c2d                   [.] initialize_hdtree
0.25% initialize_hdtree;initialize_hdtree;initialize_hdtree;initialize_hdtree;initialize_hdtree;initialize_hdtree;initialize_hdtree;initialize_hdtree;initialize_hdtree;edges_intersection
0.25% initialize_hdtree;initialize_hdtree;initialize_hdtree;initialize_hdtree;initialize_hdtree;edges_intersection
     0.43%     0.00%  c2d      [kernel.kallsyms]     [k] perf_event_mmap
0.25% perf_event_mmap;perf_iterate_sb;perf_iterate_ctx
0.18% perf_event_mmap;d_path;prepend_path
     0.30%     0.30%  c2d      c2d                   [.] free@plt
0.30% 0x7f06a076724a;main;cnf2ddnnf_cmd_line;free_cache_manager;cfree
     0.30%     0.00%  c2d      libc.so.6             [.] cfree
0.30% cfree
     0.29%     0.29%  c2d      [kernel.kallsyms]     [k] mt_find
0.29% 0x7f06a076724a;main;cnf2ddnnf_cmd_line;free_cache_manager;asm_exc_page_fault;exc_page_fault;do_user_addr_fault;lock_mm_and_find_vma;find_vma;mt_find
     0.29%     0.00%  c2d      [kernel.kallsyms]     [k] lock_mm_and_find_vma
0.29% lock_mm_and_find_vma;find_vma;mt_find
     0.29%     0.00%  c2d      [kernel.kallsyms]     [k] find_vma
0.29% find_vma;mt_find
     0.29%     0.29%  c2d      [kernel.kallsyms]     [k] error_entry
0.29% 0x7f06a076724a;main;cnf2ddnnf_cmd_line;free_cache_manager;error_entry
     0.29%     0.29%  c2d      [kernel.kallsyms]     [k] __mod_memcg_lruvec_state
0.29% 0x7f06a076724a;main;cnf2ddnnf_cmd_line;free_cache_manager;asm_exc_page_fault;exc_page_fault;do_user_addr_fault;handle_mm_fault;__handle_mm_fault;do_huge_pmd_anonymous_page;pte_alloc_one;mod_lruvec_page_state.constprop.0;__mod_lruvec_page_state;__mod_memcg_lruvec_state
     0.29%     0.00%  c2d      [kernel.kallsyms]     [k] do_huge_pmd_anonymous_page
0.29% do_huge_pmd_anonymous_page;pte_alloc_one;mod_lruvec_page_state.constprop.0;__mod_lruvec_page_state;__mod_memcg_lruvec_state
     0.29%     0.00%  c2d      [kernel.kallsyms]     [k] pte_alloc_one
0.29% pte_alloc_one;mod_lruvec_page_state.constprop.0;__mod_lruvec_page_state;__mod_memcg_lruvec_state
     0.29%     0.00%  c2d      [kernel.kallsyms]     [k] mod_lruvec_page_state.constprop.0
0.29% mod_lruvec_page_state.constprop.0;__mod_lruvec_page_state;__mod_memcg_lruvec_state
     0.29%     0.00%  c2d      [kernel.kallsyms]     [k] __mod_lruvec_page_state
0.29% __mod_lruvec_page_state;__mod_memcg_lruvec_state
     0.29%     0.00%  c2d      libc.so.6             [.] __munmap
0.29% __munmap;entry_SYSCALL_64_after_hwframe;do_syscall_64;__x64_sys_munmap;__vm_munmap;do_mas_munmap;do_mas_align_munmap;unmap_region;unmap_vmas;unmap_page_range
     0.29%     0.00%  c2d      [kernel.kallsyms]     [k] __x64_sys_munmap
0.29% __x64_sys_munmap;__vm_munmap;do_mas_munmap;do_mas_align_munmap;unmap_region;unmap_vmas;unmap_page_range
     0.29%     0.00%  c2d      [kernel.kallsyms]     [k] __vm_munmap
0.29% __vm_munmap;do_mas_munmap;do_mas_align_munmap;unmap_region;unmap_vmas;unmap_page_range
     0.29%     0.00%  c2d      [kernel.kallsyms]     [k] unmap_region
0.29% unmap_region;unmap_vmas;unmap_page_range
     0.29%     0.29%  c2d      [kernel.kallsyms]     [k] get_random_u32
0.29% 0x67616e616d20464e;write;entry_SYSCALL_64_after_hwframe;do_syscall_64;ksys_write;vfs_write;xfs_file_buffered_write;xfs_file_write_checks;file_modified_flags;xfs_vn_update_time;xfs_trans_alloc;xfs_trans_reserve;xfs_log_reserve;xlog_ticket_alloc;get_random_u32
     0.29%     0.00%  c2d      [unknown]             [k] 0x67616e616d20464e
0.29% 0x67616e616d20464e;write;entry_SYSCALL_64_after_hwframe;do_syscall_64;ksys_write;vfs_write;xfs_file_buffered_write;xfs_file_write_checks;file_modified_flags;xfs_vn_update_time;xfs_trans_alloc;xfs_trans_reserve;xfs_log_reserve;xlog_ticket_alloc;get_random_u32
     0.29%     0.00%  c2d      libc.so.6             [.] write
0.29% write;entry_SYSCALL_64_after_hwframe;do_syscall_64;ksys_write;vfs_write;xfs_file_buffered_write;xfs_file_write_checks;file_modified_flags;xfs_vn_update_time;xfs_trans_alloc;xfs_trans_reserve;xfs_log_reserve;xlog_ticket_alloc;get_random_u32
     0.29%     0.00%  c2d      [kernel.kallsyms]     [k] ksys_write
0.29% ksys_write;vfs_write;xfs_file_buffered_write;xfs_file_write_checks;file_modified_flags;xfs_vn_update_time;xfs_trans_alloc;xfs_trans_reserve;xfs_log_reserve;xlog_ticket_alloc;get_random_u32
     0.29%     0.00%  c2d      [kernel.kallsyms]     [k] vfs_write
0.29% vfs_write;xfs_file_buffered_write;xfs_file_write_checks;file_modified_flags;xfs_vn_update_time;xfs_trans_alloc;xfs_trans_reserve;xfs_log_reserve;xlog_ticket_alloc;get_random_u32
     0.29%     0.00%  c2d      [xfs]                 [k] xfs_file_buffered_write
0.29% xfs_file_buffered_write;xfs_file_write_checks;file_modified_flags;xfs_vn_update_time;xfs_trans_alloc;xfs_trans_reserve;xfs_log_reserve;xlog_ticket_alloc;get_random_u32
     0.29%     0.00%  c2d      [xfs]                 [k] xfs_file_write_checks
0.29% xfs_file_write_checks;file_modified_flags;xfs_vn_update_time;xfs_trans_alloc;xfs_trans_reserve;xfs_log_reserve;xlog_ticket_alloc;get_random_u32
     0.29%     0.00%  c2d      [kernel.kallsyms]     [k] file_modified_flags
0.29% file_modified_flags;xfs_vn_update_time;xfs_trans_alloc;xfs_trans_reserve;xfs_log_reserve;xlog_ticket_alloc;get_random_u32
     0.29%     0.00%  c2d      [xfs]                 [k] xfs_vn_update_time
0.29% xfs_vn_update_time;xfs_trans_alloc;xfs_trans_reserve;xfs_log_reserve;xlog_ticket_alloc;get_random_u32
     0.29%     0.00%  c2d      [xfs]                 [k] xfs_trans_alloc
0.29% xfs_trans_alloc;xfs_trans_reserve;xfs_log_reserve;xlog_ticket_alloc;get_random_u32
     0.29%     0.00%  c2d      [xfs]                 [k] xfs_trans_reserve
0.29% xfs_trans_reserve;xfs_log_reserve;xlog_ticket_alloc;get_random_u32
     0.29%     0.00%  c2d      [xfs]                 [k] xfs_log_reserve
0.29% xfs_log_reserve;xlog_ticket_alloc;get_random_u32
     0.29%     0.00%  c2d      [xfs]                 [k] xlog_ticket_alloc
0.29% xlog_ticket_alloc;get_random_u32
     0.29%     0.29%  c2d      libc.so.6             [.] 0x00000000000950a1
0.29% 0x1;0x7f06a07d50a5
     0.29%     0.00%  c2d      [unknown]             [.] 0x0000000000000001
0.29% 0x1;0x7f06a07d50a5
     0.29%     0.00%  c2d      libc.so.6             [.] 0x00007f06a07d50a5
0.29% 0x7f06a07d50a5
     0.29%     0.29%  c2d      [kernel.kallsyms]     [k] ctx_sched_out
0.29% entry_SYSCALL_64_after_hwframe;do_syscall_64;__x64_sys_exit_group;do_group_exit;do_exit;perf_event_exit_task;ctx_sched_out
     0.29%     0.00%  c2d      [kernel.kallsyms]     [k] perf_event_exit_task
0.29% perf_event_exit_task;ctx_sched_out
     0.29%     0.29%  c2d      [kernel.kallsyms]     [k] __irqentry_text_end
0.29% 0x7f06a076724a;main;cnf2ddnnf_cmd_line;free_cache_manager;__irqentry_text_end
     0.29%     0.29%  c2d      [kernel.kallsyms]     [k] _compound_head
0.29% entry_SYSCALL_64_after_hwframe;do_syscall_64;__x64_sys_exit_group;do_group_exit;do_exit;__mmput;exit_mmap;unmap_vmas;unmap_page_range;_compound_head
     0.29%     0.29%  c2d      [kernel.kallsyms]     [k] __list_del_entry_valid
0.29% 0x7f06a076724a;main;cnf2ddnnf_cmd_line;compile_cnf;compile_dt;compile_dt;compile_dt;compile_dt;compile_dt;compile_dt;compile_decomposed;lookup_or_compile_dt;compile_dt;compile_dt;compile_dt;compile_dt;compile_dt;compile_dt;compile_dt;compile_decomposed;conjoin_relevant_lits;get_and_node;asm_exc_page_fault;exc_page_fault;do_user_addr_fault;handle_mm_fault;__handle_mm_fault;wp_page_copy;vma_alloc_folio;__folio_alloc;__alloc_pages;get_page_from_freelist;__list_del_entry_valid
     0.29%     0.00%  c2d      [kernel.kallsyms]     [k] folio_wait_bit_common
0.27% folio_wait_bit_common;io_schedule;schedule;__schedule;psi_task_switch;psi_group_change
0.01% folio_wait_bit_common;io_schedule;schedule;__schedule;finish_task_switch.isra.0;__perf_event_task_sched_in;__intel_pmu_enable_all.constprop.0;native_write_msr
     0.29%     0.00%  c2d      [kernel.kallsyms]     [k] io_schedule
0.27% io_schedule;schedule;__schedule;psi_task_switch;psi_group_change
0.01% io_schedule;schedule;__schedule;finish_task_switch.isra.0;__perf_event_task_sched_in;__intel_pmu_enable_all.constprop.0;native_write_msr
     0.29%     0.00%  c2d      [kernel.kallsyms]     [k] schedule
0.27% schedule;__schedule;psi_task_switch;psi_group_change
0.01% schedule;__schedule;finish_task_switch.isra.0;__perf_event_task_sched_in;__intel_pmu_enable_all.constprop.0;native_write_msr
     0.29%     0.00%  c2d      [kernel.kallsyms]     [k] __schedule
0.27% __schedule;psi_task_switch;psi_group_change
0.01% __schedule;finish_task_switch.isra.0;__perf_event_task_sched_in;__intel_pmu_enable_all.constprop.0;native_write_msr
     0.29%     0.29%  c2d      c2d                   [.] erase_level
0.29% 0x7f06a076724a;main;cnf2ddnnf_cmd_line;compile_cnf;compile_dt;compile_dt;compile_dt;compile_dt;undo_decide_literal;erase_level
     0.29%     0.00%  c2d      c2d                   [.] undo_decide_literal
0.29% undo_decide_literal;erase_level
     0.28%     0.28%  c2d      libc.so.6             [.] 0x000000000003fb30
0.28% 0x7f06a077fb35
     0.28%     0.00%  c2d      libc.so.6             [.] 0x00007f06a077fb35
0.28% 0x7f06a077fb35
     0.28%     0.28%  c2d      [kernel.kallsyms]     [k] __split_huge_pmd
0.28% 0x7f06a076724a;main;cnf2ddnnf_cmd_line;compile_cnf;compile_dt;compile_dt;compile_dt;compile_dt;compile_dt;compile_decomposed;lookup_or_compile_dt;compile_dt;compile_dt;compile_decomposed;lookup_or_compile_dt;compile_dt;compile_dt;compile_decomposed;lookup_or_compile_dt;compile_decomposed;lookup_or_compile_dt;compile_decomposed;lookup_or_compile_dt;compile_decomposed;lookup_or_compile_dt;compile_decomposed;lookup_or_compile_dt;compile_decomposed;lookup_or_compile_dt;compile_decomposed;lookup_or_compile_dt;compile_decomposed;lookup_or_compile_dt;compile_decomposed;lookup_or_compile_dt;compile_decomposed;lookup_or_compile_dt;compile_decomposed;lookup_or_compile_dt;compile_decomposed;lookup_or_compile_dt;insert_cnf_cache;add_cache_entry;asm_exc_page_fault;exc_page_fault;do_user_addr_fault;handle_mm_fault;__handle_mm_fault;do_huge_pmd_wp_page;__split_huge_pmd
     0.28%     0.00%  c2d      c2d                   [.] insert_cnf_cache
0.28% insert_cnf_cache;add_cache_entry;asm_exc_page_fault;exc_page_fault;do_user_addr_fault;handle_mm_fault;__handle_mm_fault;do_huge_pmd_wp_page;__split_huge_pmd
     0.28%     0.00%  c2d      c2d                   [.] add_cache_entry
0.28% add_cache_entry;asm_exc_page_fault;exc_page_fault;do_user_addr_fault;handle_mm_fault;__handle_mm_fault;do_huge_pmd_wp_page;__split_huge_pmd
     0.28%     0.00%  c2d      [kernel.kallsyms]     [k] do_huge_pmd_wp_page
0.28% do_huge_pmd_wp_page;__split_huge_pmd
     0.28%     0.28%  c2d      c2d                   [.] update_relevance_bit
0.28% 0x7f06a076724a;main;cnf2ddnnf_cmd_line;compile_cnf;compile_dt;compile_dt;compile_dt;compile_dt;compile_dt;compile_decomposed;lookup_or_compile_dt;compile_dt;compile_dt;compile_dt;compile_dt;compile_dt;compile_dt;compile_dt;compile_decomposed;lookup_or_compile_dt;get_cnf_key;apply_to_vars;pack_var_2bits;update_relevance_bit
     0.28%     0.00%  c2d      c2d                   [.] get_cnf_key
0.28% get_cnf_key;apply_to_vars;pack_var_2bits;update_relevance_bit
     0.28%     0.00%  c2d      c2d                   [.] apply_to_vars
0.28% apply_to_vars;pack_var_2bits;update_relevance_bit
     0.28%     0.00%  c2d      c2d                   [.] pack_var_2bits
0.28% pack_var_2bits;update_relevance_bit
     0.28%     0.28%  c2d      libc.so.6             [.] 0x000000000008b98d
0.28% 0x7f06a0cc3a58;0x7f06a0cc322f;0x7f06a07cb991
     0.28%     0.00%  c2d      libc.so.6             [.] 0x00007f06a07cb991
0.28% 0x7f06a07cb991
     0.28%     0.28%  c2d      libm.so.6             [.] log2
0.28% 0x7f06a076724a;main;cnf2ddnnf_cmd_line;compile_cnf;compile_dt;compile_dt;compile_dt;compile_dt;compile_dt;compile_decomposed;lookup_or_compile_dt;compile_dt;compile_dt;compile_dt;compile_dt;compile_dt;compile_dt;compile_decomposed;lookup_or_compile_dt;compile_decomposed;lookup_or_compile_dt;compile_decomposed;lookup_or_compile_dt;compile_decomposed;lookup_or_compile_dt;compile_decomposed;lookup_or_compile_dt;compile_decomposed;lookup_or_compile_dt;compile_decomposed;lookup_or_compile_dt;compile_dt;select_separator;update_separator_score;log2
     0.28%     0.00%  c2d      c2d                   [.] select_separator
0.28% select_separator;update_separator_score;log2
     0.28%     0.00%  c2d      c2d                   [.] update_separator_score
0.28% update_separator_score;log2
     0.28%     0.28%  c2d      c2d                   [.] subs_cls
0.28% 0x7f06a076724a;main;cnf2ddnnf_cmd_line;compile_cnf;compile_dt;compile_dt;compile_dt;compile_dt;compile_dt;compile_decomposed;lookup_or_compile_dt;compile_dt;compile_dt;compile_dt;compile_dt;compile_decomposed;lookup_or_compile_dt;active_separator_count;push_items_to_end;eliminated;weakly_eliminated;subs_cls
     0.28%     0.00%  c2d      c2d                   [.] active_separator_count
0.28% active_separator_count;push_items_to_end;eliminated;weakly_eliminated;subs_cls
     0.28%     0.00%  c2d      c2d                   [.] push_items_to_end
0.28% push_items_to_end;eliminated;weakly_eliminated;subs_cls
     0.28%     0.00%  c2d      c2d                   [.] eliminated
0.28% eliminated;weakly_eliminated;subs_cls
     0.28%     0.00%  c2d      c2d                   [.] weakly_eliminated
0.28% weakly_eliminated;subs_cls
     0.28%     0.28%  c2d      ld-linux-x86-64.so.2  [.] 0x00000000000222f6
0.28% 0x7f06a0ccb2fa
     0.28%     0.00%  c2d      ld-linux-x86-64.so.2  [.] 0x00007f06a0ccb2fa
0.28% 0x7f06a0ccb2fa
     0.28%     0.28%  c2d      c2d                   [.] update_subsumption
0.28% 0x7f06a076724a;main;cnf2ddnnf_cmd_line;compile_cnf;compile_dt;decide_literal;set_literal;update_subsumption
     0.28%     0.00%  c2d      c2d                   [.] decide_literal
0.28% decide_literal;set_literal;update_subsumption
     0.28%     0.00%  c2d      c2d                   [.] set_literal
0.28% set_literal;update_subsumption
     0.28%     0.28%  c2d      ld-linux-x86-64.so.2  [.] 0x0000000000008db0
0.28% 0x7f06a0cb1db4
     0.28%     0.00%  c2d      ld-linux-x86-64.so.2  [.] 0x00007f06a0cb1db4
0.28% 0x7f06a0cb1db4
     0.28%     0.28%  c2d      libc.so.6             [.] 0x00000000000951cb
0.28% 0x7f06a07d51d0
     0.28%     0.00%  c2d      libc.so.6             [.] 0x00007f06a07d51d0
0.28% 0x7f06a07d51d0
     0.27%     0.27%  c2d      ld-linux-x86-64.so.2  [.] 0x0000000000008dd0
0.27% 0x7f06a0cb1dd6
     0.27%     0.00%  c2d      ld-linux-x86-64.so.2  [.] 0x00007f06a0cb1dd6
0.27% 0x7f06a0cb1dd6
     0.27%     0.27%  c2d      [kernel.kallsyms]     [k] psi_group_change
0.27% 0;read;entry_SYSCALL_64_after_hwframe;do_syscall_64;ksys_read;vfs_read;xfs_file_read_iter;xfs_file_buffered_read;filemap_read;filemap_get_pages;folio_wait_bit_common;io_schedule;schedule;__schedule;psi_task_switch;psi_group_change
     0.27%     0.00%  c2d      [kernel.kallsyms]     [k] psi_task_switch
0.27% psi_task_switch;psi_group_change
     0.27%     0.27%  c2d      ld-linux-x86-64.so.2  [.] 0x0000000000008e0b
0.27% 0x7f06a0cb1e0f
     0.27%     0.00%  c2d      ld-linux-x86-64.so.2  [.] 0x00007f06a0cb1e0f
0.27% 0x7f06a0cb1e0f
     0.27%     0.27%  c2d      [kernel.kallsyms]     [k] select_task_rq_fair
0.27% 0x7f06a0cb2086;asm_sysvec_apic_timer_interrupt;sysvec_apic_timer_interrupt;__irq_exit_rcu;handle_softirqs;rcu_core;swake_up_one;try_to_wake_up;select_task_rq_fair
     0.27%     0.00%  c2d      ld-linux-x86-64.so.2  [.] 0x00007f06a0cb2086
0.27% 0x7f06a0cb2086;asm_sysvec_apic_timer_interrupt;sysvec_apic_timer_interrupt;__irq_exit_rcu;handle_softirqs;rcu_core;swake_up_one;try_to_wake_up;select_task_rq_fair
     0.27%     0.00%  c2d      [kernel.kallsyms]     [k] asm_sysvec_apic_timer_interrupt
0.27% asm_sysvec_apic_timer_interrupt;sysvec_apic_timer_interrupt;__irq_exit_rcu;handle_softirqs;rcu_core;swake_up_one;try_to_wake_up;select_task_rq_fair
     0.27%     0.00%  c2d      [kernel.kallsyms]     [k] sysvec_apic_timer_interrupt
0.27% sysvec_apic_timer_interrupt;__irq_exit_rcu;handle_softirqs;rcu_core;swake_up_one;try_to_wake_up;select_task_rq_fair
     0.27%     0.00%  c2d      [kernel.kallsyms]     [k] __irq_exit_rcu
0.27% __irq_exit_rcu;handle_softirqs;rcu_core;swake_up_one;try_to_wake_up;select_task_rq_fair
     0.27%     0.00%  c2d      [kernel.kallsyms]     [k] handle_softirqs
0.27% handle_softirqs;rcu_core;swake_up_one;try_to_wake_up;select_task_rq_fair
     0.27%     0.00%  c2d      [kernel.kallsyms]     [k] rcu_core
0.27% rcu_core;swake_up_one;try_to_wake_up;select_task_rq_fair
     0.27%     0.00%  c2d      [kernel.kallsyms]     [k] swake_up_one
0.27% swake_up_one;try_to_wake_up;select_task_rq_fair
     0.27%     0.00%  c2d      [kernel.kallsyms]     [k] try_to_wake_up
0.27% try_to_wake_up;select_task_rq_fair
     0.27%     0.27%  c2d      c2d                   [.] fill_separators
0.27% 0x7f06a076724a;main;cnf2ddnnf_cmd_line;construct_dtree_manager;initialize_dtree_separators;fill_separators;fill_separators;fill_separators;fill_separators;fill_separators;fill_separators;fill_separators;fill_separators;fill_separators
     0.27%     0.00%  c2d      c2d                   [.] construct_dtree_manager
0.27% construct_dtree_manager;initialize_dtree_separators;fill_separators;fill_separators;fill_separators;fill_separators;fill_separators;fill_separators;fill_separators;fill_separators;fill_separators
     0.27%     0.00%  c2d      c2d                   [.] initialize_dtree_separators
0.27% initialize_dtree_separators;fill_separators;fill_separators;fill_separators;fill_separators;fill_separators;fill_separators;fill_separators;fill_separators;fill_separators
     0.27%     0.27%  c2d      libc.so.6             [.] memcpy
0.27% memcpy
     0.27%     0.27%  c2d      [kernel.kallsyms]     [k] next_uptodate_page
0.27% 0x7f06a0cc3a58;0x7f06a0cc322f;0x7f06a0cc6c99;0x7f06a07f0a20;asm_exc_page_fault;exc_page_fault;do_user_addr_fault;handle_mm_fault;__handle_mm_fault;do_fault;filemap_map_pages;next_uptodate_page
     0.27%     0.00%  c2d      ld-linux-x86-64.so.2  [.] 0x00007f06a0cc6c99
0.27% 0x7f06a0cc6c99;0x7f06a07f0a20;asm_exc_page_fault;exc_page_fault;do_user_addr_fault;handle_mm_fault;__handle_mm_fault;do_fault;filemap_map_pages;next_uptodate_page
     0.27%     0.00%  c2d      libc.so.6             [.] 0x00007f06a07f0a20
0.27% 0x7f06a07f0a20;asm_exc_page_fault;exc_page_fault;do_user_addr_fault;handle_mm_fault;__handle_mm_fault;do_fault;filemap_map_pages;next_uptodate_page
     0.27%     0.00%  c2d      [kernel.kallsyms]     [k] do_fault
0.27% do_fault;filemap_map_pages;next_uptodate_page
     0.27%     0.00%  c2d      [kernel.kallsyms]     [k] filemap_map_pages
0.27% filemap_map_pages;next_uptodate_page
     0.27%     0.27%  c2d      libc.so.6             [.] 0x0000000000097a88
0.27% 0;0x7f06a07d7a8f
     0.27%     0.00%  c2d      libc.so.6             [.] 0x00007f06a07d7a8f
0.27% 0x7f06a07d7a8f
     0.27%     0.27%  c2d      [kernel.kallsyms]     [k] vma_adjust_trans_huge
0.27% 0x7f06a0cdc8a8;0x7f06a0cb1075;0x7f06a0cc9ae3;entry_SYSCALL_64_after_hwframe;do_syscall_64;ksys_mmap_pgoff;vm_mmap_pgoff;do_mmap;mmap_region;vma_expand;vma_adjust_trans_huge
     0.27%     0.00%  c2d      [kernel.kallsyms]     [k] vma_expand
0.27% vma_expand;vma_adjust_trans_huge
     0.26%     0.26%  c2d      [kernel.kallsyms]     [k] vma_interval_tree_remove
0.26% 0x7f06a0cdc8a8;0x7f06a0cb1075;0x7f06a0cc9ae3;entry_SYSCALL_64_after_hwframe;do_syscall_64;ksys_mmap_pgoff;vm_mmap_pgoff;do_mmap;mmap_region;do_mas_munmap;do_mas_align_munmap;__split_vma;__vma_adjust;vma_interval_tree_remove
     0.26%     0.00%  c2d      [kernel.kallsyms]     [k] __split_vma
0.26% __split_vma;__vma_adjust;vma_interval_tree_remove
     0.26%     0.00%  c2d      [kernel.kallsyms]     [k] __vma_adjust
0.26% __vma_adjust;vma_interval_tree_remove
     0.26%     0.26%  c2d      [kernel.kallsyms]     [k] native_irq_return_iret
0.26% 0x7f06a076724a;main;cnf2ddnnf_cmd_line;construct_cnf_manager;0x7f06a07e36c0
     0.26%     0.00%  c2d      c2d                   [.] construct_cnf_manager
0.26% construct_cnf_manager;0x7f06a07e36c0
     0.26%     0.00%  c2d      libc.so.6             [.] 0x00007f06a07e36c0
0.26% 0x7f06a07e36c0
     0.25%     0.25%  c2d      [kernel.kallsyms]     [k] perf_iterate_ctx
0.25% 0;0x7f06a0cc9ae3;entry_SYSCALL_64_after_hwframe;do_syscall_64;ksys_mmap_pgoff;vm_mmap_pgoff;do_mmap;mmap_region;perf_event_mmap;perf_iterate_sb;perf_iterate_ctx
     0.25%     0.00%  c2d      [kernel.kallsyms]     [k] perf_iterate_sb
0.25% perf_iterate_sb;perf_iterate_ctx
     0.25%     0.25%  c2d      libc.so.6             [.] _IO_sputbackc
0.25% 0x7f06a076724a;main;cnf2ddnnf_cmd_line;load_hdtree_from_file;__isoc99_fscanf;_IO_sputbackc
     0.25%     0.25%  c2d      [kernel.kallsyms]     [k] xas_start
0.25% 0;read;entry_SYSCALL_64_after_hwframe;do_syscall_64;ksys_read;vfs_read;xfs_file_read_iter;xfs_file_buffered_read;filemap_read;filemap_get_pages;filemap_get_read_batch;xas_load;xas_start
     0.25%     0.00%  c2d      [kernel.kallsyms]     [k] filemap_get_read_batch
0.25% filemap_get_read_batch;xas_load;xas_start
     0.25%     0.00%  c2d      [kernel.kallsyms]     [k] xas_load
0.25% xas_load;xas_start
     0.25%     0.00%  c2d      [unknown]             [k] 0x00007f9d24af3a97
0.18% 0x7f9d24af3a97;entry_SYSCALL_64_after_hwframe;do_syscall_64;__x64_sys_execve;do_execveat_common.isra.0;bprm_execve;load_elf_binary;elf_map;vm_mmap_pgoff;do_mmap;mmap_region;perf_event_mmap;d_path;prepend_path
0.07% 0x7f9d24af3a97;entry_SYSCALL_64_after_hwframe;do_syscall_64;__x64_sys_execve;do_execveat_common.isra.0;bprm_execve;load_elf_binary;set_personality_64bit
     0.25%     0.00%  c2d      [kernel.kallsyms]     [k] __x64_sys_execve
0.18% __x64_sys_execve;do_execveat_common.isra.0;bprm_execve;load_elf_binary;elf_map;vm_mmap_pgoff;do_mmap;mmap_region;perf_event_mmap;d_path;prepend_path
0.07% __x64_sys_execve;do_execveat_common.isra.0;bprm_execve;load_elf_binary;set_personality_64bit
     0.25%     0.00%  c2d      [kernel.kallsyms]     [k] do_execveat_common.isra.0
0.18% do_execveat_common.isra.0;bprm_execve;load_elf_binary;elf_map;vm_mmap_pgoff;do_mmap;mmap_region;perf_event_mmap;d_path;prepend_path
0.07% do_execveat_common.isra.0;bprm_execve;load_elf_binary;set_personality_64bit
     0.25%     0.00%  c2d      [kernel.kallsyms]     [k] bprm_execve
0.18% bprm_execve;load_elf_binary;elf_map;vm_mmap_pgoff;do_mmap;mmap_region;perf_event_mmap;d_path;prepend_path
0.07% bprm_execve;load_elf_binary;set_personality_64bit
     0.25%     0.00%  c2d      [kernel.kallsyms]     [k] load_elf_binary
0.18% load_elf_binary;elf_map;vm_mmap_pgoff;do_mmap;mmap_region;perf_event_mmap;d_path;prepend_path
0.07% load_elf_binary;set_personality_64bit
     0.24%     0.24%  c2d      [kernel.kallsyms]     [k] __mod_zone_page_state
0.24% 0;0x7f06a07d80d9;asm_exc_page_fault;exc_page_fault;do_user_addr_fault;handle_mm_fault;__handle_mm_fault;folio_add_lru;folio_batch_move_lru;lru_add_fn;__mod_zone_page_state
     0.24%     0.00%  c2d      [kernel.kallsyms]     [k] folio_add_lru
0.24% folio_add_lru;folio_batch_move_lru;lru_add_fn;__mod_zone_page_state
     0.24%     0.00%  c2d      [kernel.kallsyms]     [k] folio_batch_move_lru
0.24% folio_batch_move_lru;lru_add_fn;__mod_zone_page_state
     0.24%     0.00%  c2d      [kernel.kallsyms]     [k] lru_add_fn
0.24% lru_add_fn;__mod_zone_page_state
     0.24%     0.24%  c2d      [kernel.kallsyms]     [k] kmem_cache_free
0.24% 0x7f06a0cc3a50;entry_SYSCALL_64_after_hwframe;do_syscall_64;syscall_exit_to_user_mode;exit_to_user_mode_prepare;task_work_run;__fput;__dentry_kill;destroy_inode;kmem_cache_free
     0.24%     0.00%  c2d      ld-linux-x86-64.so.2  [.] 0x00007f06a0cc3a50
0.24% 0x7f06a0cc3a50;entry_SYSCALL_64_after_hwframe;do_syscall_64;syscall_exit_to_user_mode;exit_to_user_mode_prepare;task_work_run;__fput;__dentry_kill;destroy_inode;kmem_cache_free
     0.24%     0.00%  c2d      [kernel.kallsyms]     [k] syscall_exit_to_user_mode
0.24% syscall_exit_to_user_mode;exit_to_user_mode_prepare;task_work_run;__fput;__dentry_kill;destroy_inode;kmem_cache_free
     0.24%     0.00%  c2d      [kernel.kallsyms]     [k] exit_to_user_mode_prepare
0.24% exit_to_user_mode_prepare;task_work_run;__fput;__dentry_kill;destroy_inode;kmem_cache_free
     0.24%     0.00%  c2d      [kernel.kallsyms]     [k] task_work_run
0.24% task_work_run;__fput;__dentry_kill;destroy_inode;kmem_cache_free
     0.24%     0.00%  c2d      [kernel.kallsyms]     [k] __fput
0.24% __fput;__dentry_kill;destroy_inode;kmem_cache_free
     0.24%     0.00%  c2d      [kernel.kallsyms]     [k] __dentry_kill
0.24% __dentry_kill;destroy_inode;kmem_cache_free
     0.24%     0.00%  c2d      [kernel.kallsyms]     [k] destroy_inode
0.24% destroy_inode;kmem_cache_free
     0.18%     0.18%  c2d      libc.so.6             [.] 0x000000000008600d
0.18% 0x7f06a076724a;main;__isoc99_fscanf;0x7f06a07c6013
     0.18%     0.00%  c2d      libc.so.6             [.] 0x00007f06a07c6013
0.18% 0x7f06a07c6013
     0.18%     0.18%  c2d      [kernel.kallsyms]     [k] prepend_path
0.18% 0x7f9d24af3a97;entry_SYSCALL_64_after_hwframe;do_syscall_64;__x64_sys_execve;do_execveat_common.isra.0;bprm_execve;load_elf_binary;elf_map;vm_mmap_pgoff;do_mmap;mmap_region;perf_event_mmap;d_path;prepend_path
     0.18%     0.00%  c2d      [kernel.kallsyms]     [k] elf_map
0.18% elf_map;vm_mmap_pgoff;do_mmap;mmap_region;perf_event_mmap;d_path;prepend_path
     0.18%     0.00%  c2d      [kernel.kallsyms]     [k] d_path
0.18% d_path;prepend_path
     0.11%     0.11%  c2d      ld-linux-x86-64.so.2  [.] 0x000000000000fe0e
0.11% 0x7f06a0cb8e12
     0.11%     0.00%  c2d      ld-linux-x86-64.so.2  [.] 0x00007f06a0cb8e12
0.11% 0x7f06a0cb8e12
     0.07%     0.07%  c2d      [kernel.kallsyms]     [k] set_personality_64bit
0.07% 0x7f9d24af3a97;entry_SYSCALL_64_after_hwframe;do_syscall_64;__x64_sys_execve;do_execveat_common.isra.0;bprm_execve;load_elf_binary;set_personality_64bit
     0.04%     0.04%  c2d      [kernel.kallsyms]     [k] copy_user_generic_string
0.04% 0;read;entry_SYSCALL_64_after_hwframe;do_syscall_64;ksys_read;vfs_read;xfs_file_read_iter;xfs_file_buffered_read;filemap_read;copy_page_to_iter;_copy_to_iter;copy_user_generic_string
     0.04%     0.00%  c2d      [kernel.kallsyms]     [k] copy_page_to_iter
0.04% copy_page_to_iter;_copy_to_iter;copy_user_generic_string
     0.04%     0.00%  c2d      [kernel.kallsyms]     [k] _copy_to_iter
0.04% _copy_to_iter;copy_user_generic_string
     0.02%     0.00%  perf-ex  [unknown]             [k] 0x00007f9d24af3a97
0.02% 0x7f9d24af3a97;entry_SYSCALL_64_after_hwframe;do_syscall_64;__x64_sys_execve;do_execveat_common.isra.0;bprm_execve;load_elf_binary;begin_new_exec;perf_event_exec
     0.02%     0.00%  perf-ex  [kernel.kallsyms]     [k] entry_SYSCALL_64_after_hwframe
0.02% entry_SYSCALL_64_after_hwframe;do_syscall_64;__x64_sys_execve;do_execveat_common.isra.0;bprm_execve;load_elf_binary;begin_new_exec;perf_event_exec
     0.02%     0.02%  perf-ex  [kernel.kallsyms]     [k] perf_event_exec
0.02% 0x7f9d24af3a97;entry_SYSCALL_64_after_hwframe;do_syscall_64;__x64_sys_execve;do_execveat_common.isra.0;bprm_execve;load_elf_binary;begin_new_exec;perf_event_exec
     0.02%     0.00%  perf-ex  [kernel.kallsyms]     [k] do_syscall_64
0.02% do_syscall_64;__x64_sys_execve;do_execveat_common.isra.0;bprm_execve;load_elf_binary;begin_new_exec;perf_event_exec
     0.02%     0.00%  perf-ex  [kernel.kallsyms]     [k] __x64_sys_execve
0.02% __x64_sys_execve;do_execveat_common.isra.0;bprm_execve;load_elf_binary;begin_new_exec;perf_event_exec
     0.02%     0.00%  perf-ex  [kernel.kallsyms]     [k] do_execveat_common.isra.0
0.02% do_execveat_common.isra.0;bprm_execve;load_elf_binary;begin_new_exec;perf_event_exec
     0.02%     0.00%  perf-ex  [kernel.kallsyms]     [k] bprm_execve
0.02% bprm_execve;load_elf_binary;begin_new_exec;perf_event_exec
     0.02%     0.00%  perf-ex  [kernel.kallsyms]     [k] load_elf_binary
0.02% load_elf_binary;begin_new_exec;perf_event_exec
     0.02%     0.00%  perf-ex  [kernel.kallsyms]     [k] begin_new_exec
0.02% begin_new_exec;perf_event_exec
     0.01%     0.00%  c2d      [kernel.kallsyms]     [k] native_write_msr
0.01% native_write_msr
     0.01%     0.00%  c2d      [kernel.kallsyms]     [k] finish_task_switch.isra.0
0.01% finish_task_switch.isra.0;__perf_event_task_sched_in;__intel_pmu_enable_all.constprop.0;native_write_msr
     0.01%     0.00%  c2d      [kernel.kallsyms]     [k] __perf_event_task_sched_in
0.01% __perf_event_task_sched_in;__intel_pmu_enable_all.constprop.0;native_write_msr
     0.01%     0.00%  c2d      [kernel.kallsyms]     [k] __intel_pmu_enable_all.constprop.0
0.01% __intel_pmu_enable_all.constprop.0;native_write_msr
     0.01%     0.01%  c2d      [kernel.kallsyms]     [k] memcpy_fromio
     0.00%     0.00%  perf-ex  [kernel.kallsyms]     [k] native_write_msr
     0.00%     0.00%  perf-ex  [kernel.kallsyms]     [k] __intel_pmu_enable_all.constprop.0
     0.00%     0.00%  perf-ex  [kernel.kallsyms]     [k] native_flush_tlb_one_user
     0.00%     0.00%  c2d      [kernel.kallsyms]     [k] native_flush_tlb_one_user
     0.00%     0.00%  perf-ex  [kernel.kallsyms]     [k] nmi_cpu_backtrace_handler
     0.00%     0.00%  c2d      [kernel.kallsyms]     [k] nmi_handle


#
# (Tip: Boolean options have negative forms, e.g.: perf report --no-children)
#
