# To display the perf.data header info, please use --header/--header-only options.
#
#
# Total Lost Samples: 0
#
# Samples: 356  of event 'cycles'
# Event count (approx.): 238100389
#
# Children      Self  Command  Shared Object         Symbol                                
# ........  ........  .......  ....................  ......................................
#
    93.89%     0.00%  c2d      libc.so.6             [.] 0x00007f4152a4624a
90.97% 0x7f4152a4624a;main;cnf2ddnnf_cmd_line;free_cache_manager
0.30% 0x7f4152a4624a;main;cnf2ddnnf_cmd_line;free_cache_manager;asm_exc_page_fault;exc_page_fault;do_user_addr_fault;lock_mm_and_find_vma;find_vma;mt_find
0.30% 0x7f4152a4624a;main;cnf2ddnnf_cmd_line;free_cache_manager;asm_common_interrupt;common_interrupt;__irq_exit_rcu;handle_softirqs;blk_complete_reqs;scsi_io_completion;scsi_end_request;blk_update_request;ext4_end_bio;ext4_finish_bio;folio_end_writeback;__folio_end_writeback;__xa_clear_mark;xas_clear_mark
0.28% 0x7f4152a4624a;main;cnf2ddnnf_cmd_line;compile_cnf;compile_dt;compile_dt;compile_decomposed;conjoin_nnfs_lits;conjoin_relevant_lits;get_and_node;asm_exc_page_fault;exc_page_fault;do_user_addr_fault;handle_mm_fault;__handle_mm_fault;do_huge_pmd_anonymous_page;pte_alloc_one;mod_lruvec_page_state.constprop.0;__mod_lruvec_page_state;__rcu_read_lock
0.27% 0x7f4152a4624a;main;cnf2ddnnf_cmd_line;compile_cnf;compile_dt;compile_dt;compile_decomposed;lookup_or_compile_dt;compile_dt;compile_dt;compile_decomposed;lookup_or_compile_dt;compile_decomposed;lookup_or_compile_dt;compile_dt;compile_dt;compile_decomposed;lookup_or_compile_dt;compile_dt;compile_dt;compile_decomposed;lookup_or_compile_dt;compile_decomposed;lookup_or_compile_dt;compile_decomposed;lookup_or_compile_dt;compile_dt;compile_dt;compile_decomposed;lookup_or_compile_dt;compile_decomposed;lookup_or_compile_dt;compile_decomposed;lookup_or_compile_dt;compile_decomposed;lookup_or_compile_dt;insert_cnf_cache;add_cache_entry;error_return
0.27% 0x7f4152a4624a;main;cnf2ddnnf_cmd_line;compile_cnf;compile_dt;compile_dt;compile_decomposed;lookup_or_compile_dt;compile_dt;compile_dt;compile_decomposed;lookup_or_compile_dt;compile_decomposed;lookup_or_compile_dt;compile_dt;compile_dt;compile_decomposed;lookup_or_compile_dt;compile_decomposed;lookup_or_compile_dt;compile_decomposed;lookup_or_compile_dt;compile_decomposed;lookup_or_compile_dt;compile_dt;undo_decide_literal;erase_level
0.27% 0x7f4152a4624a;main;cnf2ddnnf_cmd_line;load_hdtree_from_file;dtree_skeleton2hdtree;node2edges;new_hgr_edges
0.26% 0x7f4152a4624a;main;cnf2ddnnf_cmd_line;compile_cnf;compile_dt;compile_dt;compile_decomposed;lookup_or_compile_dt;compile_dt;compile_dt;compile_decomposed;lookup_or_compile_dt;compile_decomposed;lookup_or_compile_dt;compile_decomposed;lookup_or_compile_dt;compile_decomposed;lookup_or_compile_dt;compile_decomposed;lookup_or_compile_dt;compile_decomposed;lookup_or_compile_dt;compile_dt;decide_literal;set_literal
0.26% 0x7f4152a4624a;main;cnf2ddnnf_cmd_line;compile_cnf;compile_dt;compile_dt;compile_decomposed;lookup_or_compile_dt;compile_decomposed;lookup_or_compile_dt;compile_decomposed;lookup_or_compile_dt;compile_decomposed;lookup_or_compile_dt;compile_decomposed;lookup_or_compile_dt;compile_decomposed;lookup_or_compile_dt;compile_decomposed;lookup_or_compile_dt;compile_dt;compile_dt;compile_decomposed;lookup_or_compile_dt;insert_cnf_cache;add_cache_entry;asm_exc_page_fault;exc_page_fault;do_user_addr_fault;handle_mm_fault;__handle_mm_fault;do_huge_pmd_wp_page;__split_huge_pmd;native_set_pte
0.24% 0x7f4152a4624a;main;cnf2ddnnf_cmd_line;construct_cnf_manager;initialize_cnf_manager
0.24% 0x7f4152a4624a;main;cnf2ddnnf_cmd_line;load_hdtree_from_file;dtree_skeleton2hdtree;initialize_hdtree;initialize_hdtree;initialize_hdtree;initialize_hdtree;initialize_hdtree;initialize_hdtree;initialize_hdtree;initialize_hdtree;initialize_hdtree;initialize_hdtree;initialize_hdtree;initialize_hdtree;initialize_hdtree;initialize_hdtree;initialize_hdtree;initialize_hdtree;initialize_hdtree;initialize_hdtree;initialize_hdtree;initialize_hdtree;new_hgr_edges
0.22% 0x7f4152a4624a;main;__isoc99_fscanf;0x7f4152a67c65
    93.89%     0.00%  c2d      c2d                   [.] main
90.97% main;cnf2ddnnf_cmd_line;free_cache_manager
0.30% main;cnf2ddnnf_cmd_line;free_cache_manager;asm_exc_page_fault;exc_page_fault;do_user_addr_fault;lock_mm_and_find_vma;find_vma;mt_find
0.30% main;cnf2ddnnf_cmd_line;free_cache_manager;asm_common_interrupt;common_interrupt;__irq_exit_rcu;handle_softirqs;blk_complete_reqs;scsi_io_completion;scsi_end_request;blk_update_request;ext4_end_bio;ext4_finish_bio;folio_end_writeback;__folio_end_writeback;__xa_clear_mark;xas_clear_mark
0.28% main;cnf2ddnnf_cmd_line;compile_cnf;compile_dt;compile_dt;compile_decomposed;conjoin_nnfs_lits;conjoin_relevant_lits;get_and_node;asm_exc_page_fault;exc_page_fault;do_user_addr_fault;handle_mm_fault;__handle_mm_fault;do_huge_pmd_anonymous_page;pte_alloc_one;mod_lruvec_page_state.constprop.0;__mod_lruvec_page_state;__rcu_read_lock
0.27% main;cnf2ddnnf_cmd_line;compile_cnf;compile_dt;compile_dt;compile_decomposed;lookup_or_compile_dt;compile_dt;compile_dt;compile_decomposed;lookup_or_compile_dt;compile_decomposed;lookup_or_compile_dt;compile_dt;compile_dt;compile_decomposed;lookup_or_compile_dt;compile_dt;compile_dt;compile_decomposed;lookup_or_compile_dt;compile_decomposed;lookup_or_compile_dt;compile_decomposed;lookup_or_compile_dt;compile_dt;compile_dt;compile_decomposed;lookup_or_compile_dt;compile_decomposed;lookup_or_compile_dt;compile_decomposed;lookup_or_compile_dt;compile_decomposed;lookup_or_compile_dt;insert_cnf_cache;add_cache_entry;error_return
0.27% main;cnf2ddnnf_cmd_line;compile_cnf;compile_dt;compile_dt;compile_decomposed;lookup_or_compile_dt;compile_dt;compile_dt;compile_decomposed;lookup_or_compile_dt;compile_decomposed;lookup_or_compile_dt;compile_dt;compile_dt;compile_decomposed;lookup_or_compile_dt;compile_decomposed;lookup_or_compile_dt;compile_decomposed;lookup_or_compile_dt;compile_decomposed;lookup_or_compile_dt;compile_dt;undo_decide_literal;erase_level
0.27% main;cnf2ddnnf_cmd_line;load_hdtree_from_file;dtree_skeleton2hdtree;node2edges;new_hgr_edges
0.26% main;cnf2ddnnf_cmd_line;compile_cnf;compile_dt;compile_dt;compile_decomposed;lookup_or_compile_dt;compile_dt;compile_dt;compile_decomposed;lookup_or_compile_dt;compile_decomposed;lookup_or_compile_dt;compile_decomposed;lookup_or_compile_dt;compile_decomposed;lookup_or_compile_dt;compile_decomposed;lookup_or_compile_dt;compile_decomposed;lookup_or_compile_dt;compile_dt;decide_literal;set_literal
0.26% main;cnf2ddnnf_cmd_line;compile_cnf;compile_dt;compile_dt;compile_decomposed;lookup_or_compile_dt;compile_decomposed;lookup_or_compile_dt;compile_decomposed;lookup_or_compile_dt;compile_decomposed;lookup_or_compile_dt;compile_decomposed;lookup_or_compile_dt;compile_decomposed;lookup_or_compile_dt;compile_decomposed;lookup_or_compile_dt;compile_dt;compile_dt;compile_decomposed;lookup_or_compile_dt;insert_cnf_cache;add_cache_entry;asm_exc_page_fault;exc_page_fault;do_user_addr_fault;handle_mm_fault;__handle_mm_fault;do_huge_pmd_wp_page;__split_huge_pmd;native_set_pte
0.24% main;cnf2ddnnf_cmd_line;construct_cnf_manager;initialize_cnf_manager
0.24% main;cnf2ddnnf_cmd_line;load_hdtree_from_file;dtree_skeleton2hdtree;initialize_hdtree;initialize_hdtree;initialize_hdtree;initialize_hdtree;initialize_hdtree;initialize_hdtree;initialize_hdtree;initialize_hdtree;initialize_hdtree;initialize_hdtree;initialize_hdtree;initialize_hdtree;initialize_hdtree;initialize_hdtree;initialize_hdtree;initialize_hdtree;initialize_hdtree;initialize_hdtree;initialize_hdtree;initialize_hdtree;new_hgr_edges
0.22% main;__isoc99_fscanf;0x7f4152a67c65
    93.67%     0.00%  c2d      c2d                   [.] cnf2ddnnf_cmd_line
90.97% cnf2ddnnf_cmd_line;free_cache_manager
0.30% cnf2ddnnf_cmd_line;free_cache_manager;asm_exc_page_fault;exc_page_fault;do_user_addr_fault;lock_mm_and_find_vma;find_vma;mt_find
0.30% cnf2ddnnf_cmd_line;free_cache_manager;asm_common_interrupt;common_interrupt;__irq_exit_rcu;handle_softirqs;blk_complete_reqs;scsi_io_completion;scsi_end_request;blk_update_request;ext4_end_bio;ext4_finish_bio;folio_end_writeback;__folio_end_writeback;__xa_clear_mark;xas_clear_mark
0.28% cnf2ddnnf_cmd_line;compile_cnf;compile_dt;compile_dt;compile_decomposed;conjoin_nnfs_lits;conjoin_relevant_lits;get_and_node;asm_exc_page_fault;exc_page_fault;do_user_addr_fault;handle_mm_fault;__handle_mm_fault;do_huge_pmd_anonymous_page;pte_alloc_one;mod_lruvec_page_state.constprop.0;__mod_lruvec_page_state;__rcu_read_lock
0.27% cnf2ddnnf_cmd_line;compile_cnf;compile_dt;compile_dt;compile_decomposed;lookup_or_compile_dt;compile_dt;compile_dt;compile_decomposed;lookup_or_compile_dt;compile_decomposed;lookup_or_compile_dt;compile_dt;compile_dt;compile_decomposed;lookup_or_compile_dt;compile_dt;compile_dt;compile_decomposed;lookup_or_compile_dt;compile_decomposed;lookup_or_compile_dt;compile_decomposed;lookup_or_compile_dt;compile_dt;compile_dt;compile_decomposed;lookup_or_compile_dt;compile_decomposed;lookup_or_compile_dt;compile_decomposed;lookup_or_compile_dt;compile_decomposed;lookup_or_compile_dt;insert_cnf_cache;add_cache_entry;error_return
0.27% cnf2ddnnf_cmd_line;compile_cnf;compile_dt;compile_dt;compile_decomposed;lookup_or_compile_dt;compile_dt;compile_dt;compile_decomposed;lookup_or_compile_dt;compile_decomposed;lookup_or_compile_dt;compile_dt;compile_dt;compile_decomposed;lookup_or_compile_dt;compile_decomposed;lookup_or_compile_dt;compile_decomposed;lookup_or_compile_dt;compile_decomposed;lookup_or_compile_dt;compile_dt;undo_decide_literal;erase_level
0.27% cnf2ddnnf_cmd_line;load_hdtree_from_file;dtree_skeleton2hdtree;node2edges;new_hgr_edges
0.26% cnf2ddnnf_cmd_line;compile_cnf;compile_dt;compile_dt;compile_decomposed;lookup_or_compile_dt;compile_dt;compile_dt;compile_decomposed;lookup_or_compile_dt;compile_decomposed;lookup_or_compile_dt;compile_decomposed;lookup_or_compile_dt;compile_decomposed;lookup_or_compile_dt;compile_decomposed;lookup_or_compile_dt;compile_decomposed;lookup_or_compile_dt;compile_dt;decide_literal;set_literal
0.26% cnf2ddnnf_cmd_line;compile_cnf;compile_dt;compile_dt;compile_decomposed;lookup_or_compile_dt;compile_decomposed;lookup_or_compile_dt;compile_decomposed;lookup_or_compile_dt;compile_decomposed;lookup_or_compile_dt;compile_decomposed;lookup_or_compile_dt;compile_decomposed;lookup_or_compile_dt;compile_decomposed;lookup_or_compile_dt;compile_dt;compile_dt;compile_decomposed;lookup_or_compile_dt;insert_cnf_cache;add_cache_entry;asm_exc_page_fault;exc_page_fault;do_user_addr_fault;handle_mm_fault;__handle_mm_fault;do_huge_pmd_wp_page;__split_huge_pmd;native_set_pte
0.24% cnf2ddnnf_cmd_line;construct_cnf_manager;initialize_cnf_manager
0.24% cnf2ddnnf_cmd_line;load_hdtree_from_file;dtree_skeleton2hdtree;initialize_hdtree;initialize_hdtree;initialize_hdtree;initialize_hdtree;initialize_hdtree;initialize_hdtree;initialize_hdtree;initialize_hdtree;initialize_hdtree;initialize_hdtree;initialize_hdtree;initialize_hdtree;initialize_hdtree;initialize_hdtree;initialize_hdtree;initialize_hdtree;initialize_hdtree;initialize_hdtree;initialize_hdtree;initialize_hdtree;new_hgr_edges
    91.58%    90.97%  c2d      c2d                   [.] free_cache_manager
90.97% 0x7f4152a4624a;main;cnf2ddnnf_cmd_line;free_cache_manager
0.30% free_cache_manager;asm_exc_page_fault;exc_page_fault;do_user_addr_fault;lock_mm_and_find_vma;find_vma;mt_find
0.30% free_cache_manager;asm_common_interrupt;common_interrupt;__irq_exit_rcu;handle_softirqs;blk_complete_reqs;scsi_io_completion;scsi_end_request;blk_update_request;ext4_end_bio;ext4_finish_bio;folio_end_writeback;__folio_end_writeback;__xa_clear_mark;xas_clear_mark
     3.11%     0.00%  c2d      [kernel.kallsyms]     [k] entry_SYSCALL_64_after_hwframe
0.30% entry_SYSCALL_64_after_hwframe;do_syscall_64;__x64_sys_munmap;__vm_munmap;do_mas_munmap;do_mas_align_munmap;unmap_region;unmap_vmas;unmap_page_range
0.30% entry_SYSCALL_64_after_hwframe;do_syscall_64;ksys_write;vfs_write;security_file_permission
0.30% entry_SYSCALL_64_after_hwframe;do_syscall_64;__x64_sys_exit_group;do_group_exit;do_exit;__mmput;exit_mmap;unmap_vmas;unmap_page_range
0.30% entry_SYSCALL_64_after_hwframe;do_syscall_64;__x64_sys_exit_group;do_group_exit;do_exit;__mmput;exit_mmap;unmap_vmas;unmap_page_range;page_remove_rmap;__mod_lruvec_page_state;__mod_memcg_lruvec_state;cgroup_rstat_updated
0.29% entry_SYSCALL_64_after_hwframe;do_syscall_64;__x64_sys_openat;do_sys_openat2;do_filp_open;path_openat
0.28% entry_SYSCALL_64_after_hwframe;do_syscall_64;syscall_exit_to_user_mode;exit_to_user_mode_prepare;blkcg_maybe_throttle_current
0.26% entry_SYSCALL_64_after_hwframe;do_syscall_64;ksys_read;vfs_read;xfs_file_read_iter;xfs_file_buffered_read;filemap_read;filemap_get_pages;page_cache_ra_order;read_pages;blk_finish_plug;__blk_flush_plug;blk_mq_flush_plug_list.part.0;blk_mq_sched_insert_requests;__blk_mq_run_hw_queue;blk_mq_sched_dispatch_requests;__blk_mq_sched_dispatch_requests;blk_mq_do_dispatch_sched;blk_mq_dispatch_rq_list;scsi_queue_rq;sd_init_command;scsi_alloc_sgtables;sg_alloc_table_chained;sg_init_table
0.25% entry_SYSCALL_64_after_hwframe;do_syscall_64;vm_mmap_pgoff;do_mmap;mmap_region;vma_expand;mas_preallocate;mas_alloc_nodes;kmem_cache_alloc_bulk;memset
0.25% entry_SYSCALL_64_after_hwframe;do_syscall_64;ksys_write;vfs_write;xfs_file_buffered_write;iomap_file_buffered_write;iomap_write_end;filemap_dirty_folio;__mark_inode_dirty
0.22% entry_SYSCALL_64_after_hwframe;do_syscall_64;ksys_mmap_pgoff;vm_mmap_pgoff;do_mmap;mmap_region;mas_preallocate;mas_alloc_nodes;kmem_cache_alloc_bulk;memset
0.17% entry_SYSCALL_64_after_hwframe;do_syscall_64;__x64_sys_execve;do_execveat_common.isra.0;bprm_execve;load_elf_binary;elf_map;vm_mmap_pgoff;do_mmap;mmap_region;mas_preallocate;mas_alloc_nodes;kmem_cache_alloc_bulk;memset
0.12% entry_SYSCALL_64_after_hwframe;do_syscall_64;__x64_sys_execve;do_execveat_common.isra.0;bprm_execve;load_elf_binary;setup_arg_pages;shift_arg_pages;__vma_adjust;mas_preallocate;mas_alloc_nodes;kmem_cache_alloc_bulk;memset
0.05% entry_SYSCALL_64_after_hwframe;do_syscall_64;ksys_read;vfs_read;xfs_file_read_iter;xfs_file_buffered_read;filemap_read
0.01% entry_SYSCALL_64_after_hwframe;do_syscall_64;ksys_read;vfs_read;xfs_file_read_iter;xfs_file_buffered_read;filemap_read;filemap_get_pages;folio_wait_bit_common;io_schedule;schedule;__schedule;finish_task_switch.isra.0;__perf_event_task_sched_in;__intel_pmu_enable_all.constprop.0;native_write_msr
     3.11%     0.00%  c2d      [kernel.kallsyms]     [k] do_syscall_64
0.30% do_syscall_64;__x64_sys_munmap;__vm_munmap;do_mas_munmap;do_mas_align_munmap;unmap_region;unmap_vmas;unmap_page_range
0.30% do_syscall_64;ksys_write;vfs_write;security_file_permission
0.30% do_syscall_64;__x64_sys_exit_group;do_group_exit;do_exit;__mmput;exit_mmap;unmap_vmas;unmap_page_range
0.30% do_syscall_64;__x64_sys_exit_group;do_group_exit;do_exit;__mmput;exit_mmap;unmap_vmas;unmap_page_range;page_remove_rmap;__mod_lruvec_page_state;__mod_memcg_lruvec_state;cgroup_rstat_updated
0.29% do_syscall_64;__x64_sys_openat;do_sys_openat2;do_filp_open;path_openat
0.28% do_syscall_64;syscall_exit_to_user_mode;exit_to_user_mode_prepare;blkcg_maybe_throttle_current
0.26% do_syscall_64;ksys_read;vfs_read;xfs_file_read_iter;xfs_file_buffered_read;filemap_read;filemap_get_pages;page_cache_ra_order;read_pages;blk_finish_plug;__blk_flush_plug;blk_mq_flush_plug_list.part.0;blk_mq_sched_insert_requests;__blk_mq_run_hw_queue;blk_mq_sched_dispatch_requests;__blk_mq_sched_dispatch_requests;blk_mq_do_dispatch_sched;blk_mq_dispatch_rq_list;scsi_queue_rq;sd_init_command;scsi_alloc_sgtables;sg_alloc_table_chained;sg_init_table
0.25% do_syscall_64;vm_mmap_pgoff;do_mmap;mmap_region;vma_expand;mas_preallocate;mas_alloc_nodes;kmem_cache_alloc_bulk;memset
0.25% do_syscall_64;ksys_write;vfs_write;xfs_file_buffered_write;iomap_file_buffered_write;iomap_write_end;filemap_dirty_folio;__mark_inode_dirty
0.22% do_syscall_64;ksys_mmap_pgoff;vm_mmap_pgoff;do_mmap;mmap_region;mas_preallocate;mas_alloc_nodes;kmem_cache_alloc_bulk;memset
0.17% do_syscall_64;__x64_sys_execve;do_execveat_common.isra.0;bprm_execve;load_elf_binary;elf_map;vm_mmap_pgoff;do_mmap;mmap_region;mas_preallocate;mas_alloc_nodes;kmem_cache_alloc_bulk;memset
0.12% do_syscall_64;__x64_sys_execve;do_execveat_common.isra.0;bprm_execve;load_elf_binary;setup_arg_pages;shift_arg_pages;__vma_adjust;mas_preallocate;mas_alloc_nodes;kmem_cache_alloc_bulk;memset
0.05% do_syscall_64;ksys_read;vfs_read;xfs_file_read_iter;xfs_file_buffered_read;filemap_read
0.01% do_syscall_64;ksys_read;vfs_read;xfs_file_read_iter;xfs_file_buffered_read;filemap_read;filemap_get_pages;folio_wait_bit_common;io_schedule;schedule;__schedule;finish_task_switch.isra.0;__perf_event_task_sched_in;__intel_pmu_enable_all.constprop.0;native_write_msr
     2.00%     0.27%  c2d      [kernel.kallsyms]     [k] asm_exc_page_fault
0.45% asm_exc_page_fault;exc_page_fault;do_user_addr_fault;lock_mm_and_find_vma;find_vma;mt_find
0.28% asm_exc_page_fault;exc_page_fault;do_user_addr_fault;handle_mm_fault;__handle_mm_fault;do_huge_pmd_anonymous_page;pte_alloc_one;mod_lruvec_page_state.constprop.0;__mod_lruvec_page_state;__rcu_read_lock
0.27% 0x7f4152a4624a;main;cnf2ddnnf_cmd_line;compile_cnf;compile_dt;compile_dt;compile_decomposed;lookup_or_compile_dt;compile_dt;compile_dt;compile_decomposed;lookup_or_compile_dt;compile_decomposed;lookup_or_compile_dt;compile_dt;compile_dt;compile_decomposed;lookup_or_compile_dt;compile_dt;compile_dt;compile_decomposed;lookup_or_compile_dt;compile_decomposed;lookup_or_compile_dt;compile_decomposed;lookup_or_compile_dt;compile_dt;compile_dt;compile_decomposed;lookup_or_compile_dt;compile_decomposed;lookup_or_compile_dt;compile_decomposed;lookup_or_compile_dt;compile_decomposed;lookup_or_compile_dt;insert_cnf_cache;add_cache_entry;error_return
0.26% asm_exc_page_fault;exc_page_fault;do_user_addr_fault;handle_mm_fault;__handle_mm_fault;do_huge_pmd_wp_page;__split_huge_pmd;native_set_pte
0.26% asm_exc_page_fault;exc_page_fault;do_user_addr_fault;handle_mm_fault;__handle_mm_fault;do_fault;filemap_map_pages;next_uptodate_page
0.25% asm_exc_page_fault;exc_page_fault;do_user_addr_fault;handle_mm_fault;__handle_mm_fault;do_fault;__do_fault;filemap_fault
0.24% asm_exc_page_fault;exc_page_fault;do_user_addr_fault;handle_mm_fault;__handle_mm_fault;do_fault
     1.73%     0.00%  c2d      [kernel.kallsyms]     [k] exc_page_fault
0.45% exc_page_fault;do_user_addr_fault;lock_mm_and_find_vma;find_vma;mt_find
0.28% exc_page_fault;do_user_addr_fault;handle_mm_fault;__handle_mm_fault;do_huge_pmd_anonymous_page;pte_alloc_one;mod_lruvec_page_state.constprop.0;__mod_lruvec_page_state;__rcu_read_lock
0.26% exc_page_fault;do_user_addr_fault;handle_mm_fault;__handle_mm_fault;do_huge_pmd_wp_page;__split_huge_pmd;native_set_pte
0.26% exc_page_fault;do_user_addr_fault;handle_mm_fault;__handle_mm_fault;do_fault;filemap_map_pages;next_uptodate_page
0.25% exc_page_fault;do_user_addr_fault;handle_mm_fault;__handle_mm_fault;do_fault;__do_fault;filemap_fault
0.24% exc_page_fault;do_user_addr_fault;handle_mm_fault;__handle_mm_fault;do_fault
     1.73%     0.00%  c2d      [kernel.kallsyms]     [k] do_user_addr_fault
0.45% do_user_addr_fault;lock_mm_and_find_vma;find_vma;mt_find
0.28% do_user_addr_fault;handle_mm_fault;__handle_mm_fault;do_huge_pmd_anonymous_page;pte_alloc_one;mod_lruvec_page_state.constprop.0;__mod_lruvec_page_state;__rcu_read_lock
0.26% do_user_addr_fault;handle_mm_fault;__handle_mm_fault;do_huge_pmd_wp_page;__split_huge_pmd;native_set_pte
0.26% do_user_addr_fault;handle_mm_fault;__handle_mm_fault;do_fault;filemap_map_pages;next_uptodate_page
0.25% do_user_addr_fault;handle_mm_fault;__handle_mm_fault;do_fault;__do_fault;filemap_fault
0.24% do_user_addr_fault;handle_mm_fault;__handle_mm_fault;do_fault
     1.51%     0.00%  c2d      ld-linux-x86-64.so.2  [.] 0x00007f4152fd0a58
0.28% 0x7f4152fd0a58;0x7f4152fd022f;0x7f4152fd6b27;entry_SYSCALL_64_after_hwframe;do_syscall_64;syscall_exit_to_user_mode;exit_to_user_mode_prepare;blkcg_maybe_throttle_current
0.27% 0x7f4152fd0a58;0x7f4152fd022f;0x7f4152fd3c99;0x7f4152fc435a
0.26% 0x7f4152fd0a58;0x7f4152fd022f;0x7f4152fd3c99;0x7f4152fc4309
0.26% 0x7f4152fd0a58;0x7f4152fd022f;0x7f4152fd3c99;sincosf32;asm_exc_page_fault;exc_page_fault;do_user_addr_fault;handle_mm_fault;__handle_mm_fault;do_fault;filemap_map_pages;next_uptodate_page
0.25% 0x7f4152fd0a58;0x7f4152fd022f;0x7f4152fd3c99;0x7f4152fc3d57;asm_exc_page_fault;exc_page_fault;do_user_addr_fault;handle_mm_fault;__handle_mm_fault;do_fault;__do_fault;filemap_fault
0.20% 0x7f4152fd0a58;0x7f4152fd18e7;__irqentry_text_end
     1.34%     0.00%  c2d      c2d                   [.] compile_cnf
0.28% compile_cnf;compile_dt;compile_dt;compile_decomposed;conjoin_nnfs_lits;conjoin_relevant_lits;get_and_node;asm_exc_page_fault;exc_page_fault;do_user_addr_fault;handle_mm_fault;__handle_mm_fault;do_huge_pmd_anonymous_page;pte_alloc_one;mod_lruvec_page_state.constprop.0;__mod_lruvec_page_state;__rcu_read_lock
0.27% compile_cnf;compile_dt;compile_dt;compile_decomposed;lookup_or_compile_dt;compile_dt;compile_dt;compile_decomposed;lookup_or_compile_dt;compile_decomposed;lookup_or_compile_dt;compile_dt;compile_dt;compile_decomposed;lookup_or_compile_dt;compile_dt;compile_dt;compile_decomposed;lookup_or_compile_dt;compile_decomposed;lookup_or_compile_dt;compile_decomposed;lookup_or_compile_dt;compile_dt;compile_dt;compile_decomposed;lookup_or_compile_dt;compile_decomposed;lookup_or_compile_dt;compile_decomposed;lookup_or_compile_dt;compile_decomposed;lookup_or_compile_dt;insert_cnf_cache;add_cache_entry;error_return
0.27% compile_cnf;compile_dt;compile_dt;compile_decomposed;lookup_or_compile_dt;compile_dt;compile_dt;compile_decomposed;lookup_or_compile_dt;compile_decomposed;lookup_or_compile_dt;compile_dt;compile_dt;compile_decomposed;lookup_or_compile_dt;compile_decomposed;lookup_or_compile_dt;compile_decomposed;lookup_or_compile_dt;compile_decomposed;lookup_or_compile_dt;compile_dt;undo_decide_literal;erase_level
0.26% compile_cnf;compile_dt;compile_dt;compile_decomposed;lookup_or_compile_dt;compile_dt;compile_dt;compile_decomposed;lookup_or_compile_dt;compile_decomposed;lookup_or_compile_dt;compile_decomposed;lookup_or_compile_dt;compile_decomposed;lookup_or_compile_dt;compile_decomposed;lookup_or_compile_dt;compile_decomposed;lookup_or_compile_dt;compile_dt;decide_literal;set_literal
0.26% compile_cnf;compile_dt;compile_dt;compile_decomposed;lookup_or_compile_dt;compile_decomposed;lookup_or_compile_dt;compile_decomposed;lookup_or_compile_dt;compile_decomposed;lookup_or_compile_dt;compile_decomposed;lookup_or_compile_dt;compile_decomposed;lookup_or_compile_dt;compile_decomposed;lookup_or_compile_dt;compile_dt;compile_dt;compile_decomposed;lookup_or_compile_dt;insert_cnf_cache;add_cache_entry;asm_exc_page_fault;exc_page_fault;do_user_addr_fault;handle_mm_fault;__handle_mm_fault;do_huge_pmd_wp_page;__split_huge_pmd;native_set_pte
     1.34%     0.00%  c2d      c2d                   [.] compile_dt
0.28% compile_dt;compile_dt;compile_decomposed;conjoin_nnfs_lits;conjoin_relevant_lits;get_and_node;asm_exc_page_fault;exc_page_fault;do_user_addr_fault;handle_mm_fault;__handle_mm_fault;do_huge_pmd_anonymous_page;pte_alloc_one;mod_lruvec_page_state.constprop.0;__mod_lruvec_page_state;__rcu_read_lock
0.27% compile_dt;compile_dt;compile_decomposed;lookup_or_compile_dt;compile_dt;compile_dt;compile_decomposed;lookup_or_compile_dt;compile_decomposed;lookup_or_compile_dt;compile_dt;compile_dt;compile_decomposed;lookup_or_compile_dt;compile_dt;compile_dt;compile_decomposed;lookup_or_compile_dt;compile_decomposed;lookup_or_compile_dt;compile_decomposed;lookup_or_compile_dt;compile_dt;compile_dt;compile_decomposed;lookup_or_compile_dt;compile_decomposed;lookup_or_compile_dt;compile_decomposed;lookup_or_compile_dt;compile_decomposed;lookup_or_compile_dt;insert_cnf_cache;add_cache_entry;error_return
0.27% compile_dt;compile_dt;compile_decomposed;lookup_or_compile_dt;compile_dt;compile_dt;compile_decomposed;lookup_or_compile_dt;compile_decomposed;lookup_or_compile_dt;compile_dt;compile_dt;compile_decomposed;lookup_or_compile_dt;compile_decomposed;lookup_or_compile_dt;compile_decomposed;lookup_or_compile_dt;compile_decomposed;lookup_or_compile_dt;compile_dt;undo_decide_literal;erase_level
0.26% compile_dt;compile_dt;compile_decomposed;lookup_or_compile_dt;compile_dt;compile_dt;compile_decomposed;lookup_or_compile_dt;compile_decomposed;lookup_or_compile_dt;compile_decomposed;lookup_or_compile_dt;compile_decomposed;lookup_or_compile_dt;compile_decomposed;lookup_or_compile_dt;compile_decomposed;lookup_or_compile_dt;compile_dt;decide_literal;set_literal
0.26% compile_dt;compile_dt;compile_decomposed;lookup_or_compile_dt;compile_decomposed;lookup_or_compile_dt;compile_decomposed;lookup_or_compile_dt;compile_decomposed;lookup_or_compile_dt;compile_decomposed;lookup_or_compile_dt;compile_decomposed;lookup_or_compile_dt;compile_decomposed;lookup_or_compile_dt;compile_dt;compile_dt;compile_decomposed;lookup_or_compile_dt;insert_cnf_cache;add_cache_entry;asm_exc_page_fault;exc_page_fault;do_user_addr_fault;handle_mm_fault;__handle_mm_fault;do_huge_pmd_wp_page;__split_huge_pmd;native_set_pte
     1.34%     0.00%  c2d      c2d                   [.] compile_decomposed
0.28% compile_decomposed;conjoin_nnfs_lits;conjoin_relevant_lits;get_and_node;asm_exc_page_fault;exc_page_fault;do_user_addr_fault;handle_mm_fault;__handle_mm_fault;do_huge_pmd_anonymous_page;pte_alloc_one;mod_lruvec_page_state.constprop.0;__mod_lruvec_page_state;__rcu_read_lock
0.27% compile_decomposed;lookup_or_compile_dt;compile_dt;compile_dt;compile_decomposed;lookup_or_compile_dt;compile_decomposed;lookup_or_compile_dt;compile_dt;compile_dt;compile_decomposed;lookup_or_compile_dt;compile_dt;compile_dt;compile_decomposed;lookup_or_compile_dt;compile_decomposed;lookup_or_compile_dt;compile_decomposed;lookup_or_compile_dt;compile_dt;compile_dt;compile_decomposed;lookup_or_compile_dt;compile_decomposed;lookup_or_compile_dt;compile_decomposed;lookup_or_compile_dt;compile_decomposed;lookup_or_compile_dt;insert_cnf_cache;add_cache_entry;error_return
0.27% compile_decomposed;lookup_or_compile_dt;compile_dt;compile_dt;compile_decomposed;lookup_or_compile_dt;compile_decomposed;lookup_or_compile_dt;compile_dt;compile_dt;compile_decomposed;lookup_or_compile_dt;compile_decomposed;lookup_or_compile_dt;compile_decomposed;lookup_or_compile_dt;compile_decomposed;lookup_or_compile_dt;compile_dt;undo_decide_literal;erase_level
0.26% compile_decomposed;lookup_or_compile_dt;compile_dt;compile_dt;compile_decomposed;lookup_or_compile_dt;compile_decomposed;lookup_or_compile_dt;compile_decomposed;lookup_or_compile_dt;compile_decomposed;lookup_or_compile_dt;compile_decomposed;lookup_or_compile_dt;compile_decomposed;lookup_or_compile_dt;compile_dt;decide_literal;set_literal
0.26% compile_decomposed;lookup_or_compile_dt;compile_decomposed;lookup_or_compile_dt;compile_decomposed;lookup_or_compile_dt;compile_decomposed;lookup_or_compile_dt;compile_decomposed;lookup_or_compile_dt;compile_decomposed;lookup_or_compile_dt;compile_decomposed;lookup_or_compile_dt;compile_dt;compile_dt;compile_decomposed;lookup_or_compile_dt;insert_cnf_cache;add_cache_entry;asm_exc_page_fault;exc_page_fault;do_user_addr_fault;handle_mm_fault;__handle_mm_fault;do_huge_pmd_wp_page;__split_huge_pmd;native_set_pte
     1.32%     0.00%  c2d      ld-linux-x86-64.so.2  [.] 0x00007f4152fd022f
0.28% 0x7f4152fd022f;0x7f4152fd6b27;entry_SYSCALL_64_after_hwframe;do_syscall_64;syscall_exit_to_user_mode;exit_to_user_mode_prepare;blkcg_maybe_throttle_current
0.27% 0x7f4152fd022f;0x7f4152fd3c99;0x7f4152fc435a
0.26% 0x7f4152fd022f;0x7f4152fd3c99;0x7f4152fc4309
0.26% 0x7f4152fd022f;0x7f4152fd3c99;sincosf32;asm_exc_page_fault;exc_page_fault;do_user_addr_fault;handle_mm_fault;__handle_mm_fault;do_fault;filemap_map_pages;next_uptodate_page
0.25% 0x7f4152fd022f;0x7f4152fd3c99;0x7f4152fc3d57;asm_exc_page_fault;exc_page_fault;do_user_addr_fault;handle_mm_fault;__handle_mm_fault;do_fault;__do_fault;filemap_fault
     1.28%     0.00%  c2d      [kernel.kallsyms]     [k] handle_mm_fault
0.28% handle_mm_fault;__handle_mm_fault;do_huge_pmd_anonymous_page;pte_alloc_one;mod_lruvec_page_state.constprop.0;__mod_lruvec_page_state;__rcu_read_lock
0.26% handle_mm_fault;__handle_mm_fault;do_huge_pmd_wp_page;__split_huge_pmd;native_set_pte
0.26% handle_mm_fault;__handle_mm_fault;do_fault;filemap_map_pages;next_uptodate_page
0.25% handle_mm_fault;__handle_mm_fault;do_fault;__do_fault;filemap_fault
0.24% handle_mm_fault;__handle_mm_fault;do_fault
     1.28%     0.00%  c2d      [kernel.kallsyms]     [k] __handle_mm_fault
0.28% __handle_mm_fault;do_huge_pmd_anonymous_page;pte_alloc_one;mod_lruvec_page_state.constprop.0;__mod_lruvec_page_state;__rcu_read_lock
0.26% __handle_mm_fault;do_huge_pmd_wp_page;__split_huge_pmd;native_set_pte
0.26% __handle_mm_fault;do_fault;filemap_map_pages;next_uptodate_page
0.25% __handle_mm_fault;do_fault;__do_fault;filemap_fault
0.24% __handle_mm_fault;do_fault
     1.07%     0.00%  c2d      [unknown]             [k] 0000000000000000
0.28% 0;0x7f4152fc8109
0.26% 0;read;entry_SYSCALL_64_after_hwframe;do_syscall_64;ksys_read;vfs_read;xfs_file_read_iter;xfs_file_buffered_read;filemap_read;filemap_get_pages;page_cache_ra_order;read_pages;blk_finish_plug;__blk_flush_plug;blk_mq_flush_plug_list.part.0;blk_mq_sched_insert_requests;__blk_mq_run_hw_queue;blk_mq_sched_dispatch_requests;__blk_mq_sched_dispatch_requests;blk_mq_do_dispatch_sched;blk_mq_dispatch_rq_list;scsi_queue_rq;sd_init_command;scsi_alloc_sgtables;sg_alloc_table_chained;sg_init_table
0.25% 0;0x7f4152ab638c
0.22% 0;0x7f4152fd6ae3;entry_SYSCALL_64_after_hwframe;do_syscall_64;ksys_mmap_pgoff;vm_mmap_pgoff;do_mmap;mmap_region;mas_preallocate;mas_alloc_nodes;kmem_cache_alloc_bulk;memset
0.05% 0;read;entry_SYSCALL_64_after_hwframe;do_syscall_64;ksys_read;vfs_read;xfs_file_read_iter;xfs_file_buffered_read;filemap_read
0.01% 0;read;entry_SYSCALL_64_after_hwframe;do_syscall_64;ksys_read;vfs_read;xfs_file_read_iter;xfs_file_buffered_read;filemap_read;filemap_get_pages;folio_wait_bit_common;io_schedule;schedule;__schedule;finish_task_switch.isra.0;__perf_event_task_sched_in;__intel_pmu_enable_all.constprop.0;native_write_msr
     1.07%     0.00%  c2d      c2d                   [.] lookup_or_compile_dt
0.27% lookup_or_compile_dt;compile_dt;compile_dt;compile_decomposed;lookup_or_compile_dt;compile_decomposed;lookup_or_compile_dt;compile_dt;compile_dt;compile_decomposed;lookup_or_compile_dt;compile_dt;compile_dt;compile_decomposed;lookup_or_compile_dt;compile_decomposed;lookup_or_compile_dt;compile_decomposed;lookup_or_compile_dt;compile_dt;compile_dt;compile_decomposed;lookup_or_compile_dt;compile_decomposed;lookup_or_compile_dt;compile_decomposed;lookup_or_compile_dt;compile_decomposed;lookup_or_compile_dt;insert_cnf_cache;add_cache_entry;error_return
0.27% lookup_or_compile_dt;compile_dt;compile_dt;compile_decomposed;lookup_or_compile_dt;compile_decomposed;lookup_or_compile_dt;compile_dt;compile_dt;compile_decomposed;lookup_or_compile_dt;compile_decomposed;lookup_or_compile_dt;compile_decomposed;lookup_or_compile_dt;compile_decomposed;lookup_or_compile_dt;compile_dt;undo_decide_literal;erase_level
0.26% lookup_or_compile_dt;compile_dt;compile_dt;compile_decomposed;lookup_or_compile_dt;compile_decomposed;lookup_or_compile_dt;compile_decomposed;lookup_or_compile_dt;compile_decomposed;lookup_or_compile_dt;compile_decomposed;lookup_or_compile_dt;compile_decomposed;lookup_or_compile_dt;compile_dt;decide_literal;set_literal
0.26% lookup_or_compile_dt;compile_decomposed;lookup_or_compile_dt;compile_decomposed;lookup_or_compile_dt;compile_decomposed;lookup_or_compile_dt;compile_decomposed;lookup_or_compile_dt;compile_decomposed;lookup_or_compile_dt;compile_decomposed;lookup_or_compile_dt;compile_dt;compile_dt;compile_decomposed;lookup_or_compile_dt;insert_cnf_cache;add_cache_entry;asm_exc_page_fault;exc_page_fault;do_user_addr_fault;handle_mm_fault;__handle_mm_fault;do_huge_pmd_wp_page;__split_huge_pmd;native_set_pte
     1.03%     0.00%  c2d      ld-linux-x86-64.so.2  [.] 0x00007f4152fd3c99
0.27% 0x7f4152fd3c99;0x7f4152fc435a
0.26% 0x7f4152fd3c99;0x7f4152fc4309
0.26% 0x7f4152fd3c99;sincosf32;asm_exc_page_fault;exc_page_fault;do_user_addr_fault;handle_mm_fault;__handle_mm_fault;do_fault;filemap_map_pages;next_uptodate_page
0.25% 0x7f4152fd3c99;0x7f4152fc3d57;asm_exc_page_fault;exc_page_fault;do_user_addr_fault;handle_mm_fault;__handle_mm_fault;do_fault;__do_fault;filemap_fault
     0.91%     0.60%  c2d      [kernel.kallsyms]     [k] unmap_page_range
0.30% __munmap;entry_SYSCALL_64_after_hwframe;do_syscall_64;__x64_sys_munmap;__vm_munmap;do_mas_munmap;do_mas_align_munmap;unmap_region;unmap_vmas;unmap_page_range
0.30% entry_SYSCALL_64_after_hwframe;do_syscall_64;__x64_sys_exit_group;do_group_exit;do_exit;__mmput;exit_mmap;unmap_vmas;unmap_page_range
0.30% unmap_page_range;page_remove_rmap;__mod_lruvec_page_state;__mod_memcg_lruvec_state;cgroup_rstat_updated
     0.91%     0.00%  c2d      [kernel.kallsyms]     [k] unmap_vmas
0.60% unmap_vmas;unmap_page_range
0.30% unmap_vmas;unmap_page_range;page_remove_rmap;__mod_lruvec_page_state;__mod_memcg_lruvec_state;cgroup_rstat_updated
     0.76%     0.76%  c2d      [kernel.kallsyms]     [k] memset
0.25% __mmap;entry_SYSCALL_64_after_hwframe;do_syscall_64;vm_mmap_pgoff;do_mmap;mmap_region;vma_expand;mas_preallocate;mas_alloc_nodes;kmem_cache_alloc_bulk;memset
0.22% 0;0x7f4152fd6ae3;entry_SYSCALL_64_after_hwframe;do_syscall_64;ksys_mmap_pgoff;vm_mmap_pgoff;do_mmap;mmap_region;mas_preallocate;mas_alloc_nodes;kmem_cache_alloc_bulk;memset
0.17% 0x7fe1326f3a97;entry_SYSCALL_64_after_hwframe;do_syscall_64;__x64_sys_execve;do_execveat_common.isra.0;bprm_execve;load_elf_binary;elf_map;vm_mmap_pgoff;do_mmap;mmap_region;mas_preallocate;mas_alloc_nodes;kmem_cache_alloc_bulk;memset
0.12% 0x7fe1326f3a97;entry_SYSCALL_64_after_hwframe;do_syscall_64;__x64_sys_execve;do_execveat_common.isra.0;bprm_execve;load_elf_binary;setup_arg_pages;shift_arg_pages;__vma_adjust;mas_preallocate;mas_alloc_nodes;kmem_cache_alloc_bulk;memset
     0.76%     0.00%  c2d      [kernel.kallsyms]     [k] mas_preallocate
0.76% mas_preallocate;mas_alloc_nodes;kmem_cache_alloc_bulk;memset
     0.76%     0.00%  c2d      [kernel.kallsyms]     [k] mas_alloc_nodes
0.76% mas_alloc_nodes;kmem_cache_alloc_bulk;memset
     0.76%     0.00%  c2d      [kernel.kallsyms]     [k] kmem_cache_alloc_bulk
0.76% kmem_cache_alloc_bulk;memset
     0.74%     0.24%  c2d      [kernel.kallsyms]     [k] do_fault
0.26% do_fault;filemap_map_pages;next_uptodate_page
0.25% do_fault;__do_fault;filemap_fault
0.24% 0x7f4152fe98a8;0x7f4152fbe075;0x7f4152fd7772;asm_exc_page_fault;exc_page_fault;do_user_addr_fault;handle_mm_fault;__handle_mm_fault;do_fault
     0.64%     0.00%  c2d      [kernel.kallsyms]     [k] vm_mmap_pgoff
0.38% vm_mmap_pgoff;do_mmap;mmap_region;mas_preallocate;mas_alloc_nodes;kmem_cache_alloc_bulk;memset
0.25% vm_mmap_pgoff;do_mmap;mmap_region;vma_expand;mas_preallocate;mas_alloc_nodes;kmem_cache_alloc_bulk;memset
     0.64%     0.00%  c2d      [kernel.kallsyms]     [k] do_mmap
0.38% do_mmap;mmap_region;mas_preallocate;mas_alloc_nodes;kmem_cache_alloc_bulk;memset
0.25% do_mmap;mmap_region;vma_expand;mas_preallocate;mas_alloc_nodes;kmem_cache_alloc_bulk;memset
     0.64%     0.00%  c2d      [kernel.kallsyms]     [k] mmap_region
0.38% mmap_region;mas_preallocate;mas_alloc_nodes;kmem_cache_alloc_bulk;memset
0.25% mmap_region;vma_expand;mas_preallocate;mas_alloc_nodes;kmem_cache_alloc_bulk;memset
     0.60%     0.00%  c2d      [kernel.kallsyms]     [k] __x64_sys_exit_group
0.30% __x64_sys_exit_group;do_group_exit;do_exit;__mmput;exit_mmap;unmap_vmas;unmap_page_range
0.30% __x64_sys_exit_group;do_group_exit;do_exit;__mmput;exit_mmap;unmap_vmas;unmap_page_range;page_remove_rmap;__mod_lruvec_page_state;__mod_memcg_lruvec_state;cgroup_rstat_updated
     0.60%     0.00%  c2d      [kernel.kallsyms]     [k] do_group_exit
0.30% do_group_exit;do_exit;__mmput;exit_mmap;unmap_vmas;unmap_page_range
0.30% do_group_exit;do_exit;__mmput;exit_mmap;unmap_vmas;unmap_page_range;page_remove_rmap;__mod_lruvec_page_state;__mod_memcg_lruvec_state;cgroup_rstat_updated
     0.60%     0.00%  c2d      [kernel.kallsyms]     [k] do_exit
0.30% do_exit;__mmput;exit_mmap;unmap_vmas;unmap_page_range
0.30% do_exit;__mmput;exit_mmap;unmap_vmas;unmap_page_range;page_remove_rmap;__mod_lruvec_page_state;__mod_memcg_lruvec_state;cgroup_rstat_updated
     0.60%     0.00%  c2d      [kernel.kallsyms]     [k] __mmput
0.30% __mmput;exit_mmap;unmap_vmas;unmap_page_range
0.30% __mmput;exit_mmap;unmap_vmas;unmap_page_range;page_remove_rmap;__mod_lruvec_page_state;__mod_memcg_lruvec_state;cgroup_rstat_updated
     0.60%     0.00%  c2d      [kernel.kallsyms]     [k] exit_mmap
0.30% exit_mmap;unmap_vmas;unmap_page_range
0.30% exit_mmap;unmap_vmas;unmap_page_range;page_remove_rmap;__mod_lruvec_page_state;__mod_memcg_lruvec_state;cgroup_rstat_updated
     0.58%     0.00%  c2d      [kernel.kallsyms]     [k] __mod_lruvec_page_state
0.30% __mod_lruvec_page_state;__mod_memcg_lruvec_state;cgroup_rstat_updated
0.28% __mod_lruvec_page_state;__rcu_read_lock
     0.55%     0.00%  c2d      libc.so.6             [.] write
0.30% write;entry_SYSCALL_64_after_hwframe;do_syscall_64;ksys_write;vfs_write;security_file_permission
0.25% write;entry_SYSCALL_64_after_hwframe;do_syscall_64;ksys_write;vfs_write;xfs_file_buffered_write;iomap_file_buffered_write;iomap_write_end;filemap_dirty_folio;__mark_inode_dirty
     0.55%     0.00%  c2d      [kernel.kallsyms]     [k] ksys_write
0.30% ksys_write;vfs_write;security_file_permission
0.25% ksys_write;vfs_write;xfs_file_buffered_write;iomap_file_buffered_write;iomap_write_end;filemap_dirty_folio;__mark_inode_dirty
     0.55%     0.00%  c2d      [kernel.kallsyms]     [k] vfs_write
0.30% vfs_write;security_file_permission
0.25% vfs_write;xfs_file_buffered_write;iomap_file_buffered_write;iomap_write_end;filemap_dirty_folio;__mark_inode_dirty
     0.53%     0.00%  c2d      c2d                   [.] insert_cnf_cache
0.27% insert_cnf_cache;add_cache_entry;error_return
0.26% insert_cnf_cache;add_cache_entry;asm_exc_page_fault;exc_page_fault;do_user_addr_fault;handle_mm_fault;__handle_mm_fault;do_huge_pmd_wp_page;__split_huge_pmd;native_set_pte
     0.53%     0.00%  c2d      c2d                   [.] add_cache_entry
0.27% add_cache_entry;error_return
0.26% add_cache_entry;asm_exc_page_fault;exc_page_fault;do_user_addr_fault;handle_mm_fault;__handle_mm_fault;do_huge_pmd_wp_page;__split_huge_pmd;native_set_pte
     0.50%     0.00%  c2d      c2d                   [.] load_hdtree_from_file
0.27% load_hdtree_from_file;dtree_skeleton2hdtree;node2edges;new_hgr_edges
0.24% load_hdtree_from_file;dtree_skeleton2hdtree;initialize_hdtree;initialize_hdtree;initialize_hdtree;initialize_hdtree;initialize_hdtree;initialize_hdtree;initialize_hdtree;initialize_hdtree;initialize_hdtree;initialize_hdtree;initialize_hdtree;initialize_hdtree;initialize_hdtree;initialize_hdtree;initialize_hdtree;initialize_hdtree;initialize_hdtree;initialize_hdtree;initialize_hdtree;initialize_hdtree;new_hgr_edges
     0.50%     0.00%  c2d      c2d                   [.] dtree_skeleton2hdtree
0.27% dtree_skeleton2hdtree;node2edges;new_hgr_edges
0.24% dtree_skeleton2hdtree;initialize_hdtree;initialize_hdtree;initialize_hdtree;initialize_hdtree;initialize_hdtree;initialize_hdtree;initialize_hdtree;initialize_hdtree;initialize_hdtree;initialize_hdtree;initialize_hdtree;initialize_hdtree;initialize_hdtree;initialize_hdtree;initialize_hdtree;initialize_hdtree;initialize_hdtree;initialize_hdtree;initialize_hdtree;initialize_hdtree;new_hgr_edges
     0.50%     0.27%  c2d      c2d                   [.] new_hgr_edges
0.27% 0x7f4152a4624a;main;cnf2ddnnf_cmd_line;load_hdtree_from_file;dtree_skeleton2hdtree;node2edges;new_hgr_edges
0.24% new_hgr_edges
     0.47%     0.00%  c2d      [unknown]             [.] 0x00007f4152fe98a8
0.24% 0x7f4152fe98a8;0x7f4152fbe075;0x7f4152fd7772;asm_exc_page_fault;exc_page_fault;do_user_addr_fault;handle_mm_fault;__handle_mm_fault;do_fault
0.23% 0x7f4152fe98a8;0x7f4152fbe193;__tunable_get_val
     0.45%     0.45%  c2d      [kernel.kallsyms]     [k] mt_find
0.30% 0x7f4152a4624a;main;cnf2ddnnf_cmd_line;free_cache_manager;asm_exc_page_fault;exc_page_fault;do_user_addr_fault;lock_mm_and_find_vma;find_vma;mt_find
0.15% 0x6b6e550a00642520;__isoc99_sscanf;0x7f4152a7db7e;asm_exc_page_fault;exc_page_fault;do_user_addr_fault;lock_mm_and_find_vma;find_vma;mt_find
     0.45%     0.00%  c2d      [kernel.kallsyms]     [k] lock_mm_and_find_vma
0.45% lock_mm_and_find_vma;find_vma;mt_find
     0.45%     0.00%  c2d      [kernel.kallsyms]     [k] find_vma
0.45% find_vma;mt_find
     0.32%     0.00%  c2d      libc.so.6             [.] read
0.26% read;entry_SYSCALL_64_after_hwframe;do_syscall_64;ksys_read;vfs_read;xfs_file_read_iter;xfs_file_buffered_read;filemap_read;filemap_get_pages;page_cache_ra_order;read_pages;blk_finish_plug;__blk_flush_plug;blk_mq_flush_plug_list.part.0;blk_mq_sched_insert_requests;__blk_mq_run_hw_queue;blk_mq_sched_dispatch_requests;__blk_mq_sched_dispatch_requests;blk_mq_do_dispatch_sched;blk_mq_dispatch_rq_list;scsi_queue_rq;sd_init_command;scsi_alloc_sgtables;sg_alloc_table_chained;sg_init_table
0.05% read;entry_SYSCALL_64_after_hwframe;do_syscall_64;ksys_read;vfs_read;xfs_file_read_iter;xfs_file_buffered_read;filemap_read
0.01% read;entry_SYSCALL_64_after_hwframe;do_syscall_64;ksys_read;vfs_read;xfs_file_read_iter;xfs_file_buffered_read;filemap_read;filemap_get_pages;folio_wait_bit_common;io_schedule;schedule;__schedule;finish_task_switch.isra.0;__perf_event_task_sched_in;__intel_pmu_enable_all.constprop.0;native_write_msr
     0.32%     0.00%  c2d      [kernel.kallsyms]     [k] ksys_read
0.26% ksys_read;vfs_read;xfs_file_read_iter;xfs_file_buffered_read;filemap_read;filemap_get_pages;page_cache_ra_order;read_pages;blk_finish_plug;__blk_flush_plug;blk_mq_flush_plug_list.part.0;blk_mq_sched_insert_requests;__blk_mq_run_hw_queue;blk_mq_sched_dispatch_requests;__blk_mq_sched_dispatch_requests;blk_mq_do_dispatch_sched;blk_mq_dispatch_rq_list;scsi_queue_rq;sd_init_command;scsi_alloc_sgtables;sg_alloc_table_chained;sg_init_table
0.05% ksys_read;vfs_read;xfs_file_read_iter;xfs_file_buffered_read;filemap_read
0.01% ksys_read;vfs_read;xfs_file_read_iter;xfs_file_buffered_read;filemap_read;filemap_get_pages;folio_wait_bit_common;io_schedule;schedule;__schedule;finish_task_switch.isra.0;__perf_event_task_sched_in;__intel_pmu_enable_all.constprop.0;native_write_msr
     0.32%     0.00%  c2d      [kernel.kallsyms]     [k] vfs_read
0.26% vfs_read;xfs_file_read_iter;xfs_file_buffered_read;filemap_read;filemap_get_pages;page_cache_ra_order;read_pages;blk_finish_plug;__blk_flush_plug;blk_mq_flush_plug_list.part.0;blk_mq_sched_insert_requests;__blk_mq_run_hw_queue;blk_mq_sched_dispatch_requests;__blk_mq_sched_dispatch_requests;blk_mq_do_dispatch_sched;blk_mq_dispatch_rq_list;scsi_queue_rq;sd_init_command;scsi_alloc_sgtables;sg_alloc_table_chained;sg_init_table
0.05% vfs_read;xfs_file_read_iter;xfs_file_buffered_read;filemap_read
0.01% vfs_read;xfs_file_read_iter;xfs_file_buffered_read;filemap_read;filemap_get_pages;folio_wait_bit_common;io_schedule;schedule;__schedule;finish_task_switch.isra.0;__perf_event_task_sched_in;__intel_pmu_enable_all.constprop.0;native_write_msr
     0.32%     0.00%  c2d      [xfs]                 [k] xfs_file_read_iter
0.26% xfs_file_read_iter;xfs_file_buffered_read;filemap_read;filemap_get_pages;page_cache_ra_order;read_pages;blk_finish_plug;__blk_flush_plug;blk_mq_flush_plug_list.part.0;blk_mq_sched_insert_requests;__blk_mq_run_hw_queue;blk_mq_sched_dispatch_requests;__blk_mq_sched_dispatch_requests;blk_mq_do_dispatch_sched;blk_mq_dispatch_rq_list;scsi_queue_rq;sd_init_command;scsi_alloc_sgtables;sg_alloc_table_chained;sg_init_table
0.05% xfs_file_read_iter;xfs_file_buffered_read;filemap_read
0.01% xfs_file_read_iter;xfs_file_buffered_read;filemap_read;filemap_get_pages;folio_wait_bit_common;io_schedule;schedule;__schedule;finish_task_switch.isra.0;__perf_event_task_sched_in;__intel_pmu_enable_all.constprop.0;native_write_msr
     0.32%     0.00%  c2d      [xfs]                 [k] xfs_file_buffered_read
0.26% xfs_file_buffered_read;filemap_read;filemap_get_pages;page_cache_ra_order;read_pages;blk_finish_plug;__blk_flush_plug;blk_mq_flush_plug_list.part.0;blk_mq_sched_insert_requests;__blk_mq_run_hw_queue;blk_mq_sched_dispatch_requests;__blk_mq_sched_dispatch_requests;blk_mq_do_dispatch_sched;blk_mq_dispatch_rq_list;scsi_queue_rq;sd_init_command;scsi_alloc_sgtables;sg_alloc_table_chained;sg_init_table
0.05% xfs_file_buffered_read;filemap_read
0.01% xfs_file_buffered_read;filemap_read;filemap_get_pages;folio_wait_bit_common;io_schedule;schedule;__schedule;finish_task_switch.isra.0;__perf_event_task_sched_in;__intel_pmu_enable_all.constprop.0;native_write_msr
     0.32%     0.05%  c2d      [kernel.kallsyms]     [k] filemap_read
0.26% filemap_read;filemap_get_pages;page_cache_ra_order;read_pages;blk_finish_plug;__blk_flush_plug;blk_mq_flush_plug_list.part.0;blk_mq_sched_insert_requests;__blk_mq_run_hw_queue;blk_mq_sched_dispatch_requests;__blk_mq_sched_dispatch_requests;blk_mq_do_dispatch_sched;blk_mq_dispatch_rq_list;scsi_queue_rq;sd_init_command;scsi_alloc_sgtables;sg_alloc_table_chained;sg_init_table
0.05% 0;read;entry_SYSCALL_64_after_hwframe;do_syscall_64;ksys_read;vfs_read;xfs_file_read_iter;xfs_file_buffered_read;filemap_read
0.01% filemap_read;filemap_get_pages;folio_wait_bit_common;io_schedule;schedule;__schedule;finish_task_switch.isra.0;__perf_event_task_sched_in;__intel_pmu_enable_all.constprop.0;native_write_msr
     0.30%     0.00%  c2d      libc.so.6             [.] __munmap
0.30% __munmap;entry_SYSCALL_64_after_hwframe;do_syscall_64;__x64_sys_munmap;__vm_munmap;do_mas_munmap;do_mas_align_munmap;unmap_region;unmap_vmas;unmap_page_range
     0.30%     0.00%  c2d      [kernel.kallsyms]     [k] __x64_sys_munmap
0.30% __x64_sys_munmap;__vm_munmap;do_mas_munmap;do_mas_align_munmap;unmap_region;unmap_vmas;unmap_page_range
     0.30%     0.00%  c2d      [kernel.kallsyms]     [k] __vm_munmap
0.30% __vm_munmap;do_mas_munmap;do_mas_align_munmap;unmap_region;unmap_vmas;unmap_page_range
     0.30%     0.00%  c2d      [kernel.kallsyms]     [k] do_mas_munmap
0.30% do_mas_munmap;do_mas_align_munmap;unmap_region;unmap_vmas;unmap_page_range
     0.30%     0.00%  c2d      [kernel.kallsyms]     [k] do_mas_align_munmap
0.30% do_mas_align_munmap;unmap_region;unmap_vmas;unmap_page_range
     0.30%     0.00%  c2d      [kernel.kallsyms]     [k] unmap_region
0.30% unmap_region;unmap_vmas;unmap_page_range
     0.30%     0.30%  c2d      [kernel.kallsyms]     [k] xas_clear_mark
0.30% 0x7f4152a4624a;main;cnf2ddnnf_cmd_line;free_cache_manager;asm_common_interrupt;common_interrupt;__irq_exit_rcu;handle_softirqs;blk_complete_reqs;scsi_io_completion;scsi_end_request;blk_update_request;ext4_end_bio;ext4_finish_bio;folio_end_writeback;__folio_end_writeback;__xa_clear_mark;xas_clear_mark
     0.30%     0.00%  c2d      [kernel.kallsyms]     [k] asm_common_interrupt
0.30% asm_common_interrupt;common_interrupt;__irq_exit_rcu;handle_softirqs;blk_complete_reqs;scsi_io_completion;scsi_end_request;blk_update_request;ext4_end_bio;ext4_finish_bio;folio_end_writeback;__folio_end_writeback;__xa_clear_mark;xas_clear_mark
     0.30%     0.00%  c2d      [kernel.kallsyms]     [k] common_interrupt
0.30% common_interrupt;__irq_exit_rcu;handle_softirqs;blk_complete_reqs;scsi_io_completion;scsi_end_request;blk_update_request;ext4_end_bio;ext4_finish_bio;folio_end_writeback;__folio_end_writeback;__xa_clear_mark;xas_clear_mark
     0.30%     0.00%  c2d      [kernel.kallsyms]     [k] __irq_exit_rcu
0.30% __irq_exit_rcu;handle_softirqs;blk_complete_reqs;scsi_io_completion;scsi_end_request;blk_update_request;ext4_end_bio;ext4_finish_bio;folio_end_writeback;__folio_end_writeback;__xa_clear_mark;xas_clear_mark
     0.30%     0.00%  c2d      [kernel.kallsyms]     [k] handle_softirqs
0.30% handle_softirqs;blk_complete_reqs;scsi_io_completion;scsi_end_request;blk_update_request;ext4_end_bio;ext4_finish_bio;folio_end_writeback;__folio_end_writeback;__xa_clear_mark;xas_clear_mark
     0.30%     0.00%  c2d      [kernel.kallsyms]     [k] blk_complete_reqs
0.30% blk_complete_reqs;scsi_io_completion;scsi_end_request;blk_update_request;ext4_end_bio;ext4_finish_bio;folio_end_writeback;__folio_end_writeback;__xa_clear_mark;xas_clear_mark
     0.30%     0.00%  c2d      [scsi_mod]            [k] scsi_io_completion
0.30% scsi_io_completion;scsi_end_request;blk_update_request;ext4_end_bio;ext4_finish_bio;folio_end_writeback;__folio_end_writeback;__xa_clear_mark;xas_clear_mark
     0.30%     0.00%  c2d      [scsi_mod]            [k] scsi_end_request
0.30% scsi_end_request;blk_update_request;ext4_end_bio;ext4_finish_bio;folio_end_writeback;__folio_end_writeback;__xa_clear_mark;xas_clear_mark
     0.30%     0.00%  c2d      [kernel.kallsyms]     [k] blk_update_request
0.30% blk_update_request;ext4_end_bio;ext4_finish_bio;folio_end_writeback;__folio_end_writeback;__xa_clear_mark;xas_clear_mark
     0.30%     0.00%  c2d      [ext4]                [k] ext4_end_bio
0.30% ext4_end_bio;ext4_finish_bio;folio_end_writeback;__folio_end_writeback;__xa_clear_mark;xas_clear_mark
     0.30%     0.00%  c2d      [ext4]                [k] ext4_finish_bio
0.30% ext4_finish_bio;folio_end_writeback;__folio_end_writeback;__xa_clear_mark;xas_clear_mark
     0.30%     0.00%  c2d      [kernel.kallsyms]     [k] folio_end_writeback
0.30% folio_end_writeback;__folio_end_writeback;__xa_clear_mark;xas_clear_mark
     0.30%     0.00%  c2d      [kernel.kallsyms]     [k] __folio_end_writeback
0.30% __folio_end_writeback;__xa_clear_mark;xas_clear_mark
     0.30%     0.00%  c2d      [kernel.kallsyms]     [k] __xa_clear_mark
0.30% __xa_clear_mark;xas_clear_mark
     0.30%     0.30%  c2d      [kernel.kallsyms]     [k] security_file_permission
0.30% 0x67616e616d20464e;write;entry_SYSCALL_64_after_hwframe;do_syscall_64;ksys_write;vfs_write;security_file_permission
     0.30%     0.00%  c2d      [unknown]             [k] 0x67616e616d20464e
0.30% 0x67616e616d20464e;write;entry_SYSCALL_64_after_hwframe;do_syscall_64;ksys_write;vfs_write;security_file_permission
     0.30%     0.30%  c2d      [kernel.kallsyms]     [k] cgroup_rstat_updated
0.30% entry_SYSCALL_64_after_hwframe;do_syscall_64;__x64_sys_exit_group;do_group_exit;do_exit;__mmput;exit_mmap;unmap_vmas;unmap_page_range;page_remove_rmap;__mod_lruvec_page_state;__mod_memcg_lruvec_state;cgroup_rstat_updated
     0.30%     0.00%  c2d      [kernel.kallsyms]     [k] page_remove_rmap
0.30% page_remove_rmap;__mod_lruvec_page_state;__mod_memcg_lruvec_state;cgroup_rstat_updated
     0.30%     0.00%  c2d      [kernel.kallsyms]     [k] __mod_memcg_lruvec_state
0.30% __mod_memcg_lruvec_state;cgroup_rstat_updated
     0.29%     0.00%  c2d      [unknown]             [k] 0x00007fe1326f3a97
0.17% 0x7fe1326f3a97;entry_SYSCALL_64_after_hwframe;do_syscall_64;__x64_sys_execve;do_execveat_common.isra.0;bprm_execve;load_elf_binary;elf_map;vm_mmap_pgoff;do_mmap;mmap_region;mas_preallocate;mas_alloc_nodes;kmem_cache_alloc_bulk;memset
0.12% 0x7fe1326f3a97;entry_SYSCALL_64_after_hwframe;do_syscall_64;__x64_sys_execve;do_execveat_common.isra.0;bprm_execve;load_elf_binary;setup_arg_pages;shift_arg_pages;__vma_adjust;mas_preallocate;mas_alloc_nodes;kmem_cache_alloc_bulk;memset
     0.29%     0.00%  c2d      [kernel.kallsyms]     [k] __x64_sys_execve
0.17% __x64_sys_execve;do_execveat_common.isra.0;bprm_execve;load_elf_binary;elf_map;vm_mmap_pgoff;do_mmap;mmap_region;mas_preallocate;mas_alloc_nodes;kmem_cache_alloc_bulk;memset
0.12% __x64_sys_execve;do_execveat_common.isra.0;bprm_execve;load_elf_binary;setup_arg_pages;shift_arg_pages;__vma_adjust;mas_preallocate;mas_alloc_nodes;kmem_cache_alloc_bulk;memset
     0.29%     0.00%  c2d      [kernel.kallsyms]     [k] do_execveat_common.isra.0
0.17% do_execveat_common.isra.0;bprm_execve;load_elf_binary;elf_map;vm_mmap_pgoff;do_mmap;mmap_region;mas_preallocate;mas_alloc_nodes;kmem_cache_alloc_bulk;memset
0.12% do_execveat_common.isra.0;bprm_execve;load_elf_binary;setup_arg_pages;shift_arg_pages;__vma_adjust;mas_preallocate;mas_alloc_nodes;kmem_cache_alloc_bulk;memset
     0.29%     0.00%  c2d      [kernel.kallsyms]     [k] bprm_execve
0.17% bprm_execve;load_elf_binary;elf_map;vm_mmap_pgoff;do_mmap;mmap_region;mas_preallocate;mas_alloc_nodes;kmem_cache_alloc_bulk;memset
0.12% bprm_execve;load_elf_binary;setup_arg_pages;shift_arg_pages;__vma_adjust;mas_preallocate;mas_alloc_nodes;kmem_cache_alloc_bulk;memset
     0.29%     0.00%  c2d      [kernel.kallsyms]     [k] load_elf_binary
0.17% load_elf_binary;elf_map;vm_mmap_pgoff;do_mmap;mmap_region;mas_preallocate;mas_alloc_nodes;kmem_cache_alloc_bulk;memset
0.12% load_elf_binary;setup_arg_pages;shift_arg_pages;__vma_adjust;mas_preallocate;mas_alloc_nodes;kmem_cache_alloc_bulk;memset
     0.29%     0.29%  c2d      [kernel.kallsyms]     [k] path_openat
0.29% 0x656661735f656661;open64;entry_SYSCALL_64_after_hwframe;do_syscall_64;__x64_sys_openat;do_sys_openat2;do_filp_open;path_openat
     0.29%     0.00%  c2d      [unknown]             [k] 0x656661735f656661
0.29% 0x656661735f656661;open64;entry_SYSCALL_64_after_hwframe;do_syscall_64;__x64_sys_openat;do_sys_openat2;do_filp_open;path_openat
     0.29%     0.00%  c2d      libc.so.6             [.] open64
0.29% open64;entry_SYSCALL_64_after_hwframe;do_syscall_64;__x64_sys_openat;do_sys_openat2;do_filp_open;path_openat
     0.29%     0.00%  c2d      [kernel.kallsyms]     [k] __x64_sys_openat
0.29% __x64_sys_openat;do_sys_openat2;do_filp_open;path_openat
     0.29%     0.00%  c2d      [kernel.kallsyms]     [k] do_sys_openat2
0.29% do_sys_openat2;do_filp_open;path_openat
     0.29%     0.00%  c2d      [kernel.kallsyms]     [k] do_filp_open
0.29% do_filp_open;path_openat
     0.28%     0.28%  c2d      ld-linux-x86-64.so.2  [.] 0x0000000000012104
0.28% 0;0x7f4152fc8109
     0.28%     0.00%  c2d      ld-linux-x86-64.so.2  [.] 0x00007f4152fc8109
0.28% 0x7f4152fc8109
     0.28%     0.28%  c2d      [kernel.kallsyms]     [k] blkcg_maybe_throttle_current
0.28% 0x7f4152fd0a58;0x7f4152fd022f;0x7f4152fd6b27;entry_SYSCALL_64_after_hwframe;do_syscall_64;syscall_exit_to_user_mode;exit_to_user_mode_prepare;blkcg_maybe_throttle_current
     0.28%     0.00%  c2d      ld-linux-x86-64.so.2  [.] 0x00007f4152fd6b27
0.28% 0x7f4152fd6b27;entry_SYSCALL_64_after_hwframe;do_syscall_64;syscall_exit_to_user_mode;exit_to_user_mode_prepare;blkcg_maybe_throttle_current
     0.28%     0.00%  c2d      [kernel.kallsyms]     [k] syscall_exit_to_user_mode
0.28% syscall_exit_to_user_mode;exit_to_user_mode_prepare;blkcg_maybe_throttle_current
     0.28%     0.00%  c2d      [kernel.kallsyms]     [k] exit_to_user_mode_prepare
0.28% exit_to_user_mode_prepare;blkcg_maybe_throttle_current
     0.28%     0.28%  c2d      [kernel.kallsyms]     [k] __rcu_read_lock
0.28% 0x7f4152a4624a;main;cnf2ddnnf_cmd_line;compile_cnf;compile_dt;compile_dt;compile_decomposed;conjoin_nnfs_lits;conjoin_relevant_lits;get_and_node;asm_exc_page_fault;exc_page_fault;do_user_addr_fault;handle_mm_fault;__handle_mm_fault;do_huge_pmd_anonymous_page;pte_alloc_one;mod_lruvec_page_state.constprop.0;__mod_lruvec_page_state;__rcu_read_lock
     0.28%     0.00%  c2d      c2d                   [.] conjoin_nnfs_lits
0.28% conjoin_nnfs_lits;conjoin_relevant_lits;get_and_node;asm_exc_page_fault;exc_page_fault;do_user_addr_fault;handle_mm_fault;__handle_mm_fault;do_huge_pmd_anonymous_page;pte_alloc_one;mod_lruvec_page_state.constprop.0;__mod_lruvec_page_state;__rcu_read_lock
     0.28%     0.00%  c2d      c2d                   [.] conjoin_relevant_lits
0.28% conjoin_relevant_lits;get_and_node;asm_exc_page_fault;exc_page_fault;do_user_addr_fault;handle_mm_fault;__handle_mm_fault;do_huge_pmd_anonymous_page;pte_alloc_one;mod_lruvec_page_state.constprop.0;__mod_lruvec_page_state;__rcu_read_lock
     0.28%     0.00%  c2d      c2d                   [.] get_and_node
0.28% get_and_node;asm_exc_page_fault;exc_page_fault;do_user_addr_fault;handle_mm_fault;__handle_mm_fault;do_huge_pmd_anonymous_page;pte_alloc_one;mod_lruvec_page_state.constprop.0;__mod_lruvec_page_state;__rcu_read_lock
     0.28%     0.00%  c2d      [kernel.kallsyms]     [k] do_huge_pmd_anonymous_page
0.28% do_huge_pmd_anonymous_page;pte_alloc_one;mod_lruvec_page_state.constprop.0;__mod_lruvec_page_state;__rcu_read_lock
     0.28%     0.00%  c2d      [kernel.kallsyms]     [k] pte_alloc_one
0.28% pte_alloc_one;mod_lruvec_page_state.constprop.0;__mod_lruvec_page_state;__rcu_read_lock
     0.28%     0.00%  c2d      [kernel.kallsyms]     [k] mod_lruvec_page_state.constprop.0
0.28% mod_lruvec_page_state.constprop.0;__mod_lruvec_page_state;__rcu_read_lock
     0.28%     0.28%  c2d      ld-linux-x86-64.so.2  [.] 0x000000000000900d
0.28% 0x7f4152fbf00f
     0.28%     0.00%  c2d      ld-linux-x86-64.so.2  [.] 0x00007f4152fbf00f
0.28% 0x7f4152fbf00f
     0.28%     0.00%  c2d      [kernel.kallsyms]     [k] filemap_get_pages
0.26% filemap_get_pages;page_cache_ra_order;read_pages;blk_finish_plug;__blk_flush_plug;blk_mq_flush_plug_list.part.0;blk_mq_sched_insert_requests;__blk_mq_run_hw_queue;blk_mq_sched_dispatch_requests;__blk_mq_sched_dispatch_requests;blk_mq_do_dispatch_sched;blk_mq_dispatch_rq_list;scsi_queue_rq;sd_init_command;scsi_alloc_sgtables;sg_alloc_table_chained;sg_init_table
0.01% filemap_get_pages;folio_wait_bit_common;io_schedule;schedule;__schedule;finish_task_switch.isra.0;__perf_event_task_sched_in;__intel_pmu_enable_all.constprop.0;native_write_msr
     0.27%     0.00%  c2d      [kernel.kallsyms]     [k] error_return
0.27% error_return
     0.27%     0.27%  c2d      ld-linux-x86-64.so.2  [.] 0x0000000000009981
0.27% 0x11c010;0x7f4152c7a758;0x7f4152fbf984
     0.27%     0.00%  c2d      [unknown]             [.] 0x000000000011c010
0.27% 0x11c010;0x7f4152c7a758;0x7f4152fbf984
     0.27%     0.00%  c2d      [unknown]             [.] 0x00007f4152c7a758
0.27% 0x7f4152c7a758;0x7f4152fbf984
     0.27%     0.00%  c2d      ld-linux-x86-64.so.2  [.] 0x00007f4152fbf984
0.27% 0x7f4152fbf984
     0.27%     0.27%  c2d      c2d                   [.] erase_level
0.27% 0x7f4152a4624a;main;cnf2ddnnf_cmd_line;compile_cnf;compile_dt;compile_dt;compile_decomposed;lookup_or_compile_dt;compile_dt;compile_dt;compile_decomposed;lookup_or_compile_dt;compile_decomposed;lookup_or_compile_dt;compile_dt;compile_dt;compile_decomposed;lookup_or_compile_dt;compile_decomposed;lookup_or_compile_dt;compile_decomposed;lookup_or_compile_dt;compile_decomposed;lookup_or_compile_dt;compile_dt;undo_decide_literal;erase_level
     0.27%     0.00%  c2d      c2d                   [.] undo_decide_literal
0.27% undo_decide_literal;erase_level
     0.27%     0.27%  c2d      ld-linux-x86-64.so.2  [.] 0x000000000000e354
0.27% 0x7f4152fd0a58;0x7f4152fd022f;0x7f4152fd3c99;0x7f4152fc435a
     0.27%     0.00%  c2d      ld-linux-x86-64.so.2  [.] 0x00007f4152fc435a
0.27% 0x7f4152fc435a
     0.27%     0.00%  c2d      c2d                   [.] node2edges
0.27% node2edges;new_hgr_edges
     0.26%     0.26%  c2d      c2d                   [.] set_literal
0.26% 0x7f4152a4624a;main;cnf2ddnnf_cmd_line;compile_cnf;compile_dt;compile_dt;compile_decomposed;lookup_or_compile_dt;compile_dt;compile_dt;compile_decomposed;lookup_or_compile_dt;compile_decomposed;lookup_or_compile_dt;compile_decomposed;lookup_or_compile_dt;compile_decomposed;lookup_or_compile_dt;compile_decomposed;lookup_or_compile_dt;compile_decomposed;lookup_or_compile_dt;compile_dt;decide_literal;set_literal
     0.26%     0.00%  c2d      c2d                   [.] decide_literal
0.26% decide_literal;set_literal
     0.26%     0.26%  c2d      ld-linux-x86-64.so.2  [.] 0x000000000000e305
0.26% 0x7f4152fd0a58;0x7f4152fd022f;0x7f4152fd3c99;0x7f4152fc4309
     0.26%     0.00%  c2d      ld-linux-x86-64.so.2  [.] 0x00007f4152fc4309
0.26% 0x7f4152fc4309
     0.26%     0.26%  c2d      [kernel.kallsyms]     [k] sg_init_table
0.26% 0;read;entry_SYSCALL_64_after_hwframe;do_syscall_64;ksys_read;vfs_read;xfs_file_read_iter;xfs_file_buffered_read;filemap_read;filemap_get_pages;page_cache_ra_order;read_pages;blk_finish_plug;__blk_flush_plug;blk_mq_flush_plug_list.part.0;blk_mq_sched_insert_requests;__blk_mq_run_hw_queue;blk_mq_sched_dispatch_requests;__blk_mq_sched_dispatch_requests;blk_mq_do_dispatch_sched;blk_mq_dispatch_rq_list;scsi_queue_rq;sd_init_command;scsi_alloc_sgtables;sg_alloc_table_chained;sg_init_table
     0.26%     0.00%  c2d      [kernel.kallsyms]     [k] page_cache_ra_order
0.26% page_cache_ra_order;read_pages;blk_finish_plug;__blk_flush_plug;blk_mq_flush_plug_list.part.0;blk_mq_sched_insert_requests;__blk_mq_run_hw_queue;blk_mq_sched_dispatch_requests;__blk_mq_sched_dispatch_requests;blk_mq_do_dispatch_sched;blk_mq_dispatch_rq_list;scsi_queue_rq;sd_init_command;scsi_alloc_sgtables;sg_alloc_table_chained;sg_init_table
     0.26%     0.00%  c2d      [kernel.kallsyms]     [k] read_pages
0.26% read_pages;blk_finish_plug;__blk_flush_plug;blk_mq_flush_plug_list.part.0;blk_mq_sched_insert_requests;__blk_mq_run_hw_queue;blk_mq_sched_dispatch_requests;__blk_mq_sched_dispatch_requests;blk_mq_do_dispatch_sched;blk_mq_dispatch_rq_list;scsi_queue_rq;sd_init_command;scsi_alloc_sgtables;sg_alloc_table_chained;sg_init_table
     0.26%     0.00%  c2d      [kernel.kallsyms]     [k] blk_finish_plug
0.26% blk_finish_plug;__blk_flush_plug;blk_mq_flush_plug_list.part.0;blk_mq_sched_insert_requests;__blk_mq_run_hw_queue;blk_mq_sched_dispatch_requests;__blk_mq_sched_dispatch_requests;blk_mq_do_dispatch_sched;blk_mq_dispatch_rq_list;scsi_queue_rq;sd_init_command;scsi_alloc_sgtables;sg_alloc_table_chained;sg_init_table
     0.26%     0.00%  c2d      [kernel.kallsyms]     [k] __blk_flush_plug
0.26% __blk_flush_plug;blk_mq_flush_plug_list.part.0;blk_mq_sched_insert_requests;__blk_mq_run_hw_queue;blk_mq_sched_dispatch_requests;__blk_mq_sched_dispatch_requests;blk_mq_do_dispatch_sched;blk_mq_dispatch_rq_list;scsi_queue_rq;sd_init_command;scsi_alloc_sgtables;sg_alloc_table_chained;sg_init_table
     0.26%     0.00%  c2d      [kernel.kallsyms]     [k] blk_mq_flush_plug_list.part.0
0.26% blk_mq_flush_plug_list.part.0;blk_mq_sched_insert_requests;__blk_mq_run_hw_queue;blk_mq_sched_dispatch_requests;__blk_mq_sched_dispatch_requests;blk_mq_do_dispatch_sched;blk_mq_dispatch_rq_list;scsi_queue_rq;sd_init_command;scsi_alloc_sgtables;sg_alloc_table_chained;sg_init_table
     0.26%     0.00%  c2d      [kernel.kallsyms]     [k] blk_mq_sched_insert_requests
0.26% blk_mq_sched_insert_requests;__blk_mq_run_hw_queue;blk_mq_sched_dispatch_requests;__blk_mq_sched_dispatch_requests;blk_mq_do_dispatch_sched;blk_mq_dispatch_rq_list;scsi_queue_rq;sd_init_command;scsi_alloc_sgtables;sg_alloc_table_chained;sg_init_table
     0.26%     0.00%  c2d      [kernel.kallsyms]     [k] __blk_mq_run_hw_queue
0.26% __blk_mq_run_hw_queue;blk_mq_sched_dispatch_requests;__blk_mq_sched_dispatch_requests;blk_mq_do_dispatch_sched;blk_mq_dispatch_rq_list;scsi_queue_rq;sd_init_command;scsi_alloc_sgtables;sg_alloc_table_chained;sg_init_table
     0.26%     0.00%  c2d      [kernel.kallsyms]     [k] blk_mq_sched_dispatch_requests
0.26% blk_mq_sched_dispatch_requests;__blk_mq_sched_dispatch_requests;blk_mq_do_dispatch_sched;blk_mq_dispatch_rq_list;scsi_queue_rq;sd_init_command;scsi_alloc_sgtables;sg_alloc_table_chained;sg_init_table
     0.26%     0.00%  c2d      [kernel.kallsyms]     [k] __blk_mq_sched_dispatch_requests
0.26% __blk_mq_sched_dispatch_requests;blk_mq_do_dispatch_sched;blk_mq_dispatch_rq_list;scsi_queue_rq;sd_init_command;scsi_alloc_sgtables;sg_alloc_table_chained;sg_init_table
     0.26%     0.00%  c2d      [kernel.kallsyms]     [k] blk_mq_do_dispatch_sched
0.26% blk_mq_do_dispatch_sched;blk_mq_dispatch_rq_list;scsi_queue_rq;sd_init_command;scsi_alloc_sgtables;sg_alloc_table_chained;sg_init_table
     0.26%     0.00%  c2d      [kernel.kallsyms]     [k] blk_mq_dispatch_rq_list
0.26% blk_mq_dispatch_rq_list;scsi_queue_rq;sd_init_command;scsi_alloc_sgtables;sg_alloc_table_chained;sg_init_table
     0.26%     0.00%  c2d      [scsi_mod]            [k] scsi_queue_rq
0.26% scsi_queue_rq;sd_init_command;scsi_alloc_sgtables;sg_alloc_table_chained;sg_init_table
     0.26%     0.00%  c2d      [sd_mod]              [k] sd_init_command
0.26% sd_init_command;scsi_alloc_sgtables;sg_alloc_table_chained;sg_init_table
     0.26%     0.00%  c2d      [scsi_mod]            [k] scsi_alloc_sgtables
0.26% scsi_alloc_sgtables;sg_alloc_table_chained;sg_init_table
     0.26%     0.00%  c2d      [kernel.kallsyms]     [k] sg_alloc_table_chained
0.26% sg_alloc_table_chained;sg_init_table
     0.26%     0.26%  c2d      [kernel.kallsyms]     [k] native_set_pte
0.26% 0x7f4152a4624a;main;cnf2ddnnf_cmd_line;compile_cnf;compile_dt;compile_dt;compile_decomposed;lookup_or_compile_dt;compile_decomposed;lookup_or_compile_dt;compile_decomposed;lookup_or_compile_dt;compile_decomposed;lookup_or_compile_dt;compile_decomposed;lookup_or_compile_dt;compile_decomposed;lookup_or_compile_dt;compile_decomposed;lookup_or_compile_dt;compile_dt;compile_dt;compile_decomposed;lookup_or_compile_dt;insert_cnf_cache;add_cache_entry;asm_exc_page_fault;exc_page_fault;do_user_addr_fault;handle_mm_fault;__handle_mm_fault;do_huge_pmd_wp_page;__split_huge_pmd;native_set_pte
     0.26%     0.00%  c2d      [kernel.kallsyms]     [k] do_huge_pmd_wp_page
0.26% do_huge_pmd_wp_page;__split_huge_pmd;native_set_pte
     0.26%     0.00%  c2d      [kernel.kallsyms]     [k] __split_huge_pmd
0.26% __split_huge_pmd;native_set_pte
     0.26%     0.26%  c2d      [kernel.kallsyms]     [k] next_uptodate_page
0.26% 0x7f4152fd0a58;0x7f4152fd022f;0x7f4152fd3c99;sincosf32;asm_exc_page_fault;exc_page_fault;do_user_addr_fault;handle_mm_fault;__handle_mm_fault;do_fault;filemap_map_pages;next_uptodate_page
     0.26%     0.00%  c2d      libm.so.6             [.] sincosf32
0.26% sincosf32;asm_exc_page_fault;exc_page_fault;do_user_addr_fault;handle_mm_fault;__handle_mm_fault;do_fault;filemap_map_pages;next_uptodate_page
     0.26%     0.00%  c2d      [kernel.kallsyms]     [k] filemap_map_pages
0.26% filemap_map_pages;next_uptodate_page
     0.25%     0.00%  c2d      libc.so.6             [.] __mmap
0.25% __mmap;entry_SYSCALL_64_after_hwframe;do_syscall_64;vm_mmap_pgoff;do_mmap;mmap_region;vma_expand;mas_preallocate;mas_alloc_nodes;kmem_cache_alloc_bulk;memset
     0.25%     0.00%  c2d      [kernel.kallsyms]     [k] vma_expand
0.25% vma_expand;mas_preallocate;mas_alloc_nodes;kmem_cache_alloc_bulk;memset
     0.25%     0.25%  c2d      [kernel.kallsyms]     [k] __mark_inode_dirty
0.25% 0x72656c69706d6f63;write;entry_SYSCALL_64_after_hwframe;do_syscall_64;ksys_write;vfs_write;xfs_file_buffered_write;iomap_file_buffered_write;iomap_write_end;filemap_dirty_folio;__mark_inode_dirty
     0.25%     0.00%  c2d      [unknown]             [k] 0x72656c69706d6f63
0.25% 0x72656c69706d6f63;write;entry_SYSCALL_64_after_hwframe;do_syscall_64;ksys_write;vfs_write;xfs_file_buffered_write;iomap_file_buffered_write;iomap_write_end;filemap_dirty_folio;__mark_inode_dirty
     0.25%     0.00%  c2d      [xfs]                 [k] xfs_file_buffered_write
0.25% xfs_file_buffered_write;iomap_file_buffered_write;iomap_write_end;filemap_dirty_folio;__mark_inode_dirty
     0.25%     0.00%  c2d      [kernel.kallsyms]     [k] iomap_file_buffered_write
0.25% iomap_file_buffered_write;iomap_write_end;filemap_dirty_folio;__mark_inode_dirty
     0.25%     0.00%  c2d      [kernel.kallsyms]     [k] iomap_write_end
0.25% iomap_write_end;filemap_dirty_folio;__mark_inode_dirty
     0.25%     0.00%  c2d      [kernel.kallsyms]     [k] filemap_dirty_folio
0.25% filemap_dirty_folio;__mark_inode_dirty
     0.25%     0.25%  c2d      [kernel.kallsyms]     [k] filemap_fault
0.25% 0x7f4152fd0a58;0x7f4152fd022f;0x7f4152fd3c99;0x7f4152fc3d57;asm_exc_page_fault;exc_page_fault;do_user_addr_fault;handle_mm_fault;__handle_mm_fault;do_fault;__do_fault;filemap_fault
     0.25%     0.00%  c2d      ld-linux-x86-64.so.2  [.] 0x00007f4152fc3d57
0.25% 0x7f4152fc3d57;asm_exc_page_fault;exc_page_fault;do_user_addr_fault;handle_mm_fault;__handle_mm_fault;do_fault;__do_fault;filemap_fault
     0.25%     0.00%  c2d      [kernel.kallsyms]     [k] __do_fault
0.25% __do_fault;filemap_fault
     0.25%     0.25%  c2d      libc.so.6             [.] 0x0000000000097388
0.25% 0;0x7f4152ab638c
     0.25%     0.00%  c2d      libc.so.6             [.] 0x00007f4152ab638c
0.25% 0x7f4152ab638c
     0.24%     0.00%  c2d      ld-linux-x86-64.so.2  [.] 0x00007f4152fbe075
0.24% 0x7f4152fbe075;0x7f4152fd7772;asm_exc_page_fault;exc_page_fault;do_user_addr_fault;handle_mm_fault;__handle_mm_fault;do_fault
     0.24%     0.00%  c2d      ld-linux-x86-64.so.2  [.] 0x00007f4152fd7772
0.24% 0x7f4152fd7772;asm_exc_page_fault;exc_page_fault;do_user_addr_fault;handle_mm_fault;__handle_mm_fault;do_fault
     0.24%     0.24%  c2d      c2d                   [.] initialize_cnf_manager
0.24% 0x7f4152a4624a;main;cnf2ddnnf_cmd_line;construct_cnf_manager;initialize_cnf_manager
     0.24%     0.00%  c2d      c2d                   [.] construct_cnf_manager
0.24% construct_cnf_manager;initialize_cnf_manager
     0.24%     0.24%  c2d      c2d                   [.] edges_intersection
0.24% 0x7f4152a4624a;main;cnf2ddnnf_cmd_line;load_hdtree_from_file;dtree_skeleton2hdtree;initialize_hdtree;initialize_hdtree;initialize_hdtree;initialize_hdtree;initialize_hdtree;initialize_hdtree;initialize_hdtree;initialize_hdtree;initialize_hdtree;initialize_hdtree;initialize_hdtree;initialize_hdtree;initialize_hdtree;initialize_hdtree;initialize_hdtree;initialize_hdtree;initialize_hdtree;initialize_hdtree;initialize_hdtree;initialize_hdtree;new_hgr_edges
     0.24%     0.00%  c2d      c2d                   [.] initialize_hdtree
0.24% initialize_hdtree;initialize_hdtree;initialize_hdtree;initialize_hdtree;initialize_hdtree;initialize_hdtree;initialize_hdtree;initialize_hdtree;initialize_hdtree;initialize_hdtree;initialize_hdtree;initialize_hdtree;initialize_hdtree;initialize_hdtree;initialize_hdtree;initialize_hdtree;initialize_hdtree;initialize_hdtree;initialize_hdtree;initialize_hdtree;new_hgr_edges
     0.23%     0.23%  c2d      ld-linux-x86-64.so.2  [.] __tunable_get_val
0.23% 0x7f4152fe98a8;0x7f4152fbe193;__tunable_get_val
     0.23%     0.00%  c2d      ld-linux-x86-64.so.2  [.] 0x00007f4152fbe193
0.23% 0x7f4152fbe193;__tunable_get_val
     0.22%     0.22%  c2d      libc.so.6             [.] 0x0000000000048c5f
0.22% 0x7f4152a4624a;main;__isoc99_fscanf;0x7f4152a67c65
     0.22%     0.00%  c2d      libc.so.6             [.] __isoc99_fscanf
0.22% __isoc99_fscanf;0x7f4152a67c65
     0.22%     0.00%  c2d      libc.so.6             [.] 0x00007f4152a67c65
0.22% 0x7f4152a67c65
     0.22%     0.00%  c2d      ld-linux-x86-64.so.2  [.] 0x00007f4152fd6ae3
0.22% 0x7f4152fd6ae3;entry_SYSCALL_64_after_hwframe;do_syscall_64;ksys_mmap_pgoff;vm_mmap_pgoff;do_mmap;mmap_region;mas_preallocate;mas_alloc_nodes;kmem_cache_alloc_bulk;memset
     0.22%     0.00%  c2d      [kernel.kallsyms]     [k] ksys_mmap_pgoff
0.22% ksys_mmap_pgoff;vm_mmap_pgoff;do_mmap;mmap_region;mas_preallocate;mas_alloc_nodes;kmem_cache_alloc_bulk;memset
     0.20%     0.20%  c2d      [kernel.kallsyms]     [k] __irqentry_text_end
0.20% 0x7f4152fd0a58;0x7f4152fd18e7;__irqentry_text_end
     0.20%     0.00%  c2d      ld-linux-x86-64.so.2  [.] 0x00007f4152fd18e7
0.20% 0x7f4152fd18e7;__irqentry_text_end
     0.17%     0.00%  c2d      [kernel.kallsyms]     [k] elf_map
0.17% elf_map;vm_mmap_pgoff;do_mmap;mmap_region;mas_preallocate;mas_alloc_nodes;kmem_cache_alloc_bulk;memset
     0.15%     0.00%  c2d      [unknown]             [k] 0x6b6e550a00642520
0.15% 0x6b6e550a00642520;__isoc99_sscanf;0x7f4152a7db7e;asm_exc_page_fault;exc_page_fault;do_user_addr_fault;lock_mm_and_find_vma;find_vma;mt_find
     0.15%     0.00%  c2d      libc.so.6             [.] __isoc99_sscanf
0.15% __isoc99_sscanf;0x7f4152a7db7e;asm_exc_page_fault;exc_page_fault;do_user_addr_fault;lock_mm_and_find_vma;find_vma;mt_find
     0.15%     0.00%  c2d      libc.so.6             [.] 0x00007f4152a7db7e
0.15% 0x7f4152a7db7e;asm_exc_page_fault;exc_page_fault;do_user_addr_fault;lock_mm_and_find_vma;find_vma;mt_find
     0.12%     0.00%  c2d      [kernel.kallsyms]     [k] setup_arg_pages
0.12% setup_arg_pages;shift_arg_pages;__vma_adjust;mas_preallocate;mas_alloc_nodes;kmem_cache_alloc_bulk;memset
     0.12%     0.00%  c2d      [kernel.kallsyms]     [k] shift_arg_pages
0.12% shift_arg_pages;__vma_adjust;mas_preallocate;mas_alloc_nodes;kmem_cache_alloc_bulk;memset
     0.12%     0.00%  c2d      [kernel.kallsyms]     [k] __vma_adjust
0.12% __vma_adjust;mas_preallocate;mas_alloc_nodes;kmem_cache_alloc_bulk;memset
     0.08%     0.00%  perf-ex  [unknown]             [k] 0x00007fe1326f3a97
0.06% 0x7fe1326f3a97;entry_SYSCALL_64_after_hwframe;do_syscall_64;__x64_sys_execve;do_execveat_common.isra.0;bprm_execve;load_elf_binary;begin_new_exec;perf_event_exec;asm_sysvec_apic_timer_interrupt;sysvec_apic_timer_interrupt;__irq_exit_rcu;handle_softirqs;rcu_core
0.02% 0x7fe1326f3a97;entry_SYSCALL_64_after_hwframe;do_syscall_64;__x64_sys_execve;do_execveat_common.isra.0;bprm_execve;load_elf_binary;begin_new_exec;perf_event_exec;asm_sysvec_apic_timer_interrupt;sysvec_apic_timer_interrupt;__sysvec_apic_timer_interrupt;native_apic_msr_eoi_write
     0.08%     0.00%  perf-ex  [kernel.kallsyms]     [k] entry_SYSCALL_64_after_hwframe
0.06% entry_SYSCALL_64_after_hwframe;do_syscall_64;__x64_sys_execve;do_execveat_common.isra.0;bprm_execve;load_elf_binary;begin_new_exec;perf_event_exec;asm_sysvec_apic_timer_interrupt;sysvec_apic_timer_interrupt;__irq_exit_rcu;handle_softirqs;rcu_core
0.02% entry_SYSCALL_64_after_hwframe;do_syscall_64;__x64_sys_execve;do_execveat_common.isra.0;bprm_execve;load_elf_binary;begin_new_exec;perf_event_exec;asm_sysvec_apic_timer_interrupt;sysvec_apic_timer_interrupt;__sysvec_apic_timer_interrupt;native_apic_msr_eoi_write
     0.08%     0.00%  perf-ex  [kernel.kallsyms]     [k] do_syscall_64
0.06% do_syscall_64;__x64_sys_execve;do_execveat_common.isra.0;bprm_execve;load_elf_binary;begin_new_exec;perf_event_exec;asm_sysvec_apic_timer_interrupt;sysvec_apic_timer_interrupt;__irq_exit_rcu;handle_softirqs;rcu_core
0.02% do_syscall_64;__x64_sys_execve;do_execveat_common.isra.0;bprm_execve;load_elf_binary;begin_new_exec;perf_event_exec;asm_sysvec_apic_timer_interrupt;sysvec_apic_timer_interrupt;__sysvec_apic_timer_interrupt;native_apic_msr_eoi_write
     0.08%     0.00%  perf-ex  [kernel.kallsyms]     [k] __x64_sys_execve
0.06% __x64_sys_execve;do_execveat_common.isra.0;bprm_execve;load_elf_binary;begin_new_exec;perf_event_exec;asm_sysvec_apic_timer_interrupt;sysvec_apic_timer_interrupt;__irq_exit_rcu;handle_softirqs;rcu_core
0.02% __x64_sys_execve;do_execveat_common.isra.0;bprm_execve;load_elf_binary;begin_new_exec;perf_event_exec;asm_sysvec_apic_timer_interrupt;sysvec_apic_timer_interrupt;__sysvec_apic_timer_interrupt;native_apic_msr_eoi_write
     0.08%     0.00%  perf-ex  [kernel.kallsyms]     [k] do_execveat_common.isra.0
0.06% do_execveat_common.isra.0;bprm_execve;load_elf_binary;begin_new_exec;perf_event_exec;asm_sysvec_apic_timer_interrupt;sysvec_apic_timer_interrupt;__irq_exit_rcu;handle_softirqs;rcu_core
0.02% do_execveat_common.isra.0;bprm_execve;load_elf_binary;begin_new_exec;perf_event_exec;asm_sysvec_apic_timer_interrupt;sysvec_apic_timer_interrupt;__sysvec_apic_timer_interrupt;native_apic_msr_eoi_write
     0.08%     0.00%  perf-ex  [kernel.kallsyms]     [k] bprm_execve
0.06% bprm_execve;load_elf_binary;begin_new_exec;perf_event_exec;asm_sysvec_apic_timer_interrupt;sysvec_apic_timer_interrupt;__irq_exit_rcu;handle_softirqs;rcu_core
0.02% bprm_execve;load_elf_binary;begin_new_exec;perf_event_exec;asm_sysvec_apic_timer_interrupt;sysvec_apic_timer_interrupt;__sysvec_apic_timer_interrupt;native_apic_msr_eoi_write
     0.08%     0.00%  perf-ex  [kernel.kallsyms]     [k] load_elf_binary
0.06% load_elf_binary;begin_new_exec;perf_event_exec;asm_sysvec_apic_timer_interrupt;sysvec_apic_timer_interrupt;__irq_exit_rcu;handle_softirqs;rcu_core
0.02% load_elf_binary;begin_new_exec;perf_event_exec;asm_sysvec_apic_timer_interrupt;sysvec_apic_timer_interrupt;__sysvec_apic_timer_interrupt;native_apic_msr_eoi_write
     0.08%     0.00%  perf-ex  [kernel.kallsyms]     [k] begin_new_exec
0.06% begin_new_exec;perf_event_exec;asm_sysvec_apic_timer_interrupt;sysvec_apic_timer_interrupt;__irq_exit_rcu;handle_softirqs;rcu_core
0.02% begin_new_exec;perf_event_exec;asm_sysvec_apic_timer_interrupt;sysvec_apic_timer_interrupt;__sysvec_apic_timer_interrupt;native_apic_msr_eoi_write
     0.08%     0.00%  perf-ex  [kernel.kallsyms]     [k] perf_event_exec
0.06% perf_event_exec;asm_sysvec_apic_timer_interrupt;sysvec_apic_timer_interrupt;__irq_exit_rcu;handle_softirqs;rcu_core
0.02% perf_event_exec;asm_sysvec_apic_timer_interrupt;sysvec_apic_timer_interrupt;__sysvec_apic_timer_interrupt;native_apic_msr_eoi_write
     0.07%     0.00%  perf-ex  [kernel.kallsyms]     [k] asm_sysvec_apic_timer_interrupt
0.06% asm_sysvec_apic_timer_interrupt;sysvec_apic_timer_interrupt;__irq_exit_rcu;handle_softirqs;rcu_core
0.02% asm_sysvec_apic_timer_interrupt;sysvec_apic_timer_interrupt;__sysvec_apic_timer_interrupt;native_apic_msr_eoi_write
     0.07%     0.00%  perf-ex  [kernel.kallsyms]     [k] sysvec_apic_timer_interrupt
0.06% sysvec_apic_timer_interrupt;__irq_exit_rcu;handle_softirqs;rcu_core
0.02% sysvec_apic_timer_interrupt;__sysvec_apic_timer_interrupt;native_apic_msr_eoi_write
     0.06%     0.06%  perf-ex  [kernel.kallsyms]     [k] rcu_core
0.06% 0x7fe1326f3a97;entry_SYSCALL_64_after_hwframe;do_syscall_64;__x64_sys_execve;do_execveat_common.isra.0;bprm_execve;load_elf_binary;begin_new_exec;perf_event_exec;asm_sysvec_apic_timer_interrupt;sysvec_apic_timer_interrupt;__irq_exit_rcu;handle_softirqs;rcu_core
     0.06%     0.00%  perf-ex  [kernel.kallsyms]     [k] __irq_exit_rcu
0.06% __irq_exit_rcu;handle_softirqs;rcu_core
     0.06%     0.00%  perf-ex  [kernel.kallsyms]     [k] handle_softirqs
0.06% handle_softirqs;rcu_core
     0.02%     0.02%  perf-ex  [kernel.kallsyms]     [k] native_apic_msr_eoi_write
0.02% 0x7fe1326f3a97;entry_SYSCALL_64_after_hwframe;do_syscall_64;__x64_sys_execve;do_execveat_common.isra.0;bprm_execve;load_elf_binary;begin_new_exec;perf_event_exec;asm_sysvec_apic_timer_interrupt;sysvec_apic_timer_interrupt;__sysvec_apic_timer_interrupt;native_apic_msr_eoi_write
     0.02%     0.00%  perf-ex  [kernel.kallsyms]     [k] __sysvec_apic_timer_interrupt
0.02% __sysvec_apic_timer_interrupt;native_apic_msr_eoi_write
     0.01%     0.00%  c2d      [kernel.kallsyms]     [k] native_write_msr
0.01% native_write_msr
     0.01%     0.00%  c2d      [kernel.kallsyms]     [k] folio_wait_bit_common
0.01% folio_wait_bit_common;io_schedule;schedule;__schedule;finish_task_switch.isra.0;__perf_event_task_sched_in;__intel_pmu_enable_all.constprop.0;native_write_msr
     0.01%     0.00%  c2d      [kernel.kallsyms]     [k] io_schedule
0.01% io_schedule;schedule;__schedule;finish_task_switch.isra.0;__perf_event_task_sched_in;__intel_pmu_enable_all.constprop.0;native_write_msr
     0.01%     0.00%  c2d      [kernel.kallsyms]     [k] schedule
0.01% schedule;__schedule;finish_task_switch.isra.0;__perf_event_task_sched_in;__intel_pmu_enable_all.constprop.0;native_write_msr
     0.01%     0.00%  c2d      [kernel.kallsyms]     [k] __schedule
0.01% __schedule;finish_task_switch.isra.0;__perf_event_task_sched_in;__intel_pmu_enable_all.constprop.0;native_write_msr
     0.01%     0.00%  c2d      [kernel.kallsyms]     [k] finish_task_switch.isra.0
0.01% finish_task_switch.isra.0;__perf_event_task_sched_in;__intel_pmu_enable_all.constprop.0;native_write_msr
     0.01%     0.00%  c2d      [kernel.kallsyms]     [k] __perf_event_task_sched_in
0.01% __perf_event_task_sched_in;__intel_pmu_enable_all.constprop.0;native_write_msr
     0.01%     0.00%  c2d      [kernel.kallsyms]     [k] __intel_pmu_enable_all.constprop.0
0.01% __intel_pmu_enable_all.constprop.0;native_write_msr
     0.01%     0.01%  c2d      [kernel.kallsyms]     [k] _raw_spin_unlock
     0.00%     0.00%  perf-ex  [kernel.kallsyms]     [k] native_write_msr
     0.00%     0.00%  perf-ex  [kernel.kallsyms]     [k] __intel_pmu_enable_all.constprop.0
     0.00%     0.00%  perf-ex  [kernel.kallsyms]     [k] set_pte_vaddr
     0.00%     0.00%  c2d      [kernel.kallsyms]     [k] native_flush_tlb_one_user
     0.00%     0.00%  perf-ex  [kernel.kallsyms]     [k] __static_call_text_end
     0.00%     0.00%  c2d      [kernel.kallsyms]     [k] nmi_handle


#
# (Tip: Compare performance results with: perf diff [<old file> <new file>])
#
