# To display the perf.data header info, please use --header/--header-only options.
#
#
# Total Lost Samples: 0
#
# Samples: 352  of event 'cycles'
# Event count (approx.): 236557556
#
# Children      Self  Command  Shared Object         Symbol                                                          
# ........  ........  .......  ....................  ................................................................
#
    93.18%     0.00%  c2d      libc.so.6             [.] 0x00007f9da684624a
90.98% 0x7f9da684624a;main;cnf2ddnnf_cmd_line;free_cache_manager
0.31% 0x7f9da684624a;main;cnf2ddnnf_cmd_line;free_cache_manager;asm_exc_page_fault;irqentry_exit_to_user_mode;exit_to_user_mode_prepare;fpregs_assert_state_consistent
0.30% 0x7f9da684624a;main;cnf2ddnnf_cmd_line;free_cnf_manager
0.28% 0x7f9da684624a;main;cnf2ddnnf_cmd_line;compile_cnf;compile_dt;compile_dt;compile_decomposed;lookup_or_compile_dt;compile_dt;compile_dt;compile_decomposed;lookup_or_compile_dt;compile_decomposed;lookup_or_compile_dt;insert_cnf_cache;add_cache_entry;asm_exc_page_fault;exc_page_fault;do_user_addr_fault;handle_mm_fault;__handle_mm_fault;do_huge_pmd_wp_page;__split_huge_pmd
0.28% 0x7f9da684624a;main;cnf2ddnnf_cmd_line;compile_cnf;compile_dt;compile_dt;compile_decomposed;lookup_or_compile_dt;compile_dt;compile_dt;compile_decomposed;lookup_or_compile_dt;compile_decomposed;lookup_or_compile_dt;compile_dt;compile_dt;compile_decomposed;lookup_or_compile_dt;compile_dt;compile_dt;compile_decomposed;lookup_or_compile_dt;compile_decomposed;lookup_or_compile_dt;compile_decomposed;lookup_or_compile_dt;compile_dt;compile_dt;compile_decomposed;lookup_or_compile_dt;compile_decomposed;lookup_or_compile_dt;compile_decomposed;lookup_or_compile_dt;compile_decomposed;lookup_or_compile_dt;compile_decomposed;lookup_or_compile_dt;compile_decomposed;lookup_or_compile_dt;compile_decomposed;lookup_or_compile_dt;insert_cnf_cache;add_cache_entry;__irqentry_text_end
0.27% 0x7f9da684624a;main;cnf2ddnnf_cmd_line;compile_cnf;compile_dt;compile_dt;compile_decomposed;lookup_or_compile_dt;compile_dt;compile_dt;compile_decomposed;lookup_or_compile_dt;compile_decomposed;lookup_or_compile_dt;compile_dt;compile_dt;compile_decomposed;lookup_or_compile_dt;compile_decomposed;lookup_or_compile_dt;compile_decomposed;lookup_or_compile_dt;compile_decomposed;lookup_or_compile_dt;compile_dt;compile_dt;compile_decomposed;lookup_or_compile_dt;compile_decomposed;lookup_or_compile_dt;compile_decomposed;lookup_or_compile_dt;insert_cnf_cache;add_cache_entry;asm_exc_page_fault;exc_page_fault;do_user_addr_fault;handle_mm_fault;__handle_mm_fault;wp_page_copy;vma_alloc_folio;__folio_alloc;__alloc_pages;get_page_from_freelist;clear_page_rep
0.27% 0x7f9da684624a;main;cnf2ddnnf_cmd_line;compile_cnf;compile_dt;compile_dt;compile_decomposed;lookup_or_compile_dt;lookup_cnf_cache;asm_exc_page_fault;exc_page_fault;do_user_addr_fault;lock_mm_and_find_vma;find_vma;mt_find
0.26% 0x7f9da684624a;main;cnf2ddnnf_cmd_line;compile_cnf;compile_dt;compile_dt;compile_decomposed;lookup_or_compile_dt;compile_decomposed;lookup_or_compile_dt;compile_decomposed;lookup_or_compile_dt;compile_decomposed;lookup_or_compile_dt;compile_decomposed;lookup_or_compile_dt;compile_decomposed;lookup_or_compile_dt;compile_decomposed;lookup_or_compile_dt;compile_dt;compile_dt;compile_decomposed;lookup_or_compile_dt;compile_dt;compile_dt;compile_decomposed;conjoin_relevant_lits;get_and_node;asm_exc_page_fault;exc_page_fault;do_user_addr_fault;handle_mm_fault;__handle_mm_fault;do_huge_pmd_wp_page;__split_huge_pmd;native_set_pte
0.24% 0x7f9da684624a;main;cnf2ddnnf_cmd_line;load_hdtree_from_file;dtree_skeleton2hdtree;initialize_hdtree;initialize_hdtree;initialize_hdtree;initialize_hdtree;initialize_hdtree;initialize_hdtree;initialize_hdtree;initialize_hdtree;initialize_hdtree;initialize_hdtree;initialize_hdtree;initialize_hdtree;initialize_hdtree;initialize_hdtree;initialize_hdtree;initialize_hdtree;initialize_hdtree;initialize_hdtree;initialize_hdtree;edges_minus
    93.18%     0.00%  c2d      c2d                   [.] main
90.98% main;cnf2ddnnf_cmd_line;free_cache_manager
0.31% main;cnf2ddnnf_cmd_line;free_cache_manager;asm_exc_page_fault;irqentry_exit_to_user_mode;exit_to_user_mode_prepare;fpregs_assert_state_consistent
0.30% main;cnf2ddnnf_cmd_line;free_cnf_manager
0.28% main;cnf2ddnnf_cmd_line;compile_cnf;compile_dt;compile_dt;compile_decomposed;lookup_or_compile_dt;compile_dt;compile_dt;compile_decomposed;lookup_or_compile_dt;compile_decomposed;lookup_or_compile_dt;insert_cnf_cache;add_cache_entry;asm_exc_page_fault;exc_page_fault;do_user_addr_fault;handle_mm_fault;__handle_mm_fault;do_huge_pmd_wp_page;__split_huge_pmd
0.28% main;cnf2ddnnf_cmd_line;compile_cnf;compile_dt;compile_dt;compile_decomposed;lookup_or_compile_dt;compile_dt;compile_dt;compile_decomposed;lookup_or_compile_dt;compile_decomposed;lookup_or_compile_dt;compile_dt;compile_dt;compile_decomposed;lookup_or_compile_dt;compile_dt;compile_dt;compile_decomposed;lookup_or_compile_dt;compile_decomposed;lookup_or_compile_dt;compile_decomposed;lookup_or_compile_dt;compile_dt;compile_dt;compile_decomposed;lookup_or_compile_dt;compile_decomposed;lookup_or_compile_dt;compile_decomposed;lookup_or_compile_dt;compile_decomposed;lookup_or_compile_dt;compile_decomposed;lookup_or_compile_dt;compile_decomposed;lookup_or_compile_dt;compile_decomposed;lookup_or_compile_dt;insert_cnf_cache;add_cache_entry;__irqentry_text_end
0.27% main;cnf2ddnnf_cmd_line;compile_cnf;compile_dt;compile_dt;compile_decomposed;lookup_or_compile_dt;compile_dt;compile_dt;compile_decomposed;lookup_or_compile_dt;compile_decomposed;lookup_or_compile_dt;compile_dt;compile_dt;compile_decomposed;lookup_or_compile_dt;compile_decomposed;lookup_or_compile_dt;compile_decomposed;lookup_or_compile_dt;compile_decomposed;lookup_or_compile_dt;compile_dt;compile_dt;compile_decomposed;lookup_or_compile_dt;compile_decomposed;lookup_or_compile_dt;compile_decomposed;lookup_or_compile_dt;insert_cnf_cache;add_cache_entry;asm_exc_page_fault;exc_page_fault;do_user_addr_fault;handle_mm_fault;__handle_mm_fault;wp_page_copy;vma_alloc_folio;__folio_alloc;__alloc_pages;get_page_from_freelist;clear_page_rep
0.27% main;cnf2ddnnf_cmd_line;compile_cnf;compile_dt;compile_dt;compile_decomposed;lookup_or_compile_dt;lookup_cnf_cache;asm_exc_page_fault;exc_page_fault;do_user_addr_fault;lock_mm_and_find_vma;find_vma;mt_find
0.26% main;cnf2ddnnf_cmd_line;compile_cnf;compile_dt;compile_dt;compile_decomposed;lookup_or_compile_dt;compile_decomposed;lookup_or_compile_dt;compile_decomposed;lookup_or_compile_dt;compile_decomposed;lookup_or_compile_dt;compile_decomposed;lookup_or_compile_dt;compile_decomposed;lookup_or_compile_dt;compile_decomposed;lookup_or_compile_dt;compile_dt;compile_dt;compile_decomposed;lookup_or_compile_dt;compile_dt;compile_dt;compile_decomposed;conjoin_relevant_lits;get_and_node;asm_exc_page_fault;exc_page_fault;do_user_addr_fault;handle_mm_fault;__handle_mm_fault;do_huge_pmd_wp_page;__split_huge_pmd;native_set_pte
0.24% main;cnf2ddnnf_cmd_line;load_hdtree_from_file;dtree_skeleton2hdtree;initialize_hdtree;initialize_hdtree;initialize_hdtree;initialize_hdtree;initialize_hdtree;initialize_hdtree;initialize_hdtree;initialize_hdtree;initialize_hdtree;initialize_hdtree;initialize_hdtree;initialize_hdtree;initialize_hdtree;initialize_hdtree;initialize_hdtree;initialize_hdtree;initialize_hdtree;initialize_hdtree;initialize_hdtree;edges_minus
    93.18%     0.00%  c2d      c2d                   [.] cnf2ddnnf_cmd_line
90.98% cnf2ddnnf_cmd_line;free_cache_manager
0.31% cnf2ddnnf_cmd_line;free_cache_manager;asm_exc_page_fault;irqentry_exit_to_user_mode;exit_to_user_mode_prepare;fpregs_assert_state_consistent
0.30% cnf2ddnnf_cmd_line;free_cnf_manager
0.28% cnf2ddnnf_cmd_line;compile_cnf;compile_dt;compile_dt;compile_decomposed;lookup_or_compile_dt;compile_dt;compile_dt;compile_decomposed;lookup_or_compile_dt;compile_decomposed;lookup_or_compile_dt;insert_cnf_cache;add_cache_entry;asm_exc_page_fault;exc_page_fault;do_user_addr_fault;handle_mm_fault;__handle_mm_fault;do_huge_pmd_wp_page;__split_huge_pmd
0.28% cnf2ddnnf_cmd_line;compile_cnf;compile_dt;compile_dt;compile_decomposed;lookup_or_compile_dt;compile_dt;compile_dt;compile_decomposed;lookup_or_compile_dt;compile_decomposed;lookup_or_compile_dt;compile_dt;compile_dt;compile_decomposed;lookup_or_compile_dt;compile_dt;compile_dt;compile_decomposed;lookup_or_compile_dt;compile_decomposed;lookup_or_compile_dt;compile_decomposed;lookup_or_compile_dt;compile_dt;compile_dt;compile_decomposed;lookup_or_compile_dt;compile_decomposed;lookup_or_compile_dt;compile_decomposed;lookup_or_compile_dt;compile_decomposed;lookup_or_compile_dt;compile_decomposed;lookup_or_compile_dt;compile_decomposed;lookup_or_compile_dt;compile_decomposed;lookup_or_compile_dt;insert_cnf_cache;add_cache_entry;__irqentry_text_end
0.27% cnf2ddnnf_cmd_line;compile_cnf;compile_dt;compile_dt;compile_decomposed;lookup_or_compile_dt;compile_dt;compile_dt;compile_decomposed;lookup_or_compile_dt;compile_decomposed;lookup_or_compile_dt;compile_dt;compile_dt;compile_decomposed;lookup_or_compile_dt;compile_decomposed;lookup_or_compile_dt;compile_decomposed;lookup_or_compile_dt;compile_decomposed;lookup_or_compile_dt;compile_dt;compile_dt;compile_decomposed;lookup_or_compile_dt;compile_decomposed;lookup_or_compile_dt;compile_decomposed;lookup_or_compile_dt;insert_cnf_cache;add_cache_entry;asm_exc_page_fault;exc_page_fault;do_user_addr_fault;handle_mm_fault;__handle_mm_fault;wp_page_copy;vma_alloc_folio;__folio_alloc;__alloc_pages;get_page_from_freelist;clear_page_rep
0.27% cnf2ddnnf_cmd_line;compile_cnf;compile_dt;compile_dt;compile_decomposed;lookup_or_compile_dt;lookup_cnf_cache;asm_exc_page_fault;exc_page_fault;do_user_addr_fault;lock_mm_and_find_vma;find_vma;mt_find
0.26% cnf2ddnnf_cmd_line;compile_cnf;compile_dt;compile_dt;compile_decomposed;lookup_or_compile_dt;compile_decomposed;lookup_or_compile_dt;compile_decomposed;lookup_or_compile_dt;compile_decomposed;lookup_or_compile_dt;compile_decomposed;lookup_or_compile_dt;compile_decomposed;lookup_or_compile_dt;compile_decomposed;lookup_or_compile_dt;compile_dt;compile_dt;compile_decomposed;lookup_or_compile_dt;compile_dt;compile_dt;compile_decomposed;conjoin_relevant_lits;get_and_node;asm_exc_page_fault;exc_page_fault;do_user_addr_fault;handle_mm_fault;__handle_mm_fault;do_huge_pmd_wp_page;__split_huge_pmd;native_set_pte
0.24% cnf2ddnnf_cmd_line;load_hdtree_from_file;dtree_skeleton2hdtree;initialize_hdtree;initialize_hdtree;initialize_hdtree;initialize_hdtree;initialize_hdtree;initialize_hdtree;initialize_hdtree;initialize_hdtree;initialize_hdtree;initialize_hdtree;initialize_hdtree;initialize_hdtree;initialize_hdtree;initialize_hdtree;initialize_hdtree;initialize_hdtree;initialize_hdtree;initialize_hdtree;initialize_hdtree;edges_minus
    91.28%    90.98%  c2d      c2d                   [.] free_cache_manager
90.98% 0x7f9da684624a;main;cnf2ddnnf_cmd_line;free_cache_manager
0.31% free_cache_manager;asm_exc_page_fault;irqentry_exit_to_user_mode;exit_to_user_mode_prepare;fpregs_assert_state_consistent
     3.67%     0.00%  c2d      [kernel.kallsyms]     [k] entry_SYSCALL_64_after_hwframe
0.30% entry_SYSCALL_64_after_hwframe;do_syscall_64;__x64_sys_munmap;__vm_munmap;do_mas_munmap;do_mas_align_munmap;unmap_region;unmap_vmas;unmap_page_range;zap_huge_pmd;mod_lruvec_page_state.constprop.0;__mod_lruvec_page_state;__mod_memcg_lruvec_state;cgroup_rstat_updated
0.30% entry_SYSCALL_64_after_hwframe;do_syscall_64;__x64_sys_exit_group;do_group_exit;do_exit;__mmput;exit_mmap;tlb_finish_mmu;tlb_batch_pages_flush;release_pages;free_unref_page_list
0.30% entry_SYSCALL_64_after_hwframe;do_syscall_64;__x64_sys_exit_group;do_group_exit;do_exit;exit_mm_release;futex_exit_release;futex_cleanup
0.30% entry_SYSCALL_64_after_hwframe;do_syscall_64;__x64_sys_exit_group;do_group_exit;do_exit;__mmput;exit_mmap;unmap_vmas;unmap_page_range;page_remove_rmap;PageHuge
0.29% entry_SYSCALL_64_after_hwframe;do_syscall_64;__x64_sys_openat;do_sys_openat2;do_filp_open;path_openat;do_dentry_open
0.28% entry_SYSCALL_64_after_hwframe;do_syscall_64;__x64_sys_mprotect;do_mprotect_pkey;tlb_finish_mmu;flush_tlb_mm_range;flush_tlb_func;native_flush_tlb_one_user
0.27% entry_SYSCALL_64_after_hwframe;do_syscall_64;ksys_mmap_pgoff;vm_mmap_pgoff;do_mmap;mmap_region;perf_event_mmap;d_path;prepend_path
0.27% entry_SYSCALL_64_after_hwframe;do_syscall_64;__x64_sys_openat;do_sys_openat2;do_filp_open;path_openat;do_dentry_open;ext4_file_open;fsverity_file_open
0.26% entry_SYSCALL_64_after_hwframe;do_syscall_64;ksys_read;vfs_read;xfs_file_read_iter;xfs_file_buffered_read;filemap_read;filemap_get_pages;page_cache_ra_order;read_pages;blk_finish_plug;__blk_flush_plug;blk_mq_flush_plug_list
0.26% entry_SYSCALL_64_after_hwframe;do_syscall_64;vm_mmap_pgoff;do_mmap
0.25% entry_SYSCALL_64_after_hwframe;do_syscall_64;ksys_write;vfs_write;xfs_file_buffered_write;iomap_file_buffered_write;iomap_write_begin;__filemap_get_folio;filemap_add_folio;__filemap_add_folio
0.25% entry_SYSCALL_64_after_hwframe;do_syscall_64;__do_sys_brk;do_brk_flags;mas_preallocate;mas_alloc_nodes;kmem_cache_alloc_bulk
0.19% entry_SYSCALL_64_after_hwframe;do_syscall_64;__x64_sys_execve;do_execveat_common.isra.0;bprm_execve;load_elf_binary;elf_map;vm_mmap_pgoff;ima_file_mmap;security_current_getsecid_subj;apparmor_current_getsecid_subj
0.08% entry_SYSCALL_64_after_hwframe;do_syscall_64;__x64_sys_execve;do_execveat_common.isra.0;bprm_execve;load_elf_binary;begin_new_exec
0.04% entry_SYSCALL_64_after_hwframe;do_syscall_64;ksys_read;vfs_read;xfs_file_read_iter;xfs_file_buffered_read;filemap_read;copy_page_to_iter;_copy_to_iter;copy_user_generic_string
0.01% entry_SYSCALL_64_after_hwframe;do_syscall_64;ksys_read;vfs_read;xfs_file_read_iter;xfs_file_buffered_read;filemap_read;filemap_get_pages;folio_wait_bit_common;io_schedule;schedule;__schedule;finish_task_switch.isra.0;__perf_event_task_sched_in;__intel_pmu_enable_all.constprop.0;native_write_msr
     3.67%     0.00%  c2d      [kernel.kallsyms]     [k] do_syscall_64
0.30% do_syscall_64;__x64_sys_munmap;__vm_munmap;do_mas_munmap;do_mas_align_munmap;unmap_region;unmap_vmas;unmap_page_range;zap_huge_pmd;mod_lruvec_page_state.constprop.0;__mod_lruvec_page_state;__mod_memcg_lruvec_state;cgroup_rstat_updated
0.30% do_syscall_64;__x64_sys_exit_group;do_group_exit;do_exit;__mmput;exit_mmap;tlb_finish_mmu;tlb_batch_pages_flush;release_pages;free_unref_page_list
0.30% do_syscall_64;__x64_sys_exit_group;do_group_exit;do_exit;exit_mm_release;futex_exit_release;futex_cleanup
0.30% do_syscall_64;__x64_sys_exit_group;do_group_exit;do_exit;__mmput;exit_mmap;unmap_vmas;unmap_page_range;page_remove_rmap;PageHuge
0.29% do_syscall_64;__x64_sys_openat;do_sys_openat2;do_filp_open;path_openat;do_dentry_open
0.28% do_syscall_64;__x64_sys_mprotect;do_mprotect_pkey;tlb_finish_mmu;flush_tlb_mm_range;flush_tlb_func;native_flush_tlb_one_user
0.27% do_syscall_64;ksys_mmap_pgoff;vm_mmap_pgoff;do_mmap;mmap_region;perf_event_mmap;d_path;prepend_path
0.27% do_syscall_64;__x64_sys_openat;do_sys_openat2;do_filp_open;path_openat;do_dentry_open;ext4_file_open;fsverity_file_open
0.26% do_syscall_64;ksys_read;vfs_read;xfs_file_read_iter;xfs_file_buffered_read;filemap_read;filemap_get_pages;page_cache_ra_order;read_pages;blk_finish_plug;__blk_flush_plug;blk_mq_flush_plug_list
0.26% do_syscall_64;vm_mmap_pgoff;do_mmap
0.25% do_syscall_64;ksys_write;vfs_write;xfs_file_buffered_write;iomap_file_buffered_write;iomap_write_begin;__filemap_get_folio;filemap_add_folio;__filemap_add_folio
0.25% do_syscall_64;__do_sys_brk;do_brk_flags;mas_preallocate;mas_alloc_nodes;kmem_cache_alloc_bulk
0.19% do_syscall_64;__x64_sys_execve;do_execveat_common.isra.0;bprm_execve;load_elf_binary;elf_map;vm_mmap_pgoff;ima_file_mmap;security_current_getsecid_subj;apparmor_current_getsecid_subj
0.08% do_syscall_64;__x64_sys_execve;do_execveat_common.isra.0;bprm_execve;load_elf_binary;begin_new_exec
0.04% do_syscall_64;ksys_read;vfs_read;xfs_file_read_iter;xfs_file_buffered_read;filemap_read;copy_page_to_iter;_copy_to_iter;copy_user_generic_string
0.01% do_syscall_64;ksys_read;vfs_read;xfs_file_read_iter;xfs_file_buffered_read;filemap_read;filemap_get_pages;folio_wait_bit_common;io_schedule;schedule;__schedule;finish_task_switch.isra.0;__perf_event_task_sched_in;__intel_pmu_enable_all.constprop.0;native_write_msr
     2.22%     0.00%  c2d      [kernel.kallsyms]     [k] asm_exc_page_fault
0.31% asm_exc_page_fault;irqentry_exit_to_user_mode;exit_to_user_mode_prepare;fpregs_assert_state_consistent
0.29% asm_exc_page_fault;exc_page_fault;do_user_addr_fault;handle_mm_fault;__handle_mm_fault;do_fault;filemap_map_pages;do_set_pte
0.29% asm_exc_page_fault;exc_page_fault;do_user_addr_fault;handle_mm_fault;__handle_mm_fault;do_fault;filemap_map_pages;next_uptodate_page
0.28% asm_exc_page_fault;exc_page_fault;do_user_addr_fault;handle_mm_fault;__handle_mm_fault;do_huge_pmd_wp_page;__split_huge_pmd
0.27% asm_exc_page_fault;exc_page_fault;do_user_addr_fault;handle_mm_fault;__handle_mm_fault;wp_page_copy;vma_alloc_folio;__folio_alloc;__alloc_pages;get_page_from_freelist;clear_page_rep
0.27% asm_exc_page_fault;exc_page_fault;do_user_addr_fault;lock_mm_and_find_vma;find_vma;mt_find
0.26% asm_exc_page_fault;exc_page_fault;do_user_addr_fault;handle_mm_fault;__handle_mm_fault;do_huge_pmd_wp_page;__split_huge_pmd;native_set_pte
0.25% asm_exc_page_fault;exc_page_fault;do_user_addr_fault;handle_mm_fault;__handle_mm_fault;do_fault;filemap_map_pages;do_set_pte;native_set_pte
     1.92%     0.00%  c2d      [kernel.kallsyms]     [k] exc_page_fault
0.29% exc_page_fault;do_user_addr_fault;handle_mm_fault;__handle_mm_fault;do_fault;filemap_map_pages;do_set_pte
0.29% exc_page_fault;do_user_addr_fault;handle_mm_fault;__handle_mm_fault;do_fault;filemap_map_pages;next_uptodate_page
0.28% exc_page_fault;do_user_addr_fault;handle_mm_fault;__handle_mm_fault;do_huge_pmd_wp_page;__split_huge_pmd
0.27% exc_page_fault;do_user_addr_fault;handle_mm_fault;__handle_mm_fault;wp_page_copy;vma_alloc_folio;__folio_alloc;__alloc_pages;get_page_from_freelist;clear_page_rep
0.27% exc_page_fault;do_user_addr_fault;lock_mm_and_find_vma;find_vma;mt_find
0.26% exc_page_fault;do_user_addr_fault;handle_mm_fault;__handle_mm_fault;do_huge_pmd_wp_page;__split_huge_pmd;native_set_pte
0.25% exc_page_fault;do_user_addr_fault;handle_mm_fault;__handle_mm_fault;do_fault;filemap_map_pages;do_set_pte;native_set_pte
     1.92%     0.00%  c2d      [kernel.kallsyms]     [k] do_user_addr_fault
0.29% do_user_addr_fault;handle_mm_fault;__handle_mm_fault;do_fault;filemap_map_pages;do_set_pte
0.29% do_user_addr_fault;handle_mm_fault;__handle_mm_fault;do_fault;filemap_map_pages;next_uptodate_page
0.28% do_user_addr_fault;handle_mm_fault;__handle_mm_fault;do_huge_pmd_wp_page;__split_huge_pmd
0.27% do_user_addr_fault;handle_mm_fault;__handle_mm_fault;wp_page_copy;vma_alloc_folio;__folio_alloc;__alloc_pages;get_page_from_freelist;clear_page_rep
0.27% do_user_addr_fault;lock_mm_and_find_vma;find_vma;mt_find
0.26% do_user_addr_fault;handle_mm_fault;__handle_mm_fault;do_huge_pmd_wp_page;__split_huge_pmd;native_set_pte
0.25% do_user_addr_fault;handle_mm_fault;__handle_mm_fault;do_fault;filemap_map_pages;do_set_pte;native_set_pte
     1.65%     0.00%  c2d      [kernel.kallsyms]     [k] handle_mm_fault
0.29% handle_mm_fault;__handle_mm_fault;do_fault;filemap_map_pages;do_set_pte
0.29% handle_mm_fault;__handle_mm_fault;do_fault;filemap_map_pages;next_uptodate_page
0.28% handle_mm_fault;__handle_mm_fault;do_huge_pmd_wp_page;__split_huge_pmd
0.27% handle_mm_fault;__handle_mm_fault;wp_page_copy;vma_alloc_folio;__folio_alloc;__alloc_pages;get_page_from_freelist;clear_page_rep
0.26% handle_mm_fault;__handle_mm_fault;do_huge_pmd_wp_page;__split_huge_pmd;native_set_pte
0.25% handle_mm_fault;__handle_mm_fault;do_fault;filemap_map_pages;do_set_pte;native_set_pte
     1.65%     0.00%  c2d      [kernel.kallsyms]     [k] __handle_mm_fault
0.29% __handle_mm_fault;do_fault;filemap_map_pages;do_set_pte
0.29% __handle_mm_fault;do_fault;filemap_map_pages;next_uptodate_page
0.28% __handle_mm_fault;do_huge_pmd_wp_page;__split_huge_pmd
0.27% __handle_mm_fault;wp_page_copy;vma_alloc_folio;__folio_alloc;__alloc_pages;get_page_from_freelist;clear_page_rep
0.26% __handle_mm_fault;do_huge_pmd_wp_page;__split_huge_pmd;native_set_pte
0.25% __handle_mm_fault;do_fault;filemap_map_pages;do_set_pte;native_set_pte
     1.40%     0.00%  c2d      [unknown]             [k] 0x00007f9da6db58a8
0.29% 0x7f9da6db58a8;0x7;0x7f9da6d8b211
0.29% 0x7f9da6db58a8;0x7f9da6d80170;0x6;0;0x7f9da6d8ba38
0.28% 0x7f9da6db58a8;0x7f9da6d8a075;0x7f9da6d89262;error_entry;sync_regs
0.27% 0x7f9da6db58a8;0x7f9da6d8a075;0x7f9da6da2ae3;entry_SYSCALL_64_after_hwframe;do_syscall_64;ksys_mmap_pgoff;vm_mmap_pgoff;do_mmap;mmap_region;perf_event_mmap;d_path;prepend_path
0.27% 0x7f9da6db58a8;0x7f9da6d8a1da;0x7f9da6da295d;entry_SYSCALL_64_after_hwframe;do_syscall_64;__x64_sys_openat;do_sys_openat2;do_filp_open;path_openat;do_dentry_open;ext4_file_open;fsverity_file_open
     1.36%     0.00%  c2d      c2d                   [.] compile_cnf
0.28% compile_cnf;compile_dt;compile_dt;compile_decomposed;lookup_or_compile_dt;compile_dt;compile_dt;compile_decomposed;lookup_or_compile_dt;compile_decomposed;lookup_or_compile_dt;insert_cnf_cache;add_cache_entry;asm_exc_page_fault;exc_page_fault;do_user_addr_fault;handle_mm_fault;__handle_mm_fault;do_huge_pmd_wp_page;__split_huge_pmd
0.28% compile_cnf;compile_dt;compile_dt;compile_decomposed;lookup_or_compile_dt;compile_dt;compile_dt;compile_decomposed;lookup_or_compile_dt;compile_decomposed;lookup_or_compile_dt;compile_dt;compile_dt;compile_decomposed;lookup_or_compile_dt;compile_dt;compile_dt;compile_decomposed;lookup_or_compile_dt;compile_decomposed;lookup_or_compile_dt;compile_decomposed;lookup_or_compile_dt;compile_dt;compile_dt;compile_decomposed;lookup_or_compile_dt;compile_decomposed;lookup_or_compile_dt;compile_decomposed;lookup_or_compile_dt;compile_decomposed;lookup_or_compile_dt;compile_decomposed;lookup_or_compile_dt;compile_decomposed;lookup_or_compile_dt;compile_decomposed;lookup_or_compile_dt;insert_cnf_cache;add_cache_entry;__irqentry_text_end
0.27% compile_cnf;compile_dt;compile_dt;compile_decomposed;lookup_or_compile_dt;compile_dt;compile_dt;compile_decomposed;lookup_or_compile_dt;compile_decomposed;lookup_or_compile_dt;compile_dt;compile_dt;compile_decomposed;lookup_or_compile_dt;compile_decomposed;lookup_or_compile_dt;compile_decomposed;lookup_or_compile_dt;compile_decomposed;lookup_or_compile_dt;compile_dt;compile_dt;compile_decomposed;lookup_or_compile_dt;compile_decomposed;lookup_or_compile_dt;compile_decomposed;lookup_or_compile_dt;insert_cnf_cache;add_cache_entry;asm_exc_page_fault;exc_page_fault;do_user_addr_fault;handle_mm_fault;__handle_mm_fault;wp_page_copy;vma_alloc_folio;__folio_alloc;__alloc_pages;get_page_from_freelist;clear_page_rep
0.27% compile_cnf;compile_dt;compile_dt;compile_decomposed;lookup_or_compile_dt;lookup_cnf_cache;asm_exc_page_fault;exc_page_fault;do_user_addr_fault;lock_mm_and_find_vma;find_vma;mt_find
0.26% compile_cnf;compile_dt;compile_dt;compile_decomposed;lookup_or_compile_dt;compile_decomposed;lookup_or_compile_dt;compile_decomposed;lookup_or_compile_dt;compile_decomposed;lookup_or_compile_dt;compile_decomposed;lookup_or_compile_dt;compile_decomposed;lookup_or_compile_dt;compile_decomposed;lookup_or_compile_dt;compile_dt;compile_dt;compile_decomposed;lookup_or_compile_dt;compile_dt;compile_dt;compile_decomposed;conjoin_relevant_lits;get_and_node;asm_exc_page_fault;exc_page_fault;do_user_addr_fault;handle_mm_fault;__handle_mm_fault;do_huge_pmd_wp_page;__split_huge_pmd;native_set_pte
     1.36%     0.00%  c2d      c2d                   [.] compile_dt
0.28% compile_dt;compile_dt;compile_decomposed;lookup_or_compile_dt;compile_dt;compile_dt;compile_decomposed;lookup_or_compile_dt;compile_decomposed;lookup_or_compile_dt;insert_cnf_cache;add_cache_entry;asm_exc_page_fault;exc_page_fault;do_user_addr_fault;handle_mm_fault;__handle_mm_fault;do_huge_pmd_wp_page;__split_huge_pmd
0.28% compile_dt;compile_dt;compile_decomposed;lookup_or_compile_dt;compile_dt;compile_dt;compile_decomposed;lookup_or_compile_dt;compile_decomposed;lookup_or_compile_dt;compile_dt;compile_dt;compile_decomposed;lookup_or_compile_dt;compile_dt;compile_dt;compile_decomposed;lookup_or_compile_dt;compile_decomposed;lookup_or_compile_dt;compile_decomposed;lookup_or_compile_dt;compile_dt;compile_dt;compile_decomposed;lookup_or_compile_dt;compile_decomposed;lookup_or_compile_dt;compile_decomposed;lookup_or_compile_dt;compile_decomposed;lookup_or_compile_dt;compile_decomposed;lookup_or_compile_dt;compile_decomposed;lookup_or_compile_dt;compile_decomposed;lookup_or_compile_dt;insert_cnf_cache;add_cache_entry;__irqentry_text_end
0.27% compile_dt;compile_dt;compile_decomposed;lookup_or_compile_dt;compile_dt;compile_dt;compile_decomposed;lookup_or_compile_dt;compile_decomposed;lookup_or_compile_dt;compile_dt;compile_dt;compile_decomposed;lookup_or_compile_dt;compile_decomposed;lookup_or_compile_dt;compile_decomposed;lookup_or_compile_dt;compile_decomposed;lookup_or_compile_dt;compile_dt;compile_dt;compile_decomposed;lookup_or_compile_dt;compile_decomposed;lookup_or_compile_dt;compile_decomposed;lookup_or_compile_dt;insert_cnf_cache;add_cache_entry;asm_exc_page_fault;exc_page_fault;do_user_addr_fault;handle_mm_fault;__handle_mm_fault;wp_page_copy;vma_alloc_folio;__folio_alloc;__alloc_pages;get_page_from_freelist;clear_page_rep
0.27% compile_dt;compile_dt;compile_decomposed;lookup_or_compile_dt;lookup_cnf_cache;asm_exc_page_fault;exc_page_fault;do_user_addr_fault;lock_mm_and_find_vma;find_vma;mt_find
0.26% compile_dt;compile_dt;compile_decomposed;lookup_or_compile_dt;compile_decomposed;lookup_or_compile_dt;compile_decomposed;lookup_or_compile_dt;compile_decomposed;lookup_or_compile_dt;compile_decomposed;lookup_or_compile_dt;compile_decomposed;lookup_or_compile_dt;compile_decomposed;lookup_or_compile_dt;compile_dt;compile_dt;compile_decomposed;lookup_or_compile_dt;compile_dt;compile_dt;compile_decomposed;conjoin_relevant_lits;get_and_node;asm_exc_page_fault;exc_page_fault;do_user_addr_fault;handle_mm_fault;__handle_mm_fault;do_huge_pmd_wp_page;__split_huge_pmd;native_set_pte
     1.36%     0.00%  c2d      c2d                   [.] compile_decomposed
0.28% compile_decomposed;lookup_or_compile_dt;compile_dt;compile_dt;compile_decomposed;lookup_or_compile_dt;compile_decomposed;lookup_or_compile_dt;insert_cnf_cache;add_cache_entry;asm_exc_page_fault;exc_page_fault;do_user_addr_fault;handle_mm_fault;__handle_mm_fault;do_huge_pmd_wp_page;__split_huge_pmd
0.28% compile_decomposed;lookup_or_compile_dt;compile_dt;compile_dt;compile_decomposed;lookup_or_compile_dt;compile_decomposed;lookup_or_compile_dt;compile_dt;compile_dt;compile_decomposed;lookup_or_compile_dt;compile_dt;compile_dt;compile_decomposed;lookup_or_compile_dt;compile_decomposed;lookup_or_compile_dt;compile_decomposed;lookup_or_compile_dt;compile_dt;compile_dt;compile_decomposed;lookup_or_compile_dt;compile_decomposed;lookup_or_compile_dt;compile_decomposed;lookup_or_compile_dt;compile_decomposed;lookup_or_compile_dt;compile_decomposed;lookup_or_compile_dt;compile_decomposed;lookup_or_compile_dt;compile_decomposed;lookup_or_compile_dt;insert_cnf_cache;add_cache_entry;__irqentry_text_end
0.27% compile_decomposed;lookup_or_compile_dt;compile_dt;compile_dt;compile_decomposed;lookup_or_compile_dt;compile_decomposed;lookup_or_compile_dt;compile_dt;compile_dt;compile_decomposed;lookup_or_compile_dt;compile_decomposed;lookup_or_compile_dt;compile_decomposed;lookup_or_compile_dt;compile_decomposed;lookup_or_compile_dt;compile_dt;compile_dt;compile_decomposed;lookup_or_compile_dt;compile_decomposed;lookup_or_compile_dt;compile_decomposed;lookup_or_compile_dt;insert_cnf_cache;add_cache_entry;asm_exc_page_fault;exc_page_fault;do_user_addr_fault;handle_mm_fault;__handle_mm_fault;wp_page_copy;vma_alloc_folio;__folio_alloc;__alloc_pages;get_page_from_freelist;clear_page_rep
0.27% compile_decomposed;lookup_or_compile_dt;lookup_cnf_cache;asm_exc_page_fault;exc_page_fault;do_user_addr_fault;lock_mm_and_find_vma;find_vma;mt_find
0.26% compile_decomposed;lookup_or_compile_dt;compile_decomposed;lookup_or_compile_dt;compile_decomposed;lookup_or_compile_dt;compile_decomposed;lookup_or_compile_dt;compile_decomposed;lookup_or_compile_dt;compile_decomposed;lookup_or_compile_dt;compile_decomposed;lookup_or_compile_dt;compile_dt;compile_dt;compile_decomposed;lookup_or_compile_dt;compile_dt;compile_dt;compile_decomposed;conjoin_relevant_lits;get_and_node;asm_exc_page_fault;exc_page_fault;do_user_addr_fault;handle_mm_fault;__handle_mm_fault;do_huge_pmd_wp_page;__split_huge_pmd;native_set_pte
     1.36%     0.00%  c2d      c2d                   [.] lookup_or_compile_dt
0.28% lookup_or_compile_dt;compile_dt;compile_dt;compile_decomposed;lookup_or_compile_dt;compile_decomposed;lookup_or_compile_dt;insert_cnf_cache;add_cache_entry;asm_exc_page_fault;exc_page_fault;do_user_addr_fault;handle_mm_fault;__handle_mm_fault;do_huge_pmd_wp_page;__split_huge_pmd
0.28% lookup_or_compile_dt;compile_dt;compile_dt;compile_decomposed;lookup_or_compile_dt;compile_decomposed;lookup_or_compile_dt;compile_dt;compile_dt;compile_decomposed;lookup_or_compile_dt;compile_dt;compile_dt;compile_decomposed;lookup_or_compile_dt;compile_decomposed;lookup_or_compile_dt;compile_decomposed;lookup_or_compile_dt;compile_dt;compile_dt;compile_decomposed;lookup_or_compile_dt;compile_decomposed;lookup_or_compile_dt;compile_decomposed;lookup_or_compile_dt;compile_decomposed;lookup_or_compile_dt;compile_decomposed;lookup_or_compile_dt;compile_decomposed;lookup_or_compile_dt;compile_decomposed;lookup_or_compile_dt;insert_cnf_cache;add_cache_entry;__irqentry_text_end
0.27% lookup_or_compile_dt;compile_dt;compile_dt;compile_decomposed;lookup_or_compile_dt;compile_decomposed;lookup_or_compile_dt;compile_dt;compile_dt;compile_decomposed;lookup_or_compile_dt;compile_decomposed;lookup_or_compile_dt;compile_decomposed;lookup_or_compile_dt;compile_decomposed;lookup_or_compile_dt;compile_dt;compile_dt;compile_decomposed;lookup_or_compile_dt;compile_decomposed;lookup_or_compile_dt;compile_decomposed;lookup_or_compile_dt;insert_cnf_cache;add_cache_entry;asm_exc_page_fault;exc_page_fault;do_user_addr_fault;handle_mm_fault;__handle_mm_fault;wp_page_copy;vma_alloc_folio;__folio_alloc;__alloc_pages;get_page_from_freelist;clear_page_rep
0.27% lookup_or_compile_dt;lookup_cnf_cache;asm_exc_page_fault;exc_page_fault;do_user_addr_fault;lock_mm_and_find_vma;find_vma;mt_find
0.26% lookup_or_compile_dt;compile_decomposed;lookup_or_compile_dt;compile_decomposed;lookup_or_compile_dt;compile_decomposed;lookup_or_compile_dt;compile_decomposed;lookup_or_compile_dt;compile_decomposed;lookup_or_compile_dt;compile_decomposed;lookup_or_compile_dt;compile_dt;compile_dt;compile_decomposed;lookup_or_compile_dt;compile_dt;compile_dt;compile_decomposed;conjoin_relevant_lits;get_and_node;asm_exc_page_fault;exc_page_fault;do_user_addr_fault;handle_mm_fault;__handle_mm_fault;do_huge_pmd_wp_page;__split_huge_pmd;native_set_pte
     1.33%     0.00%  c2d      [unknown]             [.] 0000000000000000
0.29% 0;0x7f9da6d8ba38
0.27% 0;0x7f9da68b6cab
0.26% 0;read;entry_SYSCALL_64_after_hwframe;do_syscall_64;ksys_read;vfs_read;xfs_file_read_iter;xfs_file_buffered_read;filemap_read;filemap_get_pages;page_cache_ra_order;read_pages;blk_finish_plug;__blk_flush_plug;blk_mq_flush_plug_list
0.24% 0;0x7f9da68b70c6
0.22% 0;0x7f9da68b6ca3
0.04% 0;read;entry_SYSCALL_64_after_hwframe;do_syscall_64;ksys_read;vfs_read;xfs_file_read_iter;xfs_file_buffered_read;filemap_read;copy_page_to_iter;_copy_to_iter;copy_user_generic_string
0.01% 0;read;entry_SYSCALL_64_after_hwframe;do_syscall_64;ksys_read;vfs_read;xfs_file_read_iter;xfs_file_buffered_read;filemap_read;filemap_get_pages;folio_wait_bit_common;io_schedule;schedule;__schedule;finish_task_switch.isra.0;__perf_event_task_sched_in;__intel_pmu_enable_all.constprop.0;native_write_msr
     0.91%     0.00%  c2d      [kernel.kallsyms]     [k] __x64_sys_exit_group
0.30% __x64_sys_exit_group;do_group_exit;do_exit;__mmput;exit_mmap;tlb_finish_mmu;tlb_batch_pages_flush;release_pages;free_unref_page_list
0.30% __x64_sys_exit_group;do_group_exit;do_exit;exit_mm_release;futex_exit_release;futex_cleanup
0.30% __x64_sys_exit_group;do_group_exit;do_exit;__mmput;exit_mmap;unmap_vmas;unmap_page_range;page_remove_rmap;PageHuge
     0.91%     0.00%  c2d      [kernel.kallsyms]     [k] do_group_exit
0.30% do_group_exit;do_exit;__mmput;exit_mmap;tlb_finish_mmu;tlb_batch_pages_flush;release_pages;free_unref_page_list
0.30% do_group_exit;do_exit;exit_mm_release;futex_exit_release;futex_cleanup
0.30% do_group_exit;do_exit;__mmput;exit_mmap;unmap_vmas;unmap_page_range;page_remove_rmap;PageHuge
     0.91%     0.00%  c2d      [kernel.kallsyms]     [k] do_exit
0.30% do_exit;__mmput;exit_mmap;tlb_finish_mmu;tlb_batch_pages_flush;release_pages;free_unref_page_list
0.30% do_exit;exit_mm_release;futex_exit_release;futex_cleanup
0.30% do_exit;__mmput;exit_mmap;unmap_vmas;unmap_page_range;page_remove_rmap;PageHuge
     0.84%     0.00%  c2d      [kernel.kallsyms]     [k] do_fault
0.29% do_fault;filemap_map_pages;do_set_pte
0.29% do_fault;filemap_map_pages;next_uptodate_page
0.25% do_fault;filemap_map_pages;do_set_pte;native_set_pte
     0.84%     0.00%  c2d      [kernel.kallsyms]     [k] filemap_map_pages
0.29% filemap_map_pages;do_set_pte
0.29% filemap_map_pages;next_uptodate_page
0.25% filemap_map_pages;do_set_pte;native_set_pte
     0.83%     0.00%  c2d      c2d                   [.] insert_cnf_cache
0.28% insert_cnf_cache;add_cache_entry;asm_exc_page_fault;exc_page_fault;do_user_addr_fault;handle_mm_fault;__handle_mm_fault;do_huge_pmd_wp_page;__split_huge_pmd
0.28% insert_cnf_cache;add_cache_entry;__irqentry_text_end
0.27% insert_cnf_cache;add_cache_entry;asm_exc_page_fault;exc_page_fault;do_user_addr_fault;handle_mm_fault;__handle_mm_fault;wp_page_copy;vma_alloc_folio;__folio_alloc;__alloc_pages;get_page_from_freelist;clear_page_rep
     0.83%     0.00%  c2d      c2d                   [.] add_cache_entry
0.28% add_cache_entry;asm_exc_page_fault;exc_page_fault;do_user_addr_fault;handle_mm_fault;__handle_mm_fault;do_huge_pmd_wp_page;__split_huge_pmd
0.28% add_cache_entry;__irqentry_text_end
0.27% add_cache_entry;asm_exc_page_fault;exc_page_fault;do_user_addr_fault;handle_mm_fault;__handle_mm_fault;wp_page_copy;vma_alloc_folio;__folio_alloc;__alloc_pages;get_page_from_freelist;clear_page_rep
     0.72%     0.00%  c2d      [kernel.kallsyms]     [k] vm_mmap_pgoff
0.27% vm_mmap_pgoff;do_mmap;mmap_region;perf_event_mmap;d_path;prepend_path
0.26% vm_mmap_pgoff;do_mmap
0.19% vm_mmap_pgoff;ima_file_mmap;security_current_getsecid_subj;apparmor_current_getsecid_subj
     0.61%     0.00%  c2d      [kernel.kallsyms]     [k] unmap_vmas
0.30% unmap_vmas;unmap_page_range;zap_huge_pmd;mod_lruvec_page_state.constprop.0;__mod_lruvec_page_state;__mod_memcg_lruvec_state;cgroup_rstat_updated
0.30% unmap_vmas;unmap_page_range;page_remove_rmap;PageHuge
     0.61%     0.00%  c2d      [kernel.kallsyms]     [k] unmap_page_range
0.30% unmap_page_range;zap_huge_pmd;mod_lruvec_page_state.constprop.0;__mod_lruvec_page_state;__mod_memcg_lruvec_state;cgroup_rstat_updated
0.30% unmap_page_range;page_remove_rmap;PageHuge
     0.61%     0.00%  c2d      [kernel.kallsyms]     [k] __mmput
0.30% __mmput;exit_mmap;tlb_finish_mmu;tlb_batch_pages_flush;release_pages;free_unref_page_list
0.30% __mmput;exit_mmap;unmap_vmas;unmap_page_range;page_remove_rmap;PageHuge
     0.61%     0.00%  c2d      [kernel.kallsyms]     [k] exit_mmap
0.30% exit_mmap;tlb_finish_mmu;tlb_batch_pages_flush;release_pages;free_unref_page_list
0.30% exit_mmap;unmap_vmas;unmap_page_range;page_remove_rmap;PageHuge
     0.58%     0.00%  c2d      [kernel.kallsyms]     [k] tlb_finish_mmu
0.30% tlb_finish_mmu;tlb_batch_pages_flush;release_pages;free_unref_page_list
0.28% tlb_finish_mmu;flush_tlb_mm_range;flush_tlb_func;native_flush_tlb_one_user
     0.56%     0.29%  c2d      [kernel.kallsyms]     [k] do_dentry_open
0.29% 0x656661735f656661;open64;entry_SYSCALL_64_after_hwframe;do_syscall_64;__x64_sys_openat;do_sys_openat2;do_filp_open;path_openat;do_dentry_open
0.27% do_dentry_open;ext4_file_open;fsverity_file_open
     0.56%     0.00%  c2d      [kernel.kallsyms]     [k] __x64_sys_openat
0.29% __x64_sys_openat;do_sys_openat2;do_filp_open;path_openat;do_dentry_open
0.27% __x64_sys_openat;do_sys_openat2;do_filp_open;path_openat;do_dentry_open;ext4_file_open;fsverity_file_open
     0.56%     0.00%  c2d      [kernel.kallsyms]     [k] do_sys_openat2
0.29% do_sys_openat2;do_filp_open;path_openat;do_dentry_open
0.27% do_sys_openat2;do_filp_open;path_openat;do_dentry_open;ext4_file_open;fsverity_file_open
     0.56%     0.00%  c2d      [kernel.kallsyms]     [k] do_filp_open
0.29% do_filp_open;path_openat;do_dentry_open
0.27% do_filp_open;path_openat;do_dentry_open;ext4_file_open;fsverity_file_open
     0.56%     0.00%  c2d      [kernel.kallsyms]     [k] path_openat
0.29% path_openat;do_dentry_open
0.27% path_openat;do_dentry_open;ext4_file_open;fsverity_file_open
     0.55%     0.00%  c2d      ld-linux-x86-64.so.2  [.] 0x00007f9da6d8a075
0.28% 0x7f9da6d8a075;0x7f9da6d89262;error_entry;sync_regs
0.27% 0x7f9da6d8a075;0x7f9da6da2ae3;entry_SYSCALL_64_after_hwframe;do_syscall_64;ksys_mmap_pgoff;vm_mmap_pgoff;do_mmap;mmap_region;perf_event_mmap;d_path;prepend_path
     0.54%     0.29%  c2d      [kernel.kallsyms]     [k] do_set_pte
0.29% 0x48fb89485300148e;std::__moneypunct_cache<wchar_t, false>::~__moneypunct_cache;0x1;std::__timepunct<wchar_t>::__timepunct;asm_exc_page_fault;exc_page_fault;do_user_addr_fault;handle_mm_fault;__handle_mm_fault;do_fault;filemap_map_pages;do_set_pte
0.25% do_set_pte;native_set_pte
     0.54%     0.28%  c2d      [kernel.kallsyms]     [k] __split_huge_pmd
0.28% 0x7f9da684624a;main;cnf2ddnnf_cmd_line;compile_cnf;compile_dt;compile_dt;compile_decomposed;lookup_or_compile_dt;compile_dt;compile_dt;compile_decomposed;lookup_or_compile_dt;compile_decomposed;lookup_or_compile_dt;insert_cnf_cache;add_cache_entry;asm_exc_page_fault;exc_page_fault;do_user_addr_fault;handle_mm_fault;__handle_mm_fault;do_huge_pmd_wp_page;__split_huge_pmd
0.26% __split_huge_pmd;native_set_pte
     0.54%     0.00%  c2d      [kernel.kallsyms]     [k] do_huge_pmd_wp_page
0.28% do_huge_pmd_wp_page;__split_huge_pmd
0.26% do_huge_pmd_wp_page;__split_huge_pmd;native_set_pte
     0.53%     0.26%  c2d      [kernel.kallsyms]     [k] do_mmap
0.27% do_mmap;mmap_region;perf_event_mmap;d_path;prepend_path
0.26% __mmap;entry_SYSCALL_64_after_hwframe;do_syscall_64;vm_mmap_pgoff;do_mmap
     0.51%     0.51%  c2d      [kernel.kallsyms]     [k] native_set_pte
0.26% 0x7f9da684624a;main;cnf2ddnnf_cmd_line;compile_cnf;compile_dt;compile_dt;compile_decomposed;lookup_or_compile_dt;compile_decomposed;lookup_or_compile_dt;compile_decomposed;lookup_or_compile_dt;compile_decomposed;lookup_or_compile_dt;compile_decomposed;lookup_or_compile_dt;compile_decomposed;lookup_or_compile_dt;compile_decomposed;lookup_or_compile_dt;compile_dt;compile_dt;compile_decomposed;lookup_or_compile_dt;compile_dt;compile_dt;compile_decomposed;conjoin_relevant_lits;get_and_node;asm_exc_page_fault;exc_page_fault;do_user_addr_fault;handle_mm_fault;__handle_mm_fault;do_huge_pmd_wp_page;__split_huge_pmd;native_set_pte
0.25% 0x7f9da6d9ca50;asm_exc_page_fault;exc_page_fault;do_user_addr_fault;handle_mm_fault;__handle_mm_fault;do_fault;filemap_map_pages;do_set_pte;native_set_pte
     0.32%     0.00%  c2d      libc.so.6             [.] read
0.26% read;entry_SYSCALL_64_after_hwframe;do_syscall_64;ksys_read;vfs_read;xfs_file_read_iter;xfs_file_buffered_read;filemap_read;filemap_get_pages;page_cache_ra_order;read_pages;blk_finish_plug;__blk_flush_plug;blk_mq_flush_plug_list
0.04% read;entry_SYSCALL_64_after_hwframe;do_syscall_64;ksys_read;vfs_read;xfs_file_read_iter;xfs_file_buffered_read;filemap_read;copy_page_to_iter;_copy_to_iter;copy_user_generic_string
0.01% read;entry_SYSCALL_64_after_hwframe;do_syscall_64;ksys_read;vfs_read;xfs_file_read_iter;xfs_file_buffered_read;filemap_read;filemap_get_pages;folio_wait_bit_common;io_schedule;schedule;__schedule;finish_task_switch.isra.0;__perf_event_task_sched_in;__intel_pmu_enable_all.constprop.0;native_write_msr
     0.32%     0.00%  c2d      [kernel.kallsyms]     [k] ksys_read
0.26% ksys_read;vfs_read;xfs_file_read_iter;xfs_file_buffered_read;filemap_read;filemap_get_pages;page_cache_ra_order;read_pages;blk_finish_plug;__blk_flush_plug;blk_mq_flush_plug_list
0.04% ksys_read;vfs_read;xfs_file_read_iter;xfs_file_buffered_read;filemap_read;copy_page_to_iter;_copy_to_iter;copy_user_generic_string
0.01% ksys_read;vfs_read;xfs_file_read_iter;xfs_file_buffered_read;filemap_read;filemap_get_pages;folio_wait_bit_common;io_schedule;schedule;__schedule;finish_task_switch.isra.0;__perf_event_task_sched_in;__intel_pmu_enable_all.constprop.0;native_write_msr
     0.32%     0.00%  c2d      [kernel.kallsyms]     [k] vfs_read
0.26% vfs_read;xfs_file_read_iter;xfs_file_buffered_read;filemap_read;filemap_get_pages;page_cache_ra_order;read_pages;blk_finish_plug;__blk_flush_plug;blk_mq_flush_plug_list
0.04% vfs_read;xfs_file_read_iter;xfs_file_buffered_read;filemap_read;copy_page_to_iter;_copy_to_iter;copy_user_generic_string
0.01% vfs_read;xfs_file_read_iter;xfs_file_buffered_read;filemap_read;filemap_get_pages;folio_wait_bit_common;io_schedule;schedule;__schedule;finish_task_switch.isra.0;__perf_event_task_sched_in;__intel_pmu_enable_all.constprop.0;native_write_msr
     0.32%     0.00%  c2d      [xfs]                 [k] xfs_file_read_iter
0.26% xfs_file_read_iter;xfs_file_buffered_read;filemap_read;filemap_get_pages;page_cache_ra_order;read_pages;blk_finish_plug;__blk_flush_plug;blk_mq_flush_plug_list
0.04% xfs_file_read_iter;xfs_file_buffered_read;filemap_read;copy_page_to_iter;_copy_to_iter;copy_user_generic_string
0.01% xfs_file_read_iter;xfs_file_buffered_read;filemap_read;filemap_get_pages;folio_wait_bit_common;io_schedule;schedule;__schedule;finish_task_switch.isra.0;__perf_event_task_sched_in;__intel_pmu_enable_all.constprop.0;native_write_msr
     0.32%     0.00%  c2d      [xfs]                 [k] xfs_file_buffered_read
0.26% xfs_file_buffered_read;filemap_read;filemap_get_pages;page_cache_ra_order;read_pages;blk_finish_plug;__blk_flush_plug;blk_mq_flush_plug_list
0.04% xfs_file_buffered_read;filemap_read;copy_page_to_iter;_copy_to_iter;copy_user_generic_string
0.01% xfs_file_buffered_read;filemap_read;filemap_get_pages;folio_wait_bit_common;io_schedule;schedule;__schedule;finish_task_switch.isra.0;__perf_event_task_sched_in;__intel_pmu_enable_all.constprop.0;native_write_msr
     0.32%     0.00%  c2d      [kernel.kallsyms]     [k] filemap_read
0.26% filemap_read;filemap_get_pages;page_cache_ra_order;read_pages;blk_finish_plug;__blk_flush_plug;blk_mq_flush_plug_list
0.04% filemap_read;copy_page_to_iter;_copy_to_iter;copy_user_generic_string
0.01% filemap_read;filemap_get_pages;folio_wait_bit_common;io_schedule;schedule;__schedule;finish_task_switch.isra.0;__perf_event_task_sched_in;__intel_pmu_enable_all.constprop.0;native_write_msr
     0.31%     0.31%  c2d      [kernel.kallsyms]     [k] fpregs_assert_state_consistent
0.31% 0x7f9da684624a;main;cnf2ddnnf_cmd_line;free_cache_manager;asm_exc_page_fault;irqentry_exit_to_user_mode;exit_to_user_mode_prepare;fpregs_assert_state_consistent
     0.31%     0.00%  c2d      [kernel.kallsyms]     [k] irqentry_exit_to_user_mode
0.31% irqentry_exit_to_user_mode;exit_to_user_mode_prepare;fpregs_assert_state_consistent
     0.31%     0.00%  c2d      [kernel.kallsyms]     [k] exit_to_user_mode_prepare
0.31% exit_to_user_mode_prepare;fpregs_assert_state_consistent
     0.30%     0.30%  c2d      [kernel.kallsyms]     [k] cgroup_rstat_updated
0.30% __munmap;entry_SYSCALL_64_after_hwframe;do_syscall_64;__x64_sys_munmap;__vm_munmap;do_mas_munmap;do_mas_align_munmap;unmap_region;unmap_vmas;unmap_page_range;zap_huge_pmd;mod_lruvec_page_state.constprop.0;__mod_lruvec_page_state;__mod_memcg_lruvec_state;cgroup_rstat_updated
     0.30%     0.00%  c2d      libc.so.6             [.] __munmap
0.30% __munmap;entry_SYSCALL_64_after_hwframe;do_syscall_64;__x64_sys_munmap;__vm_munmap;do_mas_munmap;do_mas_align_munmap;unmap_region;unmap_vmas;unmap_page_range;zap_huge_pmd;mod_lruvec_page_state.constprop.0;__mod_lruvec_page_state;__mod_memcg_lruvec_state;cgroup_rstat_updated
     0.30%     0.00%  c2d      [kernel.kallsyms]     [k] __x64_sys_munmap
0.30% __x64_sys_munmap;__vm_munmap;do_mas_munmap;do_mas_align_munmap;unmap_region;unmap_vmas;unmap_page_range;zap_huge_pmd;mod_lruvec_page_state.constprop.0;__mod_lruvec_page_state;__mod_memcg_lruvec_state;cgroup_rstat_updated
     0.30%     0.00%  c2d      [kernel.kallsyms]     [k] __vm_munmap
0.30% __vm_munmap;do_mas_munmap;do_mas_align_munmap;unmap_region;unmap_vmas;unmap_page_range;zap_huge_pmd;mod_lruvec_page_state.constprop.0;__mod_lruvec_page_state;__mod_memcg_lruvec_state;cgroup_rstat_updated
     0.30%     0.00%  c2d      [kernel.kallsyms]     [k] do_mas_munmap
0.30% do_mas_munmap;do_mas_align_munmap;unmap_region;unmap_vmas;unmap_page_range;zap_huge_pmd;mod_lruvec_page_state.constprop.0;__mod_lruvec_page_state;__mod_memcg_lruvec_state;cgroup_rstat_updated
     0.30%     0.00%  c2d      [kernel.kallsyms]     [k] do_mas_align_munmap
0.30% do_mas_align_munmap;unmap_region;unmap_vmas;unmap_page_range;zap_huge_pmd;mod_lruvec_page_state.constprop.0;__mod_lruvec_page_state;__mod_memcg_lruvec_state;cgroup_rstat_updated
     0.30%     0.00%  c2d      [kernel.kallsyms]     [k] unmap_region
0.30% unmap_region;unmap_vmas;unmap_page_range;zap_huge_pmd;mod_lruvec_page_state.constprop.0;__mod_lruvec_page_state;__mod_memcg_lruvec_state;cgroup_rstat_updated
     0.30%     0.00%  c2d      [kernel.kallsyms]     [k] zap_huge_pmd
0.30% zap_huge_pmd;mod_lruvec_page_state.constprop.0;__mod_lruvec_page_state;__mod_memcg_lruvec_state;cgroup_rstat_updated
     0.30%     0.00%  c2d      [kernel.kallsyms]     [k] mod_lruvec_page_state.constprop.0
0.30% mod_lruvec_page_state.constprop.0;__mod_lruvec_page_state;__mod_memcg_lruvec_state;cgroup_rstat_updated
     0.30%     0.00%  c2d      [kernel.kallsyms]     [k] __mod_lruvec_page_state
0.30% __mod_lruvec_page_state;__mod_memcg_lruvec_state;cgroup_rstat_updated
     0.30%     0.00%  c2d      [kernel.kallsyms]     [k] __mod_memcg_lruvec_state
0.30% __mod_memcg_lruvec_state;cgroup_rstat_updated
     0.30%     0.30%  c2d      [kernel.kallsyms]     [k] free_unref_page_list
0.30% entry_SYSCALL_64_after_hwframe;do_syscall_64;__x64_sys_exit_group;do_group_exit;do_exit;__mmput;exit_mmap;tlb_finish_mmu;tlb_batch_pages_flush;release_pages;free_unref_page_list
     0.30%     0.00%  c2d      [kernel.kallsyms]     [k] tlb_batch_pages_flush
0.30% tlb_batch_pages_flush;release_pages;free_unref_page_list
     0.30%     0.00%  c2d      [kernel.kallsyms]     [k] release_pages
0.30% release_pages;free_unref_page_list
     0.30%     0.30%  c2d      [kernel.kallsyms]     [k] futex_cleanup
0.30% _exit;entry_SYSCALL_64_after_hwframe;do_syscall_64;__x64_sys_exit_group;do_group_exit;do_exit;exit_mm_release;futex_exit_release;futex_cleanup
     0.30%     0.00%  c2d      libc.so.6             [.] _exit
0.30% _exit;entry_SYSCALL_64_after_hwframe;do_syscall_64;__x64_sys_exit_group;do_group_exit;do_exit;exit_mm_release;futex_exit_release;futex_cleanup
     0.30%     0.00%  c2d      [kernel.kallsyms]     [k] exit_mm_release
0.30% exit_mm_release;futex_exit_release;futex_cleanup
     0.30%     0.00%  c2d      [kernel.kallsyms]     [k] futex_exit_release
0.30% futex_exit_release;futex_cleanup
     0.30%     0.30%  c2d      [kernel.kallsyms]     [k] page_remove_rmap
0.30% entry_SYSCALL_64_after_hwframe;do_syscall_64;__x64_sys_exit_group;do_group_exit;do_exit;__mmput;exit_mmap;unmap_vmas;unmap_page_range;page_remove_rmap;PageHuge
     0.30%     0.00%  c2d      [kernel.kallsyms]     [k] PageHuge
0.30% PageHuge
     0.30%     0.30%  c2d      c2d                   [.] free_cnf_manager
0.30% 0x7f9da684624a;main;cnf2ddnnf_cmd_line;free_cnf_manager
     0.29%     0.00%  c2d      [unknown]             [k] 0x656661735f656661
0.29% 0x656661735f656661;open64;entry_SYSCALL_64_after_hwframe;do_syscall_64;__x64_sys_openat;do_sys_openat2;do_filp_open;path_openat;do_dentry_open
     0.29%     0.00%  c2d      libc.so.6             [.] open64
0.29% open64;entry_SYSCALL_64_after_hwframe;do_syscall_64;__x64_sys_openat;do_sys_openat2;do_filp_open;path_openat;do_dentry_open
     0.29%     0.00%  c2d      [unknown]             [k] 0x48fb89485300148e
0.29% 0x48fb89485300148e;std::__moneypunct_cache<wchar_t, false>::~__moneypunct_cache;0x1;std::__timepunct<wchar_t>::__timepunct;asm_exc_page_fault;exc_page_fault;do_user_addr_fault;handle_mm_fault;__handle_mm_fault;do_fault;filemap_map_pages;do_set_pte
     0.29%     0.00%  c2d      libstdc++.so.6.0.30   [.] std::__moneypunct_cache<wchar_t, false>::~__moneypunct_cache
0.29% std::__moneypunct_cache<wchar_t, false>::~__moneypunct_cache;0x1;std::__timepunct<wchar_t>::__timepunct;asm_exc_page_fault;exc_page_fault;do_user_addr_fault;handle_mm_fault;__handle_mm_fault;do_fault;filemap_map_pages;do_set_pte
     0.29%     0.00%  c2d      [unknown]             [.] 0x0000000000000001
0.29% 0x1;std::__timepunct<wchar_t>::__timepunct;asm_exc_page_fault;exc_page_fault;do_user_addr_fault;handle_mm_fault;__handle_mm_fault;do_fault;filemap_map_pages;do_set_pte
     0.29%     0.00%  c2d      libstdc++.so.6.0.30   [.] std::__timepunct<wchar_t>::__timepunct
0.29% std::__timepunct<wchar_t>::__timepunct;asm_exc_page_fault;exc_page_fault;do_user_addr_fault;handle_mm_fault;__handle_mm_fault;do_fault;filemap_map_pages;do_set_pte
     0.29%     0.29%  c2d      [kernel.kallsyms]     [k] next_uptodate_page
0.29% 0x7f9da69279b0;asm_exc_page_fault;exc_page_fault;do_user_addr_fault;handle_mm_fault;__handle_mm_fault;do_fault;filemap_map_pages;next_uptodate_page
     0.29%     0.00%  c2d      libc.so.6             [.] 0x00007f9da69279b0
0.29% 0x7f9da69279b0;asm_exc_page_fault;exc_page_fault;do_user_addr_fault;handle_mm_fault;__handle_mm_fault;do_fault;filemap_map_pages;next_uptodate_page
     0.29%     0.29%  c2d      ld-linux-x86-64.so.2  [.] 0x000000000000920e
0.29% 0x7f9da6db58a8;0x7;0x7f9da6d8b211
     0.29%     0.00%  c2d      [unknown]             [.] 0x0000000000000007
0.29% 0x7;0x7f9da6d8b211
     0.29%     0.00%  c2d      ld-linux-x86-64.so.2  [.] 0x00007f9da6d8b211
0.29% 0x7f9da6d8b211
     0.29%     0.29%  c2d      ld-linux-x86-64.so.2  [.] 0x0000000000008dea
0.29% 0x7f9da6d8aded
     0.29%     0.00%  c2d      ld-linux-x86-64.so.2  [.] 0x00007f9da6d8aded
0.29% 0x7f9da6d8aded
     0.29%     0.29%  c2d      ld-linux-x86-64.so.2  [.] 0x0000000000009a36
0.29% 0x7f9da6db58a8;0x7f9da6d80170;0x6;0;0x7f9da6d8ba38
     0.29%     0.00%  c2d      [unknown]             [.] 0x00007f9da6d80170
0.29% 0x7f9da6d80170;0x6;0;0x7f9da6d8ba38
     0.29%     0.00%  c2d      [unknown]             [.] 0x0000000000000006
0.29% 0x6;0;0x7f9da6d8ba38
     0.29%     0.00%  c2d      ld-linux-x86-64.so.2  [.] 0x00007f9da6d8ba38
0.29% 0x7f9da6d8ba38
     0.28%     0.28%  c2d      ld-linux-x86-64.so.2  [.] 0x00000000000099f2
0.28% 0x19a574;0x7f9da6a7a758;0x7f9da6d8b9f6
     0.28%     0.00%  c2d      [unknown]             [.] 0x000000000019a574
0.28% 0x19a574;0x7f9da6a7a758;0x7f9da6d8b9f6
     0.28%     0.00%  c2d      [unknown]             [.] 0x00007f9da6a7a758
0.28% 0x7f9da6a7a758;0x7f9da6d8b9f6
     0.28%     0.00%  c2d      ld-linux-x86-64.so.2  [.] 0x00007f9da6d8b9f6
0.28% 0x7f9da6d8b9f6
     0.28%     0.28%  c2d      [kernel.kallsyms]     [k] native_flush_tlb_one_user
0.28% 0x7f9da6d9ca58;0x7f9da6d9c22f;0x7f9da6d9fc99;0x7f9da6da2b47;entry_SYSCALL_64_after_hwframe;do_syscall_64;__x64_sys_mprotect;do_mprotect_pkey;tlb_finish_mmu;flush_tlb_mm_range;flush_tlb_func;native_flush_tlb_one_user
     0.28%     0.00%  c2d      ld-linux-x86-64.so.2  [.] 0x00007f9da6d9ca58
0.28% 0x7f9da6d9ca58;0x7f9da6d9c22f;0x7f9da6d9fc99;0x7f9da6da2b47;entry_SYSCALL_64_after_hwframe;do_syscall_64;__x64_sys_mprotect;do_mprotect_pkey;tlb_finish_mmu;flush_tlb_mm_range;flush_tlb_func;native_flush_tlb_one_user
     0.28%     0.00%  c2d      ld-linux-x86-64.so.2  [.] 0x00007f9da6d9c22f
0.28% 0x7f9da6d9c22f;0x7f9da6d9fc99;0x7f9da6da2b47;entry_SYSCALL_64_after_hwframe;do_syscall_64;__x64_sys_mprotect;do_mprotect_pkey;tlb_finish_mmu;flush_tlb_mm_range;flush_tlb_func;native_flush_tlb_one_user
     0.28%     0.00%  c2d      ld-linux-x86-64.so.2  [.] 0x00007f9da6d9fc99
0.28% 0x7f9da6d9fc99;0x7f9da6da2b47;entry_SYSCALL_64_after_hwframe;do_syscall_64;__x64_sys_mprotect;do_mprotect_pkey;tlb_finish_mmu;flush_tlb_mm_range;flush_tlb_func;native_flush_tlb_one_user
     0.28%     0.00%  c2d      ld-linux-x86-64.so.2  [.] 0x00007f9da6da2b47
0.28% 0x7f9da6da2b47;entry_SYSCALL_64_after_hwframe;do_syscall_64;__x64_sys_mprotect;do_mprotect_pkey;tlb_finish_mmu;flush_tlb_mm_range;flush_tlb_func;native_flush_tlb_one_user
     0.28%     0.00%  c2d      [kernel.kallsyms]     [k] __x64_sys_mprotect
0.28% __x64_sys_mprotect;do_mprotect_pkey;tlb_finish_mmu;flush_tlb_mm_range;flush_tlb_func;native_flush_tlb_one_user
     0.28%     0.00%  c2d      [kernel.kallsyms]     [k] do_mprotect_pkey
0.28% do_mprotect_pkey;tlb_finish_mmu;flush_tlb_mm_range;flush_tlb_func;native_flush_tlb_one_user
     0.28%     0.00%  c2d      [kernel.kallsyms]     [k] flush_tlb_mm_range
0.28% flush_tlb_mm_range;flush_tlb_func;native_flush_tlb_one_user
     0.28%     0.00%  c2d      [kernel.kallsyms]     [k] flush_tlb_func
0.28% flush_tlb_func;native_flush_tlb_one_user
     0.28%     0.28%  c2d      [kernel.kallsyms]     [k] sync_regs
0.28% 0x7f9da6db58a8;0x7f9da6d8a075;0x7f9da6d89262;error_entry;sync_regs
     0.28%     0.00%  c2d      ld-linux-x86-64.so.2  [.] 0x00007f9da6d89262
0.28% 0x7f9da6d89262;error_entry;sync_regs
     0.28%     0.00%  c2d      [kernel.kallsyms]     [k] error_entry
0.28% error_entry;sync_regs
     0.28%     0.28%  c2d      [kernel.kallsyms]     [k] __irqentry_text_end
0.28% 0x7f9da684624a;main;cnf2ddnnf_cmd_line;compile_cnf;compile_dt;compile_dt;compile_decomposed;lookup_or_compile_dt;compile_dt;compile_dt;compile_decomposed;lookup_or_compile_dt;compile_decomposed;lookup_or_compile_dt;compile_dt;compile_dt;compile_decomposed;lookup_or_compile_dt;compile_dt;compile_dt;compile_decomposed;lookup_or_compile_dt;compile_decomposed;lookup_or_compile_dt;compile_decomposed;lookup_or_compile_dt;compile_dt;compile_dt;compile_decomposed;lookup_or_compile_dt;compile_decomposed;lookup_or_compile_dt;compile_decomposed;lookup_or_compile_dt;compile_decomposed;lookup_or_compile_dt;compile_decomposed;lookup_or_compile_dt;compile_decomposed;lookup_or_compile_dt;compile_decomposed;lookup_or_compile_dt;insert_cnf_cache;add_cache_entry;__irqentry_text_end
     0.28%     0.00%  c2d      [kernel.kallsyms]     [k] filemap_get_pages
0.26% filemap_get_pages;page_cache_ra_order;read_pages;blk_finish_plug;__blk_flush_plug;blk_mq_flush_plug_list
0.01% filemap_get_pages;folio_wait_bit_common;io_schedule;schedule;__schedule;finish_task_switch.isra.0;__perf_event_task_sched_in;__intel_pmu_enable_all.constprop.0;native_write_msr
     0.27%     0.27%  c2d      [kernel.kallsyms]     [k] prepend_path
0.27% 0x7f9da6db58a8;0x7f9da6d8a075;0x7f9da6da2ae3;entry_SYSCALL_64_after_hwframe;do_syscall_64;ksys_mmap_pgoff;vm_mmap_pgoff;do_mmap;mmap_region;perf_event_mmap;d_path;prepend_path
     0.27%     0.00%  c2d      ld-linux-x86-64.so.2  [.] 0x00007f9da6da2ae3
0.27% 0x7f9da6da2ae3;entry_SYSCALL_64_after_hwframe;do_syscall_64;ksys_mmap_pgoff;vm_mmap_pgoff;do_mmap;mmap_region;perf_event_mmap;d_path;prepend_path
     0.27%     0.00%  c2d      [kernel.kallsyms]     [k] ksys_mmap_pgoff
0.27% ksys_mmap_pgoff;vm_mmap_pgoff;do_mmap;mmap_region;perf_event_mmap;d_path;prepend_path
     0.27%     0.00%  c2d      [kernel.kallsyms]     [k] mmap_region
0.27% mmap_region;perf_event_mmap;d_path;prepend_path
     0.27%     0.00%  c2d      [kernel.kallsyms]     [k] perf_event_mmap
0.27% perf_event_mmap;d_path;prepend_path
     0.27%     0.00%  c2d      [kernel.kallsyms]     [k] d_path
0.27% d_path;prepend_path
     0.27%     0.27%  c2d      [kernel.kallsyms]     [k] clear_page_rep
0.27% 0x7f9da684624a;main;cnf2ddnnf_cmd_line;compile_cnf;compile_dt;compile_dt;compile_decomposed;lookup_or_compile_dt;compile_dt;compile_dt;compile_decomposed;lookup_or_compile_dt;compile_decomposed;lookup_or_compile_dt;compile_dt;compile_dt;compile_decomposed;lookup_or_compile_dt;compile_decomposed;lookup_or_compile_dt;compile_decomposed;lookup_or_compile_dt;compile_decomposed;lookup_or_compile_dt;compile_dt;compile_dt;compile_decomposed;lookup_or_compile_dt;compile_decomposed;lookup_or_compile_dt;compile_decomposed;lookup_or_compile_dt;insert_cnf_cache;add_cache_entry;asm_exc_page_fault;exc_page_fault;do_user_addr_fault;handle_mm_fault;__handle_mm_fault;wp_page_copy;vma_alloc_folio;__folio_alloc;__alloc_pages;get_page_from_freelist;clear_page_rep
     0.27%     0.00%  c2d      [kernel.kallsyms]     [k] wp_page_copy
0.27% wp_page_copy;vma_alloc_folio;__folio_alloc;__alloc_pages;get_page_from_freelist;clear_page_rep
     0.27%     0.00%  c2d      [kernel.kallsyms]     [k] vma_alloc_folio
0.27% vma_alloc_folio;__folio_alloc;__alloc_pages;get_page_from_freelist;clear_page_rep
     0.27%     0.00%  c2d      [kernel.kallsyms]     [k] __folio_alloc
0.27% __folio_alloc;__alloc_pages;get_page_from_freelist;clear_page_rep
     0.27%     0.00%  c2d      [kernel.kallsyms]     [k] __alloc_pages
0.27% __alloc_pages;get_page_from_freelist;clear_page_rep
     0.27%     0.00%  c2d      [kernel.kallsyms]     [k] get_page_from_freelist
0.27% get_page_from_freelist;clear_page_rep
     0.27%     0.00%  c2d      [unknown]             [k] 0x00007faf5fc92a97
0.19% 0x7faf5fc92a97;entry_SYSCALL_64_after_hwframe;do_syscall_64;__x64_sys_execve;do_execveat_common.isra.0;bprm_execve;load_elf_binary;elf_map;vm_mmap_pgoff;ima_file_mmap;security_current_getsecid_subj;apparmor_current_getsecid_subj
0.08% 0x7faf5fc92a97;entry_SYSCALL_64_after_hwframe;do_syscall_64;__x64_sys_execve;do_execveat_common.isra.0;bprm_execve;load_elf_binary;begin_new_exec
     0.27%     0.00%  c2d      [kernel.kallsyms]     [k] __x64_sys_execve
0.19% __x64_sys_execve;do_execveat_common.isra.0;bprm_execve;load_elf_binary;elf_map;vm_mmap_pgoff;ima_file_mmap;security_current_getsecid_subj;apparmor_current_getsecid_subj
0.08% __x64_sys_execve;do_execveat_common.isra.0;bprm_execve;load_elf_binary;begin_new_exec
     0.27%     0.00%  c2d      [kernel.kallsyms]     [k] do_execveat_common.isra.0
0.19% do_execveat_common.isra.0;bprm_execve;load_elf_binary;elf_map;vm_mmap_pgoff;ima_file_mmap;security_current_getsecid_subj;apparmor_current_getsecid_subj
0.08% do_execveat_common.isra.0;bprm_execve;load_elf_binary;begin_new_exec
     0.27%     0.00%  c2d      [kernel.kallsyms]     [k] bprm_execve
0.19% bprm_execve;load_elf_binary;elf_map;vm_mmap_pgoff;ima_file_mmap;security_current_getsecid_subj;apparmor_current_getsecid_subj
0.08% bprm_execve;load_elf_binary;begin_new_exec
     0.27%     0.00%  c2d      [kernel.kallsyms]     [k] load_elf_binary
0.19% load_elf_binary;elf_map;vm_mmap_pgoff;ima_file_mmap;security_current_getsecid_subj;apparmor_current_getsecid_subj
0.08% load_elf_binary;begin_new_exec
     0.27%     0.27%  c2d      libc.so.6             [.] 0x0000000000097c93
0.27% 0;0x7f9da68b6cab
     0.27%     0.00%  c2d      libc.so.6             [.] 0x00007f9da68b6cab
0.27% 0x7f9da68b6cab
     0.27%     0.27%  c2d      [kernel.kallsyms]     [k] fsverity_file_open
0.27% 0x7f9da6db58a8;0x7f9da6d8a1da;0x7f9da6da295d;entry_SYSCALL_64_after_hwframe;do_syscall_64;__x64_sys_openat;do_sys_openat2;do_filp_open;path_openat;do_dentry_open;ext4_file_open;fsverity_file_open
     0.27%     0.00%  c2d      ld-linux-x86-64.so.2  [.] 0x00007f9da6d8a1da
0.27% 0x7f9da6d8a1da;0x7f9da6da295d;entry_SYSCALL_64_after_hwframe;do_syscall_64;__x64_sys_openat;do_sys_openat2;do_filp_open;path_openat;do_dentry_open;ext4_file_open;fsverity_file_open
     0.27%     0.00%  c2d      ld-linux-x86-64.so.2  [.] 0x00007f9da6da295d
0.27% 0x7f9da6da295d;entry_SYSCALL_64_after_hwframe;do_syscall_64;__x64_sys_openat;do_sys_openat2;do_filp_open;path_openat;do_dentry_open;ext4_file_open;fsverity_file_open
     0.27%     0.00%  c2d      [ext4]                [k] ext4_file_open
0.27% ext4_file_open;fsverity_file_open
     0.27%     0.27%  c2d      [kernel.kallsyms]     [k] mt_find
0.27% 0x7f9da684624a;main;cnf2ddnnf_cmd_line;compile_cnf;compile_dt;compile_dt;compile_decomposed;lookup_or_compile_dt;lookup_cnf_cache;asm_exc_page_fault;exc_page_fault;do_user_addr_fault;lock_mm_and_find_vma;find_vma;mt_find
     0.27%     0.00%  c2d      c2d                   [.] lookup_cnf_cache
0.27% lookup_cnf_cache;asm_exc_page_fault;exc_page_fault;do_user_addr_fault;lock_mm_and_find_vma;find_vma;mt_find
     0.27%     0.00%  c2d      [kernel.kallsyms]     [k] lock_mm_and_find_vma
0.27% lock_mm_and_find_vma;find_vma;mt_find
     0.27%     0.00%  c2d      [kernel.kallsyms]     [k] find_vma
0.27% find_vma;mt_find
     0.26%     0.26%  c2d      [kernel.kallsyms]     [k] __blk_flush_plug
0.26% 0;read;entry_SYSCALL_64_after_hwframe;do_syscall_64;ksys_read;vfs_read;xfs_file_read_iter;xfs_file_buffered_read;filemap_read;filemap_get_pages;page_cache_ra_order;read_pages;blk_finish_plug;__blk_flush_plug;blk_mq_flush_plug_list
     0.26%     0.00%  c2d      [kernel.kallsyms]     [k] page_cache_ra_order
0.26% page_cache_ra_order;read_pages;blk_finish_plug;__blk_flush_plug;blk_mq_flush_plug_list
     0.26%     0.00%  c2d      [kernel.kallsyms]     [k] read_pages
0.26% read_pages;blk_finish_plug;__blk_flush_plug;blk_mq_flush_plug_list
     0.26%     0.00%  c2d      [kernel.kallsyms]     [k] blk_finish_plug
0.26% blk_finish_plug;__blk_flush_plug;blk_mq_flush_plug_list
     0.26%     0.00%  c2d      [kernel.kallsyms]     [k] blk_mq_flush_plug_list
0.26% blk_mq_flush_plug_list
     0.26%     0.00%  c2d      c2d                   [.] conjoin_relevant_lits
0.26% conjoin_relevant_lits;get_and_node;asm_exc_page_fault;exc_page_fault;do_user_addr_fault;handle_mm_fault;__handle_mm_fault;do_huge_pmd_wp_page;__split_huge_pmd;native_set_pte
     0.26%     0.00%  c2d      c2d                   [.] get_and_node
0.26% get_and_node;asm_exc_page_fault;exc_page_fault;do_user_addr_fault;handle_mm_fault;__handle_mm_fault;do_huge_pmd_wp_page;__split_huge_pmd;native_set_pte
     0.26%     0.00%  c2d      libc.so.6             [.] __mmap
0.26% __mmap;entry_SYSCALL_64_after_hwframe;do_syscall_64;vm_mmap_pgoff;do_mmap
     0.25%     0.25%  c2d      [kernel.kallsyms]     [k] __filemap_add_folio
0.25% 0x72656c69706d6f63;write;entry_SYSCALL_64_after_hwframe;do_syscall_64;ksys_write;vfs_write;xfs_file_buffered_write;iomap_file_buffered_write;iomap_write_begin;__filemap_get_folio;filemap_add_folio;__filemap_add_folio
     0.25%     0.00%  c2d      [unknown]             [k] 0x72656c69706d6f63
0.25% 0x72656c69706d6f63;write;entry_SYSCALL_64_after_hwframe;do_syscall_64;ksys_write;vfs_write;xfs_file_buffered_write;iomap_file_buffered_write;iomap_write_begin;__filemap_get_folio;filemap_add_folio;__filemap_add_folio
     0.25%     0.00%  c2d      libc.so.6             [.] write
0.25% write;entry_SYSCALL_64_after_hwframe;do_syscall_64;ksys_write;vfs_write;xfs_file_buffered_write;iomap_file_buffered_write;iomap_write_begin;__filemap_get_folio;filemap_add_folio;__filemap_add_folio
     0.25%     0.00%  c2d      [kernel.kallsyms]     [k] ksys_write
0.25% ksys_write;vfs_write;xfs_file_buffered_write;iomap_file_buffered_write;iomap_write_begin;__filemap_get_folio;filemap_add_folio;__filemap_add_folio
     0.25%     0.00%  c2d      [kernel.kallsyms]     [k] vfs_write
0.25% vfs_write;xfs_file_buffered_write;iomap_file_buffered_write;iomap_write_begin;__filemap_get_folio;filemap_add_folio;__filemap_add_folio
     0.25%     0.00%  c2d      [xfs]                 [k] xfs_file_buffered_write
0.25% xfs_file_buffered_write;iomap_file_buffered_write;iomap_write_begin;__filemap_get_folio;filemap_add_folio;__filemap_add_folio
     0.25%     0.00%  c2d      [kernel.kallsyms]     [k] iomap_file_buffered_write
0.25% iomap_file_buffered_write;iomap_write_begin;__filemap_get_folio;filemap_add_folio;__filemap_add_folio
     0.25%     0.00%  c2d      [kernel.kallsyms]     [k] iomap_write_begin
0.25% iomap_write_begin;__filemap_get_folio;filemap_add_folio;__filemap_add_folio
     0.25%     0.00%  c2d      [kernel.kallsyms]     [k] __filemap_get_folio
0.25% __filemap_get_folio;filemap_add_folio;__filemap_add_folio
     0.25%     0.00%  c2d      [kernel.kallsyms]     [k] filemap_add_folio
0.25% filemap_add_folio;__filemap_add_folio
     0.25%     0.00%  c2d      ld-linux-x86-64.so.2  [.] 0x00007f9da6d9ca50
0.25% 0x7f9da6d9ca50;asm_exc_page_fault;exc_page_fault;do_user_addr_fault;handle_mm_fault;__handle_mm_fault;do_fault;filemap_map_pages;do_set_pte;native_set_pte
     0.25%     0.25%  c2d      [kernel.kallsyms]     [k] kmem_cache_alloc_bulk
0.25% brk;entry_SYSCALL_64_after_hwframe;do_syscall_64;__do_sys_brk;do_brk_flags;mas_preallocate;mas_alloc_nodes;kmem_cache_alloc_bulk
     0.25%     0.00%  c2d      libc.so.6             [.] brk
0.25% brk;entry_SYSCALL_64_after_hwframe;do_syscall_64;__do_sys_brk;do_brk_flags;mas_preallocate;mas_alloc_nodes;kmem_cache_alloc_bulk
     0.25%     0.00%  c2d      [kernel.kallsyms]     [k] __do_sys_brk
0.25% __do_sys_brk;do_brk_flags;mas_preallocate;mas_alloc_nodes;kmem_cache_alloc_bulk
     0.25%     0.00%  c2d      [kernel.kallsyms]     [k] do_brk_flags
0.25% do_brk_flags;mas_preallocate;mas_alloc_nodes;kmem_cache_alloc_bulk
     0.25%     0.00%  c2d      [kernel.kallsyms]     [k] mas_preallocate
0.25% mas_preallocate;mas_alloc_nodes;kmem_cache_alloc_bulk
     0.25%     0.00%  c2d      [kernel.kallsyms]     [k] mas_alloc_nodes
0.25% mas_alloc_nodes;kmem_cache_alloc_bulk
     0.24%     0.24%  c2d      libc.so.6             [.] 0x00000000000980c3
0.24% 0;0x7f9da68b70c6
     0.24%     0.00%  c2d      libc.so.6             [.] 0x00007f9da68b70c6
0.24% 0x7f9da68b70c6
     0.24%     0.24%  c2d      c2d                   [.] edges_minus
0.24% 0x7f9da684624a;main;cnf2ddnnf_cmd_line;load_hdtree_from_file;dtree_skeleton2hdtree;initialize_hdtree;initialize_hdtree;initialize_hdtree;initialize_hdtree;initialize_hdtree;initialize_hdtree;initialize_hdtree;initialize_hdtree;initialize_hdtree;initialize_hdtree;initialize_hdtree;initialize_hdtree;initialize_hdtree;initialize_hdtree;initialize_hdtree;initialize_hdtree;initialize_hdtree;initialize_hdtree;initialize_hdtree;edges_minus
     0.24%     0.00%  c2d      c2d                   [.] load_hdtree_from_file
0.24% load_hdtree_from_file;dtree_skeleton2hdtree;initialize_hdtree;initialize_hdtree;initialize_hdtree;initialize_hdtree;initialize_hdtree;initialize_hdtree;initialize_hdtree;initialize_hdtree;initialize_hdtree;initialize_hdtree;initialize_hdtree;initialize_hdtree;initialize_hdtree;initialize_hdtree;initialize_hdtree;initialize_hdtree;initialize_hdtree;initialize_hdtree;initialize_hdtree;edges_minus
     0.24%     0.00%  c2d      c2d                   [.] dtree_skeleton2hdtree
0.24% dtree_skeleton2hdtree;initialize_hdtree;initialize_hdtree;initialize_hdtree;initialize_hdtree;initialize_hdtree;initialize_hdtree;initialize_hdtree;initialize_hdtree;initialize_hdtree;initialize_hdtree;initialize_hdtree;initialize_hdtree;initialize_hdtree;initialize_hdtree;initialize_hdtree;initialize_hdtree;initialize_hdtree;initialize_hdtree;initialize_hdtree;edges_minus
     0.24%     0.00%  c2d      c2d                   [.] initialize_hdtree
0.24% initialize_hdtree;initialize_hdtree;initialize_hdtree;initialize_hdtree;initialize_hdtree;initialize_hdtree;initialize_hdtree;initialize_hdtree;initialize_hdtree;initialize_hdtree;initialize_hdtree;initialize_hdtree;initialize_hdtree;initialize_hdtree;initialize_hdtree;initialize_hdtree;initialize_hdtree;initialize_hdtree;initialize_hdtree;edges_minus
     0.22%     0.22%  c2d      libc.so.6             [.] 0x0000000000097c9c
0.22% 0;0x7f9da68b6ca3
     0.22%     0.00%  c2d      libc.so.6             [.] 0x00007f9da68b6ca3
0.22% 0x7f9da68b6ca3
     0.19%     0.19%  c2d      [kernel.kallsyms]     [k] apparmor_current_getsecid_subj
0.19% 0x7faf5fc92a97;entry_SYSCALL_64_after_hwframe;do_syscall_64;__x64_sys_execve;do_execveat_common.isra.0;bprm_execve;load_elf_binary;elf_map;vm_mmap_pgoff;ima_file_mmap;security_current_getsecid_subj;apparmor_current_getsecid_subj
     0.19%     0.00%  c2d      [kernel.kallsyms]     [k] elf_map
0.19% elf_map;vm_mmap_pgoff;ima_file_mmap;security_current_getsecid_subj;apparmor_current_getsecid_subj
     0.19%     0.00%  c2d      [kernel.kallsyms]     [k] ima_file_mmap
0.19% ima_file_mmap;security_current_getsecid_subj;apparmor_current_getsecid_subj
     0.19%     0.00%  c2d      [kernel.kallsyms]     [k] security_current_getsecid_subj
0.19% security_current_getsecid_subj;apparmor_current_getsecid_subj
     0.13%     0.13%  c2d      libc.so.6             [.] 0x00000000000a3910
0.13% 0x6b6e550a00642520;0x7f9da68c2913
     0.13%     0.00%  c2d      [unknown]             [.] 0x6b6e550a00642520
0.13% 0x6b6e550a00642520;0x7f9da68c2913
     0.13%     0.00%  c2d      libc.so.6             [.] 0x00007f9da68c2913
0.13% 0x7f9da68c2913
     0.08%     0.08%  c2d      [kernel.kallsyms]     [k] begin_new_exec
0.08% 0x7faf5fc92a97;entry_SYSCALL_64_after_hwframe;do_syscall_64;__x64_sys_execve;do_execveat_common.isra.0;bprm_execve;load_elf_binary;begin_new_exec
     0.04%     0.04%  c2d      [kernel.kallsyms]     [k] copy_user_generic_string
0.04% 0;read;entry_SYSCALL_64_after_hwframe;do_syscall_64;ksys_read;vfs_read;xfs_file_read_iter;xfs_file_buffered_read;filemap_read;copy_page_to_iter;_copy_to_iter;copy_user_generic_string
     0.04%     0.00%  c2d      [kernel.kallsyms]     [k] copy_page_to_iter
0.04% copy_page_to_iter;_copy_to_iter;copy_user_generic_string
     0.04%     0.00%  c2d      [kernel.kallsyms]     [k] _copy_to_iter
0.04% _copy_to_iter;copy_user_generic_string
     0.02%     0.00%  perf-ex  [unknown]             [k] 0x00007faf5fc92a97
0.02% 0x7faf5fc92a97;entry_SYSCALL_64_after_hwframe;do_syscall_64;__x64_sys_execve;do_execveat_common.isra.0;bprm_execve;load_elf_binary;begin_new_exec;perf_event_exec
     0.02%     0.00%  perf-ex  [kernel.kallsyms]     [k] entry_SYSCALL_64_after_hwframe
0.02% entry_SYSCALL_64_after_hwframe;do_syscall_64;__x64_sys_execve;do_execveat_common.isra.0;bprm_execve;load_elf_binary;begin_new_exec;perf_event_exec
     0.02%     0.02%  perf-ex  [kernel.kallsyms]     [k] perf_event_exec
0.02% 0x7faf5fc92a97;entry_SYSCALL_64_after_hwframe;do_syscall_64;__x64_sys_execve;do_execveat_common.isra.0;bprm_execve;load_elf_binary;begin_new_exec;perf_event_exec
     0.02%     0.00%  perf-ex  [kernel.kallsyms]     [k] do_syscall_64
0.02% do_syscall_64;__x64_sys_execve;do_execveat_common.isra.0;bprm_execve;load_elf_binary;begin_new_exec;perf_event_exec
     0.02%     0.00%  perf-ex  [kernel.kallsyms]     [k] __x64_sys_execve
0.02% __x64_sys_execve;do_execveat_common.isra.0;bprm_execve;load_elf_binary;begin_new_exec;perf_event_exec
     0.02%     0.00%  perf-ex  [kernel.kallsyms]     [k] do_execveat_common.isra.0
0.02% do_execveat_common.isra.0;bprm_execve;load_elf_binary;begin_new_exec;perf_event_exec
     0.02%     0.00%  perf-ex  [kernel.kallsyms]     [k] bprm_execve
0.02% bprm_execve;load_elf_binary;begin_new_exec;perf_event_exec
     0.02%     0.00%  perf-ex  [kernel.kallsyms]     [k] load_elf_binary
0.02% load_elf_binary;begin_new_exec;perf_event_exec
     0.02%     0.00%  perf-ex  [kernel.kallsyms]     [k] begin_new_exec
0.02% begin_new_exec;perf_event_exec
     0.01%     0.00%  c2d      [kernel.kallsyms]     [k] native_write_msr
0.01% native_write_msr
     0.01%     0.00%  c2d      [kernel.kallsyms]     [k] folio_wait_bit_common
0.01% folio_wait_bit_common;io_schedule;schedule;__schedule;finish_task_switch.isra.0;__perf_event_task_sched_in;__intel_pmu_enable_all.constprop.0;native_write_msr
     0.01%     0.00%  c2d      [kernel.kallsyms]     [k] io_schedule
0.01% io_schedule;schedule;__schedule;finish_task_switch.isra.0;__perf_event_task_sched_in;__intel_pmu_enable_all.constprop.0;native_write_msr
     0.01%     0.00%  c2d      [kernel.kallsyms]     [k] schedule
0.01% schedule;__schedule;finish_task_switch.isra.0;__perf_event_task_sched_in;__intel_pmu_enable_all.constprop.0;native_write_msr
     0.01%     0.00%  c2d      [kernel.kallsyms]     [k] __schedule
0.01% __schedule;finish_task_switch.isra.0;__perf_event_task_sched_in;__intel_pmu_enable_all.constprop.0;native_write_msr
     0.01%     0.00%  c2d      [kernel.kallsyms]     [k] finish_task_switch.isra.0
0.01% finish_task_switch.isra.0;__perf_event_task_sched_in;__intel_pmu_enable_all.constprop.0;native_write_msr
     0.01%     0.00%  c2d      [kernel.kallsyms]     [k] __perf_event_task_sched_in
0.01% __perf_event_task_sched_in;__intel_pmu_enable_all.constprop.0;native_write_msr
     0.01%     0.00%  c2d      [kernel.kallsyms]     [k] __intel_pmu_enable_all.constprop.0
0.01% __intel_pmu_enable_all.constprop.0;native_write_msr
     0.01%     0.01%  c2d      [kernel.kallsyms]     [k] memcpy_fromio
     0.00%     0.00%  perf-ex  [kernel.kallsyms]     [k] native_write_msr
     0.00%     0.00%  perf-ex  [kernel.kallsyms]     [k] __intel_pmu_enable_all.constprop.0
     0.00%     0.00%  perf-ex  [kernel.kallsyms]     [k] native_flush_tlb_one_user
     0.00%     0.00%  perf-ex  [kernel.kallsyms]     [k] nmi_cpu_backtrace_handler
     0.00%     0.00%  c2d      [kernel.kallsyms]     [k] native_sched_clock


#
# (Tip: List events using substring match: perf list <keyword>)
#
