# To display the perf.data header info, please use --header/--header-only options.
#
#
# Total Lost Samples: 0
#
# Samples: 353  of event 'cycles'
# Event count (approx.): 236752946
#
# Children      Self  Command  Shared Object         Symbol                                
# ........  ........  .......  ....................  ......................................
#
    93.93%     0.00%  c2d      libc.so.6             [.] 0x00007f07d884624a
91.64% 0x7f07d884624a;main;cnf2ddnnf_cmd_line;free_cache_manager
0.31% 0x7f07d884624a;main;cnf2ddnnf_cmd_line;free_cache_manager;__irqentry_text_end
0.31% 0x7f07d884624a;main;cnf2ddnnf_cmd_line;free_cache_manager;asm_exc_page_fault;exc_page_fault;do_user_addr_fault;handle_mm_fault;count_memcg_events.constprop.0;__count_memcg_events
0.30% 0x7f07d884624a;main;cnf2ddnnf_cmd_line;free_cache_manager;asm_exc_page_fault;exc_page_fault;do_user_addr_fault;handle_mm_fault;__handle_mm_fault
0.30% 0x7f07d884624a;main;cnf2ddnnf_cmd_line;free_cache_manager;asm_exc_page_fault;exc_page_fault;do_user_addr_fault;handle_mm_fault;__handle_mm_fault;do_huge_pmd_anonymous_page
0.30% 0x7f07d884624a;main;cnf2ddnnf_cmd_line;free_cache_manager;asm_exc_page_fault
0.26% 0x7f07d884624a;main;cnf2ddnnf_cmd_line;compile_cnf;compile_dt;compile_dt;compile_decomposed;lookup_or_compile_dt;compile_dt;compile_dt;compile_decomposed;lookup_or_compile_dt;compile_decomposed;lookup_or_compile_dt;compile_dt;compile_dt;compile_decomposed;lookup_or_compile_dt;compile_decomposed;lookup_or_compile_dt;compile_dt;undo_decide_literal;erase_level
0.26% 0x7f07d884624a;main;cnf2ddnnf_cmd_line;construct_cnf_manager;construct_cnf_clauses;__libc_calloc
0.25% 0x7f07d884624a;main;cnf2ddnnf_cmd_line;compile_cnf;compile_dt;compile_dt;compile_decomposed;lookup_or_compile_dt;compile_decomposed;lookup_or_compile_dt;compile_decomposed;lookup_or_compile_dt;compile_decomposed;lookup_or_compile_dt;compile_decomposed;lookup_or_compile_dt;compile_decomposed;lookup_or_compile_dt;compile_decomposed;lookup_or_compile_dt;compile_decomposed;lookup_or_compile_dt;compile_decomposed;lookup_or_compile_dt;compile_dt;compile_dt;compile_decomposed;conjoin_nnfs_lits;get_and_node;__irqentry_text_end
    93.93%     0.00%  c2d      c2d                   [.] main
91.64% main;cnf2ddnnf_cmd_line;free_cache_manager
0.31% main;cnf2ddnnf_cmd_line;free_cache_manager;__irqentry_text_end
0.31% main;cnf2ddnnf_cmd_line;free_cache_manager;asm_exc_page_fault;exc_page_fault;do_user_addr_fault;handle_mm_fault;count_memcg_events.constprop.0;__count_memcg_events
0.30% main;cnf2ddnnf_cmd_line;free_cache_manager;asm_exc_page_fault;exc_page_fault;do_user_addr_fault;handle_mm_fault;__handle_mm_fault
0.30% main;cnf2ddnnf_cmd_line;free_cache_manager;asm_exc_page_fault;exc_page_fault;do_user_addr_fault;handle_mm_fault;__handle_mm_fault;do_huge_pmd_anonymous_page
0.30% main;cnf2ddnnf_cmd_line;free_cache_manager;asm_exc_page_fault
0.26% main;cnf2ddnnf_cmd_line;compile_cnf;compile_dt;compile_dt;compile_decomposed;lookup_or_compile_dt;compile_dt;compile_dt;compile_decomposed;lookup_or_compile_dt;compile_decomposed;lookup_or_compile_dt;compile_dt;compile_dt;compile_decomposed;lookup_or_compile_dt;compile_decomposed;lookup_or_compile_dt;compile_dt;undo_decide_literal;erase_level
0.26% main;cnf2ddnnf_cmd_line;construct_cnf_manager;construct_cnf_clauses;__libc_calloc
0.25% main;cnf2ddnnf_cmd_line;compile_cnf;compile_dt;compile_dt;compile_decomposed;lookup_or_compile_dt;compile_decomposed;lookup_or_compile_dt;compile_decomposed;lookup_or_compile_dt;compile_decomposed;lookup_or_compile_dt;compile_decomposed;lookup_or_compile_dt;compile_decomposed;lookup_or_compile_dt;compile_decomposed;lookup_or_compile_dt;compile_decomposed;lookup_or_compile_dt;compile_decomposed;lookup_or_compile_dt;compile_dt;compile_dt;compile_decomposed;conjoin_nnfs_lits;get_and_node;__irqentry_text_end
    93.93%     0.00%  c2d      c2d                   [.] cnf2ddnnf_cmd_line
91.64% cnf2ddnnf_cmd_line;free_cache_manager
0.31% cnf2ddnnf_cmd_line;free_cache_manager;__irqentry_text_end
0.31% cnf2ddnnf_cmd_line;free_cache_manager;asm_exc_page_fault;exc_page_fault;do_user_addr_fault;handle_mm_fault;count_memcg_events.constprop.0;__count_memcg_events
0.30% cnf2ddnnf_cmd_line;free_cache_manager;asm_exc_page_fault;exc_page_fault;do_user_addr_fault;handle_mm_fault;__handle_mm_fault
0.30% cnf2ddnnf_cmd_line;free_cache_manager;asm_exc_page_fault;exc_page_fault;do_user_addr_fault;handle_mm_fault;__handle_mm_fault;do_huge_pmd_anonymous_page
0.30% cnf2ddnnf_cmd_line;free_cache_manager;asm_exc_page_fault
0.26% cnf2ddnnf_cmd_line;compile_cnf;compile_dt;compile_dt;compile_decomposed;lookup_or_compile_dt;compile_dt;compile_dt;compile_decomposed;lookup_or_compile_dt;compile_decomposed;lookup_or_compile_dt;compile_dt;compile_dt;compile_decomposed;lookup_or_compile_dt;compile_decomposed;lookup_or_compile_dt;compile_dt;undo_decide_literal;erase_level
0.26% cnf2ddnnf_cmd_line;construct_cnf_manager;construct_cnf_clauses;__libc_calloc
0.25% cnf2ddnnf_cmd_line;compile_cnf;compile_dt;compile_dt;compile_decomposed;lookup_or_compile_dt;compile_decomposed;lookup_or_compile_dt;compile_decomposed;lookup_or_compile_dt;compile_decomposed;lookup_or_compile_dt;compile_decomposed;lookup_or_compile_dt;compile_decomposed;lookup_or_compile_dt;compile_decomposed;lookup_or_compile_dt;compile_decomposed;lookup_or_compile_dt;compile_decomposed;lookup_or_compile_dt;compile_dt;compile_dt;compile_decomposed;conjoin_nnfs_lits;get_and_node;__irqentry_text_end
    93.16%    91.67%  c2d      c2d                   [.] free_cache_manager
91.37% 0x7f07d884624a;main;cnf2ddnnf_cmd_line;free_cache_manager
0.31% free_cache_manager;__irqentry_text_end
0.31% free_cache_manager;asm_exc_page_fault;exc_page_fault;do_user_addr_fault;handle_mm_fault;count_memcg_events.constprop.0;__count_memcg_events
0.30% free_cache_manager;asm_exc_page_fault;exc_page_fault;do_user_addr_fault;handle_mm_fault;__handle_mm_fault
0.30% free_cache_manager;asm_exc_page_fault;exc_page_fault;do_user_addr_fault;handle_mm_fault;__handle_mm_fault;do_huge_pmd_anonymous_page
0.30% 0x7f07d884624a;main;cnf2ddnnf_cmd_line;free_cache_manager;asm_exc_page_fault
0.28% free_cache_manager
     2.58%     0.00%  c2d      [kernel.kallsyms]     [k] entry_SYSCALL_64_after_hwframe
0.31% entry_SYSCALL_64_after_hwframe;do_syscall_64;__x64_sys_munmap
0.30% entry_SYSCALL_64_after_hwframe;do_syscall_64;__x64_sys_exit_group;do_group_exit;do_exit;__mmput;exit_mmap;unmap_vmas;unmap_page_range;page_remove_rmap
0.30% entry_SYSCALL_64_after_hwframe;do_syscall_64;__x64_sys_exit_group;do_group_exit;do_exit;__mmput;exit_mmap;unmap_vmas;unmap_page_range
0.28% entry_SYSCALL_64_after_hwframe;do_syscall_64;ksys_read;vfs_read;xfs_file_read_iter;xfs_file_buffered_read;filemap_read;filemap_get_pages;folio_wait_bit_common;io_schedule;schedule;__schedule;pick_next_task_fair;newidle_balance;load_balance;update_rq_clock
0.28% entry_SYSCALL_64_after_hwframe;do_syscall_64;__do_sys_newfstatat;cp_new_stat;from_kuid_munged
0.26% entry_SYSCALL_64_after_hwframe;do_syscall_64;ksys_mmap_pgoff;vm_mmap_pgoff;do_mmap;mmap_region;do_mas_munmap;do_mas_align_munmap;__split_vma;vm_area_dup;kmem_cache_alloc;memcg_slab_post_alloc_hook;__rcu_read_lock
0.25% entry_SYSCALL_64_after_hwframe;do_syscall_64;ksys_read;vfs_read;xfs_file_read_iter;xfs_file_buffered_read;filemap_read;filemap_get_pages;page_cache_ra_order;read_pages;blk_finish_plug;__blk_flush_plug;blk_mq_flush_plug_list.part.0;blk_mq_sched_insert_requests;__blk_mq_run_hw_queue;blk_mq_sched_dispatch_requests;__blk_mq_sched_dispatch_requests;blk_mq_do_dispatch_sched;blk_mq_dispatch_rq_list;scsi_queue_rq;ata_scsi_queuecmd;__ata_scsi_queuecmd;ata_qc_issue;dma_map_sg_attrs;__dma_map_sg_attrs;iommu_dma_map_sg
0.23% entry_SYSCALL_64_after_hwframe;do_syscall_64;ksys_write;vfs_write;xfs_file_buffered_write;iomap_file_buffered_write;iomap_iter;xfs_buffered_write_iomap_begin;xfs_bmapi_reserve_delalloc;xfs_mod_freecounter
0.19% entry_SYSCALL_64_after_hwframe;do_syscall_64;__x64_sys_execve;do_execveat_common.isra.0;bprm_execve;load_elf_binary;set_brk;vm_brk_flags;do_brk_flags
0.09% entry_SYSCALL_64_after_hwframe;do_syscall_64;__x64_sys_execve;do_execveat_common.isra.0;bprm_execve;load_elf_binary;setup_arg_pages;mprotect_fixup
0.06% entry_SYSCALL_64_after_hwframe;do_syscall_64;syscall_exit_to_user_mode;exit_to_user_mode_prepare;mem_cgroup_handle_over_high
0.01% entry_SYSCALL_64_after_hwframe;do_syscall_64;ksys_read;vfs_read;xfs_file_read_iter;xfs_file_buffered_read;filemap_read;filemap_get_pages;folio_wait_bit_common;io_schedule;schedule;__schedule
     2.58%     0.00%  c2d      [kernel.kallsyms]     [k] do_syscall_64
0.31% do_syscall_64;__x64_sys_munmap
0.30% do_syscall_64;__x64_sys_exit_group;do_group_exit;do_exit;__mmput;exit_mmap;unmap_vmas;unmap_page_range;page_remove_rmap
0.30% do_syscall_64;__x64_sys_exit_group;do_group_exit;do_exit;__mmput;exit_mmap;unmap_vmas;unmap_page_range
0.28% do_syscall_64;ksys_read;vfs_read;xfs_file_read_iter;xfs_file_buffered_read;filemap_read;filemap_get_pages;folio_wait_bit_common;io_schedule;schedule;__schedule;pick_next_task_fair;newidle_balance;load_balance;update_rq_clock
0.28% do_syscall_64;__do_sys_newfstatat;cp_new_stat;from_kuid_munged
0.26% do_syscall_64;ksys_mmap_pgoff;vm_mmap_pgoff;do_mmap;mmap_region;do_mas_munmap;do_mas_align_munmap;__split_vma;vm_area_dup;kmem_cache_alloc;memcg_slab_post_alloc_hook;__rcu_read_lock
0.25% do_syscall_64;ksys_read;vfs_read;xfs_file_read_iter;xfs_file_buffered_read;filemap_read;filemap_get_pages;page_cache_ra_order;read_pages;blk_finish_plug;__blk_flush_plug;blk_mq_flush_plug_list.part.0;blk_mq_sched_insert_requests;__blk_mq_run_hw_queue;blk_mq_sched_dispatch_requests;__blk_mq_sched_dispatch_requests;blk_mq_do_dispatch_sched;blk_mq_dispatch_rq_list;scsi_queue_rq;ata_scsi_queuecmd;__ata_scsi_queuecmd;ata_qc_issue;dma_map_sg_attrs;__dma_map_sg_attrs;iommu_dma_map_sg
0.23% do_syscall_64;ksys_write;vfs_write;xfs_file_buffered_write;iomap_file_buffered_write;iomap_iter;xfs_buffered_write_iomap_begin;xfs_bmapi_reserve_delalloc;xfs_mod_freecounter
0.19% do_syscall_64;__x64_sys_execve;do_execveat_common.isra.0;bprm_execve;load_elf_binary;set_brk;vm_brk_flags;do_brk_flags
0.09% do_syscall_64;__x64_sys_execve;do_execveat_common.isra.0;bprm_execve;load_elf_binary;setup_arg_pages;mprotect_fixup
0.06% do_syscall_64;syscall_exit_to_user_mode;exit_to_user_mode_prepare;mem_cgroup_handle_over_high
0.01% do_syscall_64;ksys_read;vfs_read;xfs_file_read_iter;xfs_file_buffered_read;filemap_read;filemap_get_pages;folio_wait_bit_common;io_schedule;schedule;__schedule
     1.90%     0.00%  c2d      [kernel.kallsyms]     [k] asm_exc_page_fault
0.44% asm_exc_page_fault;exc_page_fault;do_user_addr_fault;handle_mm_fault;__handle_mm_fault;do_fault;filemap_map_pages;next_uptodate_page
0.31% asm_exc_page_fault;exc_page_fault;do_user_addr_fault;handle_mm_fault;count_memcg_events.constprop.0;__count_memcg_events
0.30% asm_exc_page_fault;exc_page_fault;do_user_addr_fault;handle_mm_fault;__handle_mm_fault
0.30% asm_exc_page_fault;exc_page_fault;do_user_addr_fault;handle_mm_fault;__handle_mm_fault;do_huge_pmd_anonymous_page
0.30% asm_exc_page_fault
0.24% asm_exc_page_fault;exc_page_fault;do_user_addr_fault;lock_mm_and_find_vma;find_vma;mt_find;__rcu_read_lock
     1.60%     0.00%  c2d      [kernel.kallsyms]     [k] exc_page_fault
0.44% exc_page_fault;do_user_addr_fault;handle_mm_fault;__handle_mm_fault;do_fault;filemap_map_pages;next_uptodate_page
0.31% exc_page_fault;do_user_addr_fault;handle_mm_fault;count_memcg_events.constprop.0;__count_memcg_events
0.30% exc_page_fault;do_user_addr_fault;handle_mm_fault;__handle_mm_fault
0.30% exc_page_fault;do_user_addr_fault;handle_mm_fault;__handle_mm_fault;do_huge_pmd_anonymous_page
0.24% exc_page_fault;do_user_addr_fault;lock_mm_and_find_vma;find_vma;mt_find;__rcu_read_lock
     1.60%     0.00%  c2d      [kernel.kallsyms]     [k] do_user_addr_fault
0.44% do_user_addr_fault;handle_mm_fault;__handle_mm_fault;do_fault;filemap_map_pages;next_uptodate_page
0.31% do_user_addr_fault;handle_mm_fault;count_memcg_events.constprop.0;__count_memcg_events
0.30% do_user_addr_fault;handle_mm_fault;__handle_mm_fault
0.30% do_user_addr_fault;handle_mm_fault;__handle_mm_fault;do_huge_pmd_anonymous_page
0.24% do_user_addr_fault;lock_mm_and_find_vma;find_vma;mt_find;__rcu_read_lock
     1.35%     0.00%  c2d      [kernel.kallsyms]     [k] handle_mm_fault
0.44% handle_mm_fault;__handle_mm_fault;do_fault;filemap_map_pages;next_uptodate_page
0.31% handle_mm_fault;count_memcg_events.constprop.0;__count_memcg_events
0.30% handle_mm_fault;__handle_mm_fault
0.30% handle_mm_fault;__handle_mm_fault;do_huge_pmd_anonymous_page
     1.17%     0.00%  c2d      [unknown]             [.] 0000000000000000
0.28% 0;read;entry_SYSCALL_64_after_hwframe;do_syscall_64;ksys_read;vfs_read;xfs_file_read_iter;xfs_file_buffered_read;filemap_read;filemap_get_pages;folio_wait_bit_common;io_schedule;schedule;__schedule;pick_next_task_fair;newidle_balance;load_balance;update_rq_clock
0.28% 0;fstatat64;entry_SYSCALL_64_after_hwframe;do_syscall_64;__do_sys_newfstatat;cp_new_stat;from_kuid_munged
0.28% 0;0x7f07d8cab6f0;0x7f07d8db994a
0.25% 0;read;entry_SYSCALL_64_after_hwframe;do_syscall_64;ksys_read;vfs_read;xfs_file_read_iter;xfs_file_buffered_read;filemap_read;filemap_get_pages;page_cache_ra_order;read_pages;blk_finish_plug;__blk_flush_plug;blk_mq_flush_plug_list.part.0;blk_mq_sched_insert_requests;__blk_mq_run_hw_queue;blk_mq_sched_dispatch_requests;__blk_mq_sched_dispatch_requests;blk_mq_do_dispatch_sched;blk_mq_dispatch_rq_list;scsi_queue_rq;ata_scsi_queuecmd;__ata_scsi_queuecmd;ata_qc_issue;dma_map_sg_attrs;__dma_map_sg_attrs;iommu_dma_map_sg
0.06% 0;read;entry_SYSCALL_64_after_hwframe;do_syscall_64;syscall_exit_to_user_mode;exit_to_user_mode_prepare;mem_cgroup_handle_over_high
0.01% 0;read;entry_SYSCALL_64_after_hwframe;do_syscall_64;ksys_read;vfs_read;xfs_file_read_iter;xfs_file_buffered_read;filemap_read;filemap_get_pages;folio_wait_bit_common;io_schedule;schedule;__schedule
     1.05%     0.30%  c2d      [kernel.kallsyms]     [k] __handle_mm_fault
0.44% __handle_mm_fault;do_fault;filemap_map_pages;next_uptodate_page
0.30% 0x7f07d884624a;main;cnf2ddnnf_cmd_line;free_cache_manager;asm_exc_page_fault;exc_page_fault;do_user_addr_fault;handle_mm_fault;__handle_mm_fault
0.30% __handle_mm_fault;do_huge_pmd_anonymous_page
     0.85%     0.00%  c2d      ld-linux-x86-64.so.2  [.] 0x00007f07d8dcaa58
0.29% 0x7f07d8dcaa58;0x7f07d8dca22f;0x7f07d8dcdc99;0x7f07d8dbe2dc
0.28% 0x7f07d8dcaa58;0x7f07d8dca22f;0x7f07d8dcdc99;0x7f07d8dbe408
0.28% 0x7f07d8dcaa58;0x7f07d8dca22f;0x7f07d88aa980;asm_exc_page_fault;exc_page_fault;do_user_addr_fault;handle_mm_fault;__handle_mm_fault;do_fault;filemap_map_pages;next_uptodate_page
     0.85%     0.00%  c2d      ld-linux-x86-64.so.2  [.] 0x00007f07d8dca22f
0.29% 0x7f07d8dca22f;0x7f07d8dcdc99;0x7f07d8dbe2dc
0.28% 0x7f07d8dca22f;0x7f07d8dcdc99;0x7f07d8dbe408
0.28% 0x7f07d8dca22f;0x7f07d88aa980;asm_exc_page_fault;exc_page_fault;do_user_addr_fault;handle_mm_fault;__handle_mm_fault;do_fault;filemap_map_pages;next_uptodate_page
     0.61%     0.00%  c2d      libc.so.6             [.] read
0.28% read;entry_SYSCALL_64_after_hwframe;do_syscall_64;ksys_read;vfs_read;xfs_file_read_iter;xfs_file_buffered_read;filemap_read;filemap_get_pages;folio_wait_bit_common;io_schedule;schedule;__schedule;pick_next_task_fair;newidle_balance;load_balance;update_rq_clock
0.25% read;entry_SYSCALL_64_after_hwframe;do_syscall_64;ksys_read;vfs_read;xfs_file_read_iter;xfs_file_buffered_read;filemap_read;filemap_get_pages;page_cache_ra_order;read_pages;blk_finish_plug;__blk_flush_plug;blk_mq_flush_plug_list.part.0;blk_mq_sched_insert_requests;__blk_mq_run_hw_queue;blk_mq_sched_dispatch_requests;__blk_mq_sched_dispatch_requests;blk_mq_do_dispatch_sched;blk_mq_dispatch_rq_list;scsi_queue_rq;ata_scsi_queuecmd;__ata_scsi_queuecmd;ata_qc_issue;dma_map_sg_attrs;__dma_map_sg_attrs;iommu_dma_map_sg
0.06% read;entry_SYSCALL_64_after_hwframe;do_syscall_64;syscall_exit_to_user_mode;exit_to_user_mode_prepare;mem_cgroup_handle_over_high
0.01% read;entry_SYSCALL_64_after_hwframe;do_syscall_64;ksys_read;vfs_read;xfs_file_read_iter;xfs_file_buffered_read;filemap_read;filemap_get_pages;folio_wait_bit_common;io_schedule;schedule;__schedule
     0.61%     0.30%  c2d      [kernel.kallsyms]     [k] unmap_page_range
0.30% unmap_page_range;page_remove_rmap
0.30% entry_SYSCALL_64_after_hwframe;do_syscall_64;__x64_sys_exit_group;do_group_exit;do_exit;__mmput;exit_mmap;unmap_vmas;unmap_page_range
     0.61%     0.00%  c2d      [kernel.kallsyms]     [k] __x64_sys_exit_group
0.30% __x64_sys_exit_group;do_group_exit;do_exit;__mmput;exit_mmap;unmap_vmas;unmap_page_range;page_remove_rmap
0.30% __x64_sys_exit_group;do_group_exit;do_exit;__mmput;exit_mmap;unmap_vmas;unmap_page_range
     0.61%     0.00%  c2d      [kernel.kallsyms]     [k] do_group_exit
0.30% do_group_exit;do_exit;__mmput;exit_mmap;unmap_vmas;unmap_page_range;page_remove_rmap
0.30% do_group_exit;do_exit;__mmput;exit_mmap;unmap_vmas;unmap_page_range
     0.61%     0.00%  c2d      [kernel.kallsyms]     [k] do_exit
0.30% do_exit;__mmput;exit_mmap;unmap_vmas;unmap_page_range;page_remove_rmap
0.30% do_exit;__mmput;exit_mmap;unmap_vmas;unmap_page_range
     0.61%     0.00%  c2d      [kernel.kallsyms]     [k] __mmput
0.30% __mmput;exit_mmap;unmap_vmas;unmap_page_range;page_remove_rmap
0.30% __mmput;exit_mmap;unmap_vmas;unmap_page_range
     0.61%     0.00%  c2d      [kernel.kallsyms]     [k] exit_mmap
0.30% exit_mmap;unmap_vmas;unmap_page_range;page_remove_rmap
0.30% exit_mmap;unmap_vmas;unmap_page_range
     0.61%     0.00%  c2d      [kernel.kallsyms]     [k] unmap_vmas
0.30% unmap_vmas;unmap_page_range;page_remove_rmap
0.30% unmap_vmas;unmap_page_range
     0.57%     0.00%  c2d      [unknown]             [.] 0x00007f07d8a7a758
0.29% 0x7f07d8a7a758;0x7f07d8db9bb3
0.28% 0x7f07d8a7a758;0x7f07d8db9973
     0.57%     0.00%  c2d      ld-linux-x86-64.so.2  [.] 0x00007f07d8dcdc99
0.29% 0x7f07d8dcdc99;0x7f07d8dbe2dc
0.28% 0x7f07d8dcdc99;0x7f07d8dbe408
     0.56%     0.56%  c2d      [kernel.kallsyms]     [k] __irqentry_text_end
0.31% 0x7f07d884624a;main;cnf2ddnnf_cmd_line;free_cache_manager;__irqentry_text_end
0.25% 0x7f07d884624a;main;cnf2ddnnf_cmd_line;compile_cnf;compile_dt;compile_dt;compile_decomposed;lookup_or_compile_dt;compile_decomposed;lookup_or_compile_dt;compile_decomposed;lookup_or_compile_dt;compile_decomposed;lookup_or_compile_dt;compile_decomposed;lookup_or_compile_dt;compile_decomposed;lookup_or_compile_dt;compile_decomposed;lookup_or_compile_dt;compile_decomposed;lookup_or_compile_dt;compile_decomposed;lookup_or_compile_dt;compile_dt;compile_dt;compile_decomposed;conjoin_nnfs_lits;get_and_node;__irqentry_text_end
     0.55%     0.00%  c2d      [kernel.kallsyms]     [k] ksys_read
0.28% ksys_read;vfs_read;xfs_file_read_iter;xfs_file_buffered_read;filemap_read;filemap_get_pages;folio_wait_bit_common;io_schedule;schedule;__schedule;pick_next_task_fair;newidle_balance;load_balance;update_rq_clock
0.25% ksys_read;vfs_read;xfs_file_read_iter;xfs_file_buffered_read;filemap_read;filemap_get_pages;page_cache_ra_order;read_pages;blk_finish_plug;__blk_flush_plug;blk_mq_flush_plug_list.part.0;blk_mq_sched_insert_requests;__blk_mq_run_hw_queue;blk_mq_sched_dispatch_requests;__blk_mq_sched_dispatch_requests;blk_mq_do_dispatch_sched;blk_mq_dispatch_rq_list;scsi_queue_rq;ata_scsi_queuecmd;__ata_scsi_queuecmd;ata_qc_issue;dma_map_sg_attrs;__dma_map_sg_attrs;iommu_dma_map_sg
0.01% ksys_read;vfs_read;xfs_file_read_iter;xfs_file_buffered_read;filemap_read;filemap_get_pages;folio_wait_bit_common;io_schedule;schedule;__schedule
     0.55%     0.00%  c2d      [kernel.kallsyms]     [k] vfs_read
0.28% vfs_read;xfs_file_read_iter;xfs_file_buffered_read;filemap_read;filemap_get_pages;folio_wait_bit_common;io_schedule;schedule;__schedule;pick_next_task_fair;newidle_balance;load_balance;update_rq_clock
0.25% vfs_read;xfs_file_read_iter;xfs_file_buffered_read;filemap_read;filemap_get_pages;page_cache_ra_order;read_pages;blk_finish_plug;__blk_flush_plug;blk_mq_flush_plug_list.part.0;blk_mq_sched_insert_requests;__blk_mq_run_hw_queue;blk_mq_sched_dispatch_requests;__blk_mq_sched_dispatch_requests;blk_mq_do_dispatch_sched;blk_mq_dispatch_rq_list;scsi_queue_rq;ata_scsi_queuecmd;__ata_scsi_queuecmd;ata_qc_issue;dma_map_sg_attrs;__dma_map_sg_attrs;iommu_dma_map_sg
0.01% vfs_read;xfs_file_read_iter;xfs_file_buffered_read;filemap_read;filemap_get_pages;folio_wait_bit_common;io_schedule;schedule;__schedule
     0.55%     0.00%  c2d      [xfs]                 [k] xfs_file_read_iter
0.28% xfs_file_read_iter;xfs_file_buffered_read;filemap_read;filemap_get_pages;folio_wait_bit_common;io_schedule;schedule;__schedule;pick_next_task_fair;newidle_balance;load_balance;update_rq_clock
0.25% xfs_file_read_iter;xfs_file_buffered_read;filemap_read;filemap_get_pages;page_cache_ra_order;read_pages;blk_finish_plug;__blk_flush_plug;blk_mq_flush_plug_list.part.0;blk_mq_sched_insert_requests;__blk_mq_run_hw_queue;blk_mq_sched_dispatch_requests;__blk_mq_sched_dispatch_requests;blk_mq_do_dispatch_sched;blk_mq_dispatch_rq_list;scsi_queue_rq;ata_scsi_queuecmd;__ata_scsi_queuecmd;ata_qc_issue;dma_map_sg_attrs;__dma_map_sg_attrs;iommu_dma_map_sg
0.01% xfs_file_read_iter;xfs_file_buffered_read;filemap_read;filemap_get_pages;folio_wait_bit_common;io_schedule;schedule;__schedule
     0.55%     0.00%  c2d      [xfs]                 [k] xfs_file_buffered_read
0.28% xfs_file_buffered_read;filemap_read;filemap_get_pages;folio_wait_bit_common;io_schedule;schedule;__schedule;pick_next_task_fair;newidle_balance;load_balance;update_rq_clock
0.25% xfs_file_buffered_read;filemap_read;filemap_get_pages;page_cache_ra_order;read_pages;blk_finish_plug;__blk_flush_plug;blk_mq_flush_plug_list.part.0;blk_mq_sched_insert_requests;__blk_mq_run_hw_queue;blk_mq_sched_dispatch_requests;__blk_mq_sched_dispatch_requests;blk_mq_do_dispatch_sched;blk_mq_dispatch_rq_list;scsi_queue_rq;ata_scsi_queuecmd;__ata_scsi_queuecmd;ata_qc_issue;dma_map_sg_attrs;__dma_map_sg_attrs;iommu_dma_map_sg
0.01% xfs_file_buffered_read;filemap_read;filemap_get_pages;folio_wait_bit_common;io_schedule;schedule;__schedule
     0.55%     0.00%  c2d      [kernel.kallsyms]     [k] filemap_read
0.28% filemap_read;filemap_get_pages;folio_wait_bit_common;io_schedule;schedule;__schedule;pick_next_task_fair;newidle_balance;load_balance;update_rq_clock
0.25% filemap_read;filemap_get_pages;page_cache_ra_order;read_pages;blk_finish_plug;__blk_flush_plug;blk_mq_flush_plug_list.part.0;blk_mq_sched_insert_requests;__blk_mq_run_hw_queue;blk_mq_sched_dispatch_requests;__blk_mq_sched_dispatch_requests;blk_mq_do_dispatch_sched;blk_mq_dispatch_rq_list;scsi_queue_rq;ata_scsi_queuecmd;__ata_scsi_queuecmd;ata_qc_issue;dma_map_sg_attrs;__dma_map_sg_attrs;iommu_dma_map_sg
0.01% filemap_read;filemap_get_pages;folio_wait_bit_common;io_schedule;schedule;__schedule
     0.55%     0.00%  c2d      [kernel.kallsyms]     [k] filemap_get_pages
0.28% filemap_get_pages;folio_wait_bit_common;io_schedule;schedule;__schedule;pick_next_task_fair;newidle_balance;load_balance;update_rq_clock
0.25% filemap_get_pages;page_cache_ra_order;read_pages;blk_finish_plug;__blk_flush_plug;blk_mq_flush_plug_list.part.0;blk_mq_sched_insert_requests;__blk_mq_run_hw_queue;blk_mq_sched_dispatch_requests;__blk_mq_sched_dispatch_requests;blk_mq_do_dispatch_sched;blk_mq_dispatch_rq_list;scsi_queue_rq;ata_scsi_queuecmd;__ata_scsi_queuecmd;ata_qc_issue;dma_map_sg_attrs;__dma_map_sg_attrs;iommu_dma_map_sg
0.01% filemap_get_pages;folio_wait_bit_common;io_schedule;schedule;__schedule
     0.53%     0.00%  c2d      [unknown]             [k] 0x00007f07d8de38a8
0.27% 0x7f07d8de38a8;0x7f07d8db8075;0x7f07d8db7262;entry_SYSCALL_64
0.26% 0x7f07d8de38a8;0x7f07d8db8075;0x7f07d8dd0ae3;entry_SYSCALL_64_after_hwframe;do_syscall_64;ksys_mmap_pgoff;vm_mmap_pgoff;do_mmap;mmap_region;do_mas_munmap;do_mas_align_munmap;__split_vma;vm_area_dup;kmem_cache_alloc;memcg_slab_post_alloc_hook;__rcu_read_lock
     0.53%     0.00%  c2d      ld-linux-x86-64.so.2  [.] 0x00007f07d8db8075
0.27% 0x7f07d8db8075;0x7f07d8db7262;entry_SYSCALL_64
0.26% 0x7f07d8db8075;0x7f07d8dd0ae3;entry_SYSCALL_64_after_hwframe;do_syscall_64;ksys_mmap_pgoff;vm_mmap_pgoff;do_mmap;mmap_region;do_mas_munmap;do_mas_align_munmap;__split_vma;vm_area_dup;kmem_cache_alloc;memcg_slab_post_alloc_hook;__rcu_read_lock
     0.51%     0.00%  c2d      c2d                   [.] compile_cnf
0.26% compile_cnf;compile_dt;compile_dt;compile_decomposed;lookup_or_compile_dt;compile_dt;compile_dt;compile_decomposed;lookup_or_compile_dt;compile_decomposed;lookup_or_compile_dt;compile_dt;compile_dt;compile_decomposed;lookup_or_compile_dt;compile_decomposed;lookup_or_compile_dt;compile_dt;undo_decide_literal;erase_level
0.25% compile_cnf;compile_dt;compile_dt;compile_decomposed;lookup_or_compile_dt;compile_decomposed;lookup_or_compile_dt;compile_decomposed;lookup_or_compile_dt;compile_decomposed;lookup_or_compile_dt;compile_decomposed;lookup_or_compile_dt;compile_decomposed;lookup_or_compile_dt;compile_decomposed;lookup_or_compile_dt;compile_decomposed;lookup_or_compile_dt;compile_decomposed;lookup_or_compile_dt;compile_dt;compile_dt;compile_decomposed;conjoin_nnfs_lits;get_and_node;__irqentry_text_end
     0.51%     0.00%  c2d      c2d                   [.] compile_dt
0.26% compile_dt;compile_dt;compile_decomposed;lookup_or_compile_dt;compile_dt;compile_dt;compile_decomposed;lookup_or_compile_dt;compile_decomposed;lookup_or_compile_dt;compile_dt;compile_dt;compile_decomposed;lookup_or_compile_dt;compile_decomposed;lookup_or_compile_dt;compile_dt;undo_decide_literal;erase_level
0.25% compile_dt;compile_dt;compile_decomposed;lookup_or_compile_dt;compile_decomposed;lookup_or_compile_dt;compile_decomposed;lookup_or_compile_dt;compile_decomposed;lookup_or_compile_dt;compile_decomposed;lookup_or_compile_dt;compile_decomposed;lookup_or_compile_dt;compile_decomposed;lookup_or_compile_dt;compile_decomposed;lookup_or_compile_dt;compile_decomposed;lookup_or_compile_dt;compile_dt;compile_dt;compile_decomposed;conjoin_nnfs_lits;get_and_node;__irqentry_text_end
     0.51%     0.00%  c2d      c2d                   [.] compile_decomposed
0.26% compile_decomposed;lookup_or_compile_dt;compile_dt;compile_dt;compile_decomposed;lookup_or_compile_dt;compile_decomposed;lookup_or_compile_dt;compile_dt;compile_dt;compile_decomposed;lookup_or_compile_dt;compile_decomposed;lookup_or_compile_dt;compile_dt;undo_decide_literal;erase_level
0.25% compile_decomposed;lookup_or_compile_dt;compile_decomposed;lookup_or_compile_dt;compile_decomposed;lookup_or_compile_dt;compile_decomposed;lookup_or_compile_dt;compile_decomposed;lookup_or_compile_dt;compile_decomposed;lookup_or_compile_dt;compile_decomposed;lookup_or_compile_dt;compile_decomposed;lookup_or_compile_dt;compile_decomposed;lookup_or_compile_dt;compile_dt;compile_dt;compile_decomposed;conjoin_nnfs_lits;get_and_node;__irqentry_text_end
     0.51%     0.00%  c2d      c2d                   [.] lookup_or_compile_dt
0.26% lookup_or_compile_dt;compile_dt;compile_dt;compile_decomposed;lookup_or_compile_dt;compile_decomposed;lookup_or_compile_dt;compile_dt;compile_dt;compile_decomposed;lookup_or_compile_dt;compile_decomposed;lookup_or_compile_dt;compile_dt;undo_decide_literal;erase_level
0.25% lookup_or_compile_dt;compile_decomposed;lookup_or_compile_dt;compile_decomposed;lookup_or_compile_dt;compile_decomposed;lookup_or_compile_dt;compile_decomposed;lookup_or_compile_dt;compile_decomposed;lookup_or_compile_dt;compile_decomposed;lookup_or_compile_dt;compile_decomposed;lookup_or_compile_dt;compile_decomposed;lookup_or_compile_dt;compile_dt;compile_dt;compile_decomposed;conjoin_nnfs_lits;get_and_node;__irqentry_text_end
     0.50%     0.50%  c2d      [kernel.kallsyms]     [k] __rcu_read_lock
0.26% 0x7f07d8de38a8;0x7f07d8db8075;0x7f07d8dd0ae3;entry_SYSCALL_64_after_hwframe;do_syscall_64;ksys_mmap_pgoff;vm_mmap_pgoff;do_mmap;mmap_region;do_mas_munmap;do_mas_align_munmap;__split_vma;vm_area_dup;kmem_cache_alloc;memcg_slab_post_alloc_hook;__rcu_read_lock
0.24% 0x3d524553574f5242;0x7ffda03d19e4;0x7f07d8dc38e4;asm_exc_page_fault;exc_page_fault;do_user_addr_fault;lock_mm_and_find_vma;find_vma;mt_find;__rcu_read_lock
     0.44%     0.44%  c2d      [kernel.kallsyms]     [k] next_uptodate_page
0.28% 0x7f07d8dcaa58;0x7f07d8dca22f;0x7f07d88aa980;asm_exc_page_fault;exc_page_fault;do_user_addr_fault;handle_mm_fault;__handle_mm_fault;do_fault;filemap_map_pages;next_uptodate_page
0.16% 0x6b6e550a00642520;__isoc99_sscanf;0x7f07d8882883;asm_exc_page_fault;exc_page_fault;do_user_addr_fault;handle_mm_fault;__handle_mm_fault;do_fault;filemap_map_pages;next_uptodate_page
     0.44%     0.00%  c2d      [kernel.kallsyms]     [k] do_fault
0.44% do_fault;filemap_map_pages;next_uptodate_page
     0.44%     0.00%  c2d      [kernel.kallsyms]     [k] filemap_map_pages
0.44% filemap_map_pages;next_uptodate_page
     0.31%     0.31%  c2d      [kernel.kallsyms]     [k] x64_sys_call
0.31% __munmap;entry_SYSCALL_64_after_hwframe;do_syscall_64;__x64_sys_munmap
     0.31%     0.00%  c2d      libc.so.6             [.] __munmap
0.31% __munmap;entry_SYSCALL_64_after_hwframe;do_syscall_64;__x64_sys_munmap
     0.31%     0.00%  c2d      [kernel.kallsyms]     [k] __x64_sys_munmap
0.31% __x64_sys_munmap
     0.31%     0.31%  c2d      [kernel.kallsyms]     [k] __count_memcg_events
0.31% 0x7f07d884624a;main;cnf2ddnnf_cmd_line;free_cache_manager;asm_exc_page_fault;exc_page_fault;do_user_addr_fault;handle_mm_fault;count_memcg_events.constprop.0;__count_memcg_events
     0.31%     0.00%  c2d      [kernel.kallsyms]     [k] count_memcg_events.constprop.0
0.31% count_memcg_events.constprop.0;__count_memcg_events
     0.30%     0.30%  c2d      libc.so.6             [.] 0x000000000003e3f0
0.30% 0x7f07d885d3f2
     0.30%     0.00%  c2d      libc.so.6             [.] 0x00007f07d885d3f2
0.30% 0x7f07d885d3f2
     0.30%     0.30%  c2d      [kernel.kallsyms]     [k] page_remove_rmap
0.30% entry_SYSCALL_64_after_hwframe;do_syscall_64;__x64_sys_exit_group;do_group_exit;do_exit;__mmput;exit_mmap;unmap_vmas;unmap_page_range;page_remove_rmap
     0.30%     0.30%  c2d      [kernel.kallsyms]     [k] do_huge_pmd_anonymous_page
0.30% 0x7f07d884624a;main;cnf2ddnnf_cmd_line;free_cache_manager;asm_exc_page_fault;exc_page_fault;do_user_addr_fault;handle_mm_fault;__handle_mm_fault;do_huge_pmd_anonymous_page
     0.30%     0.01%  c2d      [kernel.kallsyms]     [k] __schedule
0.28% __schedule;pick_next_task_fair;newidle_balance;load_balance;update_rq_clock
0.01% 0;read;entry_SYSCALL_64_after_hwframe;do_syscall_64;ksys_read;vfs_read;xfs_file_read_iter;xfs_file_buffered_read;filemap_read;filemap_get_pages;folio_wait_bit_common;io_schedule;schedule;__schedule
     0.30%     0.00%  c2d      [kernel.kallsyms]     [k] folio_wait_bit_common
0.28% folio_wait_bit_common;io_schedule;schedule;__schedule;pick_next_task_fair;newidle_balance;load_balance;update_rq_clock
0.01% folio_wait_bit_common;io_schedule;schedule;__schedule
     0.30%     0.00%  c2d      [kernel.kallsyms]     [k] io_schedule
0.28% io_schedule;schedule;__schedule;pick_next_task_fair;newidle_balance;load_balance;update_rq_clock
0.01% io_schedule;schedule;__schedule
     0.30%     0.00%  c2d      [kernel.kallsyms]     [k] schedule
0.28% schedule;__schedule;pick_next_task_fair;newidle_balance;load_balance;update_rq_clock
0.01% schedule;__schedule
     0.29%     0.29%  c2d      ld-linux-x86-64.so.2  [.] 0x000000000000e2d8
0.29% 0x7f07d8dcaa58;0x7f07d8dca22f;0x7f07d8dcdc99;0x7f07d8dbe2dc
     0.29%     0.00%  c2d      ld-linux-x86-64.so.2  [.] 0x00007f07d8dbe2dc
0.29% 0x7f07d8dbe2dc
     0.29%     0.29%  c2d      ld-linux-x86-64.so.2  [.] 0x0000000000009bb0
0.29% 0x20fca8;0x7f07d8a7a758;0x7f07d8db9bb3
     0.29%     0.00%  c2d      [unknown]             [.] 0x000000000020fca8
0.29% 0x20fca8;0x7f07d8a7a758;0x7f07d8db9bb3
     0.29%     0.00%  c2d      ld-linux-x86-64.so.2  [.] 0x00007f07d8db9bb3
0.29% 0x7f07d8db9bb3
     0.28%     0.28%  c2d      ld-linux-x86-64.so.2  [.] 0x000000000000996c
0.28% 0xcb950;0x7f07d8a7a758;0x7f07d8db9973
     0.28%     0.00%  c2d      [unknown]             [.] 0x00000000000cb950
0.28% 0xcb950;0x7f07d8a7a758;0x7f07d8db9973
     0.28%     0.00%  c2d      ld-linux-x86-64.so.2  [.] 0x00007f07d8db9973
0.28% 0x7f07d8db9973
     0.28%     0.00%  c2d      [unknown]             [k] 0x00007f46ca6f3a97
0.19% 0x7f46ca6f3a97;entry_SYSCALL_64_after_hwframe;do_syscall_64;__x64_sys_execve;do_execveat_common.isra.0;bprm_execve;load_elf_binary;set_brk;vm_brk_flags;do_brk_flags
0.09% 0x7f46ca6f3a97;entry_SYSCALL_64_after_hwframe;do_syscall_64;__x64_sys_execve;do_execveat_common.isra.0;bprm_execve;load_elf_binary;setup_arg_pages;mprotect_fixup
     0.28%     0.00%  c2d      [kernel.kallsyms]     [k] __x64_sys_execve
0.19% __x64_sys_execve;do_execveat_common.isra.0;bprm_execve;load_elf_binary;set_brk;vm_brk_flags;do_brk_flags
0.09% __x64_sys_execve;do_execveat_common.isra.0;bprm_execve;load_elf_binary;setup_arg_pages;mprotect_fixup
     0.28%     0.00%  c2d      [kernel.kallsyms]     [k] do_execveat_common.isra.0
0.19% do_execveat_common.isra.0;bprm_execve;load_elf_binary;set_brk;vm_brk_flags;do_brk_flags
0.09% do_execveat_common.isra.0;bprm_execve;load_elf_binary;setup_arg_pages;mprotect_fixup
     0.28%     0.00%  c2d      [kernel.kallsyms]     [k] bprm_execve
0.19% bprm_execve;load_elf_binary;set_brk;vm_brk_flags;do_brk_flags
0.09% bprm_execve;load_elf_binary;setup_arg_pages;mprotect_fixup
     0.28%     0.00%  c2d      [kernel.kallsyms]     [k] load_elf_binary
0.19% load_elf_binary;set_brk;vm_brk_flags;do_brk_flags
0.09% load_elf_binary;setup_arg_pages;mprotect_fixup
     0.28%     0.28%  c2d      [kernel.kallsyms]     [k] update_rq_clock
0.28% 0;read;entry_SYSCALL_64_after_hwframe;do_syscall_64;ksys_read;vfs_read;xfs_file_read_iter;xfs_file_buffered_read;filemap_read;filemap_get_pages;folio_wait_bit_common;io_schedule;schedule;__schedule;pick_next_task_fair;newidle_balance;load_balance;update_rq_clock
     0.28%     0.00%  c2d      [kernel.kallsyms]     [k] pick_next_task_fair
0.28% pick_next_task_fair;newidle_balance;load_balance;update_rq_clock
     0.28%     0.00%  c2d      [kernel.kallsyms]     [k] newidle_balance
0.28% newidle_balance;load_balance;update_rq_clock
     0.28%     0.00%  c2d      [kernel.kallsyms]     [k] load_balance
0.28% load_balance;update_rq_clock
     0.28%     0.28%  c2d      ld-linux-x86-64.so.2  [.] 0x000000000000e405
0.28% 0x7f07d8dcaa58;0x7f07d8dca22f;0x7f07d8dcdc99;0x7f07d8dbe408
     0.28%     0.00%  c2d      ld-linux-x86-64.so.2  [.] 0x00007f07d8dbe408
0.28% 0x7f07d8dbe408
     0.28%     0.28%  c2d      [kernel.kallsyms]     [k] from_kuid_munged
0.28% 0;fstatat64;entry_SYSCALL_64_after_hwframe;do_syscall_64;__do_sys_newfstatat;cp_new_stat;from_kuid_munged
     0.28%     0.00%  c2d      libc.so.6             [.] fstatat64
0.28% fstatat64;entry_SYSCALL_64_after_hwframe;do_syscall_64;__do_sys_newfstatat;cp_new_stat;from_kuid_munged
     0.28%     0.00%  c2d      [kernel.kallsyms]     [k] __do_sys_newfstatat
0.28% __do_sys_newfstatat;cp_new_stat;from_kuid_munged
     0.28%     0.00%  c2d      [kernel.kallsyms]     [k] cp_new_stat
0.28% cp_new_stat;from_kuid_munged
     0.28%     0.28%  c2d      ld-linux-x86-64.so.2  [.] 0x0000000000009947
0.28% 0;0x7f07d8cab6f0;0x7f07d8db994a
     0.28%     0.00%  c2d      [unknown]             [.] 0x00007f07d8cab6f0
0.28% 0x7f07d8cab6f0;0x7f07d8db994a
     0.28%     0.00%  c2d      ld-linux-x86-64.so.2  [.] 0x00007f07d8db994a
0.28% 0x7f07d8db994a
     0.28%     0.00%  c2d      libc.so.6             [.] 0x00007f07d88aa980
0.28% 0x7f07d88aa980;asm_exc_page_fault;exc_page_fault;do_user_addr_fault;handle_mm_fault;__handle_mm_fault;do_fault;filemap_map_pages;next_uptodate_page
     0.28%     0.28%  c2d      [kernel.kallsyms]     [k] native_irq_return_iret
0.28% 0x7f07d884624a;main;cnf2ddnnf_cmd_line;free_cache_manager
     0.28%     0.28%  c2d      ld-linux-x86-64.so.2  [.] 0x00000000000120e8
0.28% 0xdc0e3d8d48000e26;0x7f07d8dc20ed
     0.28%     0.00%  c2d      [unknown]             [.] 0xdc0e3d8d48000e26
0.28% 0xdc0e3d8d48000e26;0x7f07d8dc20ed
     0.28%     0.00%  c2d      ld-linux-x86-64.so.2  [.] 0x00007f07d8dc20ed
0.28% 0x7f07d8dc20ed
     0.27%     0.27%  c2d      ld-linux-x86-64.so.2  [.] 0x0000000000022410
0.27% 0x6e696c2d646c0036;0x7f07d8dd2414
     0.27%     0.00%  c2d      [unknown]             [.] 0x6e696c2d646c0036
0.27% 0x6e696c2d646c0036;0x7f07d8dd2414
     0.27%     0.00%  c2d      ld-linux-x86-64.so.2  [.] 0x00007f07d8dd2414
0.27% 0x7f07d8dd2414
     0.27%     0.27%  c2d      [kernel.kallsyms]     [k] entry_SYSCALL_64
0.27% 0x7f07d8de38a8;0x7f07d8db8075;0x7f07d8db7262;entry_SYSCALL_64
     0.27%     0.00%  c2d      ld-linux-x86-64.so.2  [.] 0x00007f07d8db7262
0.27% 0x7f07d8db7262;entry_SYSCALL_64
     0.26%     0.26%  c2d      c2d                   [.] erase_level
0.26% 0x7f07d884624a;main;cnf2ddnnf_cmd_line;compile_cnf;compile_dt;compile_dt;compile_decomposed;lookup_or_compile_dt;compile_dt;compile_dt;compile_decomposed;lookup_or_compile_dt;compile_decomposed;lookup_or_compile_dt;compile_dt;compile_dt;compile_decomposed;lookup_or_compile_dt;compile_decomposed;lookup_or_compile_dt;compile_dt;undo_decide_literal;erase_level
     0.26%     0.00%  c2d      c2d                   [.] undo_decide_literal
0.26% undo_decide_literal;erase_level
     0.26%     0.00%  c2d      ld-linux-x86-64.so.2  [.] 0x00007f07d8dd0ae3
0.26% 0x7f07d8dd0ae3;entry_SYSCALL_64_after_hwframe;do_syscall_64;ksys_mmap_pgoff;vm_mmap_pgoff;do_mmap;mmap_region;do_mas_munmap;do_mas_align_munmap;__split_vma;vm_area_dup;kmem_cache_alloc;memcg_slab_post_alloc_hook;__rcu_read_lock
     0.26%     0.00%  c2d      [kernel.kallsyms]     [k] ksys_mmap_pgoff
0.26% ksys_mmap_pgoff;vm_mmap_pgoff;do_mmap;mmap_region;do_mas_munmap;do_mas_align_munmap;__split_vma;vm_area_dup;kmem_cache_alloc;memcg_slab_post_alloc_hook;__rcu_read_lock
     0.26%     0.00%  c2d      [kernel.kallsyms]     [k] vm_mmap_pgoff
0.26% vm_mmap_pgoff;do_mmap;mmap_region;do_mas_munmap;do_mas_align_munmap;__split_vma;vm_area_dup;kmem_cache_alloc;memcg_slab_post_alloc_hook;__rcu_read_lock
     0.26%     0.00%  c2d      [kernel.kallsyms]     [k] do_mmap
0.26% do_mmap;mmap_region;do_mas_munmap;do_mas_align_munmap;__split_vma;vm_area_dup;kmem_cache_alloc;memcg_slab_post_alloc_hook;__rcu_read_lock
     0.26%     0.00%  c2d      [kernel.kallsyms]     [k] mmap_region
0.26% mmap_region;do_mas_munmap;do_mas_align_munmap;__split_vma;vm_area_dup;kmem_cache_alloc;memcg_slab_post_alloc_hook;__rcu_read_lock
     0.26%     0.00%  c2d      [kernel.kallsyms]     [k] do_mas_munmap
0.26% do_mas_munmap;do_mas_align_munmap;__split_vma;vm_area_dup;kmem_cache_alloc;memcg_slab_post_alloc_hook;__rcu_read_lock
     0.26%     0.00%  c2d      [kernel.kallsyms]     [k] do_mas_align_munmap
0.26% do_mas_align_munmap;__split_vma;vm_area_dup;kmem_cache_alloc;memcg_slab_post_alloc_hook;__rcu_read_lock
     0.26%     0.00%  c2d      [kernel.kallsyms]     [k] __split_vma
0.26% __split_vma;vm_area_dup;kmem_cache_alloc;memcg_slab_post_alloc_hook;__rcu_read_lock
     0.26%     0.00%  c2d      [kernel.kallsyms]     [k] vm_area_dup
0.26% vm_area_dup;kmem_cache_alloc;memcg_slab_post_alloc_hook;__rcu_read_lock
     0.26%     0.00%  c2d      [kernel.kallsyms]     [k] kmem_cache_alloc
0.26% kmem_cache_alloc;memcg_slab_post_alloc_hook;__rcu_read_lock
     0.26%     0.00%  c2d      [kernel.kallsyms]     [k] memcg_slab_post_alloc_hook
0.26% memcg_slab_post_alloc_hook;__rcu_read_lock
     0.26%     0.26%  c2d      libc.so.6             [.] __libc_calloc
0.26% 0x7f07d884624a;main;cnf2ddnnf_cmd_line;construct_cnf_manager;construct_cnf_clauses;__libc_calloc
     0.26%     0.00%  c2d      c2d                   [.] construct_cnf_manager
0.26% construct_cnf_manager;construct_cnf_clauses;__libc_calloc
     0.26%     0.00%  c2d      c2d                   [.] construct_cnf_clauses
0.26% construct_cnf_clauses;__libc_calloc
     0.25%     0.00%  c2d      c2d                   [.] conjoin_nnfs_lits
0.25% conjoin_nnfs_lits;get_and_node;__irqentry_text_end
     0.25%     0.00%  c2d      c2d                   [.] get_and_node
0.25% get_and_node;__irqentry_text_end
     0.25%     0.25%  c2d      [kernel.kallsyms]     [k] iommu_dma_map_sg
0.25% 0;read;entry_SYSCALL_64_after_hwframe;do_syscall_64;ksys_read;vfs_read;xfs_file_read_iter;xfs_file_buffered_read;filemap_read;filemap_get_pages;page_cache_ra_order;read_pages;blk_finish_plug;__blk_flush_plug;blk_mq_flush_plug_list.part.0;blk_mq_sched_insert_requests;__blk_mq_run_hw_queue;blk_mq_sched_dispatch_requests;__blk_mq_sched_dispatch_requests;blk_mq_do_dispatch_sched;blk_mq_dispatch_rq_list;scsi_queue_rq;ata_scsi_queuecmd;__ata_scsi_queuecmd;ata_qc_issue;dma_map_sg_attrs;__dma_map_sg_attrs;iommu_dma_map_sg
     0.25%     0.00%  c2d      [kernel.kallsyms]     [k] page_cache_ra_order
0.25% page_cache_ra_order;read_pages;blk_finish_plug;__blk_flush_plug;blk_mq_flush_plug_list.part.0;blk_mq_sched_insert_requests;__blk_mq_run_hw_queue;blk_mq_sched_dispatch_requests;__blk_mq_sched_dispatch_requests;blk_mq_do_dispatch_sched;blk_mq_dispatch_rq_list;scsi_queue_rq;ata_scsi_queuecmd;__ata_scsi_queuecmd;ata_qc_issue;dma_map_sg_attrs;__dma_map_sg_attrs;iommu_dma_map_sg
     0.25%     0.00%  c2d      [kernel.kallsyms]     [k] read_pages
0.25% read_pages;blk_finish_plug;__blk_flush_plug;blk_mq_flush_plug_list.part.0;blk_mq_sched_insert_requests;__blk_mq_run_hw_queue;blk_mq_sched_dispatch_requests;__blk_mq_sched_dispatch_requests;blk_mq_do_dispatch_sched;blk_mq_dispatch_rq_list;scsi_queue_rq;ata_scsi_queuecmd;__ata_scsi_queuecmd;ata_qc_issue;dma_map_sg_attrs;__dma_map_sg_attrs;iommu_dma_map_sg
     0.25%     0.00%  c2d      [kernel.kallsyms]     [k] blk_finish_plug
0.25% blk_finish_plug;__blk_flush_plug;blk_mq_flush_plug_list.part.0;blk_mq_sched_insert_requests;__blk_mq_run_hw_queue;blk_mq_sched_dispatch_requests;__blk_mq_sched_dispatch_requests;blk_mq_do_dispatch_sched;blk_mq_dispatch_rq_list;scsi_queue_rq;ata_scsi_queuecmd;__ata_scsi_queuecmd;ata_qc_issue;dma_map_sg_attrs;__dma_map_sg_attrs;iommu_dma_map_sg
     0.25%     0.00%  c2d      [kernel.kallsyms]     [k] __blk_flush_plug
0.25% __blk_flush_plug;blk_mq_flush_plug_list.part.0;blk_mq_sched_insert_requests;__blk_mq_run_hw_queue;blk_mq_sched_dispatch_requests;__blk_mq_sched_dispatch_requests;blk_mq_do_dispatch_sched;blk_mq_dispatch_rq_list;scsi_queue_rq;ata_scsi_queuecmd;__ata_scsi_queuecmd;ata_qc_issue;dma_map_sg_attrs;__dma_map_sg_attrs;iommu_dma_map_sg
     0.25%     0.00%  c2d      [kernel.kallsyms]     [k] blk_mq_flush_plug_list.part.0
0.25% blk_mq_flush_plug_list.part.0;blk_mq_sched_insert_requests;__blk_mq_run_hw_queue;blk_mq_sched_dispatch_requests;__blk_mq_sched_dispatch_requests;blk_mq_do_dispatch_sched;blk_mq_dispatch_rq_list;scsi_queue_rq;ata_scsi_queuecmd;__ata_scsi_queuecmd;ata_qc_issue;dma_map_sg_attrs;__dma_map_sg_attrs;iommu_dma_map_sg
     0.25%     0.00%  c2d      [kernel.kallsyms]     [k] blk_mq_sched_insert_requests
0.25% blk_mq_sched_insert_requests;__blk_mq_run_hw_queue;blk_mq_sched_dispatch_requests;__blk_mq_sched_dispatch_requests;blk_mq_do_dispatch_sched;blk_mq_dispatch_rq_list;scsi_queue_rq;ata_scsi_queuecmd;__ata_scsi_queuecmd;ata_qc_issue;dma_map_sg_attrs;__dma_map_sg_attrs;iommu_dma_map_sg
     0.25%     0.00%  c2d      [kernel.kallsyms]     [k] __blk_mq_run_hw_queue
0.25% __blk_mq_run_hw_queue;blk_mq_sched_dispatch_requests;__blk_mq_sched_dispatch_requests;blk_mq_do_dispatch_sched;blk_mq_dispatch_rq_list;scsi_queue_rq;ata_scsi_queuecmd;__ata_scsi_queuecmd;ata_qc_issue;dma_map_sg_attrs;__dma_map_sg_attrs;iommu_dma_map_sg
     0.25%     0.00%  c2d      [kernel.kallsyms]     [k] blk_mq_sched_dispatch_requests
0.25% blk_mq_sched_dispatch_requests;__blk_mq_sched_dispatch_requests;blk_mq_do_dispatch_sched;blk_mq_dispatch_rq_list;scsi_queue_rq;ata_scsi_queuecmd;__ata_scsi_queuecmd;ata_qc_issue;dma_map_sg_attrs;__dma_map_sg_attrs;iommu_dma_map_sg
     0.25%     0.00%  c2d      [kernel.kallsyms]     [k] __blk_mq_sched_dispatch_requests
0.25% __blk_mq_sched_dispatch_requests;blk_mq_do_dispatch_sched;blk_mq_dispatch_rq_list;scsi_queue_rq;ata_scsi_queuecmd;__ata_scsi_queuecmd;ata_qc_issue;dma_map_sg_attrs;__dma_map_sg_attrs;iommu_dma_map_sg
     0.25%     0.00%  c2d      [kernel.kallsyms]     [k] blk_mq_do_dispatch_sched
0.25% blk_mq_do_dispatch_sched;blk_mq_dispatch_rq_list;scsi_queue_rq;ata_scsi_queuecmd;__ata_scsi_queuecmd;ata_qc_issue;dma_map_sg_attrs;__dma_map_sg_attrs;iommu_dma_map_sg
     0.25%     0.00%  c2d      [kernel.kallsyms]     [k] blk_mq_dispatch_rq_list
0.25% blk_mq_dispatch_rq_list;scsi_queue_rq;ata_scsi_queuecmd;__ata_scsi_queuecmd;ata_qc_issue;dma_map_sg_attrs;__dma_map_sg_attrs;iommu_dma_map_sg
     0.25%     0.00%  c2d      [scsi_mod]            [k] scsi_queue_rq
0.25% scsi_queue_rq;ata_scsi_queuecmd;__ata_scsi_queuecmd;ata_qc_issue;dma_map_sg_attrs;__dma_map_sg_attrs;iommu_dma_map_sg
     0.25%     0.00%  c2d      [libata]              [k] ata_scsi_queuecmd
0.25% ata_scsi_queuecmd;__ata_scsi_queuecmd;ata_qc_issue;dma_map_sg_attrs;__dma_map_sg_attrs;iommu_dma_map_sg
     0.25%     0.00%  c2d      [libata]              [k] __ata_scsi_queuecmd
0.25% __ata_scsi_queuecmd;ata_qc_issue;dma_map_sg_attrs;__dma_map_sg_attrs;iommu_dma_map_sg
     0.25%     0.00%  c2d      [libata]              [k] ata_qc_issue
0.25% ata_qc_issue;dma_map_sg_attrs;__dma_map_sg_attrs;iommu_dma_map_sg
     0.25%     0.00%  c2d      [kernel.kallsyms]     [k] dma_map_sg_attrs
0.25% dma_map_sg_attrs;__dma_map_sg_attrs;iommu_dma_map_sg
     0.25%     0.00%  c2d      [kernel.kallsyms]     [k] __dma_map_sg_attrs
0.25% __dma_map_sg_attrs;iommu_dma_map_sg
     0.25%     0.25%  c2d      libc.so.6             [.] 0x00000000000951a6
0.25% 0x7f07d88b41aa
     0.25%     0.00%  c2d      libc.so.6             [.] 0x00007f07d88b41aa
0.25% 0x7f07d88b41aa
     0.24%     0.00%  c2d      [unknown]             [k] 0x3d524553574f5242
0.24% 0x3d524553574f5242;0x7ffda03d19e4;0x7f07d8dc38e4;asm_exc_page_fault;exc_page_fault;do_user_addr_fault;lock_mm_and_find_vma;find_vma;mt_find;__rcu_read_lock
     0.24%     0.00%  c2d      [unknown]             [k] 0x00007ffda03d19e4
0.24% 0x7ffda03d19e4;0x7f07d8dc38e4;asm_exc_page_fault;exc_page_fault;do_user_addr_fault;lock_mm_and_find_vma;find_vma;mt_find;__rcu_read_lock
     0.24%     0.00%  c2d      ld-linux-x86-64.so.2  [.] 0x00007f07d8dc38e4
0.24% 0x7f07d8dc38e4;asm_exc_page_fault;exc_page_fault;do_user_addr_fault;lock_mm_and_find_vma;find_vma;mt_find;__rcu_read_lock
     0.24%     0.00%  c2d      [kernel.kallsyms]     [k] lock_mm_and_find_vma
0.24% lock_mm_and_find_vma;find_vma;mt_find;__rcu_read_lock
     0.24%     0.00%  c2d      [kernel.kallsyms]     [k] find_vma
0.24% find_vma;mt_find;__rcu_read_lock
     0.24%     0.00%  c2d      [kernel.kallsyms]     [k] mt_find
0.24% mt_find;__rcu_read_lock
     0.23%     0.23%  c2d      [xfs]                 [k] xfs_mod_freecounter
0.23% 0x72656c69706d6f63;write;entry_SYSCALL_64_after_hwframe;do_syscall_64;ksys_write;vfs_write;xfs_file_buffered_write;iomap_file_buffered_write;iomap_iter;xfs_buffered_write_iomap_begin;xfs_bmapi_reserve_delalloc;xfs_mod_freecounter
     0.23%     0.00%  c2d      [unknown]             [k] 0x72656c69706d6f63
0.23% 0x72656c69706d6f63;write;entry_SYSCALL_64_after_hwframe;do_syscall_64;ksys_write;vfs_write;xfs_file_buffered_write;iomap_file_buffered_write;iomap_iter;xfs_buffered_write_iomap_begin;xfs_bmapi_reserve_delalloc;xfs_mod_freecounter
     0.23%     0.00%  c2d      libc.so.6             [.] write
0.23% write;entry_SYSCALL_64_after_hwframe;do_syscall_64;ksys_write;vfs_write;xfs_file_buffered_write;iomap_file_buffered_write;iomap_iter;xfs_buffered_write_iomap_begin;xfs_bmapi_reserve_delalloc;xfs_mod_freecounter
     0.23%     0.00%  c2d      [kernel.kallsyms]     [k] ksys_write
0.23% ksys_write;vfs_write;xfs_file_buffered_write;iomap_file_buffered_write;iomap_iter;xfs_buffered_write_iomap_begin;xfs_bmapi_reserve_delalloc;xfs_mod_freecounter
     0.23%     0.00%  c2d      [kernel.kallsyms]     [k] vfs_write
0.23% vfs_write;xfs_file_buffered_write;iomap_file_buffered_write;iomap_iter;xfs_buffered_write_iomap_begin;xfs_bmapi_reserve_delalloc;xfs_mod_freecounter
     0.23%     0.00%  c2d      [xfs]                 [k] xfs_file_buffered_write
0.23% xfs_file_buffered_write;iomap_file_buffered_write;iomap_iter;xfs_buffered_write_iomap_begin;xfs_bmapi_reserve_delalloc;xfs_mod_freecounter
     0.23%     0.00%  c2d      [kernel.kallsyms]     [k] iomap_file_buffered_write
0.23% iomap_file_buffered_write;iomap_iter;xfs_buffered_write_iomap_begin;xfs_bmapi_reserve_delalloc;xfs_mod_freecounter
     0.23%     0.00%  c2d      [kernel.kallsyms]     [k] iomap_iter
0.23% iomap_iter;xfs_buffered_write_iomap_begin;xfs_bmapi_reserve_delalloc;xfs_mod_freecounter
     0.23%     0.00%  c2d      [xfs]                 [k] xfs_buffered_write_iomap_begin
0.23% xfs_buffered_write_iomap_begin;xfs_bmapi_reserve_delalloc;xfs_mod_freecounter
     0.23%     0.00%  c2d      [xfs]                 [k] xfs_bmapi_reserve_delalloc
0.23% xfs_bmapi_reserve_delalloc;xfs_mod_freecounter
     0.19%     0.19%  c2d      [kernel.kallsyms]     [k] do_brk_flags
0.19% 0x7f46ca6f3a97;entry_SYSCALL_64_after_hwframe;do_syscall_64;__x64_sys_execve;do_execveat_common.isra.0;bprm_execve;load_elf_binary;set_brk;vm_brk_flags;do_brk_flags
     0.19%     0.00%  c2d      [kernel.kallsyms]     [k] set_brk
0.19% set_brk;vm_brk_flags;do_brk_flags
     0.19%     0.00%  c2d      [kernel.kallsyms]     [k] vm_brk_flags
0.19% vm_brk_flags;do_brk_flags
     0.16%     0.00%  c2d      [unknown]             [k] 0x6b6e550a00642520
0.16% 0x6b6e550a00642520;__isoc99_sscanf;0x7f07d8882883;asm_exc_page_fault;exc_page_fault;do_user_addr_fault;handle_mm_fault;__handle_mm_fault;do_fault;filemap_map_pages;next_uptodate_page
     0.16%     0.00%  c2d      libc.so.6             [.] __isoc99_sscanf
0.16% __isoc99_sscanf;0x7f07d8882883;asm_exc_page_fault;exc_page_fault;do_user_addr_fault;handle_mm_fault;__handle_mm_fault;do_fault;filemap_map_pages;next_uptodate_page
     0.16%     0.00%  c2d      libc.so.6             [.] 0x00007f07d8882883
0.16% 0x7f07d8882883;asm_exc_page_fault;exc_page_fault;do_user_addr_fault;handle_mm_fault;__handle_mm_fault;do_fault;filemap_map_pages;next_uptodate_page
     0.09%     0.09%  c2d      [kernel.kallsyms]     [k] mprotect_fixup
0.09% 0x7f46ca6f3a97;entry_SYSCALL_64_after_hwframe;do_syscall_64;__x64_sys_execve;do_execveat_common.isra.0;bprm_execve;load_elf_binary;setup_arg_pages;mprotect_fixup
     0.09%     0.00%  c2d      [kernel.kallsyms]     [k] setup_arg_pages
0.09% setup_arg_pages;mprotect_fixup
     0.06%     0.06%  c2d      [kernel.kallsyms]     [k] mem_cgroup_handle_over_high
0.06% 0;read;entry_SYSCALL_64_after_hwframe;do_syscall_64;syscall_exit_to_user_mode;exit_to_user_mode_prepare;mem_cgroup_handle_over_high
     0.06%     0.00%  c2d      [kernel.kallsyms]     [k] syscall_exit_to_user_mode
0.06% syscall_exit_to_user_mode;exit_to_user_mode_prepare;mem_cgroup_handle_over_high
     0.06%     0.00%  c2d      [kernel.kallsyms]     [k] exit_to_user_mode_prepare
0.06% exit_to_user_mode_prepare;mem_cgroup_handle_over_high
     0.02%     0.00%  perf-ex  [unknown]             [k] 0x00007f46ca6f3a97
0.02% 0x7f46ca6f3a97;entry_SYSCALL_64_after_hwframe;do_syscall_64;__x64_sys_execve;do_execveat_common.isra.0;bprm_execve;load_elf_binary;begin_new_exec;perf_event_exec
     0.02%     0.00%  perf-ex  [kernel.kallsyms]     [k] entry_SYSCALL_64_after_hwframe
0.02% entry_SYSCALL_64_after_hwframe;do_syscall_64;__x64_sys_execve;do_execveat_common.isra.0;bprm_execve;load_elf_binary;begin_new_exec;perf_event_exec
     0.02%     0.02%  perf-ex  [kernel.kallsyms]     [k] perf_event_exec
0.02% 0x7f46ca6f3a97;entry_SYSCALL_64_after_hwframe;do_syscall_64;__x64_sys_execve;do_execveat_common.isra.0;bprm_execve;load_elf_binary;begin_new_exec;perf_event_exec
     0.02%     0.00%  perf-ex  [kernel.kallsyms]     [k] do_syscall_64
0.02% do_syscall_64;__x64_sys_execve;do_execveat_common.isra.0;bprm_execve;load_elf_binary;begin_new_exec;perf_event_exec
     0.02%     0.00%  perf-ex  [kernel.kallsyms]     [k] __x64_sys_execve
0.02% __x64_sys_execve;do_execveat_common.isra.0;bprm_execve;load_elf_binary;begin_new_exec;perf_event_exec
     0.02%     0.00%  perf-ex  [kernel.kallsyms]     [k] do_execveat_common.isra.0
0.02% do_execveat_common.isra.0;bprm_execve;load_elf_binary;begin_new_exec;perf_event_exec
     0.02%     0.00%  perf-ex  [kernel.kallsyms]     [k] bprm_execve
0.02% bprm_execve;load_elf_binary;begin_new_exec;perf_event_exec
     0.02%     0.00%  perf-ex  [kernel.kallsyms]     [k] load_elf_binary
0.02% load_elf_binary;begin_new_exec;perf_event_exec
     0.02%     0.00%  perf-ex  [kernel.kallsyms]     [k] begin_new_exec
0.02% begin_new_exec;perf_event_exec
     0.00%     0.00%  perf-ex  [kernel.kallsyms]     [k] native_write_msr
     0.00%     0.00%  perf-ex  [kernel.kallsyms]     [k] __intel_pmu_enable_all.constprop.0
     0.00%     0.00%  c2d      [kernel.kallsyms]     [k] native_write_msr
     0.00%     0.00%  c2d      [kernel.kallsyms]     [k] finish_task_switch.isra.0
     0.00%     0.00%  c2d      [kernel.kallsyms]     [k] __perf_event_task_sched_in
     0.00%     0.00%  c2d      [kernel.kallsyms]     [k] __intel_pmu_enable_all.constprop.0
     0.00%     0.00%  perf-ex  [kernel.kallsyms]     [k] fill_pte
     0.00%     0.00%  c2d      [kernel.kallsyms]     [k] ghes_copy_tofrom_phys
     0.00%     0.00%  perf-ex  [kernel.kallsyms]     [k] nmi_cpu_backtrace_handler
     0.00%     0.00%  c2d      [kernel.kallsyms]     [k] __static_call_text_end


#
# (Tip: Skip collecting build-id when recording: perf record -B)
#
