# To display the perf.data header info, please use --header/--header-only options.
#
#
# Total Lost Samples: 0
#
# Samples: 356  of event 'cycles'
# Event count (approx.): 237989984
#
# Children      Self  Command  Shared Object         Symbol                                                               
# ........  ........  .......  ....................  .....................................................................
#
    92.88%     0.00%  c2d      libc.so.6             [.] 0x00007febeff6724a
89.80% 0x7febeff6724a;main;cnf2ddnnf_cmd_line;free_cache_manager
0.58% 0x7febeff6724a;main;cnf2ddnnf_cmd_line;free_cache_manager;__irqentry_text_end
0.30% 0x7febeff6724a;main;cnf2ddnnf_cmd_line;free_cache_manager;asm_exc_page_fault;exc_page_fault;do_user_addr_fault;up_read
0.30% 0x7febeff6724a;main;cnf2ddnnf_cmd_line;free_cache_manager;asm_exc_page_fault;exc_page_fault;do_user_addr_fault;handle_mm_fault;__handle_mm_fault;do_huge_pmd_anonymous_page;pte_alloc_one;__alloc_pages;get_page_from_freelist;__list_del_entry_valid
0.30% 0x7febeff6724a;main;cnf2ddnnf_cmd_line;free_cache_manager;asm_exc_page_fault;exc_page_fault;do_user_addr_fault;handle_mm_fault;__handle_mm_fault
0.28% 0x7febeff6724a;main;0x7febf04a807f;asm_exc_page_fault;exc_page_fault;do_user_addr_fault;handle_mm_fault;__handle_mm_fault;vma_alloc_folio;__folio_alloc;__alloc_pages;get_page_from_freelist;clear_page_rep
0.28% 0x7febeff6724a;main;cnf2ddnnf_cmd_line;free_cache_manager;asm_exc_page_fault;exc_page_fault;do_user_addr_fault;lock_mm_and_find_vma
0.27% 0x7febeff6724a;main;cnf2ddnnf_cmd_line;compile_cnf;compile_dt;compile_dt;compile_decomposed;lookup_or_compile_dt;compile_dt;compile_dt;compile_decomposed;lookup_or_compile_dt;compile_decomposed;lookup_or_compile_dt;compile_dt;compile_dt;compile_decomposed;lookup_or_compile_dt;compile_decomposed;lookup_or_compile_dt;compile_dt;compile_dt;compile_decomposed;lookup_or_compile_dt;compile_decomposed;lookup_or_compile_dt;compile_dt;compile_dt;compile_decomposed;lookup_or_compile_dt;compile_decomposed;lookup_or_compile_dt;compile_dt;compile_dt;compile_decomposed;lookup_or_compile_dt;compile_decomposed;lookup_or_compile_dt;compile_decomposed;lookup_or_compile_dt;compile_dt;compile_dt;compile_decomposed;lookup_or_compile_dt;compile_decomposed;lookup_or_compile_dt;compile_decomposed;lookup_or_compile_dt;compile_dt;compile_dt;compile_decomposed;lookup_or_compile_dt;compile_decomposed;lookup_or_compile_dt;compile_decomposed;lookup_or_compile_dt;compile_dt;compile_dt;compile_decomposed;conjoin_nnfs_lits;conjoin_relevant_lits;get_and_node;asm_exc_page_fault;exc_page_fault;do_user_addr_fault;handle_mm_fault;__handle_mm_fault;do_huge_pmd_anonymous_page;pte_alloc_one;__alloc_pages;get_page_from_freelist;_raw_spin_trylock
0.27% 0x7febeff6724a;main;cnf2ddnnf_cmd_line;compile_cnf;compile_dt;compile_dt;compile_decomposed;lookup_or_compile_dt;compile_dt;compile_dt;compile_decomposed;lookup_or_compile_dt;compile_decomposed;lookup_or_compile_dt;compile_dt;compile_dt;compile_decomposed;lookup_or_compile_dt;compile_decomposed;lookup_or_compile_dt;compile_decomposed;lookup_or_compile_dt;compile_decomposed;lookup_or_compile_dt;compile_decomposed;lookup_or_compile_dt;compile_decomposed;lookup_or_compile_dt;compile_decomposed;lookup_or_compile_dt;compile_decomposed;lookup_or_compile_dt;compile_decomposed;lookup_or_compile_dt;compile_decomposed;lookup_or_compile_dt;compile_decomposed;lookup_or_compile_dt;compile_decomposed;lookup_or_compile_dt;compile_decomposed;lookup_or_compile_dt;compile_decomposed;lookup_or_compile_dt;compile_decomposed;lookup_or_compile_dt;compile_decomposed;lookup_or_compile_dt;compile_decomposed;lookup_or_compile_dt;compile_decomposed;lookup_or_compile_dt;compile_decomposed;lookup_or_compile_dt;compile_decomposed;lookup_or_compile_dt;compile_decomposed;lookup_or_compile_dt;compile_decomposed;lookup_or_compile_dt;insert_cnf_cache;add_cache_entry;asm_exc_page_fault;exc_page_fault;do_user_addr_fault;handle_mm_fault;__handle_mm_fault;do_huge_pmd_wp_page;__split_huge_pmd
0.26% 0x7febeff6724a;main;cnf2ddnnf_cmd_line;compile_cnf;compile_dt;compile_dt;compile_decomposed;lookup_or_compile_dt;compile_decomposed;lookup_or_compile_dt;compile_decomposed;lookup_or_compile_dt;compile_decomposed;lookup_or_compile_dt;compile_decomposed;lookup_or_compile_dt;compile_decomposed;lookup_or_compile_dt;compile_decomposed;lookup_or_compile_dt;compile_decomposed;lookup_or_compile_dt;compile_decomposed;lookup_or_compile_dt;compile_decomposed;lookup_or_compile_dt;compile_decomposed;lookup_or_compile_dt;compile_decomposed;lookup_or_compile_dt;compile_decomposed;lookup_or_compile_dt;compile_decomposed;lookup_or_compile_dt;compile_decomposed;lookup_or_compile_dt;compile_decomposed;lookup_or_compile_dt;compile_decomposed;lookup_or_compile_dt;compile_decomposed;lookup_or_compile_dt;compile_decomposed;lookup_or_compile_dt;compile_decomposed;lookup_or_compile_dt;compile_decomposed
0.23% 0x7febeff6724a;main;cnf2ddnnf_cmd_line;load_hdtree_from_file;dtree_skeleton2hdtree;initialize_hdtree;initialize_hdtree;initialize_hdtree;initialize_hdtree;initialize_hdtree;initialize_hdtree;initialize_hdtree;initialize_hdtree;initialize_hdtree;initialize_hdtree;initialize_hdtree;initialize_hdtree;initialize_hdtree;initialize_hdtree;initialize_hdtree;initialize_hdtree;initialize_hdtree;initialize_hdtree;initialize_hdtree;initialize_hdtree;initialize_hdtree;initialize_hdtree;initialize_hdtree;initialize_hdtree;edges_intersection
    92.88%     0.00%  c2d      c2d                   [.] main
89.80% main;cnf2ddnnf_cmd_line;free_cache_manager
0.58% main;cnf2ddnnf_cmd_line;free_cache_manager;__irqentry_text_end
0.30% main;cnf2ddnnf_cmd_line;free_cache_manager;asm_exc_page_fault;exc_page_fault;do_user_addr_fault;up_read
0.30% main;cnf2ddnnf_cmd_line;free_cache_manager;asm_exc_page_fault;exc_page_fault;do_user_addr_fault;handle_mm_fault;__handle_mm_fault;do_huge_pmd_anonymous_page;pte_alloc_one;__alloc_pages;get_page_from_freelist;__list_del_entry_valid
0.30% main;cnf2ddnnf_cmd_line;free_cache_manager;asm_exc_page_fault;exc_page_fault;do_user_addr_fault;handle_mm_fault;__handle_mm_fault
0.28% main;0x7febf04a807f;asm_exc_page_fault;exc_page_fault;do_user_addr_fault;handle_mm_fault;__handle_mm_fault;vma_alloc_folio;__folio_alloc;__alloc_pages;get_page_from_freelist;clear_page_rep
0.28% main;cnf2ddnnf_cmd_line;free_cache_manager;asm_exc_page_fault;exc_page_fault;do_user_addr_fault;lock_mm_and_find_vma
0.27% main;cnf2ddnnf_cmd_line;compile_cnf;compile_dt;compile_dt;compile_decomposed;lookup_or_compile_dt;compile_dt;compile_dt;compile_decomposed;lookup_or_compile_dt;compile_decomposed;lookup_or_compile_dt;compile_dt;compile_dt;compile_decomposed;lookup_or_compile_dt;compile_decomposed;lookup_or_compile_dt;compile_dt;compile_dt;compile_decomposed;lookup_or_compile_dt;compile_decomposed;lookup_or_compile_dt;compile_dt;compile_dt;compile_decomposed;lookup_or_compile_dt;compile_decomposed;lookup_or_compile_dt;compile_dt;compile_dt;compile_decomposed;lookup_or_compile_dt;compile_decomposed;lookup_or_compile_dt;compile_decomposed;lookup_or_compile_dt;compile_dt;compile_dt;compile_decomposed;lookup_or_compile_dt;compile_decomposed;lookup_or_compile_dt;compile_decomposed;lookup_or_compile_dt;compile_dt;compile_dt;compile_decomposed;lookup_or_compile_dt;compile_decomposed;lookup_or_compile_dt;compile_decomposed;lookup_or_compile_dt;compile_dt;compile_dt;compile_decomposed;conjoin_nnfs_lits;conjoin_relevant_lits;get_and_node;asm_exc_page_fault;exc_page_fault;do_user_addr_fault;handle_mm_fault;__handle_mm_fault;do_huge_pmd_anonymous_page;pte_alloc_one;__alloc_pages;get_page_from_freelist;_raw_spin_trylock
0.27% main;cnf2ddnnf_cmd_line;compile_cnf;compile_dt;compile_dt;compile_decomposed;lookup_or_compile_dt;compile_dt;compile_dt;compile_decomposed;lookup_or_compile_dt;compile_decomposed;lookup_or_compile_dt;compile_dt;compile_dt;compile_decomposed;lookup_or_compile_dt;compile_decomposed;lookup_or_compile_dt;compile_decomposed;lookup_or_compile_dt;compile_decomposed;lookup_or_compile_dt;compile_decomposed;lookup_or_compile_dt;compile_decomposed;lookup_or_compile_dt;compile_decomposed;lookup_or_compile_dt;compile_decomposed;lookup_or_compile_dt;compile_decomposed;lookup_or_compile_dt;compile_decomposed;lookup_or_compile_dt;compile_decomposed;lookup_or_compile_dt;compile_decomposed;lookup_or_compile_dt;compile_decomposed;lookup_or_compile_dt;compile_decomposed;lookup_or_compile_dt;compile_decomposed;lookup_or_compile_dt;compile_decomposed;lookup_or_compile_dt;compile_decomposed;lookup_or_compile_dt;compile_decomposed;lookup_or_compile_dt;compile_decomposed;lookup_or_compile_dt;compile_decomposed;lookup_or_compile_dt;compile_decomposed;lookup_or_compile_dt;compile_decomposed;lookup_or_compile_dt;insert_cnf_cache;add_cache_entry;asm_exc_page_fault;exc_page_fault;do_user_addr_fault;handle_mm_fault;__handle_mm_fault;do_huge_pmd_wp_page;__split_huge_pmd
0.26% main;cnf2ddnnf_cmd_line;compile_cnf;compile_dt;compile_dt;compile_decomposed;lookup_or_compile_dt;compile_decomposed;lookup_or_compile_dt;compile_decomposed;lookup_or_compile_dt;compile_decomposed;lookup_or_compile_dt;compile_decomposed;lookup_or_compile_dt;compile_decomposed;lookup_or_compile_dt;compile_decomposed;lookup_or_compile_dt;compile_decomposed;lookup_or_compile_dt;compile_decomposed;lookup_or_compile_dt;compile_decomposed;lookup_or_compile_dt;compile_decomposed;lookup_or_compile_dt;compile_decomposed;lookup_or_compile_dt;compile_decomposed;lookup_or_compile_dt;compile_decomposed;lookup_or_compile_dt;compile_decomposed;lookup_or_compile_dt;compile_decomposed;lookup_or_compile_dt;compile_decomposed;lookup_or_compile_dt;compile_decomposed;lookup_or_compile_dt;compile_decomposed;lookup_or_compile_dt;compile_decomposed;lookup_or_compile_dt;compile_decomposed
0.23% main;cnf2ddnnf_cmd_line;load_hdtree_from_file;dtree_skeleton2hdtree;initialize_hdtree;initialize_hdtree;initialize_hdtree;initialize_hdtree;initialize_hdtree;initialize_hdtree;initialize_hdtree;initialize_hdtree;initialize_hdtree;initialize_hdtree;initialize_hdtree;initialize_hdtree;initialize_hdtree;initialize_hdtree;initialize_hdtree;initialize_hdtree;initialize_hdtree;initialize_hdtree;initialize_hdtree;initialize_hdtree;initialize_hdtree;initialize_hdtree;initialize_hdtree;initialize_hdtree;edges_intersection
    92.59%     0.00%  c2d      c2d                   [.] cnf2ddnnf_cmd_line
89.80% cnf2ddnnf_cmd_line;free_cache_manager
0.58% cnf2ddnnf_cmd_line;free_cache_manager;__irqentry_text_end
0.30% cnf2ddnnf_cmd_line;free_cache_manager;asm_exc_page_fault;exc_page_fault;do_user_addr_fault;up_read
0.30% cnf2ddnnf_cmd_line;free_cache_manager;asm_exc_page_fault;exc_page_fault;do_user_addr_fault;handle_mm_fault;__handle_mm_fault;do_huge_pmd_anonymous_page;pte_alloc_one;__alloc_pages;get_page_from_freelist;__list_del_entry_valid
0.30% cnf2ddnnf_cmd_line;free_cache_manager;asm_exc_page_fault;exc_page_fault;do_user_addr_fault;handle_mm_fault;__handle_mm_fault
0.28% cnf2ddnnf_cmd_line;free_cache_manager;asm_exc_page_fault;exc_page_fault;do_user_addr_fault;lock_mm_and_find_vma
0.27% cnf2ddnnf_cmd_line;compile_cnf;compile_dt;compile_dt;compile_decomposed;lookup_or_compile_dt;compile_dt;compile_dt;compile_decomposed;lookup_or_compile_dt;compile_decomposed;lookup_or_compile_dt;compile_dt;compile_dt;compile_decomposed;lookup_or_compile_dt;compile_decomposed;lookup_or_compile_dt;compile_dt;compile_dt;compile_decomposed;lookup_or_compile_dt;compile_decomposed;lookup_or_compile_dt;compile_dt;compile_dt;compile_decomposed;lookup_or_compile_dt;compile_decomposed;lookup_or_compile_dt;compile_dt;compile_dt;compile_decomposed;lookup_or_compile_dt;compile_decomposed;lookup_or_compile_dt;compile_decomposed;lookup_or_compile_dt;compile_dt;compile_dt;compile_decomposed;lookup_or_compile_dt;compile_decomposed;lookup_or_compile_dt;compile_decomposed;lookup_or_compile_dt;compile_dt;compile_dt;compile_decomposed;lookup_or_compile_dt;compile_decomposed;lookup_or_compile_dt;compile_decomposed;lookup_or_compile_dt;compile_dt;compile_dt;compile_decomposed;conjoin_nnfs_lits;conjoin_relevant_lits;get_and_node;asm_exc_page_fault;exc_page_fault;do_user_addr_fault;handle_mm_fault;__handle_mm_fault;do_huge_pmd_anonymous_page;pte_alloc_one;__alloc_pages;get_page_from_freelist;_raw_spin_trylock
0.27% cnf2ddnnf_cmd_line;compile_cnf;compile_dt;compile_dt;compile_decomposed;lookup_or_compile_dt;compile_dt;compile_dt;compile_decomposed;lookup_or_compile_dt;compile_decomposed;lookup_or_compile_dt;compile_dt;compile_dt;compile_decomposed;lookup_or_compile_dt;compile_decomposed;lookup_or_compile_dt;compile_decomposed;lookup_or_compile_dt;compile_decomposed;lookup_or_compile_dt;compile_decomposed;lookup_or_compile_dt;compile_decomposed;lookup_or_compile_dt;compile_decomposed;lookup_or_compile_dt;compile_decomposed;lookup_or_compile_dt;compile_decomposed;lookup_or_compile_dt;compile_decomposed;lookup_or_compile_dt;compile_decomposed;lookup_or_compile_dt;compile_decomposed;lookup_or_compile_dt;compile_decomposed;lookup_or_compile_dt;compile_decomposed;lookup_or_compile_dt;compile_decomposed;lookup_or_compile_dt;compile_decomposed;lookup_or_compile_dt;compile_decomposed;lookup_or_compile_dt;compile_decomposed;lookup_or_compile_dt;compile_decomposed;lookup_or_compile_dt;compile_decomposed;lookup_or_compile_dt;compile_decomposed;lookup_or_compile_dt;compile_decomposed;lookup_or_compile_dt;insert_cnf_cache;add_cache_entry;asm_exc_page_fault;exc_page_fault;do_user_addr_fault;handle_mm_fault;__handle_mm_fault;do_huge_pmd_wp_page;__split_huge_pmd
0.26% cnf2ddnnf_cmd_line;compile_cnf;compile_dt;compile_dt;compile_decomposed;lookup_or_compile_dt;compile_decomposed;lookup_or_compile_dt;compile_decomposed;lookup_or_compile_dt;compile_decomposed;lookup_or_compile_dt;compile_decomposed;lookup_or_compile_dt;compile_decomposed;lookup_or_compile_dt;compile_decomposed;lookup_or_compile_dt;compile_decomposed;lookup_or_compile_dt;compile_decomposed;lookup_or_compile_dt;compile_decomposed;lookup_or_compile_dt;compile_decomposed;lookup_or_compile_dt;compile_decomposed;lookup_or_compile_dt;compile_decomposed;lookup_or_compile_dt;compile_decomposed;lookup_or_compile_dt;compile_decomposed;lookup_or_compile_dt;compile_decomposed;lookup_or_compile_dt;compile_decomposed;lookup_or_compile_dt;compile_decomposed;lookup_or_compile_dt;compile_decomposed;lookup_or_compile_dt;compile_decomposed;lookup_or_compile_dt;compile_decomposed
0.23% cnf2ddnnf_cmd_line;load_hdtree_from_file;dtree_skeleton2hdtree;initialize_hdtree;initialize_hdtree;initialize_hdtree;initialize_hdtree;initialize_hdtree;initialize_hdtree;initialize_hdtree;initialize_hdtree;initialize_hdtree;initialize_hdtree;initialize_hdtree;initialize_hdtree;initialize_hdtree;initialize_hdtree;initialize_hdtree;initialize_hdtree;initialize_hdtree;initialize_hdtree;initialize_hdtree;initialize_hdtree;initialize_hdtree;initialize_hdtree;initialize_hdtree;initialize_hdtree;edges_intersection
    91.57%    89.80%  c2d      c2d                   [.] free_cache_manager
89.80% 0x7febeff6724a;main;cnf2ddnnf_cmd_line;free_cache_manager
0.58% free_cache_manager;__irqentry_text_end
0.30% free_cache_manager;asm_exc_page_fault;exc_page_fault;do_user_addr_fault;up_read
0.30% free_cache_manager;asm_exc_page_fault;exc_page_fault;do_user_addr_fault;handle_mm_fault;__handle_mm_fault;do_huge_pmd_anonymous_page;pte_alloc_one;__alloc_pages;get_page_from_freelist;__list_del_entry_valid
0.30% free_cache_manager;asm_exc_page_fault;exc_page_fault;do_user_addr_fault;handle_mm_fault;__handle_mm_fault
0.28% free_cache_manager;asm_exc_page_fault;exc_page_fault;do_user_addr_fault;lock_mm_and_find_vma
     3.81%     0.00%  c2d      [kernel.kallsyms]     [k] asm_exc_page_fault
0.56% asm_exc_page_fault;exc_page_fault;do_user_addr_fault;handle_mm_fault;__handle_mm_fault
0.54% asm_exc_page_fault;exc_page_fault;do_user_addr_fault;handle_mm_fault;__handle_mm_fault;do_fault;filemap_map_pages;next_uptodate_page
0.30% asm_exc_page_fault;exc_page_fault;do_user_addr_fault;up_read
0.30% asm_exc_page_fault;exc_page_fault;do_user_addr_fault;handle_mm_fault;__handle_mm_fault;do_huge_pmd_anonymous_page;pte_alloc_one;__alloc_pages;get_page_from_freelist;__list_del_entry_valid
0.28% asm_exc_page_fault;exc_page_fault;do_user_addr_fault;handle_mm_fault;__handle_mm_fault;vma_alloc_folio;__folio_alloc;__alloc_pages;get_page_from_freelist;clear_page_rep
0.28% asm_exc_page_fault;exc_page_fault;do_user_addr_fault;lock_mm_and_find_vma
0.27% asm_exc_page_fault;exc_page_fault;do_user_addr_fault;handle_mm_fault;__handle_mm_fault;do_huge_pmd_anonymous_page;pte_alloc_one;__alloc_pages;get_page_from_freelist;_raw_spin_trylock
0.27% asm_exc_page_fault
0.27% asm_exc_page_fault;exc_page_fault;do_user_addr_fault;handle_mm_fault;__handle_mm_fault;do_huge_pmd_wp_page;__split_huge_pmd
0.25% asm_exc_page_fault;exc_page_fault;do_user_addr_fault;handle_mm_fault;__handle_mm_fault;do_fault;filemap_map_pages;do_set_pte
0.24% asm_exc_page_fault;exc_page_fault;do_user_addr_fault;handle_mm_fault;__handle_mm_fault;do_fault;xfs_filemap_map_pages;filemap_map_pages
0.23% asm_exc_page_fault;exc_page_fault;do_user_addr_fault;handle_mm_fault;__handle_mm_fault;vma_alloc_folio;__folio_alloc;__alloc_pages;get_page_from_freelist;__list_del_entry_valid
     3.54%     0.00%  c2d      [kernel.kallsyms]     [k] exc_page_fault
0.56% exc_page_fault;do_user_addr_fault;handle_mm_fault;__handle_mm_fault
0.54% exc_page_fault;do_user_addr_fault;handle_mm_fault;__handle_mm_fault;do_fault;filemap_map_pages;next_uptodate_page
0.30% exc_page_fault;do_user_addr_fault;up_read
0.30% exc_page_fault;do_user_addr_fault;handle_mm_fault;__handle_mm_fault;do_huge_pmd_anonymous_page;pte_alloc_one;__alloc_pages;get_page_from_freelist;__list_del_entry_valid
0.28% exc_page_fault;do_user_addr_fault;handle_mm_fault;__handle_mm_fault;vma_alloc_folio;__folio_alloc;__alloc_pages;get_page_from_freelist;clear_page_rep
0.28% exc_page_fault;do_user_addr_fault;lock_mm_and_find_vma
0.27% exc_page_fault;do_user_addr_fault;handle_mm_fault;__handle_mm_fault;do_huge_pmd_anonymous_page;pte_alloc_one;__alloc_pages;get_page_from_freelist;_raw_spin_trylock
0.27% exc_page_fault;do_user_addr_fault;handle_mm_fault;__handle_mm_fault;do_huge_pmd_wp_page;__split_huge_pmd
0.25% exc_page_fault;do_user_addr_fault;handle_mm_fault;__handle_mm_fault;do_fault;filemap_map_pages;do_set_pte
0.24% exc_page_fault;do_user_addr_fault;handle_mm_fault;__handle_mm_fault;do_fault;xfs_filemap_map_pages;filemap_map_pages
0.23% exc_page_fault;do_user_addr_fault;handle_mm_fault;__handle_mm_fault;vma_alloc_folio;__folio_alloc;__alloc_pages;get_page_from_freelist;__list_del_entry_valid
     3.54%     0.00%  c2d      [kernel.kallsyms]     [k] do_user_addr_fault
0.56% do_user_addr_fault;handle_mm_fault;__handle_mm_fault
0.54% do_user_addr_fault;handle_mm_fault;__handle_mm_fault;do_fault;filemap_map_pages;next_uptodate_page
0.30% do_user_addr_fault;up_read
0.30% do_user_addr_fault;handle_mm_fault;__handle_mm_fault;do_huge_pmd_anonymous_page;pte_alloc_one;__alloc_pages;get_page_from_freelist;__list_del_entry_valid
0.28% do_user_addr_fault;handle_mm_fault;__handle_mm_fault;vma_alloc_folio;__folio_alloc;__alloc_pages;get_page_from_freelist;clear_page_rep
0.28% do_user_addr_fault;lock_mm_and_find_vma
0.27% do_user_addr_fault;handle_mm_fault;__handle_mm_fault;do_huge_pmd_anonymous_page;pte_alloc_one;__alloc_pages;get_page_from_freelist;_raw_spin_trylock
0.27% do_user_addr_fault;handle_mm_fault;__handle_mm_fault;do_huge_pmd_wp_page;__split_huge_pmd
0.25% do_user_addr_fault;handle_mm_fault;__handle_mm_fault;do_fault;filemap_map_pages;do_set_pte
0.24% do_user_addr_fault;handle_mm_fault;__handle_mm_fault;do_fault;xfs_filemap_map_pages;filemap_map_pages
0.23% do_user_addr_fault;handle_mm_fault;__handle_mm_fault;vma_alloc_folio;__folio_alloc;__alloc_pages;get_page_from_freelist;__list_del_entry_valid
     2.96%     0.56%  c2d      [kernel.kallsyms]     [k] __handle_mm_fault
0.54% __handle_mm_fault;do_fault;filemap_map_pages;next_uptodate_page
0.30% __handle_mm_fault;do_huge_pmd_anonymous_page;pte_alloc_one;__alloc_pages;get_page_from_freelist;__list_del_entry_valid
0.30% 0x7febeff6724a;main;cnf2ddnnf_cmd_line;free_cache_manager;asm_exc_page_fault;exc_page_fault;do_user_addr_fault;handle_mm_fault;__handle_mm_fault
0.28% __handle_mm_fault;vma_alloc_folio;__folio_alloc;__alloc_pages;get_page_from_freelist;clear_page_rep
0.27% __handle_mm_fault;do_huge_pmd_anonymous_page;pte_alloc_one;__alloc_pages;get_page_from_freelist;_raw_spin_trylock
0.27% __handle_mm_fault;do_huge_pmd_wp_page;__split_huge_pmd
0.26% 0;0x7febeffd80d9;asm_exc_page_fault;exc_page_fault;do_user_addr_fault;handle_mm_fault;__handle_mm_fault
0.25% __handle_mm_fault;do_fault;filemap_map_pages;do_set_pte
0.24% __handle_mm_fault;do_fault;xfs_filemap_map_pages;filemap_map_pages
0.23% __handle_mm_fault;vma_alloc_folio;__folio_alloc;__alloc_pages;get_page_from_freelist;__list_del_entry_valid
     2.96%     0.00%  c2d      [kernel.kallsyms]     [k] handle_mm_fault
0.56% handle_mm_fault;__handle_mm_fault
0.54% handle_mm_fault;__handle_mm_fault;do_fault;filemap_map_pages;next_uptodate_page
0.30% handle_mm_fault;__handle_mm_fault;do_huge_pmd_anonymous_page;pte_alloc_one;__alloc_pages;get_page_from_freelist;__list_del_entry_valid
0.28% handle_mm_fault;__handle_mm_fault;vma_alloc_folio;__folio_alloc;__alloc_pages;get_page_from_freelist;clear_page_rep
0.27% handle_mm_fault;__handle_mm_fault;do_huge_pmd_anonymous_page;pte_alloc_one;__alloc_pages;get_page_from_freelist;_raw_spin_trylock
0.27% handle_mm_fault;__handle_mm_fault;do_huge_pmd_wp_page;__split_huge_pmd
0.25% handle_mm_fault;__handle_mm_fault;do_fault;filemap_map_pages;do_set_pte
0.24% handle_mm_fault;__handle_mm_fault;do_fault;xfs_filemap_map_pages;filemap_map_pages
0.23% handle_mm_fault;__handle_mm_fault;vma_alloc_folio;__folio_alloc;__alloc_pages;get_page_from_freelist;__list_del_entry_valid
     2.38%     0.00%  c2d      [kernel.kallsyms]     [k] entry_SYSCALL_64_after_hwframe
0.30% entry_SYSCALL_64_after_hwframe;do_syscall_64;__x64_sys_munmap;__vm_munmap;do_mas_munmap;do_mas_align_munmap;mas_preallocate;mas_alloc_nodes
0.30% entry_SYSCALL_64_after_hwframe;do_syscall_64;__x64_sys_munmap;__vm_munmap;do_mas_munmap;do_mas_align_munmap;unmap_region;unmap_vmas;unmap_page_range;zap_huge_pmd;pgtable_trans_huge_withdraw;__list_del_entry_valid
0.30% entry_SYSCALL_64_after_hwframe;do_syscall_64;ksys_write;vfs_write;xfs_file_buffered_write;xfs_iunlock
0.30% entry_SYSCALL_64_after_hwframe;do_syscall_64;__x64_sys_exit_group;do_group_exit;do_exit;__mmput;exit_mmap;unmap_vmas;unmap_page_range;_compound_head
0.30% entry_SYSCALL_64_after_hwframe;do_syscall_64;__x64_sys_exit_group;do_group_exit;do_exit;__mmput;exit_mmap;unmap_vmas;unmap_page_range;vm_normal_page
0.25% entry_SYSCALL_64_after_hwframe;do_syscall_64;ksys_read;vfs_read;xfs_file_read_iter;xfs_file_buffered_read;filemap_read;filemap_get_pages;page_cache_ra_order;read_pages;blk_finish_plug;__blk_flush_plug;blk_mq_flush_plug_list.part.0;blk_mq_sched_insert_requests;__blk_mq_run_hw_queue;blk_mq_sched_dispatch_requests;__blk_mq_sched_dispatch_requests;blk_mq_do_dispatch_sched;scsi_mq_set_rq_budget_token
0.25% entry_SYSCALL_64_after_hwframe;do_syscall_64;ksys_mmap_pgoff;vm_mmap_pgoff;do_mmap;mmap_region;do_mas_munmap;do_mas_align_munmap;__split_vma;__vma_adjust
0.20% entry_SYSCALL_64_after_hwframe;do_syscall_64;__x64_sys_execve;do_execveat_common.isra.0;bprm_execve;load_elf_binary;elf_map;__vm_munmap;do_mas_munmap;do_mas_align_munmap;mas_store_prealloc;mas_wr_modify;mas_wr_node_store
0.12% entry_SYSCALL_64_after_hwframe;do_syscall_64;__x64_sys_execve;do_execveat_common.isra.0;bprm_execve;load_elf_binary;setup_arg_pages;shift_arg_pages;move_page_tables;__pmd_alloc;__alloc_pages;get_page_from_freelist;clear_page_rep
0.04% entry_SYSCALL_64_after_hwframe;do_syscall_64;ksys_read;vfs_read;xfs_file_read_iter;xfs_file_buffered_read;filemap_read;copy_page_to_iter;_copy_to_iter
0.01% entry_SYSCALL_64_after_hwframe;do_syscall_64;ksys_read;vfs_read;xfs_file_read_iter;xfs_file_buffered_read;filemap_read;filemap_get_pages;folio_wait_bit_common;io_schedule;schedule;__schedule;finish_task_switch.isra.0;__perf_event_task_sched_in;__intel_pmu_enable_all.constprop.0;native_write_msr
     2.38%     0.00%  c2d      [kernel.kallsyms]     [k] do_syscall_64
0.30% do_syscall_64;__x64_sys_munmap;__vm_munmap;do_mas_munmap;do_mas_align_munmap;mas_preallocate;mas_alloc_nodes
0.30% do_syscall_64;__x64_sys_munmap;__vm_munmap;do_mas_munmap;do_mas_align_munmap;unmap_region;unmap_vmas;unmap_page_range;zap_huge_pmd;pgtable_trans_huge_withdraw;__list_del_entry_valid
0.30% do_syscall_64;ksys_write;vfs_write;xfs_file_buffered_write;xfs_iunlock
0.30% do_syscall_64;__x64_sys_exit_group;do_group_exit;do_exit;__mmput;exit_mmap;unmap_vmas;unmap_page_range;_compound_head
0.30% do_syscall_64;__x64_sys_exit_group;do_group_exit;do_exit;__mmput;exit_mmap;unmap_vmas;unmap_page_range;vm_normal_page
0.25% do_syscall_64;ksys_read;vfs_read;xfs_file_read_iter;xfs_file_buffered_read;filemap_read;filemap_get_pages;page_cache_ra_order;read_pages;blk_finish_plug;__blk_flush_plug;blk_mq_flush_plug_list.part.0;blk_mq_sched_insert_requests;__blk_mq_run_hw_queue;blk_mq_sched_dispatch_requests;__blk_mq_sched_dispatch_requests;blk_mq_do_dispatch_sched;scsi_mq_set_rq_budget_token
0.25% do_syscall_64;ksys_mmap_pgoff;vm_mmap_pgoff;do_mmap;mmap_region;do_mas_munmap;do_mas_align_munmap;__split_vma;__vma_adjust
0.20% do_syscall_64;__x64_sys_execve;do_execveat_common.isra.0;bprm_execve;load_elf_binary;elf_map;__vm_munmap;do_mas_munmap;do_mas_align_munmap;mas_store_prealloc;mas_wr_modify;mas_wr_node_store
0.12% do_syscall_64;__x64_sys_execve;do_execveat_common.isra.0;bprm_execve;load_elf_binary;setup_arg_pages;shift_arg_pages;move_page_tables;__pmd_alloc;__alloc_pages;get_page_from_freelist;clear_page_rep
0.04% do_syscall_64;ksys_read;vfs_read;xfs_file_read_iter;xfs_file_buffered_read;filemap_read;copy_page_to_iter;_copy_to_iter
0.01% do_syscall_64;ksys_read;vfs_read;xfs_file_read_iter;xfs_file_buffered_read;filemap_read;filemap_get_pages;folio_wait_bit_common;io_schedule;schedule;__schedule;finish_task_switch.isra.0;__perf_event_task_sched_in;__intel_pmu_enable_all.constprop.0;native_write_msr
     1.55%     0.00%  c2d      [unknown]             [.] 0000000000000000
0.26% 0;0x7febeffd80d9;asm_exc_page_fault;exc_page_fault;do_user_addr_fault;handle_mm_fault;__handle_mm_fault
0.26% 0;0x7febf049fa53
0.25% 0;read;entry_SYSCALL_64_after_hwframe;do_syscall_64;ksys_read;vfs_read;xfs_file_read_iter;xfs_file_buffered_read;filemap_read;filemap_get_pages;page_cache_ra_order;read_pages;blk_finish_plug;__blk_flush_plug;blk_mq_flush_plug_list.part.0;blk_mq_sched_insert_requests;__blk_mq_run_hw_queue;blk_mq_sched_dispatch_requests;__blk_mq_sched_dispatch_requests;blk_mq_do_dispatch_sched;scsi_mq_set_rq_budget_token
0.24% 0;0x7febeffd80bf
0.24% 0;_IO_fflush;__gmp_default_allocate;asm_exc_page_fault;exc_page_fault;do_user_addr_fault;handle_mm_fault;__handle_mm_fault;do_fault;xfs_filemap_map_pages;filemap_map_pages
0.23% 0;0x7febeffd80d9;asm_exc_page_fault;exc_page_fault;do_user_addr_fault;handle_mm_fault;__handle_mm_fault;vma_alloc_folio;__folio_alloc;__alloc_pages;get_page_from_freelist;__list_del_entry_valid
0.04% 0;read;entry_SYSCALL_64_after_hwframe;do_syscall_64;ksys_read;vfs_read;xfs_file_read_iter;xfs_file_buffered_read;filemap_read;copy_page_to_iter;_copy_to_iter
0.01% 0;read;entry_SYSCALL_64_after_hwframe;do_syscall_64;ksys_read;vfs_read;xfs_file_read_iter;xfs_file_buffered_read;filemap_read;filemap_get_pages;folio_wait_bit_common;io_schedule;schedule;__schedule;finish_task_switch.isra.0;__perf_event_task_sched_in;__intel_pmu_enable_all.constprop.0;native_write_msr
     1.22%     0.00%  c2d      [kernel.kallsyms]     [k] __alloc_pages
0.54% __alloc_pages;get_page_from_freelist;__list_del_entry_valid
0.41% __alloc_pages;get_page_from_freelist;clear_page_rep
0.27% __alloc_pages;get_page_from_freelist;_raw_spin_trylock
     1.22%     0.00%  c2d      [kernel.kallsyms]     [k] get_page_from_freelist
0.54% get_page_from_freelist;__list_del_entry_valid
0.41% get_page_from_freelist;clear_page_rep
0.27% get_page_from_freelist;_raw_spin_trylock
     1.05%     0.00%  c2d      [kernel.kallsyms]     [k] do_mas_munmap
0.30% do_mas_munmap;do_mas_align_munmap;mas_preallocate;mas_alloc_nodes
0.30% do_mas_munmap;do_mas_align_munmap;unmap_region;unmap_vmas;unmap_page_range;zap_huge_pmd;pgtable_trans_huge_withdraw;__list_del_entry_valid
0.25% do_mas_munmap;do_mas_align_munmap;__split_vma;__vma_adjust
0.20% do_mas_munmap;do_mas_align_munmap;mas_store_prealloc;mas_wr_modify;mas_wr_node_store
     1.05%     0.00%  c2d      [kernel.kallsyms]     [k] do_mas_align_munmap
0.30% do_mas_align_munmap;mas_preallocate;mas_alloc_nodes
0.30% do_mas_align_munmap;unmap_region;unmap_vmas;unmap_page_range;zap_huge_pmd;pgtable_trans_huge_withdraw;__list_del_entry_valid
0.25% do_mas_align_munmap;__split_vma;__vma_adjust
0.20% do_mas_align_munmap;mas_store_prealloc;mas_wr_modify;mas_wr_node_store
     1.04%     0.24%  c2d      [kernel.kallsyms]     [k] filemap_map_pages
0.54% filemap_map_pages;next_uptodate_page
0.25% filemap_map_pages;do_set_pte
0.24% 0;_IO_fflush;__gmp_default_allocate;asm_exc_page_fault;exc_page_fault;do_user_addr_fault;handle_mm_fault;__handle_mm_fault;do_fault;xfs_filemap_map_pages;filemap_map_pages
     1.04%     0.00%  c2d      [kernel.kallsyms]     [k] do_fault
0.54% do_fault;filemap_map_pages;next_uptodate_page
0.25% do_fault;filemap_map_pages;do_set_pte
0.24% do_fault;xfs_filemap_map_pages;filemap_map_pages
     1.02%     0.00%  c2d      [unknown]             [k] 0x00007febf04c98a8
0.26% 0x7febf04c98a8;0x7febf049e075;0x7febf04b77af
0.26% 0x7febf04c98a8;0x7febf0494170;0x6;0;0x7febf049fa53
0.25% 0x7febf04c98a8;0x7febf049e075;0x7febf049d262;asm_exc_page_fault;exc_page_fault;do_user_addr_fault;handle_mm_fault;__handle_mm_fault;do_fault;filemap_map_pages;do_set_pte
0.25% 0x7febf04c98a8;0x7febf049e075;0x7febf04b6ae3;entry_SYSCALL_64_after_hwframe;do_syscall_64;ksys_mmap_pgoff;vm_mmap_pgoff;do_mmap;mmap_region;do_mas_munmap;do_mas_align_munmap;__split_vma;__vma_adjust
     1.01%     0.00%  c2d      ld-linux-x86-64.so.2  [.] 0x00007febf04b0a58
0.27% 0x7febf04b0a58;0x7febf04b022f;0x7febf04b3c99;0x7febf04a3f44
0.27% 0x7febf04b0a58;0x7febf04b022f;0x7febf04b3c99;strnlen;asm_exc_page_fault;exc_page_fault;do_user_addr_fault;handle_mm_fault;__handle_mm_fault;do_fault;filemap_map_pages;next_uptodate_page
0.25% 0x7febf04b0a58;0x7febf04b022f;0x7febf04b3c99;0x7febf04a4309
0.23% 0x7febf04b0a58;0x7febf04b022f;0x7febf04b248d
     1.01%     0.00%  c2d      ld-linux-x86-64.so.2  [.] 0x00007febf04b022f
0.27% 0x7febf04b022f;0x7febf04b3c99;0x7febf04a3f44
0.27% 0x7febf04b022f;0x7febf04b3c99;strnlen;asm_exc_page_fault;exc_page_fault;do_user_addr_fault;handle_mm_fault;__handle_mm_fault;do_fault;filemap_map_pages;next_uptodate_page
0.25% 0x7febf04b022f;0x7febf04b3c99;0x7febf04a4309
0.23% 0x7febf04b022f;0x7febf04b248d
     0.90%     0.30%  c2d      [kernel.kallsyms]     [k] unmap_page_range
0.30% unmap_page_range;zap_huge_pmd;pgtable_trans_huge_withdraw;__list_del_entry_valid
0.30% unmap_page_range;_compound_head
0.30% entry_SYSCALL_64_after_hwframe;do_syscall_64;__x64_sys_exit_group;do_group_exit;do_exit;__mmput;exit_mmap;unmap_vmas;unmap_page_range;vm_normal_page
     0.90%     0.00%  c2d      [kernel.kallsyms]     [k] unmap_vmas
0.30% unmap_vmas;unmap_page_range;zap_huge_pmd;pgtable_trans_huge_withdraw;__list_del_entry_valid
0.30% unmap_vmas;unmap_page_range;_compound_head
0.30% unmap_vmas;unmap_page_range;vm_normal_page
     0.84%     0.84%  c2d      [kernel.kallsyms]     [k] __list_del_entry_valid
0.30% 0x7febeff6724a;main;cnf2ddnnf_cmd_line;free_cache_manager;asm_exc_page_fault;exc_page_fault;do_user_addr_fault;handle_mm_fault;__handle_mm_fault;do_huge_pmd_anonymous_page;pte_alloc_one;__alloc_pages;get_page_from_freelist;__list_del_entry_valid
0.30% __munmap;entry_SYSCALL_64_after_hwframe;do_syscall_64;__x64_sys_munmap;__vm_munmap;do_mas_munmap;do_mas_align_munmap;unmap_region;unmap_vmas;unmap_page_range;zap_huge_pmd;pgtable_trans_huge_withdraw;__list_del_entry_valid
0.23% 0;0x7febeffd80d9;asm_exc_page_fault;exc_page_fault;do_user_addr_fault;handle_mm_fault;__handle_mm_fault;vma_alloc_folio;__folio_alloc;__alloc_pages;get_page_from_freelist;__list_del_entry_valid
     0.80%     0.00%  c2d      [kernel.kallsyms]     [k] __vm_munmap
0.30% __vm_munmap;do_mas_munmap;do_mas_align_munmap;mas_preallocate;mas_alloc_nodes
0.30% __vm_munmap;do_mas_munmap;do_mas_align_munmap;unmap_region;unmap_vmas;unmap_page_range;zap_huge_pmd;pgtable_trans_huge_withdraw;__list_del_entry_valid
0.20% __vm_munmap;do_mas_munmap;do_mas_align_munmap;mas_store_prealloc;mas_wr_modify;mas_wr_node_store
     0.80%     0.00%  c2d      c2d                   [.] compile_cnf
0.27% compile_cnf;compile_dt;compile_dt;compile_decomposed;lookup_or_compile_dt;compile_dt;compile_dt;compile_decomposed;lookup_or_compile_dt;compile_decomposed;lookup_or_compile_dt;compile_dt;compile_dt;compile_decomposed;lookup_or_compile_dt;compile_decomposed;lookup_or_compile_dt;compile_dt;compile_dt;compile_decomposed;lookup_or_compile_dt;compile_decomposed;lookup_or_compile_dt;compile_dt;compile_dt;compile_decomposed;lookup_or_compile_dt;compile_decomposed;lookup_or_compile_dt;compile_dt;compile_dt;compile_decomposed;lookup_or_compile_dt;compile_decomposed;lookup_or_compile_dt;compile_decomposed;lookup_or_compile_dt;compile_dt;compile_dt;compile_decomposed;lookup_or_compile_dt;compile_decomposed;lookup_or_compile_dt;compile_decomposed;lookup_or_compile_dt;compile_dt;compile_dt;compile_decomposed;lookup_or_compile_dt;compile_decomposed;lookup_or_compile_dt;compile_decomposed;lookup_or_compile_dt;compile_dt;compile_dt;compile_decomposed;conjoin_nnfs_lits;conjoin_relevant_lits;get_and_node;asm_exc_page_fault;exc_page_fault;do_user_addr_fault;handle_mm_fault;__handle_mm_fault;do_huge_pmd_anonymous_page;pte_alloc_one;__alloc_pages;get_page_from_freelist;_raw_spin_trylock
0.27% compile_cnf;compile_dt;compile_dt;compile_decomposed;lookup_or_compile_dt;compile_dt;compile_dt;compile_decomposed;lookup_or_compile_dt;compile_decomposed;lookup_or_compile_dt;compile_dt;compile_dt;compile_decomposed;lookup_or_compile_dt;compile_decomposed;lookup_or_compile_dt;compile_decomposed;lookup_or_compile_dt;compile_decomposed;lookup_or_compile_dt;compile_decomposed;lookup_or_compile_dt;compile_decomposed;lookup_or_compile_dt;compile_decomposed;lookup_or_compile_dt;compile_decomposed;lookup_or_compile_dt;compile_decomposed;lookup_or_compile_dt;compile_decomposed;lookup_or_compile_dt;compile_decomposed;lookup_or_compile_dt;compile_decomposed;lookup_or_compile_dt;compile_decomposed;lookup_or_compile_dt;compile_decomposed;lookup_or_compile_dt;compile_decomposed;lookup_or_compile_dt;compile_decomposed;lookup_or_compile_dt;compile_decomposed;lookup_or_compile_dt;compile_decomposed;lookup_or_compile_dt;compile_decomposed;lookup_or_compile_dt;compile_decomposed;lookup_or_compile_dt;compile_decomposed;lookup_or_compile_dt;compile_decomposed;lookup_or_compile_dt;insert_cnf_cache;add_cache_entry;asm_exc_page_fault;exc_page_fault;do_user_addr_fault;handle_mm_fault;__handle_mm_fault;do_huge_pmd_wp_page;__split_huge_pmd
0.26% compile_cnf;compile_dt;compile_dt;compile_decomposed;lookup_or_compile_dt;compile_decomposed;lookup_or_compile_dt;compile_decomposed;lookup_or_compile_dt;compile_decomposed;lookup_or_compile_dt;compile_decomposed;lookup_or_compile_dt;compile_decomposed;lookup_or_compile_dt;compile_decomposed;lookup_or_compile_dt;compile_decomposed;lookup_or_compile_dt;compile_decomposed;lookup_or_compile_dt;compile_decomposed;lookup_or_compile_dt;compile_decomposed;lookup_or_compile_dt;compile_decomposed;lookup_or_compile_dt;compile_decomposed;lookup_or_compile_dt;compile_decomposed;lookup_or_compile_dt;compile_decomposed;lookup_or_compile_dt;compile_decomposed;lookup_or_compile_dt;compile_decomposed;lookup_or_compile_dt;compile_decomposed;lookup_or_compile_dt;compile_decomposed;lookup_or_compile_dt;compile_decomposed;lookup_or_compile_dt;compile_decomposed
     0.80%     0.00%  c2d      c2d                   [.] compile_dt
0.27% compile_dt;compile_dt;compile_decomposed;lookup_or_compile_dt;compile_dt;compile_dt;compile_decomposed;lookup_or_compile_dt;compile_decomposed;lookup_or_compile_dt;compile_dt;compile_dt;compile_decomposed;lookup_or_compile_dt;compile_decomposed;lookup_or_compile_dt;compile_dt;compile_dt;compile_decomposed;lookup_or_compile_dt;compile_decomposed;lookup_or_compile_dt;compile_dt;compile_dt;compile_decomposed;lookup_or_compile_dt;compile_decomposed;lookup_or_compile_dt;compile_dt;compile_dt;compile_decomposed;lookup_or_compile_dt;compile_decomposed;lookup_or_compile_dt;compile_decomposed;lookup_or_compile_dt;compile_dt;compile_dt;compile_decomposed;lookup_or_compile_dt;compile_decomposed;lookup_or_compile_dt;compile_decomposed;lookup_or_compile_dt;compile_dt;compile_dt;compile_decomposed;lookup_or_compile_dt;compile_decomposed;lookup_or_compile_dt;compile_decomposed;lookup_or_compile_dt;compile_dt;compile_dt;compile_decomposed;conjoin_nnfs_lits;conjoin_relevant_lits;get_and_node;asm_exc_page_fault;exc_page_fault;do_user_addr_fault;handle_mm_fault;__handle_mm_fault;do_huge_pmd_anonymous_page;pte_alloc_one;__alloc_pages;get_page_from_freelist;_raw_spin_trylock
0.27% compile_dt;compile_dt;compile_decomposed;lookup_or_compile_dt;compile_dt;compile_dt;compile_decomposed;lookup_or_compile_dt;compile_decomposed;lookup_or_compile_dt;compile_dt;compile_dt;compile_decomposed;lookup_or_compile_dt;compile_decomposed;lookup_or_compile_dt;compile_decomposed;lookup_or_compile_dt;compile_decomposed;lookup_or_compile_dt;compile_decomposed;lookup_or_compile_dt;compile_decomposed;lookup_or_compile_dt;compile_decomposed;lookup_or_compile_dt;compile_decomposed;lookup_or_compile_dt;compile_decomposed;lookup_or_compile_dt;compile_decomposed;lookup_or_compile_dt;compile_decomposed;lookup_or_compile_dt;compile_decomposed;lookup_or_compile_dt;compile_decomposed;lookup_or_compile_dt;compile_decomposed;lookup_or_compile_dt;compile_decomposed;lookup_or_compile_dt;compile_decomposed;lookup_or_compile_dt;compile_decomposed;lookup_or_compile_dt;compile_decomposed;lookup_or_compile_dt;compile_decomposed;lookup_or_compile_dt;compile_decomposed;lookup_or_compile_dt;compile_decomposed;lookup_or_compile_dt;compile_decomposed;lookup_or_compile_dt;insert_cnf_cache;add_cache_entry;asm_exc_page_fault;exc_page_fault;do_user_addr_fault;handle_mm_fault;__handle_mm_fault;do_huge_pmd_wp_page;__split_huge_pmd
0.26% compile_dt;compile_dt;compile_decomposed;lookup_or_compile_dt;compile_decomposed;lookup_or_compile_dt;compile_decomposed;lookup_or_compile_dt;compile_decomposed;lookup_or_compile_dt;compile_decomposed;lookup_or_compile_dt;compile_decomposed;lookup_or_compile_dt;compile_decomposed;lookup_or_compile_dt;compile_decomposed;lookup_or_compile_dt;compile_decomposed;lookup_or_compile_dt;compile_decomposed;lookup_or_compile_dt;compile_decomposed;lookup_or_compile_dt;compile_decomposed;lookup_or_compile_dt;compile_decomposed;lookup_or_compile_dt;compile_decomposed;lookup_or_compile_dt;compile_decomposed;lookup_or_compile_dt;compile_decomposed;lookup_or_compile_dt;compile_decomposed;lookup_or_compile_dt;compile_decomposed;lookup_or_compile_dt;compile_decomposed;lookup_or_compile_dt;compile_decomposed;lookup_or_compile_dt;compile_decomposed
     0.80%     0.26%  c2d      c2d                   [.] compile_decomposed
0.27% compile_decomposed;lookup_or_compile_dt;compile_dt;compile_dt;compile_decomposed;lookup_or_compile_dt;compile_decomposed;lookup_or_compile_dt;compile_dt;compile_dt;compile_decomposed;lookup_or_compile_dt;compile_decomposed;lookup_or_compile_dt;compile_dt;compile_dt;compile_decomposed;lookup_or_compile_dt;compile_decomposed;lookup_or_compile_dt;compile_dt;compile_dt;compile_decomposed;lookup_or_compile_dt;compile_decomposed;lookup_or_compile_dt;compile_dt;compile_dt;compile_decomposed;lookup_or_compile_dt;compile_decomposed;lookup_or_compile_dt;compile_decomposed;lookup_or_compile_dt;compile_dt;compile_dt;compile_decomposed;lookup_or_compile_dt;compile_decomposed;lookup_or_compile_dt;compile_decomposed;lookup_or_compile_dt;compile_dt;compile_dt;compile_decomposed;lookup_or_compile_dt;compile_decomposed;lookup_or_compile_dt;compile_decomposed;lookup_or_compile_dt;compile_dt;compile_dt;compile_decomposed;conjoin_nnfs_lits;conjoin_relevant_lits;get_and_node;asm_exc_page_fault;exc_page_fault;do_user_addr_fault;handle_mm_fault;__handle_mm_fault;do_huge_pmd_anonymous_page;pte_alloc_one;__alloc_pages;get_page_from_freelist;_raw_spin_trylock
0.27% compile_decomposed;lookup_or_compile_dt;compile_dt;compile_dt;compile_decomposed;lookup_or_compile_dt;compile_decomposed;lookup_or_compile_dt;compile_dt;compile_dt;compile_decomposed;lookup_or_compile_dt;compile_decomposed;lookup_or_compile_dt;compile_decomposed;lookup_or_compile_dt;compile_decomposed;lookup_or_compile_dt;compile_decomposed;lookup_or_compile_dt;compile_decomposed;lookup_or_compile_dt;compile_decomposed;lookup_or_compile_dt;compile_decomposed;lookup_or_compile_dt;compile_decomposed;lookup_or_compile_dt;compile_decomposed;lookup_or_compile_dt;compile_decomposed;lookup_or_compile_dt;compile_decomposed;lookup_or_compile_dt;compile_decomposed;lookup_or_compile_dt;compile_decomposed;lookup_or_compile_dt;compile_decomposed;lookup_or_compile_dt;compile_decomposed;lookup_or_compile_dt;compile_decomposed;lookup_or_compile_dt;compile_decomposed;lookup_or_compile_dt;compile_decomposed;lookup_or_compile_dt;compile_decomposed;lookup_or_compile_dt;compile_decomposed;lookup_or_compile_dt;compile_decomposed;lookup_or_compile_dt;insert_cnf_cache;add_cache_entry;asm_exc_page_fault;exc_page_fault;do_user_addr_fault;handle_mm_fault;__handle_mm_fault;do_huge_pmd_wp_page;__split_huge_pmd
0.26% 0x7febeff6724a;main;cnf2ddnnf_cmd_line;compile_cnf;compile_dt;compile_dt;compile_decomposed;lookup_or_compile_dt;compile_decomposed;lookup_or_compile_dt;compile_decomposed;lookup_or_compile_dt;compile_decomposed;lookup_or_compile_dt;compile_decomposed;lookup_or_compile_dt;compile_decomposed;lookup_or_compile_dt;compile_decomposed;lookup_or_compile_dt;compile_decomposed;lookup_or_compile_dt;compile_decomposed;lookup_or_compile_dt;compile_decomposed;lookup_or_compile_dt;compile_decomposed;lookup_or_compile_dt;compile_decomposed;lookup_or_compile_dt;compile_decomposed;lookup_or_compile_dt;compile_decomposed;lookup_or_compile_dt;compile_decomposed;lookup_or_compile_dt;compile_decomposed;lookup_or_compile_dt;compile_decomposed;lookup_or_compile_dt;compile_decomposed;lookup_or_compile_dt;compile_decomposed;lookup_or_compile_dt;compile_decomposed;lookup_or_compile_dt;compile_decomposed
     0.80%     0.00%  c2d      c2d                   [.] lookup_or_compile_dt
0.27% lookup_or_compile_dt;compile_dt;compile_dt;compile_decomposed;lookup_or_compile_dt;compile_decomposed;lookup_or_compile_dt;compile_dt;compile_dt;compile_decomposed;lookup_or_compile_dt;compile_decomposed;lookup_or_compile_dt;compile_dt;compile_dt;compile_decomposed;lookup_or_compile_dt;compile_decomposed;lookup_or_compile_dt;compile_dt;compile_dt;compile_decomposed;lookup_or_compile_dt;compile_decomposed;lookup_or_compile_dt;compile_dt;compile_dt;compile_decomposed;lookup_or_compile_dt;compile_decomposed;lookup_or_compile_dt;compile_decomposed;lookup_or_compile_dt;compile_dt;compile_dt;compile_decomposed;lookup_or_compile_dt;compile_decomposed;lookup_or_compile_dt;compile_decomposed;lookup_or_compile_dt;compile_dt;compile_dt;compile_decomposed;lookup_or_compile_dt;compile_decomposed;lookup_or_compile_dt;compile_decomposed;lookup_or_compile_dt;compile_dt;compile_dt;compile_decomposed;conjoin_nnfs_lits;conjoin_relevant_lits;get_and_node;asm_exc_page_fault;exc_page_fault;do_user_addr_fault;handle_mm_fault;__handle_mm_fault;do_huge_pmd_anonymous_page;pte_alloc_one;__alloc_pages;get_page_from_freelist;_raw_spin_trylock
0.27% lookup_or_compile_dt;compile_dt;compile_dt;compile_decomposed;lookup_or_compile_dt;compile_decomposed;lookup_or_compile_dt;compile_dt;compile_dt;compile_decomposed;lookup_or_compile_dt;compile_decomposed;lookup_or_compile_dt;compile_decomposed;lookup_or_compile_dt;compile_decomposed;lookup_or_compile_dt;compile_decomposed;lookup_or_compile_dt;compile_decomposed;lookup_or_compile_dt;compile_decomposed;lookup_or_compile_dt;compile_decomposed;lookup_or_compile_dt;compile_decomposed;lookup_or_compile_dt;compile_decomposed;lookup_or_compile_dt;compile_decomposed;lookup_or_compile_dt;compile_decomposed;lookup_or_compile_dt;compile_decomposed;lookup_or_compile_dt;compile_decomposed;lookup_or_compile_dt;compile_decomposed;lookup_or_compile_dt;compile_decomposed;lookup_or_compile_dt;compile_decomposed;lookup_or_compile_dt;compile_decomposed;lookup_or_compile_dt;compile_decomposed;lookup_or_compile_dt;compile_decomposed;lookup_or_compile_dt;compile_decomposed;lookup_or_compile_dt;compile_decomposed;lookup_or_compile_dt;insert_cnf_cache;add_cache_entry;asm_exc_page_fault;exc_page_fault;do_user_addr_fault;handle_mm_fault;__handle_mm_fault;do_huge_pmd_wp_page;__split_huge_pmd
0.26% lookup_or_compile_dt;compile_decomposed;lookup_or_compile_dt;compile_decomposed;lookup_or_compile_dt;compile_decomposed;lookup_or_compile_dt;compile_decomposed;lookup_or_compile_dt;compile_decomposed;lookup_or_compile_dt;compile_decomposed;lookup_or_compile_dt;compile_decomposed;lookup_or_compile_dt;compile_decomposed;lookup_or_compile_dt;compile_decomposed;lookup_or_compile_dt;compile_decomposed;lookup_or_compile_dt;compile_decomposed;lookup_or_compile_dt;compile_decomposed;lookup_or_compile_dt;compile_decomposed;lookup_or_compile_dt;compile_decomposed;lookup_or_compile_dt;compile_decomposed;lookup_or_compile_dt;compile_decomposed;lookup_or_compile_dt;compile_decomposed;lookup_or_compile_dt;compile_decomposed;lookup_or_compile_dt;compile_decomposed;lookup_or_compile_dt;compile_decomposed
     0.78%     0.00%  c2d      ld-linux-x86-64.so.2  [.] 0x00007febf04b3c99
0.27% 0x7febf04b3c99;0x7febf04a3f44
0.27% 0x7febf04b3c99;strnlen;asm_exc_page_fault;exc_page_fault;do_user_addr_fault;handle_mm_fault;__handle_mm_fault;do_fault;filemap_map_pages;next_uptodate_page
0.25% 0x7febf04b3c99;0x7febf04a4309
     0.76%     0.00%  c2d      ld-linux-x86-64.so.2  [.] 0x00007febf049e075
0.26% 0x7febf049e075;0x7febf04b77af
0.25% 0x7febf049e075;0x7febf049d262;asm_exc_page_fault;exc_page_fault;do_user_addr_fault;handle_mm_fault;__handle_mm_fault;do_fault;filemap_map_pages;do_set_pte
0.25% 0x7febf049e075;0x7febf04b6ae3;entry_SYSCALL_64_after_hwframe;do_syscall_64;ksys_mmap_pgoff;vm_mmap_pgoff;do_mmap;mmap_region;do_mas_munmap;do_mas_align_munmap;__split_vma;__vma_adjust
     0.60%     0.00%  c2d      libc.so.6             [.] __munmap
0.30% __munmap;entry_SYSCALL_64_after_hwframe;do_syscall_64;__x64_sys_munmap;__vm_munmap;do_mas_munmap;do_mas_align_munmap;mas_preallocate;mas_alloc_nodes
0.30% __munmap;entry_SYSCALL_64_after_hwframe;do_syscall_64;__x64_sys_munmap;__vm_munmap;do_mas_munmap;do_mas_align_munmap;unmap_region;unmap_vmas;unmap_page_range;zap_huge_pmd;pgtable_trans_huge_withdraw;__list_del_entry_valid
     0.60%     0.00%  c2d      [kernel.kallsyms]     [k] __x64_sys_munmap
0.30% __x64_sys_munmap;__vm_munmap;do_mas_munmap;do_mas_align_munmap;mas_preallocate;mas_alloc_nodes
0.30% __x64_sys_munmap;__vm_munmap;do_mas_munmap;do_mas_align_munmap;unmap_region;unmap_vmas;unmap_page_range;zap_huge_pmd;pgtable_trans_huge_withdraw;__list_del_entry_valid
     0.60%     0.00%  c2d      [kernel.kallsyms]     [k] __x64_sys_exit_group
0.30% __x64_sys_exit_group;do_group_exit;do_exit;__mmput;exit_mmap;unmap_vmas;unmap_page_range;_compound_head
0.30% __x64_sys_exit_group;do_group_exit;do_exit;__mmput;exit_mmap;unmap_vmas;unmap_page_range;vm_normal_page
     0.60%     0.00%  c2d      [kernel.kallsyms]     [k] do_group_exit
0.30% do_group_exit;do_exit;__mmput;exit_mmap;unmap_vmas;unmap_page_range;_compound_head
0.30% do_group_exit;do_exit;__mmput;exit_mmap;unmap_vmas;unmap_page_range;vm_normal_page
     0.60%     0.00%  c2d      [kernel.kallsyms]     [k] do_exit
0.30% do_exit;__mmput;exit_mmap;unmap_vmas;unmap_page_range;_compound_head
0.30% do_exit;__mmput;exit_mmap;unmap_vmas;unmap_page_range;vm_normal_page
     0.60%     0.00%  c2d      [kernel.kallsyms]     [k] __mmput
0.30% __mmput;exit_mmap;unmap_vmas;unmap_page_range;_compound_head
0.30% __mmput;exit_mmap;unmap_vmas;unmap_page_range;vm_normal_page
     0.60%     0.00%  c2d      [kernel.kallsyms]     [k] exit_mmap
0.30% exit_mmap;unmap_vmas;unmap_page_range;_compound_head
0.30% exit_mmap;unmap_vmas;unmap_page_range;vm_normal_page
     0.58%     0.58%  c2d      [kernel.kallsyms]     [k] __irqentry_text_end
0.58% 0x7febeff6724a;main;cnf2ddnnf_cmd_line;free_cache_manager;__irqentry_text_end
     0.58%     0.00%  c2d      [kernel.kallsyms]     [k] do_huge_pmd_anonymous_page
0.30% do_huge_pmd_anonymous_page;pte_alloc_one;__alloc_pages;get_page_from_freelist;__list_del_entry_valid
0.27% do_huge_pmd_anonymous_page;pte_alloc_one;__alloc_pages;get_page_from_freelist;_raw_spin_trylock
     0.58%     0.00%  c2d      [kernel.kallsyms]     [k] pte_alloc_one
0.30% pte_alloc_one;__alloc_pages;get_page_from_freelist;__list_del_entry_valid
0.27% pte_alloc_one;__alloc_pages;get_page_from_freelist;_raw_spin_trylock
     0.54%     0.27%  c2d      c2d                   [.] get_and_node
0.27% get_and_node;asm_exc_page_fault;exc_page_fault;do_user_addr_fault;handle_mm_fault;__handle_mm_fault;do_huge_pmd_anonymous_page;pte_alloc_one;__alloc_pages;get_page_from_freelist;_raw_spin_trylock
0.27% 0x6c;0x7b;0x18072000;insert_cnf_cache;add_cache_entry;asm_exc_page_fault
     0.54%     0.54%  c2d      [kernel.kallsyms]     [k] next_uptodate_page
0.27% 0x7febf0471000;asm_exc_page_fault;exc_page_fault;do_user_addr_fault;handle_mm_fault;__handle_mm_fault;do_fault;filemap_map_pages;next_uptodate_page
0.27% 0x7febf04b0a58;0x7febf04b022f;0x7febf04b3c99;strnlen;asm_exc_page_fault;exc_page_fault;do_user_addr_fault;handle_mm_fault;__handle_mm_fault;do_fault;filemap_map_pages;next_uptodate_page
     0.53%     0.00%  c2d      c2d                   [.] insert_cnf_cache
0.27% insert_cnf_cache;add_cache_entry;asm_exc_page_fault
0.27% insert_cnf_cache;add_cache_entry;asm_exc_page_fault;exc_page_fault;do_user_addr_fault;handle_mm_fault;__handle_mm_fault;do_huge_pmd_wp_page;__split_huge_pmd
     0.53%     0.00%  c2d      c2d                   [.] add_cache_entry
0.27% add_cache_entry;asm_exc_page_fault
0.27% add_cache_entry;asm_exc_page_fault;exc_page_fault;do_user_addr_fault;handle_mm_fault;__handle_mm_fault;do_huge_pmd_wp_page;__split_huge_pmd
     0.52%     0.00%  c2d      [kernel.kallsyms]     [k] vma_alloc_folio
0.28% vma_alloc_folio;__folio_alloc;__alloc_pages;get_page_from_freelist;clear_page_rep
0.23% vma_alloc_folio;__folio_alloc;__alloc_pages;get_page_from_freelist;__list_del_entry_valid
     0.52%     0.00%  c2d      [kernel.kallsyms]     [k] __folio_alloc
0.28% __folio_alloc;__alloc_pages;get_page_from_freelist;clear_page_rep
0.23% __folio_alloc;__alloc_pages;get_page_from_freelist;__list_del_entry_valid
     0.50%     0.00%  c2d      libc.so.6             [.] 0x00007febeffd80d9
0.26% 0x7febeffd80d9;asm_exc_page_fault;exc_page_fault;do_user_addr_fault;handle_mm_fault;__handle_mm_fault
0.23% 0x7febeffd80d9;asm_exc_page_fault;exc_page_fault;do_user_addr_fault;handle_mm_fault;__handle_mm_fault;vma_alloc_folio;__folio_alloc;__alloc_pages;get_page_from_freelist;__list_del_entry_valid
     0.41%     0.41%  c2d      [kernel.kallsyms]     [k] clear_page_rep
0.28% 0x7febeff6724a;main;0x7febf04a807f;asm_exc_page_fault;exc_page_fault;do_user_addr_fault;handle_mm_fault;__handle_mm_fault;vma_alloc_folio;__folio_alloc;__alloc_pages;get_page_from_freelist;clear_page_rep
0.12% 0x7f37e32f3a97;entry_SYSCALL_64_after_hwframe;do_syscall_64;__x64_sys_execve;do_execveat_common.isra.0;bprm_execve;load_elf_binary;setup_arg_pages;shift_arg_pages;move_page_tables;__pmd_alloc;__alloc_pages;get_page_from_freelist;clear_page_rep
     0.33%     0.00%  c2d      [unknown]             [k] 0x00007f37e32f3a97
0.20% 0x7f37e32f3a97;entry_SYSCALL_64_after_hwframe;do_syscall_64;__x64_sys_execve;do_execveat_common.isra.0;bprm_execve;load_elf_binary;elf_map;__vm_munmap;do_mas_munmap;do_mas_align_munmap;mas_store_prealloc;mas_wr_modify;mas_wr_node_store
0.12% 0x7f37e32f3a97;entry_SYSCALL_64_after_hwframe;do_syscall_64;__x64_sys_execve;do_execveat_common.isra.0;bprm_execve;load_elf_binary;setup_arg_pages;shift_arg_pages;move_page_tables;__pmd_alloc;__alloc_pages;get_page_from_freelist;clear_page_rep
     0.33%     0.00%  c2d      [kernel.kallsyms]     [k] __x64_sys_execve
0.20% __x64_sys_execve;do_execveat_common.isra.0;bprm_execve;load_elf_binary;elf_map;__vm_munmap;do_mas_munmap;do_mas_align_munmap;mas_store_prealloc;mas_wr_modify;mas_wr_node_store
0.12% __x64_sys_execve;do_execveat_common.isra.0;bprm_execve;load_elf_binary;setup_arg_pages;shift_arg_pages;move_page_tables;__pmd_alloc;__alloc_pages;get_page_from_freelist;clear_page_rep
     0.33%     0.00%  c2d      [kernel.kallsyms]     [k] do_execveat_common.isra.0
0.20% do_execveat_common.isra.0;bprm_execve;load_elf_binary;elf_map;__vm_munmap;do_mas_munmap;do_mas_align_munmap;mas_store_prealloc;mas_wr_modify;mas_wr_node_store
0.12% do_execveat_common.isra.0;bprm_execve;load_elf_binary;setup_arg_pages;shift_arg_pages;move_page_tables;__pmd_alloc;__alloc_pages;get_page_from_freelist;clear_page_rep
     0.33%     0.00%  c2d      [kernel.kallsyms]     [k] bprm_execve
0.20% bprm_execve;load_elf_binary;elf_map;__vm_munmap;do_mas_munmap;do_mas_align_munmap;mas_store_prealloc;mas_wr_modify;mas_wr_node_store
0.12% bprm_execve;load_elf_binary;setup_arg_pages;shift_arg_pages;move_page_tables;__pmd_alloc;__alloc_pages;get_page_from_freelist;clear_page_rep
     0.33%     0.00%  c2d      [kernel.kallsyms]     [k] load_elf_binary
0.20% load_elf_binary;elf_map;__vm_munmap;do_mas_munmap;do_mas_align_munmap;mas_store_prealloc;mas_wr_modify;mas_wr_node_store
0.12% load_elf_binary;setup_arg_pages;shift_arg_pages;move_page_tables;__pmd_alloc;__alloc_pages;get_page_from_freelist;clear_page_rep
     0.31%     0.00%  c2d      libc.so.6             [.] read
0.25% read;entry_SYSCALL_64_after_hwframe;do_syscall_64;ksys_read;vfs_read;xfs_file_read_iter;xfs_file_buffered_read;filemap_read;filemap_get_pages;page_cache_ra_order;read_pages;blk_finish_plug;__blk_flush_plug;blk_mq_flush_plug_list.part.0;blk_mq_sched_insert_requests;__blk_mq_run_hw_queue;blk_mq_sched_dispatch_requests;__blk_mq_sched_dispatch_requests;blk_mq_do_dispatch_sched;scsi_mq_set_rq_budget_token
0.04% read;entry_SYSCALL_64_after_hwframe;do_syscall_64;ksys_read;vfs_read;xfs_file_read_iter;xfs_file_buffered_read;filemap_read;copy_page_to_iter;_copy_to_iter
0.01% read;entry_SYSCALL_64_after_hwframe;do_syscall_64;ksys_read;vfs_read;xfs_file_read_iter;xfs_file_buffered_read;filemap_read;filemap_get_pages;folio_wait_bit_common;io_schedule;schedule;__schedule;finish_task_switch.isra.0;__perf_event_task_sched_in;__intel_pmu_enable_all.constprop.0;native_write_msr
     0.31%     0.00%  c2d      [kernel.kallsyms]     [k] ksys_read
0.25% ksys_read;vfs_read;xfs_file_read_iter;xfs_file_buffered_read;filemap_read;filemap_get_pages;page_cache_ra_order;read_pages;blk_finish_plug;__blk_flush_plug;blk_mq_flush_plug_list.part.0;blk_mq_sched_insert_requests;__blk_mq_run_hw_queue;blk_mq_sched_dispatch_requests;__blk_mq_sched_dispatch_requests;blk_mq_do_dispatch_sched;scsi_mq_set_rq_budget_token
0.04% ksys_read;vfs_read;xfs_file_read_iter;xfs_file_buffered_read;filemap_read;copy_page_to_iter;_copy_to_iter
0.01% ksys_read;vfs_read;xfs_file_read_iter;xfs_file_buffered_read;filemap_read;filemap_get_pages;folio_wait_bit_common;io_schedule;schedule;__schedule;finish_task_switch.isra.0;__perf_event_task_sched_in;__intel_pmu_enable_all.constprop.0;native_write_msr
     0.31%     0.00%  c2d      [kernel.kallsyms]     [k] vfs_read
0.25% vfs_read;xfs_file_read_iter;xfs_file_buffered_read;filemap_read;filemap_get_pages;page_cache_ra_order;read_pages;blk_finish_plug;__blk_flush_plug;blk_mq_flush_plug_list.part.0;blk_mq_sched_insert_requests;__blk_mq_run_hw_queue;blk_mq_sched_dispatch_requests;__blk_mq_sched_dispatch_requests;blk_mq_do_dispatch_sched;scsi_mq_set_rq_budget_token
0.04% vfs_read;xfs_file_read_iter;xfs_file_buffered_read;filemap_read;copy_page_to_iter;_copy_to_iter
0.01% vfs_read;xfs_file_read_iter;xfs_file_buffered_read;filemap_read;filemap_get_pages;folio_wait_bit_common;io_schedule;schedule;__schedule;finish_task_switch.isra.0;__perf_event_task_sched_in;__intel_pmu_enable_all.constprop.0;native_write_msr
     0.31%     0.00%  c2d      [xfs]                 [k] xfs_file_read_iter
0.25% xfs_file_read_iter;xfs_file_buffered_read;filemap_read;filemap_get_pages;page_cache_ra_order;read_pages;blk_finish_plug;__blk_flush_plug;blk_mq_flush_plug_list.part.0;blk_mq_sched_insert_requests;__blk_mq_run_hw_queue;blk_mq_sched_dispatch_requests;__blk_mq_sched_dispatch_requests;blk_mq_do_dispatch_sched;scsi_mq_set_rq_budget_token
0.04% xfs_file_read_iter;xfs_file_buffered_read;filemap_read;copy_page_to_iter;_copy_to_iter
0.01% xfs_file_read_iter;xfs_file_buffered_read;filemap_read;filemap_get_pages;folio_wait_bit_common;io_schedule;schedule;__schedule;finish_task_switch.isra.0;__perf_event_task_sched_in;__intel_pmu_enable_all.constprop.0;native_write_msr
     0.31%     0.00%  c2d      [xfs]                 [k] xfs_file_buffered_read
0.25% xfs_file_buffered_read;filemap_read;filemap_get_pages;page_cache_ra_order;read_pages;blk_finish_plug;__blk_flush_plug;blk_mq_flush_plug_list.part.0;blk_mq_sched_insert_requests;__blk_mq_run_hw_queue;blk_mq_sched_dispatch_requests;__blk_mq_sched_dispatch_requests;blk_mq_do_dispatch_sched;scsi_mq_set_rq_budget_token
0.04% xfs_file_buffered_read;filemap_read;copy_page_to_iter;_copy_to_iter
0.01% xfs_file_buffered_read;filemap_read;filemap_get_pages;folio_wait_bit_common;io_schedule;schedule;__schedule;finish_task_switch.isra.0;__perf_event_task_sched_in;__intel_pmu_enable_all.constprop.0;native_write_msr
     0.31%     0.00%  c2d      [kernel.kallsyms]     [k] filemap_read
0.25% filemap_read;filemap_get_pages;page_cache_ra_order;read_pages;blk_finish_plug;__blk_flush_plug;blk_mq_flush_plug_list.part.0;blk_mq_sched_insert_requests;__blk_mq_run_hw_queue;blk_mq_sched_dispatch_requests;__blk_mq_sched_dispatch_requests;blk_mq_do_dispatch_sched;scsi_mq_set_rq_budget_token
0.04% filemap_read;copy_page_to_iter;_copy_to_iter
0.01% filemap_read;filemap_get_pages;folio_wait_bit_common;io_schedule;schedule;__schedule;finish_task_switch.isra.0;__perf_event_task_sched_in;__intel_pmu_enable_all.constprop.0;native_write_msr
     0.30%     0.30%  c2d      [kernel.kallsyms]     [k] up_read
0.30% 0x7febeff6724a;main;cnf2ddnnf_cmd_line;free_cache_manager;asm_exc_page_fault;exc_page_fault;do_user_addr_fault;up_read
     0.30%     0.30%  c2d      [kernel.kallsyms]     [k] mas_alloc_nodes
0.30% __munmap;entry_SYSCALL_64_after_hwframe;do_syscall_64;__x64_sys_munmap;__vm_munmap;do_mas_munmap;do_mas_align_munmap;mas_preallocate;mas_alloc_nodes
     0.30%     0.00%  c2d      [kernel.kallsyms]     [k] mas_preallocate
0.30% mas_preallocate;mas_alloc_nodes
     0.30%     0.00%  c2d      [kernel.kallsyms]     [k] unmap_region
0.30% unmap_region;unmap_vmas;unmap_page_range;zap_huge_pmd;pgtable_trans_huge_withdraw;__list_del_entry_valid
     0.30%     0.00%  c2d      [kernel.kallsyms]     [k] zap_huge_pmd
0.30% zap_huge_pmd;pgtable_trans_huge_withdraw;__list_del_entry_valid
     0.30%     0.00%  c2d      [kernel.kallsyms]     [k] pgtable_trans_huge_withdraw
0.30% pgtable_trans_huge_withdraw;__list_del_entry_valid
     0.30%     0.30%  c2d      [xfs]                 [k] xfs_iunlock
0.30% 0x67616e616d20464e;write;entry_SYSCALL_64_after_hwframe;do_syscall_64;ksys_write;vfs_write;xfs_file_buffered_write;xfs_iunlock
     0.30%     0.00%  c2d      [unknown]             [k] 0x67616e616d20464e
0.30% 0x67616e616d20464e;write;entry_SYSCALL_64_after_hwframe;do_syscall_64;ksys_write;vfs_write;xfs_file_buffered_write;xfs_iunlock
     0.30%     0.00%  c2d      libc.so.6             [.] write
0.30% write;entry_SYSCALL_64_after_hwframe;do_syscall_64;ksys_write;vfs_write;xfs_file_buffered_write;xfs_iunlock
     0.30%     0.00%  c2d      [kernel.kallsyms]     [k] ksys_write
0.30% ksys_write;vfs_write;xfs_file_buffered_write;xfs_iunlock
     0.30%     0.00%  c2d      [kernel.kallsyms]     [k] vfs_write
0.30% vfs_write;xfs_file_buffered_write;xfs_iunlock
     0.30%     0.00%  c2d      [xfs]                 [k] xfs_file_buffered_write
0.30% xfs_file_buffered_write;xfs_iunlock
     0.30%     0.30%  c2d      [kernel.kallsyms]     [k] _compound_head
0.30% entry_SYSCALL_64_after_hwframe;do_syscall_64;__x64_sys_exit_group;do_group_exit;do_exit;__mmput;exit_mmap;unmap_vmas;unmap_page_range;_compound_head
     0.30%     0.00%  c2d      [kernel.kallsyms]     [k] vm_normal_page
0.30% vm_normal_page
     0.28%     0.00%  c2d      ld-linux-x86-64.so.2  [.] 0x00007febf04a807f
0.28% 0x7febf04a807f;asm_exc_page_fault;exc_page_fault;do_user_addr_fault;handle_mm_fault;__handle_mm_fault;vma_alloc_folio;__folio_alloc;__alloc_pages;get_page_from_freelist;clear_page_rep
     0.28%     0.28%  c2d      [kernel.kallsyms]     [k] lock_mm_and_find_vma
0.28% 0x7febeff6724a;main;cnf2ddnnf_cmd_line;free_cache_manager;asm_exc_page_fault;exc_page_fault;do_user_addr_fault;lock_mm_and_find_vma
     0.28%     0.28%  c2d      libstdc++.so.6.0.30   [.] std::__cxx11::moneypunct<wchar_t, true>::_M_initialize_moneypunct
0.28% 0x8948550014bd2b05;std::__cxx11::moneypunct<wchar_t, true>::~moneypunct;0x1;std::__cxx11::moneypunct<wchar_t, true>::_M_initialize_moneypunct
     0.28%     0.00%  c2d      [unknown]             [.] 0x8948550014bd2b05
0.28% 0x8948550014bd2b05;std::__cxx11::moneypunct<wchar_t, true>::~moneypunct;0x1;std::__cxx11::moneypunct<wchar_t, true>::_M_initialize_moneypunct
     0.28%     0.00%  c2d      libstdc++.so.6.0.30   [.] std::__cxx11::moneypunct<wchar_t, true>::~moneypunct
0.28% std::__cxx11::moneypunct<wchar_t, true>::~moneypunct;0x1;std::__cxx11::moneypunct<wchar_t, true>::_M_initialize_moneypunct
     0.28%     0.00%  c2d      [unknown]             [.] 0x0000000000000001
0.28% 0x1;std::__cxx11::moneypunct<wchar_t, true>::_M_initialize_moneypunct
     0.27%     0.00%  c2d      libgcc_s.so.1         [.] 0x00007febf0471000
0.27% 0x7febf0471000;asm_exc_page_fault;exc_page_fault;do_user_addr_fault;handle_mm_fault;__handle_mm_fault;do_fault;filemap_map_pages;next_uptodate_page
     0.27%     0.27%  c2d      [kernel.kallsyms]     [k] _raw_spin_trylock
0.27% 0x7febeff6724a;main;cnf2ddnnf_cmd_line;compile_cnf;compile_dt;compile_dt;compile_decomposed;lookup_or_compile_dt;compile_dt;compile_dt;compile_decomposed;lookup_or_compile_dt;compile_decomposed;lookup_or_compile_dt;compile_dt;compile_dt;compile_decomposed;lookup_or_compile_dt;compile_decomposed;lookup_or_compile_dt;compile_dt;compile_dt;compile_decomposed;lookup_or_compile_dt;compile_decomposed;lookup_or_compile_dt;compile_dt;compile_dt;compile_decomposed;lookup_or_compile_dt;compile_decomposed;lookup_or_compile_dt;compile_dt;compile_dt;compile_decomposed;lookup_or_compile_dt;compile_decomposed;lookup_or_compile_dt;compile_decomposed;lookup_or_compile_dt;compile_dt;compile_dt;compile_decomposed;lookup_or_compile_dt;compile_decomposed;lookup_or_compile_dt;compile_decomposed;lookup_or_compile_dt;compile_dt;compile_dt;compile_decomposed;lookup_or_compile_dt;compile_decomposed;lookup_or_compile_dt;compile_decomposed;lookup_or_compile_dt;compile_dt;compile_dt;compile_decomposed;conjoin_nnfs_lits;conjoin_relevant_lits;get_and_node;asm_exc_page_fault;exc_page_fault;do_user_addr_fault;handle_mm_fault;__handle_mm_fault;do_huge_pmd_anonymous_page;pte_alloc_one;__alloc_pages;get_page_from_freelist;_raw_spin_trylock
     0.27%     0.00%  c2d      c2d                   [.] conjoin_nnfs_lits
0.27% conjoin_nnfs_lits;conjoin_relevant_lits;get_and_node;asm_exc_page_fault;exc_page_fault;do_user_addr_fault;handle_mm_fault;__handle_mm_fault;do_huge_pmd_anonymous_page;pte_alloc_one;__alloc_pages;get_page_from_freelist;_raw_spin_trylock
     0.27%     0.00%  c2d      c2d                   [.] conjoin_relevant_lits
0.27% conjoin_relevant_lits;get_and_node;asm_exc_page_fault;exc_page_fault;do_user_addr_fault;handle_mm_fault;__handle_mm_fault;do_huge_pmd_anonymous_page;pte_alloc_one;__alloc_pages;get_page_from_freelist;_raw_spin_trylock
     0.27%     0.27%  c2d      ld-linux-x86-64.so.2  [.] 0x000000000000df40
0.27% 0x7febf04b0a58;0x7febf04b022f;0x7febf04b3c99;0x7febf04a3f44
     0.27%     0.00%  c2d      ld-linux-x86-64.so.2  [.] 0x00007febf04a3f44
0.27% 0x7febf04a3f44
     0.27%     0.00%  c2d      [unknown]             [.] 0x000000000000006c
0.27% 0x6c;0x7b;0x18072000;insert_cnf_cache;add_cache_entry;asm_exc_page_fault
     0.27%     0.00%  c2d      [unknown]             [.] 0x000000000000007b
0.27% 0x7b;0x18072000;insert_cnf_cache;add_cache_entry;asm_exc_page_fault
     0.27%     0.00%  c2d      [unknown]             [.] 0x0000000018072000
0.27% 0x18072000;insert_cnf_cache;add_cache_entry;asm_exc_page_fault
     0.27%     0.00%  c2d      [kernel.kallsyms]     [k] filemap_get_pages
0.25% filemap_get_pages;page_cache_ra_order;read_pages;blk_finish_plug;__blk_flush_plug;blk_mq_flush_plug_list.part.0;blk_mq_sched_insert_requests;__blk_mq_run_hw_queue;blk_mq_sched_dispatch_requests;__blk_mq_sched_dispatch_requests;blk_mq_do_dispatch_sched;scsi_mq_set_rq_budget_token
0.01% filemap_get_pages;folio_wait_bit_common;io_schedule;schedule;__schedule;finish_task_switch.isra.0;__perf_event_task_sched_in;__intel_pmu_enable_all.constprop.0;native_write_msr
     0.27%     0.00%  c2d      libc.so.6             [.] strnlen
0.27% strnlen;asm_exc_page_fault;exc_page_fault;do_user_addr_fault;handle_mm_fault;__handle_mm_fault;do_fault;filemap_map_pages;next_uptodate_page
     0.27%     0.27%  c2d      [kernel.kallsyms]     [k] __split_huge_pmd
0.27% 0x7febeff6724a;main;cnf2ddnnf_cmd_line;compile_cnf;compile_dt;compile_dt;compile_decomposed;lookup_or_compile_dt;compile_dt;compile_dt;compile_decomposed;lookup_or_compile_dt;compile_decomposed;lookup_or_compile_dt;compile_dt;compile_dt;compile_decomposed;lookup_or_compile_dt;compile_decomposed;lookup_or_compile_dt;compile_decomposed;lookup_or_compile_dt;compile_decomposed;lookup_or_compile_dt;compile_decomposed;lookup_or_compile_dt;compile_decomposed;lookup_or_compile_dt;compile_decomposed;lookup_or_compile_dt;compile_decomposed;lookup_or_compile_dt;compile_decomposed;lookup_or_compile_dt;compile_decomposed;lookup_or_compile_dt;compile_decomposed;lookup_or_compile_dt;compile_decomposed;lookup_or_compile_dt;compile_decomposed;lookup_or_compile_dt;compile_decomposed;lookup_or_compile_dt;compile_decomposed;lookup_or_compile_dt;compile_decomposed;lookup_or_compile_dt;compile_decomposed;lookup_or_compile_dt;compile_decomposed;lookup_or_compile_dt;compile_decomposed;lookup_or_compile_dt;compile_decomposed;lookup_or_compile_dt;compile_decomposed;lookup_or_compile_dt;compile_decomposed;lookup_or_compile_dt;insert_cnf_cache;add_cache_entry;asm_exc_page_fault;exc_page_fault;do_user_addr_fault;handle_mm_fault;__handle_mm_fault;do_huge_pmd_wp_page;__split_huge_pmd
     0.27%     0.00%  c2d      [kernel.kallsyms]     [k] do_huge_pmd_wp_page
0.27% do_huge_pmd_wp_page;__split_huge_pmd
     0.26%     0.26%  c2d      ld-linux-x86-64.so.2  [.] 0x0000000000009947
0.26% 0x134f80;0x7febf027a758;0x7febf049f94a
     0.26%     0.00%  c2d      [unknown]             [.] 0x0000000000134f80
0.26% 0x134f80;0x7febf027a758;0x7febf049f94a
     0.26%     0.00%  c2d      [unknown]             [.] 0x00007febf027a758
0.26% 0x7febf027a758;0x7febf049f94a
     0.26%     0.00%  c2d      ld-linux-x86-64.so.2  [.] 0x00007febf049f94a
0.26% 0x7febf049f94a
     0.26%     0.26%  c2d      ld-linux-x86-64.so.2  [.] 0x00000000000217ab
0.26% 0x7febf04c98a8;0x7febf049e075;0x7febf04b77af
     0.26%     0.00%  c2d      ld-linux-x86-64.so.2  [.] 0x00007febf04b77af
0.26% 0x7febf04b77af
     0.26%     0.26%  c2d      ld-linux-x86-64.so.2  [.] 0x0000000000009a50
0.26% 0x7febf04c98a8;0x7febf0494170;0x6;0;0x7febf049fa53
     0.26%     0.00%  c2d      [unknown]             [.] 0x00007febf0494170
0.26% 0x7febf0494170;0x6;0;0x7febf049fa53
     0.26%     0.00%  c2d      [unknown]             [.] 0x0000000000000006
0.26% 0x6;0;0x7febf049fa53
     0.26%     0.00%  c2d      ld-linux-x86-64.so.2  [.] 0x00007febf049fa53
0.26% 0x7febf049fa53
     0.25%     0.25%  c2d      [scsi_mod]            [k] scsi_mq_set_rq_budget_token
0.25% 0;read;entry_SYSCALL_64_after_hwframe;do_syscall_64;ksys_read;vfs_read;xfs_file_read_iter;xfs_file_buffered_read;filemap_read;filemap_get_pages;page_cache_ra_order;read_pages;blk_finish_plug;__blk_flush_plug;blk_mq_flush_plug_list.part.0;blk_mq_sched_insert_requests;__blk_mq_run_hw_queue;blk_mq_sched_dispatch_requests;__blk_mq_sched_dispatch_requests;blk_mq_do_dispatch_sched;scsi_mq_set_rq_budget_token
     0.25%     0.00%  c2d      [kernel.kallsyms]     [k] page_cache_ra_order
0.25% page_cache_ra_order;read_pages;blk_finish_plug;__blk_flush_plug;blk_mq_flush_plug_list.part.0;blk_mq_sched_insert_requests;__blk_mq_run_hw_queue;blk_mq_sched_dispatch_requests;__blk_mq_sched_dispatch_requests;blk_mq_do_dispatch_sched;scsi_mq_set_rq_budget_token
     0.25%     0.00%  c2d      [kernel.kallsyms]     [k] read_pages
0.25% read_pages;blk_finish_plug;__blk_flush_plug;blk_mq_flush_plug_list.part.0;blk_mq_sched_insert_requests;__blk_mq_run_hw_queue;blk_mq_sched_dispatch_requests;__blk_mq_sched_dispatch_requests;blk_mq_do_dispatch_sched;scsi_mq_set_rq_budget_token
     0.25%     0.00%  c2d      [kernel.kallsyms]     [k] blk_finish_plug
0.25% blk_finish_plug;__blk_flush_plug;blk_mq_flush_plug_list.part.0;blk_mq_sched_insert_requests;__blk_mq_run_hw_queue;blk_mq_sched_dispatch_requests;__blk_mq_sched_dispatch_requests;blk_mq_do_dispatch_sched;scsi_mq_set_rq_budget_token
     0.25%     0.00%  c2d      [kernel.kallsyms]     [k] __blk_flush_plug
0.25% __blk_flush_plug;blk_mq_flush_plug_list.part.0;blk_mq_sched_insert_requests;__blk_mq_run_hw_queue;blk_mq_sched_dispatch_requests;__blk_mq_sched_dispatch_requests;blk_mq_do_dispatch_sched;scsi_mq_set_rq_budget_token
     0.25%     0.00%  c2d      [kernel.kallsyms]     [k] blk_mq_flush_plug_list.part.0
0.25% blk_mq_flush_plug_list.part.0;blk_mq_sched_insert_requests;__blk_mq_run_hw_queue;blk_mq_sched_dispatch_requests;__blk_mq_sched_dispatch_requests;blk_mq_do_dispatch_sched;scsi_mq_set_rq_budget_token
     0.25%     0.00%  c2d      [kernel.kallsyms]     [k] blk_mq_sched_insert_requests
0.25% blk_mq_sched_insert_requests;__blk_mq_run_hw_queue;blk_mq_sched_dispatch_requests;__blk_mq_sched_dispatch_requests;blk_mq_do_dispatch_sched;scsi_mq_set_rq_budget_token
     0.25%     0.00%  c2d      [kernel.kallsyms]     [k] __blk_mq_run_hw_queue
0.25% __blk_mq_run_hw_queue;blk_mq_sched_dispatch_requests;__blk_mq_sched_dispatch_requests;blk_mq_do_dispatch_sched;scsi_mq_set_rq_budget_token
     0.25%     0.00%  c2d      [kernel.kallsyms]     [k] blk_mq_sched_dispatch_requests
0.25% blk_mq_sched_dispatch_requests;__blk_mq_sched_dispatch_requests;blk_mq_do_dispatch_sched;scsi_mq_set_rq_budget_token
     0.25%     0.00%  c2d      [kernel.kallsyms]     [k] __blk_mq_sched_dispatch_requests
0.25% __blk_mq_sched_dispatch_requests;blk_mq_do_dispatch_sched;scsi_mq_set_rq_budget_token
     0.25%     0.00%  c2d      [kernel.kallsyms]     [k] blk_mq_do_dispatch_sched
0.25% blk_mq_do_dispatch_sched;scsi_mq_set_rq_budget_token
     0.25%     0.25%  c2d      [kernel.kallsyms]     [k] do_set_pte
0.25% 0x7febf04c98a8;0x7febf049e075;0x7febf049d262;asm_exc_page_fault;exc_page_fault;do_user_addr_fault;handle_mm_fault;__handle_mm_fault;do_fault;filemap_map_pages;do_set_pte
     0.25%     0.00%  c2d      ld-linux-x86-64.so.2  [.] 0x00007febf049d262
0.25% 0x7febf049d262;asm_exc_page_fault;exc_page_fault;do_user_addr_fault;handle_mm_fault;__handle_mm_fault;do_fault;filemap_map_pages;do_set_pte
     0.25%     0.25%  c2d      libc.so.6             [.] 0x00000000000951c8
0.25% 0x7febeffd51cb
     0.25%     0.00%  c2d      libc.so.6             [.] 0x00007febeffd51cb
0.25% 0x7febeffd51cb
     0.25%     0.25%  c2d      ld-linux-x86-64.so.2  [.] 0x000000000000906c
0.25% 0x7febf049f070
     0.25%     0.00%  c2d      ld-linux-x86-64.so.2  [.] 0x00007febf049f070
0.25% 0x7febf049f070
     0.25%     0.25%  c2d      ld-linux-x86-64.so.2  [.] 0x000000000000e305
0.25% 0x7febf04b0a58;0x7febf04b022f;0x7febf04b3c99;0x7febf04a4309
     0.25%     0.00%  c2d      ld-linux-x86-64.so.2  [.] 0x00007febf04a4309
0.25% 0x7febf04a4309
     0.25%     0.25%  c2d      [kernel.kallsyms]     [k] __vma_adjust
0.25% 0x7febf04c98a8;0x7febf049e075;0x7febf04b6ae3;entry_SYSCALL_64_after_hwframe;do_syscall_64;ksys_mmap_pgoff;vm_mmap_pgoff;do_mmap;mmap_region;do_mas_munmap;do_mas_align_munmap;__split_vma;__vma_adjust
     0.25%     0.00%  c2d      ld-linux-x86-64.so.2  [.] 0x00007febf04b6ae3
0.25% 0x7febf04b6ae3;entry_SYSCALL_64_after_hwframe;do_syscall_64;ksys_mmap_pgoff;vm_mmap_pgoff;do_mmap;mmap_region;do_mas_munmap;do_mas_align_munmap;__split_vma;__vma_adjust
     0.25%     0.00%  c2d      [kernel.kallsyms]     [k] ksys_mmap_pgoff
0.25% ksys_mmap_pgoff;vm_mmap_pgoff;do_mmap;mmap_region;do_mas_munmap;do_mas_align_munmap;__split_vma;__vma_adjust
     0.25%     0.00%  c2d      [kernel.kallsyms]     [k] vm_mmap_pgoff
0.25% vm_mmap_pgoff;do_mmap;mmap_region;do_mas_munmap;do_mas_align_munmap;__split_vma;__vma_adjust
     0.25%     0.00%  c2d      [kernel.kallsyms]     [k] do_mmap
0.25% do_mmap;mmap_region;do_mas_munmap;do_mas_align_munmap;__split_vma;__vma_adjust
     0.25%     0.00%  c2d      [kernel.kallsyms]     [k] mmap_region
0.25% mmap_region;do_mas_munmap;do_mas_align_munmap;__split_vma;__vma_adjust
     0.25%     0.00%  c2d      [kernel.kallsyms]     [k] __split_vma
0.25% __split_vma;__vma_adjust
     0.24%     0.24%  c2d      libc.so.6             [.] 0x00000000000980bc
0.24% 0;0x7febeffd80bf
     0.24%     0.00%  c2d      libc.so.6             [.] 0x00007febeffd80bf
0.24% 0x7febeffd80bf
     0.24%     0.00%  c2d      libc.so.6             [.] _IO_fflush
0.24% _IO_fflush;__gmp_default_allocate;asm_exc_page_fault;exc_page_fault;do_user_addr_fault;handle_mm_fault;__handle_mm_fault;do_fault;xfs_filemap_map_pages;filemap_map_pages
     0.24%     0.00%  c2d      c2d                   [.] __gmp_default_allocate
0.24% __gmp_default_allocate;asm_exc_page_fault;exc_page_fault;do_user_addr_fault;handle_mm_fault;__handle_mm_fault;do_fault;xfs_filemap_map_pages;filemap_map_pages
     0.24%     0.00%  c2d      [xfs]                 [k] xfs_filemap_map_pages
0.24% xfs_filemap_map_pages;filemap_map_pages
     0.23%     0.23%  c2d      c2d                   [.] edges_intersection
0.23% 0x7febeff6724a;main;cnf2ddnnf_cmd_line;load_hdtree_from_file;dtree_skeleton2hdtree;initialize_hdtree;initialize_hdtree;initialize_hdtree;initialize_hdtree;initialize_hdtree;initialize_hdtree;initialize_hdtree;initialize_hdtree;initialize_hdtree;initialize_hdtree;initialize_hdtree;initialize_hdtree;initialize_hdtree;initialize_hdtree;initialize_hdtree;initialize_hdtree;initialize_hdtree;initialize_hdtree;initialize_hdtree;initialize_hdtree;initialize_hdtree;initialize_hdtree;initialize_hdtree;initialize_hdtree;edges_intersection
     0.23%     0.00%  c2d      c2d                   [.] load_hdtree_from_file
0.23% load_hdtree_from_file;dtree_skeleton2hdtree;initialize_hdtree;initialize_hdtree;initialize_hdtree;initialize_hdtree;initialize_hdtree;initialize_hdtree;initialize_hdtree;initialize_hdtree;initialize_hdtree;initialize_hdtree;initialize_hdtree;initialize_hdtree;initialize_hdtree;initialize_hdtree;initialize_hdtree;initialize_hdtree;initialize_hdtree;initialize_hdtree;initialize_hdtree;initialize_hdtree;initialize_hdtree;initialize_hdtree;initialize_hdtree;initialize_hdtree;edges_intersection
     0.23%     0.00%  c2d      c2d                   [.] dtree_skeleton2hdtree
0.23% dtree_skeleton2hdtree;initialize_hdtree;initialize_hdtree;initialize_hdtree;initialize_hdtree;initialize_hdtree;initialize_hdtree;initialize_hdtree;initialize_hdtree;initialize_hdtree;initialize_hdtree;initialize_hdtree;initialize_hdtree;initialize_hdtree;initialize_hdtree;initialize_hdtree;initialize_hdtree;initialize_hdtree;initialize_hdtree;initialize_hdtree;initialize_hdtree;initialize_hdtree;initialize_hdtree;initialize_hdtree;initialize_hdtree;edges_intersection
     0.23%     0.00%  c2d      c2d                   [.] initialize_hdtree
0.23% initialize_hdtree;initialize_hdtree;initialize_hdtree;initialize_hdtree;initialize_hdtree;initialize_hdtree;initialize_hdtree;initialize_hdtree;initialize_hdtree;initialize_hdtree;initialize_hdtree;initialize_hdtree;initialize_hdtree;initialize_hdtree;initialize_hdtree;initialize_hdtree;initialize_hdtree;initialize_hdtree;initialize_hdtree;initialize_hdtree;initialize_hdtree;initialize_hdtree;initialize_hdtree;initialize_hdtree;edges_intersection
     0.23%     0.23%  c2d      ld-linux-x86-64.so.2  [.] 0x000000000001c486
0.23% 0x7febf04b0a58;0x7febf04b022f;0x7febf04b248d
     0.23%     0.00%  c2d      ld-linux-x86-64.so.2  [.] 0x00007febf04b248d
0.23% 0x7febf04b248d
     0.21%     0.21%  c2d      libc.so.6             [.] 0x00000000000a24ac
0.21% 0xa38303120;0x7febeffe24b0
     0.21%     0.00%  c2d      [unknown]             [.] 0x0000000a38303120
0.21% 0xa38303120;0x7febeffe24b0
     0.21%     0.00%  c2d      libc.so.6             [.] 0x00007febeffe24b0
0.21% 0x7febeffe24b0
     0.20%     0.20%  c2d      [kernel.kallsyms]     [k] mas_wr_node_store
0.20% 0x7f37e32f3a97;entry_SYSCALL_64_after_hwframe;do_syscall_64;__x64_sys_execve;do_execveat_common.isra.0;bprm_execve;load_elf_binary;elf_map;__vm_munmap;do_mas_munmap;do_mas_align_munmap;mas_store_prealloc;mas_wr_modify;mas_wr_node_store
     0.20%     0.00%  c2d      [kernel.kallsyms]     [k] elf_map
0.20% elf_map;__vm_munmap;do_mas_munmap;do_mas_align_munmap;mas_store_prealloc;mas_wr_modify;mas_wr_node_store
     0.20%     0.00%  c2d      [kernel.kallsyms]     [k] mas_store_prealloc
0.20% mas_store_prealloc;mas_wr_modify;mas_wr_node_store
     0.20%     0.00%  c2d      [kernel.kallsyms]     [k] mas_wr_modify
0.20% mas_wr_modify;mas_wr_node_store
     0.12%     0.00%  c2d      [kernel.kallsyms]     [k] setup_arg_pages
0.12% setup_arg_pages;shift_arg_pages;move_page_tables;__pmd_alloc;__alloc_pages;get_page_from_freelist;clear_page_rep
     0.12%     0.00%  c2d      [kernel.kallsyms]     [k] shift_arg_pages
0.12% shift_arg_pages;move_page_tables;__pmd_alloc;__alloc_pages;get_page_from_freelist;clear_page_rep
     0.12%     0.00%  c2d      [kernel.kallsyms]     [k] move_page_tables
0.12% move_page_tables;__pmd_alloc;__alloc_pages;get_page_from_freelist;clear_page_rep
     0.12%     0.00%  c2d      [kernel.kallsyms]     [k] __pmd_alloc
0.12% __pmd_alloc;__alloc_pages;get_page_from_freelist;clear_page_rep
     0.12%     0.12%  c2d      libc.so.6             [.] 0x0000000000085ff0
0.12% 0x6b6e550a00642520;__isoc99_sscanf;0x7febeffc5ff9
     0.12%     0.00%  c2d      [unknown]             [.] 0x6b6e550a00642520
0.12% 0x6b6e550a00642520;__isoc99_sscanf;0x7febeffc5ff9
     0.12%     0.00%  c2d      libc.so.6             [.] __isoc99_sscanf
0.12% __isoc99_sscanf;0x7febeffc5ff9
     0.12%     0.00%  c2d      libc.so.6             [.] 0x00007febeffc5ff9
0.12% 0x7febeffc5ff9
     0.05%     0.00%  perf-ex  [unknown]             [k] 0x00007f37e32f3a97
0.04% 0x7f37e32f3a97;entry_SYSCALL_64_after_hwframe;do_syscall_64;__x64_sys_execve;do_execveat_common.isra.0;bprm_execve;load_elf_binary;begin_new_exec;perf_event_comm;perf_iterate_sb
0.01% 0x7f37e32f3a97;entry_SYSCALL_64_after_hwframe;do_syscall_64;__x64_sys_execve;do_execveat_common.isra.0;bprm_execve;load_elf_binary;begin_new_exec;perf_event_exec;__intel_pmu_enable_all.constprop.0;native_write_msr
     0.05%     0.00%  perf-ex  [kernel.kallsyms]     [k] entry_SYSCALL_64_after_hwframe
0.04% entry_SYSCALL_64_after_hwframe;do_syscall_64;__x64_sys_execve;do_execveat_common.isra.0;bprm_execve;load_elf_binary;begin_new_exec;perf_event_comm;perf_iterate_sb
0.01% entry_SYSCALL_64_after_hwframe;do_syscall_64;__x64_sys_execve;do_execveat_common.isra.0;bprm_execve;load_elf_binary;begin_new_exec;perf_event_exec;__intel_pmu_enable_all.constprop.0;native_write_msr
     0.05%     0.00%  perf-ex  [kernel.kallsyms]     [k] do_syscall_64
0.04% do_syscall_64;__x64_sys_execve;do_execveat_common.isra.0;bprm_execve;load_elf_binary;begin_new_exec;perf_event_comm;perf_iterate_sb
0.01% do_syscall_64;__x64_sys_execve;do_execveat_common.isra.0;bprm_execve;load_elf_binary;begin_new_exec;perf_event_exec;__intel_pmu_enable_all.constprop.0;native_write_msr
     0.05%     0.00%  perf-ex  [kernel.kallsyms]     [k] __x64_sys_execve
0.04% __x64_sys_execve;do_execveat_common.isra.0;bprm_execve;load_elf_binary;begin_new_exec;perf_event_comm;perf_iterate_sb
0.01% __x64_sys_execve;do_execveat_common.isra.0;bprm_execve;load_elf_binary;begin_new_exec;perf_event_exec;__intel_pmu_enable_all.constprop.0;native_write_msr
     0.05%     0.00%  perf-ex  [kernel.kallsyms]     [k] do_execveat_common.isra.0
0.04% do_execveat_common.isra.0;bprm_execve;load_elf_binary;begin_new_exec;perf_event_comm;perf_iterate_sb
0.01% do_execveat_common.isra.0;bprm_execve;load_elf_binary;begin_new_exec;perf_event_exec;__intel_pmu_enable_all.constprop.0;native_write_msr
     0.05%     0.00%  perf-ex  [kernel.kallsyms]     [k] bprm_execve
0.04% bprm_execve;load_elf_binary;begin_new_exec;perf_event_comm;perf_iterate_sb
0.01% bprm_execve;load_elf_binary;begin_new_exec;perf_event_exec;__intel_pmu_enable_all.constprop.0;native_write_msr
     0.05%     0.00%  perf-ex  [kernel.kallsyms]     [k] load_elf_binary
0.04% load_elf_binary;begin_new_exec;perf_event_comm;perf_iterate_sb
0.01% load_elf_binary;begin_new_exec;perf_event_exec;__intel_pmu_enable_all.constprop.0;native_write_msr
     0.05%     0.00%  perf-ex  [kernel.kallsyms]     [k] begin_new_exec
0.04% begin_new_exec;perf_event_comm;perf_iterate_sb
0.01% begin_new_exec;perf_event_exec;__intel_pmu_enable_all.constprop.0;native_write_msr
     0.04%     0.04%  c2d      [kernel.kallsyms]     [k] _copy_to_iter
0.04% 0;read;entry_SYSCALL_64_after_hwframe;do_syscall_64;ksys_read;vfs_read;xfs_file_read_iter;xfs_file_buffered_read;filemap_read;copy_page_to_iter;_copy_to_iter
     0.04%     0.00%  c2d      [kernel.kallsyms]     [k] copy_page_to_iter
0.04% copy_page_to_iter;_copy_to_iter
     0.04%     0.04%  perf-ex  [kernel.kallsyms]     [k] perf_iterate_sb
0.04% 0x7f37e32f3a97;entry_SYSCALL_64_after_hwframe;do_syscall_64;__x64_sys_execve;do_execveat_common.isra.0;bprm_execve;load_elf_binary;begin_new_exec;perf_event_comm;perf_iterate_sb
     0.04%     0.00%  perf-ex  [kernel.kallsyms]     [k] perf_event_comm
0.04% perf_event_comm;perf_iterate_sb
     0.01%     0.00%  perf-ex  [kernel.kallsyms]     [k] native_write_msr
0.01% native_write_msr
     0.01%     0.00%  perf-ex  [kernel.kallsyms]     [k] perf_event_exec
0.01% perf_event_exec;__intel_pmu_enable_all.constprop.0;native_write_msr
     0.01%     0.00%  perf-ex  [kernel.kallsyms]     [k] __intel_pmu_enable_all.constprop.0
0.01% __intel_pmu_enable_all.constprop.0;native_write_msr
     0.01%     0.00%  c2d      [kernel.kallsyms]     [k] native_write_msr
0.01% native_write_msr
     0.01%     0.00%  c2d      [kernel.kallsyms]     [k] folio_wait_bit_common
0.01% folio_wait_bit_common;io_schedule;schedule;__schedule;finish_task_switch.isra.0;__perf_event_task_sched_in;__intel_pmu_enable_all.constprop.0;native_write_msr
     0.01%     0.00%  c2d      [kernel.kallsyms]     [k] io_schedule
0.01% io_schedule;schedule;__schedule;finish_task_switch.isra.0;__perf_event_task_sched_in;__intel_pmu_enable_all.constprop.0;native_write_msr
     0.01%     0.00%  c2d      [kernel.kallsyms]     [k] schedule
0.01% schedule;__schedule;finish_task_switch.isra.0;__perf_event_task_sched_in;__intel_pmu_enable_all.constprop.0;native_write_msr
     0.01%     0.00%  c2d      [kernel.kallsyms]     [k] __schedule
0.01% __schedule;finish_task_switch.isra.0;__perf_event_task_sched_in;__intel_pmu_enable_all.constprop.0;native_write_msr
     0.01%     0.00%  c2d      [kernel.kallsyms]     [k] finish_task_switch.isra.0
0.01% finish_task_switch.isra.0;__perf_event_task_sched_in;__intel_pmu_enable_all.constprop.0;native_write_msr
     0.01%     0.00%  c2d      [kernel.kallsyms]     [k] __perf_event_task_sched_in
0.01% __perf_event_task_sched_in;__intel_pmu_enable_all.constprop.0;native_write_msr
     0.01%     0.00%  c2d      [kernel.kallsyms]     [k] __intel_pmu_enable_all.constprop.0
0.01% __intel_pmu_enable_all.constprop.0;native_write_msr
     0.01%     0.01%  perf-ex  [kernel.kallsyms]     [k] memcpy_fromio
0.01% 0x7f37e32f3a97;entry_SYSCALL_64_after_hwframe;do_syscall_64;__x64_sys_execve;do_execveat_common.isra.0;bprm_execve;load_elf_binary;begin_new_exec;perf_event_exec;__intel_pmu_enable_all.constprop.0;native_write_msr
     0.01%     0.01%  c2d      [kernel.kallsyms]     [k] memcpy_fromio
     0.00%     0.00%  perf-ex  [kernel.kallsyms]     [k] native_flush_tlb_one_user
     0.00%     0.00%  c2d      [kernel.kallsyms]     [k] native_flush_tlb_one_user
     0.00%     0.00%  c2d      [kernel.kallsyms]     [k] intel_bts_enable_local
     0.00%     0.00%  perf-ex  [kernel.kallsyms]     [k] native_sched_clock


#
# (Tip: Save output of perf stat using: perf stat record <target workload>)
#
