# To display the perf.data header info, please use --header/--header-only options.
#
#
# Total Lost Samples: 0
#
# Samples: 356  of event 'cycles'
# Event count (approx.): 237629418
#
# Children      Self  Command  Shared Object         Symbol                                
# ........  ........  .......  ....................  ......................................
#
    94.10%     0.00%  c2d      libc.so.6             [.] 0x00007f60ef04624a
90.46% 0x7f60ef04624a;main;cnf2ddnnf_cmd_line;free_cache_manager
0.30% 0x7f60ef04624a;main;cnf2ddnnf_cmd_line;free_cache_manager;asm_sysvec_apic_timer_interrupt;irqentry_exit_to_user_mode;exit_to_user_mode_prepare;schedule;__schedule
0.30% 0x7f60ef04624a;main;cnf2ddnnf_cmd_line;free_cache_manager;__irqentry_text_end
0.30% 0x7f60ef04624a;main;cnf2ddnnf_cmd_line;free_cache_manager;asm_exc_page_fault;exc_page_fault;do_user_addr_fault;handle_mm_fault;__handle_mm_fault;do_huge_pmd_anonymous_page;pte_alloc_one;mod_lruvec_page_state.constprop.0;__mod_lruvec_page_state
0.30% 0x7f60ef04624a;main;cnf2ddnnf_cmd_line;free_cache_manager;error_entry;sync_regs
0.30% 0x7f60ef04624a;main;cnf2ddnnf_cmd_line;free_cache_manager;asm_exc_page_fault;exc_page_fault;do_user_addr_fault;handle_mm_fault;__handle_mm_fault;do_huge_pmd_anonymous_page;pte_alloc_one;__alloc_pages;get_page_from_freelist;__list_del_entry_valid
0.30% 0x7f60ef04624a;main;cnf2ddnnf_cmd_line;free_cache_manager;asm_exc_page_fault;exc_page_fault;do_user_addr_fault;handle_mm_fault;__handle_mm_fault;do_huge_pmd_anonymous_page;pte_alloc_one;alloc_pages
0.27% 0x7f60ef04624a;main;cnf2ddnnf_cmd_line;load_hdtree_from_file;__isoc99_fscanf;0x7f60ef07ec54
0.27% 0x7f60ef04624a;main;cnf2ddnnf_cmd_line;load_hdtree_from_file;dtree_skeleton2hdtree;initialize_hdtree;initialize_hdtree;initialize_hdtree;initialize_hdtree;initialize_hdtree;initialize_hdtree;initialize_hdtree;initialize_hdtree;initialize_hdtree;initialize_hdtree;edges_intersection
0.27% 0x7f60ef04624a;main;cnf2ddnnf_cmd_line;compile_cnf;compile_dt;compile_dt;compile_decomposed;lookup_or_compile_dt;compile_dt;compile_dt;compile_decomposed;lookup_or_compile_dt;compile_decomposed;lookup_or_compile_dt;compile_dt;compile_dt;compile_decomposed;lookup_or_compile_dt;compile_dt;active_separator_count
0.26% 0x7f60ef04624a;main;cnf2ddnnf_cmd_line;compile_cnf;compile_dt;compile_dt;compile_decomposed;lookup_or_compile_dt;compile_dt;compile_dt;compile_decomposed;lookup_or_compile_dt;compile_decomposed;lookup_or_compile_dt;compile_decomposed;lookup_or_compile_dt;compile_decomposed;lookup_or_compile_dt;compile_decomposed;lookup_or_compile_dt;compile_decomposed;lookup_or_compile_dt;compile_dt;compile_dt;compile_decomposed;lookup_or_compile_dt;compile_decomposed;lookup_or_compile_dt;compile_decomposed;lookup_or_compile_dt;compile_dt;decide_literal;set_literal
0.26% 0x7f60ef04624a;main;cnf2ddnnf_cmd_line;cnf2hgr
0.26% 0x7f60ef04624a;main;cnf2ddnnf_cmd_line;compile_cnf;compile_dt;select_separator;0x7f60ef59b1d0;asm_exc_page_fault;exc_page_fault;do_user_addr_fault;handle_mm_fault;__handle_mm_fault;do_fault;filemap_map_pages;next_uptodate_page
0.25% 0x7f60ef04624a;main;cnf2ddnnf_cmd_line;construct_cnf_manager;initialize_cnf_manager
    94.10%     0.00%  c2d      c2d                   [.] main
90.46% main;cnf2ddnnf_cmd_line;free_cache_manager
0.30% main;cnf2ddnnf_cmd_line;free_cache_manager;asm_sysvec_apic_timer_interrupt;irqentry_exit_to_user_mode;exit_to_user_mode_prepare;schedule;__schedule
0.30% main;cnf2ddnnf_cmd_line;free_cache_manager;__irqentry_text_end
0.30% main;cnf2ddnnf_cmd_line;free_cache_manager;asm_exc_page_fault;exc_page_fault;do_user_addr_fault;handle_mm_fault;__handle_mm_fault;do_huge_pmd_anonymous_page;pte_alloc_one;mod_lruvec_page_state.constprop.0;__mod_lruvec_page_state
0.30% main;cnf2ddnnf_cmd_line;free_cache_manager;error_entry;sync_regs
0.30% main;cnf2ddnnf_cmd_line;free_cache_manager;asm_exc_page_fault;exc_page_fault;do_user_addr_fault;handle_mm_fault;__handle_mm_fault;do_huge_pmd_anonymous_page;pte_alloc_one;__alloc_pages;get_page_from_freelist;__list_del_entry_valid
0.30% main;cnf2ddnnf_cmd_line;free_cache_manager;asm_exc_page_fault;exc_page_fault;do_user_addr_fault;handle_mm_fault;__handle_mm_fault;do_huge_pmd_anonymous_page;pte_alloc_one;alloc_pages
0.27% main;cnf2ddnnf_cmd_line;load_hdtree_from_file;__isoc99_fscanf;0x7f60ef07ec54
0.27% main;cnf2ddnnf_cmd_line;load_hdtree_from_file;dtree_skeleton2hdtree;initialize_hdtree;initialize_hdtree;initialize_hdtree;initialize_hdtree;initialize_hdtree;initialize_hdtree;initialize_hdtree;initialize_hdtree;initialize_hdtree;initialize_hdtree;edges_intersection
0.27% main;cnf2ddnnf_cmd_line;compile_cnf;compile_dt;compile_dt;compile_decomposed;lookup_or_compile_dt;compile_dt;compile_dt;compile_decomposed;lookup_or_compile_dt;compile_decomposed;lookup_or_compile_dt;compile_dt;compile_dt;compile_decomposed;lookup_or_compile_dt;compile_dt;active_separator_count
0.26% main;cnf2ddnnf_cmd_line;compile_cnf;compile_dt;compile_dt;compile_decomposed;lookup_or_compile_dt;compile_dt;compile_dt;compile_decomposed;lookup_or_compile_dt;compile_decomposed;lookup_or_compile_dt;compile_decomposed;lookup_or_compile_dt;compile_decomposed;lookup_or_compile_dt;compile_decomposed;lookup_or_compile_dt;compile_decomposed;lookup_or_compile_dt;compile_dt;compile_dt;compile_decomposed;lookup_or_compile_dt;compile_decomposed;lookup_or_compile_dt;compile_decomposed;lookup_or_compile_dt;compile_dt;decide_literal;set_literal
0.26% main;cnf2ddnnf_cmd_line;cnf2hgr
0.26% main;cnf2ddnnf_cmd_line;compile_cnf;compile_dt;select_separator;0x7f60ef59b1d0;asm_exc_page_fault;exc_page_fault;do_user_addr_fault;handle_mm_fault;__handle_mm_fault;do_fault;filemap_map_pages;next_uptodate_page
0.25% main;cnf2ddnnf_cmd_line;construct_cnf_manager;initialize_cnf_manager
    94.10%     0.00%  c2d      c2d                   [.] cnf2ddnnf_cmd_line
90.46% cnf2ddnnf_cmd_line;free_cache_manager
0.30% cnf2ddnnf_cmd_line;free_cache_manager;asm_sysvec_apic_timer_interrupt;irqentry_exit_to_user_mode;exit_to_user_mode_prepare;schedule;__schedule
0.30% cnf2ddnnf_cmd_line;free_cache_manager;__irqentry_text_end
0.30% cnf2ddnnf_cmd_line;free_cache_manager;asm_exc_page_fault;exc_page_fault;do_user_addr_fault;handle_mm_fault;__handle_mm_fault;do_huge_pmd_anonymous_page;pte_alloc_one;mod_lruvec_page_state.constprop.0;__mod_lruvec_page_state
0.30% cnf2ddnnf_cmd_line;free_cache_manager;error_entry;sync_regs
0.30% cnf2ddnnf_cmd_line;free_cache_manager;asm_exc_page_fault;exc_page_fault;do_user_addr_fault;handle_mm_fault;__handle_mm_fault;do_huge_pmd_anonymous_page;pte_alloc_one;__alloc_pages;get_page_from_freelist;__list_del_entry_valid
0.30% cnf2ddnnf_cmd_line;free_cache_manager;asm_exc_page_fault;exc_page_fault;do_user_addr_fault;handle_mm_fault;__handle_mm_fault;do_huge_pmd_anonymous_page;pte_alloc_one;alloc_pages
0.27% cnf2ddnnf_cmd_line;load_hdtree_from_file;__isoc99_fscanf;0x7f60ef07ec54
0.27% cnf2ddnnf_cmd_line;load_hdtree_from_file;dtree_skeleton2hdtree;initialize_hdtree;initialize_hdtree;initialize_hdtree;initialize_hdtree;initialize_hdtree;initialize_hdtree;initialize_hdtree;initialize_hdtree;initialize_hdtree;initialize_hdtree;edges_intersection
0.27% cnf2ddnnf_cmd_line;compile_cnf;compile_dt;compile_dt;compile_decomposed;lookup_or_compile_dt;compile_dt;compile_dt;compile_decomposed;lookup_or_compile_dt;compile_decomposed;lookup_or_compile_dt;compile_dt;compile_dt;compile_decomposed;lookup_or_compile_dt;compile_dt;active_separator_count
0.26% cnf2ddnnf_cmd_line;compile_cnf;compile_dt;compile_dt;compile_decomposed;lookup_or_compile_dt;compile_dt;compile_dt;compile_decomposed;lookup_or_compile_dt;compile_decomposed;lookup_or_compile_dt;compile_decomposed;lookup_or_compile_dt;compile_decomposed;lookup_or_compile_dt;compile_decomposed;lookup_or_compile_dt;compile_decomposed;lookup_or_compile_dt;compile_dt;compile_dt;compile_decomposed;lookup_or_compile_dt;compile_decomposed;lookup_or_compile_dt;compile_decomposed;lookup_or_compile_dt;compile_dt;decide_literal;set_literal
0.26% cnf2ddnnf_cmd_line;cnf2hgr
0.26% cnf2ddnnf_cmd_line;compile_cnf;compile_dt;select_separator;0x7f60ef59b1d0;asm_exc_page_fault;exc_page_fault;do_user_addr_fault;handle_mm_fault;__handle_mm_fault;do_fault;filemap_map_pages;next_uptodate_page
0.25% cnf2ddnnf_cmd_line;construct_cnf_manager;initialize_cnf_manager
    92.27%    90.46%  c2d      c2d                   [.] free_cache_manager
90.46% 0x7f60ef04624a;main;cnf2ddnnf_cmd_line;free_cache_manager
0.30% free_cache_manager;asm_sysvec_apic_timer_interrupt;irqentry_exit_to_user_mode;exit_to_user_mode_prepare;schedule;__schedule
0.30% free_cache_manager;__irqentry_text_end
0.30% free_cache_manager;asm_exc_page_fault;exc_page_fault;do_user_addr_fault;handle_mm_fault;__handle_mm_fault;do_huge_pmd_anonymous_page;pte_alloc_one;mod_lruvec_page_state.constprop.0;__mod_lruvec_page_state
0.30% free_cache_manager;error_entry;sync_regs
0.30% free_cache_manager;asm_exc_page_fault;exc_page_fault;do_user_addr_fault;handle_mm_fault;__handle_mm_fault;do_huge_pmd_anonymous_page;pte_alloc_one;__alloc_pages;get_page_from_freelist;__list_del_entry_valid
0.30% free_cache_manager;asm_exc_page_fault;exc_page_fault;do_user_addr_fault;handle_mm_fault;__handle_mm_fault;do_huge_pmd_anonymous_page;pte_alloc_one;alloc_pages
     2.89%     0.00%  c2d      [kernel.kallsyms]     [k] entry_SYSCALL_64_after_hwframe
0.30% entry_SYSCALL_64_after_hwframe;do_syscall_64;__x64_sys_munmap;__vm_munmap;do_mas_munmap;do_mas_align_munmap;unmap_region;unmap_vmas;unmap_page_range;zap_huge_pmd;free_unref_page;free_pcp_prepare
0.30% entry_SYSCALL_64_after_hwframe;do_syscall_64;ksys_write;vfs_write;xfs_file_buffered_write;xfs_file_write_checks;file_modified_flags;xfs_vn_update_time;__xfs_trans_commit;xfs_inode_item_precommit
0.30% entry_SYSCALL_64_after_hwframe;do_syscall_64;__x64_sys_exit_group;do_group_exit;do_exit;__mmput;exit_mmap;unmap_vmas;unmap_page_range;_compound_head
0.30% entry_SYSCALL_64_after_hwframe;do_syscall_64;__x64_sys_exit_group;do_group_exit;do_exit;__mmput;exit_mmap;unmap_vmas;unmap_page_range
0.28% entry_SYSCALL_64_after_hwframe;do_syscall_64;__do_sys_newfstatat;vfs_fstatat;getname_flags.part.0;kmem_cache_alloc;memset
0.28% entry_SYSCALL_64_after_hwframe;do_syscall_64;__x64_sys_mprotect;do_mprotect_pkey;mprotect_fixup;__split_vma;anon_vma_clone;kmem_cache_alloc
0.25% entry_SYSCALL_64_after_hwframe;do_syscall_64;ksys_mmap_pgoff;vm_mmap_pgoff;do_mmap;mmap_region;do_mas_munmap;do_mas_align_munmap;__split_vma;__vma_adjust;mas_store_prealloc;mas_wr_store_entry.isra.0;mas_wr_walk
0.23% entry_SYSCALL_64_after_hwframe;do_syscall_64;ksys_mmap_pgoff;vm_mmap_pgoff;do_mmap;mmap_region
0.23% entry_SYSCALL_64_after_hwframe;do_syscall_64;ksys_mmap_pgoff;vm_mmap_pgoff;do_mmap;mmap_region;perf_event_mmap;perf_iterate_sb;perf_iterate_ctx
0.22% entry_SYSCALL_64_after_hwframe;do_syscall_64
0.14% entry_SYSCALL_64_after_hwframe;do_syscall_64;__x64_sys_execve;do_execveat_common.isra.0;bprm_execve;load_elf_binary;setup_arg_pages;shift_arg_pages;move_page_tables;__pte_alloc;pte_alloc_one;__alloc_pages;get_page_from_freelist;__list_del_entry_valid
0.04% entry_SYSCALL_64_after_hwframe;do_syscall_64;ksys_read;vfs_read;xfs_file_read_iter;xfs_file_buffered_read;filemap_read
0.01% entry_SYSCALL_64_after_hwframe;do_syscall_64;ksys_read;vfs_read;xfs_file_read_iter;xfs_file_buffered_read;filemap_read;filemap_get_pages;folio_wait_bit_common;io_schedule;schedule;__schedule;finish_task_switch.isra.0;__perf_event_task_sched_in;__intel_pmu_enable_all.constprop.0;native_write_msr
     2.89%     0.22%  c2d      [kernel.kallsyms]     [k] do_syscall_64
0.30% do_syscall_64;__x64_sys_munmap;__vm_munmap;do_mas_munmap;do_mas_align_munmap;unmap_region;unmap_vmas;unmap_page_range;zap_huge_pmd;free_unref_page;free_pcp_prepare
0.30% do_syscall_64;ksys_write;vfs_write;xfs_file_buffered_write;xfs_file_write_checks;file_modified_flags;xfs_vn_update_time;__xfs_trans_commit;xfs_inode_item_precommit
0.30% do_syscall_64;__x64_sys_exit_group;do_group_exit;do_exit;__mmput;exit_mmap;unmap_vmas;unmap_page_range;_compound_head
0.30% do_syscall_64;__x64_sys_exit_group;do_group_exit;do_exit;__mmput;exit_mmap;unmap_vmas;unmap_page_range
0.28% do_syscall_64;__do_sys_newfstatat;vfs_fstatat;getname_flags.part.0;kmem_cache_alloc;memset
0.28% do_syscall_64;__x64_sys_mprotect;do_mprotect_pkey;mprotect_fixup;__split_vma;anon_vma_clone;kmem_cache_alloc
0.25% do_syscall_64;ksys_mmap_pgoff;vm_mmap_pgoff;do_mmap;mmap_region;do_mas_munmap;do_mas_align_munmap;__split_vma;__vma_adjust;mas_store_prealloc;mas_wr_store_entry.isra.0;mas_wr_walk
0.23% do_syscall_64;ksys_mmap_pgoff;vm_mmap_pgoff;do_mmap;mmap_region
0.23% do_syscall_64;ksys_mmap_pgoff;vm_mmap_pgoff;do_mmap;mmap_region;perf_event_mmap;perf_iterate_sb;perf_iterate_ctx
0.22% 0;read;entry_SYSCALL_64_after_hwframe;do_syscall_64
0.14% do_syscall_64;__x64_sys_execve;do_execveat_common.isra.0;bprm_execve;load_elf_binary;setup_arg_pages;shift_arg_pages;move_page_tables;__pte_alloc;pte_alloc_one;__alloc_pages;get_page_from_freelist;__list_del_entry_valid
0.04% do_syscall_64;ksys_read;vfs_read;xfs_file_read_iter;xfs_file_buffered_read;filemap_read
0.01% do_syscall_64;ksys_read;vfs_read;xfs_file_read_iter;xfs_file_buffered_read;filemap_read;filemap_get_pages;folio_wait_bit_common;io_schedule;schedule;__schedule;finish_task_switch.isra.0;__perf_event_task_sched_in;__intel_pmu_enable_all.constprop.0;native_write_msr
     1.41%     0.00%  c2d      [kernel.kallsyms]     [k] asm_exc_page_fault
0.30% asm_exc_page_fault;exc_page_fault;do_user_addr_fault;handle_mm_fault;__handle_mm_fault;do_huge_pmd_anonymous_page;pte_alloc_one;mod_lruvec_page_state.constprop.0;__mod_lruvec_page_state
0.30% asm_exc_page_fault;exc_page_fault;do_user_addr_fault;handle_mm_fault;__handle_mm_fault;do_huge_pmd_anonymous_page;pte_alloc_one;__alloc_pages;get_page_from_freelist;__list_del_entry_valid
0.30% asm_exc_page_fault;exc_page_fault;do_user_addr_fault;handle_mm_fault;__handle_mm_fault;do_huge_pmd_anonymous_page;pte_alloc_one;alloc_pages
0.26% asm_exc_page_fault;exc_page_fault;do_user_addr_fault;handle_mm_fault;__handle_mm_fault;do_fault;filemap_map_pages;next_uptodate_page
0.25% asm_exc_page_fault;exc_page_fault;do_user_addr_fault;handle_mm_fault;__handle_mm_fault;wp_page_copy;copy_mc_to_kernel;memcpy
     1.41%     0.00%  c2d      [kernel.kallsyms]     [k] exc_page_fault
0.30% exc_page_fault;do_user_addr_fault;handle_mm_fault;__handle_mm_fault;do_huge_pmd_anonymous_page;pte_alloc_one;mod_lruvec_page_state.constprop.0;__mod_lruvec_page_state
0.30% exc_page_fault;do_user_addr_fault;handle_mm_fault;__handle_mm_fault;do_huge_pmd_anonymous_page;pte_alloc_one;__alloc_pages;get_page_from_freelist;__list_del_entry_valid
0.30% exc_page_fault;do_user_addr_fault;handle_mm_fault;__handle_mm_fault;do_huge_pmd_anonymous_page;pte_alloc_one;alloc_pages
0.26% exc_page_fault;do_user_addr_fault;handle_mm_fault;__handle_mm_fault;do_fault;filemap_map_pages;next_uptodate_page
0.25% exc_page_fault;do_user_addr_fault;handle_mm_fault;__handle_mm_fault;wp_page_copy;copy_mc_to_kernel;memcpy
     1.41%     0.00%  c2d      [kernel.kallsyms]     [k] do_user_addr_fault
0.30% do_user_addr_fault;handle_mm_fault;__handle_mm_fault;do_huge_pmd_anonymous_page;pte_alloc_one;mod_lruvec_page_state.constprop.0;__mod_lruvec_page_state
0.30% do_user_addr_fault;handle_mm_fault;__handle_mm_fault;do_huge_pmd_anonymous_page;pte_alloc_one;__alloc_pages;get_page_from_freelist;__list_del_entry_valid
0.30% do_user_addr_fault;handle_mm_fault;__handle_mm_fault;do_huge_pmd_anonymous_page;pte_alloc_one;alloc_pages
0.26% do_user_addr_fault;handle_mm_fault;__handle_mm_fault;do_fault;filemap_map_pages;next_uptodate_page
0.25% do_user_addr_fault;handle_mm_fault;__handle_mm_fault;wp_page_copy;copy_mc_to_kernel;memcpy
     1.41%     0.00%  c2d      [kernel.kallsyms]     [k] handle_mm_fault
0.30% handle_mm_fault;__handle_mm_fault;do_huge_pmd_anonymous_page;pte_alloc_one;mod_lruvec_page_state.constprop.0;__mod_lruvec_page_state
0.30% handle_mm_fault;__handle_mm_fault;do_huge_pmd_anonymous_page;pte_alloc_one;__alloc_pages;get_page_from_freelist;__list_del_entry_valid
0.30% handle_mm_fault;__handle_mm_fault;do_huge_pmd_anonymous_page;pte_alloc_one;alloc_pages
0.26% handle_mm_fault;__handle_mm_fault;do_fault;filemap_map_pages;next_uptodate_page
0.25% handle_mm_fault;__handle_mm_fault;wp_page_copy;copy_mc_to_kernel;memcpy
     1.41%     0.00%  c2d      [kernel.kallsyms]     [k] __handle_mm_fault
0.30% __handle_mm_fault;do_huge_pmd_anonymous_page;pte_alloc_one;mod_lruvec_page_state.constprop.0;__mod_lruvec_page_state
0.30% __handle_mm_fault;do_huge_pmd_anonymous_page;pte_alloc_one;__alloc_pages;get_page_from_freelist;__list_del_entry_valid
0.30% __handle_mm_fault;do_huge_pmd_anonymous_page;pte_alloc_one;alloc_pages
0.26% __handle_mm_fault;do_fault;filemap_map_pages;next_uptodate_page
0.25% __handle_mm_fault;wp_page_copy;copy_mc_to_kernel;memcpy
     1.04%     0.00%  c2d      [kernel.kallsyms]     [k] pte_alloc_one
0.44% pte_alloc_one;__alloc_pages;get_page_from_freelist;__list_del_entry_valid
0.30% pte_alloc_one;mod_lruvec_page_state.constprop.0;__mod_lruvec_page_state
0.30% pte_alloc_one;alloc_pages
     1.03%     0.00%  c2d      ld-linux-x86-64.so.2  [.] 0x00007f60ef62fa58
0.28% 0x7f60ef62fa58;0x7f60ef62f22f;0x7f60ef632c99;0x7f60ef635b47;entry_SYSCALL_64_after_hwframe;do_syscall_64;__x64_sys_mprotect;do_mprotect_pkey;mprotect_fixup;__split_vma;anon_vma_clone;kmem_cache_alloc
0.27% 0x7f60ef62fa58;0x7f60ef62f22f;0x7f60ef632c99;0x7f60ef623cc3
0.25% 0x7f60ef62fa58;0x7f60ef62f22f;0x7f60ef632c99;0x7f60ef62326c;asm_exc_page_fault;exc_page_fault;do_user_addr_fault;handle_mm_fault;__handle_mm_fault;wp_page_copy;copy_mc_to_kernel;memcpy
0.24% 0x7f60ef62fa58;0x7f60ef62f22f;0x7f60ef631ab1;error_entry
     1.03%     0.00%  c2d      ld-linux-x86-64.so.2  [.] 0x00007f60ef62f22f
0.28% 0x7f60ef62f22f;0x7f60ef632c99;0x7f60ef635b47;entry_SYSCALL_64_after_hwframe;do_syscall_64;__x64_sys_mprotect;do_mprotect_pkey;mprotect_fixup;__split_vma;anon_vma_clone;kmem_cache_alloc
0.27% 0x7f60ef62f22f;0x7f60ef632c99;0x7f60ef623cc3
0.25% 0x7f60ef62f22f;0x7f60ef632c99;0x7f60ef62326c;asm_exc_page_fault;exc_page_fault;do_user_addr_fault;handle_mm_fault;__handle_mm_fault;wp_page_copy;copy_mc_to_kernel;memcpy
0.24% 0x7f60ef62f22f;0x7f60ef631ab1;error_entry
     0.97%     0.00%  c2d      [unknown]             [k] 0x00007f60ef6488a8
0.26% 0x7f60ef6488a8;0x7;0x7f60ef61e1fb
0.25% 0x7f60ef6488a8;0x7f60ef61d075;0x7f60ef635ae3;entry_SYSCALL_64_after_hwframe;do_syscall_64;ksys_mmap_pgoff;vm_mmap_pgoff;do_mmap;mmap_region;do_mas_munmap;do_mas_align_munmap;__split_vma;__vma_adjust;mas_store_prealloc;mas_wr_store_entry.isra.0;mas_wr_walk
0.23% 0x7f60ef6488a8;0x7f60ef61d075;0x7f60ef635ae3;entry_SYSCALL_64_after_hwframe;do_syscall_64;ksys_mmap_pgoff;vm_mmap_pgoff;do_mmap;mmap_region
0.23% 0x7f60ef6488a8;0x7f60ef61d075;0x7f60ef635ae3;entry_SYSCALL_64_after_hwframe;do_syscall_64;ksys_mmap_pgoff;vm_mmap_pgoff;do_mmap;mmap_region;perf_event_mmap;perf_iterate_sb;perf_iterate_ctx
     0.91%     0.00%  c2d      [kernel.kallsyms]     [k] do_huge_pmd_anonymous_page
0.30% do_huge_pmd_anonymous_page;pte_alloc_one;mod_lruvec_page_state.constprop.0;__mod_lruvec_page_state
0.30% do_huge_pmd_anonymous_page;pte_alloc_one;__alloc_pages;get_page_from_freelist;__list_del_entry_valid
0.30% do_huge_pmd_anonymous_page;pte_alloc_one;alloc_pages
     0.90%     0.30%  c2d      [kernel.kallsyms]     [k] unmap_page_range
0.30% unmap_page_range;zap_huge_pmd;free_unref_page;free_pcp_prepare
0.30% unmap_page_range;_compound_head
0.30% entry_SYSCALL_64_after_hwframe;do_syscall_64;__x64_sys_exit_group;do_group_exit;do_exit;__mmput;exit_mmap;unmap_vmas;unmap_page_range
     0.90%     0.00%  c2d      [kernel.kallsyms]     [k] unmap_vmas
0.30% unmap_vmas;unmap_page_range;zap_huge_pmd;free_unref_page;free_pcp_prepare
0.30% unmap_vmas;unmap_page_range;_compound_head
0.30% unmap_vmas;unmap_page_range
     0.81%     0.51%  c2d      [kernel.kallsyms]     [k] error_entry
0.30% error_entry;sync_regs
0.27% 0xa2;0x7f60d83d3990;0x2;get_and_node;error_entry
0.24% 0x7f60ef62fa58;0x7f60ef62f22f;0x7f60ef631ab1;error_entry
     0.79%     0.00%  c2d      ld-linux-x86-64.so.2  [.] 0x00007f60ef632c99
0.28% 0x7f60ef632c99;0x7f60ef635b47;entry_SYSCALL_64_after_hwframe;do_syscall_64;__x64_sys_mprotect;do_mprotect_pkey;mprotect_fixup;__split_vma;anon_vma_clone;kmem_cache_alloc
0.27% 0x7f60ef632c99;0x7f60ef623cc3
0.25% 0x7f60ef632c99;0x7f60ef62326c;asm_exc_page_fault;exc_page_fault;do_user_addr_fault;handle_mm_fault;__handle_mm_fault;wp_page_copy;copy_mc_to_kernel;memcpy
     0.78%     0.00%  c2d      c2d                   [.] compile_cnf
0.27% compile_cnf;compile_dt;compile_dt;compile_decomposed;lookup_or_compile_dt;compile_dt;compile_dt;compile_decomposed;lookup_or_compile_dt;compile_decomposed;lookup_or_compile_dt;compile_dt;compile_dt;compile_decomposed;lookup_or_compile_dt;compile_dt;active_separator_count
0.26% compile_cnf;compile_dt;compile_dt;compile_decomposed;lookup_or_compile_dt;compile_dt;compile_dt;compile_decomposed;lookup_or_compile_dt;compile_decomposed;lookup_or_compile_dt;compile_decomposed;lookup_or_compile_dt;compile_decomposed;lookup_or_compile_dt;compile_decomposed;lookup_or_compile_dt;compile_decomposed;lookup_or_compile_dt;compile_dt;compile_dt;compile_decomposed;lookup_or_compile_dt;compile_decomposed;lookup_or_compile_dt;compile_decomposed;lookup_or_compile_dt;compile_dt;decide_literal;set_literal
0.26% compile_cnf;compile_dt;select_separator;0x7f60ef59b1d0;asm_exc_page_fault;exc_page_fault;do_user_addr_fault;handle_mm_fault;__handle_mm_fault;do_fault;filemap_map_pages;next_uptodate_page
     0.78%     0.00%  c2d      c2d                   [.] compile_dt
0.27% compile_dt;compile_dt;compile_decomposed;lookup_or_compile_dt;compile_dt;compile_dt;compile_decomposed;lookup_or_compile_dt;compile_decomposed;lookup_or_compile_dt;compile_dt;compile_dt;compile_decomposed;lookup_or_compile_dt;compile_dt;active_separator_count
0.26% compile_dt;compile_dt;compile_decomposed;lookup_or_compile_dt;compile_dt;compile_dt;compile_decomposed;lookup_or_compile_dt;compile_decomposed;lookup_or_compile_dt;compile_decomposed;lookup_or_compile_dt;compile_decomposed;lookup_or_compile_dt;compile_decomposed;lookup_or_compile_dt;compile_decomposed;lookup_or_compile_dt;compile_dt;compile_dt;compile_decomposed;lookup_or_compile_dt;compile_decomposed;lookup_or_compile_dt;compile_decomposed;lookup_or_compile_dt;compile_dt;decide_literal;set_literal
0.26% compile_dt;select_separator;0x7f60ef59b1d0;asm_exc_page_fault;exc_page_fault;do_user_addr_fault;handle_mm_fault;__handle_mm_fault;do_fault;filemap_map_pages;next_uptodate_page
     0.71%     0.00%  c2d      ld-linux-x86-64.so.2  [.] 0x00007f60ef61d075
0.25% 0x7f60ef61d075;0x7f60ef635ae3;entry_SYSCALL_64_after_hwframe;do_syscall_64;ksys_mmap_pgoff;vm_mmap_pgoff;do_mmap;mmap_region;do_mas_munmap;do_mas_align_munmap;__split_vma;__vma_adjust;mas_store_prealloc;mas_wr_store_entry.isra.0;mas_wr_walk
0.23% 0x7f60ef61d075;0x7f60ef635ae3;entry_SYSCALL_64_after_hwframe;do_syscall_64;ksys_mmap_pgoff;vm_mmap_pgoff;do_mmap;mmap_region
0.23% 0x7f60ef61d075;0x7f60ef635ae3;entry_SYSCALL_64_after_hwframe;do_syscall_64;ksys_mmap_pgoff;vm_mmap_pgoff;do_mmap;mmap_region;perf_event_mmap;perf_iterate_sb;perf_iterate_ctx
     0.71%     0.00%  c2d      ld-linux-x86-64.so.2  [.] 0x00007f60ef635ae3
0.25% 0x7f60ef635ae3;entry_SYSCALL_64_after_hwframe;do_syscall_64;ksys_mmap_pgoff;vm_mmap_pgoff;do_mmap;mmap_region;do_mas_munmap;do_mas_align_munmap;__split_vma;__vma_adjust;mas_store_prealloc;mas_wr_store_entry.isra.0;mas_wr_walk
0.23% 0x7f60ef635ae3;entry_SYSCALL_64_after_hwframe;do_syscall_64;ksys_mmap_pgoff;vm_mmap_pgoff;do_mmap;mmap_region
0.23% 0x7f60ef635ae3;entry_SYSCALL_64_after_hwframe;do_syscall_64;ksys_mmap_pgoff;vm_mmap_pgoff;do_mmap;mmap_region;perf_event_mmap;perf_iterate_sb;perf_iterate_ctx
     0.71%     0.00%  c2d      [kernel.kallsyms]     [k] ksys_mmap_pgoff
0.25% ksys_mmap_pgoff;vm_mmap_pgoff;do_mmap;mmap_region;do_mas_munmap;do_mas_align_munmap;__split_vma;__vma_adjust;mas_store_prealloc;mas_wr_store_entry.isra.0;mas_wr_walk
0.23% ksys_mmap_pgoff;vm_mmap_pgoff;do_mmap;mmap_region
0.23% ksys_mmap_pgoff;vm_mmap_pgoff;do_mmap;mmap_region;perf_event_mmap;perf_iterate_sb;perf_iterate_ctx
     0.71%     0.00%  c2d      [kernel.kallsyms]     [k] vm_mmap_pgoff
0.25% vm_mmap_pgoff;do_mmap;mmap_region;do_mas_munmap;do_mas_align_munmap;__split_vma;__vma_adjust;mas_store_prealloc;mas_wr_store_entry.isra.0;mas_wr_walk
0.23% vm_mmap_pgoff;do_mmap;mmap_region
0.23% vm_mmap_pgoff;do_mmap;mmap_region;perf_event_mmap;perf_iterate_sb;perf_iterate_ctx
     0.71%     0.23%  c2d      [kernel.kallsyms]     [k] mmap_region
0.25% mmap_region;do_mas_munmap;do_mas_align_munmap;__split_vma;__vma_adjust;mas_store_prealloc;mas_wr_store_entry.isra.0;mas_wr_walk
0.23% 0x7f60ef6488a8;0x7f60ef61d075;0x7f60ef635ae3;entry_SYSCALL_64_after_hwframe;do_syscall_64;ksys_mmap_pgoff;vm_mmap_pgoff;do_mmap;mmap_region
0.23% mmap_region;perf_event_mmap;perf_iterate_sb;perf_iterate_ctx
     0.71%     0.00%  c2d      [kernel.kallsyms]     [k] do_mmap
0.25% do_mmap;mmap_region;do_mas_munmap;do_mas_align_munmap;__split_vma;__vma_adjust;mas_store_prealloc;mas_wr_store_entry.isra.0;mas_wr_walk
0.23% do_mmap;mmap_region
0.23% do_mmap;mmap_region;perf_event_mmap;perf_iterate_sb;perf_iterate_ctx
     0.70%     0.00%  c2d      [unknown]             [k] 0000000000000000
0.28% 0;fstatat64;entry_SYSCALL_64_after_hwframe;do_syscall_64;__do_sys_newfstatat;vfs_fstatat;getname_flags.part.0;kmem_cache_alloc;memset
0.22% 0;read;entry_SYSCALL_64_after_hwframe;do_syscall_64
0.13% 0;0x7f60ef0a2642
0.04% 0;read;entry_SYSCALL_64_after_hwframe;do_syscall_64;ksys_read;vfs_read;xfs_file_read_iter;xfs_file_buffered_read;filemap_read
0.01% 0;read;entry_SYSCALL_64_after_hwframe;do_syscall_64;ksys_read;vfs_read;xfs_file_read_iter;xfs_file_buffered_read;filemap_read;filemap_get_pages;folio_wait_bit_common;io_schedule;schedule;__schedule;finish_task_switch.isra.0;__perf_event_task_sched_in;__intel_pmu_enable_all.constprop.0;native_write_msr
     0.60%     0.00%  c2d      [kernel.kallsyms]     [k] __x64_sys_exit_group
0.30% __x64_sys_exit_group;do_group_exit;do_exit;__mmput;exit_mmap;unmap_vmas;unmap_page_range;_compound_head
0.30% __x64_sys_exit_group;do_group_exit;do_exit;__mmput;exit_mmap;unmap_vmas;unmap_page_range
     0.60%     0.00%  c2d      [kernel.kallsyms]     [k] do_group_exit
0.30% do_group_exit;do_exit;__mmput;exit_mmap;unmap_vmas;unmap_page_range;_compound_head
0.30% do_group_exit;do_exit;__mmput;exit_mmap;unmap_vmas;unmap_page_range
     0.60%     0.00%  c2d      [kernel.kallsyms]     [k] do_exit
0.30% do_exit;__mmput;exit_mmap;unmap_vmas;unmap_page_range;_compound_head
0.30% do_exit;__mmput;exit_mmap;unmap_vmas;unmap_page_range
     0.60%     0.00%  c2d      [kernel.kallsyms]     [k] __mmput
0.30% __mmput;exit_mmap;unmap_vmas;unmap_page_range;_compound_head
0.30% __mmput;exit_mmap;unmap_vmas;unmap_page_range
     0.60%     0.00%  c2d      [kernel.kallsyms]     [k] exit_mmap
0.30% exit_mmap;unmap_vmas;unmap_page_range;_compound_head
0.30% exit_mmap;unmap_vmas;unmap_page_range
     0.56%     0.28%  c2d      [kernel.kallsyms]     [k] kmem_cache_alloc
0.28% kmem_cache_alloc;memset
0.28% 0x7f60ef62fa58;0x7f60ef62f22f;0x7f60ef632c99;0x7f60ef635b47;entry_SYSCALL_64_after_hwframe;do_syscall_64;__x64_sys_mprotect;do_mprotect_pkey;mprotect_fixup;__split_vma;anon_vma_clone;kmem_cache_alloc
     0.56%     0.56%  c2d      ld-linux-x86-64.so.2  [.] 0x000000000000fe0e
0.56% 0x7f60ef624e12
     0.56%     0.00%  c2d      ld-linux-x86-64.so.2  [.] 0x00007f60ef624e12
0.56% 0x7f60ef624e12
     0.55%     0.00%  c2d      [kernel.kallsyms]     [k] do_mas_munmap
0.30% do_mas_munmap;do_mas_align_munmap;unmap_region;unmap_vmas;unmap_page_range;zap_huge_pmd;free_unref_page;free_pcp_prepare
0.25% do_mas_munmap;do_mas_align_munmap;__split_vma;__vma_adjust;mas_store_prealloc;mas_wr_store_entry.isra.0;mas_wr_walk
     0.55%     0.00%  c2d      [kernel.kallsyms]     [k] do_mas_align_munmap
0.30% do_mas_align_munmap;unmap_region;unmap_vmas;unmap_page_range;zap_huge_pmd;free_unref_page;free_pcp_prepare
0.25% do_mas_align_munmap;__split_vma;__vma_adjust;mas_store_prealloc;mas_wr_store_entry.isra.0;mas_wr_walk
     0.54%     0.00%  c2d      c2d                   [.] load_hdtree_from_file
0.27% load_hdtree_from_file;__isoc99_fscanf;0x7f60ef07ec54
0.27% load_hdtree_from_file;dtree_skeleton2hdtree;initialize_hdtree;initialize_hdtree;initialize_hdtree;initialize_hdtree;initialize_hdtree;initialize_hdtree;initialize_hdtree;initialize_hdtree;initialize_hdtree;initialize_hdtree;edges_intersection
     0.53%     0.00%  c2d      c2d                   [.] compile_decomposed
0.27% compile_decomposed;lookup_or_compile_dt;compile_dt;compile_dt;compile_decomposed;lookup_or_compile_dt;compile_decomposed;lookup_or_compile_dt;compile_dt;compile_dt;compile_decomposed;lookup_or_compile_dt;compile_dt;active_separator_count
0.26% compile_decomposed;lookup_or_compile_dt;compile_dt;compile_dt;compile_decomposed;lookup_or_compile_dt;compile_decomposed;lookup_or_compile_dt;compile_decomposed;lookup_or_compile_dt;compile_decomposed;lookup_or_compile_dt;compile_decomposed;lookup_or_compile_dt;compile_decomposed;lookup_or_compile_dt;compile_dt;compile_dt;compile_decomposed;lookup_or_compile_dt;compile_decomposed;lookup_or_compile_dt;compile_decomposed;lookup_or_compile_dt;compile_dt;decide_literal;set_literal
     0.53%     0.00%  c2d      c2d                   [.] lookup_or_compile_dt
0.27% lookup_or_compile_dt;compile_dt;compile_dt;compile_decomposed;lookup_or_compile_dt;compile_decomposed;lookup_or_compile_dt;compile_dt;compile_dt;compile_decomposed;lookup_or_compile_dt;compile_dt;active_separator_count
0.26% lookup_or_compile_dt;compile_dt;compile_dt;compile_decomposed;lookup_or_compile_dt;compile_decomposed;lookup_or_compile_dt;compile_decomposed;lookup_or_compile_dt;compile_decomposed;lookup_or_compile_dt;compile_decomposed;lookup_or_compile_dt;compile_decomposed;lookup_or_compile_dt;compile_dt;compile_dt;compile_decomposed;lookup_or_compile_dt;compile_decomposed;lookup_or_compile_dt;compile_decomposed;lookup_or_compile_dt;compile_dt;decide_literal;set_literal
     0.52%     0.00%  c2d      [kernel.kallsyms]     [k] __split_vma
0.28% __split_vma;anon_vma_clone;kmem_cache_alloc
0.25% __split_vma;__vma_adjust;mas_store_prealloc;mas_wr_store_entry.isra.0;mas_wr_walk
     0.44%     0.44%  c2d      [kernel.kallsyms]     [k] __list_del_entry_valid
0.30% 0x7f60ef04624a;main;cnf2ddnnf_cmd_line;free_cache_manager;asm_exc_page_fault;exc_page_fault;do_user_addr_fault;handle_mm_fault;__handle_mm_fault;do_huge_pmd_anonymous_page;pte_alloc_one;__alloc_pages;get_page_from_freelist;__list_del_entry_valid
0.14% 0x7f4f28296a97;entry_SYSCALL_64_after_hwframe;do_syscall_64;__x64_sys_execve;do_execveat_common.isra.0;bprm_execve;load_elf_binary;setup_arg_pages;shift_arg_pages;move_page_tables;__pte_alloc;pte_alloc_one;__alloc_pages;get_page_from_freelist;__list_del_entry_valid
     0.44%     0.00%  c2d      [kernel.kallsyms]     [k] __alloc_pages
0.44% __alloc_pages;get_page_from_freelist;__list_del_entry_valid
     0.44%     0.00%  c2d      [kernel.kallsyms]     [k] get_page_from_freelist
0.44% get_page_from_freelist;__list_del_entry_valid
     0.34%     0.00%  c2d      [unknown]             [k] 0x00007f4f28296a97
0.21% 0x7f4f28296a97;__x86_indirect_thunk_r13
0.14% 0x7f4f28296a97;entry_SYSCALL_64_after_hwframe;do_syscall_64;__x64_sys_execve;do_execveat_common.isra.0;bprm_execve;load_elf_binary;setup_arg_pages;shift_arg_pages;move_page_tables;__pte_alloc;pte_alloc_one;__alloc_pages;get_page_from_freelist;__list_del_entry_valid
     0.32%     0.30%  c2d      [kernel.kallsyms]     [k] __schedule
0.30% 0x7f60ef04624a;main;cnf2ddnnf_cmd_line;free_cache_manager;asm_sysvec_apic_timer_interrupt;irqentry_exit_to_user_mode;exit_to_user_mode_prepare;schedule;__schedule
0.01% __schedule;finish_task_switch.isra.0;__perf_event_task_sched_in;__intel_pmu_enable_all.constprop.0;native_write_msr
     0.32%     0.00%  c2d      [kernel.kallsyms]     [k] schedule
0.30% schedule;__schedule
0.01% schedule;__schedule;finish_task_switch.isra.0;__perf_event_task_sched_in;__intel_pmu_enable_all.constprop.0;native_write_msr
     0.30%     0.00%  c2d      [kernel.kallsyms]     [k] asm_sysvec_apic_timer_interrupt
0.30% asm_sysvec_apic_timer_interrupt;irqentry_exit_to_user_mode;exit_to_user_mode_prepare;schedule;__schedule
     0.30%     0.00%  c2d      [kernel.kallsyms]     [k] irqentry_exit_to_user_mode
0.30% irqentry_exit_to_user_mode;exit_to_user_mode_prepare;schedule;__schedule
     0.30%     0.00%  c2d      [kernel.kallsyms]     [k] exit_to_user_mode_prepare
0.30% exit_to_user_mode_prepare;schedule;__schedule
     0.30%     0.30%  c2d      [kernel.kallsyms]     [k] __irqentry_text_end
0.30% 0x7f60ef04624a;main;cnf2ddnnf_cmd_line;free_cache_manager;__irqentry_text_end
     0.30%     0.30%  c2d      [kernel.kallsyms]     [k] __mod_lruvec_page_state
0.30% 0x7f60ef04624a;main;cnf2ddnnf_cmd_line;free_cache_manager;asm_exc_page_fault;exc_page_fault;do_user_addr_fault;handle_mm_fault;__handle_mm_fault;do_huge_pmd_anonymous_page;pte_alloc_one;mod_lruvec_page_state.constprop.0;__mod_lruvec_page_state
     0.30%     0.00%  c2d      [kernel.kallsyms]     [k] mod_lruvec_page_state.constprop.0
0.30% mod_lruvec_page_state.constprop.0;__mod_lruvec_page_state
     0.30%     0.30%  c2d      [kernel.kallsyms]     [k] sync_regs
0.30% 0x7f60ef04624a;main;cnf2ddnnf_cmd_line;free_cache_manager;error_entry;sync_regs
     0.30%     0.30%  c2d      [kernel.kallsyms]     [k] free_pcp_prepare
0.30% __munmap;entry_SYSCALL_64_after_hwframe;do_syscall_64;__x64_sys_munmap;__vm_munmap;do_mas_munmap;do_mas_align_munmap;unmap_region;unmap_vmas;unmap_page_range;zap_huge_pmd;free_unref_page;free_pcp_prepare
     0.30%     0.00%  c2d      libc.so.6             [.] __munmap
0.30% __munmap;entry_SYSCALL_64_after_hwframe;do_syscall_64;__x64_sys_munmap;__vm_munmap;do_mas_munmap;do_mas_align_munmap;unmap_region;unmap_vmas;unmap_page_range;zap_huge_pmd;free_unref_page;free_pcp_prepare
     0.30%     0.00%  c2d      [kernel.kallsyms]     [k] __x64_sys_munmap
0.30% __x64_sys_munmap;__vm_munmap;do_mas_munmap;do_mas_align_munmap;unmap_region;unmap_vmas;unmap_page_range;zap_huge_pmd;free_unref_page;free_pcp_prepare
     0.30%     0.00%  c2d      [kernel.kallsyms]     [k] __vm_munmap
0.30% __vm_munmap;do_mas_munmap;do_mas_align_munmap;unmap_region;unmap_vmas;unmap_page_range;zap_huge_pmd;free_unref_page;free_pcp_prepare
     0.30%     0.00%  c2d      [kernel.kallsyms]     [k] unmap_region
0.30% unmap_region;unmap_vmas;unmap_page_range;zap_huge_pmd;free_unref_page;free_pcp_prepare
     0.30%     0.00%  c2d      [kernel.kallsyms]     [k] zap_huge_pmd
0.30% zap_huge_pmd;free_unref_page;free_pcp_prepare
     0.30%     0.00%  c2d      [kernel.kallsyms]     [k] free_unref_page
0.30% free_unref_page;free_pcp_prepare
     0.30%     0.30%  c2d      [xfs]                 [k] xfs_inode_item_precommit
0.30% 0x67616e616d20464e;write;entry_SYSCALL_64_after_hwframe;do_syscall_64;ksys_write;vfs_write;xfs_file_buffered_write;xfs_file_write_checks;file_modified_flags;xfs_vn_update_time;__xfs_trans_commit;xfs_inode_item_precommit
     0.30%     0.00%  c2d      [unknown]             [k] 0x67616e616d20464e
0.30% 0x67616e616d20464e;write;entry_SYSCALL_64_after_hwframe;do_syscall_64;ksys_write;vfs_write;xfs_file_buffered_write;xfs_file_write_checks;file_modified_flags;xfs_vn_update_time;__xfs_trans_commit;xfs_inode_item_precommit
     0.30%     0.00%  c2d      libc.so.6             [.] write
0.30% write;entry_SYSCALL_64_after_hwframe;do_syscall_64;ksys_write;vfs_write;xfs_file_buffered_write;xfs_file_write_checks;file_modified_flags;xfs_vn_update_time;__xfs_trans_commit;xfs_inode_item_precommit
     0.30%     0.00%  c2d      [kernel.kallsyms]     [k] ksys_write
0.30% ksys_write;vfs_write;xfs_file_buffered_write;xfs_file_write_checks;file_modified_flags;xfs_vn_update_time;__xfs_trans_commit;xfs_inode_item_precommit
     0.30%     0.00%  c2d      [kernel.kallsyms]     [k] vfs_write
0.30% vfs_write;xfs_file_buffered_write;xfs_file_write_checks;file_modified_flags;xfs_vn_update_time;__xfs_trans_commit;xfs_inode_item_precommit
     0.30%     0.00%  c2d      [xfs]                 [k] xfs_file_buffered_write
0.30% xfs_file_buffered_write;xfs_file_write_checks;file_modified_flags;xfs_vn_update_time;__xfs_trans_commit;xfs_inode_item_precommit
     0.30%     0.00%  c2d      [xfs]                 [k] xfs_file_write_checks
0.30% xfs_file_write_checks;file_modified_flags;xfs_vn_update_time;__xfs_trans_commit;xfs_inode_item_precommit
     0.30%     0.00%  c2d      [kernel.kallsyms]     [k] file_modified_flags
0.30% file_modified_flags;xfs_vn_update_time;__xfs_trans_commit;xfs_inode_item_precommit
     0.30%     0.00%  c2d      [xfs]                 [k] xfs_vn_update_time
0.30% xfs_vn_update_time;__xfs_trans_commit;xfs_inode_item_precommit
     0.30%     0.00%  c2d      [xfs]                 [k] __xfs_trans_commit
0.30% __xfs_trans_commit;xfs_inode_item_precommit
     0.30%     0.30%  c2d      [kernel.kallsyms]     [k] _compound_head
0.30% entry_SYSCALL_64_after_hwframe;do_syscall_64;__x64_sys_exit_group;do_group_exit;do_exit;__mmput;exit_mmap;unmap_vmas;unmap_page_range;_compound_head
     0.30%     0.30%  c2d      [kernel.kallsyms]     [k] alloc_pages
0.30% 0x7f60ef04624a;main;cnf2ddnnf_cmd_line;free_cache_manager;asm_exc_page_fault;exc_page_fault;do_user_addr_fault;handle_mm_fault;__handle_mm_fault;do_huge_pmd_anonymous_page;pte_alloc_one;alloc_pages
     0.28%     0.28%  c2d      [kernel.kallsyms]     [k] memset
0.28% 0;fstatat64;entry_SYSCALL_64_after_hwframe;do_syscall_64;__do_sys_newfstatat;vfs_fstatat;getname_flags.part.0;kmem_cache_alloc;memset
     0.28%     0.00%  c2d      libc.so.6             [.] fstatat64
0.28% fstatat64;entry_SYSCALL_64_after_hwframe;do_syscall_64;__do_sys_newfstatat;vfs_fstatat;getname_flags.part.0;kmem_cache_alloc;memset
     0.28%     0.00%  c2d      [kernel.kallsyms]     [k] __do_sys_newfstatat
0.28% __do_sys_newfstatat;vfs_fstatat;getname_flags.part.0;kmem_cache_alloc;memset
     0.28%     0.00%  c2d      [kernel.kallsyms]     [k] vfs_fstatat
0.28% vfs_fstatat;getname_flags.part.0;kmem_cache_alloc;memset
     0.28%     0.00%  c2d      [kernel.kallsyms]     [k] getname_flags.part.0
0.28% getname_flags.part.0;kmem_cache_alloc;memset
     0.28%     0.00%  c2d      libc.so.6             [.] read
0.22% read;entry_SYSCALL_64_after_hwframe;do_syscall_64
0.04% read;entry_SYSCALL_64_after_hwframe;do_syscall_64;ksys_read;vfs_read;xfs_file_read_iter;xfs_file_buffered_read;filemap_read
0.01% read;entry_SYSCALL_64_after_hwframe;do_syscall_64;ksys_read;vfs_read;xfs_file_read_iter;xfs_file_buffered_read;filemap_read;filemap_get_pages;folio_wait_bit_common;io_schedule;schedule;__schedule;finish_task_switch.isra.0;__perf_event_task_sched_in;__intel_pmu_enable_all.constprop.0;native_write_msr
     0.28%     0.00%  c2d      ld-linux-x86-64.so.2  [.] 0x00007f60ef635b47
0.28% 0x7f60ef635b47;entry_SYSCALL_64_after_hwframe;do_syscall_64;__x64_sys_mprotect;do_mprotect_pkey;mprotect_fixup;__split_vma;anon_vma_clone;kmem_cache_alloc
     0.28%     0.00%  c2d      [kernel.kallsyms]     [k] __x64_sys_mprotect
0.28% __x64_sys_mprotect;do_mprotect_pkey;mprotect_fixup;__split_vma;anon_vma_clone;kmem_cache_alloc
     0.28%     0.00%  c2d      [kernel.kallsyms]     [k] do_mprotect_pkey
0.28% do_mprotect_pkey;mprotect_fixup;__split_vma;anon_vma_clone;kmem_cache_alloc
     0.28%     0.00%  c2d      [kernel.kallsyms]     [k] mprotect_fixup
0.28% mprotect_fixup;__split_vma;anon_vma_clone;kmem_cache_alloc
     0.28%     0.00%  c2d      [kernel.kallsyms]     [k] anon_vma_clone
0.28% anon_vma_clone;kmem_cache_alloc
     0.27%     0.00%  c2d      [unknown]             [k] 0x00000000000000a2
0.27% 0xa2;0x7f60d83d3990;0x2;get_and_node;error_entry
     0.27%     0.00%  c2d      [unknown]             [k] 0x00007f60d83d3990
0.27% 0x7f60d83d3990;0x2;get_and_node;error_entry
     0.27%     0.00%  c2d      [unknown]             [k] 0x0000000000000002
0.27% 0x2;get_and_node;error_entry
     0.27%     0.00%  c2d      c2d                   [.] get_and_node
0.27% get_and_node;error_entry
     0.27%     0.27%  c2d      ld-linux-x86-64.so.2  [.] 0x0000000000009947
0.27% 0x134c00;0x7f60ef27a758;0x7f60ef61e94a
     0.27%     0.00%  c2d      [unknown]             [.] 0x0000000000134c00
0.27% 0x134c00;0x7f60ef27a758;0x7f60ef61e94a
     0.27%     0.00%  c2d      [unknown]             [.] 0x00007f60ef27a758
0.27% 0x7f60ef27a758;0x7f60ef61e94a
     0.27%     0.00%  c2d      ld-linux-x86-64.so.2  [.] 0x00007f60ef61e94a
0.27% 0x7f60ef61e94a
     0.27%     0.27%  c2d      c2d                   [.] edges_intersection
0.27% 0x7f60ef04624a;main;cnf2ddnnf_cmd_line;load_hdtree_from_file;dtree_skeleton2hdtree;initialize_hdtree;initialize_hdtree;initialize_hdtree;initialize_hdtree;initialize_hdtree;initialize_hdtree;initialize_hdtree;initialize_hdtree;initialize_hdtree;initialize_hdtree;edges_intersection
     0.27%     0.00%  c2d      c2d                   [.] dtree_skeleton2hdtree
0.27% dtree_skeleton2hdtree;initialize_hdtree;initialize_hdtree;initialize_hdtree;initialize_hdtree;initialize_hdtree;initialize_hdtree;initialize_hdtree;initialize_hdtree;initialize_hdtree;initialize_hdtree;edges_intersection
     0.27%     0.00%  c2d      c2d                   [.] initialize_hdtree
0.27% initialize_hdtree;initialize_hdtree;initialize_hdtree;initialize_hdtree;initialize_hdtree;initialize_hdtree;initialize_hdtree;initialize_hdtree;initialize_hdtree;initialize_hdtree;edges_intersection
     0.27%     0.27%  c2d      libc.so.6             [.] 0x000000000005fc50
0.27% 0x7f60ef04624a;main;cnf2ddnnf_cmd_line;load_hdtree_from_file;__isoc99_fscanf;0x7f60ef07ec54
     0.27%     0.00%  c2d      libc.so.6             [.] __isoc99_fscanf
0.27% __isoc99_fscanf;0x7f60ef07ec54
     0.27%     0.00%  c2d      libc.so.6             [.] 0x00007f60ef07ec54
0.27% 0x7f60ef07ec54
     0.27%     0.27%  c2d      c2d                   [.] active_separator_count
0.27% 0x7f60ef04624a;main;cnf2ddnnf_cmd_line;compile_cnf;compile_dt;compile_dt;compile_decomposed;lookup_or_compile_dt;compile_dt;compile_dt;compile_decomposed;lookup_or_compile_dt;compile_decomposed;lookup_or_compile_dt;compile_dt;compile_dt;compile_decomposed;lookup_or_compile_dt;compile_dt;active_separator_count
     0.27%     0.27%  c2d      ld-linux-x86-64.so.2  [.] 0x000000000000ecc0
0.27% 0x7f60ef62fa58;0x7f60ef62f22f;0x7f60ef632c99;0x7f60ef623cc3
     0.27%     0.00%  c2d      ld-linux-x86-64.so.2  [.] 0x00007f60ef623cc3
0.27% 0x7f60ef623cc3
     0.26%     0.26%  c2d      c2d                   [.] set_literal
0.26% 0x7f60ef04624a;main;cnf2ddnnf_cmd_line;compile_cnf;compile_dt;compile_dt;compile_decomposed;lookup_or_compile_dt;compile_dt;compile_dt;compile_decomposed;lookup_or_compile_dt;compile_decomposed;lookup_or_compile_dt;compile_decomposed;lookup_or_compile_dt;compile_decomposed;lookup_or_compile_dt;compile_decomposed;lookup_or_compile_dt;compile_decomposed;lookup_or_compile_dt;compile_dt;compile_dt;compile_decomposed;lookup_or_compile_dt;compile_decomposed;lookup_or_compile_dt;compile_decomposed;lookup_or_compile_dt;compile_dt;decide_literal;set_literal
     0.26%     0.00%  c2d      c2d                   [.] decide_literal
0.26% decide_literal;set_literal
     0.26%     0.26%  c2d      ld-linux-x86-64.so.2  [.] 0x00000000000091f8
0.26% 0x7f60ef6488a8;0x7;0x7f60ef61e1fb
     0.26%     0.00%  c2d      [unknown]             [.] 0x0000000000000007
0.26% 0x7;0x7f60ef61e1fb
     0.26%     0.00%  c2d      ld-linux-x86-64.so.2  [.] 0x00007f60ef61e1fb
0.26% 0x7f60ef61e1fb
     0.26%     0.26%  c2d      c2d                   [.] cnf2hgr
0.26% 0x7f60ef04624a;main;cnf2ddnnf_cmd_line;cnf2hgr
     0.26%     0.26%  c2d      [kernel.kallsyms]     [k] next_uptodate_page
0.26% 0x7f60ef04624a;main;cnf2ddnnf_cmd_line;compile_cnf;compile_dt;select_separator;0x7f60ef59b1d0;asm_exc_page_fault;exc_page_fault;do_user_addr_fault;handle_mm_fault;__handle_mm_fault;do_fault;filemap_map_pages;next_uptodate_page
     0.26%     0.00%  c2d      c2d                   [.] select_separator
0.26% select_separator;0x7f60ef59b1d0;asm_exc_page_fault;exc_page_fault;do_user_addr_fault;handle_mm_fault;__handle_mm_fault;do_fault;filemap_map_pages;next_uptodate_page
     0.26%     0.00%  c2d      libm.so.6             [.] 0x00007f60ef59b1d0
0.26% 0x7f60ef59b1d0;asm_exc_page_fault;exc_page_fault;do_user_addr_fault;handle_mm_fault;__handle_mm_fault;do_fault;filemap_map_pages;next_uptodate_page
     0.26%     0.00%  c2d      [kernel.kallsyms]     [k] do_fault
0.26% do_fault;filemap_map_pages;next_uptodate_page
     0.26%     0.00%  c2d      [kernel.kallsyms]     [k] filemap_map_pages
0.26% filemap_map_pages;next_uptodate_page
     0.25%     0.25%  c2d      [kernel.kallsyms]     [k] memcpy
0.25% 0x7f60ef62fa58;0x7f60ef62f22f;0x7f60ef632c99;0x7f60ef62326c;asm_exc_page_fault;exc_page_fault;do_user_addr_fault;handle_mm_fault;__handle_mm_fault;wp_page_copy;copy_mc_to_kernel;memcpy
     0.25%     0.00%  c2d      ld-linux-x86-64.so.2  [.] 0x00007f60ef62326c
0.25% 0x7f60ef62326c;asm_exc_page_fault;exc_page_fault;do_user_addr_fault;handle_mm_fault;__handle_mm_fault;wp_page_copy;copy_mc_to_kernel;memcpy
     0.25%     0.00%  c2d      [kernel.kallsyms]     [k] wp_page_copy
0.25% wp_page_copy;copy_mc_to_kernel;memcpy
     0.25%     0.00%  c2d      [kernel.kallsyms]     [k] copy_mc_to_kernel
0.25% copy_mc_to_kernel;memcpy
     0.25%     0.25%  c2d      libc.so.6             [.] 0x000000000009618f
0.25% 0x1;0x7f60ef0b5193
     0.25%     0.00%  c2d      [unknown]             [.] 0x0000000000000001
0.25% 0x1;0x7f60ef0b5193
     0.25%     0.00%  c2d      libc.so.6             [.] 0x00007f60ef0b5193
0.25% 0x7f60ef0b5193
     0.25%     0.25%  c2d      [kernel.kallsyms]     [k] mas_wr_walk
0.25% 0x7f60ef6488a8;0x7f60ef61d075;0x7f60ef635ae3;entry_SYSCALL_64_after_hwframe;do_syscall_64;ksys_mmap_pgoff;vm_mmap_pgoff;do_mmap;mmap_region;do_mas_munmap;do_mas_align_munmap;__split_vma;__vma_adjust;mas_store_prealloc;mas_wr_store_entry.isra.0;mas_wr_walk
     0.25%     0.00%  c2d      [kernel.kallsyms]     [k] __vma_adjust
0.25% __vma_adjust;mas_store_prealloc;mas_wr_store_entry.isra.0;mas_wr_walk
     0.25%     0.00%  c2d      [kernel.kallsyms]     [k] mas_store_prealloc
0.25% mas_store_prealloc;mas_wr_store_entry.isra.0;mas_wr_walk
     0.25%     0.00%  c2d      [kernel.kallsyms]     [k] mas_wr_store_entry.isra.0
0.25% mas_wr_store_entry.isra.0;mas_wr_walk
     0.25%     0.25%  c2d      c2d                   [.] initialize_cnf_manager
0.25% 0x7f60ef04624a;main;cnf2ddnnf_cmd_line;construct_cnf_manager;initialize_cnf_manager
     0.25%     0.00%  c2d      c2d                   [.] construct_cnf_manager
0.25% construct_cnf_manager;initialize_cnf_manager
     0.24%     0.24%  c2d      ld-linux-x86-64.so.2  [.] 0x0000000000008dd6
0.24% 0x7f60ef61ddda
     0.24%     0.00%  c2d      ld-linux-x86-64.so.2  [.] 0x00007f60ef61ddda
0.24% 0x7f60ef61ddda
     0.24%     0.00%  c2d      ld-linux-x86-64.so.2  [.] 0x00007f60ef631ab1
0.24% 0x7f60ef631ab1;error_entry
     0.23%     0.23%  c2d      [kernel.kallsyms]     [k] perf_iterate_ctx
0.23% 0x7f60ef6488a8;0x7f60ef61d075;0x7f60ef635ae3;entry_SYSCALL_64_after_hwframe;do_syscall_64;ksys_mmap_pgoff;vm_mmap_pgoff;do_mmap;mmap_region;perf_event_mmap;perf_iterate_sb;perf_iterate_ctx
     0.23%     0.00%  c2d      [kernel.kallsyms]     [k] perf_event_mmap
0.23% perf_event_mmap;perf_iterate_sb;perf_iterate_ctx
     0.23%     0.00%  c2d      [kernel.kallsyms]     [k] perf_iterate_sb
0.23% perf_iterate_sb;perf_iterate_ctx
     0.21%     0.21%  c2d      [kernel.kallsyms]     [k] __x86_indirect_thunk_r13
0.21% 0x7f4f28296a97;__x86_indirect_thunk_r13
     0.14%     0.00%  c2d      [kernel.kallsyms]     [k] __x64_sys_execve
0.14% __x64_sys_execve;do_execveat_common.isra.0;bprm_execve;load_elf_binary;setup_arg_pages;shift_arg_pages;move_page_tables;__pte_alloc;pte_alloc_one;__alloc_pages;get_page_from_freelist;__list_del_entry_valid
     0.14%     0.00%  c2d      [kernel.kallsyms]     [k] do_execveat_common.isra.0
0.14% do_execveat_common.isra.0;bprm_execve;load_elf_binary;setup_arg_pages;shift_arg_pages;move_page_tables;__pte_alloc;pte_alloc_one;__alloc_pages;get_page_from_freelist;__list_del_entry_valid
     0.14%     0.00%  c2d      [kernel.kallsyms]     [k] bprm_execve
0.14% bprm_execve;load_elf_binary;setup_arg_pages;shift_arg_pages;move_page_tables;__pte_alloc;pte_alloc_one;__alloc_pages;get_page_from_freelist;__list_del_entry_valid
     0.14%     0.00%  c2d      [kernel.kallsyms]     [k] load_elf_binary
0.14% load_elf_binary;setup_arg_pages;shift_arg_pages;move_page_tables;__pte_alloc;pte_alloc_one;__alloc_pages;get_page_from_freelist;__list_del_entry_valid
     0.14%     0.00%  c2d      [kernel.kallsyms]     [k] setup_arg_pages
0.14% setup_arg_pages;shift_arg_pages;move_page_tables;__pte_alloc;pte_alloc_one;__alloc_pages;get_page_from_freelist;__list_del_entry_valid
     0.14%     0.00%  c2d      [kernel.kallsyms]     [k] shift_arg_pages
0.14% shift_arg_pages;move_page_tables;__pte_alloc;pte_alloc_one;__alloc_pages;get_page_from_freelist;__list_del_entry_valid
     0.14%     0.00%  c2d      [kernel.kallsyms]     [k] move_page_tables
0.14% move_page_tables;__pte_alloc;pte_alloc_one;__alloc_pages;get_page_from_freelist;__list_del_entry_valid
     0.14%     0.00%  c2d      [kernel.kallsyms]     [k] __pte_alloc
0.14% __pte_alloc;pte_alloc_one;__alloc_pages;get_page_from_freelist;__list_del_entry_valid
     0.13%     0.13%  c2d      libc.so.6             [.] 0x000000000008363f
0.13% 0;0x7f60ef0a2642
     0.13%     0.00%  c2d      libc.so.6             [.] 0x00007f60ef0a2642
0.13% 0x7f60ef0a2642
     0.06%     0.00%  perf-ex  [unknown]             [k] 0x00007f4f28296a97
0.05% 0x7f4f28296a97;entry_SYSCALL_64_after_hwframe;do_syscall_64;__x64_sys_execve;do_execveat_common.isra.0;bprm_execve;load_elf_binary;begin_new_exec;perf_event_comm;perf_iterate_sb
0.01% 0x7f4f28296a97;entry_SYSCALL_64_after_hwframe;do_syscall_64;__x64_sys_execve;do_execveat_common.isra.0;bprm_execve;load_elf_binary;begin_new_exec;perf_event_exec;__intel_pmu_enable_all.constprop.0;native_write_msr
     0.06%     0.00%  perf-ex  [kernel.kallsyms]     [k] entry_SYSCALL_64_after_hwframe
0.05% entry_SYSCALL_64_after_hwframe;do_syscall_64;__x64_sys_execve;do_execveat_common.isra.0;bprm_execve;load_elf_binary;begin_new_exec;perf_event_comm;perf_iterate_sb
0.01% entry_SYSCALL_64_after_hwframe;do_syscall_64;__x64_sys_execve;do_execveat_common.isra.0;bprm_execve;load_elf_binary;begin_new_exec;perf_event_exec;__intel_pmu_enable_all.constprop.0;native_write_msr
     0.06%     0.00%  perf-ex  [kernel.kallsyms]     [k] do_syscall_64
0.05% do_syscall_64;__x64_sys_execve;do_execveat_common.isra.0;bprm_execve;load_elf_binary;begin_new_exec;perf_event_comm;perf_iterate_sb
0.01% do_syscall_64;__x64_sys_execve;do_execveat_common.isra.0;bprm_execve;load_elf_binary;begin_new_exec;perf_event_exec;__intel_pmu_enable_all.constprop.0;native_write_msr
     0.06%     0.00%  perf-ex  [kernel.kallsyms]     [k] __x64_sys_execve
0.05% __x64_sys_execve;do_execveat_common.isra.0;bprm_execve;load_elf_binary;begin_new_exec;perf_event_comm;perf_iterate_sb
0.01% __x64_sys_execve;do_execveat_common.isra.0;bprm_execve;load_elf_binary;begin_new_exec;perf_event_exec;__intel_pmu_enable_all.constprop.0;native_write_msr
     0.06%     0.00%  perf-ex  [kernel.kallsyms]     [k] do_execveat_common.isra.0
0.05% do_execveat_common.isra.0;bprm_execve;load_elf_binary;begin_new_exec;perf_event_comm;perf_iterate_sb
0.01% do_execveat_common.isra.0;bprm_execve;load_elf_binary;begin_new_exec;perf_event_exec;__intel_pmu_enable_all.constprop.0;native_write_msr
     0.06%     0.00%  perf-ex  [kernel.kallsyms]     [k] bprm_execve
0.05% bprm_execve;load_elf_binary;begin_new_exec;perf_event_comm;perf_iterate_sb
0.01% bprm_execve;load_elf_binary;begin_new_exec;perf_event_exec;__intel_pmu_enable_all.constprop.0;native_write_msr
     0.06%     0.00%  perf-ex  [kernel.kallsyms]     [k] load_elf_binary
0.05% load_elf_binary;begin_new_exec;perf_event_comm;perf_iterate_sb
0.01% load_elf_binary;begin_new_exec;perf_event_exec;__intel_pmu_enable_all.constprop.0;native_write_msr
     0.06%     0.00%  perf-ex  [kernel.kallsyms]     [k] begin_new_exec
0.05% begin_new_exec;perf_event_comm;perf_iterate_sb
0.01% begin_new_exec;perf_event_exec;__intel_pmu_enable_all.constprop.0;native_write_msr
     0.05%     0.00%  c2d      [kernel.kallsyms]     [k] ksys_read
0.04% ksys_read;vfs_read;xfs_file_read_iter;xfs_file_buffered_read;filemap_read
0.01% ksys_read;vfs_read;xfs_file_read_iter;xfs_file_buffered_read;filemap_read;filemap_get_pages;folio_wait_bit_common;io_schedule;schedule;__schedule;finish_task_switch.isra.0;__perf_event_task_sched_in;__intel_pmu_enable_all.constprop.0;native_write_msr
     0.05%     0.00%  c2d      [kernel.kallsyms]     [k] vfs_read
0.04% vfs_read;xfs_file_read_iter;xfs_file_buffered_read;filemap_read
0.01% vfs_read;xfs_file_read_iter;xfs_file_buffered_read;filemap_read;filemap_get_pages;folio_wait_bit_common;io_schedule;schedule;__schedule;finish_task_switch.isra.0;__perf_event_task_sched_in;__intel_pmu_enable_all.constprop.0;native_write_msr
     0.05%     0.00%  c2d      [xfs]                 [k] xfs_file_read_iter
0.04% xfs_file_read_iter;xfs_file_buffered_read;filemap_read
0.01% xfs_file_read_iter;xfs_file_buffered_read;filemap_read;filemap_get_pages;folio_wait_bit_common;io_schedule;schedule;__schedule;finish_task_switch.isra.0;__perf_event_task_sched_in;__intel_pmu_enable_all.constprop.0;native_write_msr
     0.05%     0.00%  c2d      [xfs]                 [k] xfs_file_buffered_read
0.04% xfs_file_buffered_read;filemap_read
0.01% xfs_file_buffered_read;filemap_read;filemap_get_pages;folio_wait_bit_common;io_schedule;schedule;__schedule;finish_task_switch.isra.0;__perf_event_task_sched_in;__intel_pmu_enable_all.constprop.0;native_write_msr
     0.05%     0.04%  c2d      [kernel.kallsyms]     [k] filemap_read
0.04% 0;read;entry_SYSCALL_64_after_hwframe;do_syscall_64;ksys_read;vfs_read;xfs_file_read_iter;xfs_file_buffered_read;filemap_read
0.01% filemap_read;filemap_get_pages;folio_wait_bit_common;io_schedule;schedule;__schedule;finish_task_switch.isra.0;__perf_event_task_sched_in;__intel_pmu_enable_all.constprop.0;native_write_msr
     0.05%     0.05%  perf-ex  [kernel.kallsyms]     [k] perf_iterate_sb
0.05% 0x7f4f28296a97;entry_SYSCALL_64_after_hwframe;do_syscall_64;__x64_sys_execve;do_execveat_common.isra.0;bprm_execve;load_elf_binary;begin_new_exec;perf_event_comm;perf_iterate_sb
     0.05%     0.00%  perf-ex  [kernel.kallsyms]     [k] perf_event_comm
0.05% perf_event_comm;perf_iterate_sb
     0.01%     0.00%  perf-ex  [kernel.kallsyms]     [k] native_write_msr
0.01% native_write_msr
     0.01%     0.00%  perf-ex  [kernel.kallsyms]     [k] perf_event_exec
0.01% perf_event_exec;__intel_pmu_enable_all.constprop.0;native_write_msr
     0.01%     0.00%  perf-ex  [kernel.kallsyms]     [k] __intel_pmu_enable_all.constprop.0
0.01% __intel_pmu_enable_all.constprop.0;native_write_msr
     0.01%     0.00%  c2d      [kernel.kallsyms]     [k] native_write_msr
0.01% native_write_msr
     0.01%     0.00%  c2d      [kernel.kallsyms]     [k] filemap_get_pages
0.01% filemap_get_pages;folio_wait_bit_common;io_schedule;schedule;__schedule;finish_task_switch.isra.0;__perf_event_task_sched_in;__intel_pmu_enable_all.constprop.0;native_write_msr
     0.01%     0.00%  c2d      [kernel.kallsyms]     [k] folio_wait_bit_common
0.01% folio_wait_bit_common;io_schedule;schedule;__schedule;finish_task_switch.isra.0;__perf_event_task_sched_in;__intel_pmu_enable_all.constprop.0;native_write_msr
     0.01%     0.00%  c2d      [kernel.kallsyms]     [k] io_schedule
0.01% io_schedule;schedule;__schedule;finish_task_switch.isra.0;__perf_event_task_sched_in;__intel_pmu_enable_all.constprop.0;native_write_msr
     0.01%     0.00%  c2d      [kernel.kallsyms]     [k] finish_task_switch.isra.0
0.01% finish_task_switch.isra.0;__perf_event_task_sched_in;__intel_pmu_enable_all.constprop.0;native_write_msr
     0.01%     0.00%  c2d      [kernel.kallsyms]     [k] __perf_event_task_sched_in
0.01% __perf_event_task_sched_in;__intel_pmu_enable_all.constprop.0;native_write_msr
     0.01%     0.00%  c2d      [kernel.kallsyms]     [k] __intel_pmu_enable_all.constprop.0
0.01% __intel_pmu_enable_all.constprop.0;native_write_msr
     0.01%     0.01%  c2d      [kernel.kallsyms]     [k] native_flush_tlb_one_user
0.01% 0;read;entry_SYSCALL_64_after_hwframe;do_syscall_64;ksys_read;vfs_read;xfs_file_read_iter;xfs_file_buffered_read;filemap_read;filemap_get_pages;folio_wait_bit_common;io_schedule;schedule;__schedule;finish_task_switch.isra.0;__perf_event_task_sched_in;__intel_pmu_enable_all.constprop.0;native_write_msr
     0.01%     0.01%  perf-ex  [kernel.kallsyms]     [k] acpi_os_read_memory
0.01% 0x7f4f28296a97;entry_SYSCALL_64_after_hwframe;do_syscall_64;__x64_sys_execve;do_execveat_common.isra.0;bprm_execve;load_elf_binary;begin_new_exec;perf_event_exec;__intel_pmu_enable_all.constprop.0;native_write_msr
     0.00%     0.00%  perf-ex  [kernel.kallsyms]     [k] native_set_fixmap
     0.00%     0.00%  perf-ex  [kernel.kallsyms]     [k] native_sched_clock
     0.00%     0.00%  c2d      [kernel.kallsyms]     [k] native_sched_clock


#
# (Tip: If you have debuginfo enabled, try: perf report -s sym,srcline)
#
