# To display the perf.data header info, please use --header/--header-only options.
#
#
# Total Lost Samples: 0
#
# Samples: 350  of event 'cycles'
# Event count (approx.): 233587044
#
# Children      Self  Command  Shared Object         Symbol                                            
# ........  ........  .......  ....................  ..................................................
#
    94.30%     0.00%  c2d      libc.so.6             [.] 0x00007fad4a54724a
89.39% 0x7fad4a54724a;main;cnf2ddnnf_cmd_line;free_cache_manager
0.90% 0x7fad4a54724a;main;cnf2ddnnf_cmd_line;free_cache_manager;__irqentry_text_end
0.31% 0x7fad4a54724a;main;cnf2ddnnf_cmd_line;free_cache_manager;asm_exc_page_fault;exc_page_fault
0.31% 0x7fad4a54724a;main;cnf2ddnnf_cmd_line;free_cache_manager;asm_exc_page_fault;exc_page_fault;do_user_addr_fault;handle_mm_fault;__handle_mm_fault;do_huge_pmd_anonymous_page;pte_alloc_one;__alloc_pages;should_fail_alloc_page
0.31% 0x7fad4a54724a;main;cnf2ddnnf_cmd_line;free_cache_manager;asm_exc_page_fault;exc_page_fault;do_user_addr_fault;lock_mm_and_find_vma;find_vma;mt_find;mtree_range_walk
0.31% 0x7fad4a54724a;main;cnf2ddnnf_cmd_line;free_cache_manager;error_entry
0.31% 0x7fad4a54724a;main;cnf2ddnnf_cmd_line;free_cnf_manager
0.31% 0x7fad4a54724a;main;cnf2ddnnf_cmd_line;free_cache_manager;asm_exc_page_fault;exc_page_fault;do_user_addr_fault;handle_mm_fault;__handle_mm_fault;do_huge_pmd_anonymous_page;pte_alloc_one;__alloc_pages;__memcg_kmem_charge_page;memcg_account_kmem;mod_memcg_state;__mod_memcg_state
0.28% 0x7fad4a54724a;main;cnf2ddnnf_cmd_line;compile_cnf;compile_dt;compile_dt;compile_decomposed;conjoin_nnfs_lits;conjoin_relevant_lits;get_and_node;asm_exc_page_fault;exc_page_fault;do_user_addr_fault;handle_mm_fault;__handle_mm_fault;do_huge_pmd_wp_page;__split_huge_pmd
0.27% 0x7fad4a54724a;main;cnf2ddnnf_cmd_line;compile_cnf;compile_dt;compile_dt;compile_decomposed;lookup_or_compile_dt;compile_dt;compile_dt;compile_decomposed;lookup_or_compile_dt;compile_decomposed;lookup_or_compile_dt;compile_dt;compile_dt;compile_decomposed;lookup_or_compile_dt;compile_dt;compile_dt;compile_decomposed;lookup_or_compile_dt;compile_decomposed;lookup_or_compile_dt;compile_decomposed;lookup_or_compile_dt;compile_dt;compile_dt;compile_decomposed;lookup_or_compile_dt;compile_decomposed;lookup_or_compile_dt;compile_decomposed;lookup_or_compile_dt;compile_decomposed;lookup_or_compile_dt;compile_decomposed;lookup_or_compile_dt;compile_dt;decide_literal;set_literal
0.27% 0x7fad4a54724a;main;cnf2ddnnf_cmd_line;compile_cnf;compile_dt;compile_dt;compile_decomposed;lookup_or_compile_dt;compile_dt;compile_dt;compile_decomposed;lookup_or_compile_dt;compile_decomposed;lookup_or_compile_dt;compile_decomposed;lookup_or_compile_dt;compile_decomposed;lookup_or_compile_dt;compile_decomposed;lookup_or_compile_dt;compile_decomposed;lookup_or_compile_dt;compile_dt;compile_dt;compile_decomposed;lookup_or_compile_dt;insert_cnf_cache;add_cache_entry;asm_exc_page_fault;exc_page_fault;do_user_addr_fault;handle_mm_fault;__handle_mm_fault;do_huge_pmd_wp_page;__split_huge_pmd
0.26% 0x7fad4a54724a;main;cnf2ddnnf_cmd_line;compile_cnf;compile_dt;compile_dt;compile_decomposed;lookup_or_compile_dt;compile_decomposed;lookup_or_compile_dt;compile_decomposed;lookup_or_compile_dt;compile_decomposed;lookup_or_compile_dt;compile_decomposed;lookup_or_compile_dt;compile_decomposed;lookup_or_compile_dt;compile_decomposed;lookup_or_compile_dt;compile_dt;compile_dt;compile_dt;compile_decomposed;lookup_or_compile_dt;compile_decomposed;lookup_or_compile_dt;compile_decomposed;lookup_or_compile_dt;compile_decomposed;lookup_or_compile_dt;compile_decomposed;lookup_or_compile_dt;compile_decomposed;lookup_or_compile_dt;compile_dt;compile_dt;compile_decomposed;conjoin_relevant_lits;get_and_node;asm_exc_page_fault;exc_page_fault;do_user_addr_fault;handle_mm_fault;__handle_mm_fault;wp_page_copy;__cgroup_throttle_swaprate;blk_cgroup_congested
0.26% 0x7fad4a54724a;main;cnf2ddnnf_cmd_line;load_hdtree_from_file;dtree_skeleton2hdtree;initialize_hdtree;initialize_hdtree;initialize_hdtree;initialize_hdtree;initialize_hdtree;initialize_hdtree;initialize_hdtree;initialize_hdtree;initialize_hdtree;initialize_hdtree;initialize_hdtree;initialize_hdtree;initialize_hdtree;initialize_hdtree;edges_intersection
0.25% 0x7fad4a54724a;main;cnf2ddnnf_cmd_line;free_hdtree;free_hdtree;free_hdtree;free_hdtree;free_hdtree;free_hdtree;free_hdtree;cfree
0.25% 0x7fad4a54724a;main;cnf2ddnnf_cmd_line;construct_dtree_manager;hdtree_sizes_max;hdtree_sizes_max;hdtree_sizes_max;hdtree_sizes_max;hdtree_sizes_max;hdtree_sizes_max;hdtree_sizes_max;hdtree_sizes_max;hdtree_sizes_max;hdtree_sizes_max;hdtree_sizes_max;hdtree_sizes_max;hdtree_sizes_max;hdtree_sizes_max
0.20% 0x7fad4a54724a;main;__isoc99_fscanf;0x7fad4a57f0d1
0.12% 0x7fad4a54724a;main;get_cnf_from_file;read_line
    94.30%     0.00%  c2d      c2d                   [.] main
89.39% main;cnf2ddnnf_cmd_line;free_cache_manager
0.90% main;cnf2ddnnf_cmd_line;free_cache_manager;__irqentry_text_end
0.31% main;cnf2ddnnf_cmd_line;free_cache_manager;asm_exc_page_fault;exc_page_fault
0.31% main;cnf2ddnnf_cmd_line;free_cache_manager;asm_exc_page_fault;exc_page_fault;do_user_addr_fault;handle_mm_fault;__handle_mm_fault;do_huge_pmd_anonymous_page;pte_alloc_one;__alloc_pages;should_fail_alloc_page
0.31% main;cnf2ddnnf_cmd_line;free_cache_manager;asm_exc_page_fault;exc_page_fault;do_user_addr_fault;lock_mm_and_find_vma;find_vma;mt_find;mtree_range_walk
0.31% main;cnf2ddnnf_cmd_line;free_cache_manager;error_entry
0.31% main;cnf2ddnnf_cmd_line;free_cnf_manager
0.31% main;cnf2ddnnf_cmd_line;free_cache_manager;asm_exc_page_fault;exc_page_fault;do_user_addr_fault;handle_mm_fault;__handle_mm_fault;do_huge_pmd_anonymous_page;pte_alloc_one;__alloc_pages;__memcg_kmem_charge_page;memcg_account_kmem;mod_memcg_state;__mod_memcg_state
0.28% main;cnf2ddnnf_cmd_line;compile_cnf;compile_dt;compile_dt;compile_decomposed;conjoin_nnfs_lits;conjoin_relevant_lits;get_and_node;asm_exc_page_fault;exc_page_fault;do_user_addr_fault;handle_mm_fault;__handle_mm_fault;do_huge_pmd_wp_page;__split_huge_pmd
0.27% main;cnf2ddnnf_cmd_line;compile_cnf;compile_dt;compile_dt;compile_decomposed;lookup_or_compile_dt;compile_dt;compile_dt;compile_decomposed;lookup_or_compile_dt;compile_decomposed;lookup_or_compile_dt;compile_dt;compile_dt;compile_decomposed;lookup_or_compile_dt;compile_dt;compile_dt;compile_decomposed;lookup_or_compile_dt;compile_decomposed;lookup_or_compile_dt;compile_decomposed;lookup_or_compile_dt;compile_dt;compile_dt;compile_decomposed;lookup_or_compile_dt;compile_decomposed;lookup_or_compile_dt;compile_decomposed;lookup_or_compile_dt;compile_decomposed;lookup_or_compile_dt;compile_decomposed;lookup_or_compile_dt;compile_dt;decide_literal;set_literal
0.27% main;cnf2ddnnf_cmd_line;compile_cnf;compile_dt;compile_dt;compile_decomposed;lookup_or_compile_dt;compile_dt;compile_dt;compile_decomposed;lookup_or_compile_dt;compile_decomposed;lookup_or_compile_dt;compile_decomposed;lookup_or_compile_dt;compile_decomposed;lookup_or_compile_dt;compile_decomposed;lookup_or_compile_dt;compile_decomposed;lookup_or_compile_dt;compile_dt;compile_dt;compile_decomposed;lookup_or_compile_dt;insert_cnf_cache;add_cache_entry;asm_exc_page_fault;exc_page_fault;do_user_addr_fault;handle_mm_fault;__handle_mm_fault;do_huge_pmd_wp_page;__split_huge_pmd
0.26% main;cnf2ddnnf_cmd_line;compile_cnf;compile_dt;compile_dt;compile_decomposed;lookup_or_compile_dt;compile_decomposed;lookup_or_compile_dt;compile_decomposed;lookup_or_compile_dt;compile_decomposed;lookup_or_compile_dt;compile_decomposed;lookup_or_compile_dt;compile_decomposed;lookup_or_compile_dt;compile_decomposed;lookup_or_compile_dt;compile_dt;compile_dt;compile_dt;compile_decomposed;lookup_or_compile_dt;compile_decomposed;lookup_or_compile_dt;compile_decomposed;lookup_or_compile_dt;compile_decomposed;lookup_or_compile_dt;compile_decomposed;lookup_or_compile_dt;compile_decomposed;lookup_or_compile_dt;compile_dt;compile_dt;compile_decomposed;conjoin_relevant_lits;get_and_node;asm_exc_page_fault;exc_page_fault;do_user_addr_fault;handle_mm_fault;__handle_mm_fault;wp_page_copy;__cgroup_throttle_swaprate;blk_cgroup_congested
0.26% main;cnf2ddnnf_cmd_line;load_hdtree_from_file;dtree_skeleton2hdtree;initialize_hdtree;initialize_hdtree;initialize_hdtree;initialize_hdtree;initialize_hdtree;initialize_hdtree;initialize_hdtree;initialize_hdtree;initialize_hdtree;initialize_hdtree;initialize_hdtree;initialize_hdtree;initialize_hdtree;initialize_hdtree;edges_intersection
0.25% main;cnf2ddnnf_cmd_line;free_hdtree;free_hdtree;free_hdtree;free_hdtree;free_hdtree;free_hdtree;free_hdtree;cfree
0.25% main;cnf2ddnnf_cmd_line;construct_dtree_manager;hdtree_sizes_max;hdtree_sizes_max;hdtree_sizes_max;hdtree_sizes_max;hdtree_sizes_max;hdtree_sizes_max;hdtree_sizes_max;hdtree_sizes_max;hdtree_sizes_max;hdtree_sizes_max;hdtree_sizes_max;hdtree_sizes_max;hdtree_sizes_max;hdtree_sizes_max
0.20% main;__isoc99_fscanf;0x7fad4a57f0d1
0.12% main;get_cnf_from_file;read_line
    93.98%     0.00%  c2d      c2d                   [.] cnf2ddnnf_cmd_line
89.39% cnf2ddnnf_cmd_line;free_cache_manager
0.90% cnf2ddnnf_cmd_line;free_cache_manager;__irqentry_text_end
0.31% cnf2ddnnf_cmd_line;free_cache_manager;asm_exc_page_fault;exc_page_fault
0.31% cnf2ddnnf_cmd_line;free_cache_manager;asm_exc_page_fault;exc_page_fault;do_user_addr_fault;handle_mm_fault;__handle_mm_fault;do_huge_pmd_anonymous_page;pte_alloc_one;__alloc_pages;should_fail_alloc_page
0.31% cnf2ddnnf_cmd_line;free_cache_manager;asm_exc_page_fault;exc_page_fault;do_user_addr_fault;lock_mm_and_find_vma;find_vma;mt_find;mtree_range_walk
0.31% cnf2ddnnf_cmd_line;free_cache_manager;error_entry
0.31% cnf2ddnnf_cmd_line;free_cnf_manager
0.31% cnf2ddnnf_cmd_line;free_cache_manager;asm_exc_page_fault;exc_page_fault;do_user_addr_fault;handle_mm_fault;__handle_mm_fault;do_huge_pmd_anonymous_page;pte_alloc_one;__alloc_pages;__memcg_kmem_charge_page;memcg_account_kmem;mod_memcg_state;__mod_memcg_state
0.28% cnf2ddnnf_cmd_line;compile_cnf;compile_dt;compile_dt;compile_decomposed;conjoin_nnfs_lits;conjoin_relevant_lits;get_and_node;asm_exc_page_fault;exc_page_fault;do_user_addr_fault;handle_mm_fault;__handle_mm_fault;do_huge_pmd_wp_page;__split_huge_pmd
0.27% cnf2ddnnf_cmd_line;compile_cnf;compile_dt;compile_dt;compile_decomposed;lookup_or_compile_dt;compile_dt;compile_dt;compile_decomposed;lookup_or_compile_dt;compile_decomposed;lookup_or_compile_dt;compile_dt;compile_dt;compile_decomposed;lookup_or_compile_dt;compile_dt;compile_dt;compile_decomposed;lookup_or_compile_dt;compile_decomposed;lookup_or_compile_dt;compile_decomposed;lookup_or_compile_dt;compile_dt;compile_dt;compile_decomposed;lookup_or_compile_dt;compile_decomposed;lookup_or_compile_dt;compile_decomposed;lookup_or_compile_dt;compile_decomposed;lookup_or_compile_dt;compile_decomposed;lookup_or_compile_dt;compile_dt;decide_literal;set_literal
0.27% cnf2ddnnf_cmd_line;compile_cnf;compile_dt;compile_dt;compile_decomposed;lookup_or_compile_dt;compile_dt;compile_dt;compile_decomposed;lookup_or_compile_dt;compile_decomposed;lookup_or_compile_dt;compile_decomposed;lookup_or_compile_dt;compile_decomposed;lookup_or_compile_dt;compile_decomposed;lookup_or_compile_dt;compile_decomposed;lookup_or_compile_dt;compile_dt;compile_dt;compile_decomposed;lookup_or_compile_dt;insert_cnf_cache;add_cache_entry;asm_exc_page_fault;exc_page_fault;do_user_addr_fault;handle_mm_fault;__handle_mm_fault;do_huge_pmd_wp_page;__split_huge_pmd
0.26% cnf2ddnnf_cmd_line;compile_cnf;compile_dt;compile_dt;compile_decomposed;lookup_or_compile_dt;compile_decomposed;lookup_or_compile_dt;compile_decomposed;lookup_or_compile_dt;compile_decomposed;lookup_or_compile_dt;compile_decomposed;lookup_or_compile_dt;compile_decomposed;lookup_or_compile_dt;compile_decomposed;lookup_or_compile_dt;compile_dt;compile_dt;compile_dt;compile_decomposed;lookup_or_compile_dt;compile_decomposed;lookup_or_compile_dt;compile_decomposed;lookup_or_compile_dt;compile_decomposed;lookup_or_compile_dt;compile_decomposed;lookup_or_compile_dt;compile_decomposed;lookup_or_compile_dt;compile_dt;compile_dt;compile_decomposed;conjoin_relevant_lits;get_and_node;asm_exc_page_fault;exc_page_fault;do_user_addr_fault;handle_mm_fault;__handle_mm_fault;wp_page_copy;__cgroup_throttle_swaprate;blk_cgroup_congested
0.26% cnf2ddnnf_cmd_line;load_hdtree_from_file;dtree_skeleton2hdtree;initialize_hdtree;initialize_hdtree;initialize_hdtree;initialize_hdtree;initialize_hdtree;initialize_hdtree;initialize_hdtree;initialize_hdtree;initialize_hdtree;initialize_hdtree;initialize_hdtree;initialize_hdtree;initialize_hdtree;initialize_hdtree;edges_intersection
0.25% cnf2ddnnf_cmd_line;free_hdtree;free_hdtree;free_hdtree;free_hdtree;free_hdtree;free_hdtree;free_hdtree;cfree
0.25% cnf2ddnnf_cmd_line;construct_dtree_manager;hdtree_sizes_max;hdtree_sizes_max;hdtree_sizes_max;hdtree_sizes_max;hdtree_sizes_max;hdtree_sizes_max;hdtree_sizes_max;hdtree_sizes_max;hdtree_sizes_max;hdtree_sizes_max;hdtree_sizes_max;hdtree_sizes_max;hdtree_sizes_max;hdtree_sizes_max
    91.83%    89.39%  c2d      c2d                   [.] free_cache_manager
89.39% 0x7fad4a54724a;main;cnf2ddnnf_cmd_line;free_cache_manager
0.90% free_cache_manager;__irqentry_text_end
0.31% free_cache_manager;asm_exc_page_fault;exc_page_fault
0.31% free_cache_manager;asm_exc_page_fault;exc_page_fault;do_user_addr_fault;handle_mm_fault;__handle_mm_fault;do_huge_pmd_anonymous_page;pte_alloc_one;__alloc_pages;should_fail_alloc_page
0.31% free_cache_manager;asm_exc_page_fault;exc_page_fault;do_user_addr_fault;lock_mm_and_find_vma;find_vma;mt_find;mtree_range_walk
0.31% free_cache_manager;error_entry
0.31% free_cache_manager;asm_exc_page_fault;exc_page_fault;do_user_addr_fault;handle_mm_fault;__handle_mm_fault;do_huge_pmd_anonymous_page;pte_alloc_one;__alloc_pages;__memcg_kmem_charge_page;memcg_account_kmem;mod_memcg_state;__mod_memcg_state
     2.55%     0.00%  c2d      [kernel.kallsyms]     [k] asm_exc_page_fault
0.54% asm_exc_page_fault;exc_page_fault;do_user_addr_fault;handle_mm_fault;__handle_mm_fault;do_huge_pmd_wp_page;__split_huge_pmd
0.54% asm_exc_page_fault;exc_page_fault;do_user_addr_fault;lock_mm_and_find_vma;find_vma;mt_find;mtree_range_walk
0.31% asm_exc_page_fault;exc_page_fault
0.31% asm_exc_page_fault;exc_page_fault;do_user_addr_fault;handle_mm_fault;__handle_mm_fault;do_huge_pmd_anonymous_page;pte_alloc_one;__alloc_pages;should_fail_alloc_page
0.31% asm_exc_page_fault;exc_page_fault;do_user_addr_fault;handle_mm_fault;__handle_mm_fault;do_huge_pmd_anonymous_page;pte_alloc_one;__alloc_pages;__memcg_kmem_charge_page;memcg_account_kmem;mod_memcg_state;__mod_memcg_state
0.29% asm_exc_page_fault;exc_page_fault;do_user_addr_fault;handle_mm_fault;__handle_mm_fault;do_fault;filemap_map_pages;next_uptodate_page
0.26% asm_exc_page_fault;exc_page_fault;do_user_addr_fault;handle_mm_fault;__handle_mm_fault;wp_page_copy;__cgroup_throttle_swaprate;blk_cgroup_congested
     2.55%     0.31%  c2d      [kernel.kallsyms]     [k] exc_page_fault
0.54% exc_page_fault;do_user_addr_fault;handle_mm_fault;__handle_mm_fault;do_huge_pmd_wp_page;__split_huge_pmd
0.54% exc_page_fault;do_user_addr_fault;lock_mm_and_find_vma;find_vma;mt_find;mtree_range_walk
0.31% 0x7fad4a54724a;main;cnf2ddnnf_cmd_line;free_cache_manager;asm_exc_page_fault;exc_page_fault
0.31% exc_page_fault;do_user_addr_fault;handle_mm_fault;__handle_mm_fault;do_huge_pmd_anonymous_page;pte_alloc_one;__alloc_pages;should_fail_alloc_page
0.31% exc_page_fault;do_user_addr_fault;handle_mm_fault;__handle_mm_fault;do_huge_pmd_anonymous_page;pte_alloc_one;__alloc_pages;__memcg_kmem_charge_page;memcg_account_kmem;mod_memcg_state;__mod_memcg_state
0.29% exc_page_fault;do_user_addr_fault;handle_mm_fault;__handle_mm_fault;do_fault;filemap_map_pages;next_uptodate_page
0.26% exc_page_fault;do_user_addr_fault;handle_mm_fault;__handle_mm_fault;wp_page_copy;__cgroup_throttle_swaprate;blk_cgroup_congested
     2.54%     0.00%  c2d      [kernel.kallsyms]     [k] entry_SYSCALL_64_after_hwframe
0.61% entry_SYSCALL_64_after_hwframe;do_syscall_64;__x64_sys_exit_group;do_group_exit;do_exit;__mmput;exit_mmap;unmap_vmas;unmap_page_range;_compound_head
0.31% entry_SYSCALL_64_after_hwframe;do_syscall_64;__x64_sys_exit_group;do_group_exit;do_exit;__mmput;exit_mmap;tlb_finish_mmu;tlb_batch_pages_flush;release_pages;free_unref_page_list
0.31% entry_SYSCALL_64_after_hwframe;do_syscall_64;__x64_sys_munmap;__vm_munmap;do_mas_munmap;do_mas_align_munmap;unmap_region;unmap_vmas;unmap_page_range;vm_normal_page
0.29% entry_SYSCALL_64_after_hwframe;do_syscall_64;ksys_read;vfs_read;xfs_file_read_iter;xfs_file_buffered_read;filemap_read;filemap_get_pages;folio_wait_bit_common;io_schedule;schedule;__schedule;__perf_event_task_sched_out
0.25% entry_SYSCALL_64_after_hwframe;do_syscall_64;ksys_read;vfs_read;xfs_file_read_iter;xfs_file_buffered_read;filemap_read;filemap_get_pages;page_cache_ra_order;read_pages;blk_finish_plug;__blk_flush_plug;blk_mq_flush_plug_list.part.0;blk_mq_sched_insert_requests;__blk_mq_run_hw_queue;blk_mq_sched_dispatch_requests;__blk_mq_sched_dispatch_requests;blk_mq_do_dispatch_sched;blk_mq_dispatch_rq_list;scsi_queue_rq;ata_scsi_queuecmd;__ata_scsi_queuecmd;ata_qc_issue;dma_map_sg_attrs;__dma_map_sg_attrs;iommu_dma_map_sg
0.24% entry_SYSCALL_64_after_hwframe;do_syscall_64;ksys_mmap_pgoff;vm_mmap_pgoff;do_mmap;mmap_region;do_mas_munmap;do_mas_align_munmap;mas_store_prealloc;mas_wr_spanning_store.isra.0;mas_spanning_rebalance.isra.0;mast_topiary
0.23% entry_SYSCALL_64_after_hwframe;do_syscall_64;syscall_exit_to_user_mode;exit_to_user_mode_prepare;task_work_run;__fput;__dentry_kill;evict;_raw_spin_lock
0.17% entry_SYSCALL_64_after_hwframe;do_syscall_64;__x64_sys_execve;do_execveat_common.isra.0;bprm_execve;load_elf_binary
0.08% entry_SYSCALL_64_after_hwframe;do_syscall_64;__x64_sys_execve;do_execveat_common.isra.0;bprm_execve;load_elf_binary;setup_arg_pages;arch_align_stack;get_random_u16
0.04% entry_SYSCALL_64_after_hwframe;do_syscall_64;ksys_read;vfs_read;xfs_file_read_iter;xfs_file_buffered_read;filemap_read;copy_page_to_iter;_copy_to_iter;copy_user_generic_string
0.01% entry_SYSCALL_64_after_hwframe;do_syscall_64;ksys_read;vfs_read;xfs_file_read_iter;xfs_file_buffered_read;filemap_read;filemap_get_pages;folio_wait_bit_common;io_schedule;schedule;__schedule;finish_task_switch.isra.0;__perf_event_task_sched_in;__intel_pmu_enable_all.constprop.0;native_write_msr
     2.54%     0.00%  c2d      [kernel.kallsyms]     [k] do_syscall_64
0.61% do_syscall_64;__x64_sys_exit_group;do_group_exit;do_exit;__mmput;exit_mmap;unmap_vmas;unmap_page_range;_compound_head
0.31% do_syscall_64;__x64_sys_exit_group;do_group_exit;do_exit;__mmput;exit_mmap;tlb_finish_mmu;tlb_batch_pages_flush;release_pages;free_unref_page_list
0.31% do_syscall_64;__x64_sys_munmap;__vm_munmap;do_mas_munmap;do_mas_align_munmap;unmap_region;unmap_vmas;unmap_page_range;vm_normal_page
0.29% do_syscall_64;ksys_read;vfs_read;xfs_file_read_iter;xfs_file_buffered_read;filemap_read;filemap_get_pages;folio_wait_bit_common;io_schedule;schedule;__schedule;__perf_event_task_sched_out
0.25% do_syscall_64;ksys_read;vfs_read;xfs_file_read_iter;xfs_file_buffered_read;filemap_read;filemap_get_pages;page_cache_ra_order;read_pages;blk_finish_plug;__blk_flush_plug;blk_mq_flush_plug_list.part.0;blk_mq_sched_insert_requests;__blk_mq_run_hw_queue;blk_mq_sched_dispatch_requests;__blk_mq_sched_dispatch_requests;blk_mq_do_dispatch_sched;blk_mq_dispatch_rq_list;scsi_queue_rq;ata_scsi_queuecmd;__ata_scsi_queuecmd;ata_qc_issue;dma_map_sg_attrs;__dma_map_sg_attrs;iommu_dma_map_sg
0.24% do_syscall_64;ksys_mmap_pgoff;vm_mmap_pgoff;do_mmap;mmap_region;do_mas_munmap;do_mas_align_munmap;mas_store_prealloc;mas_wr_spanning_store.isra.0;mas_spanning_rebalance.isra.0;mast_topiary
0.23% do_syscall_64;syscall_exit_to_user_mode;exit_to_user_mode_prepare;task_work_run;__fput;__dentry_kill;evict;_raw_spin_lock
0.17% do_syscall_64;__x64_sys_execve;do_execveat_common.isra.0;bprm_execve;load_elf_binary
0.08% do_syscall_64;__x64_sys_execve;do_execveat_common.isra.0;bprm_execve;load_elf_binary;setup_arg_pages;arch_align_stack;get_random_u16
0.04% do_syscall_64;ksys_read;vfs_read;xfs_file_read_iter;xfs_file_buffered_read;filemap_read;copy_page_to_iter;_copy_to_iter;copy_user_generic_string
0.01% do_syscall_64;ksys_read;vfs_read;xfs_file_read_iter;xfs_file_buffered_read;filemap_read;filemap_get_pages;folio_wait_bit_common;io_schedule;schedule;__schedule;finish_task_switch.isra.0;__perf_event_task_sched_in;__intel_pmu_enable_all.constprop.0;native_write_msr
     2.24%     0.00%  c2d      [kernel.kallsyms]     [k] do_user_addr_fault
0.54% do_user_addr_fault;handle_mm_fault;__handle_mm_fault;do_huge_pmd_wp_page;__split_huge_pmd
0.54% do_user_addr_fault;lock_mm_and_find_vma;find_vma;mt_find;mtree_range_walk
0.31% do_user_addr_fault;handle_mm_fault;__handle_mm_fault;do_huge_pmd_anonymous_page;pte_alloc_one;__alloc_pages;should_fail_alloc_page
0.31% do_user_addr_fault;handle_mm_fault;__handle_mm_fault;do_huge_pmd_anonymous_page;pte_alloc_one;__alloc_pages;__memcg_kmem_charge_page;memcg_account_kmem;mod_memcg_state;__mod_memcg_state
0.29% do_user_addr_fault;handle_mm_fault;__handle_mm_fault;do_fault;filemap_map_pages;next_uptodate_page
0.26% do_user_addr_fault;handle_mm_fault;__handle_mm_fault;wp_page_copy;__cgroup_throttle_swaprate;blk_cgroup_congested
     1.71%     0.00%  c2d      [kernel.kallsyms]     [k] handle_mm_fault
0.54% handle_mm_fault;__handle_mm_fault;do_huge_pmd_wp_page;__split_huge_pmd
0.31% handle_mm_fault;__handle_mm_fault;do_huge_pmd_anonymous_page;pte_alloc_one;__alloc_pages;should_fail_alloc_page
0.31% handle_mm_fault;__handle_mm_fault;do_huge_pmd_anonymous_page;pte_alloc_one;__alloc_pages;__memcg_kmem_charge_page;memcg_account_kmem;mod_memcg_state;__mod_memcg_state
0.29% handle_mm_fault;__handle_mm_fault;do_fault;filemap_map_pages;next_uptodate_page
0.26% handle_mm_fault;__handle_mm_fault;wp_page_copy;__cgroup_throttle_swaprate;blk_cgroup_congested
     1.71%     0.00%  c2d      [kernel.kallsyms]     [k] __handle_mm_fault
0.54% __handle_mm_fault;do_huge_pmd_wp_page;__split_huge_pmd
0.31% __handle_mm_fault;do_huge_pmd_anonymous_page;pte_alloc_one;__alloc_pages;should_fail_alloc_page
0.31% __handle_mm_fault;do_huge_pmd_anonymous_page;pte_alloc_one;__alloc_pages;__memcg_kmem_charge_page;memcg_account_kmem;mod_memcg_state;__mod_memcg_state
0.29% __handle_mm_fault;do_fault;filemap_map_pages;next_uptodate_page
0.26% __handle_mm_fault;wp_page_copy;__cgroup_throttle_swaprate;blk_cgroup_congested
     1.31%     0.00%  c2d      ld-linux-x86-64.so.2  [.] 0x00007fad4aa54a58
0.29% 0x7fad4aa54a58;0x7fad4aa5422f;0x7fad4a5ab980;asm_exc_page_fault;exc_page_fault;do_user_addr_fault;handle_mm_fault;__handle_mm_fault;do_fault;filemap_map_pages;next_uptodate_page
0.28% 0x7fad4aa54a58;0x7fad4aa5422f;0x7fad4aa57c99;0x7fad4aa48496
0.27% 0x7fad4aa54a58;0x7fad4aa5422f;0x7fad4aa57c99;0x7fad4aa48309
0.26% 0x7fad4aa54a58;0x7fad4aa5422f;0x7fad4aa57c99;0x7fad4aa4835a
0.22% 0x7fad4aa54a58;0x7fad4aa5422f;0x7fad4aa5a827;syscall_return_via_sysret
     1.31%     0.00%  c2d      ld-linux-x86-64.so.2  [.] 0x00007fad4aa5422f
0.29% 0x7fad4aa5422f;0x7fad4a5ab980;asm_exc_page_fault;exc_page_fault;do_user_addr_fault;handle_mm_fault;__handle_mm_fault;do_fault;filemap_map_pages;next_uptodate_page
0.28% 0x7fad4aa5422f;0x7fad4aa57c99;0x7fad4aa48496
0.27% 0x7fad4aa5422f;0x7fad4aa57c99;0x7fad4aa48309
0.26% 0x7fad4aa5422f;0x7fad4aa57c99;0x7fad4aa4835a
0.22% 0x7fad4aa5422f;0x7fad4aa5a827;syscall_return_via_sysret
     1.14%     0.00%  c2d      [unknown]             [.] 0000000000000000
0.29% 0;read;entry_SYSCALL_64_after_hwframe;do_syscall_64;ksys_read;vfs_read;xfs_file_read_iter;xfs_file_buffered_read;filemap_read;filemap_get_pages;folio_wait_bit_common;io_schedule;schedule;__schedule;__perf_event_task_sched_out
0.29% 0;printf;0x7fad4aa4394a
0.25% 0;read;entry_SYSCALL_64_after_hwframe;do_syscall_64;ksys_read;vfs_read;xfs_file_read_iter;xfs_file_buffered_read;filemap_read;filemap_get_pages;page_cache_ra_order;read_pages;blk_finish_plug;__blk_flush_plug;blk_mq_flush_plug_list.part.0;blk_mq_sched_insert_requests;__blk_mq_run_hw_queue;blk_mq_sched_dispatch_requests;__blk_mq_sched_dispatch_requests;blk_mq_do_dispatch_sched;blk_mq_dispatch_rq_list;scsi_queue_rq;ata_scsi_queuecmd;__ata_scsi_queuecmd;ata_qc_issue;dma_map_sg_attrs;__dma_map_sg_attrs;iommu_dma_map_sg
0.25% 0;0x7fad4aa38140;0x7fad4aa4c37f
0.04% 0;read;entry_SYSCALL_64_after_hwframe;do_syscall_64;ksys_read;vfs_read;xfs_file_read_iter;xfs_file_buffered_read;filemap_read;copy_page_to_iter;_copy_to_iter;copy_user_generic_string
0.01% 0;read;entry_SYSCALL_64_after_hwframe;do_syscall_64;ksys_read;vfs_read;xfs_file_read_iter;xfs_file_buffered_read;filemap_read;filemap_get_pages;folio_wait_bit_common;io_schedule;schedule;__schedule;finish_task_switch.isra.0;__perf_event_task_sched_in;__intel_pmu_enable_all.constprop.0;native_write_msr
     1.08%     0.00%  c2d      c2d                   [.] compile_cnf
0.28% compile_cnf;compile_dt;compile_dt;compile_decomposed;conjoin_nnfs_lits;conjoin_relevant_lits;get_and_node;asm_exc_page_fault;exc_page_fault;do_user_addr_fault;handle_mm_fault;__handle_mm_fault;do_huge_pmd_wp_page;__split_huge_pmd
0.27% compile_cnf;compile_dt;compile_dt;compile_decomposed;lookup_or_compile_dt;compile_dt;compile_dt;compile_decomposed;lookup_or_compile_dt;compile_decomposed;lookup_or_compile_dt;compile_dt;compile_dt;compile_decomposed;lookup_or_compile_dt;compile_dt;compile_dt;compile_decomposed;lookup_or_compile_dt;compile_decomposed;lookup_or_compile_dt;compile_decomposed;lookup_or_compile_dt;compile_dt;compile_dt;compile_decomposed;lookup_or_compile_dt;compile_decomposed;lookup_or_compile_dt;compile_decomposed;lookup_or_compile_dt;compile_decomposed;lookup_or_compile_dt;compile_decomposed;lookup_or_compile_dt;compile_dt;decide_literal;set_literal
0.27% compile_cnf;compile_dt;compile_dt;compile_decomposed;lookup_or_compile_dt;compile_dt;compile_dt;compile_decomposed;lookup_or_compile_dt;compile_decomposed;lookup_or_compile_dt;compile_decomposed;lookup_or_compile_dt;compile_decomposed;lookup_or_compile_dt;compile_decomposed;lookup_or_compile_dt;compile_decomposed;lookup_or_compile_dt;compile_dt;compile_dt;compile_decomposed;lookup_or_compile_dt;insert_cnf_cache;add_cache_entry;asm_exc_page_fault;exc_page_fault;do_user_addr_fault;handle_mm_fault;__handle_mm_fault;do_huge_pmd_wp_page;__split_huge_pmd
0.26% compile_cnf;compile_dt;compile_dt;compile_decomposed;lookup_or_compile_dt;compile_decomposed;lookup_or_compile_dt;compile_decomposed;lookup_or_compile_dt;compile_decomposed;lookup_or_compile_dt;compile_decomposed;lookup_or_compile_dt;compile_decomposed;lookup_or_compile_dt;compile_decomposed;lookup_or_compile_dt;compile_dt;compile_dt;compile_dt;compile_decomposed;lookup_or_compile_dt;compile_decomposed;lookup_or_compile_dt;compile_decomposed;lookup_or_compile_dt;compile_decomposed;lookup_or_compile_dt;compile_decomposed;lookup_or_compile_dt;compile_decomposed;lookup_or_compile_dt;compile_dt;compile_dt;compile_decomposed;conjoin_relevant_lits;get_and_node;asm_exc_page_fault;exc_page_fault;do_user_addr_fault;handle_mm_fault;__handle_mm_fault;wp_page_copy;__cgroup_throttle_swaprate;blk_cgroup_congested
     1.08%     0.00%  c2d      c2d                   [.] compile_dt
0.28% compile_dt;compile_dt;compile_decomposed;conjoin_nnfs_lits;conjoin_relevant_lits;get_and_node;asm_exc_page_fault;exc_page_fault;do_user_addr_fault;handle_mm_fault;__handle_mm_fault;do_huge_pmd_wp_page;__split_huge_pmd
0.27% compile_dt;compile_dt;compile_decomposed;lookup_or_compile_dt;compile_dt;compile_dt;compile_decomposed;lookup_or_compile_dt;compile_decomposed;lookup_or_compile_dt;compile_dt;compile_dt;compile_decomposed;lookup_or_compile_dt;compile_dt;compile_dt;compile_decomposed;lookup_or_compile_dt;compile_decomposed;lookup_or_compile_dt;compile_decomposed;lookup_or_compile_dt;compile_dt;compile_dt;compile_decomposed;lookup_or_compile_dt;compile_decomposed;lookup_or_compile_dt;compile_decomposed;lookup_or_compile_dt;compile_decomposed;lookup_or_compile_dt;compile_decomposed;lookup_or_compile_dt;compile_dt;decide_literal;set_literal
0.27% compile_dt;compile_dt;compile_decomposed;lookup_or_compile_dt;compile_dt;compile_dt;compile_decomposed;lookup_or_compile_dt;compile_decomposed;lookup_or_compile_dt;compile_decomposed;lookup_or_compile_dt;compile_decomposed;lookup_or_compile_dt;compile_decomposed;lookup_or_compile_dt;compile_decomposed;lookup_or_compile_dt;compile_dt;compile_dt;compile_decomposed;lookup_or_compile_dt;insert_cnf_cache;add_cache_entry;asm_exc_page_fault;exc_page_fault;do_user_addr_fault;handle_mm_fault;__handle_mm_fault;do_huge_pmd_wp_page;__split_huge_pmd
0.26% compile_dt;compile_dt;compile_decomposed;lookup_or_compile_dt;compile_decomposed;lookup_or_compile_dt;compile_decomposed;lookup_or_compile_dt;compile_decomposed;lookup_or_compile_dt;compile_decomposed;lookup_or_compile_dt;compile_decomposed;lookup_or_compile_dt;compile_decomposed;lookup_or_compile_dt;compile_dt;compile_dt;compile_dt;compile_decomposed;lookup_or_compile_dt;compile_decomposed;lookup_or_compile_dt;compile_decomposed;lookup_or_compile_dt;compile_decomposed;lookup_or_compile_dt;compile_decomposed;lookup_or_compile_dt;compile_decomposed;lookup_or_compile_dt;compile_dt;compile_dt;compile_decomposed;conjoin_relevant_lits;get_and_node;asm_exc_page_fault;exc_page_fault;do_user_addr_fault;handle_mm_fault;__handle_mm_fault;wp_page_copy;__cgroup_throttle_swaprate;blk_cgroup_congested
     1.08%     0.00%  c2d      c2d                   [.] compile_decomposed
0.28% compile_decomposed;conjoin_nnfs_lits;conjoin_relevant_lits;get_and_node;asm_exc_page_fault;exc_page_fault;do_user_addr_fault;handle_mm_fault;__handle_mm_fault;do_huge_pmd_wp_page;__split_huge_pmd
0.27% compile_decomposed;lookup_or_compile_dt;compile_dt;compile_dt;compile_decomposed;lookup_or_compile_dt;compile_decomposed;lookup_or_compile_dt;compile_dt;compile_dt;compile_decomposed;lookup_or_compile_dt;compile_dt;compile_dt;compile_decomposed;lookup_or_compile_dt;compile_decomposed;lookup_or_compile_dt;compile_decomposed;lookup_or_compile_dt;compile_dt;compile_dt;compile_decomposed;lookup_or_compile_dt;compile_decomposed;lookup_or_compile_dt;compile_decomposed;lookup_or_compile_dt;compile_decomposed;lookup_or_compile_dt;compile_decomposed;lookup_or_compile_dt;compile_dt;decide_literal;set_literal
0.27% compile_decomposed;lookup_or_compile_dt;compile_dt;compile_dt;compile_decomposed;lookup_or_compile_dt;compile_decomposed;lookup_or_compile_dt;compile_decomposed;lookup_or_compile_dt;compile_decomposed;lookup_or_compile_dt;compile_decomposed;lookup_or_compile_dt;compile_decomposed;lookup_or_compile_dt;compile_dt;compile_dt;compile_decomposed;lookup_or_compile_dt;insert_cnf_cache;add_cache_entry;asm_exc_page_fault;exc_page_fault;do_user_addr_fault;handle_mm_fault;__handle_mm_fault;do_huge_pmd_wp_page;__split_huge_pmd
0.26% compile_decomposed;lookup_or_compile_dt;compile_decomposed;lookup_or_compile_dt;compile_decomposed;lookup_or_compile_dt;compile_decomposed;lookup_or_compile_dt;compile_decomposed;lookup_or_compile_dt;compile_decomposed;lookup_or_compile_dt;compile_decomposed;lookup_or_compile_dt;compile_dt;compile_dt;compile_dt;compile_decomposed;lookup_or_compile_dt;compile_decomposed;lookup_or_compile_dt;compile_decomposed;lookup_or_compile_dt;compile_decomposed;lookup_or_compile_dt;compile_decomposed;lookup_or_compile_dt;compile_decomposed;lookup_or_compile_dt;compile_dt;compile_dt;compile_decomposed;conjoin_relevant_lits;get_and_node;asm_exc_page_fault;exc_page_fault;do_user_addr_fault;handle_mm_fault;__handle_mm_fault;wp_page_copy;__cgroup_throttle_swaprate;blk_cgroup_congested
     0.92%     0.00%  c2d      [kernel.kallsyms]     [k] __x64_sys_exit_group
0.61% __x64_sys_exit_group;do_group_exit;do_exit;__mmput;exit_mmap;unmap_vmas;unmap_page_range;_compound_head
0.31% __x64_sys_exit_group;do_group_exit;do_exit;__mmput;exit_mmap;tlb_finish_mmu;tlb_batch_pages_flush;release_pages;free_unref_page_list
     0.92%     0.00%  c2d      [kernel.kallsyms]     [k] do_group_exit
0.61% do_group_exit;do_exit;__mmput;exit_mmap;unmap_vmas;unmap_page_range;_compound_head
0.31% do_group_exit;do_exit;__mmput;exit_mmap;tlb_finish_mmu;tlb_batch_pages_flush;release_pages;free_unref_page_list
     0.92%     0.00%  c2d      [kernel.kallsyms]     [k] do_exit
0.61% do_exit;__mmput;exit_mmap;unmap_vmas;unmap_page_range;_compound_head
0.31% do_exit;__mmput;exit_mmap;tlb_finish_mmu;tlb_batch_pages_flush;release_pages;free_unref_page_list
     0.92%     0.00%  c2d      [kernel.kallsyms]     [k] __mmput
0.61% __mmput;exit_mmap;unmap_vmas;unmap_page_range;_compound_head
0.31% __mmput;exit_mmap;tlb_finish_mmu;tlb_batch_pages_flush;release_pages;free_unref_page_list
     0.92%     0.00%  c2d      [kernel.kallsyms]     [k] exit_mmap
0.61% exit_mmap;unmap_vmas;unmap_page_range;_compound_head
0.31% exit_mmap;tlb_finish_mmu;tlb_batch_pages_flush;release_pages;free_unref_page_list
     0.92%     0.00%  c2d      [kernel.kallsyms]     [k] unmap_vmas
0.61% unmap_vmas;unmap_page_range;_compound_head
0.31% unmap_vmas;unmap_page_range;vm_normal_page
     0.92%     0.00%  c2d      [kernel.kallsyms]     [k] unmap_page_range
0.61% unmap_page_range;_compound_head
0.31% unmap_page_range;vm_normal_page
     0.90%     0.90%  c2d      [kernel.kallsyms]     [k] __irqentry_text_end
0.90% 0x7fad4a54724a;main;cnf2ddnnf_cmd_line;free_cache_manager;__irqentry_text_end
     0.81%     0.00%  c2d      ld-linux-x86-64.so.2  [.] 0x00007fad4aa57c99
0.28% 0x7fad4aa57c99;0x7fad4aa48496
0.27% 0x7fad4aa57c99;0x7fad4aa48309
0.26% 0x7fad4aa57c99;0x7fad4aa4835a
     0.80%     0.00%  c2d      c2d                   [.] lookup_or_compile_dt
0.27% lookup_or_compile_dt;compile_dt;compile_dt;compile_decomposed;lookup_or_compile_dt;compile_decomposed;lookup_or_compile_dt;compile_dt;compile_dt;compile_decomposed;lookup_or_compile_dt;compile_dt;compile_dt;compile_decomposed;lookup_or_compile_dt;compile_decomposed;lookup_or_compile_dt;compile_decomposed;lookup_or_compile_dt;compile_dt;compile_dt;compile_decomposed;lookup_or_compile_dt;compile_decomposed;lookup_or_compile_dt;compile_decomposed;lookup_or_compile_dt;compile_decomposed;lookup_or_compile_dt;compile_decomposed;lookup_or_compile_dt;compile_dt;decide_literal;set_literal
0.27% lookup_or_compile_dt;compile_dt;compile_dt;compile_decomposed;lookup_or_compile_dt;compile_decomposed;lookup_or_compile_dt;compile_decomposed;lookup_or_compile_dt;compile_decomposed;lookup_or_compile_dt;compile_decomposed;lookup_or_compile_dt;compile_decomposed;lookup_or_compile_dt;compile_dt;compile_dt;compile_decomposed;lookup_or_compile_dt;insert_cnf_cache;add_cache_entry;asm_exc_page_fault;exc_page_fault;do_user_addr_fault;handle_mm_fault;__handle_mm_fault;do_huge_pmd_wp_page;__split_huge_pmd
0.26% lookup_or_compile_dt;compile_decomposed;lookup_or_compile_dt;compile_decomposed;lookup_or_compile_dt;compile_decomposed;lookup_or_compile_dt;compile_decomposed;lookup_or_compile_dt;compile_decomposed;lookup_or_compile_dt;compile_decomposed;lookup_or_compile_dt;compile_dt;compile_dt;compile_dt;compile_decomposed;lookup_or_compile_dt;compile_decomposed;lookup_or_compile_dt;compile_decomposed;lookup_or_compile_dt;compile_decomposed;lookup_or_compile_dt;compile_decomposed;lookup_or_compile_dt;compile_decomposed;lookup_or_compile_dt;compile_dt;compile_dt;compile_decomposed;conjoin_relevant_lits;get_and_node;asm_exc_page_fault;exc_page_fault;do_user_addr_fault;handle_mm_fault;__handle_mm_fault;wp_page_copy;__cgroup_throttle_swaprate;blk_cgroup_congested
     0.61%     0.00%  c2d      [kernel.kallsyms]     [k] do_huge_pmd_anonymous_page
0.31% do_huge_pmd_anonymous_page;pte_alloc_one;__alloc_pages;should_fail_alloc_page
0.31% do_huge_pmd_anonymous_page;pte_alloc_one;__alloc_pages;__memcg_kmem_charge_page;memcg_account_kmem;mod_memcg_state;__mod_memcg_state
     0.61%     0.00%  c2d      [kernel.kallsyms]     [k] pte_alloc_one
0.31% pte_alloc_one;__alloc_pages;should_fail_alloc_page
0.31% pte_alloc_one;__alloc_pages;__memcg_kmem_charge_page;memcg_account_kmem;mod_memcg_state;__mod_memcg_state
     0.61%     0.00%  c2d      [kernel.kallsyms]     [k] __alloc_pages
0.31% __alloc_pages;should_fail_alloc_page
0.31% __alloc_pages;__memcg_kmem_charge_page;memcg_account_kmem;mod_memcg_state;__mod_memcg_state
     0.61%     0.61%  c2d      [kernel.kallsyms]     [k] _compound_head
0.61% entry_SYSCALL_64_after_hwframe;do_syscall_64;__x64_sys_exit_group;do_group_exit;do_exit;__mmput;exit_mmap;unmap_vmas;unmap_page_range;_compound_head
     0.60%     0.00%  c2d      libc.so.6             [.] read
0.29% read;entry_SYSCALL_64_after_hwframe;do_syscall_64;ksys_read;vfs_read;xfs_file_read_iter;xfs_file_buffered_read;filemap_read;filemap_get_pages;folio_wait_bit_common;io_schedule;schedule;__schedule;__perf_event_task_sched_out
0.25% read;entry_SYSCALL_64_after_hwframe;do_syscall_64;ksys_read;vfs_read;xfs_file_read_iter;xfs_file_buffered_read;filemap_read;filemap_get_pages;page_cache_ra_order;read_pages;blk_finish_plug;__blk_flush_plug;blk_mq_flush_plug_list.part.0;blk_mq_sched_insert_requests;__blk_mq_run_hw_queue;blk_mq_sched_dispatch_requests;__blk_mq_sched_dispatch_requests;blk_mq_do_dispatch_sched;blk_mq_dispatch_rq_list;scsi_queue_rq;ata_scsi_queuecmd;__ata_scsi_queuecmd;ata_qc_issue;dma_map_sg_attrs;__dma_map_sg_attrs;iommu_dma_map_sg
0.04% read;entry_SYSCALL_64_after_hwframe;do_syscall_64;ksys_read;vfs_read;xfs_file_read_iter;xfs_file_buffered_read;filemap_read;copy_page_to_iter;_copy_to_iter;copy_user_generic_string
0.01% read;entry_SYSCALL_64_after_hwframe;do_syscall_64;ksys_read;vfs_read;xfs_file_read_iter;xfs_file_buffered_read;filemap_read;filemap_get_pages;folio_wait_bit_common;io_schedule;schedule;__schedule;finish_task_switch.isra.0;__perf_event_task_sched_in;__intel_pmu_enable_all.constprop.0;native_write_msr
     0.60%     0.00%  c2d      [kernel.kallsyms]     [k] ksys_read
0.29% ksys_read;vfs_read;xfs_file_read_iter;xfs_file_buffered_read;filemap_read;filemap_get_pages;folio_wait_bit_common;io_schedule;schedule;__schedule;__perf_event_task_sched_out
0.25% ksys_read;vfs_read;xfs_file_read_iter;xfs_file_buffered_read;filemap_read;filemap_get_pages;page_cache_ra_order;read_pages;blk_finish_plug;__blk_flush_plug;blk_mq_flush_plug_list.part.0;blk_mq_sched_insert_requests;__blk_mq_run_hw_queue;blk_mq_sched_dispatch_requests;__blk_mq_sched_dispatch_requests;blk_mq_do_dispatch_sched;blk_mq_dispatch_rq_list;scsi_queue_rq;ata_scsi_queuecmd;__ata_scsi_queuecmd;ata_qc_issue;dma_map_sg_attrs;__dma_map_sg_attrs;iommu_dma_map_sg
0.04% ksys_read;vfs_read;xfs_file_read_iter;xfs_file_buffered_read;filemap_read;copy_page_to_iter;_copy_to_iter;copy_user_generic_string
0.01% ksys_read;vfs_read;xfs_file_read_iter;xfs_file_buffered_read;filemap_read;filemap_get_pages;folio_wait_bit_common;io_schedule;schedule;__schedule;finish_task_switch.isra.0;__perf_event_task_sched_in;__intel_pmu_enable_all.constprop.0;native_write_msr
     0.60%     0.00%  c2d      [kernel.kallsyms]     [k] vfs_read
0.29% vfs_read;xfs_file_read_iter;xfs_file_buffered_read;filemap_read;filemap_get_pages;folio_wait_bit_common;io_schedule;schedule;__schedule;__perf_event_task_sched_out
0.25% vfs_read;xfs_file_read_iter;xfs_file_buffered_read;filemap_read;filemap_get_pages;page_cache_ra_order;read_pages;blk_finish_plug;__blk_flush_plug;blk_mq_flush_plug_list.part.0;blk_mq_sched_insert_requests;__blk_mq_run_hw_queue;blk_mq_sched_dispatch_requests;__blk_mq_sched_dispatch_requests;blk_mq_do_dispatch_sched;blk_mq_dispatch_rq_list;scsi_queue_rq;ata_scsi_queuecmd;__ata_scsi_queuecmd;ata_qc_issue;dma_map_sg_attrs;__dma_map_sg_attrs;iommu_dma_map_sg
0.04% vfs_read;xfs_file_read_iter;xfs_file_buffered_read;filemap_read;copy_page_to_iter;_copy_to_iter;copy_user_generic_string
0.01% vfs_read;xfs_file_read_iter;xfs_file_buffered_read;filemap_read;filemap_get_pages;folio_wait_bit_common;io_schedule;schedule;__schedule;finish_task_switch.isra.0;__perf_event_task_sched_in;__intel_pmu_enable_all.constprop.0;native_write_msr
     0.60%     0.00%  c2d      [xfs]                 [k] xfs_file_read_iter
0.29% xfs_file_read_iter;xfs_file_buffered_read;filemap_read;filemap_get_pages;folio_wait_bit_common;io_schedule;schedule;__schedule;__perf_event_task_sched_out
0.25% xfs_file_read_iter;xfs_file_buffered_read;filemap_read;filemap_get_pages;page_cache_ra_order;read_pages;blk_finish_plug;__blk_flush_plug;blk_mq_flush_plug_list.part.0;blk_mq_sched_insert_requests;__blk_mq_run_hw_queue;blk_mq_sched_dispatch_requests;__blk_mq_sched_dispatch_requests;blk_mq_do_dispatch_sched;blk_mq_dispatch_rq_list;scsi_queue_rq;ata_scsi_queuecmd;__ata_scsi_queuecmd;ata_qc_issue;dma_map_sg_attrs;__dma_map_sg_attrs;iommu_dma_map_sg
0.04% xfs_file_read_iter;xfs_file_buffered_read;filemap_read;copy_page_to_iter;_copy_to_iter;copy_user_generic_string
0.01% xfs_file_read_iter;xfs_file_buffered_read;filemap_read;filemap_get_pages;folio_wait_bit_common;io_schedule;schedule;__schedule;finish_task_switch.isra.0;__perf_event_task_sched_in;__intel_pmu_enable_all.constprop.0;native_write_msr
     0.60%     0.00%  c2d      [xfs]                 [k] xfs_file_buffered_read
0.29% xfs_file_buffered_read;filemap_read;filemap_get_pages;folio_wait_bit_common;io_schedule;schedule;__schedule;__perf_event_task_sched_out
0.25% xfs_file_buffered_read;filemap_read;filemap_get_pages;page_cache_ra_order;read_pages;blk_finish_plug;__blk_flush_plug;blk_mq_flush_plug_list.part.0;blk_mq_sched_insert_requests;__blk_mq_run_hw_queue;blk_mq_sched_dispatch_requests;__blk_mq_sched_dispatch_requests;blk_mq_do_dispatch_sched;blk_mq_dispatch_rq_list;scsi_queue_rq;ata_scsi_queuecmd;__ata_scsi_queuecmd;ata_qc_issue;dma_map_sg_attrs;__dma_map_sg_attrs;iommu_dma_map_sg
0.04% xfs_file_buffered_read;filemap_read;copy_page_to_iter;_copy_to_iter;copy_user_generic_string
0.01% xfs_file_buffered_read;filemap_read;filemap_get_pages;folio_wait_bit_common;io_schedule;schedule;__schedule;finish_task_switch.isra.0;__perf_event_task_sched_in;__intel_pmu_enable_all.constprop.0;native_write_msr
     0.60%     0.00%  c2d      [kernel.kallsyms]     [k] filemap_read
0.29% filemap_read;filemap_get_pages;folio_wait_bit_common;io_schedule;schedule;__schedule;__perf_event_task_sched_out
0.25% filemap_read;filemap_get_pages;page_cache_ra_order;read_pages;blk_finish_plug;__blk_flush_plug;blk_mq_flush_plug_list.part.0;blk_mq_sched_insert_requests;__blk_mq_run_hw_queue;blk_mq_sched_dispatch_requests;__blk_mq_sched_dispatch_requests;blk_mq_do_dispatch_sched;blk_mq_dispatch_rq_list;scsi_queue_rq;ata_scsi_queuecmd;__ata_scsi_queuecmd;ata_qc_issue;dma_map_sg_attrs;__dma_map_sg_attrs;iommu_dma_map_sg
0.04% filemap_read;copy_page_to_iter;_copy_to_iter;copy_user_generic_string
0.01% filemap_read;filemap_get_pages;folio_wait_bit_common;io_schedule;schedule;__schedule;finish_task_switch.isra.0;__perf_event_task_sched_in;__intel_pmu_enable_all.constprop.0;native_write_msr
     0.56%     0.00%  c2d      [kernel.kallsyms]     [k] filemap_get_pages
0.29% filemap_get_pages;folio_wait_bit_common;io_schedule;schedule;__schedule;__perf_event_task_sched_out
0.25% filemap_get_pages;page_cache_ra_order;read_pages;blk_finish_plug;__blk_flush_plug;blk_mq_flush_plug_list.part.0;blk_mq_sched_insert_requests;__blk_mq_run_hw_queue;blk_mq_sched_dispatch_requests;__blk_mq_sched_dispatch_requests;blk_mq_do_dispatch_sched;blk_mq_dispatch_rq_list;scsi_queue_rq;ata_scsi_queuecmd;__ata_scsi_queuecmd;ata_qc_issue;dma_map_sg_attrs;__dma_map_sg_attrs;iommu_dma_map_sg
0.01% filemap_get_pages;folio_wait_bit_common;io_schedule;schedule;__schedule;finish_task_switch.isra.0;__perf_event_task_sched_in;__intel_pmu_enable_all.constprop.0;native_write_msr
     0.55%     0.00%  c2d      [kernel.kallsyms]     [k] do_mas_munmap
0.31% do_mas_munmap;do_mas_align_munmap;unmap_region;unmap_vmas;unmap_page_range;vm_normal_page
0.24% do_mas_munmap;do_mas_align_munmap;mas_store_prealloc;mas_wr_spanning_store.isra.0;mas_spanning_rebalance.isra.0;mast_topiary
     0.55%     0.00%  c2d      [kernel.kallsyms]     [k] do_mas_align_munmap
0.31% do_mas_align_munmap;unmap_region;unmap_vmas;unmap_page_range;vm_normal_page
0.24% do_mas_align_munmap;mas_store_prealloc;mas_wr_spanning_store.isra.0;mas_spanning_rebalance.isra.0;mast_topiary
     0.54%     0.27%  c2d      [kernel.kallsyms]     [k] __split_huge_pmd
0.28% __split_huge_pmd
0.27% 0x7fad4a54724a;main;cnf2ddnnf_cmd_line;compile_cnf;compile_dt;compile_dt;compile_decomposed;lookup_or_compile_dt;compile_dt;compile_dt;compile_decomposed;lookup_or_compile_dt;compile_decomposed;lookup_or_compile_dt;compile_decomposed;lookup_or_compile_dt;compile_decomposed;lookup_or_compile_dt;compile_decomposed;lookup_or_compile_dt;compile_decomposed;lookup_or_compile_dt;compile_dt;compile_dt;compile_decomposed;lookup_or_compile_dt;insert_cnf_cache;add_cache_entry;asm_exc_page_fault;exc_page_fault;do_user_addr_fault;handle_mm_fault;__handle_mm_fault;do_huge_pmd_wp_page;__split_huge_pmd
     0.54%     0.00%  c2d      [kernel.kallsyms]     [k] do_huge_pmd_wp_page
0.54% do_huge_pmd_wp_page;__split_huge_pmd
     0.54%     0.00%  c2d      c2d                   [.] conjoin_relevant_lits
0.28% conjoin_relevant_lits;get_and_node;asm_exc_page_fault;exc_page_fault;do_user_addr_fault;handle_mm_fault;__handle_mm_fault;do_huge_pmd_wp_page;__split_huge_pmd
0.26% conjoin_relevant_lits;get_and_node;asm_exc_page_fault;exc_page_fault;do_user_addr_fault;handle_mm_fault;__handle_mm_fault;wp_page_copy;__cgroup_throttle_swaprate;blk_cgroup_congested
     0.54%     0.00%  c2d      c2d                   [.] get_and_node
0.28% get_and_node;asm_exc_page_fault;exc_page_fault;do_user_addr_fault;handle_mm_fault;__handle_mm_fault;do_huge_pmd_wp_page;__split_huge_pmd
0.26% get_and_node;asm_exc_page_fault;exc_page_fault;do_user_addr_fault;handle_mm_fault;__handle_mm_fault;wp_page_copy;__cgroup_throttle_swaprate;blk_cgroup_congested
     0.54%     0.54%  c2d      [kernel.kallsyms]     [k] mtree_range_walk
0.31% 0x7fad4a54724a;main;cnf2ddnnf_cmd_line;free_cache_manager;asm_exc_page_fault;exc_page_fault;do_user_addr_fault;lock_mm_and_find_vma;find_vma;mt_find;mtree_range_walk
0.23% 0x7fad4aa6d8a8;0x7fad4aa42075;0x7fad4aa40da9;asm_exc_page_fault;exc_page_fault;do_user_addr_fault;lock_mm_and_find_vma;find_vma;mt_find;mtree_range_walk
     0.54%     0.00%  c2d      [kernel.kallsyms]     [k] lock_mm_and_find_vma
0.54% lock_mm_and_find_vma;find_vma;mt_find;mtree_range_walk
     0.54%     0.00%  c2d      [kernel.kallsyms]     [k] find_vma
0.54% find_vma;mt_find;mtree_range_walk
     0.54%     0.00%  c2d      [kernel.kallsyms]     [k] mt_find
0.54% mt_find;mtree_range_walk
     0.47%     0.00%  c2d      [unknown]             [k] 0x00007fad4aa6d8a8
0.24% 0x7fad4aa6d8a8;0x7fad4aa42075;0x7fad4aa5aae3;entry_SYSCALL_64_after_hwframe;do_syscall_64;ksys_mmap_pgoff;vm_mmap_pgoff;do_mmap;mmap_region;do_mas_munmap;do_mas_align_munmap;mas_store_prealloc;mas_wr_spanning_store.isra.0;mas_spanning_rebalance.isra.0;mast_topiary
0.23% 0x7fad4aa6d8a8;0x7fad4aa42075;0x7fad4aa40da9;asm_exc_page_fault;exc_page_fault;do_user_addr_fault;lock_mm_and_find_vma;find_vma;mt_find;mtree_range_walk
     0.47%     0.00%  c2d      ld-linux-x86-64.so.2  [.] 0x00007fad4aa42075
0.24% 0x7fad4aa42075;0x7fad4aa5aae3;entry_SYSCALL_64_after_hwframe;do_syscall_64;ksys_mmap_pgoff;vm_mmap_pgoff;do_mmap;mmap_region;do_mas_munmap;do_mas_align_munmap;mas_store_prealloc;mas_wr_spanning_store.isra.0;mas_spanning_rebalance.isra.0;mast_topiary
0.23% 0x7fad4aa42075;0x7fad4aa40da9;asm_exc_page_fault;exc_page_fault;do_user_addr_fault;lock_mm_and_find_vma;find_vma;mt_find;mtree_range_walk
     0.31%     0.31%  c2d      [kernel.kallsyms]     [k] should_fail_alloc_page
0.31% 0x7fad4a54724a;main;cnf2ddnnf_cmd_line;free_cache_manager;asm_exc_page_fault;exc_page_fault;do_user_addr_fault;handle_mm_fault;__handle_mm_fault;do_huge_pmd_anonymous_page;pte_alloc_one;__alloc_pages;should_fail_alloc_page
     0.31%     0.31%  c2d      [kernel.kallsyms]     [k] free_unref_page_list
0.31% entry_SYSCALL_64_after_hwframe;do_syscall_64;__x64_sys_exit_group;do_group_exit;do_exit;__mmput;exit_mmap;tlb_finish_mmu;tlb_batch_pages_flush;release_pages;free_unref_page_list
     0.31%     0.00%  c2d      [kernel.kallsyms]     [k] tlb_finish_mmu
0.31% tlb_finish_mmu;tlb_batch_pages_flush;release_pages;free_unref_page_list
     0.31%     0.00%  c2d      [kernel.kallsyms]     [k] tlb_batch_pages_flush
0.31% tlb_batch_pages_flush;release_pages;free_unref_page_list
     0.31%     0.00%  c2d      [kernel.kallsyms]     [k] release_pages
0.31% release_pages;free_unref_page_list
     0.31%     0.31%  c2d      [kernel.kallsyms]     [k] vm_normal_page
0.31% __munmap;entry_SYSCALL_64_after_hwframe;do_syscall_64;__x64_sys_munmap;__vm_munmap;do_mas_munmap;do_mas_align_munmap;unmap_region;unmap_vmas;unmap_page_range;vm_normal_page
     0.31%     0.00%  c2d      libc.so.6             [.] __munmap
0.31% __munmap;entry_SYSCALL_64_after_hwframe;do_syscall_64;__x64_sys_munmap;__vm_munmap;do_mas_munmap;do_mas_align_munmap;unmap_region;unmap_vmas;unmap_page_range;vm_normal_page
     0.31%     0.00%  c2d      [kernel.kallsyms]     [k] __x64_sys_munmap
0.31% __x64_sys_munmap;__vm_munmap;do_mas_munmap;do_mas_align_munmap;unmap_region;unmap_vmas;unmap_page_range;vm_normal_page
     0.31%     0.00%  c2d      [kernel.kallsyms]     [k] __vm_munmap
0.31% __vm_munmap;do_mas_munmap;do_mas_align_munmap;unmap_region;unmap_vmas;unmap_page_range;vm_normal_page
     0.31%     0.00%  c2d      [kernel.kallsyms]     [k] unmap_region
0.31% unmap_region;unmap_vmas;unmap_page_range;vm_normal_page
     0.31%     0.31%  c2d      [kernel.kallsyms]     [k] error_entry
0.31% 0x7fad4a54724a;main;cnf2ddnnf_cmd_line;free_cache_manager;error_entry
     0.31%     0.31%  c2d      c2d                   [.] free_cnf_manager
0.31% 0x7fad4a54724a;main;cnf2ddnnf_cmd_line;free_cnf_manager
     0.31%     0.00%  c2d      [kernel.kallsyms]     [k] folio_wait_bit_common
0.29% folio_wait_bit_common;io_schedule;schedule;__schedule;__perf_event_task_sched_out
0.01% folio_wait_bit_common;io_schedule;schedule;__schedule;finish_task_switch.isra.0;__perf_event_task_sched_in;__intel_pmu_enable_all.constprop.0;native_write_msr
     0.31%     0.00%  c2d      [kernel.kallsyms]     [k] io_schedule
0.29% io_schedule;schedule;__schedule;__perf_event_task_sched_out
0.01% io_schedule;schedule;__schedule;finish_task_switch.isra.0;__perf_event_task_sched_in;__intel_pmu_enable_all.constprop.0;native_write_msr
     0.31%     0.00%  c2d      [kernel.kallsyms]     [k] schedule
0.29% schedule;__schedule;__perf_event_task_sched_out
0.01% schedule;__schedule;finish_task_switch.isra.0;__perf_event_task_sched_in;__intel_pmu_enable_all.constprop.0;native_write_msr
     0.31%     0.00%  c2d      [kernel.kallsyms]     [k] __schedule
0.29% __schedule;__perf_event_task_sched_out
0.01% __schedule;finish_task_switch.isra.0;__perf_event_task_sched_in;__intel_pmu_enable_all.constprop.0;native_write_msr
     0.31%     0.31%  c2d      [kernel.kallsyms]     [k] __mod_memcg_state
0.31% 0x7fad4a54724a;main;cnf2ddnnf_cmd_line;free_cache_manager;asm_exc_page_fault;exc_page_fault;do_user_addr_fault;handle_mm_fault;__handle_mm_fault;do_huge_pmd_anonymous_page;pte_alloc_one;__alloc_pages;__memcg_kmem_charge_page;memcg_account_kmem;mod_memcg_state;__mod_memcg_state
     0.31%     0.00%  c2d      [kernel.kallsyms]     [k] __memcg_kmem_charge_page
0.31% __memcg_kmem_charge_page;memcg_account_kmem;mod_memcg_state;__mod_memcg_state
     0.31%     0.00%  c2d      [kernel.kallsyms]     [k] memcg_account_kmem
0.31% memcg_account_kmem;mod_memcg_state;__mod_memcg_state
     0.31%     0.00%  c2d      [kernel.kallsyms]     [k] mod_memcg_state
0.31% mod_memcg_state;__mod_memcg_state
     0.29%     0.29%  c2d      [kernel.kallsyms]     [k] __perf_event_task_sched_out
0.29% 0;read;entry_SYSCALL_64_after_hwframe;do_syscall_64;ksys_read;vfs_read;xfs_file_read_iter;xfs_file_buffered_read;filemap_read;filemap_get_pages;folio_wait_bit_common;io_schedule;schedule;__schedule;__perf_event_task_sched_out
     0.29%     0.29%  c2d      ld-linux-x86-64.so.2  [.] 0x0000000000009947
0.29% 0;printf;0x7fad4aa4394a
     0.29%     0.00%  c2d      libc.so.6             [.] printf
0.29% printf;0x7fad4aa4394a
     0.29%     0.00%  c2d      ld-linux-x86-64.so.2  [.] 0x00007fad4aa4394a
0.29% 0x7fad4aa4394a
     0.29%     0.29%  c2d      ld-linux-x86-64.so.2  [.] 0x0000000000009986
0.29% 0xc8380;std::codecvt<char, char, __mbstate_t>::codecvt;0x7fad4aa43960
     0.29%     0.00%  c2d      [unknown]             [.] 0x00000000000c8380
0.29% 0xc8380;std::codecvt<char, char, __mbstate_t>::codecvt;0x7fad4aa43960
     0.29%     0.00%  c2d      libstdc++.so.6.0.30   [.] std::codecvt<char, char, __mbstate_t>::codecvt
0.29% std::codecvt<char, char, __mbstate_t>::codecvt;0x7fad4aa43960
     0.29%     0.00%  c2d      ld-linux-x86-64.so.2  [.] 0x00007fad4aa43960
0.29% 0x7fad4aa43960
     0.29%     0.29%  c2d      [kernel.kallsyms]     [k] next_uptodate_page
0.29% 0x7fad4aa54a58;0x7fad4aa5422f;0x7fad4a5ab980;asm_exc_page_fault;exc_page_fault;do_user_addr_fault;handle_mm_fault;__handle_mm_fault;do_fault;filemap_map_pages;next_uptodate_page
     0.29%     0.00%  c2d      libc.so.6             [.] 0x00007fad4a5ab980
0.29% 0x7fad4a5ab980;asm_exc_page_fault;exc_page_fault;do_user_addr_fault;handle_mm_fault;__handle_mm_fault;do_fault;filemap_map_pages;next_uptodate_page
     0.29%     0.00%  c2d      [kernel.kallsyms]     [k] do_fault
0.29% do_fault;filemap_map_pages;next_uptodate_page
     0.29%     0.00%  c2d      [kernel.kallsyms]     [k] filemap_map_pages
0.29% filemap_map_pages;next_uptodate_page
     0.28%     0.28%  c2d      ld-linux-x86-64.so.2  [.] 0x0000000000009bb0
0.28% 0x2195c0;0x7fad4a87a758;0x7fad4aa43bb3
     0.28%     0.00%  c2d      [unknown]             [.] 0x00000000002195c0
0.28% 0x2195c0;0x7fad4a87a758;0x7fad4aa43bb3
     0.28%     0.00%  c2d      [unknown]             [.] 0x00007fad4a87a758
0.28% 0x7fad4a87a758;0x7fad4aa43bb3
     0.28%     0.00%  c2d      ld-linux-x86-64.so.2  [.] 0x00007fad4aa43bb3
0.28% 0x7fad4aa43bb3
     0.28%     0.28%  c2d      [kernel.kallsyms]     [k] native_set_pte
0.28% 0x7fad4a54724a;main;cnf2ddnnf_cmd_line;compile_cnf;compile_dt;compile_dt;compile_decomposed;conjoin_nnfs_lits;conjoin_relevant_lits;get_and_node;asm_exc_page_fault;exc_page_fault;do_user_addr_fault;handle_mm_fault;__handle_mm_fault;do_huge_pmd_wp_page;__split_huge_pmd
     0.28%     0.00%  c2d      c2d                   [.] conjoin_nnfs_lits
0.28% conjoin_nnfs_lits;conjoin_relevant_lits;get_and_node;asm_exc_page_fault;exc_page_fault;do_user_addr_fault;handle_mm_fault;__handle_mm_fault;do_huge_pmd_wp_page;__split_huge_pmd
     0.28%     0.28%  c2d      ld-linux-x86-64.so.2  [.] 0x000000000000e492
0.28% 0x7fad4aa54a58;0x7fad4aa5422f;0x7fad4aa57c99;0x7fad4aa48496
     0.28%     0.00%  c2d      ld-linux-x86-64.so.2  [.] 0x00007fad4aa48496
0.28% 0x7fad4aa48496
     0.27%     0.27%  c2d      c2d                   [.] set_literal
0.27% 0x7fad4a54724a;main;cnf2ddnnf_cmd_line;compile_cnf;compile_dt;compile_dt;compile_decomposed;lookup_or_compile_dt;compile_dt;compile_dt;compile_decomposed;lookup_or_compile_dt;compile_decomposed;lookup_or_compile_dt;compile_dt;compile_dt;compile_decomposed;lookup_or_compile_dt;compile_dt;compile_dt;compile_decomposed;lookup_or_compile_dt;compile_decomposed;lookup_or_compile_dt;compile_decomposed;lookup_or_compile_dt;compile_dt;compile_dt;compile_decomposed;lookup_or_compile_dt;compile_decomposed;lookup_or_compile_dt;compile_decomposed;lookup_or_compile_dt;compile_decomposed;lookup_or_compile_dt;compile_decomposed;lookup_or_compile_dt;compile_dt;decide_literal;set_literal
     0.27%     0.00%  c2d      c2d                   [.] decide_literal
0.27% decide_literal;set_literal
     0.27%     0.27%  c2d      ld-linux-x86-64.so.2  [.] 0x000000000000e305
0.27% 0x7fad4aa54a58;0x7fad4aa5422f;0x7fad4aa57c99;0x7fad4aa48309
     0.27%     0.00%  c2d      ld-linux-x86-64.so.2  [.] 0x00007fad4aa48309
0.27% 0x7fad4aa48309
     0.27%     0.00%  c2d      c2d                   [.] insert_cnf_cache
0.27% insert_cnf_cache;add_cache_entry;asm_exc_page_fault;exc_page_fault;do_user_addr_fault;handle_mm_fault;__handle_mm_fault;do_huge_pmd_wp_page;__split_huge_pmd
     0.27%     0.00%  c2d      c2d                   [.] add_cache_entry
0.27% add_cache_entry;asm_exc_page_fault;exc_page_fault;do_user_addr_fault;handle_mm_fault;__handle_mm_fault;do_huge_pmd_wp_page;__split_huge_pmd
     0.26%     0.26%  c2d      ld-linux-x86-64.so.2  [.] 0x000000000000e354
0.26% 0x7fad4aa54a58;0x7fad4aa5422f;0x7fad4aa57c99;0x7fad4aa4835a
     0.26%     0.00%  c2d      ld-linux-x86-64.so.2  [.] 0x00007fad4aa4835a
0.26% 0x7fad4aa4835a
     0.26%     0.26%  c2d      [kernel.kallsyms]     [k] blk_cgroup_congested
0.26% 0x7fad4a54724a;main;cnf2ddnnf_cmd_line;compile_cnf;compile_dt;compile_dt;compile_decomposed;lookup_or_compile_dt;compile_decomposed;lookup_or_compile_dt;compile_decomposed;lookup_or_compile_dt;compile_decomposed;lookup_or_compile_dt;compile_decomposed;lookup_or_compile_dt;compile_decomposed;lookup_or_compile_dt;compile_decomposed;lookup_or_compile_dt;compile_dt;compile_dt;compile_dt;compile_decomposed;lookup_or_compile_dt;compile_decomposed;lookup_or_compile_dt;compile_decomposed;lookup_or_compile_dt;compile_decomposed;lookup_or_compile_dt;compile_decomposed;lookup_or_compile_dt;compile_decomposed;lookup_or_compile_dt;compile_dt;compile_dt;compile_decomposed;conjoin_relevant_lits;get_and_node;asm_exc_page_fault;exc_page_fault;do_user_addr_fault;handle_mm_fault;__handle_mm_fault;wp_page_copy;__cgroup_throttle_swaprate;blk_cgroup_congested
     0.26%     0.00%  c2d      [kernel.kallsyms]     [k] wp_page_copy
0.26% wp_page_copy;__cgroup_throttle_swaprate;blk_cgroup_congested
     0.26%     0.00%  c2d      [kernel.kallsyms]     [k] __cgroup_throttle_swaprate
0.26% __cgroup_throttle_swaprate;blk_cgroup_congested
     0.26%     0.26%  c2d      c2d                   [.] edges_intersection
0.26% 0x7fad4a54724a;main;cnf2ddnnf_cmd_line;load_hdtree_from_file;dtree_skeleton2hdtree;initialize_hdtree;initialize_hdtree;initialize_hdtree;initialize_hdtree;initialize_hdtree;initialize_hdtree;initialize_hdtree;initialize_hdtree;initialize_hdtree;initialize_hdtree;initialize_hdtree;initialize_hdtree;initialize_hdtree;initialize_hdtree;edges_intersection
     0.26%     0.00%  c2d      c2d                   [.] load_hdtree_from_file
0.26% load_hdtree_from_file;dtree_skeleton2hdtree;initialize_hdtree;initialize_hdtree;initialize_hdtree;initialize_hdtree;initialize_hdtree;initialize_hdtree;initialize_hdtree;initialize_hdtree;initialize_hdtree;initialize_hdtree;initialize_hdtree;initialize_hdtree;initialize_hdtree;initialize_hdtree;edges_intersection
     0.26%     0.00%  c2d      c2d                   [.] dtree_skeleton2hdtree
0.26% dtree_skeleton2hdtree;initialize_hdtree;initialize_hdtree;initialize_hdtree;initialize_hdtree;initialize_hdtree;initialize_hdtree;initialize_hdtree;initialize_hdtree;initialize_hdtree;initialize_hdtree;initialize_hdtree;initialize_hdtree;initialize_hdtree;initialize_hdtree;edges_intersection
     0.26%     0.00%  c2d      c2d                   [.] initialize_hdtree
0.26% initialize_hdtree;initialize_hdtree;initialize_hdtree;initialize_hdtree;initialize_hdtree;initialize_hdtree;initialize_hdtree;initialize_hdtree;initialize_hdtree;initialize_hdtree;initialize_hdtree;initialize_hdtree;initialize_hdtree;initialize_hdtree;edges_intersection
     0.26%     0.26%  c2d      ld-linux-x86-64.so.2  [.] 0x0000000000008dd6
0.26% 0x7fad4aa42dda
     0.26%     0.00%  c2d      ld-linux-x86-64.so.2  [.] 0x00007fad4aa42dda
0.26% 0x7fad4aa42dda
     0.25%     0.25%  c2d      libc.so.6             [.] cfree
0.25% 0x7fad4a54724a;main;cnf2ddnnf_cmd_line;free_hdtree;free_hdtree;free_hdtree;free_hdtree;free_hdtree;free_hdtree;free_hdtree;cfree
     0.25%     0.00%  c2d      c2d                   [.] free_hdtree
0.25% free_hdtree;free_hdtree;free_hdtree;free_hdtree;free_hdtree;free_hdtree;free_hdtree;cfree
     0.25%     0.25%  c2d      [kernel.kallsyms]     [k] iommu_dma_map_sg
0.25% 0;read;entry_SYSCALL_64_after_hwframe;do_syscall_64;ksys_read;vfs_read;xfs_file_read_iter;xfs_file_buffered_read;filemap_read;filemap_get_pages;page_cache_ra_order;read_pages;blk_finish_plug;__blk_flush_plug;blk_mq_flush_plug_list.part.0;blk_mq_sched_insert_requests;__blk_mq_run_hw_queue;blk_mq_sched_dispatch_requests;__blk_mq_sched_dispatch_requests;blk_mq_do_dispatch_sched;blk_mq_dispatch_rq_list;scsi_queue_rq;ata_scsi_queuecmd;__ata_scsi_queuecmd;ata_qc_issue;dma_map_sg_attrs;__dma_map_sg_attrs;iommu_dma_map_sg
     0.25%     0.00%  c2d      [kernel.kallsyms]     [k] page_cache_ra_order
0.25% page_cache_ra_order;read_pages;blk_finish_plug;__blk_flush_plug;blk_mq_flush_plug_list.part.0;blk_mq_sched_insert_requests;__blk_mq_run_hw_queue;blk_mq_sched_dispatch_requests;__blk_mq_sched_dispatch_requests;blk_mq_do_dispatch_sched;blk_mq_dispatch_rq_list;scsi_queue_rq;ata_scsi_queuecmd;__ata_scsi_queuecmd;ata_qc_issue;dma_map_sg_attrs;__dma_map_sg_attrs;iommu_dma_map_sg
     0.25%     0.00%  c2d      [kernel.kallsyms]     [k] read_pages
0.25% read_pages;blk_finish_plug;__blk_flush_plug;blk_mq_flush_plug_list.part.0;blk_mq_sched_insert_requests;__blk_mq_run_hw_queue;blk_mq_sched_dispatch_requests;__blk_mq_sched_dispatch_requests;blk_mq_do_dispatch_sched;blk_mq_dispatch_rq_list;scsi_queue_rq;ata_scsi_queuecmd;__ata_scsi_queuecmd;ata_qc_issue;dma_map_sg_attrs;__dma_map_sg_attrs;iommu_dma_map_sg
     0.25%     0.00%  c2d      [kernel.kallsyms]     [k] blk_finish_plug
0.25% blk_finish_plug;__blk_flush_plug;blk_mq_flush_plug_list.part.0;blk_mq_sched_insert_requests;__blk_mq_run_hw_queue;blk_mq_sched_dispatch_requests;__blk_mq_sched_dispatch_requests;blk_mq_do_dispatch_sched;blk_mq_dispatch_rq_list;scsi_queue_rq;ata_scsi_queuecmd;__ata_scsi_queuecmd;ata_qc_issue;dma_map_sg_attrs;__dma_map_sg_attrs;iommu_dma_map_sg
     0.25%     0.00%  c2d      [kernel.kallsyms]     [k] __blk_flush_plug
0.25% __blk_flush_plug;blk_mq_flush_plug_list.part.0;blk_mq_sched_insert_requests;__blk_mq_run_hw_queue;blk_mq_sched_dispatch_requests;__blk_mq_sched_dispatch_requests;blk_mq_do_dispatch_sched;blk_mq_dispatch_rq_list;scsi_queue_rq;ata_scsi_queuecmd;__ata_scsi_queuecmd;ata_qc_issue;dma_map_sg_attrs;__dma_map_sg_attrs;iommu_dma_map_sg
     0.25%     0.00%  c2d      [kernel.kallsyms]     [k] blk_mq_flush_plug_list.part.0
0.25% blk_mq_flush_plug_list.part.0;blk_mq_sched_insert_requests;__blk_mq_run_hw_queue;blk_mq_sched_dispatch_requests;__blk_mq_sched_dispatch_requests;blk_mq_do_dispatch_sched;blk_mq_dispatch_rq_list;scsi_queue_rq;ata_scsi_queuecmd;__ata_scsi_queuecmd;ata_qc_issue;dma_map_sg_attrs;__dma_map_sg_attrs;iommu_dma_map_sg
     0.25%     0.00%  c2d      [kernel.kallsyms]     [k] blk_mq_sched_insert_requests
0.25% blk_mq_sched_insert_requests;__blk_mq_run_hw_queue;blk_mq_sched_dispatch_requests;__blk_mq_sched_dispatch_requests;blk_mq_do_dispatch_sched;blk_mq_dispatch_rq_list;scsi_queue_rq;ata_scsi_queuecmd;__ata_scsi_queuecmd;ata_qc_issue;dma_map_sg_attrs;__dma_map_sg_attrs;iommu_dma_map_sg
     0.25%     0.00%  c2d      [kernel.kallsyms]     [k] __blk_mq_run_hw_queue
0.25% __blk_mq_run_hw_queue;blk_mq_sched_dispatch_requests;__blk_mq_sched_dispatch_requests;blk_mq_do_dispatch_sched;blk_mq_dispatch_rq_list;scsi_queue_rq;ata_scsi_queuecmd;__ata_scsi_queuecmd;ata_qc_issue;dma_map_sg_attrs;__dma_map_sg_attrs;iommu_dma_map_sg
     0.25%     0.00%  c2d      [kernel.kallsyms]     [k] blk_mq_sched_dispatch_requests
0.25% blk_mq_sched_dispatch_requests;__blk_mq_sched_dispatch_requests;blk_mq_do_dispatch_sched;blk_mq_dispatch_rq_list;scsi_queue_rq;ata_scsi_queuecmd;__ata_scsi_queuecmd;ata_qc_issue;dma_map_sg_attrs;__dma_map_sg_attrs;iommu_dma_map_sg
     0.25%     0.00%  c2d      [kernel.kallsyms]     [k] __blk_mq_sched_dispatch_requests
0.25% __blk_mq_sched_dispatch_requests;blk_mq_do_dispatch_sched;blk_mq_dispatch_rq_list;scsi_queue_rq;ata_scsi_queuecmd;__ata_scsi_queuecmd;ata_qc_issue;dma_map_sg_attrs;__dma_map_sg_attrs;iommu_dma_map_sg
     0.25%     0.00%  c2d      [kernel.kallsyms]     [k] blk_mq_do_dispatch_sched
0.25% blk_mq_do_dispatch_sched;blk_mq_dispatch_rq_list;scsi_queue_rq;ata_scsi_queuecmd;__ata_scsi_queuecmd;ata_qc_issue;dma_map_sg_attrs;__dma_map_sg_attrs;iommu_dma_map_sg
     0.25%     0.00%  c2d      [kernel.kallsyms]     [k] blk_mq_dispatch_rq_list
0.25% blk_mq_dispatch_rq_list;scsi_queue_rq;ata_scsi_queuecmd;__ata_scsi_queuecmd;ata_qc_issue;dma_map_sg_attrs;__dma_map_sg_attrs;iommu_dma_map_sg
     0.25%     0.00%  c2d      [scsi_mod]            [k] scsi_queue_rq
0.25% scsi_queue_rq;ata_scsi_queuecmd;__ata_scsi_queuecmd;ata_qc_issue;dma_map_sg_attrs;__dma_map_sg_attrs;iommu_dma_map_sg
     0.25%     0.00%  c2d      [libata]              [k] ata_scsi_queuecmd
0.25% ata_scsi_queuecmd;__ata_scsi_queuecmd;ata_qc_issue;dma_map_sg_attrs;__dma_map_sg_attrs;iommu_dma_map_sg
     0.25%     0.00%  c2d      [libata]              [k] __ata_scsi_queuecmd
0.25% __ata_scsi_queuecmd;ata_qc_issue;dma_map_sg_attrs;__dma_map_sg_attrs;iommu_dma_map_sg
     0.25%     0.00%  c2d      [libata]              [k] ata_qc_issue
0.25% ata_qc_issue;dma_map_sg_attrs;__dma_map_sg_attrs;iommu_dma_map_sg
     0.25%     0.00%  c2d      [kernel.kallsyms]     [k] dma_map_sg_attrs
0.25% dma_map_sg_attrs;__dma_map_sg_attrs;iommu_dma_map_sg
     0.25%     0.00%  c2d      [kernel.kallsyms]     [k] __dma_map_sg_attrs
0.25% __dma_map_sg_attrs;iommu_dma_map_sg
     0.25%     0.25%  c2d      c2d                   [.] hdtree_sizes_max
0.25% 0x7fad4a54724a;main;cnf2ddnnf_cmd_line;construct_dtree_manager;hdtree_sizes_max;hdtree_sizes_max;hdtree_sizes_max;hdtree_sizes_max;hdtree_sizes_max;hdtree_sizes_max;hdtree_sizes_max;hdtree_sizes_max;hdtree_sizes_max;hdtree_sizes_max;hdtree_sizes_max;hdtree_sizes_max;hdtree_sizes_max;hdtree_sizes_max
     0.25%     0.00%  c2d      c2d                   [.] construct_dtree_manager
0.25% construct_dtree_manager;hdtree_sizes_max;hdtree_sizes_max;hdtree_sizes_max;hdtree_sizes_max;hdtree_sizes_max;hdtree_sizes_max;hdtree_sizes_max;hdtree_sizes_max;hdtree_sizes_max;hdtree_sizes_max;hdtree_sizes_max;hdtree_sizes_max;hdtree_sizes_max;hdtree_sizes_max
     0.25%     0.25%  c2d      ld-linux-x86-64.so.2  [.] 0x0000000000012378
0.25% 0;0x7fad4aa38140;0x7fad4aa4c37f
     0.25%     0.00%  c2d      [unknown]             [.] 0x00007fad4aa38140
0.25% 0x7fad4aa38140;0x7fad4aa4c37f
     0.25%     0.00%  c2d      ld-linux-x86-64.so.2  [.] 0x00007fad4aa4c37f
0.25% 0x7fad4aa4c37f
     0.25%     0.00%  c2d      [unknown]             [k] 0x00007fa736cf3a97
0.17% 0x7fa736cf3a97;entry_SYSCALL_64_after_hwframe;do_syscall_64;__x64_sys_execve;do_execveat_common.isra.0;bprm_execve;load_elf_binary
0.08% 0x7fa736cf3a97;entry_SYSCALL_64_after_hwframe;do_syscall_64;__x64_sys_execve;do_execveat_common.isra.0;bprm_execve;load_elf_binary;setup_arg_pages;arch_align_stack;get_random_u16
     0.25%     0.17%  c2d      [kernel.kallsyms]     [k] load_elf_binary
0.17% 0x7fa736cf3a97;entry_SYSCALL_64_after_hwframe;do_syscall_64;__x64_sys_execve;do_execveat_common.isra.0;bprm_execve;load_elf_binary
0.08% load_elf_binary;setup_arg_pages;arch_align_stack;get_random_u16
     0.25%     0.00%  c2d      [kernel.kallsyms]     [k] __x64_sys_execve
0.17% __x64_sys_execve;do_execveat_common.isra.0;bprm_execve;load_elf_binary
0.08% __x64_sys_execve;do_execveat_common.isra.0;bprm_execve;load_elf_binary;setup_arg_pages;arch_align_stack;get_random_u16
     0.25%     0.00%  c2d      [kernel.kallsyms]     [k] do_execveat_common.isra.0
0.17% do_execveat_common.isra.0;bprm_execve;load_elf_binary
0.08% do_execveat_common.isra.0;bprm_execve;load_elf_binary;setup_arg_pages;arch_align_stack;get_random_u16
     0.25%     0.00%  c2d      [kernel.kallsyms]     [k] bprm_execve
0.17% bprm_execve;load_elf_binary
0.08% bprm_execve;load_elf_binary;setup_arg_pages;arch_align_stack;get_random_u16
     0.24%     0.24%  c2d      [kernel.kallsyms]     [k] mast_topiary
0.24% 0x7fad4aa6d8a8;0x7fad4aa42075;0x7fad4aa5aae3;entry_SYSCALL_64_after_hwframe;do_syscall_64;ksys_mmap_pgoff;vm_mmap_pgoff;do_mmap;mmap_region;do_mas_munmap;do_mas_align_munmap;mas_store_prealloc;mas_wr_spanning_store.isra.0;mas_spanning_rebalance.isra.0;mast_topiary
     0.24%     0.00%  c2d      ld-linux-x86-64.so.2  [.] 0x00007fad4aa5aae3
0.24% 0x7fad4aa5aae3;entry_SYSCALL_64_after_hwframe;do_syscall_64;ksys_mmap_pgoff;vm_mmap_pgoff;do_mmap;mmap_region;do_mas_munmap;do_mas_align_munmap;mas_store_prealloc;mas_wr_spanning_store.isra.0;mas_spanning_rebalance.isra.0;mast_topiary
     0.24%     0.00%  c2d      [kernel.kallsyms]     [k] ksys_mmap_pgoff
0.24% ksys_mmap_pgoff;vm_mmap_pgoff;do_mmap;mmap_region;do_mas_munmap;do_mas_align_munmap;mas_store_prealloc;mas_wr_spanning_store.isra.0;mas_spanning_rebalance.isra.0;mast_topiary
     0.24%     0.00%  c2d      [kernel.kallsyms]     [k] vm_mmap_pgoff
0.24% vm_mmap_pgoff;do_mmap;mmap_region;do_mas_munmap;do_mas_align_munmap;mas_store_prealloc;mas_wr_spanning_store.isra.0;mas_spanning_rebalance.isra.0;mast_topiary
     0.24%     0.00%  c2d      [kernel.kallsyms]     [k] do_mmap
0.24% do_mmap;mmap_region;do_mas_munmap;do_mas_align_munmap;mas_store_prealloc;mas_wr_spanning_store.isra.0;mas_spanning_rebalance.isra.0;mast_topiary
     0.24%     0.00%  c2d      [kernel.kallsyms]     [k] mmap_region
0.24% mmap_region;do_mas_munmap;do_mas_align_munmap;mas_store_prealloc;mas_wr_spanning_store.isra.0;mas_spanning_rebalance.isra.0;mast_topiary
     0.24%     0.00%  c2d      [kernel.kallsyms]     [k] mas_store_prealloc
0.24% mas_store_prealloc;mas_wr_spanning_store.isra.0;mas_spanning_rebalance.isra.0;mast_topiary
     0.24%     0.00%  c2d      [kernel.kallsyms]     [k] mas_wr_spanning_store.isra.0
0.24% mas_wr_spanning_store.isra.0;mas_spanning_rebalance.isra.0;mast_topiary
     0.24%     0.00%  c2d      [kernel.kallsyms]     [k] mas_spanning_rebalance.isra.0
0.24% mas_spanning_rebalance.isra.0;mast_topiary
     0.24%     0.24%  c2d      ld-linux-x86-64.so.2  [.] 0x000000000000fe0e
0.24% 0x7fad4aa49e12
     0.24%     0.00%  c2d      ld-linux-x86-64.so.2  [.] 0x00007fad4aa49e12
0.24% 0x7fad4aa49e12
     0.23%     0.00%  c2d      ld-linux-x86-64.so.2  [.] 0x00007fad4aa40da9
0.23% 0x7fad4aa40da9;asm_exc_page_fault;exc_page_fault;do_user_addr_fault;lock_mm_and_find_vma;find_vma;mt_find;mtree_range_walk
     0.23%     0.23%  c2d      [kernel.kallsyms]     [k] evict
0.23% 0x7fad4aa54a50;entry_SYSCALL_64_after_hwframe;do_syscall_64;syscall_exit_to_user_mode;exit_to_user_mode_prepare;task_work_run;__fput;__dentry_kill;evict;_raw_spin_lock
     0.23%     0.00%  c2d      ld-linux-x86-64.so.2  [.] 0x00007fad4aa54a50
0.23% 0x7fad4aa54a50;entry_SYSCALL_64_after_hwframe;do_syscall_64;syscall_exit_to_user_mode;exit_to_user_mode_prepare;task_work_run;__fput;__dentry_kill;evict;_raw_spin_lock
     0.23%     0.00%  c2d      [kernel.kallsyms]     [k] syscall_exit_to_user_mode
0.23% syscall_exit_to_user_mode;exit_to_user_mode_prepare;task_work_run;__fput;__dentry_kill;evict;_raw_spin_lock
     0.23%     0.00%  c2d      [kernel.kallsyms]     [k] exit_to_user_mode_prepare
0.23% exit_to_user_mode_prepare;task_work_run;__fput;__dentry_kill;evict;_raw_spin_lock
     0.23%     0.00%  c2d      [kernel.kallsyms]     [k] task_work_run
0.23% task_work_run;__fput;__dentry_kill;evict;_raw_spin_lock
     0.23%     0.00%  c2d      [kernel.kallsyms]     [k] __fput
0.23% __fput;__dentry_kill;evict;_raw_spin_lock
     0.23%     0.00%  c2d      [kernel.kallsyms]     [k] __dentry_kill
0.23% __dentry_kill;evict;_raw_spin_lock
     0.23%     0.00%  c2d      [kernel.kallsyms]     [k] _raw_spin_lock
0.23% _raw_spin_lock
     0.22%     0.22%  c2d      [kernel.kallsyms]     [k] syscall_return_via_sysret
0.22% 0x7fad4aa54a58;0x7fad4aa5422f;0x7fad4aa5a827;syscall_return_via_sysret
     0.22%     0.00%  c2d      ld-linux-x86-64.so.2  [.] 0x00007fad4aa5a827
0.22% 0x7fad4aa5a827;syscall_return_via_sysret
     0.20%     0.20%  c2d      libc.so.6             [.] 0x000000000005f0ca
0.20% 0x7fad4a54724a;main;__isoc99_fscanf;0x7fad4a57f0d1
     0.20%     0.00%  c2d      libc.so.6             [.] __isoc99_fscanf
0.20% __isoc99_fscanf;0x7fad4a57f0d1
     0.20%     0.00%  c2d      libc.so.6             [.] 0x00007fad4a57f0d1
0.20% 0x7fad4a57f0d1
     0.12%     0.12%  c2d      c2d                   [.] read_line
0.12% 0x7fad4a54724a;main;get_cnf_from_file;read_line
     0.12%     0.00%  c2d      c2d                   [.] get_cnf_from_file
0.12% get_cnf_from_file;read_line
     0.08%     0.08%  c2d      [kernel.kallsyms]     [k] get_random_u16
0.08% 0x7fa736cf3a97;entry_SYSCALL_64_after_hwframe;do_syscall_64;__x64_sys_execve;do_execveat_common.isra.0;bprm_execve;load_elf_binary;setup_arg_pages;arch_align_stack;get_random_u16
     0.08%     0.00%  c2d      [kernel.kallsyms]     [k] setup_arg_pages
0.08% setup_arg_pages;arch_align_stack;get_random_u16
     0.08%     0.00%  c2d      [kernel.kallsyms]     [k] arch_align_stack
0.08% arch_align_stack;get_random_u16
     0.04%     0.04%  c2d      [kernel.kallsyms]     [k] copy_user_generic_string
0.04% 0;read;entry_SYSCALL_64_after_hwframe;do_syscall_64;ksys_read;vfs_read;xfs_file_read_iter;xfs_file_buffered_read;filemap_read;copy_page_to_iter;_copy_to_iter;copy_user_generic_string
     0.04%     0.00%  c2d      [kernel.kallsyms]     [k] copy_page_to_iter
0.04% copy_page_to_iter;_copy_to_iter;copy_user_generic_string
     0.04%     0.00%  c2d      [kernel.kallsyms]     [k] _copy_to_iter
0.04% _copy_to_iter;copy_user_generic_string
     0.02%     0.00%  perf-ex  [unknown]             [k] 0x00007fa736cf3a97
0.02% 0x7fa736cf3a97;entry_SYSCALL_64_after_hwframe;do_syscall_64;__x64_sys_execve;do_execveat_common.isra.0;bprm_execve;load_elf_binary;begin_new_exec;perf_event_exec
     0.02%     0.00%  perf-ex  [kernel.kallsyms]     [k] entry_SYSCALL_64_after_hwframe
0.02% entry_SYSCALL_64_after_hwframe;do_syscall_64;__x64_sys_execve;do_execveat_common.isra.0;bprm_execve;load_elf_binary;begin_new_exec;perf_event_exec
     0.02%     0.02%  perf-ex  [kernel.kallsyms]     [k] perf_event_exec
0.02% 0x7fa736cf3a97;entry_SYSCALL_64_after_hwframe;do_syscall_64;__x64_sys_execve;do_execveat_common.isra.0;bprm_execve;load_elf_binary;begin_new_exec;perf_event_exec
     0.02%     0.00%  perf-ex  [kernel.kallsyms]     [k] do_syscall_64
0.02% do_syscall_64;__x64_sys_execve;do_execveat_common.isra.0;bprm_execve;load_elf_binary;begin_new_exec;perf_event_exec
     0.02%     0.00%  perf-ex  [kernel.kallsyms]     [k] __x64_sys_execve
0.02% __x64_sys_execve;do_execveat_common.isra.0;bprm_execve;load_elf_binary;begin_new_exec;perf_event_exec
     0.02%     0.00%  perf-ex  [kernel.kallsyms]     [k] do_execveat_common.isra.0
0.02% do_execveat_common.isra.0;bprm_execve;load_elf_binary;begin_new_exec;perf_event_exec
     0.02%     0.00%  perf-ex  [kernel.kallsyms]     [k] bprm_execve
0.02% bprm_execve;load_elf_binary;begin_new_exec;perf_event_exec
     0.02%     0.00%  perf-ex  [kernel.kallsyms]     [k] load_elf_binary
0.02% load_elf_binary;begin_new_exec;perf_event_exec
     0.02%     0.00%  perf-ex  [kernel.kallsyms]     [k] begin_new_exec
0.02% begin_new_exec;perf_event_exec
     0.01%     0.00%  c2d      [kernel.kallsyms]     [k] native_write_msr
0.01% native_write_msr
     0.01%     0.00%  c2d      [kernel.kallsyms]     [k] finish_task_switch.isra.0
0.01% finish_task_switch.isra.0;__perf_event_task_sched_in;__intel_pmu_enable_all.constprop.0;native_write_msr
     0.01%     0.00%  c2d      [kernel.kallsyms]     [k] __perf_event_task_sched_in
0.01% __perf_event_task_sched_in;__intel_pmu_enable_all.constprop.0;native_write_msr
     0.01%     0.00%  c2d      [kernel.kallsyms]     [k] __intel_pmu_enable_all.constprop.0
0.01% __intel_pmu_enable_all.constprop.0;native_write_msr
     0.01%     0.01%  c2d      [kernel.kallsyms]     [k] native_flush_tlb_one_user
     0.01%     0.00%  perf-ex  [kernel.kallsyms]     [k] native_write_msr
     0.01%     0.00%  perf-ex  [kernel.kallsyms]     [k] __intel_pmu_enable_all.constprop.0
     0.00%     0.00%  perf-ex  [kernel.kallsyms]     [k] native_flush_tlb_one_user
     0.00%     0.00%  c2d      [kernel.kallsyms]     [k] fill_pte
     0.00%     0.00%  perf-ex  [kernel.kallsyms]     [k] nmi_cpu_backtrace_handler
     0.00%     0.00%  c2d      [kernel.kallsyms]     [k] native_sched_clock


#
# (Tip: Search options using a keyword: perf report -h <keyword>)
#
