# To display the perf.data header info, please use --header/--header-only options.
#
#
# Total Lost Samples: 0
#
# Samples: 353  of event 'cycles'
# Event count (approx.): 236356131
#
# Children      Self  Command  Shared Object         Symbol                                
# ........  ........  .......  ....................  ......................................
#
    94.07%     0.00%  c2d      libc.so.6             [.] 0x00007f608fd6724a
92.18% 0x7f608fd6724a;main;cnf2ddnnf_cmd_line;free_cache_manager
0.31% 0x7f608fd6724a;main;cnf2ddnnf_cmd_line;free_cache_manager;asm_exc_page_fault;exc_page_fault;do_user_addr_fault;handle_mm_fault;__handle_mm_fault;do_huge_pmd_anonymous_page;pgtable_trans_huge_deposit
0.30% 0x7f608fd6724a;main;cnf2ddnnf_cmd_line;free_cache_manager;asm_exc_page_fault
0.28% 0x7f608fd6724a;get_cnf_from_file;asm_exc_page_fault
0.26% 0x7f608fd6724a;main;cnf2ddnnf_cmd_line;free_cache_manager;asm_exc_page_fault;exc_page_fault;do_user_addr_fault;handle_mm_fault;__handle_mm_fault
0.26% 0x7f608fd6724a;main;cnf2ddnnf_cmd_line;free_cache_manager;__irqentry_text_end
0.25% 0x7f608fd6724a;main;cnf2ddnnf_cmd_line;compile_cnf;compile_dt;compile_dt;compile_decomposed;lookup_or_compile_dt;compile_dt;compile_dt;compile_decomposed;lookup_or_compile_dt;compile_decomposed;lookup_or_compile_dt;compile_dt;compile_dt;compile_decomposed;lookup_or_compile_dt;compile_decomposed;lookup_or_compile_dt;compile_decomposed;lookup_or_compile_dt;compile_decomposed;lookup_or_compile_dt;compile_decomposed;lookup_or_compile_dt;compile_decomposed;lookup_or_compile_dt;compile_decomposed;lookup_or_compile_dt;compile_decomposed;lookup_or_compile_dt;insert_cnf_cache;add_cache_entry;asm_exc_page_fault;exc_page_fault;do_user_addr_fault;handle_mm_fault;__handle_mm_fault;do_huge_pmd_wp_page;__split_huge_pmd;native_set_pte
0.24% 0x7f608fd6724a;main;cnf2ddnnf_cmd_line;compile_cnf;compile_dt;decide_literal;set_literal;update_subsumption
    93.79%     0.00%  c2d      c2d                   [.] main
92.18% main;cnf2ddnnf_cmd_line;free_cache_manager
0.31% main;cnf2ddnnf_cmd_line;free_cache_manager;asm_exc_page_fault;exc_page_fault;do_user_addr_fault;handle_mm_fault;__handle_mm_fault;do_huge_pmd_anonymous_page;pgtable_trans_huge_deposit
0.30% main;cnf2ddnnf_cmd_line;free_cache_manager;asm_exc_page_fault
0.26% main;cnf2ddnnf_cmd_line;free_cache_manager;asm_exc_page_fault;exc_page_fault;do_user_addr_fault;handle_mm_fault;__handle_mm_fault
0.26% main;cnf2ddnnf_cmd_line;free_cache_manager;__irqentry_text_end
0.25% main;cnf2ddnnf_cmd_line;compile_cnf;compile_dt;compile_dt;compile_decomposed;lookup_or_compile_dt;compile_dt;compile_dt;compile_decomposed;lookup_or_compile_dt;compile_decomposed;lookup_or_compile_dt;compile_dt;compile_dt;compile_decomposed;lookup_or_compile_dt;compile_decomposed;lookup_or_compile_dt;compile_decomposed;lookup_or_compile_dt;compile_decomposed;lookup_or_compile_dt;compile_decomposed;lookup_or_compile_dt;compile_decomposed;lookup_or_compile_dt;compile_decomposed;lookup_or_compile_dt;compile_decomposed;lookup_or_compile_dt;insert_cnf_cache;add_cache_entry;asm_exc_page_fault;exc_page_fault;do_user_addr_fault;handle_mm_fault;__handle_mm_fault;do_huge_pmd_wp_page;__split_huge_pmd;native_set_pte
0.24% main;cnf2ddnnf_cmd_line;compile_cnf;compile_dt;decide_literal;set_literal;update_subsumption
    93.79%     0.00%  c2d      c2d                   [.] cnf2ddnnf_cmd_line
92.18% cnf2ddnnf_cmd_line;free_cache_manager
0.31% cnf2ddnnf_cmd_line;free_cache_manager;asm_exc_page_fault;exc_page_fault;do_user_addr_fault;handle_mm_fault;__handle_mm_fault;do_huge_pmd_anonymous_page;pgtable_trans_huge_deposit
0.30% cnf2ddnnf_cmd_line;free_cache_manager;asm_exc_page_fault
0.26% cnf2ddnnf_cmd_line;free_cache_manager;asm_exc_page_fault;exc_page_fault;do_user_addr_fault;handle_mm_fault;__handle_mm_fault
0.26% cnf2ddnnf_cmd_line;free_cache_manager;__irqentry_text_end
0.25% cnf2ddnnf_cmd_line;compile_cnf;compile_dt;compile_dt;compile_decomposed;lookup_or_compile_dt;compile_dt;compile_dt;compile_decomposed;lookup_or_compile_dt;compile_decomposed;lookup_or_compile_dt;compile_dt;compile_dt;compile_decomposed;lookup_or_compile_dt;compile_decomposed;lookup_or_compile_dt;compile_decomposed;lookup_or_compile_dt;compile_decomposed;lookup_or_compile_dt;compile_decomposed;lookup_or_compile_dt;compile_decomposed;lookup_or_compile_dt;compile_decomposed;lookup_or_compile_dt;compile_decomposed;lookup_or_compile_dt;insert_cnf_cache;add_cache_entry;asm_exc_page_fault;exc_page_fault;do_user_addr_fault;handle_mm_fault;__handle_mm_fault;do_huge_pmd_wp_page;__split_huge_pmd;native_set_pte
0.24% cnf2ddnnf_cmd_line;compile_cnf;compile_dt;decide_literal;set_literal;update_subsumption
    93.31%    92.21%  c2d      c2d                   [.] free_cache_manager
91.91% 0x7f608fd6724a;main;cnf2ddnnf_cmd_line;free_cache_manager
0.31% free_cache_manager;asm_exc_page_fault;exc_page_fault;do_user_addr_fault;handle_mm_fault;__handle_mm_fault;do_huge_pmd_anonymous_page;pgtable_trans_huge_deposit
0.30% 0x7f608fd6724a;main;cnf2ddnnf_cmd_line;free_cache_manager;asm_exc_page_fault
0.27% free_cache_manager
0.26% free_cache_manager;asm_exc_page_fault;exc_page_fault;do_user_addr_fault;handle_mm_fault;__handle_mm_fault
0.26% free_cache_manager;__irqentry_text_end
     3.16%     0.00%  c2d      [kernel.kallsyms]     [k] entry_SYSCALL_64_after_hwframe
0.30% entry_SYSCALL_64_after_hwframe;do_syscall_64;__x64_sys_munmap;__vm_munmap;do_mas_munmap;do_mas_align_munmap;unmap_region;unmap_vmas;unmap_page_range
0.30% entry_SYSCALL_64_after_hwframe;do_syscall_64;ksys_write;vfs_write;xfs_file_buffered_write;xfs_file_write_checks;file_modified_flags;__mnt_want_write_file
0.30% entry_SYSCALL_64_after_hwframe;do_syscall_64;__x64_sys_exit_group;do_group_exit;do_exit;__mmput;exit_mmap;unmap_vmas;unmap_single_vma
0.30% entry_SYSCALL_64_after_hwframe;do_syscall_64;__x64_sys_exit_group;do_group_exit;do_exit;__mmput;exit_mmap;unmap_vmas;unmap_page_range
0.27% entry_SYSCALL_64_after_hwframe;do_syscall_64;__x64_sys_munmap;__vm_munmap;do_mas_munmap;do_mas_align_munmap;unmap_region;unmap_vmas;unmap_page_range;page_remove_rmap;__mod_lruvec_page_state;__mod_memcg_lruvec_state;cgroup_rstat_updated
0.27% entry_SYSCALL_64_after_hwframe;do_syscall_64;__x64_sys_mprotect;do_mprotect_pkey;mprotect_fixup
0.24% entry_SYSCALL_64_after_hwframe;do_syscall_64;__x64_sys_openat;do_sys_openat2;getname_flags.part.0;kmem_cache_alloc
0.23% entry_SYSCALL_64_after_hwframe;do_syscall_64;do_faccessat;user_path_at_empty;filename_lookup;path_lookupat;link_path_walk.part.0.constprop.0
0.23% entry_SYSCALL_64_after_hwframe;do_syscall_64;__do_sys_brk;check_brk_limits;get_unmapped_area;security_mmap_addr
0.21% entry_SYSCALL_64_after_hwframe;do_syscall_64;syscall_exit_to_user_mode;exit_to_user_mode_prepare;task_work_run;__fput;xfs_release;xfs_can_free_eofblocks;xfs_bmapi_read
0.21% entry_SYSCALL_64_after_hwframe;do_syscall_64;__x64_sys_execve;do_execveat_common.isra.0;bprm_execve;load_elf_binary;_copy_to_user;copy_user_generic_string;asm_exc_page_fault;exc_page_fault;do_user_addr_fault;handle_mm_fault;__handle_mm_fault;vma_alloc_folio;__folio_alloc;__alloc_pages;get_page_from_freelist
0.16% entry_SYSCALL_64_after_hwframe;do_syscall_64;__x64_sys_execve;do_execveat_common.isra.0;bprm_execve;load_elf_binary;elf_map;vm_mmap_pgoff;do_mmap;mmap_region;vm_area_alloc;kmem_cache_alloc;memcg_slab_post_alloc_hook
0.06% entry_SYSCALL_64_after_hwframe;do_syscall_64;__x64_sys_execve;do_execveat_common.isra.0;bprm_execve;load_elf_binary;setup_new_exec
0.04% entry_SYSCALL_64_after_hwframe;do_syscall_64;ksys_read;vfs_read;xfs_file_read_iter;xfs_file_buffered_read;filemap_read
0.01% entry_SYSCALL_64_after_hwframe;do_syscall_64;ksys_read;vfs_read;xfs_file_read_iter;xfs_file_buffered_read;filemap_read;filemap_get_pages;folio_wait_bit_common;io_schedule;schedule;__schedule;finish_task_switch.isra.0;__perf_event_task_sched_in;__intel_pmu_enable_all.constprop.0;native_write_msr
     3.16%     0.00%  c2d      [kernel.kallsyms]     [k] do_syscall_64
0.30% do_syscall_64;__x64_sys_munmap;__vm_munmap;do_mas_munmap;do_mas_align_munmap;unmap_region;unmap_vmas;unmap_page_range
0.30% do_syscall_64;ksys_write;vfs_write;xfs_file_buffered_write;xfs_file_write_checks;file_modified_flags;__mnt_want_write_file
0.30% do_syscall_64;__x64_sys_exit_group;do_group_exit;do_exit;__mmput;exit_mmap;unmap_vmas;unmap_single_vma
0.30% do_syscall_64;__x64_sys_exit_group;do_group_exit;do_exit;__mmput;exit_mmap;unmap_vmas;unmap_page_range
0.27% do_syscall_64;__x64_sys_munmap;__vm_munmap;do_mas_munmap;do_mas_align_munmap;unmap_region;unmap_vmas;unmap_page_range;page_remove_rmap;__mod_lruvec_page_state;__mod_memcg_lruvec_state;cgroup_rstat_updated
0.27% do_syscall_64;__x64_sys_mprotect;do_mprotect_pkey;mprotect_fixup
0.24% do_syscall_64;__x64_sys_openat;do_sys_openat2;getname_flags.part.0;kmem_cache_alloc
0.23% do_syscall_64;do_faccessat;user_path_at_empty;filename_lookup;path_lookupat;link_path_walk.part.0.constprop.0
0.23% do_syscall_64;__do_sys_brk;check_brk_limits;get_unmapped_area;security_mmap_addr
0.21% do_syscall_64;syscall_exit_to_user_mode;exit_to_user_mode_prepare;task_work_run;__fput;xfs_release;xfs_can_free_eofblocks;xfs_bmapi_read
0.21% do_syscall_64;__x64_sys_execve;do_execveat_common.isra.0;bprm_execve;load_elf_binary;_copy_to_user;copy_user_generic_string;asm_exc_page_fault;exc_page_fault;do_user_addr_fault;handle_mm_fault;__handle_mm_fault;vma_alloc_folio;__folio_alloc;__alloc_pages;get_page_from_freelist
0.16% do_syscall_64;__x64_sys_execve;do_execveat_common.isra.0;bprm_execve;load_elf_binary;elf_map;vm_mmap_pgoff;do_mmap;mmap_region;vm_area_alloc;kmem_cache_alloc;memcg_slab_post_alloc_hook
0.06% do_syscall_64;__x64_sys_execve;do_execveat_common.isra.0;bprm_execve;load_elf_binary;setup_new_exec
0.04% do_syscall_64;ksys_read;vfs_read;xfs_file_read_iter;xfs_file_buffered_read;filemap_read
0.01% do_syscall_64;ksys_read;vfs_read;xfs_file_read_iter;xfs_file_buffered_read;filemap_read;filemap_get_pages;folio_wait_bit_common;io_schedule;schedule;__schedule;finish_task_switch.isra.0;__perf_event_task_sched_in;__intel_pmu_enable_all.constprop.0;native_write_msr
     2.15%     0.00%  c2d      [kernel.kallsyms]     [k] asm_exc_page_fault
0.58% asm_exc_page_fault
0.31% asm_exc_page_fault;exc_page_fault;do_user_addr_fault;handle_mm_fault;__handle_mm_fault;do_huge_pmd_anonymous_page;pgtable_trans_huge_deposit
0.28% asm_exc_page_fault;exc_page_fault;do_user_addr_fault;handle_mm_fault;__handle_mm_fault;do_fault;filemap_map_pages;next_uptodate_page
0.26% asm_exc_page_fault;exc_page_fault;do_user_addr_fault;handle_mm_fault;__handle_mm_fault;do_fault;copy_page
0.26% asm_exc_page_fault;exc_page_fault;do_user_addr_fault;handle_mm_fault;__handle_mm_fault
0.25% asm_exc_page_fault;exc_page_fault;do_user_addr_fault;handle_mm_fault;__handle_mm_fault;do_huge_pmd_wp_page;__split_huge_pmd;native_set_pte
0.21% asm_exc_page_fault;exc_page_fault;do_user_addr_fault;handle_mm_fault;__handle_mm_fault;vma_alloc_folio;__folio_alloc;__alloc_pages;get_page_from_freelist
     1.58%     0.00%  c2d      ld-linux-x86-64.so.2  [.] 0x00007f60902a1a58
0.27% 0x7f60902a1a58;0x7f60902a122f;0x7f60902a4c99;0x7f609029542d
0.27% 0x7f60902a1a58;0x7f60902a122f;0x7f60902a7b27;entry_SYSCALL_64_after_hwframe;do_syscall_64;__x64_sys_munmap;__vm_munmap;do_mas_munmap;do_mas_align_munmap;unmap_region;unmap_vmas;unmap_page_range;page_remove_rmap;__mod_lruvec_page_state;__mod_memcg_lruvec_state;cgroup_rstat_updated
0.27% 0x7f60902a1a58;0x7f60902a122f;0x7f60902a4c99;0x7f60902952dc
0.27% 0x7f60902a1a58;0x7f60902a122f;0x7f60902a4c99;0x7f60902a7b47;entry_SYSCALL_64_after_hwframe;do_syscall_64;__x64_sys_mprotect;do_mprotect_pkey;mprotect_fixup
0.26% 0x7f60902a1a58;0x7f60902a122f;0x7f60902a4c99;0x7f6090294d7c;asm_exc_page_fault;exc_page_fault;do_user_addr_fault;handle_mm_fault;__handle_mm_fault;do_fault;copy_page
0.23% 0x7f60902a1a58;0x7f60902a122f;0x7f60902a7827;entry_SYSCALL_64_after_hwframe;do_syscall_64;do_faccessat;user_path_at_empty;filename_lookup;path_lookupat;link_path_walk.part.0.constprop.0
     1.58%     0.00%  c2d      ld-linux-x86-64.so.2  [.] 0x00007f60902a122f
0.27% 0x7f60902a122f;0x7f60902a4c99;0x7f609029542d
0.27% 0x7f60902a122f;0x7f60902a7b27;entry_SYSCALL_64_after_hwframe;do_syscall_64;__x64_sys_munmap;__vm_munmap;do_mas_munmap;do_mas_align_munmap;unmap_region;unmap_vmas;unmap_page_range;page_remove_rmap;__mod_lruvec_page_state;__mod_memcg_lruvec_state;cgroup_rstat_updated
0.27% 0x7f60902a122f;0x7f60902a4c99;0x7f60902952dc
0.27% 0x7f60902a122f;0x7f60902a4c99;0x7f60902a7b47;entry_SYSCALL_64_after_hwframe;do_syscall_64;__x64_sys_mprotect;do_mprotect_pkey;mprotect_fixup
0.26% 0x7f60902a122f;0x7f60902a4c99;0x7f6090294d7c;asm_exc_page_fault;exc_page_fault;do_user_addr_fault;handle_mm_fault;__handle_mm_fault;do_fault;copy_page
0.23% 0x7f60902a122f;0x7f60902a7827;entry_SYSCALL_64_after_hwframe;do_syscall_64;do_faccessat;user_path_at_empty;filename_lookup;path_lookupat;link_path_walk.part.0.constprop.0
     1.57%     0.26%  c2d      [kernel.kallsyms]     [k] __handle_mm_fault
0.31% __handle_mm_fault;do_huge_pmd_anonymous_page;pgtable_trans_huge_deposit
0.28% __handle_mm_fault;do_fault;filemap_map_pages;next_uptodate_page
0.26% __handle_mm_fault;do_fault;copy_page
0.26% 0x7f608fd6724a;main;cnf2ddnnf_cmd_line;free_cache_manager;asm_exc_page_fault;exc_page_fault;do_user_addr_fault;handle_mm_fault;__handle_mm_fault
0.25% __handle_mm_fault;do_huge_pmd_wp_page;__split_huge_pmd;native_set_pte
0.21% __handle_mm_fault;vma_alloc_folio;__folio_alloc;__alloc_pages;get_page_from_freelist
     1.57%     0.00%  c2d      [kernel.kallsyms]     [k] exc_page_fault
0.31% exc_page_fault;do_user_addr_fault;handle_mm_fault;__handle_mm_fault;do_huge_pmd_anonymous_page;pgtable_trans_huge_deposit
0.28% exc_page_fault;do_user_addr_fault;handle_mm_fault;__handle_mm_fault;do_fault;filemap_map_pages;next_uptodate_page
0.26% exc_page_fault;do_user_addr_fault;handle_mm_fault;__handle_mm_fault;do_fault;copy_page
0.26% exc_page_fault;do_user_addr_fault;handle_mm_fault;__handle_mm_fault
0.25% exc_page_fault;do_user_addr_fault;handle_mm_fault;__handle_mm_fault;do_huge_pmd_wp_page;__split_huge_pmd;native_set_pte
0.21% exc_page_fault;do_user_addr_fault;handle_mm_fault;__handle_mm_fault;vma_alloc_folio;__folio_alloc;__alloc_pages;get_page_from_freelist
     1.57%     0.00%  c2d      [kernel.kallsyms]     [k] do_user_addr_fault
0.31% do_user_addr_fault;handle_mm_fault;__handle_mm_fault;do_huge_pmd_anonymous_page;pgtable_trans_huge_deposit
0.28% do_user_addr_fault;handle_mm_fault;__handle_mm_fault;do_fault;filemap_map_pages;next_uptodate_page
0.26% do_user_addr_fault;handle_mm_fault;__handle_mm_fault;do_fault;copy_page
0.26% do_user_addr_fault;handle_mm_fault;__handle_mm_fault
0.25% do_user_addr_fault;handle_mm_fault;__handle_mm_fault;do_huge_pmd_wp_page;__split_huge_pmd;native_set_pte
0.21% do_user_addr_fault;handle_mm_fault;__handle_mm_fault;vma_alloc_folio;__folio_alloc;__alloc_pages;get_page_from_freelist
     1.57%     0.00%  c2d      [kernel.kallsyms]     [k] handle_mm_fault
0.31% handle_mm_fault;__handle_mm_fault;do_huge_pmd_anonymous_page;pgtable_trans_huge_deposit
0.28% handle_mm_fault;__handle_mm_fault;do_fault;filemap_map_pages;next_uptodate_page
0.26% handle_mm_fault;__handle_mm_fault;do_fault;copy_page
0.26% handle_mm_fault;__handle_mm_fault
0.25% handle_mm_fault;__handle_mm_fault;do_huge_pmd_wp_page;__split_huge_pmd;native_set_pte
0.21% handle_mm_fault;__handle_mm_fault;vma_alloc_folio;__folio_alloc;__alloc_pages;get_page_from_freelist
     1.18%     0.00%  c2d      [kernel.kallsyms]     [k] unmap_vmas
0.61% unmap_vmas;unmap_page_range
0.30% unmap_vmas;unmap_single_vma
0.27% unmap_vmas;unmap_page_range;page_remove_rmap;__mod_lruvec_page_state;__mod_memcg_lruvec_state;cgroup_rstat_updated
     1.07%     0.00%  c2d      ld-linux-x86-64.so.2  [.] 0x00007f60902a4c99
0.27% 0x7f60902a4c99;0x7f609029542d
0.27% 0x7f60902a4c99;0x7f60902952dc
0.27% 0x7f60902a4c99;0x7f60902a7b47;entry_SYSCALL_64_after_hwframe;do_syscall_64;__x64_sys_mprotect;do_mprotect_pkey;mprotect_fixup
0.26% 0x7f60902a4c99;0x7f6090294d7c;asm_exc_page_fault;exc_page_fault;do_user_addr_fault;handle_mm_fault;__handle_mm_fault;do_fault;copy_page
     0.88%     0.61%  c2d      [kernel.kallsyms]     [k] unmap_page_range
0.30% __munmap;entry_SYSCALL_64_after_hwframe;do_syscall_64;__x64_sys_munmap;__vm_munmap;do_mas_munmap;do_mas_align_munmap;unmap_region;unmap_vmas;unmap_page_range
0.30% entry_SYSCALL_64_after_hwframe;do_syscall_64;__x64_sys_exit_group;do_group_exit;do_exit;__mmput;exit_mmap;unmap_vmas;unmap_page_range
0.27% unmap_page_range;page_remove_rmap;__mod_lruvec_page_state;__mod_memcg_lruvec_state;cgroup_rstat_updated
     0.61%     0.00%  c2d      [kernel.kallsyms]     [k] __x64_sys_exit_group
0.30% __x64_sys_exit_group;do_group_exit;do_exit;__mmput;exit_mmap;unmap_vmas;unmap_single_vma
0.30% __x64_sys_exit_group;do_group_exit;do_exit;__mmput;exit_mmap;unmap_vmas;unmap_page_range
     0.61%     0.00%  c2d      [kernel.kallsyms]     [k] do_group_exit
0.30% do_group_exit;do_exit;__mmput;exit_mmap;unmap_vmas;unmap_single_vma
0.30% do_group_exit;do_exit;__mmput;exit_mmap;unmap_vmas;unmap_page_range
     0.61%     0.00%  c2d      [kernel.kallsyms]     [k] do_exit
0.30% do_exit;__mmput;exit_mmap;unmap_vmas;unmap_single_vma
0.30% do_exit;__mmput;exit_mmap;unmap_vmas;unmap_page_range
     0.61%     0.00%  c2d      [kernel.kallsyms]     [k] __mmput
0.30% __mmput;exit_mmap;unmap_vmas;unmap_single_vma
0.30% __mmput;exit_mmap;unmap_vmas;unmap_page_range
     0.61%     0.00%  c2d      [kernel.kallsyms]     [k] exit_mmap
0.30% exit_mmap;unmap_vmas;unmap_single_vma
0.30% exit_mmap;unmap_vmas;unmap_page_range
     0.58%     0.00%  c2d      [kernel.kallsyms]     [k] __x64_sys_munmap
0.30% __x64_sys_munmap;__vm_munmap;do_mas_munmap;do_mas_align_munmap;unmap_region;unmap_vmas;unmap_page_range
0.27% __x64_sys_munmap;__vm_munmap;do_mas_munmap;do_mas_align_munmap;unmap_region;unmap_vmas;unmap_page_range;page_remove_rmap;__mod_lruvec_page_state;__mod_memcg_lruvec_state;cgroup_rstat_updated
     0.58%     0.00%  c2d      [kernel.kallsyms]     [k] __vm_munmap
0.30% __vm_munmap;do_mas_munmap;do_mas_align_munmap;unmap_region;unmap_vmas;unmap_page_range
0.27% __vm_munmap;do_mas_munmap;do_mas_align_munmap;unmap_region;unmap_vmas;unmap_page_range;page_remove_rmap;__mod_lruvec_page_state;__mod_memcg_lruvec_state;cgroup_rstat_updated
     0.58%     0.00%  c2d      [kernel.kallsyms]     [k] do_mas_munmap
0.30% do_mas_munmap;do_mas_align_munmap;unmap_region;unmap_vmas;unmap_page_range
0.27% do_mas_munmap;do_mas_align_munmap;unmap_region;unmap_vmas;unmap_page_range;page_remove_rmap;__mod_lruvec_page_state;__mod_memcg_lruvec_state;cgroup_rstat_updated
     0.58%     0.00%  c2d      [kernel.kallsyms]     [k] do_mas_align_munmap
0.30% do_mas_align_munmap;unmap_region;unmap_vmas;unmap_page_range
0.27% do_mas_align_munmap;unmap_region;unmap_vmas;unmap_page_range;page_remove_rmap;__mod_lruvec_page_state;__mod_memcg_lruvec_state;cgroup_rstat_updated
     0.58%     0.00%  c2d      [kernel.kallsyms]     [k] unmap_region
0.30% unmap_region;unmap_vmas;unmap_page_range
0.27% unmap_region;unmap_vmas;unmap_page_range;page_remove_rmap;__mod_lruvec_page_state;__mod_memcg_lruvec_state;cgroup_rstat_updated
     0.56%     0.00%  c2d      [unknown]             [.] 0x00007f609007a758
0.28% 0x7f609007a758;0x7f6090290947;asm_exc_page_fault;exc_page_fault;do_user_addr_fault;handle_mm_fault;__handle_mm_fault;do_fault;filemap_map_pages;next_uptodate_page
0.28% 0x7f609007a758;0x7f6090290973
     0.54%     0.00%  c2d      [kernel.kallsyms]     [k] do_fault
0.28% do_fault;filemap_map_pages;next_uptodate_page
0.26% do_fault;copy_page
     0.51%     0.51%  c2d      [kernel.kallsyms]     [k] __irqentry_text_end
0.26% 0x7f60902ba8a8;0x7f609028f075;0x7f60902a8772;__irqentry_text_end
0.26% 0x7f608fd6724a;main;cnf2ddnnf_cmd_line;free_cache_manager;__irqentry_text_end
     0.50%     0.00%  c2d      [unknown]             [.] 0x00007f60902ba8a8
0.26% 0x7f60902ba8a8;0x7f609028f075;0x7f60902a8772;__irqentry_text_end
0.25% 0x7f60902ba8a8;0x7f609028f075;0x7f609028e1e0
     0.50%     0.00%  c2d      ld-linux-x86-64.so.2  [.] 0x00007f609028f075
0.26% 0x7f609028f075;0x7f60902a8772;__irqentry_text_end
0.25% 0x7f609028f075;0x7f609028e1e0
     0.49%     0.00%  c2d      c2d                   [.] compile_cnf
0.25% compile_cnf;compile_dt;compile_dt;compile_decomposed;lookup_or_compile_dt;compile_dt;compile_dt;compile_decomposed;lookup_or_compile_dt;compile_decomposed;lookup_or_compile_dt;compile_dt;compile_dt;compile_decomposed;lookup_or_compile_dt;compile_decomposed;lookup_or_compile_dt;compile_decomposed;lookup_or_compile_dt;compile_decomposed;lookup_or_compile_dt;compile_decomposed;lookup_or_compile_dt;compile_decomposed;lookup_or_compile_dt;compile_decomposed;lookup_or_compile_dt;compile_decomposed;lookup_or_compile_dt;insert_cnf_cache;add_cache_entry;asm_exc_page_fault;exc_page_fault;do_user_addr_fault;handle_mm_fault;__handle_mm_fault;do_huge_pmd_wp_page;__split_huge_pmd;native_set_pte
0.24% compile_cnf;compile_dt;decide_literal;set_literal;update_subsumption
     0.49%     0.00%  c2d      c2d                   [.] compile_dt
0.25% compile_dt;compile_dt;compile_decomposed;lookup_or_compile_dt;compile_dt;compile_dt;compile_decomposed;lookup_or_compile_dt;compile_decomposed;lookup_or_compile_dt;compile_dt;compile_dt;compile_decomposed;lookup_or_compile_dt;compile_decomposed;lookup_or_compile_dt;compile_decomposed;lookup_or_compile_dt;compile_decomposed;lookup_or_compile_dt;compile_decomposed;lookup_or_compile_dt;compile_decomposed;lookup_or_compile_dt;compile_decomposed;lookup_or_compile_dt;compile_decomposed;lookup_or_compile_dt;insert_cnf_cache;add_cache_entry;asm_exc_page_fault;exc_page_fault;do_user_addr_fault;handle_mm_fault;__handle_mm_fault;do_huge_pmd_wp_page;__split_huge_pmd;native_set_pte
0.24% compile_dt;decide_literal;set_literal;update_subsumption
     0.43%     0.00%  c2d      [unknown]             [k] 0x00007f8a65af3a97
0.21% 0x7f8a65af3a97;entry_SYSCALL_64_after_hwframe;do_syscall_64;__x64_sys_execve;do_execveat_common.isra.0;bprm_execve;load_elf_binary;_copy_to_user;copy_user_generic_string;asm_exc_page_fault;exc_page_fault;do_user_addr_fault;handle_mm_fault;__handle_mm_fault;vma_alloc_folio;__folio_alloc;__alloc_pages;get_page_from_freelist
0.16% 0x7f8a65af3a97;entry_SYSCALL_64_after_hwframe;do_syscall_64;__x64_sys_execve;do_execveat_common.isra.0;bprm_execve;load_elf_binary;elf_map;vm_mmap_pgoff;do_mmap;mmap_region;vm_area_alloc;kmem_cache_alloc;memcg_slab_post_alloc_hook
0.06% 0x7f8a65af3a97;entry_SYSCALL_64_after_hwframe;do_syscall_64;__x64_sys_execve;do_execveat_common.isra.0;bprm_execve;load_elf_binary;setup_new_exec
     0.43%     0.00%  c2d      [kernel.kallsyms]     [k] __x64_sys_execve
0.21% __x64_sys_execve;do_execveat_common.isra.0;bprm_execve;load_elf_binary;_copy_to_user;copy_user_generic_string;asm_exc_page_fault;exc_page_fault;do_user_addr_fault;handle_mm_fault;__handle_mm_fault;vma_alloc_folio;__folio_alloc;__alloc_pages;get_page_from_freelist
0.16% __x64_sys_execve;do_execveat_common.isra.0;bprm_execve;load_elf_binary;elf_map;vm_mmap_pgoff;do_mmap;mmap_region;vm_area_alloc;kmem_cache_alloc;memcg_slab_post_alloc_hook
0.06% __x64_sys_execve;do_execveat_common.isra.0;bprm_execve;load_elf_binary;setup_new_exec
     0.43%     0.00%  c2d      [kernel.kallsyms]     [k] do_execveat_common.isra.0
0.21% do_execveat_common.isra.0;bprm_execve;load_elf_binary;_copy_to_user;copy_user_generic_string;asm_exc_page_fault;exc_page_fault;do_user_addr_fault;handle_mm_fault;__handle_mm_fault;vma_alloc_folio;__folio_alloc;__alloc_pages;get_page_from_freelist
0.16% do_execveat_common.isra.0;bprm_execve;load_elf_binary;elf_map;vm_mmap_pgoff;do_mmap;mmap_region;vm_area_alloc;kmem_cache_alloc;memcg_slab_post_alloc_hook
0.06% do_execveat_common.isra.0;bprm_execve;load_elf_binary;setup_new_exec
     0.43%     0.00%  c2d      [kernel.kallsyms]     [k] bprm_execve
0.21% bprm_execve;load_elf_binary;_copy_to_user;copy_user_generic_string;asm_exc_page_fault;exc_page_fault;do_user_addr_fault;handle_mm_fault;__handle_mm_fault;vma_alloc_folio;__folio_alloc;__alloc_pages;get_page_from_freelist
0.16% bprm_execve;load_elf_binary;elf_map;vm_mmap_pgoff;do_mmap;mmap_region;vm_area_alloc;kmem_cache_alloc;memcg_slab_post_alloc_hook
0.06% bprm_execve;load_elf_binary;setup_new_exec
     0.43%     0.00%  c2d      [kernel.kallsyms]     [k] load_elf_binary
0.21% load_elf_binary;_copy_to_user;copy_user_generic_string;asm_exc_page_fault;exc_page_fault;do_user_addr_fault;handle_mm_fault;__handle_mm_fault;vma_alloc_folio;__folio_alloc;__alloc_pages;get_page_from_freelist
0.16% load_elf_binary;elf_map;vm_mmap_pgoff;do_mmap;mmap_region;vm_area_alloc;kmem_cache_alloc;memcg_slab_post_alloc_hook
0.06% load_elf_binary;setup_new_exec
     0.40%     0.24%  c2d      [kernel.kallsyms]     [k] kmem_cache_alloc
0.24% 0x61735f656661732f;open64;entry_SYSCALL_64_after_hwframe;do_syscall_64;__x64_sys_openat;do_sys_openat2;getname_flags.part.0;kmem_cache_alloc
0.16% kmem_cache_alloc;memcg_slab_post_alloc_hook
     0.31%     0.31%  c2d      [kernel.kallsyms]     [k] pgtable_trans_huge_deposit
0.31% 0x7f608fd6724a;main;cnf2ddnnf_cmd_line;free_cache_manager;asm_exc_page_fault;exc_page_fault;do_user_addr_fault;handle_mm_fault;__handle_mm_fault;do_huge_pmd_anonymous_page;pgtable_trans_huge_deposit
     0.31%     0.00%  c2d      [kernel.kallsyms]     [k] do_huge_pmd_anonymous_page
0.31% do_huge_pmd_anonymous_page;pgtable_trans_huge_deposit
     0.30%     0.00%  c2d      libc.so.6             [.] __munmap
0.30% __munmap;entry_SYSCALL_64_after_hwframe;do_syscall_64;__x64_sys_munmap;__vm_munmap;do_mas_munmap;do_mas_align_munmap;unmap_region;unmap_vmas;unmap_page_range
     0.30%     0.30%  c2d      [kernel.kallsyms]     [k] __mnt_want_write_file
0.30% 0x67616e616d20464e;write;entry_SYSCALL_64_after_hwframe;do_syscall_64;ksys_write;vfs_write;xfs_file_buffered_write;xfs_file_write_checks;file_modified_flags;__mnt_want_write_file
     0.30%     0.00%  c2d      [unknown]             [k] 0x67616e616d20464e
0.30% 0x67616e616d20464e;write;entry_SYSCALL_64_after_hwframe;do_syscall_64;ksys_write;vfs_write;xfs_file_buffered_write;xfs_file_write_checks;file_modified_flags;__mnt_want_write_file
     0.30%     0.00%  c2d      libc.so.6             [.] write
0.30% write;entry_SYSCALL_64_after_hwframe;do_syscall_64;ksys_write;vfs_write;xfs_file_buffered_write;xfs_file_write_checks;file_modified_flags;__mnt_want_write_file
     0.30%     0.00%  c2d      [kernel.kallsyms]     [k] ksys_write
0.30% ksys_write;vfs_write;xfs_file_buffered_write;xfs_file_write_checks;file_modified_flags;__mnt_want_write_file
     0.30%     0.00%  c2d      [kernel.kallsyms]     [k] vfs_write
0.30% vfs_write;xfs_file_buffered_write;xfs_file_write_checks;file_modified_flags;__mnt_want_write_file
     0.30%     0.00%  c2d      [xfs]                 [k] xfs_file_buffered_write
0.30% xfs_file_buffered_write;xfs_file_write_checks;file_modified_flags;__mnt_want_write_file
     0.30%     0.00%  c2d      [xfs]                 [k] xfs_file_write_checks
0.30% xfs_file_write_checks;file_modified_flags;__mnt_want_write_file
     0.30%     0.00%  c2d      [kernel.kallsyms]     [k] file_modified_flags
0.30% file_modified_flags;__mnt_want_write_file
     0.30%     0.30%  c2d      [kernel.kallsyms]     [k] unmap_single_vma
0.30% entry_SYSCALL_64_after_hwframe;do_syscall_64;__x64_sys_exit_group;do_group_exit;do_exit;__mmput;exit_mmap;unmap_vmas;unmap_single_vma
     0.28%     0.28%  c2d      [kernel.kallsyms]     [k] next_uptodate_page
0.28% 0x1a2380;0x7f609007a758;0x7f6090290947;asm_exc_page_fault;exc_page_fault;do_user_addr_fault;handle_mm_fault;__handle_mm_fault;do_fault;filemap_map_pages;next_uptodate_page
     0.28%     0.00%  c2d      [unknown]             [k] 0x00000000001a2380
0.28% 0x1a2380;0x7f609007a758;0x7f6090290947;asm_exc_page_fault;exc_page_fault;do_user_addr_fault;handle_mm_fault;__handle_mm_fault;do_fault;filemap_map_pages;next_uptodate_page
     0.28%     0.00%  c2d      ld-linux-x86-64.so.2  [.] 0x00007f6090290947
0.28% 0x7f6090290947;asm_exc_page_fault;exc_page_fault;do_user_addr_fault;handle_mm_fault;__handle_mm_fault;do_fault;filemap_map_pages;next_uptodate_page
     0.28%     0.00%  c2d      [kernel.kallsyms]     [k] filemap_map_pages
0.28% filemap_map_pages;next_uptodate_page
     0.28%     0.28%  c2d      c2d                   [.] get_cnf_from_file
0.28% 0x7f608fd6724a;get_cnf_from_file;asm_exc_page_fault
     0.28%     0.28%  c2d      ld-linux-x86-64.so.2  [.] 0x000000000000996c
0.28% 0x11cc30;0x7f609007a758;0x7f6090290973
     0.28%     0.00%  c2d      [unknown]             [.] 0x000000000011cc30
0.28% 0x11cc30;0x7f609007a758;0x7f6090290973
     0.28%     0.00%  c2d      ld-linux-x86-64.so.2  [.] 0x00007f6090290973
0.28% 0x7f6090290973
     0.27%     0.27%  c2d      ld-linux-x86-64.so.2  [.] 0x0000000000008dd6
0.27% 0x7f609028fdda
     0.27%     0.00%  c2d      ld-linux-x86-64.so.2  [.] 0x00007f609028fdda
0.27% 0x7f609028fdda
     0.27%     0.27%  c2d      [kernel.kallsyms]     [k] native_irq_return_iret
0.27% 0x7f608fd6724a;main;cnf2ddnnf_cmd_line;free_cache_manager
     0.27%     0.27%  c2d      ld-linux-x86-64.so.2  [.] 0x000000000000e429
0.27% 0x7f60902a1a58;0x7f60902a122f;0x7f60902a4c99;0x7f609029542d
     0.27%     0.00%  c2d      ld-linux-x86-64.so.2  [.] 0x00007f609029542d
0.27% 0x7f609029542d
     0.27%     0.27%  c2d      [kernel.kallsyms]     [k] cgroup_rstat_updated
0.27% 0x7f60902a1a58;0x7f60902a122f;0x7f60902a7b27;entry_SYSCALL_64_after_hwframe;do_syscall_64;__x64_sys_munmap;__vm_munmap;do_mas_munmap;do_mas_align_munmap;unmap_region;unmap_vmas;unmap_page_range;page_remove_rmap;__mod_lruvec_page_state;__mod_memcg_lruvec_state;cgroup_rstat_updated
     0.27%     0.00%  c2d      ld-linux-x86-64.so.2  [.] 0x00007f60902a7b27
0.27% 0x7f60902a7b27;entry_SYSCALL_64_after_hwframe;do_syscall_64;__x64_sys_munmap;__vm_munmap;do_mas_munmap;do_mas_align_munmap;unmap_region;unmap_vmas;unmap_page_range;page_remove_rmap;__mod_lruvec_page_state;__mod_memcg_lruvec_state;cgroup_rstat_updated
     0.27%     0.00%  c2d      [kernel.kallsyms]     [k] page_remove_rmap
0.27% page_remove_rmap;__mod_lruvec_page_state;__mod_memcg_lruvec_state;cgroup_rstat_updated
     0.27%     0.00%  c2d      [kernel.kallsyms]     [k] __mod_lruvec_page_state
0.27% __mod_lruvec_page_state;__mod_memcg_lruvec_state;cgroup_rstat_updated
     0.27%     0.00%  c2d      [kernel.kallsyms]     [k] __mod_memcg_lruvec_state
0.27% __mod_memcg_lruvec_state;cgroup_rstat_updated
     0.27%     0.27%  c2d      ld-linux-x86-64.so.2  [.] 0x000000000000e2d8
0.27% 0x7f60902a1a58;0x7f60902a122f;0x7f60902a4c99;0x7f60902952dc
     0.27%     0.00%  c2d      ld-linux-x86-64.so.2  [.] 0x00007f60902952dc
0.27% 0x7f60902952dc
     0.27%     0.00%  c2d      [unknown]             [k] 0000000000000000
0.21% 0;__close_nocancel;entry_SYSCALL_64_after_hwframe;do_syscall_64;syscall_exit_to_user_mode;exit_to_user_mode_prepare;task_work_run;__fput;xfs_release;xfs_can_free_eofblocks;xfs_bmapi_read
0.04% 0;read;entry_SYSCALL_64_after_hwframe;do_syscall_64;ksys_read;vfs_read;xfs_file_read_iter;xfs_file_buffered_read;filemap_read
0.01% 0;read;entry_SYSCALL_64_after_hwframe;do_syscall_64;ksys_read;vfs_read;xfs_file_read_iter;xfs_file_buffered_read;filemap_read;filemap_get_pages;folio_wait_bit_common;io_schedule;schedule;__schedule;finish_task_switch.isra.0;__perf_event_task_sched_in;__intel_pmu_enable_all.constprop.0;native_write_msr
     0.27%     0.27%  c2d      [kernel.kallsyms]     [k] mprotect_fixup
0.27% 0x7f60902a1a58;0x7f60902a122f;0x7f60902a4c99;0x7f60902a7b47;entry_SYSCALL_64_after_hwframe;do_syscall_64;__x64_sys_mprotect;do_mprotect_pkey;mprotect_fixup
     0.27%     0.00%  c2d      ld-linux-x86-64.so.2  [.] 0x00007f60902a7b47
0.27% 0x7f60902a7b47;entry_SYSCALL_64_after_hwframe;do_syscall_64;__x64_sys_mprotect;do_mprotect_pkey;mprotect_fixup
     0.27%     0.00%  c2d      [kernel.kallsyms]     [k] __x64_sys_mprotect
0.27% __x64_sys_mprotect;do_mprotect_pkey;mprotect_fixup
     0.27%     0.00%  c2d      [kernel.kallsyms]     [k] do_mprotect_pkey
0.27% do_mprotect_pkey;mprotect_fixup
     0.26%     0.26%  c2d      [kernel.kallsyms]     [k] copy_page
0.26% 0x7f60902a1a58;0x7f60902a122f;0x7f60902a4c99;0x7f6090294d7c;asm_exc_page_fault;exc_page_fault;do_user_addr_fault;handle_mm_fault;__handle_mm_fault;do_fault;copy_page
     0.26%     0.00%  c2d      ld-linux-x86-64.so.2  [.] 0x00007f6090294d7c
0.26% 0x7f6090294d7c;asm_exc_page_fault;exc_page_fault;do_user_addr_fault;handle_mm_fault;__handle_mm_fault;do_fault;copy_page
     0.26%     0.00%  c2d      ld-linux-x86-64.so.2  [.] 0x00007f60902a8772
0.26% 0x7f60902a8772;__irqentry_text_end
     0.26%     0.26%  c2d      libc.so.6             [.] _IO_unsave_markers
0.26% _IO_unsave_markers
     0.25%     0.25%  c2d      [kernel.kallsyms]     [k] native_set_pte
0.25% 0x7f608fd6724a;main;cnf2ddnnf_cmd_line;compile_cnf;compile_dt;compile_dt;compile_decomposed;lookup_or_compile_dt;compile_dt;compile_dt;compile_decomposed;lookup_or_compile_dt;compile_decomposed;lookup_or_compile_dt;compile_dt;compile_dt;compile_decomposed;lookup_or_compile_dt;compile_decomposed;lookup_or_compile_dt;compile_decomposed;lookup_or_compile_dt;compile_decomposed;lookup_or_compile_dt;compile_decomposed;lookup_or_compile_dt;compile_decomposed;lookup_or_compile_dt;compile_decomposed;lookup_or_compile_dt;compile_decomposed;lookup_or_compile_dt;insert_cnf_cache;add_cache_entry;asm_exc_page_fault;exc_page_fault;do_user_addr_fault;handle_mm_fault;__handle_mm_fault;do_huge_pmd_wp_page;__split_huge_pmd;native_set_pte
     0.25%     0.00%  c2d      c2d                   [.] compile_decomposed
0.25% compile_decomposed;lookup_or_compile_dt;compile_dt;compile_dt;compile_decomposed;lookup_or_compile_dt;compile_decomposed;lookup_or_compile_dt;compile_dt;compile_dt;compile_decomposed;lookup_or_compile_dt;compile_decomposed;lookup_or_compile_dt;compile_decomposed;lookup_or_compile_dt;compile_decomposed;lookup_or_compile_dt;compile_decomposed;lookup_or_compile_dt;compile_decomposed;lookup_or_compile_dt;compile_decomposed;lookup_or_compile_dt;compile_decomposed;lookup_or_compile_dt;insert_cnf_cache;add_cache_entry;asm_exc_page_fault;exc_page_fault;do_user_addr_fault;handle_mm_fault;__handle_mm_fault;do_huge_pmd_wp_page;__split_huge_pmd;native_set_pte
     0.25%     0.00%  c2d      c2d                   [.] lookup_or_compile_dt
0.25% lookup_or_compile_dt;compile_dt;compile_dt;compile_decomposed;lookup_or_compile_dt;compile_decomposed;lookup_or_compile_dt;compile_dt;compile_dt;compile_decomposed;lookup_or_compile_dt;compile_decomposed;lookup_or_compile_dt;compile_decomposed;lookup_or_compile_dt;compile_decomposed;lookup_or_compile_dt;compile_decomposed;lookup_or_compile_dt;compile_decomposed;lookup_or_compile_dt;compile_decomposed;lookup_or_compile_dt;compile_decomposed;lookup_or_compile_dt;insert_cnf_cache;add_cache_entry;asm_exc_page_fault;exc_page_fault;do_user_addr_fault;handle_mm_fault;__handle_mm_fault;do_huge_pmd_wp_page;__split_huge_pmd;native_set_pte
     0.25%     0.00%  c2d      c2d                   [.] insert_cnf_cache
0.25% insert_cnf_cache;add_cache_entry;asm_exc_page_fault;exc_page_fault;do_user_addr_fault;handle_mm_fault;__handle_mm_fault;do_huge_pmd_wp_page;__split_huge_pmd;native_set_pte
     0.25%     0.00%  c2d      c2d                   [.] add_cache_entry
0.25% add_cache_entry;asm_exc_page_fault;exc_page_fault;do_user_addr_fault;handle_mm_fault;__handle_mm_fault;do_huge_pmd_wp_page;__split_huge_pmd;native_set_pte
     0.25%     0.00%  c2d      [kernel.kallsyms]     [k] do_huge_pmd_wp_page
0.25% do_huge_pmd_wp_page;__split_huge_pmd;native_set_pte
     0.25%     0.00%  c2d      [kernel.kallsyms]     [k] __split_huge_pmd
0.25% __split_huge_pmd;native_set_pte
     0.25%     0.25%  c2d      ld-linux-x86-64.so.2  [.] 0x00000000000071da
0.25% 0x7f60902ba8a8;0x7f609028f075;0x7f609028e1e0
     0.25%     0.00%  c2d      ld-linux-x86-64.so.2  [.] 0x00007f609028e1e0
0.25% 0x7f609028e1e0
     0.24%     0.00%  c2d      [unknown]             [k] 0x61735f656661732f
0.24% 0x61735f656661732f;open64;entry_SYSCALL_64_after_hwframe;do_syscall_64;__x64_sys_openat;do_sys_openat2;getname_flags.part.0;kmem_cache_alloc
     0.24%     0.00%  c2d      libc.so.6             [.] open64
0.24% open64;entry_SYSCALL_64_after_hwframe;do_syscall_64;__x64_sys_openat;do_sys_openat2;getname_flags.part.0;kmem_cache_alloc
     0.24%     0.00%  c2d      [kernel.kallsyms]     [k] __x64_sys_openat
0.24% __x64_sys_openat;do_sys_openat2;getname_flags.part.0;kmem_cache_alloc
     0.24%     0.00%  c2d      [kernel.kallsyms]     [k] do_sys_openat2
0.24% do_sys_openat2;getname_flags.part.0;kmem_cache_alloc
     0.24%     0.00%  c2d      [kernel.kallsyms]     [k] getname_flags.part.0
0.24% getname_flags.part.0;kmem_cache_alloc
     0.24%     0.24%  c2d      c2d                   [.] update_subsumption
0.24% 0x7f608fd6724a;main;cnf2ddnnf_cmd_line;compile_cnf;compile_dt;decide_literal;set_literal;update_subsumption
     0.24%     0.00%  c2d      c2d                   [.] decide_literal
0.24% decide_literal;set_literal;update_subsumption
     0.24%     0.00%  c2d      c2d                   [.] set_literal
0.24% set_literal;update_subsumption
     0.23%     0.23%  c2d      [kernel.kallsyms]     [k] link_path_walk.part.0.constprop.0
0.23% 0x7f60902a1a58;0x7f60902a122f;0x7f60902a7827;entry_SYSCALL_64_after_hwframe;do_syscall_64;do_faccessat;user_path_at_empty;filename_lookup;path_lookupat;link_path_walk.part.0.constprop.0
     0.23%     0.00%  c2d      ld-linux-x86-64.so.2  [.] 0x00007f60902a7827
0.23% 0x7f60902a7827;entry_SYSCALL_64_after_hwframe;do_syscall_64;do_faccessat;user_path_at_empty;filename_lookup;path_lookupat;link_path_walk.part.0.constprop.0
     0.23%     0.00%  c2d      [kernel.kallsyms]     [k] do_faccessat
0.23% do_faccessat;user_path_at_empty;filename_lookup;path_lookupat;link_path_walk.part.0.constprop.0
     0.23%     0.00%  c2d      [kernel.kallsyms]     [k] user_path_at_empty
0.23% user_path_at_empty;filename_lookup;path_lookupat;link_path_walk.part.0.constprop.0
     0.23%     0.00%  c2d      [kernel.kallsyms]     [k] filename_lookup
0.23% filename_lookup;path_lookupat;link_path_walk.part.0.constprop.0
     0.23%     0.00%  c2d      [kernel.kallsyms]     [k] path_lookupat
0.23% path_lookupat;link_path_walk.part.0.constprop.0
     0.23%     0.23%  c2d      libc.so.6             [.] 0x00000000000951f3
0.23% 0x7f608fdd51f7
     0.23%     0.00%  c2d      libc.so.6             [.] 0x00007f608fdd51f7
0.23% 0x7f608fdd51f7
     0.23%     0.23%  c2d      [kernel.kallsyms]     [k] security_mmap_addr
0.23% brk;entry_SYSCALL_64_after_hwframe;do_syscall_64;__do_sys_brk;check_brk_limits;get_unmapped_area;security_mmap_addr
     0.23%     0.00%  c2d      libc.so.6             [.] brk
0.23% brk;entry_SYSCALL_64_after_hwframe;do_syscall_64;__do_sys_brk;check_brk_limits;get_unmapped_area;security_mmap_addr
     0.23%     0.00%  c2d      [kernel.kallsyms]     [k] __do_sys_brk
0.23% __do_sys_brk;check_brk_limits;get_unmapped_area;security_mmap_addr
     0.23%     0.00%  c2d      [kernel.kallsyms]     [k] check_brk_limits
0.23% check_brk_limits;get_unmapped_area;security_mmap_addr
     0.23%     0.00%  c2d      [kernel.kallsyms]     [k] get_unmapped_area
0.23% get_unmapped_area;security_mmap_addr
     0.21%     0.21%  c2d      [xfs]                 [k] xfs_bmapi_read
0.21% 0;__close_nocancel;entry_SYSCALL_64_after_hwframe;do_syscall_64;syscall_exit_to_user_mode;exit_to_user_mode_prepare;task_work_run;__fput;xfs_release;xfs_can_free_eofblocks;xfs_bmapi_read
     0.21%     0.00%  c2d      libc.so.6             [.] __close_nocancel
0.21% __close_nocancel;entry_SYSCALL_64_after_hwframe;do_syscall_64;syscall_exit_to_user_mode;exit_to_user_mode_prepare;task_work_run;__fput;xfs_release;xfs_can_free_eofblocks;xfs_bmapi_read
     0.21%     0.00%  c2d      [kernel.kallsyms]     [k] syscall_exit_to_user_mode
0.21% syscall_exit_to_user_mode;exit_to_user_mode_prepare;task_work_run;__fput;xfs_release;xfs_can_free_eofblocks;xfs_bmapi_read
     0.21%     0.00%  c2d      [kernel.kallsyms]     [k] exit_to_user_mode_prepare
0.21% exit_to_user_mode_prepare;task_work_run;__fput;xfs_release;xfs_can_free_eofblocks;xfs_bmapi_read
     0.21%     0.00%  c2d      [kernel.kallsyms]     [k] task_work_run
0.21% task_work_run;__fput;xfs_release;xfs_can_free_eofblocks;xfs_bmapi_read
     0.21%     0.00%  c2d      [kernel.kallsyms]     [k] __fput
0.21% __fput;xfs_release;xfs_can_free_eofblocks;xfs_bmapi_read
     0.21%     0.00%  c2d      [xfs]                 [k] xfs_release
0.21% xfs_release;xfs_can_free_eofblocks;xfs_bmapi_read
     0.21%     0.00%  c2d      [xfs]                 [k] xfs_can_free_eofblocks
0.21% xfs_can_free_eofblocks;xfs_bmapi_read
     0.21%     0.21%  c2d      [kernel.kallsyms]     [k] get_page_from_freelist
0.21% 0x7f8a65af3a97;entry_SYSCALL_64_after_hwframe;do_syscall_64;__x64_sys_execve;do_execveat_common.isra.0;bprm_execve;load_elf_binary;_copy_to_user;copy_user_generic_string;asm_exc_page_fault;exc_page_fault;do_user_addr_fault;handle_mm_fault;__handle_mm_fault;vma_alloc_folio;__folio_alloc;__alloc_pages;get_page_from_freelist
     0.21%     0.00%  c2d      [kernel.kallsyms]     [k] _copy_to_user
0.21% _copy_to_user;copy_user_generic_string;asm_exc_page_fault;exc_page_fault;do_user_addr_fault;handle_mm_fault;__handle_mm_fault;vma_alloc_folio;__folio_alloc;__alloc_pages;get_page_from_freelist
     0.21%     0.00%  c2d      [kernel.kallsyms]     [k] copy_user_generic_string
0.21% copy_user_generic_string;asm_exc_page_fault;exc_page_fault;do_user_addr_fault;handle_mm_fault;__handle_mm_fault;vma_alloc_folio;__folio_alloc;__alloc_pages;get_page_from_freelist
     0.21%     0.00%  c2d      [kernel.kallsyms]     [k] vma_alloc_folio
0.21% vma_alloc_folio;__folio_alloc;__alloc_pages;get_page_from_freelist
     0.21%     0.00%  c2d      [kernel.kallsyms]     [k] __folio_alloc
0.21% __folio_alloc;__alloc_pages;get_page_from_freelist
     0.21%     0.00%  c2d      [kernel.kallsyms]     [k] __alloc_pages
0.21% __alloc_pages;get_page_from_freelist
     0.16%     0.16%  c2d      [kernel.kallsyms]     [k] memcg_slab_post_alloc_hook
0.16% 0x7f8a65af3a97;entry_SYSCALL_64_after_hwframe;do_syscall_64;__x64_sys_execve;do_execveat_common.isra.0;bprm_execve;load_elf_binary;elf_map;vm_mmap_pgoff;do_mmap;mmap_region;vm_area_alloc;kmem_cache_alloc;memcg_slab_post_alloc_hook
     0.16%     0.00%  c2d      [kernel.kallsyms]     [k] elf_map
0.16% elf_map;vm_mmap_pgoff;do_mmap;mmap_region;vm_area_alloc;kmem_cache_alloc;memcg_slab_post_alloc_hook
     0.16%     0.00%  c2d      [kernel.kallsyms]     [k] vm_mmap_pgoff
0.16% vm_mmap_pgoff;do_mmap;mmap_region;vm_area_alloc;kmem_cache_alloc;memcg_slab_post_alloc_hook
     0.16%     0.00%  c2d      [kernel.kallsyms]     [k] do_mmap
0.16% do_mmap;mmap_region;vm_area_alloc;kmem_cache_alloc;memcg_slab_post_alloc_hook
     0.16%     0.00%  c2d      [kernel.kallsyms]     [k] mmap_region
0.16% mmap_region;vm_area_alloc;kmem_cache_alloc;memcg_slab_post_alloc_hook
     0.16%     0.00%  c2d      [kernel.kallsyms]     [k] vm_area_alloc
0.16% vm_area_alloc;kmem_cache_alloc;memcg_slab_post_alloc_hook
     0.13%     0.13%  c2d      libc.so.6             [.] __isoc99_sscanf
0.13% 0x6b6e550a00642520;__isoc99_sscanf
     0.13%     0.00%  c2d      [unknown]             [.] 0x6b6e550a00642520
0.13% 0x6b6e550a00642520;__isoc99_sscanf
     0.06%     0.06%  c2d      [kernel.kallsyms]     [k] setup_new_exec
0.06% 0x7f8a65af3a97;entry_SYSCALL_64_after_hwframe;do_syscall_64;__x64_sys_execve;do_execveat_common.isra.0;bprm_execve;load_elf_binary;setup_new_exec
     0.05%     0.00%  c2d      libc.so.6             [.] read
0.04% read;entry_SYSCALL_64_after_hwframe;do_syscall_64;ksys_read;vfs_read;xfs_file_read_iter;xfs_file_buffered_read;filemap_read
0.01% read;entry_SYSCALL_64_after_hwframe;do_syscall_64;ksys_read;vfs_read;xfs_file_read_iter;xfs_file_buffered_read;filemap_read;filemap_get_pages;folio_wait_bit_common;io_schedule;schedule;__schedule;finish_task_switch.isra.0;__perf_event_task_sched_in;__intel_pmu_enable_all.constprop.0;native_write_msr
     0.05%     0.00%  c2d      [kernel.kallsyms]     [k] ksys_read
0.04% ksys_read;vfs_read;xfs_file_read_iter;xfs_file_buffered_read;filemap_read
0.01% ksys_read;vfs_read;xfs_file_read_iter;xfs_file_buffered_read;filemap_read;filemap_get_pages;folio_wait_bit_common;io_schedule;schedule;__schedule;finish_task_switch.isra.0;__perf_event_task_sched_in;__intel_pmu_enable_all.constprop.0;native_write_msr
     0.05%     0.00%  c2d      [kernel.kallsyms]     [k] vfs_read
0.04% vfs_read;xfs_file_read_iter;xfs_file_buffered_read;filemap_read
0.01% vfs_read;xfs_file_read_iter;xfs_file_buffered_read;filemap_read;filemap_get_pages;folio_wait_bit_common;io_schedule;schedule;__schedule;finish_task_switch.isra.0;__perf_event_task_sched_in;__intel_pmu_enable_all.constprop.0;native_write_msr
     0.05%     0.00%  c2d      [xfs]                 [k] xfs_file_read_iter
0.04% xfs_file_read_iter;xfs_file_buffered_read;filemap_read
0.01% xfs_file_read_iter;xfs_file_buffered_read;filemap_read;filemap_get_pages;folio_wait_bit_common;io_schedule;schedule;__schedule;finish_task_switch.isra.0;__perf_event_task_sched_in;__intel_pmu_enable_all.constprop.0;native_write_msr
     0.05%     0.00%  c2d      [xfs]                 [k] xfs_file_buffered_read
0.04% xfs_file_buffered_read;filemap_read
0.01% xfs_file_buffered_read;filemap_read;filemap_get_pages;folio_wait_bit_common;io_schedule;schedule;__schedule;finish_task_switch.isra.0;__perf_event_task_sched_in;__intel_pmu_enable_all.constprop.0;native_write_msr
     0.05%     0.04%  c2d      [kernel.kallsyms]     [k] filemap_read
0.04% 0;read;entry_SYSCALL_64_after_hwframe;do_syscall_64;ksys_read;vfs_read;xfs_file_read_iter;xfs_file_buffered_read;filemap_read
0.01% filemap_read;filemap_get_pages;folio_wait_bit_common;io_schedule;schedule;__schedule;finish_task_switch.isra.0;__perf_event_task_sched_in;__intel_pmu_enable_all.constprop.0;native_write_msr
     0.02%     0.00%  perf-ex  [unknown]             [k] 0x00007f8a65af3a97
0.02% 0x7f8a65af3a97;entry_SYSCALL_64_after_hwframe;do_syscall_64;__x64_sys_execve;do_execveat_common.isra.0;bprm_execve;load_elf_binary;begin_new_exec;perf_event_exec;perf_lock_task_context
     0.02%     0.00%  perf-ex  [kernel.kallsyms]     [k] entry_SYSCALL_64_after_hwframe
0.02% entry_SYSCALL_64_after_hwframe;do_syscall_64;__x64_sys_execve;do_execveat_common.isra.0;bprm_execve;load_elf_binary;begin_new_exec;perf_event_exec;perf_lock_task_context
     0.02%     0.00%  perf-ex  [kernel.kallsyms]     [k] do_syscall_64
0.02% do_syscall_64;__x64_sys_execve;do_execveat_common.isra.0;bprm_execve;load_elf_binary;begin_new_exec;perf_event_exec;perf_lock_task_context
     0.02%     0.00%  perf-ex  [kernel.kallsyms]     [k] __x64_sys_execve
0.02% __x64_sys_execve;do_execveat_common.isra.0;bprm_execve;load_elf_binary;begin_new_exec;perf_event_exec;perf_lock_task_context
     0.02%     0.00%  perf-ex  [kernel.kallsyms]     [k] do_execveat_common.isra.0
0.02% do_execveat_common.isra.0;bprm_execve;load_elf_binary;begin_new_exec;perf_event_exec;perf_lock_task_context
     0.02%     0.00%  perf-ex  [kernel.kallsyms]     [k] bprm_execve
0.02% bprm_execve;load_elf_binary;begin_new_exec;perf_event_exec;perf_lock_task_context
     0.02%     0.00%  perf-ex  [kernel.kallsyms]     [k] load_elf_binary
0.02% load_elf_binary;begin_new_exec;perf_event_exec;perf_lock_task_context
     0.02%     0.00%  perf-ex  [kernel.kallsyms]     [k] begin_new_exec
0.02% begin_new_exec;perf_event_exec;perf_lock_task_context
     0.02%     0.00%  perf-ex  [kernel.kallsyms]     [k] perf_event_exec
0.02% perf_event_exec;perf_lock_task_context
     0.02%     0.02%  perf-ex  [kernel.kallsyms]     [k] perf_lock_task_context
0.02% 0x7f8a65af3a97;entry_SYSCALL_64_after_hwframe;do_syscall_64;__x64_sys_execve;do_execveat_common.isra.0;bprm_execve;load_elf_binary;begin_new_exec;perf_event_exec;perf_lock_task_context
     0.01%     0.00%  c2d      [kernel.kallsyms]     [k] native_write_msr
0.01% native_write_msr
     0.01%     0.00%  c2d      [kernel.kallsyms]     [k] filemap_get_pages
0.01% filemap_get_pages;folio_wait_bit_common;io_schedule;schedule;__schedule;finish_task_switch.isra.0;__perf_event_task_sched_in;__intel_pmu_enable_all.constprop.0;native_write_msr
     0.01%     0.00%  c2d      [kernel.kallsyms]     [k] folio_wait_bit_common
0.01% folio_wait_bit_common;io_schedule;schedule;__schedule;finish_task_switch.isra.0;__perf_event_task_sched_in;__intel_pmu_enable_all.constprop.0;native_write_msr
     0.01%     0.00%  c2d      [kernel.kallsyms]     [k] io_schedule
0.01% io_schedule;schedule;__schedule;finish_task_switch.isra.0;__perf_event_task_sched_in;__intel_pmu_enable_all.constprop.0;native_write_msr
     0.01%     0.00%  c2d      [kernel.kallsyms]     [k] schedule
0.01% schedule;__schedule;finish_task_switch.isra.0;__perf_event_task_sched_in;__intel_pmu_enable_all.constprop.0;native_write_msr
     0.01%     0.00%  c2d      [kernel.kallsyms]     [k] __schedule
0.01% __schedule;finish_task_switch.isra.0;__perf_event_task_sched_in;__intel_pmu_enable_all.constprop.0;native_write_msr
     0.01%     0.00%  c2d      [kernel.kallsyms]     [k] finish_task_switch.isra.0
0.01% finish_task_switch.isra.0;__perf_event_task_sched_in;__intel_pmu_enable_all.constprop.0;native_write_msr
     0.01%     0.00%  c2d      [kernel.kallsyms]     [k] __perf_event_task_sched_in
0.01% __perf_event_task_sched_in;__intel_pmu_enable_all.constprop.0;native_write_msr
     0.01%     0.00%  c2d      [kernel.kallsyms]     [k] __intel_pmu_enable_all.constprop.0
0.01% __intel_pmu_enable_all.constprop.0;native_write_msr
     0.01%     0.01%  c2d      [kernel.kallsyms]     [k] native_flush_tlb_one_user
0.01% 0;read;entry_SYSCALL_64_after_hwframe;do_syscall_64;ksys_read;vfs_read;xfs_file_read_iter;xfs_file_buffered_read;filemap_read;filemap_get_pages;folio_wait_bit_common;io_schedule;schedule;__schedule;finish_task_switch.isra.0;__perf_event_task_sched_in;__intel_pmu_enable_all.constprop.0;native_write_msr
     0.00%     0.00%  perf-ex  [kernel.kallsyms]     [k] native_write_msr
     0.00%     0.00%  perf-ex  [kernel.kallsyms]     [k] __intel_pmu_enable_all.constprop.0
     0.00%     0.00%  perf-ex  [kernel.kallsyms]     [k] fill_pte
     0.00%     0.00%  c2d      [kernel.kallsyms]     [k] native_set_fixmap
     0.00%     0.00%  perf-ex  [kernel.kallsyms]     [k] nmi_cpu_backtrace_handler
     0.00%     0.00%  c2d      [kernel.kallsyms]     [k] native_sched_clock


#
# (Tip: If you have debuginfo enabled, try: perf report -s sym,srcline)
#
