# To display the perf.data header info, please use --header/--header-only options.
#
#
# Total Lost Samples: 0
#
# Samples: 357  of event 'cycles'
# Event count (approx.): 238285249
#
# Children      Self  Command  Shared Object         Symbol                                               
# ........  ........  .......  ....................  .....................................................
#
    94.02%     0.00%  c2d      libc.so.6             [.] 0x00007fd0dcc4624a
88.69% 0x7fd0dcc4624a;main;cnf2ddnnf_cmd_line;free_cache_manager
0.60% 0x7fd0dcc4624a;main;cnf2ddnnf_cmd_line;free_cache_manager;asm_exc_page_fault;exc_page_fault;do_user_addr_fault;handle_mm_fault;__handle_mm_fault;do_huge_pmd_anonymous_page;pgtable_trans_huge_deposit
0.30% 0x7fd0dcc4624a;main;cnf2ddnnf_cmd_line;free_cache_manager;asm_exc_page_fault;exc_page_fault;do_user_addr_fault;handle_mm_fault;__handle_mm_fault
0.30% 0x7fd0dcc4624a;main;cnf2ddnnf_cmd_line;free_cache_manager;asm_exc_page_fault;exc_page_fault;do_user_addr_fault;handle_mm_fault;__handle_mm_fault;do_huge_pmd_anonymous_page;pte_alloc_one;__alloc_pages;__memcg_kmem_charge_page;__get_obj_cgroup_from_memcg
0.30% 0x7fd0dcc4624a;main;cnf2ddnnf_cmd_line;free_cache_manager;cfree
0.30% 0x7fd0dcc4624a;main;cnf2ddnnf_cmd_line;free_cache_manager;asm_exc_page_fault;exc_page_fault;do_user_addr_fault;handle_mm_fault;__handle_mm_fault;do_huge_pmd_anonymous_page;pgtable_trans_huge_deposit;__list_add_valid
0.30% 0x7fd0dcc4624a;main;cnf2ddnnf_cmd_line;free_dtree_manager;free_dtree;free_dtree;free_dtree;free_dtree;free_dtree;free_dtree;free_dtree;free_dtree;free_dtree;free_dtree;free_dtree;free_dtree;free_dtree;free_dtree;free_dtree;free_dtree;free_dtree;free_dtree;free_dtree;free_dtree;free_dtree
0.29% 0x7fd0dcc4624a;main;cnf2ddnnf_cmd_line;compile_cnf;compile_dt;compile_dt;compile_decomposed;lookup_or_compile_dt;compile_dt;compile_dt;compile_decomposed;lookup_or_compile_dt;compile_decomposed;lookup_or_compile_dt;compile_dt;compile_dt;compile_decomposed;lookup_or_compile_dt;compile_dt;compile_dt;compile_decomposed;lookup_or_compile_dt;compile_decomposed;lookup_or_compile_dt;compile_decomposed;lookup_or_compile_dt;compile_dt;compile_dt;compile_decomposed;lookup_or_compile_dt;compile_decomposed;lookup_or_compile_dt;compile_decomposed;lookup_or_compile_dt;compile_decomposed;lookup_or_compile_dt;compile_decomposed;lookup_or_compile_dt;compile_decomposed;lookup_or_compile_dt;compile_decomposed;lookup_or_compile_dt;compile_dt;compile_dt;compile_decomposed;lookup_or_compile_dt;compile_decomposed;lookup_or_compile_dt;compile_decomposed;lookup_or_compile_dt;compile_decomposed;lookup_or_compile_dt;compile_decomposed;lookup_or_compile_dt;compile_decomposed;lookup_or_compile_dt;compile_decomposed;lookup_or_compile_dt;compile_decomposed;lookup_or_compile_dt;compile_dt;disjoin_nnfs;disjoin_nnfs_i;get_or_node;new_or_node;asm_exc_page_fault;exc_page_fault;do_user_addr_fault;handle_mm_fault;__handle_mm_fault;vma_alloc_folio;__folio_alloc;__alloc_pages;get_page_from_freelist;clear_page_rep
0.29% 0x7fd0dcc4624a;main;cnf2ddnnf_cmd_line;compile_cnf;compile_dt;compile_dt;compile_decomposed;lookup_or_compile_dt;compile_dt;compile_dt;compile_decomposed;lookup_or_compile_dt;compile_decomposed;lookup_or_compile_dt;compile_dt;compile_dt;compile_decomposed;lookup_or_compile_dt;compile_dt;compile_dt;compile_decomposed;lookup_or_compile_dt;compile_decomposed;lookup_or_compile_dt;compile_decomposed;lookup_or_compile_dt;compile_dt;compile_dt;compile_decomposed;lookup_or_compile_dt;compile_decomposed;lookup_or_compile_dt;compile_decomposed;lookup_or_compile_dt;compile_decomposed;lookup_or_compile_dt;compile_decomposed;lookup_or_compile_dt;compile_decomposed;lookup_or_compile_dt;compile_decomposed;lookup_or_compile_dt;compile_dt;compile_dt;compile_decomposed;lookup_or_compile_dt;compile_decomposed;lookup_or_compile_dt;compile_decomposed;lookup_or_compile_dt;compile_decomposed;lookup_or_compile_dt;compile_decomposed;lookup_or_compile_dt;compile_decomposed;lookup_or_compile_dt;compile_decomposed;lookup_or_compile_dt;compile_decomposed;lookup_or_compile_dt;compile_decomposed;lookup_or_compile_dt;compile_decomposed;lookup_or_compile_dt;compile_decomposed;lookup_or_compile_dt;compile_decomposed;lookup_or_compile_dt;compile_decomposed;lookup_or_compile_dt;compile_dt;conjoin_nnfs_lits
0.29% 0x7fd0dcc4624a;main;cnf2ddnnf_cmd_line;compile_cnf;compile_dt;compile_dt;compile_decomposed;lookup_or_compile_dt;compile_dt;compile_dt;compile_decomposed;lookup_or_compile_dt;compile_decomposed;lookup_or_compile_dt;compile_dt;compile_dt;compile_decomposed;lookup_or_compile_dt;compile_decomposed;lookup_or_compile_dt;compile_decomposed;lookup_or_compile_dt;compile_decomposed;lookup_or_compile_dt;compile_dt;compile_dt;compile_decomposed;lookup_or_compile_dt;compile_decomposed;lookup_or_compile_dt;compile_decomposed;lookup_or_compile_dt;compile_decomposed;lookup_or_compile_dt;compile_decomposed;lookup_or_compile_dt;compile_decomposed;lookup_or_compile_dt;compile_decomposed;lookup_or_compile_dt;compile_dt;compile_dt;compile_decomposed;conjoin_nnfs_lits;conjoin_relevant_lits;get_and_node;new_and_node;set_and_node_children;asm_exc_page_fault
0.28% 0x7fd0dcc4624a;main;cnf2ddnnf_cmd_line;compile_cnf;compile_dt;compile_dt;compile_decomposed;lookup_or_compile_dt;compile_dt;compile_dt;compile_decomposed;lookup_or_compile_dt;compile_decomposed;lookup_or_compile_dt;compile_decomposed;lookup_or_compile_dt;compile_decomposed;lookup_or_compile_dt;compile_decomposed;lookup_or_compile_dt;compile_decomposed;lookup_or_compile_dt;compile_dt;compile_dt;compile_decomposed;lookup_or_compile_dt;compile_decomposed;lookup_or_compile_dt;compile_decomposed;lookup_or_compile_dt;compile_decomposed;lookup_or_compile_dt;compile_decomposed;lookup_or_compile_dt;compile_decomposed;lookup_or_compile_dt;compile_decomposed;lookup_or_compile_dt;compile_dt;compile_dt;compile_decomposed;lookup_or_compile_dt;compile_decomposed;lookup_or_compile_dt;compile_decomposed;lookup_or_compile_dt;compile_decomposed;lookup_or_compile_dt;compile_decomposed;lookup_or_compile_dt;compile_decomposed;lookup_or_compile_dt;compile_decomposed;lookup_or_compile_dt
0.28% 0x7fd0dcc4624a;main;cnf2ddnnf_cmd_line;compile_cnf;compile_dt;compile_dt;compile_decomposed;lookup_or_compile_dt;compile_decomposed;lookup_or_compile_dt;compile_decomposed;lookup_or_compile_dt;compile_decomposed;lookup_or_compile_dt;compile_decomposed;lookup_or_compile_dt;compile_decomposed;lookup_or_compile_dt;compile_decomposed;lookup_or_compile_dt;compile_dt;compile_dt;compile_decomposed;lookup_or_compile_dt;compile_decomposed;lookup_or_compile_dt;compile_decomposed;lookup_or_compile_dt;compile_decomposed;lookup_or_compile_dt;compile_decomposed;lookup_or_compile_dt;compile_decomposed;lookup_or_compile_dt;compile_dt;compile_dt;compile_decomposed;lookup_or_compile_dt;compile_decomposed;lookup_or_compile_dt;compile_decomposed;lookup_or_compile_dt;compile_decomposed;lookup_or_compile_dt;compile_decomposed;lookup_or_compile_dt;compile_decomposed;lookup_or_compile_dt;compile_decomposed;lookup_or_compile_dt;compile_decomposed;lookup_or_compile_dt;compile_dt;compile_dt;compile_decomposed;lookup_or_compile_dt;compile_decomposed;lookup_or_compile_dt;compile_dt;select_separator;find_max
0.27% 0x7fd0dcc4624a;main;cnf2ddnnf_cmd_line;compile_cnf;compile_dt;decide_literal;set_literal;update_subsumption
0.27% 0x7fd0dcc4624a;main;cnf2ddnnf_cmd_line;free_hdtree;free_hdtree;free_hdtree;free_hdtree;free_hdtree;free_hdtree;free_hdtree;free_hdtree;free_hdtree;free_hdtree;cfree
0.26% 0x7fd0dcc4624a;main;cnf2ddnnf_cmd_line;construct_cnf_manager;initialize_cnf_manager
0.26% 0x7fd0dcc4624a;main;cnf2ddnnf_cmd_line;load_hdtree_from_file;__isoc99_fscanf;0x7fd0dcc7ddd4
0.25% 0x7fd0dcc4624a;main;cnf2ddnnf_cmd_line;load_hdtree_from_file;dtree_skeleton2hdtree;initialize_hdtree;initialize_hdtree;initialize_hdtree;initialize_hdtree;initialize_hdtree;initialize_hdtree;initialize_hdtree;initialize_hdtree;initialize_hdtree;initialize_hdtree;initialize_hdtree;initialize_hdtree;initialize_hdtree;initialize_hdtree;initialize_hdtree;initialize_hdtree;initialize_hdtree;initialize_hdtree;initialize_hdtree;initialize_hdtree;initialize_hdtree;initialize_hdtree;initialize_hdtree;initialize_hdtree;initialize_hdtree;initialize_hdtree;initialize_hdtree;initialize_hdtree;initialize_hdtree;initialize_hdtree;edges_intersection
0.25% 0x7fd0dcc4624a;main;cnf2ddnnf_cmd_line;__libc_calloc
0.24% 0x7fd0dcc4624a;main;cnf2ddnnf_cmd_line;load_hdtree_from_file;dtree_skeleton2hdtree;edges_union
    94.02%     0.00%  c2d      c2d                   [.] main
88.69% main;cnf2ddnnf_cmd_line;free_cache_manager
0.60% main;cnf2ddnnf_cmd_line;free_cache_manager;asm_exc_page_fault;exc_page_fault;do_user_addr_fault;handle_mm_fault;__handle_mm_fault;do_huge_pmd_anonymous_page;pgtable_trans_huge_deposit
0.30% main;cnf2ddnnf_cmd_line;free_cache_manager;asm_exc_page_fault;exc_page_fault;do_user_addr_fault;handle_mm_fault;__handle_mm_fault
0.30% main;cnf2ddnnf_cmd_line;free_cache_manager;asm_exc_page_fault;exc_page_fault;do_user_addr_fault;handle_mm_fault;__handle_mm_fault;do_huge_pmd_anonymous_page;pte_alloc_one;__alloc_pages;__memcg_kmem_charge_page;__get_obj_cgroup_from_memcg
0.30% main;cnf2ddnnf_cmd_line;free_cache_manager;cfree
0.30% main;cnf2ddnnf_cmd_line;free_cache_manager;asm_exc_page_fault;exc_page_fault;do_user_addr_fault;handle_mm_fault;__handle_mm_fault;do_huge_pmd_anonymous_page;pgtable_trans_huge_deposit;__list_add_valid
0.30% main;cnf2ddnnf_cmd_line;free_dtree_manager;free_dtree;free_dtree;free_dtree;free_dtree;free_dtree;free_dtree;free_dtree;free_dtree;free_dtree;free_dtree;free_dtree;free_dtree;free_dtree;free_dtree;free_dtree;free_dtree;free_dtree;free_dtree;free_dtree;free_dtree;free_dtree
0.29% main;cnf2ddnnf_cmd_line;compile_cnf;compile_dt;compile_dt;compile_decomposed;lookup_or_compile_dt;compile_dt;compile_dt;compile_decomposed;lookup_or_compile_dt;compile_decomposed;lookup_or_compile_dt;compile_dt;compile_dt;compile_decomposed;lookup_or_compile_dt;compile_dt;compile_dt;compile_decomposed;lookup_or_compile_dt;compile_decomposed;lookup_or_compile_dt;compile_decomposed;lookup_or_compile_dt;compile_dt;compile_dt;compile_decomposed;lookup_or_compile_dt;compile_decomposed;lookup_or_compile_dt;compile_decomposed;lookup_or_compile_dt;compile_decomposed;lookup_or_compile_dt;compile_decomposed;lookup_or_compile_dt;compile_decomposed;lookup_or_compile_dt;compile_decomposed;lookup_or_compile_dt;compile_dt;compile_dt;compile_decomposed;lookup_or_compile_dt;compile_decomposed;lookup_or_compile_dt;compile_decomposed;lookup_or_compile_dt;compile_decomposed;lookup_or_compile_dt;compile_decomposed;lookup_or_compile_dt;compile_decomposed;lookup_or_compile_dt;compile_decomposed;lookup_or_compile_dt;compile_decomposed;lookup_or_compile_dt;compile_dt;disjoin_nnfs;disjoin_nnfs_i;get_or_node;new_or_node;asm_exc_page_fault;exc_page_fault;do_user_addr_fault;handle_mm_fault;__handle_mm_fault;vma_alloc_folio;__folio_alloc;__alloc_pages;get_page_from_freelist;clear_page_rep
0.29% main;cnf2ddnnf_cmd_line;compile_cnf;compile_dt;compile_dt;compile_decomposed;lookup_or_compile_dt;compile_dt;compile_dt;compile_decomposed;lookup_or_compile_dt;compile_decomposed;lookup_or_compile_dt;compile_dt;compile_dt;compile_decomposed;lookup_or_compile_dt;compile_dt;compile_dt;compile_decomposed;lookup_or_compile_dt;compile_decomposed;lookup_or_compile_dt;compile_decomposed;lookup_or_compile_dt;compile_dt;compile_dt;compile_decomposed;lookup_or_compile_dt;compile_decomposed;lookup_or_compile_dt;compile_decomposed;lookup_or_compile_dt;compile_decomposed;lookup_or_compile_dt;compile_decomposed;lookup_or_compile_dt;compile_decomposed;lookup_or_compile_dt;compile_decomposed;lookup_or_compile_dt;compile_dt;compile_dt;compile_decomposed;lookup_or_compile_dt;compile_decomposed;lookup_or_compile_dt;compile_decomposed;lookup_or_compile_dt;compile_decomposed;lookup_or_compile_dt;compile_decomposed;lookup_or_compile_dt;compile_decomposed;lookup_or_compile_dt;compile_decomposed;lookup_or_compile_dt;compile_decomposed;lookup_or_compile_dt;compile_decomposed;lookup_or_compile_dt;compile_decomposed;lookup_or_compile_dt;compile_decomposed;lookup_or_compile_dt;compile_decomposed;lookup_or_compile_dt;compile_decomposed;lookup_or_compile_dt;compile_dt;conjoin_nnfs_lits
0.29% main;cnf2ddnnf_cmd_line;compile_cnf;compile_dt;compile_dt;compile_decomposed;lookup_or_compile_dt;compile_dt;compile_dt;compile_decomposed;lookup_or_compile_dt;compile_decomposed;lookup_or_compile_dt;compile_dt;compile_dt;compile_decomposed;lookup_or_compile_dt;compile_decomposed;lookup_or_compile_dt;compile_decomposed;lookup_or_compile_dt;compile_decomposed;lookup_or_compile_dt;compile_dt;compile_dt;compile_decomposed;lookup_or_compile_dt;compile_decomposed;lookup_or_compile_dt;compile_decomposed;lookup_or_compile_dt;compile_decomposed;lookup_or_compile_dt;compile_decomposed;lookup_or_compile_dt;compile_decomposed;lookup_or_compile_dt;compile_decomposed;lookup_or_compile_dt;compile_dt;compile_dt;compile_decomposed;conjoin_nnfs_lits;conjoin_relevant_lits;get_and_node;new_and_node;set_and_node_children;asm_exc_page_fault
0.28% main;cnf2ddnnf_cmd_line;compile_cnf;compile_dt;compile_dt;compile_decomposed;lookup_or_compile_dt;compile_dt;compile_dt;compile_decomposed;lookup_or_compile_dt;compile_decomposed;lookup_or_compile_dt;compile_decomposed;lookup_or_compile_dt;compile_decomposed;lookup_or_compile_dt;compile_decomposed;lookup_or_compile_dt;compile_decomposed;lookup_or_compile_dt;compile_dt;compile_dt;compile_decomposed;lookup_or_compile_dt;compile_decomposed;lookup_or_compile_dt;compile_decomposed;lookup_or_compile_dt;compile_decomposed;lookup_or_compile_dt;compile_decomposed;lookup_or_compile_dt;compile_decomposed;lookup_or_compile_dt;compile_decomposed;lookup_or_compile_dt;compile_dt;compile_dt;compile_decomposed;lookup_or_compile_dt;compile_decomposed;lookup_or_compile_dt;compile_decomposed;lookup_or_compile_dt;compile_decomposed;lookup_or_compile_dt;compile_decomposed;lookup_or_compile_dt;compile_decomposed;lookup_or_compile_dt;compile_decomposed;lookup_or_compile_dt
0.28% main;cnf2ddnnf_cmd_line;compile_cnf;compile_dt;compile_dt;compile_decomposed;lookup_or_compile_dt;compile_decomposed;lookup_or_compile_dt;compile_decomposed;lookup_or_compile_dt;compile_decomposed;lookup_or_compile_dt;compile_decomposed;lookup_or_compile_dt;compile_decomposed;lookup_or_compile_dt;compile_decomposed;lookup_or_compile_dt;compile_dt;compile_dt;compile_decomposed;lookup_or_compile_dt;compile_decomposed;lookup_or_compile_dt;compile_decomposed;lookup_or_compile_dt;compile_decomposed;lookup_or_compile_dt;compile_decomposed;lookup_or_compile_dt;compile_decomposed;lookup_or_compile_dt;compile_dt;compile_dt;compile_decomposed;lookup_or_compile_dt;compile_decomposed;lookup_or_compile_dt;compile_decomposed;lookup_or_compile_dt;compile_decomposed;lookup_or_compile_dt;compile_decomposed;lookup_or_compile_dt;compile_decomposed;lookup_or_compile_dt;compile_decomposed;lookup_or_compile_dt;compile_decomposed;lookup_or_compile_dt;compile_dt;compile_dt;compile_decomposed;lookup_or_compile_dt;compile_decomposed;lookup_or_compile_dt;compile_dt;select_separator;find_max
0.27% main;cnf2ddnnf_cmd_line;compile_cnf;compile_dt;decide_literal;set_literal;update_subsumption
0.27% main;cnf2ddnnf_cmd_line;free_hdtree;free_hdtree;free_hdtree;free_hdtree;free_hdtree;free_hdtree;free_hdtree;free_hdtree;free_hdtree;free_hdtree;cfree
0.26% main;cnf2ddnnf_cmd_line;construct_cnf_manager;initialize_cnf_manager
0.26% main;cnf2ddnnf_cmd_line;load_hdtree_from_file;__isoc99_fscanf;0x7fd0dcc7ddd4
0.25% main;cnf2ddnnf_cmd_line;load_hdtree_from_file;dtree_skeleton2hdtree;initialize_hdtree;initialize_hdtree;initialize_hdtree;initialize_hdtree;initialize_hdtree;initialize_hdtree;initialize_hdtree;initialize_hdtree;initialize_hdtree;initialize_hdtree;initialize_hdtree;initialize_hdtree;initialize_hdtree;initialize_hdtree;initialize_hdtree;initialize_hdtree;initialize_hdtree;initialize_hdtree;initialize_hdtree;initialize_hdtree;initialize_hdtree;initialize_hdtree;initialize_hdtree;initialize_hdtree;initialize_hdtree;initialize_hdtree;initialize_hdtree;initialize_hdtree;initialize_hdtree;initialize_hdtree;edges_intersection
0.25% main;cnf2ddnnf_cmd_line;__libc_calloc
0.24% main;cnf2ddnnf_cmd_line;load_hdtree_from_file;dtree_skeleton2hdtree;edges_union
    94.02%     0.00%  c2d      c2d                   [.] cnf2ddnnf_cmd_line
88.69% cnf2ddnnf_cmd_line;free_cache_manager
0.60% cnf2ddnnf_cmd_line;free_cache_manager;asm_exc_page_fault;exc_page_fault;do_user_addr_fault;handle_mm_fault;__handle_mm_fault;do_huge_pmd_anonymous_page;pgtable_trans_huge_deposit
0.30% cnf2ddnnf_cmd_line;free_cache_manager;asm_exc_page_fault;exc_page_fault;do_user_addr_fault;handle_mm_fault;__handle_mm_fault
0.30% cnf2ddnnf_cmd_line;free_cache_manager;asm_exc_page_fault;exc_page_fault;do_user_addr_fault;handle_mm_fault;__handle_mm_fault;do_huge_pmd_anonymous_page;pte_alloc_one;__alloc_pages;__memcg_kmem_charge_page;__get_obj_cgroup_from_memcg
0.30% cnf2ddnnf_cmd_line;free_cache_manager;cfree
0.30% cnf2ddnnf_cmd_line;free_cache_manager;asm_exc_page_fault;exc_page_fault;do_user_addr_fault;handle_mm_fault;__handle_mm_fault;do_huge_pmd_anonymous_page;pgtable_trans_huge_deposit;__list_add_valid
0.30% cnf2ddnnf_cmd_line;free_dtree_manager;free_dtree;free_dtree;free_dtree;free_dtree;free_dtree;free_dtree;free_dtree;free_dtree;free_dtree;free_dtree;free_dtree;free_dtree;free_dtree;free_dtree;free_dtree;free_dtree;free_dtree;free_dtree;free_dtree;free_dtree;free_dtree
0.29% cnf2ddnnf_cmd_line;compile_cnf;compile_dt;compile_dt;compile_decomposed;lookup_or_compile_dt;compile_dt;compile_dt;compile_decomposed;lookup_or_compile_dt;compile_decomposed;lookup_or_compile_dt;compile_dt;compile_dt;compile_decomposed;lookup_or_compile_dt;compile_dt;compile_dt;compile_decomposed;lookup_or_compile_dt;compile_decomposed;lookup_or_compile_dt;compile_decomposed;lookup_or_compile_dt;compile_dt;compile_dt;compile_decomposed;lookup_or_compile_dt;compile_decomposed;lookup_or_compile_dt;compile_decomposed;lookup_or_compile_dt;compile_decomposed;lookup_or_compile_dt;compile_decomposed;lookup_or_compile_dt;compile_decomposed;lookup_or_compile_dt;compile_decomposed;lookup_or_compile_dt;compile_dt;compile_dt;compile_decomposed;lookup_or_compile_dt;compile_decomposed;lookup_or_compile_dt;compile_decomposed;lookup_or_compile_dt;compile_decomposed;lookup_or_compile_dt;compile_decomposed;lookup_or_compile_dt;compile_decomposed;lookup_or_compile_dt;compile_decomposed;lookup_or_compile_dt;compile_decomposed;lookup_or_compile_dt;compile_dt;disjoin_nnfs;disjoin_nnfs_i;get_or_node;new_or_node;asm_exc_page_fault;exc_page_fault;do_user_addr_fault;handle_mm_fault;__handle_mm_fault;vma_alloc_folio;__folio_alloc;__alloc_pages;get_page_from_freelist;clear_page_rep
0.29% cnf2ddnnf_cmd_line;compile_cnf;compile_dt;compile_dt;compile_decomposed;lookup_or_compile_dt;compile_dt;compile_dt;compile_decomposed;lookup_or_compile_dt;compile_decomposed;lookup_or_compile_dt;compile_dt;compile_dt;compile_decomposed;lookup_or_compile_dt;compile_dt;compile_dt;compile_decomposed;lookup_or_compile_dt;compile_decomposed;lookup_or_compile_dt;compile_decomposed;lookup_or_compile_dt;compile_dt;compile_dt;compile_decomposed;lookup_or_compile_dt;compile_decomposed;lookup_or_compile_dt;compile_decomposed;lookup_or_compile_dt;compile_decomposed;lookup_or_compile_dt;compile_decomposed;lookup_or_compile_dt;compile_decomposed;lookup_or_compile_dt;compile_decomposed;lookup_or_compile_dt;compile_dt;compile_dt;compile_decomposed;lookup_or_compile_dt;compile_decomposed;lookup_or_compile_dt;compile_decomposed;lookup_or_compile_dt;compile_decomposed;lookup_or_compile_dt;compile_decomposed;lookup_or_compile_dt;compile_decomposed;lookup_or_compile_dt;compile_decomposed;lookup_or_compile_dt;compile_decomposed;lookup_or_compile_dt;compile_decomposed;lookup_or_compile_dt;compile_decomposed;lookup_or_compile_dt;compile_decomposed;lookup_or_compile_dt;compile_decomposed;lookup_or_compile_dt;compile_decomposed;lookup_or_compile_dt;compile_dt;conjoin_nnfs_lits
0.29% cnf2ddnnf_cmd_line;compile_cnf;compile_dt;compile_dt;compile_decomposed;lookup_or_compile_dt;compile_dt;compile_dt;compile_decomposed;lookup_or_compile_dt;compile_decomposed;lookup_or_compile_dt;compile_dt;compile_dt;compile_decomposed;lookup_or_compile_dt;compile_decomposed;lookup_or_compile_dt;compile_decomposed;lookup_or_compile_dt;compile_decomposed;lookup_or_compile_dt;compile_dt;compile_dt;compile_decomposed;lookup_or_compile_dt;compile_decomposed;lookup_or_compile_dt;compile_decomposed;lookup_or_compile_dt;compile_decomposed;lookup_or_compile_dt;compile_decomposed;lookup_or_compile_dt;compile_decomposed;lookup_or_compile_dt;compile_decomposed;lookup_or_compile_dt;compile_dt;compile_dt;compile_decomposed;conjoin_nnfs_lits;conjoin_relevant_lits;get_and_node;new_and_node;set_and_node_children;asm_exc_page_fault
0.28% cnf2ddnnf_cmd_line;compile_cnf;compile_dt;compile_dt;compile_decomposed;lookup_or_compile_dt;compile_dt;compile_dt;compile_decomposed;lookup_or_compile_dt;compile_decomposed;lookup_or_compile_dt;compile_decomposed;lookup_or_compile_dt;compile_decomposed;lookup_or_compile_dt;compile_decomposed;lookup_or_compile_dt;compile_decomposed;lookup_or_compile_dt;compile_dt;compile_dt;compile_decomposed;lookup_or_compile_dt;compile_decomposed;lookup_or_compile_dt;compile_decomposed;lookup_or_compile_dt;compile_decomposed;lookup_or_compile_dt;compile_decomposed;lookup_or_compile_dt;compile_decomposed;lookup_or_compile_dt;compile_decomposed;lookup_or_compile_dt;compile_dt;compile_dt;compile_decomposed;lookup_or_compile_dt;compile_decomposed;lookup_or_compile_dt;compile_decomposed;lookup_or_compile_dt;compile_decomposed;lookup_or_compile_dt;compile_decomposed;lookup_or_compile_dt;compile_decomposed;lookup_or_compile_dt;compile_decomposed;lookup_or_compile_dt
0.28% cnf2ddnnf_cmd_line;compile_cnf;compile_dt;compile_dt;compile_decomposed;lookup_or_compile_dt;compile_decomposed;lookup_or_compile_dt;compile_decomposed;lookup_or_compile_dt;compile_decomposed;lookup_or_compile_dt;compile_decomposed;lookup_or_compile_dt;compile_decomposed;lookup_or_compile_dt;compile_decomposed;lookup_or_compile_dt;compile_dt;compile_dt;compile_decomposed;lookup_or_compile_dt;compile_decomposed;lookup_or_compile_dt;compile_decomposed;lookup_or_compile_dt;compile_decomposed;lookup_or_compile_dt;compile_decomposed;lookup_or_compile_dt;compile_decomposed;lookup_or_compile_dt;compile_dt;compile_dt;compile_decomposed;lookup_or_compile_dt;compile_decomposed;lookup_or_compile_dt;compile_decomposed;lookup_or_compile_dt;compile_decomposed;lookup_or_compile_dt;compile_decomposed;lookup_or_compile_dt;compile_decomposed;lookup_or_compile_dt;compile_decomposed;lookup_or_compile_dt;compile_decomposed;lookup_or_compile_dt;compile_dt;compile_dt;compile_decomposed;lookup_or_compile_dt;compile_decomposed;lookup_or_compile_dt;compile_dt;select_separator;find_max
0.27% cnf2ddnnf_cmd_line;compile_cnf;compile_dt;decide_literal;set_literal;update_subsumption
0.27% cnf2ddnnf_cmd_line;free_hdtree;free_hdtree;free_hdtree;free_hdtree;free_hdtree;free_hdtree;free_hdtree;free_hdtree;free_hdtree;free_hdtree;cfree
0.26% cnf2ddnnf_cmd_line;construct_cnf_manager;initialize_cnf_manager
0.26% cnf2ddnnf_cmd_line;load_hdtree_from_file;__isoc99_fscanf;0x7fd0dcc7ddd4
0.25% cnf2ddnnf_cmd_line;load_hdtree_from_file;dtree_skeleton2hdtree;initialize_hdtree;initialize_hdtree;initialize_hdtree;initialize_hdtree;initialize_hdtree;initialize_hdtree;initialize_hdtree;initialize_hdtree;initialize_hdtree;initialize_hdtree;initialize_hdtree;initialize_hdtree;initialize_hdtree;initialize_hdtree;initialize_hdtree;initialize_hdtree;initialize_hdtree;initialize_hdtree;initialize_hdtree;initialize_hdtree;initialize_hdtree;initialize_hdtree;initialize_hdtree;initialize_hdtree;initialize_hdtree;initialize_hdtree;initialize_hdtree;initialize_hdtree;initialize_hdtree;initialize_hdtree;edges_intersection
0.25% cnf2ddnnf_cmd_line;__libc_calloc
0.24% cnf2ddnnf_cmd_line;load_hdtree_from_file;dtree_skeleton2hdtree;edges_union
    90.50%    88.69%  c2d      c2d                   [.] free_cache_manager
88.69% 0x7fd0dcc4624a;main;cnf2ddnnf_cmd_line;free_cache_manager
0.60% free_cache_manager;asm_exc_page_fault;exc_page_fault;do_user_addr_fault;handle_mm_fault;__handle_mm_fault;do_huge_pmd_anonymous_page;pgtable_trans_huge_deposit
0.30% free_cache_manager;asm_exc_page_fault;exc_page_fault;do_user_addr_fault;handle_mm_fault;__handle_mm_fault
0.30% free_cache_manager;asm_exc_page_fault;exc_page_fault;do_user_addr_fault;handle_mm_fault;__handle_mm_fault;do_huge_pmd_anonymous_page;pte_alloc_one;__alloc_pages;__memcg_kmem_charge_page;__get_obj_cgroup_from_memcg
0.30% free_cache_manager;cfree
0.30% free_cache_manager;asm_exc_page_fault;exc_page_fault;do_user_addr_fault;handle_mm_fault;__handle_mm_fault;do_huge_pmd_anonymous_page;pgtable_trans_huge_deposit;__list_add_valid
     3.31%     0.00%  c2d      [kernel.kallsyms]     [k] asm_exc_page_fault
0.60% asm_exc_page_fault;exc_page_fault;do_user_addr_fault;handle_mm_fault;__handle_mm_fault;do_huge_pmd_anonymous_page;pgtable_trans_huge_deposit
0.53% asm_exc_page_fault;exc_page_fault;do_user_addr_fault;handle_mm_fault;__handle_mm_fault;vma_alloc_folio;__folio_alloc;__alloc_pages;get_page_from_freelist;clear_page_rep
0.30% asm_exc_page_fault;exc_page_fault;do_user_addr_fault;handle_mm_fault;__handle_mm_fault
0.30% asm_exc_page_fault;exc_page_fault;do_user_addr_fault;handle_mm_fault;__handle_mm_fault;do_huge_pmd_anonymous_page;pte_alloc_one;__alloc_pages;__memcg_kmem_charge_page;__get_obj_cgroup_from_memcg
0.30% asm_exc_page_fault;exc_page_fault;do_user_addr_fault;handle_mm_fault;__handle_mm_fault;do_huge_pmd_anonymous_page;pgtable_trans_huge_deposit;__list_add_valid
0.29% asm_exc_page_fault
0.26% asm_exc_page_fault;exc_page_fault;do_user_addr_fault;handle_mm_fault;__handle_mm_fault;wp_page_copy;ptep_clear_flush;flush_tlb_mm_range;flush_tlb_func
0.26% asm_exc_page_fault;exc_page_fault;do_user_addr_fault;handle_mm_fault;__handle_mm_fault;do_fault;put_page
0.25% asm_exc_page_fault;exc_page_fault;do_user_addr_fault;handle_mm_fault;__handle_mm_fault;do_fault;filemap_map_pages;next_uptodate_page
0.22% asm_exc_page_fault;exc_page_fault;do_user_addr_fault;handle_mm_fault;__handle_mm_fault;__page_set_anon_rmap
     3.02%     0.30%  c2d      [kernel.kallsyms]     [k] __handle_mm_fault
0.60% __handle_mm_fault;do_huge_pmd_anonymous_page;pgtable_trans_huge_deposit
0.53% __handle_mm_fault;vma_alloc_folio;__folio_alloc;__alloc_pages;get_page_from_freelist;clear_page_rep
0.30% 0x7fd0dcc4624a;main;cnf2ddnnf_cmd_line;free_cache_manager;asm_exc_page_fault;exc_page_fault;do_user_addr_fault;handle_mm_fault;__handle_mm_fault
0.30% __handle_mm_fault;do_huge_pmd_anonymous_page;pte_alloc_one;__alloc_pages;__memcg_kmem_charge_page;__get_obj_cgroup_from_memcg
0.30% __handle_mm_fault;do_huge_pmd_anonymous_page;pgtable_trans_huge_deposit;__list_add_valid
0.26% __handle_mm_fault;wp_page_copy;ptep_clear_flush;flush_tlb_mm_range;flush_tlb_func
0.26% __handle_mm_fault;do_fault;put_page
0.25% __handle_mm_fault;do_fault;filemap_map_pages;next_uptodate_page
0.22% __handle_mm_fault;__page_set_anon_rmap
     3.02%     0.00%  c2d      [kernel.kallsyms]     [k] exc_page_fault
0.60% exc_page_fault;do_user_addr_fault;handle_mm_fault;__handle_mm_fault;do_huge_pmd_anonymous_page;pgtable_trans_huge_deposit
0.53% exc_page_fault;do_user_addr_fault;handle_mm_fault;__handle_mm_fault;vma_alloc_folio;__folio_alloc;__alloc_pages;get_page_from_freelist;clear_page_rep
0.30% exc_page_fault;do_user_addr_fault;handle_mm_fault;__handle_mm_fault
0.30% exc_page_fault;do_user_addr_fault;handle_mm_fault;__handle_mm_fault;do_huge_pmd_anonymous_page;pte_alloc_one;__alloc_pages;__memcg_kmem_charge_page;__get_obj_cgroup_from_memcg
0.30% exc_page_fault;do_user_addr_fault;handle_mm_fault;__handle_mm_fault;do_huge_pmd_anonymous_page;pgtable_trans_huge_deposit;__list_add_valid
0.26% exc_page_fault;do_user_addr_fault;handle_mm_fault;__handle_mm_fault;wp_page_copy;ptep_clear_flush;flush_tlb_mm_range;flush_tlb_func
0.26% exc_page_fault;do_user_addr_fault;handle_mm_fault;__handle_mm_fault;do_fault;put_page
0.25% exc_page_fault;do_user_addr_fault;handle_mm_fault;__handle_mm_fault;do_fault;filemap_map_pages;next_uptodate_page
0.22% exc_page_fault;do_user_addr_fault;handle_mm_fault;__handle_mm_fault;__page_set_anon_rmap
     3.02%     0.00%  c2d      [kernel.kallsyms]     [k] do_user_addr_fault
0.60% do_user_addr_fault;handle_mm_fault;__handle_mm_fault;do_huge_pmd_anonymous_page;pgtable_trans_huge_deposit
0.53% do_user_addr_fault;handle_mm_fault;__handle_mm_fault;vma_alloc_folio;__folio_alloc;__alloc_pages;get_page_from_freelist;clear_page_rep
0.30% do_user_addr_fault;handle_mm_fault;__handle_mm_fault
0.30% do_user_addr_fault;handle_mm_fault;__handle_mm_fault;do_huge_pmd_anonymous_page;pte_alloc_one;__alloc_pages;__memcg_kmem_charge_page;__get_obj_cgroup_from_memcg
0.30% do_user_addr_fault;handle_mm_fault;__handle_mm_fault;do_huge_pmd_anonymous_page;pgtable_trans_huge_deposit;__list_add_valid
0.26% do_user_addr_fault;handle_mm_fault;__handle_mm_fault;wp_page_copy;ptep_clear_flush;flush_tlb_mm_range;flush_tlb_func
0.26% do_user_addr_fault;handle_mm_fault;__handle_mm_fault;do_fault;put_page
0.25% do_user_addr_fault;handle_mm_fault;__handle_mm_fault;do_fault;filemap_map_pages;next_uptodate_page
0.22% do_user_addr_fault;handle_mm_fault;__handle_mm_fault;__page_set_anon_rmap
     3.02%     0.00%  c2d      [kernel.kallsyms]     [k] handle_mm_fault
0.60% handle_mm_fault;__handle_mm_fault;do_huge_pmd_anonymous_page;pgtable_trans_huge_deposit
0.53% handle_mm_fault;__handle_mm_fault;vma_alloc_folio;__folio_alloc;__alloc_pages;get_page_from_freelist;clear_page_rep
0.30% handle_mm_fault;__handle_mm_fault
0.30% handle_mm_fault;__handle_mm_fault;do_huge_pmd_anonymous_page;pte_alloc_one;__alloc_pages;__memcg_kmem_charge_page;__get_obj_cgroup_from_memcg
0.30% handle_mm_fault;__handle_mm_fault;do_huge_pmd_anonymous_page;pgtable_trans_huge_deposit;__list_add_valid
0.26% handle_mm_fault;__handle_mm_fault;wp_page_copy;ptep_clear_flush;flush_tlb_mm_range;flush_tlb_func
0.26% handle_mm_fault;__handle_mm_fault;do_fault;put_page
0.25% handle_mm_fault;__handle_mm_fault;do_fault;filemap_map_pages;next_uptodate_page
0.22% handle_mm_fault;__handle_mm_fault;__page_set_anon_rmap
     2.18%     0.00%  c2d      [kernel.kallsyms]     [k] entry_SYSCALL_64_after_hwframe
0.30% entry_SYSCALL_64_after_hwframe;do_syscall_64;__x64_sys_munmap;__vm_munmap;do_mas_munmap;do_mas_align_munmap;unmap_region;unmap_vmas;unmap_page_range
0.30% entry_SYSCALL_64_after_hwframe;do_syscall_64;__x64_sys_exit_group;do_group_exit;do_exit;__mmput;exit_mmap;unmap_vmas;unmap_page_range
0.30% entry_SYSCALL_64_after_hwframe;do_syscall_64;__x64_sys_exit_group;do_group_exit;do_exit;task_work_run;__fput;kmem_cache_free
0.30% entry_SYSCALL_64_after_hwframe;do_syscall_64;__x64_sys_exit_group;do_group_exit;do_exit;__mmput;exit_mmap;unmap_vmas;unmap_page_range;_compound_head
0.28% entry_SYSCALL_64_after_hwframe;do_syscall_64;__x64_sys_openat;do_sys_openat2;do_filp_open;path_openat;alloc_empty_file;__alloc_file;security_file_alloc;apparmor_file_alloc_security
0.23% entry_SYSCALL_64_after_hwframe;do_syscall_64;ksys_read;vfs_read;security_file_permission;apparmor_file_permission;aa_file_perm
0.22% entry_SYSCALL_64_after_hwframe;do_syscall_64;__x64_sys_execve;do_execveat_common.isra.0;bprm_execve;load_elf_binary;__put_user_nocheck_8;asm_exc_page_fault;exc_page_fault;do_user_addr_fault;handle_mm_fault;__handle_mm_fault;__page_set_anon_rmap
0.16% entry_SYSCALL_64_after_hwframe;do_syscall_64;__x64_sys_execve;do_execveat_common.isra.0;bprm_execve;load_elf_binary;elf_map;vm_mmap_pgoff;do_mmap;path_noexec
0.07% entry_SYSCALL_64_after_hwframe;do_syscall_64;__x64_sys_execve;do_execveat_common.isra.0;bprm_execve;load_elf_binary;begin_new_exec;security_bprm_committed_creds;apparmor_bprm_committed_creds
0.03% entry_SYSCALL_64_after_hwframe;do_syscall_64;ksys_read;vfs_read;xfs_file_read_iter;xfs_file_buffered_read;filemap_read
     2.18%     0.00%  c2d      [kernel.kallsyms]     [k] do_syscall_64
0.30% do_syscall_64;__x64_sys_munmap;__vm_munmap;do_mas_munmap;do_mas_align_munmap;unmap_region;unmap_vmas;unmap_page_range
0.30% do_syscall_64;__x64_sys_exit_group;do_group_exit;do_exit;__mmput;exit_mmap;unmap_vmas;unmap_page_range
0.30% do_syscall_64;__x64_sys_exit_group;do_group_exit;do_exit;task_work_run;__fput;kmem_cache_free
0.30% do_syscall_64;__x64_sys_exit_group;do_group_exit;do_exit;__mmput;exit_mmap;unmap_vmas;unmap_page_range;_compound_head
0.28% do_syscall_64;__x64_sys_openat;do_sys_openat2;do_filp_open;path_openat;alloc_empty_file;__alloc_file;security_file_alloc;apparmor_file_alloc_security
0.23% do_syscall_64;ksys_read;vfs_read;security_file_permission;apparmor_file_permission;aa_file_perm
0.22% do_syscall_64;__x64_sys_execve;do_execveat_common.isra.0;bprm_execve;load_elf_binary;__put_user_nocheck_8;asm_exc_page_fault;exc_page_fault;do_user_addr_fault;handle_mm_fault;__handle_mm_fault;__page_set_anon_rmap
0.16% do_syscall_64;__x64_sys_execve;do_execveat_common.isra.0;bprm_execve;load_elf_binary;elf_map;vm_mmap_pgoff;do_mmap;path_noexec
0.07% do_syscall_64;__x64_sys_execve;do_execveat_common.isra.0;bprm_execve;load_elf_binary;begin_new_exec;security_bprm_committed_creds;apparmor_bprm_committed_creds
0.03% do_syscall_64;ksys_read;vfs_read;xfs_file_read_iter;xfs_file_buffered_read;filemap_read
     1.70%     0.00%  c2d      c2d                   [.] compile_cnf
0.29% compile_cnf;compile_dt;compile_dt;compile_decomposed;lookup_or_compile_dt;compile_dt;compile_dt;compile_decomposed;lookup_or_compile_dt;compile_decomposed;lookup_or_compile_dt;compile_dt;compile_dt;compile_decomposed;lookup_or_compile_dt;compile_dt;compile_dt;compile_decomposed;lookup_or_compile_dt;compile_decomposed;lookup_or_compile_dt;compile_decomposed;lookup_or_compile_dt;compile_dt;compile_dt;compile_decomposed;lookup_or_compile_dt;compile_decomposed;lookup_or_compile_dt;compile_decomposed;lookup_or_compile_dt;compile_decomposed;lookup_or_compile_dt;compile_decomposed;lookup_or_compile_dt;compile_decomposed;lookup_or_compile_dt;compile_decomposed;lookup_or_compile_dt;compile_dt;compile_dt;compile_decomposed;lookup_or_compile_dt;compile_decomposed;lookup_or_compile_dt;compile_decomposed;lookup_or_compile_dt;compile_decomposed;lookup_or_compile_dt;compile_decomposed;lookup_or_compile_dt;compile_decomposed;lookup_or_compile_dt;compile_decomposed;lookup_or_compile_dt;compile_decomposed;lookup_or_compile_dt;compile_dt;disjoin_nnfs;disjoin_nnfs_i;get_or_node;new_or_node;asm_exc_page_fault;exc_page_fault;do_user_addr_fault;handle_mm_fault;__handle_mm_fault;vma_alloc_folio;__folio_alloc;__alloc_pages;get_page_from_freelist;clear_page_rep
0.29% compile_cnf;compile_dt;compile_dt;compile_decomposed;lookup_or_compile_dt;compile_dt;compile_dt;compile_decomposed;lookup_or_compile_dt;compile_decomposed;lookup_or_compile_dt;compile_dt;compile_dt;compile_decomposed;lookup_or_compile_dt;compile_dt;compile_dt;compile_decomposed;lookup_or_compile_dt;compile_decomposed;lookup_or_compile_dt;compile_decomposed;lookup_or_compile_dt;compile_dt;compile_dt;compile_decomposed;lookup_or_compile_dt;compile_decomposed;lookup_or_compile_dt;compile_decomposed;lookup_or_compile_dt;compile_decomposed;lookup_or_compile_dt;compile_decomposed;lookup_or_compile_dt;compile_decomposed;lookup_or_compile_dt;compile_decomposed;lookup_or_compile_dt;compile_dt;compile_dt;compile_decomposed;lookup_or_compile_dt;compile_decomposed;lookup_or_compile_dt;compile_decomposed;lookup_or_compile_dt;compile_decomposed;lookup_or_compile_dt;compile_decomposed;lookup_or_compile_dt;compile_decomposed;lookup_or_compile_dt;compile_decomposed;lookup_or_compile_dt;compile_decomposed;lookup_or_compile_dt;compile_decomposed;lookup_or_compile_dt;compile_decomposed;lookup_or_compile_dt;compile_decomposed;lookup_or_compile_dt;compile_decomposed;lookup_or_compile_dt;compile_decomposed;lookup_or_compile_dt;compile_dt;conjoin_nnfs_lits
0.29% compile_cnf;compile_dt;compile_dt;compile_decomposed;lookup_or_compile_dt;compile_dt;compile_dt;compile_decomposed;lookup_or_compile_dt;compile_decomposed;lookup_or_compile_dt;compile_dt;compile_dt;compile_decomposed;lookup_or_compile_dt;compile_decomposed;lookup_or_compile_dt;compile_decomposed;lookup_or_compile_dt;compile_decomposed;lookup_or_compile_dt;compile_dt;compile_dt;compile_decomposed;lookup_or_compile_dt;compile_decomposed;lookup_or_compile_dt;compile_decomposed;lookup_or_compile_dt;compile_decomposed;lookup_or_compile_dt;compile_decomposed;lookup_or_compile_dt;compile_decomposed;lookup_or_compile_dt;compile_decomposed;lookup_or_compile_dt;compile_dt;compile_dt;compile_decomposed;conjoin_nnfs_lits;conjoin_relevant_lits;get_and_node;new_and_node;set_and_node_children;asm_exc_page_fault
0.28% compile_cnf;compile_dt;compile_dt;compile_decomposed;lookup_or_compile_dt;compile_dt;compile_dt;compile_decomposed;lookup_or_compile_dt;compile_decomposed;lookup_or_compile_dt;compile_decomposed;lookup_or_compile_dt;compile_decomposed;lookup_or_compile_dt;compile_decomposed;lookup_or_compile_dt;compile_decomposed;lookup_or_compile_dt;compile_dt;compile_dt;compile_decomposed;lookup_or_compile_dt;compile_decomposed;lookup_or_compile_dt;compile_decomposed;lookup_or_compile_dt;compile_decomposed;lookup_or_compile_dt;compile_decomposed;lookup_or_compile_dt;compile_decomposed;lookup_or_compile_dt;compile_decomposed;lookup_or_compile_dt;compile_dt;compile_dt;compile_decomposed;lookup_or_compile_dt;compile_decomposed;lookup_or_compile_dt;compile_decomposed;lookup_or_compile_dt;compile_decomposed;lookup_or_compile_dt;compile_decomposed;lookup_or_compile_dt;compile_decomposed;lookup_or_compile_dt;compile_decomposed;lookup_or_compile_dt
0.28% compile_cnf;compile_dt;compile_dt;compile_decomposed;lookup_or_compile_dt;compile_decomposed;lookup_or_compile_dt;compile_decomposed;lookup_or_compile_dt;compile_decomposed;lookup_or_compile_dt;compile_decomposed;lookup_or_compile_dt;compile_decomposed;lookup_or_compile_dt;compile_decomposed;lookup_or_compile_dt;compile_dt;compile_dt;compile_decomposed;lookup_or_compile_dt;compile_decomposed;lookup_or_compile_dt;compile_decomposed;lookup_or_compile_dt;compile_decomposed;lookup_or_compile_dt;compile_decomposed;lookup_or_compile_dt;compile_decomposed;lookup_or_compile_dt;compile_dt;compile_dt;compile_decomposed;lookup_or_compile_dt;compile_decomposed;lookup_or_compile_dt;compile_decomposed;lookup_or_compile_dt;compile_decomposed;lookup_or_compile_dt;compile_decomposed;lookup_or_compile_dt;compile_decomposed;lookup_or_compile_dt;compile_decomposed;lookup_or_compile_dt;compile_decomposed;lookup_or_compile_dt;compile_dt;compile_dt;compile_decomposed;lookup_or_compile_dt;compile_decomposed;lookup_or_compile_dt;compile_dt;select_separator;find_max
0.27% compile_cnf;compile_dt;decide_literal;set_literal;update_subsumption
     1.70%     0.00%  c2d      c2d                   [.] compile_dt
0.29% compile_dt;compile_dt;compile_decomposed;lookup_or_compile_dt;compile_dt;compile_dt;compile_decomposed;lookup_or_compile_dt;compile_decomposed;lookup_or_compile_dt;compile_dt;compile_dt;compile_decomposed;lookup_or_compile_dt;compile_dt;compile_dt;compile_decomposed;lookup_or_compile_dt;compile_decomposed;lookup_or_compile_dt;compile_decomposed;lookup_or_compile_dt;compile_dt;compile_dt;compile_decomposed;lookup_or_compile_dt;compile_decomposed;lookup_or_compile_dt;compile_decomposed;lookup_or_compile_dt;compile_decomposed;lookup_or_compile_dt;compile_decomposed;lookup_or_compile_dt;compile_decomposed;lookup_or_compile_dt;compile_decomposed;lookup_or_compile_dt;compile_dt;compile_dt;compile_decomposed;lookup_or_compile_dt;compile_decomposed;lookup_or_compile_dt;compile_decomposed;lookup_or_compile_dt;compile_decomposed;lookup_or_compile_dt;compile_decomposed;lookup_or_compile_dt;compile_decomposed;lookup_or_compile_dt;compile_decomposed;lookup_or_compile_dt;compile_decomposed;lookup_or_compile_dt;compile_dt;disjoin_nnfs;disjoin_nnfs_i;get_or_node;new_or_node;asm_exc_page_fault;exc_page_fault;do_user_addr_fault;handle_mm_fault;__handle_mm_fault;vma_alloc_folio;__folio_alloc;__alloc_pages;get_page_from_freelist;clear_page_rep
0.29% compile_dt;compile_dt;compile_decomposed;lookup_or_compile_dt;compile_dt;compile_dt;compile_decomposed;lookup_or_compile_dt;compile_decomposed;lookup_or_compile_dt;compile_dt;compile_dt;compile_decomposed;lookup_or_compile_dt;compile_dt;compile_dt;compile_decomposed;lookup_or_compile_dt;compile_decomposed;lookup_or_compile_dt;compile_decomposed;lookup_or_compile_dt;compile_dt;compile_dt;compile_decomposed;lookup_or_compile_dt;compile_decomposed;lookup_or_compile_dt;compile_decomposed;lookup_or_compile_dt;compile_decomposed;lookup_or_compile_dt;compile_decomposed;lookup_or_compile_dt;compile_decomposed;lookup_or_compile_dt;compile_decomposed;lookup_or_compile_dt;compile_dt;compile_dt;compile_decomposed;lookup_or_compile_dt;compile_decomposed;lookup_or_compile_dt;compile_decomposed;lookup_or_compile_dt;compile_decomposed;lookup_or_compile_dt;compile_decomposed;lookup_or_compile_dt;compile_decomposed;lookup_or_compile_dt;compile_decomposed;lookup_or_compile_dt;compile_decomposed;lookup_or_compile_dt;compile_decomposed;lookup_or_compile_dt;compile_decomposed;lookup_or_compile_dt;compile_decomposed;lookup_or_compile_dt;compile_decomposed;lookup_or_compile_dt;compile_decomposed;lookup_or_compile_dt;compile_dt;conjoin_nnfs_lits
0.29% compile_dt;compile_dt;compile_decomposed;lookup_or_compile_dt;compile_dt;compile_dt;compile_decomposed;lookup_or_compile_dt;compile_decomposed;lookup_or_compile_dt;compile_dt;compile_dt;compile_decomposed;lookup_or_compile_dt;compile_decomposed;lookup_or_compile_dt;compile_decomposed;lookup_or_compile_dt;compile_decomposed;lookup_or_compile_dt;compile_dt;compile_dt;compile_decomposed;lookup_or_compile_dt;compile_decomposed;lookup_or_compile_dt;compile_decomposed;lookup_or_compile_dt;compile_decomposed;lookup_or_compile_dt;compile_decomposed;lookup_or_compile_dt;compile_decomposed;lookup_or_compile_dt;compile_decomposed;lookup_or_compile_dt;compile_dt;compile_dt;compile_decomposed;conjoin_nnfs_lits;conjoin_relevant_lits;get_and_node;new_and_node;set_and_node_children;asm_exc_page_fault
0.28% compile_dt;compile_dt;compile_decomposed;lookup_or_compile_dt;compile_dt;compile_dt;compile_decomposed;lookup_or_compile_dt;compile_decomposed;lookup_or_compile_dt;compile_decomposed;lookup_or_compile_dt;compile_decomposed;lookup_or_compile_dt;compile_decomposed;lookup_or_compile_dt;compile_decomposed;lookup_or_compile_dt;compile_dt;compile_dt;compile_decomposed;lookup_or_compile_dt;compile_decomposed;lookup_or_compile_dt;compile_decomposed;lookup_or_compile_dt;compile_decomposed;lookup_or_compile_dt;compile_decomposed;lookup_or_compile_dt;compile_decomposed;lookup_or_compile_dt;compile_decomposed;lookup_or_compile_dt;compile_dt;compile_dt;compile_decomposed;lookup_or_compile_dt;compile_decomposed;lookup_or_compile_dt;compile_decomposed;lookup_or_compile_dt;compile_decomposed;lookup_or_compile_dt;compile_decomposed;lookup_or_compile_dt;compile_decomposed;lookup_or_compile_dt;compile_decomposed;lookup_or_compile_dt
0.28% compile_dt;compile_dt;compile_decomposed;lookup_or_compile_dt;compile_decomposed;lookup_or_compile_dt;compile_decomposed;lookup_or_compile_dt;compile_decomposed;lookup_or_compile_dt;compile_decomposed;lookup_or_compile_dt;compile_decomposed;lookup_or_compile_dt;compile_decomposed;lookup_or_compile_dt;compile_dt;compile_dt;compile_decomposed;lookup_or_compile_dt;compile_decomposed;lookup_or_compile_dt;compile_decomposed;lookup_or_compile_dt;compile_decomposed;lookup_or_compile_dt;compile_decomposed;lookup_or_compile_dt;compile_decomposed;lookup_or_compile_dt;compile_dt;compile_dt;compile_decomposed;lookup_or_compile_dt;compile_decomposed;lookup_or_compile_dt;compile_decomposed;lookup_or_compile_dt;compile_decomposed;lookup_or_compile_dt;compile_decomposed;lookup_or_compile_dt;compile_decomposed;lookup_or_compile_dt;compile_decomposed;lookup_or_compile_dt;compile_decomposed;lookup_or_compile_dt;compile_dt;compile_dt;compile_decomposed;lookup_or_compile_dt;compile_decomposed;lookup_or_compile_dt;compile_dt;select_separator;find_max
0.27% compile_dt;decide_literal;set_literal;update_subsumption
     1.42%     0.00%  c2d      c2d                   [.] compile_decomposed
0.29% compile_decomposed;lookup_or_compile_dt;compile_dt;compile_dt;compile_decomposed;lookup_or_compile_dt;compile_decomposed;lookup_or_compile_dt;compile_dt;compile_dt;compile_decomposed;lookup_or_compile_dt;compile_dt;compile_dt;compile_decomposed;lookup_or_compile_dt;compile_decomposed;lookup_or_compile_dt;compile_decomposed;lookup_or_compile_dt;compile_dt;compile_dt;compile_decomposed;lookup_or_compile_dt;compile_decomposed;lookup_or_compile_dt;compile_decomposed;lookup_or_compile_dt;compile_decomposed;lookup_or_compile_dt;compile_decomposed;lookup_or_compile_dt;compile_decomposed;lookup_or_compile_dt;compile_decomposed;lookup_or_compile_dt;compile_dt;compile_dt;compile_decomposed;lookup_or_compile_dt;compile_decomposed;lookup_or_compile_dt;compile_decomposed;lookup_or_compile_dt;compile_decomposed;lookup_or_compile_dt;compile_decomposed;lookup_or_compile_dt;compile_decomposed;lookup_or_compile_dt;compile_decomposed;lookup_or_compile_dt;compile_decomposed;lookup_or_compile_dt;compile_dt;disjoin_nnfs;disjoin_nnfs_i;get_or_node;new_or_node;asm_exc_page_fault;exc_page_fault;do_user_addr_fault;handle_mm_fault;__handle_mm_fault;vma_alloc_folio;__folio_alloc;__alloc_pages;get_page_from_freelist;clear_page_rep
0.29% compile_decomposed;lookup_or_compile_dt;compile_dt;compile_dt;compile_decomposed;lookup_or_compile_dt;compile_decomposed;lookup_or_compile_dt;compile_dt;compile_dt;compile_decomposed;lookup_or_compile_dt;compile_dt;compile_dt;compile_decomposed;lookup_or_compile_dt;compile_decomposed;lookup_or_compile_dt;compile_decomposed;lookup_or_compile_dt;compile_dt;compile_dt;compile_decomposed;lookup_or_compile_dt;compile_decomposed;lookup_or_compile_dt;compile_decomposed;lookup_or_compile_dt;compile_decomposed;lookup_or_compile_dt;compile_decomposed;lookup_or_compile_dt;compile_decomposed;lookup_or_compile_dt;compile_decomposed;lookup_or_compile_dt;compile_dt;compile_dt;compile_decomposed;lookup_or_compile_dt;compile_decomposed;lookup_or_compile_dt;compile_decomposed;lookup_or_compile_dt;compile_decomposed;lookup_or_compile_dt;compile_decomposed;lookup_or_compile_dt;compile_decomposed;lookup_or_compile_dt;compile_decomposed;lookup_or_compile_dt;compile_decomposed;lookup_or_compile_dt;compile_decomposed;lookup_or_compile_dt;compile_decomposed;lookup_or_compile_dt;compile_decomposed;lookup_or_compile_dt;compile_decomposed;lookup_or_compile_dt;compile_decomposed;lookup_or_compile_dt;compile_dt;conjoin_nnfs_lits
0.29% compile_decomposed;lookup_or_compile_dt;compile_dt;compile_dt;compile_decomposed;lookup_or_compile_dt;compile_decomposed;lookup_or_compile_dt;compile_dt;compile_dt;compile_decomposed;lookup_or_compile_dt;compile_decomposed;lookup_or_compile_dt;compile_decomposed;lookup_or_compile_dt;compile_decomposed;lookup_or_compile_dt;compile_dt;compile_dt;compile_decomposed;lookup_or_compile_dt;compile_decomposed;lookup_or_compile_dt;compile_decomposed;lookup_or_compile_dt;compile_decomposed;lookup_or_compile_dt;compile_decomposed;lookup_or_compile_dt;compile_decomposed;lookup_or_compile_dt;compile_decomposed;lookup_or_compile_dt;compile_dt;compile_dt;compile_decomposed;conjoin_nnfs_lits;conjoin_relevant_lits;get_and_node;new_and_node;set_and_node_children;asm_exc_page_fault
0.28% compile_decomposed;lookup_or_compile_dt;compile_dt;compile_dt;compile_decomposed;lookup_or_compile_dt;compile_decomposed;lookup_or_compile_dt;compile_decomposed;lookup_or_compile_dt;compile_decomposed;lookup_or_compile_dt;compile_decomposed;lookup_or_compile_dt;compile_decomposed;lookup_or_compile_dt;compile_dt;compile_dt;compile_decomposed;lookup_or_compile_dt;compile_decomposed;lookup_or_compile_dt;compile_decomposed;lookup_or_compile_dt;compile_decomposed;lookup_or_compile_dt;compile_decomposed;lookup_or_compile_dt;compile_decomposed;lookup_or_compile_dt;compile_decomposed;lookup_or_compile_dt;compile_dt;compile_dt;compile_decomposed;lookup_or_compile_dt;compile_decomposed;lookup_or_compile_dt;compile_decomposed;lookup_or_compile_dt;compile_decomposed;lookup_or_compile_dt;compile_decomposed;lookup_or_compile_dt;compile_decomposed;lookup_or_compile_dt;compile_decomposed;lookup_or_compile_dt
0.28% compile_decomposed;lookup_or_compile_dt;compile_decomposed;lookup_or_compile_dt;compile_decomposed;lookup_or_compile_dt;compile_decomposed;lookup_or_compile_dt;compile_decomposed;lookup_or_compile_dt;compile_decomposed;lookup_or_compile_dt;compile_decomposed;lookup_or_compile_dt;compile_dt;compile_dt;compile_decomposed;lookup_or_compile_dt;compile_decomposed;lookup_or_compile_dt;compile_decomposed;lookup_or_compile_dt;compile_decomposed;lookup_or_compile_dt;compile_decomposed;lookup_or_compile_dt;compile_decomposed;lookup_or_compile_dt;compile_dt;compile_dt;compile_decomposed;lookup_or_compile_dt;compile_decomposed;lookup_or_compile_dt;compile_decomposed;lookup_or_compile_dt;compile_decomposed;lookup_or_compile_dt;compile_decomposed;lookup_or_compile_dt;compile_decomposed;lookup_or_compile_dt;compile_decomposed;lookup_or_compile_dt;compile_decomposed;lookup_or_compile_dt;compile_dt;compile_dt;compile_decomposed;lookup_or_compile_dt;compile_decomposed;lookup_or_compile_dt;compile_dt;select_separator;find_max
     1.42%     0.28%  c2d      c2d                   [.] lookup_or_compile_dt
0.29% lookup_or_compile_dt;compile_dt;compile_dt;compile_decomposed;lookup_or_compile_dt;compile_decomposed;lookup_or_compile_dt;compile_dt;compile_dt;compile_decomposed;lookup_or_compile_dt;compile_dt;compile_dt;compile_decomposed;lookup_or_compile_dt;compile_decomposed;lookup_or_compile_dt;compile_decomposed;lookup_or_compile_dt;compile_dt;compile_dt;compile_decomposed;lookup_or_compile_dt;compile_decomposed;lookup_or_compile_dt;compile_decomposed;lookup_or_compile_dt;compile_decomposed;lookup_or_compile_dt;compile_decomposed;lookup_or_compile_dt;compile_decomposed;lookup_or_compile_dt;compile_decomposed;lookup_or_compile_dt;compile_dt;compile_dt;compile_decomposed;lookup_or_compile_dt;compile_decomposed;lookup_or_compile_dt;compile_decomposed;lookup_or_compile_dt;compile_decomposed;lookup_or_compile_dt;compile_decomposed;lookup_or_compile_dt;compile_decomposed;lookup_or_compile_dt;compile_decomposed;lookup_or_compile_dt;compile_decomposed;lookup_or_compile_dt;compile_dt;disjoin_nnfs;disjoin_nnfs_i;get_or_node;new_or_node;asm_exc_page_fault;exc_page_fault;do_user_addr_fault;handle_mm_fault;__handle_mm_fault;vma_alloc_folio;__folio_alloc;__alloc_pages;get_page_from_freelist;clear_page_rep
0.29% lookup_or_compile_dt;compile_dt;compile_dt;compile_decomposed;lookup_or_compile_dt;compile_decomposed;lookup_or_compile_dt;compile_dt;compile_dt;compile_decomposed;lookup_or_compile_dt;compile_dt;compile_dt;compile_decomposed;lookup_or_compile_dt;compile_decomposed;lookup_or_compile_dt;compile_decomposed;lookup_or_compile_dt;compile_dt;compile_dt;compile_decomposed;lookup_or_compile_dt;compile_decomposed;lookup_or_compile_dt;compile_decomposed;lookup_or_compile_dt;compile_decomposed;lookup_or_compile_dt;compile_decomposed;lookup_or_compile_dt;compile_decomposed;lookup_or_compile_dt;compile_decomposed;lookup_or_compile_dt;compile_dt;compile_dt;compile_decomposed;lookup_or_compile_dt;compile_decomposed;lookup_or_compile_dt;compile_decomposed;lookup_or_compile_dt;compile_decomposed;lookup_or_compile_dt;compile_decomposed;lookup_or_compile_dt;compile_decomposed;lookup_or_compile_dt;compile_decomposed;lookup_or_compile_dt;compile_decomposed;lookup_or_compile_dt;compile_decomposed;lookup_or_compile_dt;compile_decomposed;lookup_or_compile_dt;compile_decomposed;lookup_or_compile_dt;compile_decomposed;lookup_or_compile_dt;compile_decomposed;lookup_or_compile_dt;compile_dt;conjoin_nnfs_lits
0.29% lookup_or_compile_dt;compile_dt;compile_dt;compile_decomposed;lookup_or_compile_dt;compile_decomposed;lookup_or_compile_dt;compile_dt;compile_dt;compile_decomposed;lookup_or_compile_dt;compile_decomposed;lookup_or_compile_dt;compile_decomposed;lookup_or_compile_dt;compile_decomposed;lookup_or_compile_dt;compile_dt;compile_dt;compile_decomposed;lookup_or_compile_dt;compile_decomposed;lookup_or_compile_dt;compile_decomposed;lookup_or_compile_dt;compile_decomposed;lookup_or_compile_dt;compile_decomposed;lookup_or_compile_dt;compile_decomposed;lookup_or_compile_dt;compile_decomposed;lookup_or_compile_dt;compile_dt;compile_dt;compile_decomposed;conjoin_nnfs_lits;conjoin_relevant_lits;get_and_node;new_and_node;set_and_node_children;asm_exc_page_fault
0.28% 0x7fd0dcc4624a;main;cnf2ddnnf_cmd_line;compile_cnf;compile_dt;compile_dt;compile_decomposed;lookup_or_compile_dt;compile_dt;compile_dt;compile_decomposed;lookup_or_compile_dt;compile_decomposed;lookup_or_compile_dt;compile_decomposed;lookup_or_compile_dt;compile_decomposed;lookup_or_compile_dt;compile_decomposed;lookup_or_compile_dt;compile_decomposed;lookup_or_compile_dt;compile_dt;compile_dt;compile_decomposed;lookup_or_compile_dt;compile_decomposed;lookup_or_compile_dt;compile_decomposed;lookup_or_compile_dt;compile_decomposed;lookup_or_compile_dt;compile_decomposed;lookup_or_compile_dt;compile_decomposed;lookup_or_compile_dt;compile_decomposed;lookup_or_compile_dt;compile_dt;compile_dt;compile_decomposed;lookup_or_compile_dt;compile_decomposed;lookup_or_compile_dt;compile_decomposed;lookup_or_compile_dt;compile_decomposed;lookup_or_compile_dt;compile_decomposed;lookup_or_compile_dt;compile_decomposed;lookup_or_compile_dt;compile_decomposed;lookup_or_compile_dt
0.28% lookup_or_compile_dt;compile_decomposed;lookup_or_compile_dt;compile_decomposed;lookup_or_compile_dt;compile_decomposed;lookup_or_compile_dt;compile_decomposed;lookup_or_compile_dt;compile_decomposed;lookup_or_compile_dt;compile_decomposed;lookup_or_compile_dt;compile_dt;compile_dt;compile_decomposed;lookup_or_compile_dt;compile_decomposed;lookup_or_compile_dt;compile_decomposed;lookup_or_compile_dt;compile_decomposed;lookup_or_compile_dt;compile_decomposed;lookup_or_compile_dt;compile_decomposed;lookup_or_compile_dt;compile_dt;compile_dt;compile_decomposed;lookup_or_compile_dt;compile_decomposed;lookup_or_compile_dt;compile_decomposed;lookup_or_compile_dt;compile_decomposed;lookup_or_compile_dt;compile_decomposed;lookup_or_compile_dt;compile_decomposed;lookup_or_compile_dt;compile_decomposed;lookup_or_compile_dt;compile_decomposed;lookup_or_compile_dt;compile_dt;compile_dt;compile_decomposed;lookup_or_compile_dt;compile_decomposed;lookup_or_compile_dt;compile_dt;select_separator;find_max
     1.21%     0.00%  c2d      [kernel.kallsyms]     [k] do_huge_pmd_anonymous_page
0.60% do_huge_pmd_anonymous_page;pgtable_trans_huge_deposit
0.30% do_huge_pmd_anonymous_page;pte_alloc_one;__alloc_pages;__memcg_kmem_charge_page;__get_obj_cgroup_from_memcg
0.30% do_huge_pmd_anonymous_page;pgtable_trans_huge_deposit;__list_add_valid
     1.05%     0.00%  c2d      ld-linux-x86-64.so.2  [.] 0x00007fd0dd18ca58
0.28% 0x7fd0dd18ca58;0x7fd0dd18c22f;0x7fd0dd18fc99;0x7fd0dd17ff51;asm_sysvec_apic_timer_interrupt;sysvec_apic_timer_interrupt;__sysvec_apic_timer_interrupt;hrtimer_interrupt;__hrtimer_run_queues;tick_sched_timer;tick_sched_handle;update_process_times;scheduler_tick;task_tick_fair;update_curr;cpuacct_charge
0.27% 0x7fd0dd18ca58;0x7fd0dd18c22f;0x7fd0dd18fc99;0x7fd0dd18024b
0.26% 0x7fd0dd18ca58;0x7fd0dd18c22f;0x7fd0dd18fc99;0x7fd0dd17fd57;asm_exc_page_fault;exc_page_fault;do_user_addr_fault;handle_mm_fault;__handle_mm_fault;wp_page_copy;ptep_clear_flush;flush_tlb_mm_range;flush_tlb_func
0.24% 0x7fd0dd18ca58;0x7fd0dd18c22f;0x7fd0dd18f97a;0x7fd0dd179e71;asm_exc_page_fault;exc_page_fault;do_user_addr_fault;handle_mm_fault;__handle_mm_fault;vma_alloc_folio;__folio_alloc;__alloc_pages;get_page_from_freelist;clear_page_rep
     1.05%     0.00%  c2d      ld-linux-x86-64.so.2  [.] 0x00007fd0dd18c22f
0.28% 0x7fd0dd18c22f;0x7fd0dd18fc99;0x7fd0dd17ff51;asm_sysvec_apic_timer_interrupt;sysvec_apic_timer_interrupt;__sysvec_apic_timer_interrupt;hrtimer_interrupt;__hrtimer_run_queues;tick_sched_timer;tick_sched_handle;update_process_times;scheduler_tick;task_tick_fair;update_curr;cpuacct_charge
0.27% 0x7fd0dd18c22f;0x7fd0dd18fc99;0x7fd0dd18024b
0.26% 0x7fd0dd18c22f;0x7fd0dd18fc99;0x7fd0dd17fd57;asm_exc_page_fault;exc_page_fault;do_user_addr_fault;handle_mm_fault;__handle_mm_fault;wp_page_copy;ptep_clear_flush;flush_tlb_mm_range;flush_tlb_func
0.24% 0x7fd0dd18c22f;0x7fd0dd18f97a;0x7fd0dd179e71;asm_exc_page_fault;exc_page_fault;do_user_addr_fault;handle_mm_fault;__handle_mm_fault;vma_alloc_folio;__folio_alloc;__alloc_pages;get_page_from_freelist;clear_page_rep
     0.90%     0.60%  c2d      [kernel.kallsyms]     [k] pgtable_trans_huge_deposit
0.60% 0x7fd0dcc4624a;main;cnf2ddnnf_cmd_line;free_cache_manager;asm_exc_page_fault;exc_page_fault;do_user_addr_fault;handle_mm_fault;__handle_mm_fault;do_huge_pmd_anonymous_page;pgtable_trans_huge_deposit
0.30% pgtable_trans_huge_deposit;__list_add_valid
     0.90%     0.60%  c2d      [kernel.kallsyms]     [k] unmap_page_range
0.30% __munmap;entry_SYSCALL_64_after_hwframe;do_syscall_64;__x64_sys_munmap;__vm_munmap;do_mas_munmap;do_mas_align_munmap;unmap_region;unmap_vmas;unmap_page_range
0.30% entry_SYSCALL_64_after_hwframe;do_syscall_64;__x64_sys_exit_group;do_group_exit;do_exit;__mmput;exit_mmap;unmap_vmas;unmap_page_range
0.30% unmap_page_range;_compound_head
     0.90%     0.00%  c2d      [kernel.kallsyms]     [k] unmap_vmas
0.60% unmap_vmas;unmap_page_range
0.30% unmap_vmas;unmap_page_range;_compound_head
     0.90%     0.00%  c2d      [kernel.kallsyms]     [k] __x64_sys_exit_group
0.30% __x64_sys_exit_group;do_group_exit;do_exit;__mmput;exit_mmap;unmap_vmas;unmap_page_range
0.30% __x64_sys_exit_group;do_group_exit;do_exit;task_work_run;__fput;kmem_cache_free
0.30% __x64_sys_exit_group;do_group_exit;do_exit;__mmput;exit_mmap;unmap_vmas;unmap_page_range;_compound_head
     0.90%     0.00%  c2d      [kernel.kallsyms]     [k] do_group_exit
0.30% do_group_exit;do_exit;__mmput;exit_mmap;unmap_vmas;unmap_page_range
0.30% do_group_exit;do_exit;task_work_run;__fput;kmem_cache_free
0.30% do_group_exit;do_exit;__mmput;exit_mmap;unmap_vmas;unmap_page_range;_compound_head
     0.90%     0.00%  c2d      [kernel.kallsyms]     [k] do_exit
0.30% do_exit;__mmput;exit_mmap;unmap_vmas;unmap_page_range
0.30% do_exit;task_work_run;__fput;kmem_cache_free
0.30% do_exit;__mmput;exit_mmap;unmap_vmas;unmap_page_range;_compound_head
     0.83%     0.00%  c2d      [kernel.kallsyms]     [k] __alloc_pages
0.53% __alloc_pages;get_page_from_freelist;clear_page_rep
0.30% __alloc_pages;__memcg_kmem_charge_page;__get_obj_cgroup_from_memcg
     0.82%     0.00%  c2d      ld-linux-x86-64.so.2  [.] 0x00007fd0dd18fc99
0.28% 0x7fd0dd18fc99;0x7fd0dd17ff51;asm_sysvec_apic_timer_interrupt;sysvec_apic_timer_interrupt;__sysvec_apic_timer_interrupt;hrtimer_interrupt;__hrtimer_run_queues;tick_sched_timer;tick_sched_handle;update_process_times;scheduler_tick;task_tick_fair;update_curr;cpuacct_charge
0.27% 0x7fd0dd18fc99;0x7fd0dd18024b
0.26% 0x7fd0dd18fc99;0x7fd0dd17fd57;asm_exc_page_fault;exc_page_fault;do_user_addr_fault;handle_mm_fault;__handle_mm_fault;wp_page_copy;ptep_clear_flush;flush_tlb_mm_range;flush_tlb_func
     0.75%     0.00%  c2d      c2d                   [.] load_hdtree_from_file
0.26% load_hdtree_from_file;__isoc99_fscanf;0x7fd0dcc7ddd4
0.25% load_hdtree_from_file;dtree_skeleton2hdtree;initialize_hdtree;initialize_hdtree;initialize_hdtree;initialize_hdtree;initialize_hdtree;initialize_hdtree;initialize_hdtree;initialize_hdtree;initialize_hdtree;initialize_hdtree;initialize_hdtree;initialize_hdtree;initialize_hdtree;initialize_hdtree;initialize_hdtree;initialize_hdtree;initialize_hdtree;initialize_hdtree;initialize_hdtree;initialize_hdtree;initialize_hdtree;initialize_hdtree;initialize_hdtree;initialize_hdtree;initialize_hdtree;initialize_hdtree;initialize_hdtree;initialize_hdtree;initialize_hdtree;initialize_hdtree;edges_intersection
0.24% load_hdtree_from_file;dtree_skeleton2hdtree;edges_union
     0.60%     0.00%  c2d      [kernel.kallsyms]     [k] __mmput
0.30% __mmput;exit_mmap;unmap_vmas;unmap_page_range
0.30% __mmput;exit_mmap;unmap_vmas;unmap_page_range;_compound_head
     0.60%     0.00%  c2d      [kernel.kallsyms]     [k] exit_mmap
0.30% exit_mmap;unmap_vmas;unmap_page_range
0.30% exit_mmap;unmap_vmas;unmap_page_range;_compound_head
     0.57%     0.29%  c2d      c2d                   [.] conjoin_nnfs_lits
0.29% 0x7fd0dcc4624a;main;cnf2ddnnf_cmd_line;compile_cnf;compile_dt;compile_dt;compile_decomposed;lookup_or_compile_dt;compile_dt;compile_dt;compile_decomposed;lookup_or_compile_dt;compile_decomposed;lookup_or_compile_dt;compile_dt;compile_dt;compile_decomposed;lookup_or_compile_dt;compile_dt;compile_dt;compile_decomposed;lookup_or_compile_dt;compile_decomposed;lookup_or_compile_dt;compile_decomposed;lookup_or_compile_dt;compile_dt;compile_dt;compile_decomposed;lookup_or_compile_dt;compile_decomposed;lookup_or_compile_dt;compile_decomposed;lookup_or_compile_dt;compile_decomposed;lookup_or_compile_dt;compile_decomposed;lookup_or_compile_dt;compile_decomposed;lookup_or_compile_dt;compile_decomposed;lookup_or_compile_dt;compile_dt;compile_dt;compile_decomposed;lookup_or_compile_dt;compile_decomposed;lookup_or_compile_dt;compile_decomposed;lookup_or_compile_dt;compile_decomposed;lookup_or_compile_dt;compile_decomposed;lookup_or_compile_dt;compile_decomposed;lookup_or_compile_dt;compile_decomposed;lookup_or_compile_dt;compile_decomposed;lookup_or_compile_dt;compile_decomposed;lookup_or_compile_dt;compile_decomposed;lookup_or_compile_dt;compile_decomposed;lookup_or_compile_dt;compile_decomposed;lookup_or_compile_dt;compile_decomposed;lookup_or_compile_dt;compile_dt;conjoin_nnfs_lits
0.29% conjoin_nnfs_lits;conjoin_relevant_lits;get_and_node;new_and_node;set_and_node_children;asm_exc_page_fault
     0.57%     0.57%  c2d      libc.so.6             [.] cfree
0.30% 0x7fd0dcc4624a;main;cnf2ddnnf_cmd_line;free_cache_manager;cfree
0.27% 0x7fd0dcc4624a;main;cnf2ddnnf_cmd_line;free_hdtree;free_hdtree;free_hdtree;free_hdtree;free_hdtree;free_hdtree;free_hdtree;free_hdtree;free_hdtree;free_hdtree;cfree
     0.53%     0.53%  c2d      [kernel.kallsyms]     [k] clear_page_rep
0.29% 0x7fd0dcc4624a;main;cnf2ddnnf_cmd_line;compile_cnf;compile_dt;compile_dt;compile_decomposed;lookup_or_compile_dt;compile_dt;compile_dt;compile_decomposed;lookup_or_compile_dt;compile_decomposed;lookup_or_compile_dt;compile_dt;compile_dt;compile_decomposed;lookup_or_compile_dt;compile_dt;compile_dt;compile_decomposed;lookup_or_compile_dt;compile_decomposed;lookup_or_compile_dt;compile_decomposed;lookup_or_compile_dt;compile_dt;compile_dt;compile_decomposed;lookup_or_compile_dt;compile_decomposed;lookup_or_compile_dt;compile_decomposed;lookup_or_compile_dt;compile_decomposed;lookup_or_compile_dt;compile_decomposed;lookup_or_compile_dt;compile_decomposed;lookup_or_compile_dt;compile_decomposed;lookup_or_compile_dt;compile_dt;compile_dt;compile_decomposed;lookup_or_compile_dt;compile_decomposed;lookup_or_compile_dt;compile_decomposed;lookup_or_compile_dt;compile_decomposed;lookup_or_compile_dt;compile_decomposed;lookup_or_compile_dt;compile_decomposed;lookup_or_compile_dt;compile_decomposed;lookup_or_compile_dt;compile_decomposed;lookup_or_compile_dt;compile_dt;disjoin_nnfs;disjoin_nnfs_i;get_or_node;new_or_node;asm_exc_page_fault;exc_page_fault;do_user_addr_fault;handle_mm_fault;__handle_mm_fault;vma_alloc_folio;__folio_alloc;__alloc_pages;get_page_from_freelist;clear_page_rep
0.24% 0x7fd0dd18ca58;0x7fd0dd18c22f;0x7fd0dd18f97a;0x7fd0dd179e71;asm_exc_page_fault;exc_page_fault;do_user_addr_fault;handle_mm_fault;__handle_mm_fault;vma_alloc_folio;__folio_alloc;__alloc_pages;get_page_from_freelist;clear_page_rep
     0.53%     0.00%  c2d      [kernel.kallsyms]     [k] vma_alloc_folio
0.53% vma_alloc_folio;__folio_alloc;__alloc_pages;get_page_from_freelist;clear_page_rep
     0.53%     0.00%  c2d      [kernel.kallsyms]     [k] __folio_alloc
0.53% __folio_alloc;__alloc_pages;get_page_from_freelist;clear_page_rep
     0.53%     0.00%  c2d      [kernel.kallsyms]     [k] get_page_from_freelist
0.53% get_page_from_freelist;clear_page_rep
     0.51%     0.51%  c2d      libc.so.6             [.] __libc_calloc
0.26% 0x21;__libc_calloc
0.25% 0x7fd0dcc4624a;main;cnf2ddnnf_cmd_line;__libc_calloc
     0.51%     0.00%  c2d      [unknown]             [k] 0x00007fd0dd1a58a8
0.26% 0x7fd0dd1a58a8;0x7fd0dd17a075;0x7fd0dd193772;asm_exc_page_fault;exc_page_fault;do_user_addr_fault;handle_mm_fault;__handle_mm_fault;do_fault;put_page
0.25% 0x7fd0dd1a58a8;0x7fd0dd17a075;0x7fd0dd1942f6;asm_exc_page_fault;exc_page_fault;do_user_addr_fault;handle_mm_fault;__handle_mm_fault;do_fault;filemap_map_pages;next_uptodate_page
     0.51%     0.00%  c2d      ld-linux-x86-64.so.2  [.] 0x00007fd0dd17a075
0.26% 0x7fd0dd17a075;0x7fd0dd193772;asm_exc_page_fault;exc_page_fault;do_user_addr_fault;handle_mm_fault;__handle_mm_fault;do_fault;put_page
0.25% 0x7fd0dd17a075;0x7fd0dd1942f6;asm_exc_page_fault;exc_page_fault;do_user_addr_fault;handle_mm_fault;__handle_mm_fault;do_fault;filemap_map_pages;next_uptodate_page
     0.51%     0.00%  c2d      [kernel.kallsyms]     [k] do_fault
0.26% do_fault;put_page
0.25% do_fault;filemap_map_pages;next_uptodate_page
     0.49%     0.00%  c2d      c2d                   [.] dtree_skeleton2hdtree
0.25% dtree_skeleton2hdtree;initialize_hdtree;initialize_hdtree;initialize_hdtree;initialize_hdtree;initialize_hdtree;initialize_hdtree;initialize_hdtree;initialize_hdtree;initialize_hdtree;initialize_hdtree;initialize_hdtree;initialize_hdtree;initialize_hdtree;initialize_hdtree;initialize_hdtree;initialize_hdtree;initialize_hdtree;initialize_hdtree;initialize_hdtree;initialize_hdtree;initialize_hdtree;initialize_hdtree;initialize_hdtree;initialize_hdtree;initialize_hdtree;initialize_hdtree;initialize_hdtree;initialize_hdtree;initialize_hdtree;initialize_hdtree;edges_intersection
0.24% dtree_skeleton2hdtree;edges_union
     0.44%     0.00%  c2d      [unknown]             [k] 0x00007f7d7b0f3a97
0.22% 0x7f7d7b0f3a97;entry_SYSCALL_64_after_hwframe;do_syscall_64;__x64_sys_execve;do_execveat_common.isra.0;bprm_execve;load_elf_binary;__put_user_nocheck_8;asm_exc_page_fault;exc_page_fault;do_user_addr_fault;handle_mm_fault;__handle_mm_fault;__page_set_anon_rmap
0.16% 0x7f7d7b0f3a97;entry_SYSCALL_64_after_hwframe;do_syscall_64;__x64_sys_execve;do_execveat_common.isra.0;bprm_execve;load_elf_binary;elf_map;vm_mmap_pgoff;do_mmap;path_noexec
0.07% 0x7f7d7b0f3a97;entry_SYSCALL_64_after_hwframe;do_syscall_64;__x64_sys_execve;do_execveat_common.isra.0;bprm_execve;load_elf_binary;begin_new_exec;security_bprm_committed_creds;apparmor_bprm_committed_creds
     0.44%     0.00%  c2d      [kernel.kallsyms]     [k] __x64_sys_execve
0.22% __x64_sys_execve;do_execveat_common.isra.0;bprm_execve;load_elf_binary;__put_user_nocheck_8;asm_exc_page_fault;exc_page_fault;do_user_addr_fault;handle_mm_fault;__handle_mm_fault;__page_set_anon_rmap
0.16% __x64_sys_execve;do_execveat_common.isra.0;bprm_execve;load_elf_binary;elf_map;vm_mmap_pgoff;do_mmap;path_noexec
0.07% __x64_sys_execve;do_execveat_common.isra.0;bprm_execve;load_elf_binary;begin_new_exec;security_bprm_committed_creds;apparmor_bprm_committed_creds
     0.44%     0.00%  c2d      [kernel.kallsyms]     [k] do_execveat_common.isra.0
0.22% do_execveat_common.isra.0;bprm_execve;load_elf_binary;__put_user_nocheck_8;asm_exc_page_fault;exc_page_fault;do_user_addr_fault;handle_mm_fault;__handle_mm_fault;__page_set_anon_rmap
0.16% do_execveat_common.isra.0;bprm_execve;load_elf_binary;elf_map;vm_mmap_pgoff;do_mmap;path_noexec
0.07% do_execveat_common.isra.0;bprm_execve;load_elf_binary;begin_new_exec;security_bprm_committed_creds;apparmor_bprm_committed_creds
     0.44%     0.00%  c2d      [kernel.kallsyms]     [k] bprm_execve
0.22% bprm_execve;load_elf_binary;__put_user_nocheck_8;asm_exc_page_fault;exc_page_fault;do_user_addr_fault;handle_mm_fault;__handle_mm_fault;__page_set_anon_rmap
0.16% bprm_execve;load_elf_binary;elf_map;vm_mmap_pgoff;do_mmap;path_noexec
0.07% bprm_execve;load_elf_binary;begin_new_exec;security_bprm_committed_creds;apparmor_bprm_committed_creds
     0.44%     0.00%  c2d      [kernel.kallsyms]     [k] load_elf_binary
0.22% load_elf_binary;__put_user_nocheck_8;asm_exc_page_fault;exc_page_fault;do_user_addr_fault;handle_mm_fault;__handle_mm_fault;__page_set_anon_rmap
0.16% load_elf_binary;elf_map;vm_mmap_pgoff;do_mmap;path_noexec
0.07% load_elf_binary;begin_new_exec;security_bprm_committed_creds;apparmor_bprm_committed_creds
     0.30%     0.30%  c2d      [kernel.kallsyms]     [k] __get_obj_cgroup_from_memcg
0.30% 0x7fd0dcc4624a;main;cnf2ddnnf_cmd_line;free_cache_manager;asm_exc_page_fault;exc_page_fault;do_user_addr_fault;handle_mm_fault;__handle_mm_fault;do_huge_pmd_anonymous_page;pte_alloc_one;__alloc_pages;__memcg_kmem_charge_page;__get_obj_cgroup_from_memcg
     0.30%     0.00%  c2d      [kernel.kallsyms]     [k] pte_alloc_one
0.30% pte_alloc_one;__alloc_pages;__memcg_kmem_charge_page;__get_obj_cgroup_from_memcg
     0.30%     0.00%  c2d      [kernel.kallsyms]     [k] __memcg_kmem_charge_page
0.30% __memcg_kmem_charge_page;__get_obj_cgroup_from_memcg
     0.30%     0.00%  c2d      libc.so.6             [.] __munmap
0.30% __munmap;entry_SYSCALL_64_after_hwframe;do_syscall_64;__x64_sys_munmap;__vm_munmap;do_mas_munmap;do_mas_align_munmap;unmap_region;unmap_vmas;unmap_page_range
     0.30%     0.00%  c2d      [kernel.kallsyms]     [k] __x64_sys_munmap
0.30% __x64_sys_munmap;__vm_munmap;do_mas_munmap;do_mas_align_munmap;unmap_region;unmap_vmas;unmap_page_range
     0.30%     0.00%  c2d      [kernel.kallsyms]     [k] __vm_munmap
0.30% __vm_munmap;do_mas_munmap;do_mas_align_munmap;unmap_region;unmap_vmas;unmap_page_range
     0.30%     0.00%  c2d      [kernel.kallsyms]     [k] do_mas_munmap
0.30% do_mas_munmap;do_mas_align_munmap;unmap_region;unmap_vmas;unmap_page_range
     0.30%     0.00%  c2d      [kernel.kallsyms]     [k] do_mas_align_munmap
0.30% do_mas_align_munmap;unmap_region;unmap_vmas;unmap_page_range
     0.30%     0.00%  c2d      [kernel.kallsyms]     [k] unmap_region
0.30% unmap_region;unmap_vmas;unmap_page_range
     0.30%     0.30%  c2d      [kernel.kallsyms]     [k] __list_add_valid
0.30% 0x7fd0dcc4624a;main;cnf2ddnnf_cmd_line;free_cache_manager;asm_exc_page_fault;exc_page_fault;do_user_addr_fault;handle_mm_fault;__handle_mm_fault;do_huge_pmd_anonymous_page;pgtable_trans_huge_deposit;__list_add_valid
     0.30%     0.30%  c2d      [kernel.kallsyms]     [k] kmem_cache_free
0.30% entry_SYSCALL_64_after_hwframe;do_syscall_64;__x64_sys_exit_group;do_group_exit;do_exit;task_work_run;__fput;kmem_cache_free
     0.30%     0.00%  c2d      [kernel.kallsyms]     [k] task_work_run
0.30% task_work_run;__fput;kmem_cache_free
     0.30%     0.00%  c2d      [kernel.kallsyms]     [k] __fput
0.30% __fput;kmem_cache_free
     0.30%     0.30%  c2d      ld-linux-x86-64.so.2  [.] 0x000000000001064a
0.30% 0x7fd0dcc5d55d;0x7fd0dd1767ce;0x7fd0dd182651
     0.30%     0.00%  c2d      libc.so.6             [.] 0x00007fd0dcc5d55d
0.30% 0x7fd0dcc5d55d;0x7fd0dd1767ce;0x7fd0dd182651
     0.30%     0.00%  c2d      ld-linux-x86-64.so.2  [.] 0x00007fd0dd1767ce
0.30% 0x7fd0dd1767ce;0x7fd0dd182651
     0.30%     0.00%  c2d      ld-linux-x86-64.so.2  [.] 0x00007fd0dd182651
0.30% 0x7fd0dd182651
     0.30%     0.30%  c2d      [kernel.kallsyms]     [k] _compound_head
0.30% entry_SYSCALL_64_after_hwframe;do_syscall_64;__x64_sys_exit_group;do_group_exit;do_exit;__mmput;exit_mmap;unmap_vmas;unmap_page_range;_compound_head
     0.30%     0.30%  c2d      c2d                   [.] free_dtree
0.30% 0x7fd0dcc4624a;main;cnf2ddnnf_cmd_line;free_dtree_manager;free_dtree;free_dtree;free_dtree;free_dtree;free_dtree;free_dtree;free_dtree;free_dtree;free_dtree;free_dtree;free_dtree;free_dtree;free_dtree;free_dtree;free_dtree;free_dtree;free_dtree;free_dtree;free_dtree;free_dtree;free_dtree
     0.30%     0.00%  c2d      c2d                   [.] free_dtree_manager
0.30% free_dtree_manager;free_dtree;free_dtree;free_dtree;free_dtree;free_dtree;free_dtree;free_dtree;free_dtree;free_dtree;free_dtree;free_dtree;free_dtree;free_dtree;free_dtree;free_dtree;free_dtree;free_dtree;free_dtree;free_dtree;free_dtree;free_dtree
     0.29%     0.00%  c2d      c2d                   [.] disjoin_nnfs
0.29% disjoin_nnfs;disjoin_nnfs_i;get_or_node;new_or_node;asm_exc_page_fault;exc_page_fault;do_user_addr_fault;handle_mm_fault;__handle_mm_fault;vma_alloc_folio;__folio_alloc;__alloc_pages;get_page_from_freelist;clear_page_rep
     0.29%     0.00%  c2d      c2d                   [.] disjoin_nnfs_i
0.29% disjoin_nnfs_i;get_or_node;new_or_node;asm_exc_page_fault;exc_page_fault;do_user_addr_fault;handle_mm_fault;__handle_mm_fault;vma_alloc_folio;__folio_alloc;__alloc_pages;get_page_from_freelist;clear_page_rep
     0.29%     0.00%  c2d      c2d                   [.] get_or_node
0.29% get_or_node;new_or_node;asm_exc_page_fault;exc_page_fault;do_user_addr_fault;handle_mm_fault;__handle_mm_fault;vma_alloc_folio;__folio_alloc;__alloc_pages;get_page_from_freelist;clear_page_rep
     0.29%     0.00%  c2d      c2d                   [.] new_or_node
0.29% new_or_node;asm_exc_page_fault;exc_page_fault;do_user_addr_fault;handle_mm_fault;__handle_mm_fault;vma_alloc_folio;__folio_alloc;__alloc_pages;get_page_from_freelist;clear_page_rep
     0.29%     0.29%  c2d      c2d                   [.] get_and_node
0.29% 0x7fd0dcc4624a;main;cnf2ddnnf_cmd_line;compile_cnf;compile_dt;compile_dt;compile_decomposed;lookup_or_compile_dt;compile_dt;compile_dt;compile_decomposed;lookup_or_compile_dt;compile_decomposed;lookup_or_compile_dt;compile_dt;compile_dt;compile_decomposed;lookup_or_compile_dt;compile_decomposed;lookup_or_compile_dt;compile_decomposed;lookup_or_compile_dt;compile_decomposed;lookup_or_compile_dt;compile_dt;compile_dt;compile_decomposed;lookup_or_compile_dt;compile_decomposed;lookup_or_compile_dt;compile_decomposed;lookup_or_compile_dt;compile_decomposed;lookup_or_compile_dt;compile_decomposed;lookup_or_compile_dt;compile_decomposed;lookup_or_compile_dt;compile_decomposed;lookup_or_compile_dt;compile_dt;compile_dt;compile_decomposed;conjoin_nnfs_lits;conjoin_relevant_lits;get_and_node;new_and_node;set_and_node_children;asm_exc_page_fault
     0.29%     0.00%  c2d      c2d                   [.] conjoin_relevant_lits
0.29% conjoin_relevant_lits;get_and_node;new_and_node;set_and_node_children;asm_exc_page_fault
     0.29%     0.00%  c2d      c2d                   [.] new_and_node
0.29% new_and_node;set_and_node_children;asm_exc_page_fault
     0.29%     0.00%  c2d      c2d                   [.] set_and_node_children
0.29% set_and_node_children;asm_exc_page_fault
     0.28%     0.28%  c2d      [kernel.kallsyms]     [k] cpuacct_charge
0.28% 0x7fd0dd18ca58;0x7fd0dd18c22f;0x7fd0dd18fc99;0x7fd0dd17ff51;asm_sysvec_apic_timer_interrupt;sysvec_apic_timer_interrupt;__sysvec_apic_timer_interrupt;hrtimer_interrupt;__hrtimer_run_queues;tick_sched_timer;tick_sched_handle;update_process_times;scheduler_tick;task_tick_fair;update_curr;cpuacct_charge
     0.28%     0.00%  c2d      ld-linux-x86-64.so.2  [.] 0x00007fd0dd17ff51
0.28% 0x7fd0dd17ff51;asm_sysvec_apic_timer_interrupt;sysvec_apic_timer_interrupt;__sysvec_apic_timer_interrupt;hrtimer_interrupt;__hrtimer_run_queues;tick_sched_timer;tick_sched_handle;update_process_times;scheduler_tick;task_tick_fair;update_curr;cpuacct_charge
     0.28%     0.00%  c2d      [kernel.kallsyms]     [k] asm_sysvec_apic_timer_interrupt
0.28% asm_sysvec_apic_timer_interrupt;sysvec_apic_timer_interrupt;__sysvec_apic_timer_interrupt;hrtimer_interrupt;__hrtimer_run_queues;tick_sched_timer;tick_sched_handle;update_process_times;scheduler_tick;task_tick_fair;update_curr;cpuacct_charge
     0.28%     0.00%  c2d      [kernel.kallsyms]     [k] sysvec_apic_timer_interrupt
0.28% sysvec_apic_timer_interrupt;__sysvec_apic_timer_interrupt;hrtimer_interrupt;__hrtimer_run_queues;tick_sched_timer;tick_sched_handle;update_process_times;scheduler_tick;task_tick_fair;update_curr;cpuacct_charge
     0.28%     0.00%  c2d      [kernel.kallsyms]     [k] __sysvec_apic_timer_interrupt
0.28% __sysvec_apic_timer_interrupt;hrtimer_interrupt;__hrtimer_run_queues;tick_sched_timer;tick_sched_handle;update_process_times;scheduler_tick;task_tick_fair;update_curr;cpuacct_charge
     0.28%     0.00%  c2d      [kernel.kallsyms]     [k] hrtimer_interrupt
0.28% hrtimer_interrupt;__hrtimer_run_queues;tick_sched_timer;tick_sched_handle;update_process_times;scheduler_tick;task_tick_fair;update_curr;cpuacct_charge
     0.28%     0.00%  c2d      [kernel.kallsyms]     [k] __hrtimer_run_queues
0.28% __hrtimer_run_queues;tick_sched_timer;tick_sched_handle;update_process_times;scheduler_tick;task_tick_fair;update_curr;cpuacct_charge
     0.28%     0.00%  c2d      [kernel.kallsyms]     [k] tick_sched_timer
0.28% tick_sched_timer;tick_sched_handle;update_process_times;scheduler_tick;task_tick_fair;update_curr;cpuacct_charge
     0.28%     0.00%  c2d      [kernel.kallsyms]     [k] tick_sched_handle
0.28% tick_sched_handle;update_process_times;scheduler_tick;task_tick_fair;update_curr;cpuacct_charge
     0.28%     0.00%  c2d      [kernel.kallsyms]     [k] update_process_times
0.28% update_process_times;scheduler_tick;task_tick_fair;update_curr;cpuacct_charge
     0.28%     0.00%  c2d      [kernel.kallsyms]     [k] scheduler_tick
0.28% scheduler_tick;task_tick_fair;update_curr;cpuacct_charge
     0.28%     0.00%  c2d      [kernel.kallsyms]     [k] task_tick_fair
0.28% task_tick_fair;update_curr;cpuacct_charge
     0.28%     0.00%  c2d      [kernel.kallsyms]     [k] update_curr
0.28% update_curr;cpuacct_charge
     0.28%     0.28%  c2d      ld-linux-x86-64.so.2  [.] 0x0000000000008e22
0.28% 0x7fd0dd17ae29
     0.28%     0.00%  c2d      ld-linux-x86-64.so.2  [.] 0x00007fd0dd17ae29
0.28% 0x7fd0dd17ae29
     0.28%     0.28%  c2d      c2d                   [.] find_max
0.28% 0x7fd0dcc4624a;main;cnf2ddnnf_cmd_line;compile_cnf;compile_dt;compile_dt;compile_decomposed;lookup_or_compile_dt;compile_decomposed;lookup_or_compile_dt;compile_decomposed;lookup_or_compile_dt;compile_decomposed;lookup_or_compile_dt;compile_decomposed;lookup_or_compile_dt;compile_decomposed;lookup_or_compile_dt;compile_decomposed;lookup_or_compile_dt;compile_dt;compile_dt;compile_decomposed;lookup_or_compile_dt;compile_decomposed;lookup_or_compile_dt;compile_decomposed;lookup_or_compile_dt;compile_decomposed;lookup_or_compile_dt;compile_decomposed;lookup_or_compile_dt;compile_decomposed;lookup_or_compile_dt;compile_dt;compile_dt;compile_decomposed;lookup_or_compile_dt;compile_decomposed;lookup_or_compile_dt;compile_decomposed;lookup_or_compile_dt;compile_decomposed;lookup_or_compile_dt;compile_decomposed;lookup_or_compile_dt;compile_decomposed;lookup_or_compile_dt;compile_decomposed;lookup_or_compile_dt;compile_decomposed;lookup_or_compile_dt;compile_dt;compile_dt;compile_decomposed;lookup_or_compile_dt;compile_decomposed;lookup_or_compile_dt;compile_dt;select_separator;find_max
     0.28%     0.00%  c2d      c2d                   [.] select_separator
0.28% select_separator;find_max
     0.28%     0.28%  c2d      ld-linux-x86-64.so.2  [.] 0x0000000000008c1d
0.28% 0x7fd0dd17ac98
     0.28%     0.00%  c2d      ld-linux-x86-64.so.2  [.] 0x00007fd0dd17ac98
0.28% 0x7fd0dd17ac98
     0.28%     0.28%  c2d      [kernel.kallsyms]     [k] apparmor_file_alloc_security
0.28% 0x656661735f656661;open64;entry_SYSCALL_64_after_hwframe;do_syscall_64;__x64_sys_openat;do_sys_openat2;do_filp_open;path_openat;alloc_empty_file;__alloc_file;security_file_alloc;apparmor_file_alloc_security
     0.28%     0.00%  c2d      [unknown]             [k] 0x656661735f656661
0.28% 0x656661735f656661;open64;entry_SYSCALL_64_after_hwframe;do_syscall_64;__x64_sys_openat;do_sys_openat2;do_filp_open;path_openat;alloc_empty_file;__alloc_file;security_file_alloc;apparmor_file_alloc_security
     0.28%     0.00%  c2d      libc.so.6             [.] open64
0.28% open64;entry_SYSCALL_64_after_hwframe;do_syscall_64;__x64_sys_openat;do_sys_openat2;do_filp_open;path_openat;alloc_empty_file;__alloc_file;security_file_alloc;apparmor_file_alloc_security
     0.28%     0.00%  c2d      [kernel.kallsyms]     [k] __x64_sys_openat
0.28% __x64_sys_openat;do_sys_openat2;do_filp_open;path_openat;alloc_empty_file;__alloc_file;security_file_alloc;apparmor_file_alloc_security
     0.28%     0.00%  c2d      [kernel.kallsyms]     [k] do_sys_openat2
0.28% do_sys_openat2;do_filp_open;path_openat;alloc_empty_file;__alloc_file;security_file_alloc;apparmor_file_alloc_security
     0.28%     0.00%  c2d      [kernel.kallsyms]     [k] do_filp_open
0.28% do_filp_open;path_openat;alloc_empty_file;__alloc_file;security_file_alloc;apparmor_file_alloc_security
     0.28%     0.00%  c2d      [kernel.kallsyms]     [k] path_openat
0.28% path_openat;alloc_empty_file;__alloc_file;security_file_alloc;apparmor_file_alloc_security
     0.28%     0.00%  c2d      [kernel.kallsyms]     [k] alloc_empty_file
0.28% alloc_empty_file;__alloc_file;security_file_alloc;apparmor_file_alloc_security
     0.28%     0.00%  c2d      [kernel.kallsyms]     [k] __alloc_file
0.28% __alloc_file;security_file_alloc;apparmor_file_alloc_security
     0.28%     0.00%  c2d      [kernel.kallsyms]     [k] security_file_alloc
0.28% security_file_alloc;apparmor_file_alloc_security
     0.27%     0.27%  c2d      c2d                   [.] update_subsumption
0.27% 0x7fd0dcc4624a;main;cnf2ddnnf_cmd_line;compile_cnf;compile_dt;decide_literal;set_literal;update_subsumption
     0.27%     0.00%  c2d      c2d                   [.] decide_literal
0.27% decide_literal;set_literal;update_subsumption
     0.27%     0.00%  c2d      c2d                   [.] set_literal
0.27% set_literal;update_subsumption
     0.27%     0.27%  c2d      ld-linux-x86-64.so.2  [.] 0x0000000000009947
0.27% 0x19c0b0;0x7fd0dce7a758;0x7fd0dd17b94a
     0.27%     0.00%  c2d      [unknown]             [.] 0x000000000019c0b0
0.27% 0x19c0b0;0x7fd0dce7a758;0x7fd0dd17b94a
     0.27%     0.00%  c2d      [unknown]             [.] 0x00007fd0dce7a758
0.27% 0x7fd0dce7a758;0x7fd0dd17b94a
     0.27%     0.00%  c2d      ld-linux-x86-64.so.2  [.] 0x00007fd0dd17b94a
0.27% 0x7fd0dd17b94a
     0.27%     0.27%  c2d      ld-linux-x86-64.so.2  [.] 0x0000000000009999
0.27% 0xc8650;std::codecvt<wchar_t, char, __mbstate_t>::codecvt;0x7fd0dd17b99e
     0.27%     0.00%  c2d      [unknown]             [.] 0x00000000000c8650
0.27% 0xc8650;std::codecvt<wchar_t, char, __mbstate_t>::codecvt;0x7fd0dd17b99e
     0.27%     0.00%  c2d      libstdc++.so.6.0.30   [.] std::codecvt<wchar_t, char, __mbstate_t>::codecvt
0.27% std::codecvt<wchar_t, char, __mbstate_t>::codecvt;0x7fd0dd17b99e
     0.27%     0.00%  c2d      ld-linux-x86-64.so.2  [.] 0x00007fd0dd17b99e
0.27% 0x7fd0dd17b99e
     0.27%     0.27%  c2d      [kernel.kallsyms]     [k] __irqentry_text_end
0.27% 0x7fd0dcd279b0;__irqentry_text_end
     0.27%     0.00%  c2d      libc.so.6             [.] 0x00007fd0dcd279b0
0.27% 0x7fd0dcd279b0;__irqentry_text_end
     0.27%     0.00%  c2d      c2d                   [.] free_hdtree
0.27% free_hdtree;free_hdtree;free_hdtree;free_hdtree;free_hdtree;free_hdtree;free_hdtree;free_hdtree;free_hdtree;free_hdtree;cfree
     0.27%     0.27%  c2d      ld-linux-x86-64.so.2  [.] 0x000000000000e248
0.27% 0x7fd0dd18ca58;0x7fd0dd18c22f;0x7fd0dd18fc99;0x7fd0dd18024b
     0.27%     0.00%  c2d      ld-linux-x86-64.so.2  [.] 0x00007fd0dd18024b
0.27% 0x7fd0dd18024b
     0.27%     0.00%  c2d      [unknown]             [k] 0000000000000000
0.23% 0;read;entry_SYSCALL_64_after_hwframe;do_syscall_64;ksys_read;vfs_read;security_file_permission;apparmor_file_permission;aa_file_perm
0.03% 0;read;entry_SYSCALL_64_after_hwframe;do_syscall_64;ksys_read;vfs_read;xfs_file_read_iter;xfs_file_buffered_read;filemap_read
     0.27%     0.00%  c2d      libc.so.6             [.] read
0.23% read;entry_SYSCALL_64_after_hwframe;do_syscall_64;ksys_read;vfs_read;security_file_permission;apparmor_file_permission;aa_file_perm
0.03% read;entry_SYSCALL_64_after_hwframe;do_syscall_64;ksys_read;vfs_read;xfs_file_read_iter;xfs_file_buffered_read;filemap_read
     0.27%     0.00%  c2d      [kernel.kallsyms]     [k] ksys_read
0.23% ksys_read;vfs_read;security_file_permission;apparmor_file_permission;aa_file_perm
0.03% ksys_read;vfs_read;xfs_file_read_iter;xfs_file_buffered_read;filemap_read
     0.27%     0.00%  c2d      [kernel.kallsyms]     [k] vfs_read
0.23% vfs_read;security_file_permission;apparmor_file_permission;aa_file_perm
0.03% vfs_read;xfs_file_read_iter;xfs_file_buffered_read;filemap_read
     0.26%     0.00%  c2d      [unknown]             [.] 0x0000000000000021
0.26% 0x21;__libc_calloc
     0.26%     0.26%  c2d      [kernel.kallsyms]     [k] flush_tlb_func
0.26% 0x7fd0dd18ca58;0x7fd0dd18c22f;0x7fd0dd18fc99;0x7fd0dd17fd57;asm_exc_page_fault;exc_page_fault;do_user_addr_fault;handle_mm_fault;__handle_mm_fault;wp_page_copy;ptep_clear_flush;flush_tlb_mm_range;flush_tlb_func
     0.26%     0.00%  c2d      ld-linux-x86-64.so.2  [.] 0x00007fd0dd17fd57
0.26% 0x7fd0dd17fd57;asm_exc_page_fault;exc_page_fault;do_user_addr_fault;handle_mm_fault;__handle_mm_fault;wp_page_copy;ptep_clear_flush;flush_tlb_mm_range;flush_tlb_func
     0.26%     0.00%  c2d      [kernel.kallsyms]     [k] wp_page_copy
0.26% wp_page_copy;ptep_clear_flush;flush_tlb_mm_range;flush_tlb_func
     0.26%     0.00%  c2d      [kernel.kallsyms]     [k] ptep_clear_flush
0.26% ptep_clear_flush;flush_tlb_mm_range;flush_tlb_func
     0.26%     0.00%  c2d      [kernel.kallsyms]     [k] flush_tlb_mm_range
0.26% flush_tlb_mm_range;flush_tlb_func
     0.26%     0.26%  c2d      c2d                   [.] initialize_cnf_manager
0.26% 0x7fd0dcc4624a;main;cnf2ddnnf_cmd_line;construct_cnf_manager;initialize_cnf_manager
     0.26%     0.00%  c2d      c2d                   [.] construct_cnf_manager
0.26% construct_cnf_manager;initialize_cnf_manager
     0.26%     0.26%  c2d      [kernel.kallsyms]     [k] put_page
0.26% 0x7fd0dd1a58a8;0x7fd0dd17a075;0x7fd0dd193772;asm_exc_page_fault;exc_page_fault;do_user_addr_fault;handle_mm_fault;__handle_mm_fault;do_fault;put_page
     0.26%     0.00%  c2d      ld-linux-x86-64.so.2  [.] 0x00007fd0dd193772
0.26% 0x7fd0dd193772;asm_exc_page_fault;exc_page_fault;do_user_addr_fault;handle_mm_fault;__handle_mm_fault;do_fault;put_page
     0.26%     0.26%  c2d      libc.so.6             [.] 0x000000000005ee07
0.26% 0x7fd0dcc4624a;main;cnf2ddnnf_cmd_line;load_hdtree_from_file;__isoc99_fscanf;0x7fd0dcc7ddd4
     0.26%     0.00%  c2d      libc.so.6             [.] __isoc99_fscanf
0.26% __isoc99_fscanf;0x7fd0dcc7ddd4
     0.26%     0.00%  c2d      libc.so.6             [.] 0x00007fd0dcc7ddd4
0.26% 0x7fd0dcc7ddd4
     0.25%     0.25%  c2d      c2d                   [.] edges_intersection
0.25% 0x7fd0dcc4624a;main;cnf2ddnnf_cmd_line;load_hdtree_from_file;dtree_skeleton2hdtree;initialize_hdtree;initialize_hdtree;initialize_hdtree;initialize_hdtree;initialize_hdtree;initialize_hdtree;initialize_hdtree;initialize_hdtree;initialize_hdtree;initialize_hdtree;initialize_hdtree;initialize_hdtree;initialize_hdtree;initialize_hdtree;initialize_hdtree;initialize_hdtree;initialize_hdtree;initialize_hdtree;initialize_hdtree;initialize_hdtree;initialize_hdtree;initialize_hdtree;initialize_hdtree;initialize_hdtree;initialize_hdtree;initialize_hdtree;initialize_hdtree;initialize_hdtree;initialize_hdtree;initialize_hdtree;edges_intersection
     0.25%     0.00%  c2d      c2d                   [.] initialize_hdtree
0.25% initialize_hdtree;initialize_hdtree;initialize_hdtree;initialize_hdtree;initialize_hdtree;initialize_hdtree;initialize_hdtree;initialize_hdtree;initialize_hdtree;initialize_hdtree;initialize_hdtree;initialize_hdtree;initialize_hdtree;initialize_hdtree;initialize_hdtree;initialize_hdtree;initialize_hdtree;initialize_hdtree;initialize_hdtree;initialize_hdtree;initialize_hdtree;initialize_hdtree;initialize_hdtree;initialize_hdtree;initialize_hdtree;initialize_hdtree;initialize_hdtree;initialize_hdtree;initialize_hdtree;initialize_hdtree;edges_intersection
     0.25%     0.25%  c2d      [kernel.kallsyms]     [k] next_uptodate_page
0.25% 0x7fd0dd1a58a8;0x7fd0dd17a075;0x7fd0dd1942f6;asm_exc_page_fault;exc_page_fault;do_user_addr_fault;handle_mm_fault;__handle_mm_fault;do_fault;filemap_map_pages;next_uptodate_page
     0.25%     0.00%  c2d      ld-linux-x86-64.so.2  [.] 0x00007fd0dd1942f6
0.25% 0x7fd0dd1942f6;asm_exc_page_fault;exc_page_fault;do_user_addr_fault;handle_mm_fault;__handle_mm_fault;do_fault;filemap_map_pages;next_uptodate_page
     0.25%     0.00%  c2d      [kernel.kallsyms]     [k] filemap_map_pages
0.25% filemap_map_pages;next_uptodate_page
     0.24%     0.24%  c2d      c2d                   [.] edges_union
0.24% 0x7fd0dcc4624a;main;cnf2ddnnf_cmd_line;load_hdtree_from_file;dtree_skeleton2hdtree;edges_union
     0.24%     0.00%  c2d      ld-linux-x86-64.so.2  [.] 0x00007fd0dd18f97a
0.24% 0x7fd0dd18f97a;0x7fd0dd179e71;asm_exc_page_fault;exc_page_fault;do_user_addr_fault;handle_mm_fault;__handle_mm_fault;vma_alloc_folio;__folio_alloc;__alloc_pages;get_page_from_freelist;clear_page_rep
     0.24%     0.00%  c2d      ld-linux-x86-64.so.2  [.] 0x00007fd0dd179e71
0.24% 0x7fd0dd179e71;asm_exc_page_fault;exc_page_fault;do_user_addr_fault;handle_mm_fault;__handle_mm_fault;vma_alloc_folio;__folio_alloc;__alloc_pages;get_page_from_freelist;clear_page_rep
     0.23%     0.23%  c2d      [kernel.kallsyms]     [k] aa_file_perm
0.23% 0;read;entry_SYSCALL_64_after_hwframe;do_syscall_64;ksys_read;vfs_read;security_file_permission;apparmor_file_permission;aa_file_perm
     0.23%     0.00%  c2d      [kernel.kallsyms]     [k] security_file_permission
0.23% security_file_permission;apparmor_file_permission;aa_file_perm
     0.23%     0.00%  c2d      [kernel.kallsyms]     [k] apparmor_file_permission
0.23% apparmor_file_permission;aa_file_perm
     0.22%     0.22%  c2d      [kernel.kallsyms]     [k] __page_set_anon_rmap
0.22% 0x7f7d7b0f3a97;entry_SYSCALL_64_after_hwframe;do_syscall_64;__x64_sys_execve;do_execveat_common.isra.0;bprm_execve;load_elf_binary;__put_user_nocheck_8;asm_exc_page_fault;exc_page_fault;do_user_addr_fault;handle_mm_fault;__handle_mm_fault;__page_set_anon_rmap
     0.22%     0.00%  c2d      [kernel.kallsyms]     [k] __put_user_nocheck_8
0.22% __put_user_nocheck_8;asm_exc_page_fault;exc_page_fault;do_user_addr_fault;handle_mm_fault;__handle_mm_fault;__page_set_anon_rmap
     0.18%     0.18%  c2d      libc.so.6             [.] 0x000000000006129c
0.18% 0x6b6e550a00642520;__isoc99_sscanf;0x7fd0dcc802a0
     0.18%     0.00%  c2d      [unknown]             [.] 0x6b6e550a00642520
0.18% 0x6b6e550a00642520;__isoc99_sscanf;0x7fd0dcc802a0
     0.18%     0.00%  c2d      libc.so.6             [.] __isoc99_sscanf
0.18% __isoc99_sscanf;0x7fd0dcc802a0
     0.18%     0.00%  c2d      libc.so.6             [.] 0x00007fd0dcc802a0
0.18% 0x7fd0dcc802a0
     0.16%     0.16%  c2d      [kernel.kallsyms]     [k] path_noexec
0.16% 0x7f7d7b0f3a97;entry_SYSCALL_64_after_hwframe;do_syscall_64;__x64_sys_execve;do_execveat_common.isra.0;bprm_execve;load_elf_binary;elf_map;vm_mmap_pgoff;do_mmap;path_noexec
     0.16%     0.00%  c2d      [kernel.kallsyms]     [k] elf_map
0.16% elf_map;vm_mmap_pgoff;do_mmap;path_noexec
     0.16%     0.00%  c2d      [kernel.kallsyms]     [k] vm_mmap_pgoff
0.16% vm_mmap_pgoff;do_mmap;path_noexec
     0.16%     0.00%  c2d      [kernel.kallsyms]     [k] do_mmap
0.16% do_mmap;path_noexec
     0.10%     0.10%  c2d      ld-linux-x86-64.so.2  [.] 0x0000000000008dd6
0.10% 0x7fd0dd17adda
     0.10%     0.00%  c2d      ld-linux-x86-64.so.2  [.] 0x00007fd0dd17adda
0.10% 0x7fd0dd17adda
     0.07%     0.07%  c2d      [kernel.kallsyms]     [k] apparmor_bprm_committed_creds
0.07% 0x7f7d7b0f3a97;entry_SYSCALL_64_after_hwframe;do_syscall_64;__x64_sys_execve;do_execveat_common.isra.0;bprm_execve;load_elf_binary;begin_new_exec;security_bprm_committed_creds;apparmor_bprm_committed_creds
     0.07%     0.00%  c2d      [kernel.kallsyms]     [k] begin_new_exec
0.07% begin_new_exec;security_bprm_committed_creds;apparmor_bprm_committed_creds
     0.07%     0.00%  c2d      [kernel.kallsyms]     [k] security_bprm_committed_creds
0.07% security_bprm_committed_creds;apparmor_bprm_committed_creds
     0.04%     0.00%  c2d      [xfs]                 [k] xfs_file_read_iter
0.03% xfs_file_read_iter;xfs_file_buffered_read;filemap_read
     0.04%     0.00%  c2d      [xfs]                 [k] xfs_file_buffered_read
0.03% xfs_file_buffered_read;filemap_read
     0.04%     0.03%  c2d      [kernel.kallsyms]     [k] filemap_read
0.03% 0;read;entry_SYSCALL_64_after_hwframe;do_syscall_64;ksys_read;vfs_read;xfs_file_read_iter;xfs_file_buffered_read;filemap_read
     0.02%     0.00%  perf-ex  [unknown]             [k] 0x00007f7d7b0f3a97
0.02% 0x7f7d7b0f3a97;entry_SYSCALL_64_after_hwframe;do_syscall_64;__x64_sys_execve;do_execveat_common.isra.0;bprm_execve;load_elf_binary;begin_new_exec;perf_event_exec;perf_lock_task_context;_raw_spin_lock
     0.02%     0.00%  perf-ex  [kernel.kallsyms]     [k] entry_SYSCALL_64_after_hwframe
0.02% entry_SYSCALL_64_after_hwframe;do_syscall_64;__x64_sys_execve;do_execveat_common.isra.0;bprm_execve;load_elf_binary;begin_new_exec;perf_event_exec;perf_lock_task_context;_raw_spin_lock
     0.02%     0.00%  perf-ex  [kernel.kallsyms]     [k] do_syscall_64
0.02% do_syscall_64;__x64_sys_execve;do_execveat_common.isra.0;bprm_execve;load_elf_binary;begin_new_exec;perf_event_exec;perf_lock_task_context;_raw_spin_lock
     0.02%     0.00%  perf-ex  [kernel.kallsyms]     [k] __x64_sys_execve
0.02% __x64_sys_execve;do_execveat_common.isra.0;bprm_execve;load_elf_binary;begin_new_exec;perf_event_exec;perf_lock_task_context;_raw_spin_lock
     0.02%     0.00%  perf-ex  [kernel.kallsyms]     [k] do_execveat_common.isra.0
0.02% do_execveat_common.isra.0;bprm_execve;load_elf_binary;begin_new_exec;perf_event_exec;perf_lock_task_context;_raw_spin_lock
     0.02%     0.00%  perf-ex  [kernel.kallsyms]     [k] bprm_execve
0.02% bprm_execve;load_elf_binary;begin_new_exec;perf_event_exec;perf_lock_task_context;_raw_spin_lock
     0.02%     0.00%  perf-ex  [kernel.kallsyms]     [k] load_elf_binary
0.02% load_elf_binary;begin_new_exec;perf_event_exec;perf_lock_task_context;_raw_spin_lock
     0.02%     0.00%  perf-ex  [kernel.kallsyms]     [k] begin_new_exec
0.02% begin_new_exec;perf_event_exec;perf_lock_task_context;_raw_spin_lock
     0.02%     0.00%  perf-ex  [kernel.kallsyms]     [k] perf_event_exec
0.02% perf_event_exec;perf_lock_task_context;_raw_spin_lock
     0.02%     0.02%  perf-ex  [kernel.kallsyms]     [k] _raw_spin_lock
0.02% 0x7f7d7b0f3a97;entry_SYSCALL_64_after_hwframe;do_syscall_64;__x64_sys_execve;do_execveat_common.isra.0;bprm_execve;load_elf_binary;begin_new_exec;perf_event_exec;perf_lock_task_context;_raw_spin_lock
     0.02%     0.00%  perf-ex  [kernel.kallsyms]     [k] perf_lock_task_context
0.02% perf_lock_task_context;_raw_spin_lock
     0.01%     0.01%  c2d      [kernel.kallsyms]     [k] finish_task_switch.isra.0
     0.01%     0.00%  c2d      [kernel.kallsyms]     [k] filemap_get_pages
     0.01%     0.00%  c2d      [kernel.kallsyms]     [k] folio_wait_bit_common
     0.01%     0.00%  c2d      [kernel.kallsyms]     [k] io_schedule
     0.01%     0.00%  c2d      [kernel.kallsyms]     [k] schedule
     0.01%     0.00%  c2d      [kernel.kallsyms]     [k] __schedule
     0.00%     0.00%  perf-ex  [kernel.kallsyms]     [k] native_write_msr
     0.00%     0.00%  perf-ex  [kernel.kallsyms]     [k] __intel_pmu_enable_all.constprop.0
     0.00%     0.00%  perf-ex  [kernel.kallsyms]     [k] fill_pmd
     0.00%     0.00%  c2d      [kernel.kallsyms]     [k] native_write_msr
     0.00%     0.00%  c2d      [kernel.kallsyms]     [k] __perf_event_task_sched_in
     0.00%     0.00%  c2d      [kernel.kallsyms]     [k] __intel_pmu_enable_all.constprop.0
     0.00%     0.00%  c2d      [kernel.kallsyms]     [k] fill_pud
     0.00%     0.00%  perf-ex  [kernel.kallsyms]     [k] nmi_handle
     0.00%     0.00%  c2d      [kernel.kallsyms]     [k] native_sched_clock


#
# (Tip: To see callchains in a more compact form: perf report -g folded)
#
